[0.068s] Invoking command in '/home/aajaer/microros_ws/build/builtin_interfaces': /usr/bin/cmake /home/aajaer/microros_ws/src/ros2/rcl_interfaces/builtin_interfaces -DCMAKE_INSTALL_PREFIX=/home/aajaer/microros_ws/install/builtin_interfaces
[0.145s] -- Found ament_cmake: 1.3.11 (/opt/ros/humble/share/ament_cmake/cmake)
[0.430s] -- Override CMake install command with custom implementation using symlinks instead of copying resources
[0.462s] -- Found rosidl_default_generators: 1.2.0 (/opt/ros/humble/share/rosidl_default_generators/cmake)
[0.469s] -- Using all available rosidl_typesupport_c: rosidl_typesupport_fastrtps_c;rosidl_typesupport_introspection_c
[0.476s] -- Found rosidl_adapter: 3.1.6 (/opt/ros/humble/share/rosidl_adapter/cmake)
[0.547s] -- Using all available rosidl_typesupport_cpp: rosidl_typesupport_fastrtps_cpp;rosidl_typesupport_introspection_cpp
[1.201s] -- Found ament_cmake_cppcheck: 0.12.11 (/opt/ros/humble/share/ament_cmake_cppcheck/cmake)
[1.204s] -- Found ament_cmake_cpplint: 0.12.11 (/opt/ros/humble/share/ament_cmake_cpplint/cmake)
[1.207s] -- Found ament_cmake_uncrustify: 0.12.11 (/opt/ros/humble/share/ament_cmake_uncrustify/cmake)
[1.211s] -- Found ament_cmake_ros: 0.10.0 (/opt/ros/humble/share/ament_cmake_ros/cmake)
[1.616s] -- Using all available rosidl_typesupport_c: rosidl_typesupport_fastrtps_c;rosidl_typesupport_introspection_c
[2.343s] -- Using all available rosidl_typesupport_cpp: rosidl_typesupport_fastrtps_cpp;rosidl_typesupport_introspection_cpp
[2.403s] -- Found python_cmake_module: 0.10.0 (/opt/ros/humble/share/python_cmake_module/cmake)
[2.457s] -- Using PYTHON_EXECUTABLE: /usr/bin/python3
[2.457s] -- Using PYTHON_INCLUDE_DIRS: /usr/include/python3.10
[2.457s] -- Using PYTHON_LIBRARIES: /usr/lib/aarch64-linux-gnu/libpython3.10.so
[2.491s] -- Found ament_cmake_flake8: 0.12.11 (/opt/ros/humble/share/ament_cmake_flake8/cmake)
[2.492s] -- Found ament_cmake_pep257: 0.12.11 (/opt/ros/humble/share/ament_cmake_pep257/cmake)
[2.537s] -- Configuring done
[2.645s] -- Generating done
[2.668s] -- Build files have been written to: /home/aajaer/microros_ws/build/builtin_interfaces
[2.717s] Invoked command in '/home/aajaer/microros_ws/build/builtin_interfaces' returned '0': /usr/bin/cmake /home/aajaer/microros_ws/src/ros2/rcl_interfaces/builtin_interfaces -DCMAKE_INSTALL_PREFIX=/home/aajaer/microros_ws/install/builtin_interfaces
[2.722s] Invoking command in '/home/aajaer/microros_ws/build/builtin_interfaces': /usr/bin/cmake --build /home/aajaer/microros_ws/build/builtin_interfaces -- -j8 -l8
[2.884s] [35m[1mConsolidate compiler generated dependencies of target builtin_interfaces__rosidl_generator_c[0m
[2.929s] [  2%] Built target builtin_interfaces__cpp
[2.950s] [ 12%] Built target builtin_interfaces__rosidl_generator_c
[2.980s] [35m[1mConsolidate compiler generated dependencies of target builtin_interfaces__rosidl_typesupport_fastrtps_cpp[0m
[2.997s] [ 15%] [34m[1mGenerating C++ type support dispatch for ROS interfaces[0m
[3.004s] [ 15%] Built target ament_cmake_python_symlink_builtin_interfaces
[3.019s] [35m[1mConsolidate compiler generated dependencies of target builtin_interfaces__rosidl_typesupport_introspection_cpp[0m
[3.030s] [ 25%] Built target builtin_interfaces__rosidl_typesupport_fastrtps_cpp
[3.076s] [35m[1mConsolidate compiler generated dependencies of target builtin_interfaces__rosidl_typesupport_fastrtps_c[0m
[3.093s] [ 35%] Built target builtin_interfaces__rosidl_typesupport_introspection_cpp
[3.109s] [35m[1mConsolidate compiler generated dependencies of target builtin_interfaces__rosidl_typesupport_introspection_c[0m
[3.145s] [ 38%] [34m[1mGenerating C type support dispatch for ROS interfaces[0m
[3.150s] [ 48%] Built target builtin_interfaces__rosidl_typesupport_fastrtps_c
[3.245s] [ 58%] Built target builtin_interfaces__rosidl_typesupport_introspection_c
[4.384s] running egg_info
[4.392s] writing builtin_interfaces.egg-info/PKG-INFO
[4.394s] writing dependency_links to builtin_interfaces.egg-info/dependency_links.txt
[4.395s] writing top-level names to builtin_interfaces.egg-info/top_level.txt
[4.403s] reading manifest file 'builtin_interfaces.egg-info/SOURCES.txt'
[4.413s] writing manifest file 'builtin_interfaces.egg-info/SOURCES.txt'
[4.446s] [35m[1mConsolidate compiler generated dependencies of target builtin_interfaces__rosidl_typesupport_cpp[0m
[4.522s] [ 61%] [32mBuilding CXX object CMakeFiles/builtin_interfaces__rosidl_typesupport_cpp.dir/rosidl_typesupport_cpp/builtin_interfaces/msg/duration__type_support.cpp.o[0m
[4.547s] [ 64%] [32mBuilding CXX object CMakeFiles/builtin_interfaces__rosidl_typesupport_cpp.dir/rosidl_typesupport_cpp/builtin_interfaces/msg/time__type_support.cpp.o[0m
[4.560s] [ 64%] Built target ament_cmake_python_build_builtin_interfaces_egg
[4.673s] [35m[1mConsolidate compiler generated dependencies of target builtin_interfaces__rosidl_typesupport_c[0m
[4.726s] [ 66%] [32mBuilding CXX object CMakeFiles/builtin_interfaces__rosidl_typesupport_c.dir/rosidl_typesupport_c/builtin_interfaces/msg/duration__type_support.cpp.o[0m
[4.756s] [ 69%] [32mBuilding CXX object CMakeFiles/builtin_interfaces__rosidl_typesupport_c.dir/rosidl_typesupport_c/builtin_interfaces/msg/time__type_support.cpp.o[0m
[4.925s] [ 71%] [32m[1mLinking CXX shared library libbuiltin_interfaces__rosidl_typesupport_c.so[0m
[5.168s] [ 71%] Built target builtin_interfaces__rosidl_typesupport_c
[5.654s] [ 74%] [32m[1mLinking CXX shared library libbuiltin_interfaces__rosidl_typesupport_cpp.so[0m
[5.742s] [ 74%] Built target builtin_interfaces__rosidl_typesupport_cpp
[5.804s] [ 74%] Built target builtin_interfaces
[5.861s] [ 76%] Built target builtin_interfaces__py
[5.882s] [35m[1mConsolidate compiler generated dependencies of target builtin_interfaces__rosidl_generator_py[0m
[5.911s] [ 79%] [32m[1mLinking C shared library rosidl_generator_py/builtin_interfaces/libbuiltin_interfaces__rosidl_generator_py.so[0m
[5.991s] [ 84%] Built target builtin_interfaces__rosidl_generator_py
[6.014s] [35m[1mConsolidate compiler generated dependencies of target builtin_interfaces__rosidl_typesupport_introspection_c__pyext[0m
[6.016s] [35m[1mConsolidate compiler generated dependencies of target builtin_interfaces__rosidl_typesupport_fastrtps_c__pyext[0m
[6.017s] [35m[1mConsolidate compiler generated dependencies of target builtin_interfaces__rosidl_typesupport_c__pyext[0m
[6.040s] [ 87%] [32m[1mLinking C shared library rosidl_generator_py/builtin_interfaces/builtin_interfaces_s__rosidl_typesupport_fastrtps_c.cpython-310-aarch64-linux-gnu.so[0m
[6.048s] [ 89%] [32mBuilding C object CMakeFiles/builtin_interfaces__rosidl_typesupport_introspection_c__pyext.dir/rosidl_generator_py/builtin_interfaces/_builtin_interfaces_s.ep.rosidl_typesupport_introspection_c.c.o[0m
[6.057s] [ 92%] [32m[1mLinking C shared library rosidl_generator_py/builtin_interfaces/builtin_interfaces_s__rosidl_typesupport_c.cpython-310-aarch64-linux-gnu.so[0m
[6.184s] [ 97%] Built target builtin_interfaces__rosidl_typesupport_fastrtps_c__pyext
[6.184s] [ 97%] Built target builtin_interfaces__rosidl_typesupport_c__pyext
[6.291s] [100%] [32m[1mLinking C shared library rosidl_generator_py/builtin_interfaces/builtin_interfaces_s__rosidl_typesupport_introspection_c.cpython-310-aarch64-linux-gnu.so[0m
[6.426s] [100%] Built target builtin_interfaces__rosidl_typesupport_introspection_c__pyext
[6.540s] Invoked command in '/home/aajaer/microros_ws/build/builtin_interfaces' returned '0': /usr/bin/cmake --build /home/aajaer/microros_ws/build/builtin_interfaces -- -j8 -l8
[6.541s] Invoking command in '/home/aajaer/microros_ws/build/builtin_interfaces': /usr/bin/cmake --install /home/aajaer/microros_ws/build/builtin_interfaces
[6.566s] -- Install configuration: ""
[6.567s] -- Execute custom install script
[6.569s] -- Up-to-date symlink: /home/aajaer/microros_ws/install/builtin_interfaces/share/ament_index/resource_index/rosidl_interfaces/builtin_interfaces
[6.571s] -- Up-to-date symlink: /home/aajaer/microros_ws/install/builtin_interfaces/include/builtin_interfaces/builtin_interfaces/msg/detail/duration__functions.h
[6.571s] -- Up-to-date symlink: /home/aajaer/microros_ws/install/builtin_interfaces/include/builtin_interfaces/builtin_interfaces/msg/detail/duration__struct.h
[6.572s] -- Up-to-date symlink: /home/aajaer/microros_ws/install/builtin_interfaces/include/builtin_interfaces/builtin_interfaces/msg/detail/duration__type_support.h
[6.572s] -- Up-to-date symlink: /home/aajaer/microros_ws/install/builtin_interfaces/include/builtin_interfaces/builtin_interfaces/msg/detail/time__functions.h
[6.573s] -- Up-to-date symlink: /home/aajaer/microros_ws/install/builtin_interfaces/include/builtin_interfaces/builtin_interfaces/msg/detail/time__struct.h
[6.574s] -- Up-to-date symlink: /home/aajaer/microros_ws/install/builtin_interfaces/include/builtin_interfaces/builtin_interfaces/msg/detail/time__type_support.h
[6.574s] -- Up-to-date symlink: /home/aajaer/microros_ws/install/builtin_interfaces/include/builtin_interfaces/builtin_interfaces/msg/duration.h
[6.574s] -- Up-to-date symlink: /home/aajaer/microros_ws/install/builtin_interfaces/include/builtin_interfaces/builtin_interfaces/msg/rosidl_generator_c__visibility_control.h
[6.575s] -- Up-to-date symlink: /home/aajaer/microros_ws/install/builtin_interfaces/include/builtin_interfaces/builtin_interfaces/msg/time.h
[6.576s] -- Up-to-date symlink: /home/aajaer/microros_ws/install/builtin_interfaces/share/builtin_interfaces/environment/library_path.sh
[6.576s] -- Up-to-date symlink: /home/aajaer/microros_ws/install/builtin_interfaces/share/builtin_interfaces/environment/library_path.dsv
[6.588s] -- Up-to-date symlink: /home/aajaer/microros_ws/install/builtin_interfaces/include/builtin_interfaces/builtin_interfaces/msg/detail/duration__rosidl_typesupport_fastrtps_c.h
[6.588s] -- Up-to-date symlink: /home/aajaer/microros_ws/install/builtin_interfaces/include/builtin_interfaces/builtin_interfaces/msg/detail/time__rosidl_typesupport_fastrtps_c.h
[6.588s] -- Up-to-date symlink: /home/aajaer/microros_ws/install/builtin_interfaces/include/builtin_interfaces/builtin_interfaces/msg/rosidl_typesupport_fastrtps_c__visibility_control.h
[6.590s] -- Up-to-date symlink: /home/aajaer/microros_ws/install/builtin_interfaces/include/builtin_interfaces/builtin_interfaces/msg/detail/duration__rosidl_typesupport_introspection_c.h
[6.590s] -- Up-to-date symlink: /home/aajaer/microros_ws/install/builtin_interfaces/include/builtin_interfaces/builtin_interfaces/msg/detail/time__rosidl_typesupport_introspection_c.h
[6.590s] -- Up-to-date symlink: /home/aajaer/microros_ws/install/builtin_interfaces/include/builtin_interfaces/builtin_interfaces/msg/rosidl_typesupport_introspection_c__visibility_control.h
[6.592s] -- Up-to-date symlink: /home/aajaer/microros_ws/install/builtin_interfaces/include/builtin_interfaces/builtin_interfaces/msg/detail/duration__builder.hpp
[6.592s] -- Up-to-date symlink: /home/aajaer/microros_ws/install/builtin_interfaces/include/builtin_interfaces/builtin_interfaces/msg/detail/duration__struct.hpp
[6.592s] -- Up-to-date symlink: /home/aajaer/microros_ws/install/builtin_interfaces/include/builtin_interfaces/builtin_interfaces/msg/detail/duration__traits.hpp
[6.593s] -- Up-to-date symlink: /home/aajaer/microros_ws/install/builtin_interfaces/include/builtin_interfaces/builtin_interfaces/msg/detail/duration__type_support.hpp
[6.593s] -- Up-to-date symlink: /home/aajaer/microros_ws/install/builtin_interfaces/include/builtin_interfaces/builtin_interfaces/msg/detail/time__builder.hpp
[6.594s] -- Up-to-date symlink: /home/aajaer/microros_ws/install/builtin_interfaces/include/builtin_interfaces/builtin_interfaces/msg/detail/time__struct.hpp
[6.594s] -- Up-to-date symlink: /home/aajaer/microros_ws/install/builtin_interfaces/include/builtin_interfaces/builtin_interfaces/msg/detail/time__traits.hpp
[6.595s] -- Up-to-date symlink: /home/aajaer/microros_ws/install/builtin_interfaces/include/builtin_interfaces/builtin_interfaces/msg/detail/time__type_support.hpp
[6.595s] -- Up-to-date symlink: /home/aajaer/microros_ws/install/builtin_interfaces/include/builtin_interfaces/builtin_interfaces/msg/duration.hpp
[6.596s] -- Up-to-date symlink: /home/aajaer/microros_ws/install/builtin_interfaces/include/builtin_interfaces/builtin_interfaces/msg/rosidl_generator_cpp__visibility_control.hpp
[6.596s] -- Up-to-date symlink: /home/aajaer/microros_ws/install/builtin_interfaces/include/builtin_interfaces/builtin_interfaces/msg/time.hpp
[6.600s] -- Up-to-date symlink: /home/aajaer/microros_ws/install/builtin_interfaces/include/builtin_interfaces/builtin_interfaces/msg/detail/duration__rosidl_typesupport_fastrtps_cpp.hpp
[6.600s] -- Up-to-date symlink: /home/aajaer/microros_ws/install/builtin_interfaces/include/builtin_interfaces/builtin_interfaces/msg/detail/time__rosidl_typesupport_fastrtps_cpp.hpp
[6.600s] -- Up-to-date symlink: /home/aajaer/microros_ws/install/builtin_interfaces/include/builtin_interfaces/builtin_interfaces/msg/rosidl_typesupport_fastrtps_cpp__visibility_control.h
[6.600s] -- Up-to-date symlink: /home/aajaer/microros_ws/install/builtin_interfaces/include/builtin_interfaces/builtin_interfaces/msg/detail/duration__rosidl_typesupport_introspection_cpp.hpp
[6.600s] -- Up-to-date symlink: /home/aajaer/microros_ws/install/builtin_interfaces/include/builtin_interfaces/builtin_interfaces/msg/detail/time__rosidl_typesupport_introspection_cpp.hpp
[6.601s] -- Up-to-date symlink: /home/aajaer/microros_ws/install/builtin_interfaces/share/builtin_interfaces/environment/pythonpath.sh
[6.601s] -- Up-to-date symlink: /home/aajaer/microros_ws/install/builtin_interfaces/share/builtin_interfaces/environment/pythonpath.dsv
[6.611s] -- Up-to-date symlink: /home/aajaer/microros_ws/install/builtin_interfaces/local/lib/python3.10/dist-packages/builtin_interfaces-1.2.1-py3.10.egg-info/PKG-INFO
[6.611s] -- Up-to-date symlink: /home/aajaer/microros_ws/install/builtin_interfaces/local/lib/python3.10/dist-packages/builtin_interfaces-1.2.1-py3.10.egg-info/SOURCES.txt
[6.611s] -- Up-to-date symlink: /home/aajaer/microros_ws/install/builtin_interfaces/local/lib/python3.10/dist-packages/builtin_interfaces-1.2.1-py3.10.egg-info/dependency_links.txt
[6.611s] -- Up-to-date symlink: /home/aajaer/microros_ws/install/builtin_interfaces/local/lib/python3.10/dist-packages/builtin_interfaces-1.2.1-py3.10.egg-info/top_level.txt
[6.611s] -- Up-to-date symlink: /home/aajaer/microros_ws/install/builtin_interfaces/local/lib/python3.10/dist-packages/builtin_interfaces/__init__.py
[6.611s] -- Up-to-date symlink: /home/aajaer/microros_ws/install/builtin_interfaces/local/lib/python3.10/dist-packages/builtin_interfaces/_builtin_interfaces_s.ep.rosidl_typesupport_c.c
[6.612s] -- Up-to-date symlink: /home/aajaer/microros_ws/install/builtin_interfaces/local/lib/python3.10/dist-packages/builtin_interfaces/_builtin_interfaces_s.ep.rosidl_typesupport_fastrtps_c.c
[6.612s] -- Up-to-date symlink: /home/aajaer/microros_ws/install/builtin_interfaces/local/lib/python3.10/dist-packages/builtin_interfaces/_builtin_interfaces_s.ep.rosidl_typesupport_introspection_c.c
[6.612s] -- Up-to-date symlink: /home/aajaer/microros_ws/install/builtin_interfaces/local/lib/python3.10/dist-packages/builtin_interfaces/_builtin_interfaces_s.ep.rosidl_typesupport_microxrcedds_c.c
[6.612s] -- Up-to-date symlink: /home/aajaer/microros_ws/install/builtin_interfaces/local/lib/python3.10/dist-packages/builtin_interfaces/builtin_interfaces_s__rosidl_typesupport_c.cpython-310-aarch64-linux-gnu.so
[6.613s] -- Up-to-date symlink: /home/aajaer/microros_ws/install/builtin_interfaces/local/lib/python3.10/dist-packages/builtin_interfaces/builtin_interfaces_s__rosidl_typesupport_fastrtps_c.cpython-310-aarch64-linux-gnu.so
[6.613s] -- Up-to-date symlink: /home/aajaer/microros_ws/install/builtin_interfaces/local/lib/python3.10/dist-packages/builtin_interfaces/builtin_interfaces_s__rosidl_typesupport_introspection_c.cpython-310-aarch64-linux-gnu.so
[6.613s] -- Up-to-date symlink: /home/aajaer/microros_ws/install/builtin_interfaces/local/lib/python3.10/dist-packages/builtin_interfaces/builtin_interfaces_s__rosidl_typesupport_microxrcedds_c.cpython-310-aarch64-linux-gnu.so
[6.614s] -- Up-to-date symlink: /home/aajaer/microros_ws/install/builtin_interfaces/local/lib/python3.10/dist-packages/builtin_interfaces/libbuiltin_interfaces__rosidl_generator_py.so
[6.614s] -- Up-to-date symlink: /home/aajaer/microros_ws/install/builtin_interfaces/local/lib/python3.10/dist-packages/builtin_interfaces/msg/__init__.py
[6.614s] -- Up-to-date symlink: /home/aajaer/microros_ws/install/builtin_interfaces/local/lib/python3.10/dist-packages/builtin_interfaces/msg/_duration.py
[6.615s] -- Up-to-date symlink: /home/aajaer/microros_ws/install/builtin_interfaces/local/lib/python3.10/dist-packages/builtin_interfaces/msg/_duration_s.c
[6.616s] -- Up-to-date symlink: /home/aajaer/microros_ws/install/builtin_interfaces/local/lib/python3.10/dist-packages/builtin_interfaces/msg/_time.py
[6.620s] -- Up-to-date symlink: /home/aajaer/microros_ws/install/builtin_interfaces/local/lib/python3.10/dist-packages/builtin_interfaces/msg/_time_s.c
[6.620s] -- Up-to-date symlink: /home/aajaer/microros_ws/install/builtin_interfaces/local/lib/python3.10/dist-packages/builtin_interfaces/builtin_interfaces_s__rosidl_typesupport_fastrtps_c.cpython-310-aarch64-linux-gnu.so
[6.620s] -- Up-to-date symlink: /home/aajaer/microros_ws/install/builtin_interfaces/local/lib/python3.10/dist-packages/builtin_interfaces/builtin_interfaces_s__rosidl_typesupport_introspection_c.cpython-310-aarch64-linux-gnu.so
[6.621s] -- Up-to-date symlink: /home/aajaer/microros_ws/install/builtin_interfaces/local/lib/python3.10/dist-packages/builtin_interfaces/builtin_interfaces_s__rosidl_typesupport_c.cpython-310-aarch64-linux-gnu.so
[6.622s] -- Up-to-date symlink: /home/aajaer/microros_ws/install/builtin_interfaces/share/builtin_interfaces/msg/Duration.idl
[6.622s] -- Up-to-date symlink: /home/aajaer/microros_ws/install/builtin_interfaces/share/builtin_interfaces/msg/Time.idl
[6.635s] -- Up-to-date symlink: /home/aajaer/microros_ws/install/builtin_interfaces/share/builtin_interfaces/msg/Duration.msg
[6.636s] -- Up-to-date symlink: /home/aajaer/microros_ws/install/builtin_interfaces/share/builtin_interfaces/msg/Time.msg
[6.637s] -- Up-to-date symlink: /home/aajaer/microros_ws/install/builtin_interfaces/share/ament_index/resource_index/package_run_dependencies/builtin_interfaces
[6.637s] -- Up-to-date symlink: /home/aajaer/microros_ws/install/builtin_interfaces/share/ament_index/resource_index/parent_prefix_path/builtin_interfaces
[6.644s] -- Up-to-date symlink: /home/aajaer/microros_ws/install/builtin_interfaces/share/builtin_interfaces/environment/ament_prefix_path.sh
[6.644s] -- Up-to-date symlink: /home/aajaer/microros_ws/install/builtin_interfaces/share/builtin_interfaces/environment/ament_prefix_path.dsv
[6.644s] -- Up-to-date symlink: /home/aajaer/microros_ws/install/builtin_interfaces/share/builtin_interfaces/environment/path.sh
[6.644s] -- Up-to-date symlink: /home/aajaer/microros_ws/install/builtin_interfaces/share/builtin_interfaces/environment/path.dsv
[6.644s] -- Up-to-date symlink: /home/aajaer/microros_ws/install/builtin_interfaces/share/builtin_interfaces/local_setup.bash
[6.644s] -- Up-to-date symlink: /home/aajaer/microros_ws/install/builtin_interfaces/share/builtin_interfaces/local_setup.sh
[6.645s] -- Up-to-date symlink: /home/aajaer/microros_ws/install/builtin_interfaces/share/builtin_interfaces/local_setup.zsh
[6.645s] -- Up-to-date symlink: /home/aajaer/microros_ws/install/builtin_interfaces/share/builtin_interfaces/local_setup.dsv
[6.645s] -- Symlinking: /home/aajaer/microros_ws/install/builtin_interfaces/share/builtin_interfaces/package.dsv
[6.695s] -- Up-to-date symlink: /home/aajaer/microros_ws/install/builtin_interfaces/share/ament_index/resource_index/packages/builtin_interfaces
[6.695s] -- Up-to-date symlink: /home/aajaer/microros_ws/install/builtin_interfaces/share/builtin_interfaces/cmake/rosidl_cmake-extras.cmake
[6.695s] -- Up-to-date symlink: /home/aajaer/microros_ws/install/builtin_interfaces/share/builtin_interfaces/cmake/ament_cmake_export_include_directories-extras.cmake
[6.695s] -- Up-to-date symlink: /home/aajaer/microros_ws/install/builtin_interfaces/share/builtin_interfaces/cmake/ament_cmake_export_libraries-extras.cmake
[6.696s] -- Up-to-date symlink: /home/aajaer/microros_ws/install/builtin_interfaces/share/builtin_interfaces/cmake/ament_cmake_export_targets-extras.cmake
[6.696s] -- Up-to-date symlink: /home/aajaer/microros_ws/install/builtin_interfaces/share/builtin_interfaces/cmake/rosidl_cmake_export_typesupport_targets-extras.cmake
[6.696s] -- Up-to-date symlink: /home/aajaer/microros_ws/install/builtin_interfaces/share/builtin_interfaces/cmake/ament_cmake_export_dependencies-extras.cmake
[6.696s] -- Up-to-date symlink: /home/aajaer/microros_ws/install/builtin_interfaces/share/builtin_interfaces/cmake/rosidl_cmake_export_typesupport_libraries-extras.cmake
[6.696s] -- Up-to-date symlink: /home/aajaer/microros_ws/install/builtin_interfaces/share/builtin_interfaces/cmake/builtin_interfacesConfig.cmake
[6.696s] -- Up-to-date symlink: /home/aajaer/microros_ws/install/builtin_interfaces/share/builtin_interfaces/cmake/builtin_interfacesConfig-version.cmake
[6.696s] -- Up-to-date symlink: /home/aajaer/microros_ws/install/builtin_interfaces/share/builtin_interfaces/package.xml
[6.697s] -- Up-to-date: /home/aajaer/microros_ws/install/builtin_interfaces/lib/libbuiltin_interfaces__rosidl_generator_c.so
[6.698s] -- Up-to-date: /home/aajaer/microros_ws/install/builtin_interfaces/lib/libbuiltin_interfaces__rosidl_typesupport_fastrtps_c.so
[6.698s] -- Up-to-date: /home/aajaer/microros_ws/install/builtin_interfaces/lib/libbuiltin_interfaces__rosidl_typesupport_introspection_c.so
[6.698s] -- Installing: /home/aajaer/microros_ws/install/builtin_interfaces/lib/libbuiltin_interfaces__rosidl_typesupport_c.so
[6.699s] -- Set runtime path of "/home/aajaer/microros_ws/install/builtin_interfaces/lib/libbuiltin_interfaces__rosidl_typesupport_c.so" to ""
[6.699s] -- Up-to-date: /home/aajaer/microros_ws/install/builtin_interfaces/lib/libbuiltin_interfaces__rosidl_typesupport_fastrtps_cpp.so
[6.699s] -- Up-to-date: /home/aajaer/microros_ws/install/builtin_interfaces/lib/libbuiltin_interfaces__rosidl_typesupport_introspection_cpp.so
[6.700s] -- Installing: /home/aajaer/microros_ws/install/builtin_interfaces/lib/libbuiltin_interfaces__rosidl_typesupport_cpp.so
[6.701s] -- Set runtime path of "/home/aajaer/microros_ws/install/builtin_interfaces/lib/libbuiltin_interfaces__rosidl_typesupport_cpp.so" to ""
[6.889s] Listing '/home/aajaer/microros_ws/install/builtin_interfaces/local/lib/python3.10/dist-packages/builtin_interfaces'...
[6.889s] Compiling '/home/aajaer/microros_ws/install/builtin_interfaces/local/lib/python3.10/dist-packages/builtin_interfaces/__init__.py'...
[6.889s] Listing '/home/aajaer/microros_ws/install/builtin_interfaces/local/lib/python3.10/dist-packages/builtin_interfaces/msg'...
[6.926s] -- Installing: /home/aajaer/microros_ws/install/builtin_interfaces/lib/libbuiltin_interfaces__rosidl_generator_py.so
[6.927s] -- Set runtime path of "/home/aajaer/microros_ws/install/builtin_interfaces/lib/libbuiltin_interfaces__rosidl_generator_py.so" to ""
[6.928s] -- Up-to-date: /home/aajaer/microros_ws/install/builtin_interfaces/share/builtin_interfaces/cmake/export_builtin_interfaces__rosidl_generator_cExport.cmake
[6.928s] -- Up-to-date: /home/aajaer/microros_ws/install/builtin_interfaces/share/builtin_interfaces/cmake/export_builtin_interfaces__rosidl_generator_cExport-noconfig.cmake
[6.928s] -- Up-to-date: /home/aajaer/microros_ws/install/builtin_interfaces/share/builtin_interfaces/cmake/export_builtin_interfaces__rosidl_typesupport_fastrtps_cExport.cmake
[6.928s] -- Up-to-date: /home/aajaer/microros_ws/install/builtin_interfaces/share/builtin_interfaces/cmake/export_builtin_interfaces__rosidl_typesupport_fastrtps_cExport-noconfig.cmake
[6.929s] -- Up-to-date: /home/aajaer/microros_ws/install/builtin_interfaces/share/builtin_interfaces/cmake/builtin_interfaces__rosidl_typesupport_introspection_cExport.cmake
[6.929s] -- Up-to-date: /home/aajaer/microros_ws/install/builtin_interfaces/share/builtin_interfaces/cmake/builtin_interfaces__rosidl_typesupport_introspection_cExport-noconfig.cmake
[6.929s] -- Up-to-date: /home/aajaer/microros_ws/install/builtin_interfaces/share/builtin_interfaces/cmake/builtin_interfaces__rosidl_typesupport_cExport.cmake
[6.930s] -- Up-to-date: /home/aajaer/microros_ws/install/builtin_interfaces/share/builtin_interfaces/cmake/builtin_interfaces__rosidl_typesupport_cExport-noconfig.cmake
[6.930s] -- Up-to-date: /home/aajaer/microros_ws/install/builtin_interfaces/share/builtin_interfaces/cmake/export_builtin_interfaces__rosidl_generator_cppExport.cmake
[6.930s] -- Up-to-date: /home/aajaer/microros_ws/install/builtin_interfaces/share/builtin_interfaces/cmake/export_builtin_interfaces__rosidl_typesupport_fastrtps_cppExport.cmake
[6.931s] -- Up-to-date: /home/aajaer/microros_ws/install/builtin_interfaces/share/builtin_interfaces/cmake/export_builtin_interfaces__rosidl_typesupport_fastrtps_cppExport-noconfig.cmake
[6.931s] -- Up-to-date: /home/aajaer/microros_ws/install/builtin_interfaces/share/builtin_interfaces/cmake/builtin_interfaces__rosidl_typesupport_introspection_cppExport.cmake
[6.931s] -- Up-to-date: /home/aajaer/microros_ws/install/builtin_interfaces/share/builtin_interfaces/cmake/builtin_interfaces__rosidl_typesupport_introspection_cppExport-noconfig.cmake
[6.932s] -- Up-to-date: /home/aajaer/microros_ws/install/builtin_interfaces/share/builtin_interfaces/cmake/builtin_interfaces__rosidl_typesupport_cppExport.cmake
[6.932s] -- Up-to-date: /home/aajaer/microros_ws/install/builtin_interfaces/share/builtin_interfaces/cmake/builtin_interfaces__rosidl_typesupport_cppExport-noconfig.cmake
[6.939s] -- Up-to-date: /home/aajaer/microros_ws/install/builtin_interfaces/share/builtin_interfaces/cmake/export_builtin_interfaces__rosidl_generator_pyExport.cmake
[6.939s] -- Up-to-date: /home/aajaer/microros_ws/install/builtin_interfaces/share/builtin_interfaces/cmake/export_builtin_interfaces__rosidl_generator_pyExport-noconfig.cmake
[6.943s] Invoked command in '/home/aajaer/microros_ws/build/builtin_interfaces' returned '0': /usr/bin/cmake --install /home/aajaer/microros_ws/build/builtin_interfaces
