[0.096s] Invoking command in '/home/aajaer/microros_ws/build/unique_identifier_msgs': CMAKE_PREFIX_PATH=${CMAKE_PREFIX_PATH}:/home/aajaer/microros_ws/install/sensor_msgs_py:/home/aajaer/microros_ws/install/motor_control_pkg /usr/bin/cmake --build /home/aajaer/microros_ws/build/unique_identifier_msgs -- -j8 -l8
[0.406s] [  7%] Built target unique_identifier_msgs__rosidl_generator_c
[0.432s] [ 10%] Built target unique_identifier_msgs__cpp
[0.480s] [ 10%] Built target ament_cmake_python_symlink_unique_identifier_msgs
[0.597s] [ 17%] Built target unique_identifier_msgs__rosidl_typesupport_microxrcedds_c
[0.669s] [ 25%] Built target unique_identifier_msgs__rosidl_typesupport_fastrtps_c
[0.676s] [ 33%] Built target unique_identifier_msgs__rosidl_typesupport_introspection_c
[0.692s] [ 41%] Built target unique_identifier_msgs__rosidl_typesupport_c
[0.738s] [ 48%] Built target unique_identifier_msgs__rosidl_typesupport_introspection_cpp
[0.747s] [ 56%] Built target unique_identifier_msgs__rosidl_typesupport_cpp
[0.759s] [ 64%] Built target unique_identifier_msgs__rosidl_typesupport_microxrcedds_cpp
[0.789s] [ 71%] Built target unique_identifier_msgs__rosidl_typesupport_fastrtps_cpp
[0.861s] [ 71%] Built target unique_identifier_msgs
[0.989s] [ 74%] Built target unique_identifier_msgs__py
[1.042s] [ 79%] Built target unique_identifier_msgs__rosidl_generator_py
[1.172s] [ 84%] Built target unique_identifier_msgs__rosidl_typesupport_microxrcedds_c__pyext
[1.182s] [ 89%] Built target unique_identifier_msgs__rosidl_typesupport_fastrtps_c__pyext
[1.182s] [ 94%] Built target unique_identifier_msgs__rosidl_typesupport_introspection_c__pyext
[1.214s] [100%] Built target unique_identifier_msgs__rosidl_typesupport_c__pyext
[1.729s] running egg_info
[1.731s] writing unique_identifier_msgs.egg-info/PKG-INFO
[1.732s] writing dependency_links to unique_identifier_msgs.egg-info/dependency_links.txt
[1.733s] writing top-level names to unique_identifier_msgs.egg-info/top_level.txt
[1.744s] reading manifest file 'unique_identifier_msgs.egg-info/SOURCES.txt'
[1.747s] writing manifest file 'unique_identifier_msgs.egg-info/SOURCES.txt'
[1.901s] [100%] Built target ament_cmake_python_build_unique_identifier_msgs_egg
[1.911s] Invoked command in '/home/aajaer/microros_ws/build/unique_identifier_msgs' returned '0': CMAKE_PREFIX_PATH=${CMAKE_PREFIX_PATH}:/home/aajaer/microros_ws/install/sensor_msgs_py:/home/aajaer/microros_ws/install/motor_control_pkg /usr/bin/cmake --build /home/aajaer/microros_ws/build/unique_identifier_msgs -- -j8 -l8
[1.914s] Invoking command in '/home/aajaer/microros_ws/build/unique_identifier_msgs': CMAKE_PREFIX_PATH=${CMAKE_PREFIX_PATH}:/home/aajaer/microros_ws/install/sensor_msgs_py:/home/aajaer/microros_ws/install/motor_control_pkg /usr/bin/cmake --install /home/aajaer/microros_ws/build/unique_identifier_msgs
[1.923s] -- Install configuration: ""
[1.923s] -- Execute custom install script
[1.923s] -- Up-to-date symlink: /home/aajaer/microros_ws/install/unique_identifier_msgs/share/ament_index/resource_index/rosidl_interfaces/unique_identifier_msgs
[1.924s] -- Up-to-date symlink: /home/aajaer/microros_ws/install/unique_identifier_msgs/include/unique_identifier_msgs/unique_identifier_msgs/msg/detail/uuid__functions.h
[1.924s] -- Up-to-date symlink: /home/aajaer/microros_ws/install/unique_identifier_msgs/include/unique_identifier_msgs/unique_identifier_msgs/msg/detail/uuid__struct.h
[1.924s] -- Up-to-date symlink: /home/aajaer/microros_ws/install/unique_identifier_msgs/include/unique_identifier_msgs/unique_identifier_msgs/msg/detail/uuid__type_support.h
[1.925s] -- Up-to-date symlink: /home/aajaer/microros_ws/install/unique_identifier_msgs/include/unique_identifier_msgs/unique_identifier_msgs/msg/rosidl_generator_c__visibility_control.h
[1.925s] -- Up-to-date symlink: /home/aajaer/microros_ws/install/unique_identifier_msgs/include/unique_identifier_msgs/unique_identifier_msgs/msg/uuid.h
[1.925s] -- Up-to-date symlink: /home/aajaer/microros_ws/install/unique_identifier_msgs/share/unique_identifier_msgs/environment/library_path.sh
[1.925s] -- Up-to-date symlink: /home/aajaer/microros_ws/install/unique_identifier_msgs/share/unique_identifier_msgs/environment/library_path.dsv
[1.925s] -- Up-to-date symlink: /home/aajaer/microros_ws/install/unique_identifier_msgs/include/unique_identifier_msgs/msg/detail/uuid__rosidl_typesupport_microxrcedds_c.h
[1.925s] -- Up-to-date symlink: /home/aajaer/microros_ws/install/unique_identifier_msgs/include/unique_identifier_msgs/msg/rosidl_typesupport_microxrcedds_c__visibility_control.h
[1.926s] -- Up-to-date symlink: /home/aajaer/microros_ws/install/unique_identifier_msgs/lib/libunique_identifier_msgs__rosidl_typesupport_microxrcedds_c.a
[1.926s] -- Up-to-date symlink: /home/aajaer/microros_ws/install/unique_identifier_msgs/include/unique_identifier_msgs/unique_identifier_msgs/msg/detail/uuid__rosidl_typesupport_fastrtps_c.h
[1.926s] -- Up-to-date symlink: /home/aajaer/microros_ws/install/unique_identifier_msgs/include/unique_identifier_msgs/unique_identifier_msgs/msg/rosidl_typesupport_fastrtps_c__visibility_control.h
[1.927s] -- Up-to-date symlink: /home/aajaer/microros_ws/install/unique_identifier_msgs/include/unique_identifier_msgs/unique_identifier_msgs/msg/detail/uuid__rosidl_typesupport_introspection_c.h
[1.927s] -- Up-to-date symlink: /home/aajaer/microros_ws/install/unique_identifier_msgs/include/unique_identifier_msgs/unique_identifier_msgs/msg/rosidl_typesupport_introspection_c__visibility_control.h
[1.927s] -- Up-to-date symlink: /home/aajaer/microros_ws/install/unique_identifier_msgs/include/unique_identifier_msgs/unique_identifier_msgs/msg/detail/uuid__builder.hpp
[1.928s] -- Up-to-date symlink: /home/aajaer/microros_ws/install/unique_identifier_msgs/include/unique_identifier_msgs/unique_identifier_msgs/msg/detail/uuid__struct.hpp
[1.928s] -- Up-to-date symlink: /home/aajaer/microros_ws/install/unique_identifier_msgs/include/unique_identifier_msgs/unique_identifier_msgs/msg/detail/uuid__traits.hpp
[1.928s] -- Up-to-date symlink: /home/aajaer/microros_ws/install/unique_identifier_msgs/include/unique_identifier_msgs/unique_identifier_msgs/msg/detail/uuid__type_support.hpp
[1.928s] -- Up-to-date symlink: /home/aajaer/microros_ws/install/unique_identifier_msgs/include/unique_identifier_msgs/unique_identifier_msgs/msg/rosidl_generator_cpp__visibility_control.hpp
[1.928s] -- Up-to-date symlink: /home/aajaer/microros_ws/install/unique_identifier_msgs/include/unique_identifier_msgs/unique_identifier_msgs/msg/uuid.hpp
[1.929s] -- Up-to-date symlink: /home/aajaer/microros_ws/install/unique_identifier_msgs/include/unique_identifier_msgs/msg/detail/microxrcedds/uuid__type_support_cpp.cpp
[1.929s] -- Up-to-date symlink: /home/aajaer/microros_ws/install/unique_identifier_msgs/include/unique_identifier_msgs/msg/detail/uuid__rosidl_typesupport_microxrcedds_cpp.hpp
[1.929s] -- Up-to-date symlink: /home/aajaer/microros_ws/install/unique_identifier_msgs/include/unique_identifier_msgs/msg/rosidl_typesupport_microxrcedds_cpp__visibility_control.h
[1.929s] -- Up-to-date symlink: /home/aajaer/microros_ws/install/unique_identifier_msgs/lib/libunique_identifier_msgs__rosidl_typesupport_microxrcedds_cpp.a
[1.930s] -- Up-to-date symlink: /home/aajaer/microros_ws/install/unique_identifier_msgs/include/unique_identifier_msgs/unique_identifier_msgs/msg/detail/uuid__rosidl_typesupport_fastrtps_cpp.hpp
[1.931s] -- Up-to-date symlink: /home/aajaer/microros_ws/install/unique_identifier_msgs/include/unique_identifier_msgs/unique_identifier_msgs/msg/rosidl_typesupport_fastrtps_cpp__visibility_control.h
[1.932s] -- Up-to-date symlink: /home/aajaer/microros_ws/install/unique_identifier_msgs/include/unique_identifier_msgs/unique_identifier_msgs/msg/detail/uuid__rosidl_typesupport_introspection_cpp.hpp
[1.932s] -- Up-to-date symlink: /home/aajaer/microros_ws/install/unique_identifier_msgs/share/unique_identifier_msgs/environment/pythonpath.sh
[1.933s] -- Up-to-date symlink: /home/aajaer/microros_ws/install/unique_identifier_msgs/share/unique_identifier_msgs/environment/pythonpath.dsv
[1.934s] -- Up-to-date symlink: /home/aajaer/microros_ws/install/unique_identifier_msgs/local/lib/python3.10/dist-packages/unique_identifier_msgs-2.2.1-py3.10.egg-info/PKG-INFO
[1.934s] -- Up-to-date symlink: /home/aajaer/microros_ws/install/unique_identifier_msgs/local/lib/python3.10/dist-packages/unique_identifier_msgs-2.2.1-py3.10.egg-info/SOURCES.txt
[1.935s] -- Up-to-date symlink: /home/aajaer/microros_ws/install/unique_identifier_msgs/local/lib/python3.10/dist-packages/unique_identifier_msgs-2.2.1-py3.10.egg-info/dependency_links.txt
[1.935s] -- Up-to-date symlink: /home/aajaer/microros_ws/install/unique_identifier_msgs/local/lib/python3.10/dist-packages/unique_identifier_msgs-2.2.1-py3.10.egg-info/top_level.txt
[1.937s] -- Up-to-date symlink: /home/aajaer/microros_ws/install/unique_identifier_msgs/local/lib/python3.10/dist-packages/unique_identifier_msgs/__init__.py
[1.937s] -- Up-to-date symlink: /home/aajaer/microros_ws/install/unique_identifier_msgs/local/lib/python3.10/dist-packages/unique_identifier_msgs/_unique_identifier_msgs_s.ep.rosidl_typesupport_c.c
[1.937s] -- Up-to-date symlink: /home/aajaer/microros_ws/install/unique_identifier_msgs/local/lib/python3.10/dist-packages/unique_identifier_msgs/_unique_identifier_msgs_s.ep.rosidl_typesupport_fastrtps_c.c
[1.938s] -- Up-to-date symlink: /home/aajaer/microros_ws/install/unique_identifier_msgs/local/lib/python3.10/dist-packages/unique_identifier_msgs/_unique_identifier_msgs_s.ep.rosidl_typesupport_introspection_c.c
[1.939s] -- Up-to-date symlink: /home/aajaer/microros_ws/install/unique_identifier_msgs/local/lib/python3.10/dist-packages/unique_identifier_msgs/_unique_identifier_msgs_s.ep.rosidl_typesupport_microxrcedds_c.c
[1.939s] -- Up-to-date symlink: /home/aajaer/microros_ws/install/unique_identifier_msgs/local/lib/python3.10/dist-packages/unique_identifier_msgs/libunique_identifier_msgs__rosidl_generator_py.so
[1.939s] -- Up-to-date symlink: /home/aajaer/microros_ws/install/unique_identifier_msgs/local/lib/python3.10/dist-packages/unique_identifier_msgs/msg/__init__.py
[1.939s] -- Up-to-date symlink: /home/aajaer/microros_ws/install/unique_identifier_msgs/local/lib/python3.10/dist-packages/unique_identifier_msgs/msg/_uuid.py
[1.940s] -- Up-to-date symlink: /home/aajaer/microros_ws/install/unique_identifier_msgs/local/lib/python3.10/dist-packages/unique_identifier_msgs/msg/_uuid_s.c
[1.940s] -- Up-to-date symlink: /home/aajaer/microros_ws/install/unique_identifier_msgs/local/lib/python3.10/dist-packages/unique_identifier_msgs/unique_identifier_msgs_s__rosidl_typesupport_c.cpython-310-aarch64-linux-gnu.so
[1.941s] -- Up-to-date symlink: /home/aajaer/microros_ws/install/unique_identifier_msgs/local/lib/python3.10/dist-packages/unique_identifier_msgs/unique_identifier_msgs_s__rosidl_typesupport_fastrtps_c.cpython-310-aarch64-linux-gnu.so
[1.941s] -- Up-to-date symlink: /home/aajaer/microros_ws/install/unique_identifier_msgs/local/lib/python3.10/dist-packages/unique_identifier_msgs/unique_identifier_msgs_s__rosidl_typesupport_introspection_c.cpython-310-aarch64-linux-gnu.so
[1.941s] -- Up-to-date symlink: /home/aajaer/microros_ws/install/unique_identifier_msgs/local/lib/python3.10/dist-packages/unique_identifier_msgs/unique_identifier_msgs_s__rosidl_typesupport_microxrcedds_c.cpython-310-aarch64-linux-gnu.so
[1.942s] -- Up-to-date symlink: /home/aajaer/microros_ws/install/unique_identifier_msgs/local/lib/python3.10/dist-packages/unique_identifier_msgs/unique_identifier_msgs_s__rosidl_typesupport_microxrcedds_c.cpython-310-aarch64-linux-gnu.so
[1.942s] -- Up-to-date symlink: /home/aajaer/microros_ws/install/unique_identifier_msgs/local/lib/python3.10/dist-packages/unique_identifier_msgs/unique_identifier_msgs_s__rosidl_typesupport_fastrtps_c.cpython-310-aarch64-linux-gnu.so
[1.943s] -- Up-to-date symlink: /home/aajaer/microros_ws/install/unique_identifier_msgs/local/lib/python3.10/dist-packages/unique_identifier_msgs/unique_identifier_msgs_s__rosidl_typesupport_introspection_c.cpython-310-aarch64-linux-gnu.so
[1.943s] -- Up-to-date symlink: /home/aajaer/microros_ws/install/unique_identifier_msgs/local/lib/python3.10/dist-packages/unique_identifier_msgs/unique_identifier_msgs_s__rosidl_typesupport_c.cpython-310-aarch64-linux-gnu.so
[1.944s] -- Up-to-date symlink: /home/aajaer/microros_ws/install/unique_identifier_msgs/share/unique_identifier_msgs/msg/UUID.idl
[1.944s] -- Up-to-date symlink: /home/aajaer/microros_ws/install/unique_identifier_msgs/share/unique_identifier_msgs/msg/UUID.msg
[1.945s] -- Up-to-date symlink: /home/aajaer/microros_ws/install/unique_identifier_msgs/share/ament_index/resource_index/package_run_dependencies/unique_identifier_msgs
[1.946s] -- Up-to-date symlink: /home/aajaer/microros_ws/install/unique_identifier_msgs/share/ament_index/resource_index/parent_prefix_path/unique_identifier_msgs
[1.947s] -- Up-to-date symlink: /home/aajaer/microros_ws/install/unique_identifier_msgs/share/unique_identifier_msgs/environment/ament_prefix_path.sh
[1.947s] -- Up-to-date symlink: /home/aajaer/microros_ws/install/unique_identifier_msgs/share/unique_identifier_msgs/environment/ament_prefix_path.dsv
[1.948s] -- Up-to-date symlink: /home/aajaer/microros_ws/install/unique_identifier_msgs/share/unique_identifier_msgs/environment/path.sh
[1.948s] -- Up-to-date symlink: /home/aajaer/microros_ws/install/unique_identifier_msgs/share/unique_identifier_msgs/environment/path.dsv
[1.948s] -- Up-to-date symlink: /home/aajaer/microros_ws/install/unique_identifier_msgs/share/unique_identifier_msgs/local_setup.bash
[1.949s] -- Up-to-date symlink: /home/aajaer/microros_ws/install/unique_identifier_msgs/share/unique_identifier_msgs/local_setup.sh
[1.949s] -- Up-to-date symlink: /home/aajaer/microros_ws/install/unique_identifier_msgs/share/unique_identifier_msgs/local_setup.zsh
[1.949s] -- Up-to-date symlink: /home/aajaer/microros_ws/install/unique_identifier_msgs/share/unique_identifier_msgs/local_setup.dsv
[1.950s] -- Symlinking: /home/aajaer/microros_ws/install/unique_identifier_msgs/share/unique_identifier_msgs/package.dsv
[1.985s] -- Up-to-date symlink: /home/aajaer/microros_ws/install/unique_identifier_msgs/share/ament_index/resource_index/packages/unique_identifier_msgs
[1.986s] -- Up-to-date symlink: /home/aajaer/microros_ws/install/unique_identifier_msgs/share/unique_identifier_msgs/cmake/rosidl_cmake-extras.cmake
[1.986s] -- Up-to-date symlink: /home/aajaer/microros_ws/install/unique_identifier_msgs/share/unique_identifier_msgs/cmake/ament_cmake_export_include_directories-extras.cmake
[1.986s] -- Up-to-date symlink: /home/aajaer/microros_ws/install/unique_identifier_msgs/share/unique_identifier_msgs/cmake/ament_cmake_export_libraries-extras.cmake
[1.986s] -- Up-to-date symlink: /home/aajaer/microros_ws/install/unique_identifier_msgs/share/unique_identifier_msgs/cmake/ament_cmake_export_targets-extras.cmake
[1.987s] -- Up-to-date symlink: /home/aajaer/microros_ws/install/unique_identifier_msgs/share/unique_identifier_msgs/cmake/rosidl_cmake_export_typesupport_targets-extras.cmake
[1.987s] -- Up-to-date symlink: /home/aajaer/microros_ws/install/unique_identifier_msgs/share/unique_identifier_msgs/cmake/ament_cmake_export_dependencies-extras.cmake
[1.988s] -- Up-to-date symlink: /home/aajaer/microros_ws/install/unique_identifier_msgs/share/unique_identifier_msgs/cmake/rosidl_cmake_export_typesupport_libraries-extras.cmake
[1.991s] -- Up-to-date symlink: /home/aajaer/microros_ws/install/unique_identifier_msgs/share/unique_identifier_msgs/cmake/unique_identifier_msgsConfig.cmake
[1.991s] -- Up-to-date symlink: /home/aajaer/microros_ws/install/unique_identifier_msgs/share/unique_identifier_msgs/cmake/unique_identifier_msgsConfig-version.cmake
[1.992s] -- Up-to-date symlink: /home/aajaer/microros_ws/install/unique_identifier_msgs/share/unique_identifier_msgs/package.xml
[1.993s] -- Up-to-date symlink: /home/aajaer/microros_ws/install/unique_identifier_msgs/share/unique_identifier_msgs/mapping_rules.yaml
[1.994s] -- Up-to-date: /home/aajaer/microros_ws/install/unique_identifier_msgs/lib/libunique_identifier_msgs__rosidl_generator_c.so
[1.996s] -- Up-to-date: /home/aajaer/microros_ws/install/unique_identifier_msgs/lib/libunique_identifier_msgs__rosidl_typesupport_fastrtps_c.so
[1.998s] -- Up-to-date: /home/aajaer/microros_ws/install/unique_identifier_msgs/lib/libunique_identifier_msgs__rosidl_typesupport_introspection_c.so
[1.999s] -- Up-to-date: /home/aajaer/microros_ws/install/unique_identifier_msgs/lib/libunique_identifier_msgs__rosidl_typesupport_c.so
[1.999s] -- Up-to-date: /home/aajaer/microros_ws/install/unique_identifier_msgs/lib/libunique_identifier_msgs__rosidl_typesupport_fastrtps_cpp.so
[1.999s] -- Up-to-date: /home/aajaer/microros_ws/install/unique_identifier_msgs/lib/libunique_identifier_msgs__rosidl_typesupport_introspection_cpp.so
[2.001s] -- Up-to-date: /home/aajaer/microros_ws/install/unique_identifier_msgs/lib/libunique_identifier_msgs__rosidl_typesupport_cpp.so
[2.090s] Listing '/home/aajaer/microros_ws/install/unique_identifier_msgs/local/lib/python3.10/dist-packages/unique_identifier_msgs'...
[2.091s] Listing '/home/aajaer/microros_ws/install/unique_identifier_msgs/local/lib/python3.10/dist-packages/unique_identifier_msgs/msg'...
[2.109s] -- Up-to-date: /home/aajaer/microros_ws/install/unique_identifier_msgs/lib/libunique_identifier_msgs__rosidl_generator_py.so
[2.110s] -- Up-to-date: /home/aajaer/microros_ws/install/unique_identifier_msgs/share/unique_identifier_msgs/cmake/export_unique_identifier_msgs__rosidl_generator_cExport.cmake
[2.110s] -- Up-to-date: /home/aajaer/microros_ws/install/unique_identifier_msgs/share/unique_identifier_msgs/cmake/export_unique_identifier_msgs__rosidl_generator_cExport-noconfig.cmake
[2.110s] -- Up-to-date: /home/aajaer/microros_ws/install/unique_identifier_msgs/share/unique_identifier_msgs/cmake/export_unique_identifier_msgs__rosidl_typesupport_fastrtps_cExport.cmake
[2.110s] -- Up-to-date: /home/aajaer/microros_ws/install/unique_identifier_msgs/share/unique_identifier_msgs/cmake/export_unique_identifier_msgs__rosidl_typesupport_fastrtps_cExport-noconfig.cmake
[2.111s] -- Up-to-date: /home/aajaer/microros_ws/install/unique_identifier_msgs/share/unique_identifier_msgs/cmake/unique_identifier_msgs__rosidl_typesupport_introspection_cExport.cmake
[2.111s] -- Up-to-date: /home/aajaer/microros_ws/install/unique_identifier_msgs/share/unique_identifier_msgs/cmake/unique_identifier_msgs__rosidl_typesupport_introspection_cExport-noconfig.cmake
[2.111s] -- Up-to-date: /home/aajaer/microros_ws/install/unique_identifier_msgs/share/unique_identifier_msgs/cmake/unique_identifier_msgs__rosidl_typesupport_cExport.cmake
[2.111s] -- Up-to-date: /home/aajaer/microros_ws/install/unique_identifier_msgs/share/unique_identifier_msgs/cmake/unique_identifier_msgs__rosidl_typesupport_cExport-noconfig.cmake
[2.111s] -- Up-to-date: /home/aajaer/microros_ws/install/unique_identifier_msgs/share/unique_identifier_msgs/cmake/export_unique_identifier_msgs__rosidl_generator_cppExport.cmake
[2.112s] -- Up-to-date: /home/aajaer/microros_ws/install/unique_identifier_msgs/share/unique_identifier_msgs/cmake/export_unique_identifier_msgs__rosidl_typesupport_fastrtps_cppExport.cmake
[2.112s] -- Up-to-date: /home/aajaer/microros_ws/install/unique_identifier_msgs/share/unique_identifier_msgs/cmake/export_unique_identifier_msgs__rosidl_typesupport_fastrtps_cppExport-noconfig.cmake
[2.112s] -- Up-to-date: /home/aajaer/microros_ws/install/unique_identifier_msgs/share/unique_identifier_msgs/cmake/unique_identifier_msgs__rosidl_typesupport_introspection_cppExport.cmake
[2.112s] -- Up-to-date: /home/aajaer/microros_ws/install/unique_identifier_msgs/share/unique_identifier_msgs/cmake/unique_identifier_msgs__rosidl_typesupport_introspection_cppExport-noconfig.cmake
[2.113s] -- Up-to-date: /home/aajaer/microros_ws/install/unique_identifier_msgs/share/unique_identifier_msgs/cmake/unique_identifier_msgs__rosidl_typesupport_cppExport.cmake
[2.113s] -- Up-to-date: /home/aajaer/microros_ws/install/unique_identifier_msgs/share/unique_identifier_msgs/cmake/unique_identifier_msgs__rosidl_typesupport_cppExport-noconfig.cmake
[2.113s] -- Up-to-date: /home/aajaer/microros_ws/install/unique_identifier_msgs/share/unique_identifier_msgs/cmake/export_unique_identifier_msgs__rosidl_generator_pyExport.cmake
[2.113s] -- Up-to-date: /home/aajaer/microros_ws/install/unique_identifier_msgs/share/unique_identifier_msgs/cmake/export_unique_identifier_msgs__rosidl_generator_pyExport-noconfig.cmake
[2.198s] Invoked command in '/home/aajaer/microros_ws/build/unique_identifier_msgs' returned '0': CMAKE_PREFIX_PATH=${CMAKE_PREFIX_PATH}:/home/aajaer/microros_ws/install/sensor_msgs_py:/home/aajaer/microros_ws/install/motor_control_pkg /usr/bin/cmake --install /home/aajaer/microros_ws/build/unique_identifier_msgs
