-- Found ament_cmake: 1.3.11 (/opt/ros/humble/share/ament_cmake/cmake)
-- Override CMake install command with custom implementation using symlinks instead of copying resources
-- Found rcl: 5.3.9 (/opt/ros/humble/share/rcl/cmake)
-- Found rosidl_generator_c: 3.1.6 (/opt/ros/humble/share/rosidl_generator_c/cmake)
-- Found rosidl_adapter: 3.1.6 (/opt/ros/humble/share/rosidl_adapter/cmake)
-- Found rosidl_generator_cpp: 3.1.6 (/opt/ros/humble/share/rosidl_generator_cpp/cmake)
-- Using all available rosidl_typesupport_c: rosidl_typesupport_microxrcedds_c;rosidl_typesupport_fastrtps_c;rosidl_typesupport_introspection_c
-- Using all available rosidl_typesupport_cpp: rosidl_typesupport_microxrcedds_cpp;rosidl_typesupport_fastrtps_cpp;rosidl_typesupport_introspection_cpp
-- Found rmw_implementation_cmake: 6.1.2 (/opt/ros/humble/share/rmw_implementation_cmake/cmake)
-- Found rmw_fastrtps_cpp: 6.2.7 (/opt/ros/humble/share/rmw_fastrtps_cpp/cmake)
-- Using RMW implementation 'rmw_fastrtps_cpp' as default
-- Found rclc: 4.0.2 (/home/aajaer/microros_ws/install/rclc/share/rclc/cmake)
-- Found rclcpp: 16.0.11 (/opt/ros/humble/share/rclcpp/cmake)
-- Found ament_cmake_gtest: 1.3.11 (/opt/ros/humble/share/ament_cmake_gtest/cmake)
-- Found ament_lint_auto: 0.12.11 (/opt/ros/humble/share/ament_lint_auto/cmake)
-- Found example_interfaces: 0.9.3 (/home/aajaer/microros_ws/install/example_interfaces/share/example_interfaces/cmake)
-- Found gtest sources under '/opt/ros/humble/src/gtest_vendor': C++ tests using 'Google Test' will be built
-- Added test 'cppcheck' to perform static code analysis on C / C++ code
-- Configured cppcheck include dirs: $<BUILD_INTERFACE:/home/aajaer/microros_ws/src/uros/rclc/rclc_parameter/include>;$<BUILD_INTERFACE:/home/aajaer/microros_ws/src/uros/rclc/rclc_parameter/src>;/home/aajaer/microros_ws/src/uros/rclc/rclc_parameter/include;/home/aajaer/microros_ws/src/uros/rclc/rclc_parameter/src
-- Configured cppcheck exclude dirs and/or files: 
-- Added test 'cpplint' to check C / C++ code against the Google style
-- Configured cpplint exclude dirs and/or files: 
-- Added test 'lint_cmake' to check CMake code style
-- Added test 'uncrustify' to check C / C++ code style
-- Configured uncrustify additional arguments: 
-- Added test 'xmllint' to check XML markup files
-- Configuring done
-- Generating done
-- Build files have been written to: /home/aajaer/microros_ws/build/rclc_parameter
/usr/bin/cmake -S/home/aajaer/microros_ws/src/uros/rclc/rclc_parameter -B/home/aajaer/microros_ws/build/rclc_parameter --check-build-system CMakeFiles/Makefile.cmake 0
/usr/bin/cmake -E cmake_progress_start /home/aajaer/microros_ws/build/rclc_parameter/CMakeFiles /home/aajaer/microros_ws/build/rclc_parameter//CMakeFiles/progress.marks
/usr/bin/gmake  -f CMakeFiles/Makefile2 all
gmake[1]: Entering directory '/home/aajaer/microros_ws/build/rclc_parameter'
/usr/bin/gmake  -f CMakeFiles/rclc_parameter.dir/build.make CMakeFiles/rclc_parameter.dir/depend
/usr/bin/gmake  -f gtest/CMakeFiles/gtest_main.dir/build.make gtest/CMakeFiles/gtest_main.dir/depend
gmake[2]: Entering directory '/home/aajaer/microros_ws/build/rclc_parameter'
cd /home/aajaer/microros_ws/build/rclc_parameter && /usr/bin/cmake -E cmake_depends "Unix Makefiles" /home/aajaer/microros_ws/src/uros/rclc/rclc_parameter /home/aajaer/microros_ws/src/uros/rclc/rclc_parameter /home/aajaer/microros_ws/build/rclc_parameter /home/aajaer/microros_ws/build/rclc_parameter /home/aajaer/microros_ws/build/rclc_parameter/CMakeFiles/rclc_parameter.dir/DependInfo.cmake --color=
/usr/bin/gmake  -f gtest/CMakeFiles/gtest.dir/build.make gtest/CMakeFiles/gtest.dir/depend
gmake[2]: Entering directory '/home/aajaer/microros_ws/build/rclc_parameter'
cd /home/aajaer/microros_ws/build/rclc_parameter && /usr/bin/cmake -E cmake_depends "Unix Makefiles" /home/aajaer/microros_ws/src/uros/rclc/rclc_parameter /opt/ros/humble/src/gtest_vendor /home/aajaer/microros_ws/build/rclc_parameter /home/aajaer/microros_ws/build/rclc_parameter/gtest /home/aajaer/microros_ws/build/rclc_parameter/gtest/CMakeFiles/gtest_main.dir/DependInfo.cmake --color=
gmake[2]: Entering directory '/home/aajaer/microros_ws/build/rclc_parameter'
cd /home/aajaer/microros_ws/build/rclc_parameter && /usr/bin/cmake -E cmake_depends "Unix Makefiles" /home/aajaer/microros_ws/src/uros/rclc/rclc_parameter /opt/ros/humble/src/gtest_vendor /home/aajaer/microros_ws/build/rclc_parameter /home/aajaer/microros_ws/build/rclc_parameter/gtest /home/aajaer/microros_ws/build/rclc_parameter/gtest/CMakeFiles/gtest.dir/DependInfo.cmake --color=
[35m[1mConsolidate compiler generated dependencies of target rclc_parameter[0m
[35m[1mConsolidate compiler generated dependencies of target gtest_main[0m
gmake[2]: Leaving directory '/home/aajaer/microros_ws/build/rclc_parameter'
/usr/bin/gmake  -f CMakeFiles/rclc_parameter.dir/build.make CMakeFiles/rclc_parameter.dir/build
gmake[2]: Leaving directory '/home/aajaer/microros_ws/build/rclc_parameter'
/usr/bin/gmake  -f gtest/CMakeFiles/gtest_main.dir/build.make gtest/CMakeFiles/gtest_main.dir/build
gmake[2]: Entering directory '/home/aajaer/microros_ws/build/rclc_parameter'
gmake[2]: Nothing to be done for 'CMakeFiles/rclc_parameter.dir/build'.
gmake[2]: Leaving directory '/home/aajaer/microros_ws/build/rclc_parameter'
gmake[2]: Entering directory '/home/aajaer/microros_ws/build/rclc_parameter'
gmake[2]: Nothing to be done for 'gtest/CMakeFiles/gtest_main.dir/build'.
gmake[2]: Leaving directory '/home/aajaer/microros_ws/build/rclc_parameter'
[35m[1mConsolidate compiler generated dependencies of target gtest[0m
gmake[2]: Leaving directory '/home/aajaer/microros_ws/build/rclc_parameter'
/usr/bin/gmake  -f gtest/CMakeFiles/gtest.dir/build.make gtest/CMakeFiles/gtest.dir/build
gmake[2]: Entering directory '/home/aajaer/microros_ws/build/rclc_parameter'
gmake[2]: Nothing to be done for 'gtest/CMakeFiles/gtest.dir/build'.
gmake[2]: Leaving directory '/home/aajaer/microros_ws/build/rclc_parameter'
[ 22%] Built target gtest_main
[ 66%] Built target gtest
[ 77%] Built target rclc_parameter
/usr/bin/gmake  -f CMakeFiles/rclc_parameter_test.dir/build.make CMakeFiles/rclc_parameter_test.dir/depend
gmake[2]: Entering directory '/home/aajaer/microros_ws/build/rclc_parameter'
cd /home/aajaer/microros_ws/build/rclc_parameter && /usr/bin/cmake -E cmake_depends "Unix Makefiles" /home/aajaer/microros_ws/src/uros/rclc/rclc_parameter /home/aajaer/microros_ws/src/uros/rclc/rclc_parameter /home/aajaer/microros_ws/build/rclc_parameter /home/aajaer/microros_ws/build/rclc_parameter /home/aajaer/microros_ws/build/rclc_parameter/CMakeFiles/rclc_parameter_test.dir/DependInfo.cmake --color=
[35m[1mConsolidate compiler generated dependencies of target rclc_parameter_test[0m
gmake[2]: Leaving directory '/home/aajaer/microros_ws/build/rclc_parameter'
/usr/bin/gmake  -f CMakeFiles/rclc_parameter_test.dir/build.make CMakeFiles/rclc_parameter_test.dir/build
gmake[2]: Entering directory '/home/aajaer/microros_ws/build/rclc_parameter'
gmake[2]: Nothing to be done for 'CMakeFiles/rclc_parameter_test.dir/build'.
gmake[2]: Leaving directory '/home/aajaer/microros_ws/build/rclc_parameter'
[100%] Built target rclc_parameter_test
gmake[1]: Leaving directory '/home/aajaer/microros_ws/build/rclc_parameter'
/usr/bin/cmake -E cmake_progress_start /home/aajaer/microros_ws/build/rclc_parameter/CMakeFiles 0
-- Install configuration: ""
-- Execute custom install script
-- Up-to-date symlink: /home/aajaer/microros_ws/install/rclc_parameter/include/rclc_parameter/rclc_parameter.h
-- Up-to-date symlink: /home/aajaer/microros_ws/install/rclc_parameter/include/rclc_parameter/visibility_control.h
-- Up-to-date symlink: /home/aajaer/microros_ws/install/rclc_parameter/share/rclc_parameter/environment/library_path.sh
-- Up-to-date symlink: /home/aajaer/microros_ws/install/rclc_parameter/share/rclc_parameter/environment/library_path.dsv
-- Up-to-date symlink: /home/aajaer/microros_ws/install/rclc_parameter/share/ament_index/resource_index/package_run_dependencies/rclc_parameter
-- Up-to-date symlink: /home/aajaer/microros_ws/install/rclc_parameter/share/ament_index/resource_index/parent_prefix_path/rclc_parameter
-- Up-to-date symlink: /home/aajaer/microros_ws/install/rclc_parameter/share/rclc_parameter/environment/ament_prefix_path.sh
-- Up-to-date symlink: /home/aajaer/microros_ws/install/rclc_parameter/share/rclc_parameter/environment/ament_prefix_path.dsv
-- Up-to-date symlink: /home/aajaer/microros_ws/install/rclc_parameter/share/rclc_parameter/environment/path.sh
-- Up-to-date symlink: /home/aajaer/microros_ws/install/rclc_parameter/share/rclc_parameter/environment/path.dsv
-- Up-to-date symlink: /home/aajaer/microros_ws/install/rclc_parameter/share/rclc_parameter/local_setup.bash
-- Up-to-date symlink: /home/aajaer/microros_ws/install/rclc_parameter/share/rclc_parameter/local_setup.sh
-- Up-to-date symlink: /home/aajaer/microros_ws/install/rclc_parameter/share/rclc_parameter/local_setup.zsh
-- Up-to-date symlink: /home/aajaer/microros_ws/install/rclc_parameter/share/rclc_parameter/local_setup.dsv
-- Symlinking: /home/aajaer/microros_ws/install/rclc_parameter/share/rclc_parameter/package.dsv
-- Up-to-date symlink: /home/aajaer/microros_ws/install/rclc_parameter/share/ament_index/resource_index/packages/rclc_parameter
-- Up-to-date symlink: /home/aajaer/microros_ws/install/rclc_parameter/share/rclc_parameter/cmake/ament_cmake_export_include_directories-extras.cmake
-- Up-to-date symlink: /home/aajaer/microros_ws/install/rclc_parameter/share/rclc_parameter/cmake/ament_cmake_export_libraries-extras.cmake
-- Up-to-date symlink: /home/aajaer/microros_ws/install/rclc_parameter/share/rclc_parameter/cmake/ament_cmake_export_targets-extras.cmake
-- Up-to-date symlink: /home/aajaer/microros_ws/install/rclc_parameter/share/rclc_parameter/cmake/ament_cmake_export_dependencies-extras.cmake
-- Up-to-date symlink: /home/aajaer/microros_ws/install/rclc_parameter/share/rclc_parameter/cmake/rclc_parameterConfig.cmake
-- Up-to-date symlink: /home/aajaer/microros_ws/install/rclc_parameter/share/rclc_parameter/cmake/rclc_parameterConfig-version.cmake
-- Up-to-date symlink: /home/aajaer/microros_ws/install/rclc_parameter/share/rclc_parameter/package.xml
-- Up-to-date: /home/aajaer/microros_ws/install/rclc_parameter/lib/librclc_parameter.a
-- Up-to-date: /home/aajaer/microros_ws/install/rclc_parameter/share/rclc_parameter/cmake/rclc_parameterExport.cmake
-- Up-to-date: /home/aajaer/microros_ws/install/rclc_parameter/share/rclc_parameter/cmake/rclc_parameterExport-noconfig.cmake
