[0.118s] Invoking command in '/home/aajaer/microros_ws/build/builtin_interfaces': CMAKE_PREFIX_PATH=${CMAKE_PREFIX_PATH}:/home/aajaer/microros_ws/install/sensor_msgs_py:/home/aajaer/microros_ws/install/motor_control_pkg /usr/bin/cmake /home/aajaer/microros_ws/src/ros2/rcl_interfaces/builtin_interfaces -DAMENT_CMAKE_SYMLINK_INSTALL=1 -DCMAKE_INSTALL_PREFIX=/home/aajaer/microros_ws/install/builtin_interfaces
[0.183s] -- Found ament_cmake: 1.3.11 (/opt/ros/humble/share/ament_cmake/cmake)
[0.579s] -- Override CMake install command with custom implementation using symlinks instead of copying resources
[0.617s] -- Found rosidl_default_generators: 1.2.0 (/opt/ros/humble/share/rosidl_default_generators/cmake)
[0.636s] -- Using all available rosidl_typesupport_c: rosidl_typesupport_microxrcedds_c;rosidl_typesupport_fastrtps_c;rosidl_typesupport_introspection_c
[0.642s] -- Found rosidl_adapter: 3.1.6 (/opt/ros/humble/share/rosidl_adapter/cmake)
[0.732s] -- Using all available rosidl_typesupport_cpp: rosidl_typesupport_microxrcedds_cpp;rosidl_typesupport_fastrtps_cpp;rosidl_typesupport_introspection_cpp
[1.537s] -- Found ament_cmake_cppcheck: 0.12.11 (/opt/ros/humble/share/ament_cmake_cppcheck/cmake)
[1.538s] -- Found ament_cmake_cpplint: 0.12.11 (/opt/ros/humble/share/ament_cmake_cpplint/cmake)
[1.540s] -- Found ament_cmake_uncrustify: 0.12.11 (/opt/ros/humble/share/ament_cmake_uncrustify/cmake)
[1.542s] -- Found ament_cmake_ros: 0.10.0 (/opt/ros/humble/share/ament_cmake_ros/cmake)
[2.301s] -- Using all available rosidl_typesupport_c: rosidl_typesupport_microxrcedds_c;rosidl_typesupport_fastrtps_c;rosidl_typesupport_introspection_c
[3.202s] -- Using all available rosidl_typesupport_cpp: rosidl_typesupport_microxrcedds_cpp;rosidl_typesupport_fastrtps_cpp;rosidl_typesupport_introspection_cpp
[3.273s] -- Found python_cmake_module: 0.10.0 (/opt/ros/humble/share/python_cmake_module/cmake)
[3.343s] -- Using PYTHON_EXECUTABLE: /usr/bin/python3
[3.343s] -- Using PYTHON_INCLUDE_DIRS: /usr/include/python3.10
[3.344s] -- Using PYTHON_LIBRARIES: /usr/lib/aarch64-linux-gnu/libpython3.10.so
[3.409s] -- Found ament_cmake_flake8: 0.12.11 (/opt/ros/humble/share/ament_cmake_flake8/cmake)
[3.410s] -- Found ament_cmake_pep257: 0.12.11 (/opt/ros/humble/share/ament_cmake_pep257/cmake)
[3.437s] -- Configuring done
[3.540s] -- Generating done
[3.582s] -- Build files have been written to: /home/aajaer/microros_ws/build/builtin_interfaces
[3.636s] Invoked command in '/home/aajaer/microros_ws/build/builtin_interfaces' returned '0': CMAKE_PREFIX_PATH=${CMAKE_PREFIX_PATH}:/home/aajaer/microros_ws/install/sensor_msgs_py:/home/aajaer/microros_ws/install/motor_control_pkg /usr/bin/cmake /home/aajaer/microros_ws/src/ros2/rcl_interfaces/builtin_interfaces -DAMENT_CMAKE_SYMLINK_INSTALL=1 -DCMAKE_INSTALL_PREFIX=/home/aajaer/microros_ws/install/builtin_interfaces
[3.638s] Invoking command in '/home/aajaer/microros_ws/build/builtin_interfaces': CMAKE_PREFIX_PATH=${CMAKE_PREFIX_PATH}:/home/aajaer/microros_ws/install/sensor_msgs_py:/home/aajaer/microros_ws/install/motor_control_pkg /usr/bin/cmake --build /home/aajaer/microros_ws/build/builtin_interfaces -- -j8 -l8
[3.794s] [35m[1mConsolidate compiler generated dependencies of target builtin_interfaces__rosidl_generator_c[0m
[3.819s] [  2%] Built target builtin_interfaces__cpp
[3.864s] [  2%] Built target ament_cmake_python_symlink_builtin_interfaces
[3.869s] [ 10%] Built target builtin_interfaces__rosidl_generator_c
[3.900s] [35m[1mConsolidate compiler generated dependencies of target builtin_interfaces__rosidl_typesupport_fastrtps_cpp[0m
[3.927s] [35m[1mConsolidate compiler generated dependencies of target builtin_interfaces__rosidl_typesupport_introspection_cpp[0m
[3.937s] [35m[1mConsolidate compiler generated dependencies of target builtin_interfaces__rosidl_typesupport_cpp[0m
[3.953s] [35m[1mConsolidate compiler generated dependencies of target builtin_interfaces__rosidl_typesupport_microxrcedds_cpp[0m
[4.021s] [35m[1mConsolidate compiler generated dependencies of target builtin_interfaces__rosidl_typesupport_fastrtps_c[0m
[4.027s] [35m[1mConsolidate compiler generated dependencies of target builtin_interfaces__rosidl_typesupport_introspection_c[0m
[4.032s] [35m[1mConsolidate compiler generated dependencies of target builtin_interfaces__rosidl_typesupport_c[0m
[4.033s] [35m[1mConsolidate compiler generated dependencies of target builtin_interfaces__rosidl_typesupport_microxrcedds_c[0m
[4.079s] [ 18%] Built target builtin_interfaces__rosidl_typesupport_fastrtps_cpp
[4.086s] [ 26%] Built target builtin_interfaces__rosidl_typesupport_introspection_cpp
[4.103s] [ 34%] Built target builtin_interfaces__rosidl_typesupport_cpp
[4.112s] [ 42%] Built target builtin_interfaces__rosidl_typesupport_microxrcedds_cpp
[4.137s] [ 51%] Built target builtin_interfaces__rosidl_typesupport_fastrtps_c
[4.189s] [ 59%] Built target builtin_interfaces__rosidl_typesupport_introspection_c
[4.195s] [ 67%] Built target builtin_interfaces__rosidl_typesupport_microxrcedds_c
[4.197s] [ 75%] Built target builtin_interfaces__rosidl_typesupport_c
[4.356s] [ 75%] Built target builtin_interfaces
[4.502s] [ 77%] Built target builtin_interfaces__py
[4.555s] [35m[1mConsolidate compiler generated dependencies of target builtin_interfaces__rosidl_generator_py[0m
[4.620s] [ 83%] Built target builtin_interfaces__rosidl_generator_py
[4.677s] [35m[1mConsolidate compiler generated dependencies of target builtin_interfaces__rosidl_typesupport_microxrcedds_c__pyext[0m
[4.709s] [35m[1mConsolidate compiler generated dependencies of target builtin_interfaces__rosidl_typesupport_fastrtps_c__pyext[0m
[4.732s] [35m[1mConsolidate compiler generated dependencies of target builtin_interfaces__rosidl_typesupport_c__pyext[0m
[4.740s] [35m[1mConsolidate compiler generated dependencies of target builtin_interfaces__rosidl_typesupport_introspection_c__pyext[0m
[4.815s] [ 87%] Built target builtin_interfaces__rosidl_typesupport_fastrtps_c__pyext
[4.825s] [ 91%] Built target builtin_interfaces__rosidl_typesupport_c__pyext
[4.838s] [ 95%] Built target builtin_interfaces__rosidl_typesupport_microxrcedds_c__pyext
[4.859s] [100%] Built target builtin_interfaces__rosidl_typesupport_introspection_c__pyext
[5.011s] running egg_info
[5.014s] writing builtin_interfaces.egg-info/PKG-INFO
[5.014s] writing dependency_links to builtin_interfaces.egg-info/dependency_links.txt
[5.016s] writing top-level names to builtin_interfaces.egg-info/top_level.txt
[5.022s] reading manifest file 'builtin_interfaces.egg-info/SOURCES.txt'
[5.024s] writing manifest file 'builtin_interfaces.egg-info/SOURCES.txt'
[5.137s] [100%] Built target ament_cmake_python_build_builtin_interfaces_egg
[5.168s] Invoked command in '/home/aajaer/microros_ws/build/builtin_interfaces' returned '0': CMAKE_PREFIX_PATH=${CMAKE_PREFIX_PATH}:/home/aajaer/microros_ws/install/sensor_msgs_py:/home/aajaer/microros_ws/install/motor_control_pkg /usr/bin/cmake --build /home/aajaer/microros_ws/build/builtin_interfaces -- -j8 -l8
[5.172s] Invoking command in '/home/aajaer/microros_ws/build/builtin_interfaces': CMAKE_PREFIX_PATH=${CMAKE_PREFIX_PATH}:/home/aajaer/microros_ws/install/sensor_msgs_py:/home/aajaer/microros_ws/install/motor_control_pkg /usr/bin/cmake --install /home/aajaer/microros_ws/build/builtin_interfaces
[5.194s] -- Install configuration: ""
[5.195s] -- Execute custom install script
[5.199s] -- Up-to-date symlink: /home/aajaer/microros_ws/install/builtin_interfaces/share/ament_index/resource_index/rosidl_interfaces/builtin_interfaces
[5.199s] -- Up-to-date symlink: /home/aajaer/microros_ws/install/builtin_interfaces/include/builtin_interfaces/builtin_interfaces/msg/detail/duration__functions.h
[5.199s] -- Up-to-date symlink: /home/aajaer/microros_ws/install/builtin_interfaces/include/builtin_interfaces/builtin_interfaces/msg/detail/duration__struct.h
[5.199s] -- Up-to-date symlink: /home/aajaer/microros_ws/install/builtin_interfaces/include/builtin_interfaces/builtin_interfaces/msg/detail/duration__type_support.h
[5.200s] -- Up-to-date symlink: /home/aajaer/microros_ws/install/builtin_interfaces/include/builtin_interfaces/builtin_interfaces/msg/detail/time__functions.h
[5.200s] -- Up-to-date symlink: /home/aajaer/microros_ws/install/builtin_interfaces/include/builtin_interfaces/builtin_interfaces/msg/detail/time__struct.h
[5.200s] -- Up-to-date symlink: /home/aajaer/microros_ws/install/builtin_interfaces/include/builtin_interfaces/builtin_interfaces/msg/detail/time__type_support.h
[5.200s] -- Up-to-date symlink: /home/aajaer/microros_ws/install/builtin_interfaces/include/builtin_interfaces/builtin_interfaces/msg/duration.h
[5.200s] -- Up-to-date symlink: /home/aajaer/microros_ws/install/builtin_interfaces/include/builtin_interfaces/builtin_interfaces/msg/rosidl_generator_c__visibility_control.h
[5.201s] -- Up-to-date symlink: /home/aajaer/microros_ws/install/builtin_interfaces/include/builtin_interfaces/builtin_interfaces/msg/time.h
[5.201s] -- Up-to-date symlink: /home/aajaer/microros_ws/install/builtin_interfaces/share/builtin_interfaces/environment/library_path.sh
[5.202s] -- Up-to-date symlink: /home/aajaer/microros_ws/install/builtin_interfaces/share/builtin_interfaces/environment/library_path.dsv
[5.203s] -- Up-to-date symlink: /home/aajaer/microros_ws/install/builtin_interfaces/include/builtin_interfaces/msg/detail/duration__rosidl_typesupport_microxrcedds_c.h
[5.204s] -- Up-to-date symlink: /home/aajaer/microros_ws/install/builtin_interfaces/include/builtin_interfaces/msg/detail/time__rosidl_typesupport_microxrcedds_c.h
[5.204s] -- Up-to-date symlink: /home/aajaer/microros_ws/install/builtin_interfaces/include/builtin_interfaces/msg/rosidl_typesupport_microxrcedds_c__visibility_control.h
[5.205s] -- Up-to-date symlink: /home/aajaer/microros_ws/install/builtin_interfaces/lib/libbuiltin_interfaces__rosidl_typesupport_microxrcedds_c.a
[5.206s] -- Up-to-date symlink: /home/aajaer/microros_ws/install/builtin_interfaces/include/builtin_interfaces/builtin_interfaces/msg/detail/duration__rosidl_typesupport_fastrtps_c.h
[5.207s] -- Up-to-date symlink: /home/aajaer/microros_ws/install/builtin_interfaces/include/builtin_interfaces/builtin_interfaces/msg/detail/time__rosidl_typesupport_fastrtps_c.h
[5.208s] -- Up-to-date symlink: /home/aajaer/microros_ws/install/builtin_interfaces/include/builtin_interfaces/builtin_interfaces/msg/rosidl_typesupport_fastrtps_c__visibility_control.h
[5.209s] -- Up-to-date symlink: /home/aajaer/microros_ws/install/builtin_interfaces/include/builtin_interfaces/builtin_interfaces/msg/detail/duration__rosidl_typesupport_introspection_c.h
[5.209s] -- Up-to-date symlink: /home/aajaer/microros_ws/install/builtin_interfaces/include/builtin_interfaces/builtin_interfaces/msg/detail/time__rosidl_typesupport_introspection_c.h
[5.210s] -- Up-to-date symlink: /home/aajaer/microros_ws/install/builtin_interfaces/include/builtin_interfaces/builtin_interfaces/msg/rosidl_typesupport_introspection_c__visibility_control.h
[5.211s] -- Up-to-date symlink: /home/aajaer/microros_ws/install/builtin_interfaces/include/builtin_interfaces/builtin_interfaces/msg/detail/duration__builder.hpp
[5.211s] -- Up-to-date symlink: /home/aajaer/microros_ws/install/builtin_interfaces/include/builtin_interfaces/builtin_interfaces/msg/detail/duration__struct.hpp
[5.212s] -- Up-to-date symlink: /home/aajaer/microros_ws/install/builtin_interfaces/include/builtin_interfaces/builtin_interfaces/msg/detail/duration__traits.hpp
[5.214s] -- Up-to-date symlink: /home/aajaer/microros_ws/install/builtin_interfaces/include/builtin_interfaces/builtin_interfaces/msg/detail/duration__type_support.hpp
[5.214s] -- Up-to-date symlink: /home/aajaer/microros_ws/install/builtin_interfaces/include/builtin_interfaces/builtin_interfaces/msg/detail/time__builder.hpp
[5.215s] -- Up-to-date symlink: /home/aajaer/microros_ws/install/builtin_interfaces/include/builtin_interfaces/builtin_interfaces/msg/detail/time__struct.hpp
[5.219s] -- Up-to-date symlink: /home/aajaer/microros_ws/install/builtin_interfaces/include/builtin_interfaces/builtin_interfaces/msg/detail/time__traits.hpp
[5.222s] -- Up-to-date symlink: /home/aajaer/microros_ws/install/builtin_interfaces/include/builtin_interfaces/builtin_interfaces/msg/detail/time__type_support.hpp
[5.222s] -- Up-to-date symlink: /home/aajaer/microros_ws/install/builtin_interfaces/include/builtin_interfaces/builtin_interfaces/msg/duration.hpp
[5.223s] -- Up-to-date symlink: /home/aajaer/microros_ws/install/builtin_interfaces/include/builtin_interfaces/builtin_interfaces/msg/rosidl_generator_cpp__visibility_control.hpp
[5.223s] -- Up-to-date symlink: /home/aajaer/microros_ws/install/builtin_interfaces/include/builtin_interfaces/builtin_interfaces/msg/time.hpp
[5.224s] -- Up-to-date symlink: /home/aajaer/microros_ws/install/builtin_interfaces/include/builtin_interfaces/msg/detail/duration__rosidl_typesupport_microxrcedds_cpp.hpp
[5.224s] -- Up-to-date symlink: /home/aajaer/microros_ws/install/builtin_interfaces/include/builtin_interfaces/msg/detail/microxrcedds/duration__type_support_cpp.cpp
[5.224s] -- Up-to-date symlink: /home/aajaer/microros_ws/install/builtin_interfaces/include/builtin_interfaces/msg/detail/microxrcedds/time__type_support_cpp.cpp
[5.225s] -- Up-to-date symlink: /home/aajaer/microros_ws/install/builtin_interfaces/include/builtin_interfaces/msg/detail/time__rosidl_typesupport_microxrcedds_cpp.hpp
[5.225s] -- Up-to-date symlink: /home/aajaer/microros_ws/install/builtin_interfaces/include/builtin_interfaces/msg/rosidl_typesupport_microxrcedds_cpp__visibility_control.h
[5.226s] -- Up-to-date symlink: /home/aajaer/microros_ws/install/builtin_interfaces/lib/libbuiltin_interfaces__rosidl_typesupport_microxrcedds_cpp.a
[5.228s] -- Up-to-date symlink: /home/aajaer/microros_ws/install/builtin_interfaces/include/builtin_interfaces/builtin_interfaces/msg/detail/duration__rosidl_typesupport_fastrtps_cpp.hpp
[5.228s] -- Up-to-date symlink: /home/aajaer/microros_ws/install/builtin_interfaces/include/builtin_interfaces/builtin_interfaces/msg/detail/time__rosidl_typesupport_fastrtps_cpp.hpp
[5.228s] -- Up-to-date symlink: /home/aajaer/microros_ws/install/builtin_interfaces/include/builtin_interfaces/builtin_interfaces/msg/rosidl_typesupport_fastrtps_cpp__visibility_control.h
[5.229s] -- Up-to-date symlink: /home/aajaer/microros_ws/install/builtin_interfaces/include/builtin_interfaces/builtin_interfaces/msg/detail/duration__rosidl_typesupport_introspection_cpp.hpp
[5.230s] -- Up-to-date symlink: /home/aajaer/microros_ws/install/builtin_interfaces/include/builtin_interfaces/builtin_interfaces/msg/detail/time__rosidl_typesupport_introspection_cpp.hpp
[5.230s] -- Up-to-date symlink: /home/aajaer/microros_ws/install/builtin_interfaces/share/builtin_interfaces/environment/pythonpath.sh
[5.230s] -- Up-to-date symlink: /home/aajaer/microros_ws/install/builtin_interfaces/share/builtin_interfaces/environment/pythonpath.dsv
[5.231s] -- Up-to-date symlink: /home/aajaer/microros_ws/install/builtin_interfaces/local/lib/python3.10/dist-packages/builtin_interfaces-1.2.1-py3.10.egg-info/PKG-INFO
[5.231s] -- Up-to-date symlink: /home/aajaer/microros_ws/install/builtin_interfaces/local/lib/python3.10/dist-packages/builtin_interfaces-1.2.1-py3.10.egg-info/SOURCES.txt
[5.232s] -- Up-to-date symlink: /home/aajaer/microros_ws/install/builtin_interfaces/local/lib/python3.10/dist-packages/builtin_interfaces-1.2.1-py3.10.egg-info/dependency_links.txt
[5.232s] -- Up-to-date symlink: /home/aajaer/microros_ws/install/builtin_interfaces/local/lib/python3.10/dist-packages/builtin_interfaces-1.2.1-py3.10.egg-info/top_level.txt
[5.234s] -- Up-to-date symlink: /home/aajaer/microros_ws/install/builtin_interfaces/local/lib/python3.10/dist-packages/builtin_interfaces/__init__.py
[5.234s] -- Up-to-date symlink: /home/aajaer/microros_ws/install/builtin_interfaces/local/lib/python3.10/dist-packages/builtin_interfaces/_builtin_interfaces_s.ep.rosidl_typesupport_c.c
[5.235s] -- Up-to-date symlink: /home/aajaer/microros_ws/install/builtin_interfaces/local/lib/python3.10/dist-packages/builtin_interfaces/_builtin_interfaces_s.ep.rosidl_typesupport_fastrtps_c.c
[5.235s] -- Up-to-date symlink: /home/aajaer/microros_ws/install/builtin_interfaces/local/lib/python3.10/dist-packages/builtin_interfaces/_builtin_interfaces_s.ep.rosidl_typesupport_introspection_c.c
[5.235s] -- Up-to-date symlink: /home/aajaer/microros_ws/install/builtin_interfaces/local/lib/python3.10/dist-packages/builtin_interfaces/_builtin_interfaces_s.ep.rosidl_typesupport_microxrcedds_c.c
[5.236s] -- Up-to-date symlink: /home/aajaer/microros_ws/install/builtin_interfaces/local/lib/python3.10/dist-packages/builtin_interfaces/builtin_interfaces_s__rosidl_typesupport_c.cpython-310-aarch64-linux-gnu.so
[5.236s] -- Up-to-date symlink: /home/aajaer/microros_ws/install/builtin_interfaces/local/lib/python3.10/dist-packages/builtin_interfaces/builtin_interfaces_s__rosidl_typesupport_fastrtps_c.cpython-310-aarch64-linux-gnu.so
[5.236s] -- Up-to-date symlink: /home/aajaer/microros_ws/install/builtin_interfaces/local/lib/python3.10/dist-packages/builtin_interfaces/builtin_interfaces_s__rosidl_typesupport_introspection_c.cpython-310-aarch64-linux-gnu.so
[5.237s] -- Up-to-date symlink: /home/aajaer/microros_ws/install/builtin_interfaces/local/lib/python3.10/dist-packages/builtin_interfaces/builtin_interfaces_s__rosidl_typesupport_microxrcedds_c.cpython-310-aarch64-linux-gnu.so
[5.237s] -- Up-to-date symlink: /home/aajaer/microros_ws/install/builtin_interfaces/local/lib/python3.10/dist-packages/builtin_interfaces/libbuiltin_interfaces__rosidl_generator_py.so
[5.237s] -- Up-to-date symlink: /home/aajaer/microros_ws/install/builtin_interfaces/local/lib/python3.10/dist-packages/builtin_interfaces/msg/__init__.py
[5.237s] -- Up-to-date symlink: /home/aajaer/microros_ws/install/builtin_interfaces/local/lib/python3.10/dist-packages/builtin_interfaces/msg/_duration.py
[5.238s] -- Up-to-date symlink: /home/aajaer/microros_ws/install/builtin_interfaces/local/lib/python3.10/dist-packages/builtin_interfaces/msg/_duration_s.c
[5.238s] -- Up-to-date symlink: /home/aajaer/microros_ws/install/builtin_interfaces/local/lib/python3.10/dist-packages/builtin_interfaces/msg/_time.py
[5.238s] -- Up-to-date symlink: /home/aajaer/microros_ws/install/builtin_interfaces/local/lib/python3.10/dist-packages/builtin_interfaces/msg/_time_s.c
[5.239s] -- Up-to-date symlink: /home/aajaer/microros_ws/install/builtin_interfaces/local/lib/python3.10/dist-packages/builtin_interfaces/builtin_interfaces_s__rosidl_typesupport_microxrcedds_c.cpython-310-aarch64-linux-gnu.so
[5.239s] -- Up-to-date symlink: /home/aajaer/microros_ws/install/builtin_interfaces/local/lib/python3.10/dist-packages/builtin_interfaces/builtin_interfaces_s__rosidl_typesupport_fastrtps_c.cpython-310-aarch64-linux-gnu.so
[5.240s] -- Up-to-date symlink: /home/aajaer/microros_ws/install/builtin_interfaces/local/lib/python3.10/dist-packages/builtin_interfaces/builtin_interfaces_s__rosidl_typesupport_introspection_c.cpython-310-aarch64-linux-gnu.so
[5.240s] -- Up-to-date symlink: /home/aajaer/microros_ws/install/builtin_interfaces/local/lib/python3.10/dist-packages/builtin_interfaces/builtin_interfaces_s__rosidl_typesupport_c.cpython-310-aarch64-linux-gnu.so
[5.241s] -- Up-to-date symlink: /home/aajaer/microros_ws/install/builtin_interfaces/share/builtin_interfaces/msg/Duration.idl
[5.241s] -- Up-to-date symlink: /home/aajaer/microros_ws/install/builtin_interfaces/share/builtin_interfaces/msg/Time.idl
[5.242s] -- Up-to-date symlink: /home/aajaer/microros_ws/install/builtin_interfaces/share/builtin_interfaces/msg/Duration.msg
[5.242s] -- Up-to-date symlink: /home/aajaer/microros_ws/install/builtin_interfaces/share/builtin_interfaces/msg/Time.msg
[5.243s] -- Up-to-date symlink: /home/aajaer/microros_ws/install/builtin_interfaces/share/ament_index/resource_index/package_run_dependencies/builtin_interfaces
[5.244s] -- Up-to-date symlink: /home/aajaer/microros_ws/install/builtin_interfaces/share/ament_index/resource_index/parent_prefix_path/builtin_interfaces
[5.244s] -- Up-to-date symlink: /home/aajaer/microros_ws/install/builtin_interfaces/share/builtin_interfaces/environment/ament_prefix_path.sh
[5.245s] -- Up-to-date symlink: /home/aajaer/microros_ws/install/builtin_interfaces/share/builtin_interfaces/environment/ament_prefix_path.dsv
[5.245s] -- Up-to-date symlink: /home/aajaer/microros_ws/install/builtin_interfaces/share/builtin_interfaces/environment/path.sh
[5.246s] -- Up-to-date symlink: /home/aajaer/microros_ws/install/builtin_interfaces/share/builtin_interfaces/environment/path.dsv
[5.246s] -- Up-to-date symlink: /home/aajaer/microros_ws/install/builtin_interfaces/share/builtin_interfaces/local_setup.bash
[5.247s] -- Up-to-date symlink: /home/aajaer/microros_ws/install/builtin_interfaces/share/builtin_interfaces/local_setup.sh
[5.248s] -- Up-to-date symlink: /home/aajaer/microros_ws/install/builtin_interfaces/share/builtin_interfaces/local_setup.zsh
[5.249s] -- Up-to-date symlink: /home/aajaer/microros_ws/install/builtin_interfaces/share/builtin_interfaces/local_setup.dsv
[5.249s] -- Symlinking: /home/aajaer/microros_ws/install/builtin_interfaces/share/builtin_interfaces/package.dsv
[5.276s] -- Up-to-date symlink: /home/aajaer/microros_ws/install/builtin_interfaces/share/ament_index/resource_index/packages/builtin_interfaces
[5.277s] -- Up-to-date symlink: /home/aajaer/microros_ws/install/builtin_interfaces/share/builtin_interfaces/cmake/rosidl_cmake-extras.cmake
[5.278s] -- Up-to-date symlink: /home/aajaer/microros_ws/install/builtin_interfaces/share/builtin_interfaces/cmake/ament_cmake_export_include_directories-extras.cmake
[5.278s] -- Up-to-date symlink: /home/aajaer/microros_ws/install/builtin_interfaces/share/builtin_interfaces/cmake/ament_cmake_export_libraries-extras.cmake
[5.279s] -- Up-to-date symlink: /home/aajaer/microros_ws/install/builtin_interfaces/share/builtin_interfaces/cmake/ament_cmake_export_targets-extras.cmake
[5.279s] -- Up-to-date symlink: /home/aajaer/microros_ws/install/builtin_interfaces/share/builtin_interfaces/cmake/rosidl_cmake_export_typesupport_targets-extras.cmake
[5.280s] -- Up-to-date symlink: /home/aajaer/microros_ws/install/builtin_interfaces/share/builtin_interfaces/cmake/ament_cmake_export_dependencies-extras.cmake
[5.280s] -- Up-to-date symlink: /home/aajaer/microros_ws/install/builtin_interfaces/share/builtin_interfaces/cmake/rosidl_cmake_export_typesupport_libraries-extras.cmake
[5.281s] -- Up-to-date symlink: /home/aajaer/microros_ws/install/builtin_interfaces/share/builtin_interfaces/cmake/builtin_interfacesConfig.cmake
[5.281s] -- Up-to-date symlink: /home/aajaer/microros_ws/install/builtin_interfaces/share/builtin_interfaces/cmake/builtin_interfacesConfig-version.cmake
[5.282s] -- Up-to-date symlink: /home/aajaer/microros_ws/install/builtin_interfaces/share/builtin_interfaces/package.xml
[5.282s] -- Up-to-date: /home/aajaer/microros_ws/install/builtin_interfaces/lib/libbuiltin_interfaces__rosidl_generator_c.so
[5.283s] -- Up-to-date: /home/aajaer/microros_ws/install/builtin_interfaces/lib/libbuiltin_interfaces__rosidl_typesupport_fastrtps_c.so
[5.283s] -- Up-to-date: /home/aajaer/microros_ws/install/builtin_interfaces/lib/libbuiltin_interfaces__rosidl_typesupport_introspection_c.so
[5.284s] -- Up-to-date: /home/aajaer/microros_ws/install/builtin_interfaces/lib/libbuiltin_interfaces__rosidl_typesupport_c.so
[5.284s] -- Up-to-date: /home/aajaer/microros_ws/install/builtin_interfaces/lib/libbuiltin_interfaces__rosidl_typesupport_fastrtps_cpp.so
[5.285s] -- Up-to-date: /home/aajaer/microros_ws/install/builtin_interfaces/lib/libbuiltin_interfaces__rosidl_typesupport_introspection_cpp.so
[5.286s] -- Up-to-date: /home/aajaer/microros_ws/install/builtin_interfaces/lib/libbuiltin_interfaces__rosidl_typesupport_cpp.so
[5.395s] Listing '/home/aajaer/microros_ws/install/builtin_interfaces/local/lib/python3.10/dist-packages/builtin_interfaces'...
[5.395s] Compiling '/home/aajaer/microros_ws/install/builtin_interfaces/local/lib/python3.10/dist-packages/builtin_interfaces/__init__.py'...
[5.395s] Listing '/home/aajaer/microros_ws/install/builtin_interfaces/local/lib/python3.10/dist-packages/builtin_interfaces/msg'...
[5.413s] -- Up-to-date: /home/aajaer/microros_ws/install/builtin_interfaces/lib/libbuiltin_interfaces__rosidl_generator_py.so
[5.413s] -- Up-to-date: /home/aajaer/microros_ws/install/builtin_interfaces/share/builtin_interfaces/cmake/export_builtin_interfaces__rosidl_generator_cExport.cmake
[5.413s] -- Up-to-date: /home/aajaer/microros_ws/install/builtin_interfaces/share/builtin_interfaces/cmake/export_builtin_interfaces__rosidl_generator_cExport-noconfig.cmake
[5.414s] -- Up-to-date: /home/aajaer/microros_ws/install/builtin_interfaces/share/builtin_interfaces/cmake/export_builtin_interfaces__rosidl_typesupport_fastrtps_cExport.cmake
[5.414s] -- Up-to-date: /home/aajaer/microros_ws/install/builtin_interfaces/share/builtin_interfaces/cmake/export_builtin_interfaces__rosidl_typesupport_fastrtps_cExport-noconfig.cmake
[5.414s] -- Up-to-date: /home/aajaer/microros_ws/install/builtin_interfaces/share/builtin_interfaces/cmake/builtin_interfaces__rosidl_typesupport_introspection_cExport.cmake
[5.414s] -- Up-to-date: /home/aajaer/microros_ws/install/builtin_interfaces/share/builtin_interfaces/cmake/builtin_interfaces__rosidl_typesupport_introspection_cExport-noconfig.cmake
[5.414s] -- Up-to-date: /home/aajaer/microros_ws/install/builtin_interfaces/share/builtin_interfaces/cmake/builtin_interfaces__rosidl_typesupport_cExport.cmake
[5.415s] -- Up-to-date: /home/aajaer/microros_ws/install/builtin_interfaces/share/builtin_interfaces/cmake/builtin_interfaces__rosidl_typesupport_cExport-noconfig.cmake
[5.415s] -- Up-to-date: /home/aajaer/microros_ws/install/builtin_interfaces/share/builtin_interfaces/cmake/export_builtin_interfaces__rosidl_generator_cppExport.cmake
[5.415s] -- Up-to-date: /home/aajaer/microros_ws/install/builtin_interfaces/share/builtin_interfaces/cmake/export_builtin_interfaces__rosidl_typesupport_fastrtps_cppExport.cmake
[5.416s] -- Up-to-date: /home/aajaer/microros_ws/install/builtin_interfaces/share/builtin_interfaces/cmake/export_builtin_interfaces__rosidl_typesupport_fastrtps_cppExport-noconfig.cmake
[5.416s] -- Up-to-date: /home/aajaer/microros_ws/install/builtin_interfaces/share/builtin_interfaces/cmake/builtin_interfaces__rosidl_typesupport_introspection_cppExport.cmake
[5.416s] -- Up-to-date: /home/aajaer/microros_ws/install/builtin_interfaces/share/builtin_interfaces/cmake/builtin_interfaces__rosidl_typesupport_introspection_cppExport-noconfig.cmake
[5.416s] -- Up-to-date: /home/aajaer/microros_ws/install/builtin_interfaces/share/builtin_interfaces/cmake/builtin_interfaces__rosidl_typesupport_cppExport.cmake
[5.416s] -- Up-to-date: /home/aajaer/microros_ws/install/builtin_interfaces/share/builtin_interfaces/cmake/builtin_interfaces__rosidl_typesupport_cppExport-noconfig.cmake
[5.417s] -- Up-to-date: /home/aajaer/microros_ws/install/builtin_interfaces/share/builtin_interfaces/cmake/export_builtin_interfaces__rosidl_generator_pyExport.cmake
[5.417s] -- Up-to-date: /home/aajaer/microros_ws/install/builtin_interfaces/share/builtin_interfaces/cmake/export_builtin_interfaces__rosidl_generator_pyExport-noconfig.cmake
[5.429s] Invoked command in '/home/aajaer/microros_ws/build/builtin_interfaces' returned '0': CMAKE_PREFIX_PATH=${CMAKE_PREFIX_PATH}:/home/aajaer/microros_ws/install/sensor_msgs_py:/home/aajaer/microros_ws/install/motor_control_pkg /usr/bin/cmake --install /home/aajaer/microros_ws/build/builtin_interfaces
