[0.035s] Invoking command in '/home/aajaer/microros_ws/build/stereo_msgs': AMENT_PREFIX_PATH=/home/aajaer/microros_ws/install/sensor_msgs:/home/aajaer/microros_ws/install/geometry_msgs:/home/aajaer/microros_ws/install/std_msgs:/home/aajaer/microros_ws/install/builtin_interfaces:${AMENT_PREFIX_PATH} CMAKE_PREFIX_PATH=/home/aajaer/microros_ws/install/sensor_msgs:/home/aajaer/microros_ws/install/geometry_msgs:/home/aajaer/microros_ws/install/std_msgs:/home/aajaer/microros_ws/install/builtin_interfaces:/opt/ros/humble:/opt/ros/humble LD_LIBRARY_PATH=/home/aajaer/microros_ws/install/sensor_msgs/lib:/home/aajaer/microros_ws/install/geometry_msgs/lib:/home/aajaer/microros_ws/install/std_msgs/lib:/home/aajaer/microros_ws/install/builtin_interfaces/lib:/opt/ros/humble/opt/rviz_ogre_vendor/lib:/opt/ros/humble/lib/aarch64-linux-gnu:/opt/ros/humble/lib PYTHONPATH=/home/aajaer/microros_ws/install/sensor_msgs/local/lib/python3.10/dist-packages:/home/aajaer/microros_ws/install/geometry_msgs/local/lib/python3.10/dist-packages:/home/aajaer/microros_ws/install/std_msgs/local/lib/python3.10/dist-packages:/home/aajaer/microros_ws/install/builtin_interfaces/local/lib/python3.10/dist-packages:${PYTHONPATH} /usr/bin/cmake --build /home/aajaer/microros_ws/build/stereo_msgs -- -j8 -l8
[0.650s] [  2%] Built target stereo_msgs__cpp
[0.650s] [ 10%] Built target stereo_msgs__rosidl_generator_c
[0.651s] [ 10%] Built target ament_cmake_python_symlink_stereo_msgs
[0.651s] [35m[1mConsolidate compiler generated dependencies of target stereo_msgs__rosidl_typesupport_microxrcedds_cpp[0m
[0.651s] [35m[1mConsolidate compiler generated dependencies of target stereo_msgs__rosidl_typesupport_cpp[0m
[0.651s] [35m[1mConsolidate compiler generated dependencies of target stereo_msgs__rosidl_typesupport_microxrcedds_c[0m
[0.651s] [35m[1mConsolidate compiler generated dependencies of target stereo_msgs__rosidl_typesupport_c[0m
[0.651s] [ 17%] Built target stereo_msgs__rosidl_typesupport_fastrtps_cpp
[0.651s] [ 25%] Built target stereo_msgs__rosidl_typesupport_introspection_cpp
[0.652s] [ 33%] Built target stereo_msgs__rosidl_typesupport_microxrcedds_cpp
[0.652s] [ 41%] Built target stereo_msgs__rosidl_typesupport_introspection_c
[0.652s] [ 48%] Built target stereo_msgs__rosidl_typesupport_cpp
[0.652s] [ 58%] Built target stereo_msgs__rosidl_typesupport_microxrcedds_c
[0.652s] [ 64%] Built target stereo_msgs__rosidl_typesupport_fastrtps_c
[0.652s] [ 71%] Built target stereo_msgs__rosidl_typesupport_c
[0.652s] [ 71%] Built target stereo_msgs
[0.652s] [ 74%] Built target stereo_msgs__py
[0.653s] [35m[1mConsolidate compiler generated dependencies of target stereo_msgs__rosidl_generator_py[0m
[0.653s] [ 79%] Built target stereo_msgs__rosidl_generator_py
[0.653s] [35m[1mConsolidate compiler generated dependencies of target stereo_msgs__rosidl_typesupport_microxrcedds_c__pyext[0m
[0.653s] [35m[1mConsolidate compiler generated dependencies of target stereo_msgs__rosidl_typesupport_fastrtps_c__pyext[0m
[0.653s] [35m[1mConsolidate compiler generated dependencies of target stereo_msgs__rosidl_typesupport_introspection_c__pyext[0m
[0.653s] [35m[1mConsolidate compiler generated dependencies of target stereo_msgs__rosidl_typesupport_c__pyext[0m
[0.653s] [ 89%] Built target stereo_msgs__rosidl_typesupport_fastrtps_c__pyext
[0.653s] [ 89%] Built target stereo_msgs__rosidl_typesupport_microxrcedds_c__pyext
[0.654s] [ 94%] Built target stereo_msgs__rosidl_typesupport_c__pyext
[0.654s] [100%] Built target stereo_msgs__rosidl_typesupport_introspection_c__pyext
[0.810s] running egg_info
[0.812s] writing stereo_msgs.egg-info/PKG-INFO
[0.812s] writing dependency_links to stereo_msgs.egg-info/dependency_links.txt
[0.812s] writing top-level names to stereo_msgs.egg-info/top_level.txt
[0.817s] reading manifest file 'stereo_msgs.egg-info/SOURCES.txt'
[0.819s] writing manifest file 'stereo_msgs.egg-info/SOURCES.txt'
[0.892s] [100%] Built target ament_cmake_python_build_stereo_msgs_egg
[1.233s] Invoked command in '/home/aajaer/microros_ws/build/stereo_msgs' returned '0': AMENT_PREFIX_PATH=/home/aajaer/microros_ws/install/sensor_msgs:/home/aajaer/microros_ws/install/geometry_msgs:/home/aajaer/microros_ws/install/std_msgs:/home/aajaer/microros_ws/install/builtin_interfaces:${AMENT_PREFIX_PATH} CMAKE_PREFIX_PATH=/home/aajaer/microros_ws/install/sensor_msgs:/home/aajaer/microros_ws/install/geometry_msgs:/home/aajaer/microros_ws/install/std_msgs:/home/aajaer/microros_ws/install/builtin_interfaces:/opt/ros/humble:/opt/ros/humble LD_LIBRARY_PATH=/home/aajaer/microros_ws/install/sensor_msgs/lib:/home/aajaer/microros_ws/install/geometry_msgs/lib:/home/aajaer/microros_ws/install/std_msgs/lib:/home/aajaer/microros_ws/install/builtin_interfaces/lib:/opt/ros/humble/opt/rviz_ogre_vendor/lib:/opt/ros/humble/lib/aarch64-linux-gnu:/opt/ros/humble/lib PYTHONPATH=/home/aajaer/microros_ws/install/sensor_msgs/local/lib/python3.10/dist-packages:/home/aajaer/microros_ws/install/geometry_msgs/local/lib/python3.10/dist-packages:/home/aajaer/microros_ws/install/std_msgs/local/lib/python3.10/dist-packages:/home/aajaer/microros_ws/install/builtin_interfaces/local/lib/python3.10/dist-packages:${PYTHONPATH} /usr/bin/cmake --build /home/aajaer/microros_ws/build/stereo_msgs -- -j8 -l8
[1.236s] Invoking command in '/home/aajaer/microros_ws/build/stereo_msgs': AMENT_PREFIX_PATH=/home/aajaer/microros_ws/install/sensor_msgs:/home/aajaer/microros_ws/install/geometry_msgs:/home/aajaer/microros_ws/install/std_msgs:/home/aajaer/microros_ws/install/builtin_interfaces:${AMENT_PREFIX_PATH} CMAKE_PREFIX_PATH=/home/aajaer/microros_ws/install/sensor_msgs:/home/aajaer/microros_ws/install/geometry_msgs:/home/aajaer/microros_ws/install/std_msgs:/home/aajaer/microros_ws/install/builtin_interfaces:/opt/ros/humble:/opt/ros/humble LD_LIBRARY_PATH=/home/aajaer/microros_ws/install/sensor_msgs/lib:/home/aajaer/microros_ws/install/geometry_msgs/lib:/home/aajaer/microros_ws/install/std_msgs/lib:/home/aajaer/microros_ws/install/builtin_interfaces/lib:/opt/ros/humble/opt/rviz_ogre_vendor/lib:/opt/ros/humble/lib/aarch64-linux-gnu:/opt/ros/humble/lib PYTHONPATH=/home/aajaer/microros_ws/install/sensor_msgs/local/lib/python3.10/dist-packages:/home/aajaer/microros_ws/install/geometry_msgs/local/lib/python3.10/dist-packages:/home/aajaer/microros_ws/install/std_msgs/local/lib/python3.10/dist-packages:/home/aajaer/microros_ws/install/builtin_interfaces/local/lib/python3.10/dist-packages:${PYTHONPATH} /usr/bin/cmake --install /home/aajaer/microros_ws/build/stereo_msgs
[1.252s] -- Install configuration: ""
[1.253s] -- Execute custom install script
[1.254s] -- Up-to-date symlink: /home/aajaer/microros_ws/install/stereo_msgs/share/ament_index/resource_index/rosidl_interfaces/stereo_msgs
[1.255s] -- Up-to-date symlink: /home/aajaer/microros_ws/install/stereo_msgs/include/stereo_msgs/stereo_msgs/msg/detail/disparity_image__functions.h
[1.256s] -- Up-to-date symlink: /home/aajaer/microros_ws/install/stereo_msgs/include/stereo_msgs/stereo_msgs/msg/detail/disparity_image__struct.h
[1.256s] -- Up-to-date symlink: /home/aajaer/microros_ws/install/stereo_msgs/include/stereo_msgs/stereo_msgs/msg/detail/disparity_image__type_support.h
[1.257s] -- Up-to-date symlink: /home/aajaer/microros_ws/install/stereo_msgs/include/stereo_msgs/stereo_msgs/msg/disparity_image.h
[1.257s] -- Up-to-date symlink: /home/aajaer/microros_ws/install/stereo_msgs/include/stereo_msgs/stereo_msgs/msg/rosidl_generator_c__visibility_control.h
[1.258s] -- Up-to-date symlink: /home/aajaer/microros_ws/install/stereo_msgs/share/stereo_msgs/environment/library_path.sh
[1.258s] -- Up-to-date symlink: /home/aajaer/microros_ws/install/stereo_msgs/share/stereo_msgs/environment/library_path.dsv
[1.259s] -- Up-to-date symlink: /home/aajaer/microros_ws/install/stereo_msgs/include/stereo_msgs/msg/detail/disparity_image__rosidl_typesupport_microxrcedds_c.h
[1.259s] -- Up-to-date symlink: /home/aajaer/microros_ws/install/stereo_msgs/include/stereo_msgs/msg/rosidl_typesupport_microxrcedds_c__visibility_control.h
[1.260s] -- Up-to-date symlink: /home/aajaer/microros_ws/install/stereo_msgs/lib/libstereo_msgs__rosidl_typesupport_microxrcedds_c.a
[1.261s] -- Up-to-date symlink: /home/aajaer/microros_ws/install/stereo_msgs/include/stereo_msgs/stereo_msgs/msg/detail/disparity_image__rosidl_typesupport_fastrtps_c.h
[1.261s] -- Up-to-date symlink: /home/aajaer/microros_ws/install/stereo_msgs/include/stereo_msgs/stereo_msgs/msg/rosidl_typesupport_fastrtps_c__visibility_control.h
[1.262s] -- Up-to-date symlink: /home/aajaer/microros_ws/install/stereo_msgs/include/stereo_msgs/stereo_msgs/msg/detail/disparity_image__rosidl_typesupport_introspection_c.h
[1.262s] -- Up-to-date symlink: /home/aajaer/microros_ws/install/stereo_msgs/include/stereo_msgs/stereo_msgs/msg/rosidl_typesupport_introspection_c__visibility_control.h
[1.262s] -- Up-to-date symlink: /home/aajaer/microros_ws/install/stereo_msgs/include/stereo_msgs/stereo_msgs/msg/detail/disparity_image__builder.hpp
[1.262s] -- Up-to-date symlink: /home/aajaer/microros_ws/install/stereo_msgs/include/stereo_msgs/stereo_msgs/msg/detail/disparity_image__struct.hpp
[1.263s] -- Up-to-date symlink: /home/aajaer/microros_ws/install/stereo_msgs/include/stereo_msgs/stereo_msgs/msg/detail/disparity_image__traits.hpp
[1.263s] -- Up-to-date symlink: /home/aajaer/microros_ws/install/stereo_msgs/include/stereo_msgs/stereo_msgs/msg/detail/disparity_image__type_support.hpp
[1.263s] -- Up-to-date symlink: /home/aajaer/microros_ws/install/stereo_msgs/include/stereo_msgs/stereo_msgs/msg/disparity_image.hpp
[1.264s] -- Up-to-date symlink: /home/aajaer/microros_ws/install/stereo_msgs/include/stereo_msgs/stereo_msgs/msg/rosidl_generator_cpp__visibility_control.hpp
[1.265s] -- Up-to-date symlink: /home/aajaer/microros_ws/install/stereo_msgs/include/stereo_msgs/msg/detail/disparity_image__rosidl_typesupport_microxrcedds_cpp.hpp
[1.265s] -- Up-to-date symlink: /home/aajaer/microros_ws/install/stereo_msgs/include/stereo_msgs/msg/detail/microxrcedds/disparity_image__type_support_cpp.cpp
[1.266s] -- Up-to-date symlink: /home/aajaer/microros_ws/install/stereo_msgs/include/stereo_msgs/msg/rosidl_typesupport_microxrcedds_cpp__visibility_control.h
[1.266s] -- Up-to-date symlink: /home/aajaer/microros_ws/install/stereo_msgs/lib/libstereo_msgs__rosidl_typesupport_microxrcedds_cpp.a
[1.267s] -- Up-to-date symlink: /home/aajaer/microros_ws/install/stereo_msgs/include/stereo_msgs/stereo_msgs/msg/detail/disparity_image__rosidl_typesupport_fastrtps_cpp.hpp
[1.267s] -- Up-to-date symlink: /home/aajaer/microros_ws/install/stereo_msgs/include/stereo_msgs/stereo_msgs/msg/rosidl_typesupport_fastrtps_cpp__visibility_control.h
[1.267s] -- Up-to-date symlink: /home/aajaer/microros_ws/install/stereo_msgs/include/stereo_msgs/stereo_msgs/msg/detail/disparity_image__rosidl_typesupport_introspection_cpp.hpp
[1.268s] -- Up-to-date symlink: /home/aajaer/microros_ws/install/stereo_msgs/share/stereo_msgs/environment/pythonpath.sh
[1.269s] -- Up-to-date symlink: /home/aajaer/microros_ws/install/stereo_msgs/share/stereo_msgs/environment/pythonpath.dsv
[1.269s] -- Up-to-date symlink: /home/aajaer/microros_ws/install/stereo_msgs/local/lib/python3.10/dist-packages/stereo_msgs-4.2.4-py3.10.egg-info/PKG-INFO
[1.270s] -- Up-to-date symlink: /home/aajaer/microros_ws/install/stereo_msgs/local/lib/python3.10/dist-packages/stereo_msgs-4.2.4-py3.10.egg-info/SOURCES.txt
[1.270s] -- Up-to-date symlink: /home/aajaer/microros_ws/install/stereo_msgs/local/lib/python3.10/dist-packages/stereo_msgs-4.2.4-py3.10.egg-info/dependency_links.txt
[1.271s] -- Up-to-date symlink: /home/aajaer/microros_ws/install/stereo_msgs/local/lib/python3.10/dist-packages/stereo_msgs-4.2.4-py3.10.egg-info/top_level.txt
[1.272s] -- Up-to-date symlink: /home/aajaer/microros_ws/install/stereo_msgs/local/lib/python3.10/dist-packages/stereo_msgs/__init__.py
[1.272s] -- Up-to-date symlink: /home/aajaer/microros_ws/install/stereo_msgs/local/lib/python3.10/dist-packages/stereo_msgs/_stereo_msgs_s.ep.rosidl_typesupport_c.c
[1.273s] -- Up-to-date symlink: /home/aajaer/microros_ws/install/stereo_msgs/local/lib/python3.10/dist-packages/stereo_msgs/_stereo_msgs_s.ep.rosidl_typesupport_fastrtps_c.c
[1.273s] -- Up-to-date symlink: /home/aajaer/microros_ws/install/stereo_msgs/local/lib/python3.10/dist-packages/stereo_msgs/_stereo_msgs_s.ep.rosidl_typesupport_introspection_c.c
[1.274s] -- Up-to-date symlink: /home/aajaer/microros_ws/install/stereo_msgs/local/lib/python3.10/dist-packages/stereo_msgs/_stereo_msgs_s.ep.rosidl_typesupport_microxrcedds_c.c
[1.274s] -- Up-to-date symlink: /home/aajaer/microros_ws/install/stereo_msgs/local/lib/python3.10/dist-packages/stereo_msgs/libstereo_msgs__rosidl_generator_py.so
[1.275s] -- Up-to-date symlink: /home/aajaer/microros_ws/install/stereo_msgs/local/lib/python3.10/dist-packages/stereo_msgs/msg/__init__.py
[1.275s] -- Up-to-date symlink: /home/aajaer/microros_ws/install/stereo_msgs/local/lib/python3.10/dist-packages/stereo_msgs/msg/_disparity_image.py
[1.275s] -- Up-to-date symlink: /home/aajaer/microros_ws/install/stereo_msgs/local/lib/python3.10/dist-packages/stereo_msgs/msg/_disparity_image_s.c
[1.276s] -- Up-to-date symlink: /home/aajaer/microros_ws/install/stereo_msgs/local/lib/python3.10/dist-packages/stereo_msgs/stereo_msgs_s__rosidl_typesupport_c.cpython-310-aarch64-linux-gnu.so
[1.276s] -- Up-to-date symlink: /home/aajaer/microros_ws/install/stereo_msgs/local/lib/python3.10/dist-packages/stereo_msgs/stereo_msgs_s__rosidl_typesupport_fastrtps_c.cpython-310-aarch64-linux-gnu.so
[1.277s] -- Up-to-date symlink: /home/aajaer/microros_ws/install/stereo_msgs/local/lib/python3.10/dist-packages/stereo_msgs/stereo_msgs_s__rosidl_typesupport_introspection_c.cpython-310-aarch64-linux-gnu.so
[1.277s] -- Up-to-date symlink: /home/aajaer/microros_ws/install/stereo_msgs/local/lib/python3.10/dist-packages/stereo_msgs/stereo_msgs_s__rosidl_typesupport_microxrcedds_c.cpython-310-aarch64-linux-gnu.so
[1.278s] -- Up-to-date symlink: /home/aajaer/microros_ws/install/stereo_msgs/local/lib/python3.10/dist-packages/stereo_msgs/stereo_msgs_s__rosidl_typesupport_microxrcedds_c.cpython-310-aarch64-linux-gnu.so
[1.278s] -- Up-to-date symlink: /home/aajaer/microros_ws/install/stereo_msgs/local/lib/python3.10/dist-packages/stereo_msgs/stereo_msgs_s__rosidl_typesupport_fastrtps_c.cpython-310-aarch64-linux-gnu.so
[1.279s] -- Up-to-date symlink: /home/aajaer/microros_ws/install/stereo_msgs/local/lib/python3.10/dist-packages/stereo_msgs/stereo_msgs_s__rosidl_typesupport_introspection_c.cpython-310-aarch64-linux-gnu.so
[1.279s] -- Up-to-date symlink: /home/aajaer/microros_ws/install/stereo_msgs/local/lib/python3.10/dist-packages/stereo_msgs/stereo_msgs_s__rosidl_typesupport_c.cpython-310-aarch64-linux-gnu.so
[1.279s] -- Up-to-date symlink: /home/aajaer/microros_ws/install/stereo_msgs/share/stereo_msgs/msg/DisparityImage.idl
[1.280s] -- Up-to-date symlink: /home/aajaer/microros_ws/install/stereo_msgs/share/stereo_msgs/msg/DisparityImage.msg
[1.280s] -- Up-to-date symlink: /home/aajaer/microros_ws/install/stereo_msgs/share/ament_index/resource_index/package_run_dependencies/stereo_msgs
[1.280s] -- Up-to-date symlink: /home/aajaer/microros_ws/install/stereo_msgs/share/ament_index/resource_index/parent_prefix_path/stereo_msgs
[1.281s] -- Up-to-date symlink: /home/aajaer/microros_ws/install/stereo_msgs/share/stereo_msgs/environment/ament_prefix_path.sh
[1.281s] -- Up-to-date symlink: /home/aajaer/microros_ws/install/stereo_msgs/share/stereo_msgs/environment/ament_prefix_path.dsv
[1.281s] -- Up-to-date symlink: /home/aajaer/microros_ws/install/stereo_msgs/share/stereo_msgs/environment/path.sh
[1.282s] -- Up-to-date symlink: /home/aajaer/microros_ws/install/stereo_msgs/share/stereo_msgs/environment/path.dsv
[1.282s] -- Up-to-date symlink: /home/aajaer/microros_ws/install/stereo_msgs/share/stereo_msgs/local_setup.bash
[1.282s] -- Up-to-date symlink: /home/aajaer/microros_ws/install/stereo_msgs/share/stereo_msgs/local_setup.sh
[1.283s] -- Up-to-date symlink: /home/aajaer/microros_ws/install/stereo_msgs/share/stereo_msgs/local_setup.zsh
[1.283s] -- Up-to-date symlink: /home/aajaer/microros_ws/install/stereo_msgs/share/stereo_msgs/local_setup.dsv
[1.283s] -- Symlinking: /home/aajaer/microros_ws/install/stereo_msgs/share/stereo_msgs/package.dsv
[1.301s] -- Up-to-date symlink: /home/aajaer/microros_ws/install/stereo_msgs/share/ament_index/resource_index/packages/stereo_msgs
[1.301s] -- Up-to-date symlink: /home/aajaer/microros_ws/install/stereo_msgs/share/stereo_msgs/cmake/rosidl_cmake-extras.cmake
[1.301s] -- Up-to-date symlink: /home/aajaer/microros_ws/install/stereo_msgs/share/stereo_msgs/cmake/ament_cmake_export_dependencies-extras.cmake
[1.301s] -- Up-to-date symlink: /home/aajaer/microros_ws/install/stereo_msgs/share/stereo_msgs/cmake/ament_cmake_export_include_directories-extras.cmake
[1.301s] -- Up-to-date symlink: /home/aajaer/microros_ws/install/stereo_msgs/share/stereo_msgs/cmake/ament_cmake_export_libraries-extras.cmake
[1.302s] -- Up-to-date symlink: /home/aajaer/microros_ws/install/stereo_msgs/share/stereo_msgs/cmake/ament_cmake_export_targets-extras.cmake
[1.302s] -- Up-to-date symlink: /home/aajaer/microros_ws/install/stereo_msgs/share/stereo_msgs/cmake/rosidl_cmake_export_typesupport_targets-extras.cmake
[1.303s] -- Up-to-date symlink: /home/aajaer/microros_ws/install/stereo_msgs/share/stereo_msgs/cmake/rosidl_cmake_export_typesupport_libraries-extras.cmake
[1.303s] -- Up-to-date symlink: /home/aajaer/microros_ws/install/stereo_msgs/share/stereo_msgs/cmake/stereo_msgsConfig.cmake
[1.303s] -- Up-to-date symlink: /home/aajaer/microros_ws/install/stereo_msgs/share/stereo_msgs/cmake/stereo_msgsConfig-version.cmake
[1.304s] -- Up-to-date symlink: /home/aajaer/microros_ws/install/stereo_msgs/share/stereo_msgs/package.xml
[1.304s] -- Up-to-date: /home/aajaer/microros_ws/install/stereo_msgs/lib/libstereo_msgs__rosidl_generator_c.so
[1.304s] -- Up-to-date: /home/aajaer/microros_ws/install/stereo_msgs/lib/libstereo_msgs__rosidl_typesupport_fastrtps_c.so
[1.305s] -- Up-to-date: /home/aajaer/microros_ws/install/stereo_msgs/lib/libstereo_msgs__rosidl_typesupport_introspection_c.so
[1.305s] -- Up-to-date: /home/aajaer/microros_ws/install/stereo_msgs/lib/libstereo_msgs__rosidl_typesupport_c.so
[1.306s] -- Up-to-date: /home/aajaer/microros_ws/install/stereo_msgs/lib/libstereo_msgs__rosidl_typesupport_fastrtps_cpp.so
[1.306s] -- Up-to-date: /home/aajaer/microros_ws/install/stereo_msgs/lib/libstereo_msgs__rosidl_typesupport_introspection_cpp.so
[1.306s] -- Up-to-date: /home/aajaer/microros_ws/install/stereo_msgs/lib/libstereo_msgs__rosidl_typesupport_cpp.so
[1.377s] Listing '/home/aajaer/microros_ws/install/stereo_msgs/local/lib/python3.10/dist-packages/stereo_msgs'...
[1.377s] Listing '/home/aajaer/microros_ws/install/stereo_msgs/local/lib/python3.10/dist-packages/stereo_msgs/msg'...
[1.399s] -- Up-to-date: /home/aajaer/microros_ws/install/stereo_msgs/lib/libstereo_msgs__rosidl_generator_py.so
[1.399s] -- Up-to-date: /home/aajaer/microros_ws/install/stereo_msgs/share/stereo_msgs/cmake/export_stereo_msgs__rosidl_generator_cExport.cmake
[1.399s] -- Up-to-date: /home/aajaer/microros_ws/install/stereo_msgs/share/stereo_msgs/cmake/export_stereo_msgs__rosidl_generator_cExport-noconfig.cmake
[1.399s] -- Up-to-date: /home/aajaer/microros_ws/install/stereo_msgs/share/stereo_msgs/cmake/export_stereo_msgs__rosidl_typesupport_fastrtps_cExport.cmake
[1.399s] -- Up-to-date: /home/aajaer/microros_ws/install/stereo_msgs/share/stereo_msgs/cmake/export_stereo_msgs__rosidl_typesupport_fastrtps_cExport-noconfig.cmake
[1.399s] -- Up-to-date: /home/aajaer/microros_ws/install/stereo_msgs/share/stereo_msgs/cmake/stereo_msgs__rosidl_typesupport_introspection_cExport.cmake
[1.400s] -- Up-to-date: /home/aajaer/microros_ws/install/stereo_msgs/share/stereo_msgs/cmake/stereo_msgs__rosidl_typesupport_introspection_cExport-noconfig.cmake
[1.400s] -- Up-to-date: /home/aajaer/microros_ws/install/stereo_msgs/share/stereo_msgs/cmake/stereo_msgs__rosidl_typesupport_cExport.cmake
[1.400s] -- Up-to-date: /home/aajaer/microros_ws/install/stereo_msgs/share/stereo_msgs/cmake/stereo_msgs__rosidl_typesupport_cExport-noconfig.cmake
[1.400s] -- Up-to-date: /home/aajaer/microros_ws/install/stereo_msgs/share/stereo_msgs/cmake/export_stereo_msgs__rosidl_generator_cppExport.cmake
[1.400s] -- Up-to-date: /home/aajaer/microros_ws/install/stereo_msgs/share/stereo_msgs/cmake/export_stereo_msgs__rosidl_typesupport_fastrtps_cppExport.cmake
[1.400s] -- Up-to-date: /home/aajaer/microros_ws/install/stereo_msgs/share/stereo_msgs/cmake/export_stereo_msgs__rosidl_typesupport_fastrtps_cppExport-noconfig.cmake
[1.401s] -- Up-to-date: /home/aajaer/microros_ws/install/stereo_msgs/share/stereo_msgs/cmake/stereo_msgs__rosidl_typesupport_introspection_cppExport.cmake
[1.401s] -- Up-to-date: /home/aajaer/microros_ws/install/stereo_msgs/share/stereo_msgs/cmake/stereo_msgs__rosidl_typesupport_introspection_cppExport-noconfig.cmake
[1.401s] -- Up-to-date: /home/aajaer/microros_ws/install/stereo_msgs/share/stereo_msgs/cmake/stereo_msgs__rosidl_typesupport_cppExport.cmake
[1.401s] -- Up-to-date: /home/aajaer/microros_ws/install/stereo_msgs/share/stereo_msgs/cmake/stereo_msgs__rosidl_typesupport_cppExport-noconfig.cmake
[1.401s] -- Up-to-date: /home/aajaer/microros_ws/install/stereo_msgs/share/stereo_msgs/cmake/export_stereo_msgs__rosidl_generator_pyExport.cmake
[1.401s] -- Up-to-date: /home/aajaer/microros_ws/install/stereo_msgs/share/stereo_msgs/cmake/export_stereo_msgs__rosidl_generator_pyExport-noconfig.cmake
[1.403s] Invoked command in '/home/aajaer/microros_ws/build/stereo_msgs' returned '0': AMENT_PREFIX_PATH=/home/aajaer/microros_ws/install/sensor_msgs:/home/aajaer/microros_ws/install/geometry_msgs:/home/aajaer/microros_ws/install/std_msgs:/home/aajaer/microros_ws/install/builtin_interfaces:${AMENT_PREFIX_PATH} CMAKE_PREFIX_PATH=/home/aajaer/microros_ws/install/sensor_msgs:/home/aajaer/microros_ws/install/geometry_msgs:/home/aajaer/microros_ws/install/std_msgs:/home/aajaer/microros_ws/install/builtin_interfaces:/opt/ros/humble:/opt/ros/humble LD_LIBRARY_PATH=/home/aajaer/microros_ws/install/sensor_msgs/lib:/home/aajaer/microros_ws/install/geometry_msgs/lib:/home/aajaer/microros_ws/install/std_msgs/lib:/home/aajaer/microros_ws/install/builtin_interfaces/lib:/opt/ros/humble/opt/rviz_ogre_vendor/lib:/opt/ros/humble/lib/aarch64-linux-gnu:/opt/ros/humble/lib PYTHONPATH=/home/aajaer/microros_ws/install/sensor_msgs/local/lib/python3.10/dist-packages:/home/aajaer/microros_ws/install/geometry_msgs/local/lib/python3.10/dist-packages:/home/aajaer/microros_ws/install/std_msgs/local/lib/python3.10/dist-packages:/home/aajaer/microros_ws/install/builtin_interfaces/local/lib/python3.10/dist-packages:${PYTHONPATH} /usr/bin/cmake --install /home/aajaer/microros_ws/build/stereo_msgs
