[0.103s] Invoking command in '/home/aajaer/microros_ws/build/micro_ros_msgs': CMAKE_PREFIX_PATH=${CMAKE_PREFIX_PATH}:/home/aajaer/microros_ws/install/sensor_msgs_py:/home/aajaer/microros_ws/install/motor_control_pkg /usr/bin/cmake /home/aajaer/microros_ws/src/uros/micro_ros_msgs -DAMENT_CMAKE_SYMLINK_INSTALL=1 -DCMAKE_INSTALL_PREFIX=/home/aajaer/microros_ws/install/micro_ros_msgs
[0.151s] -- Found ament_cmake: 1.3.11 (/opt/ros/humble/share/ament_cmake/cmake)
[0.570s] -- Override CMake install command with custom implementation using symlinks instead of copying resources
[0.584s] -- Found rosidl_default_generators: 1.2.0 (/opt/ros/humble/share/rosidl_default_generators/cmake)
[0.604s] -- Using all available rosidl_typesupport_c: rosidl_typesupport_microxrcedds_c;rosidl_typesupport_fastrtps_c;rosidl_typesupport_introspection_c
[0.611s] -- Found rosidl_adapter: 3.1.6 (/opt/ros/humble/share/rosidl_adapter/cmake)
[0.699s] -- Using all available rosidl_typesupport_cpp: rosidl_typesupport_microxrcedds_cpp;rosidl_typesupport_fastrtps_cpp;rosidl_typesupport_introspection_cpp
[0.765s] -- Found ament_lint_auto: 0.12.11 (/opt/ros/humble/share/ament_lint_auto/cmake)
[1.552s] -- Found ament_cmake_ros: 0.10.0 (/opt/ros/humble/share/ament_cmake_ros/cmake)
[2.453s] -- Using all available rosidl_typesupport_c: rosidl_typesupport_microxrcedds_c;rosidl_typesupport_fastrtps_c;rosidl_typesupport_introspection_c
[3.232s] -- Using all available rosidl_typesupport_cpp: rosidl_typesupport_microxrcedds_cpp;rosidl_typesupport_fastrtps_cpp;rosidl_typesupport_introspection_cpp
[3.301s] -- Found python_cmake_module: 0.10.0 (/opt/ros/humble/share/python_cmake_module/cmake)
[3.368s] -- Using PYTHON_EXECUTABLE: /usr/bin/python3
[3.369s] -- Using PYTHON_INCLUDE_DIRS: /usr/include/python3.10
[3.369s] -- Using PYTHON_LIBRARIES: /usr/lib/aarch64-linux-gnu/libpython3.10.so
[3.449s] -- Added test 'copyright' to check source files copyright and LICENSE
[3.464s] -- Added test 'lint_cmake' to check CMake code style
[3.471s] -- Added test 'xmllint' to check XML markup files
[3.486s] -- Configuring done
[3.590s] -- Generating done
[3.615s] -- Build files have been written to: /home/aajaer/microros_ws/build/micro_ros_msgs
[3.642s] Invoked command in '/home/aajaer/microros_ws/build/micro_ros_msgs' returned '0': CMAKE_PREFIX_PATH=${CMAKE_PREFIX_PATH}:/home/aajaer/microros_ws/install/sensor_msgs_py:/home/aajaer/microros_ws/install/motor_control_pkg /usr/bin/cmake /home/aajaer/microros_ws/src/uros/micro_ros_msgs -DAMENT_CMAKE_SYMLINK_INSTALL=1 -DCMAKE_INSTALL_PREFIX=/home/aajaer/microros_ws/install/micro_ros_msgs
[3.643s] Invoking command in '/home/aajaer/microros_ws/build/micro_ros_msgs': CMAKE_PREFIX_PATH=${CMAKE_PREFIX_PATH}:/home/aajaer/microros_ws/install/sensor_msgs_py:/home/aajaer/microros_ws/install/motor_control_pkg /usr/bin/cmake --build /home/aajaer/microros_ws/build/micro_ros_msgs -- -j8 -l8
[3.817s] [35m[1mConsolidate compiler generated dependencies of target micro_ros_msgs__rosidl_generator_c[0m
[3.938s] [  8%] Built target micro_ros_msgs__rosidl_generator_c
[3.969s] [ 10%] Built target micro_ros_msgs__cpp
[4.054s] [35m[1mConsolidate compiler generated dependencies of target micro_ros_msgs__rosidl_typesupport_microxrcedds_c[0m
[4.058s] [35m[1mConsolidate compiler generated dependencies of target micro_ros_msgs__rosidl_typesupport_fastrtps_c[0m
[4.076s] [ 10%] Built target ament_cmake_python_symlink_micro_ros_msgs
[4.092s] [35m[1mConsolidate compiler generated dependencies of target micro_ros_msgs__rosidl_typesupport_introspection_c[0m
[4.117s] [35m[1mConsolidate compiler generated dependencies of target micro_ros_msgs__rosidl_typesupport_c[0m
[4.165s] [ 18%] Built target micro_ros_msgs__rosidl_typesupport_microxrcedds_c
[4.196s] [ 27%] Built target micro_ros_msgs__rosidl_typesupport_fastrtps_c
[4.245s] [ 35%] Built target micro_ros_msgs__rosidl_typesupport_introspection_c
[4.262s] [ 44%] Built target micro_ros_msgs__rosidl_typesupport_c
[4.278s] [35m[1mConsolidate compiler generated dependencies of target micro_ros_msgs__rosidl_typesupport_microxrcedds_cpp[0m
[4.291s] [35m[1mConsolidate compiler generated dependencies of target micro_ros_msgs__rosidl_typesupport_fastrtps_cpp[0m
[4.312s] [35m[1mConsolidate compiler generated dependencies of target micro_ros_msgs__rosidl_typesupport_introspection_cpp[0m
[4.329s] [35m[1mConsolidate compiler generated dependencies of target micro_ros_msgs__rosidl_typesupport_cpp[0m
[4.357s] [ 52%] Built target micro_ros_msgs__rosidl_typesupport_microxrcedds_cpp
[4.410s] [ 61%] Built target micro_ros_msgs__rosidl_typesupport_fastrtps_cpp
[4.430s] [ 77%] Built target micro_ros_msgs__rosidl_typesupport_cpp
[4.430s] [ 77%] Built target micro_ros_msgs__rosidl_typesupport_introspection_cpp
[4.588s] [ 77%] Built target micro_ros_msgs
[4.728s] [ 79%] Built target micro_ros_msgs__py
[4.781s] [35m[1mConsolidate compiler generated dependencies of target micro_ros_msgs__rosidl_generator_py[0m
[4.865s] [ 86%] Built target micro_ros_msgs__rosidl_generator_py
[4.916s] [35m[1mConsolidate compiler generated dependencies of target micro_ros_msgs__rosidl_typesupport_fastrtps_c__pyext[0m
[4.933s] [35m[1mConsolidate compiler generated dependencies of target micro_ros_msgs__rosidl_typesupport_introspection_c__pyext[0m
[4.945s] [35m[1mConsolidate compiler generated dependencies of target micro_ros_msgs__rosidl_typesupport_microxrcedds_c__pyext[0m
[4.969s] [35m[1mConsolidate compiler generated dependencies of target micro_ros_msgs__rosidl_typesupport_c__pyext[0m
[5.017s] [ 89%] Built target micro_ros_msgs__rosidl_typesupport_fastrtps_c__pyext
[5.071s] [ 93%] Built target micro_ros_msgs__rosidl_typesupport_microxrcedds_c__pyext
[5.072s] [ 96%] Built target micro_ros_msgs__rosidl_typesupport_introspection_c__pyext
[5.090s] [100%] Built target micro_ros_msgs__rosidl_typesupport_c__pyext
[5.307s] running egg_info
[5.310s] writing micro_ros_msgs.egg-info/PKG-INFO
[5.311s] writing dependency_links to micro_ros_msgs.egg-info/dependency_links.txt
[5.312s] writing top-level names to micro_ros_msgs.egg-info/top_level.txt
[5.319s] reading manifest file 'micro_ros_msgs.egg-info/SOURCES.txt'
[5.322s] writing manifest file 'micro_ros_msgs.egg-info/SOURCES.txt'
[5.453s] [100%] Built target ament_cmake_python_build_micro_ros_msgs_egg
[5.565s] Invoked command in '/home/aajaer/microros_ws/build/micro_ros_msgs' returned '0': CMAKE_PREFIX_PATH=${CMAKE_PREFIX_PATH}:/home/aajaer/microros_ws/install/sensor_msgs_py:/home/aajaer/microros_ws/install/motor_control_pkg /usr/bin/cmake --build /home/aajaer/microros_ws/build/micro_ros_msgs -- -j8 -l8
[5.568s] Invoking command in '/home/aajaer/microros_ws/build/micro_ros_msgs': CMAKE_PREFIX_PATH=${CMAKE_PREFIX_PATH}:/home/aajaer/microros_ws/install/sensor_msgs_py:/home/aajaer/microros_ws/install/motor_control_pkg /usr/bin/cmake --install /home/aajaer/microros_ws/build/micro_ros_msgs
[5.592s] -- Install configuration: ""
[5.592s] -- Execute custom install script
[5.592s] -- Up-to-date symlink: /home/aajaer/microros_ws/install/micro_ros_msgs/share/ament_index/resource_index/rosidl_interfaces/micro_ros_msgs
[5.593s] -- Up-to-date symlink: /home/aajaer/microros_ws/install/micro_ros_msgs/include/micro_ros_msgs/micro_ros_msgs/msg/detail/entity__functions.h
[5.593s] -- Up-to-date symlink: /home/aajaer/microros_ws/install/micro_ros_msgs/include/micro_ros_msgs/micro_ros_msgs/msg/detail/entity__struct.h
[5.594s] -- Up-to-date symlink: /home/aajaer/microros_ws/install/micro_ros_msgs/include/micro_ros_msgs/micro_ros_msgs/msg/detail/entity__type_support.h
[5.594s] -- Up-to-date symlink: /home/aajaer/microros_ws/install/micro_ros_msgs/include/micro_ros_msgs/micro_ros_msgs/msg/detail/graph__functions.h
[5.595s] -- Up-to-date symlink: /home/aajaer/microros_ws/install/micro_ros_msgs/include/micro_ros_msgs/micro_ros_msgs/msg/detail/graph__struct.h
[5.595s] -- Up-to-date symlink: /home/aajaer/microros_ws/install/micro_ros_msgs/include/micro_ros_msgs/micro_ros_msgs/msg/detail/graph__type_support.h
[5.596s] -- Up-to-date symlink: /home/aajaer/microros_ws/install/micro_ros_msgs/include/micro_ros_msgs/micro_ros_msgs/msg/detail/node__functions.h
[5.596s] -- Up-to-date symlink: /home/aajaer/microros_ws/install/micro_ros_msgs/include/micro_ros_msgs/micro_ros_msgs/msg/detail/node__struct.h
[5.597s] -- Up-to-date symlink: /home/aajaer/microros_ws/install/micro_ros_msgs/include/micro_ros_msgs/micro_ros_msgs/msg/detail/node__type_support.h
[5.597s] -- Up-to-date symlink: /home/aajaer/microros_ws/install/micro_ros_msgs/include/micro_ros_msgs/micro_ros_msgs/msg/entity.h
[5.598s] -- Up-to-date symlink: /home/aajaer/microros_ws/install/micro_ros_msgs/include/micro_ros_msgs/micro_ros_msgs/msg/graph.h
[5.598s] -- Up-to-date symlink: /home/aajaer/microros_ws/install/micro_ros_msgs/include/micro_ros_msgs/micro_ros_msgs/msg/node.h
[5.598s] -- Up-to-date symlink: /home/aajaer/microros_ws/install/micro_ros_msgs/include/micro_ros_msgs/micro_ros_msgs/msg/rosidl_generator_c__visibility_control.h
[5.601s] -- Up-to-date symlink: /home/aajaer/microros_ws/install/micro_ros_msgs/share/micro_ros_msgs/environment/library_path.sh
[5.609s] -- Up-to-date symlink: /home/aajaer/microros_ws/install/micro_ros_msgs/share/micro_ros_msgs/environment/library_path.dsv
[5.616s] -- Up-to-date symlink: /home/aajaer/microros_ws/install/micro_ros_msgs/include/micro_ros_msgs/msg/detail/entity__rosidl_typesupport_microxrcedds_c.h
[5.619s] -- Up-to-date symlink: /home/aajaer/microros_ws/install/micro_ros_msgs/include/micro_ros_msgs/msg/detail/graph__rosidl_typesupport_microxrcedds_c.h
[5.621s] -- Up-to-date symlink: /home/aajaer/microros_ws/install/micro_ros_msgs/include/micro_ros_msgs/msg/detail/node__rosidl_typesupport_microxrcedds_c.h
[5.625s] -- Up-to-date symlink: /home/aajaer/microros_ws/install/micro_ros_msgs/include/micro_ros_msgs/msg/rosidl_typesupport_microxrcedds_c__visibility_control.h
[5.626s] -- Up-to-date symlink: /home/aajaer/microros_ws/install/micro_ros_msgs/lib/libmicro_ros_msgs__rosidl_typesupport_microxrcedds_c.a
[5.631s] -- Up-to-date symlink: /home/aajaer/microros_ws/install/micro_ros_msgs/include/micro_ros_msgs/micro_ros_msgs/msg/detail/entity__rosidl_typesupport_fastrtps_c.h
[5.633s] -- Up-to-date symlink: /home/aajaer/microros_ws/install/micro_ros_msgs/include/micro_ros_msgs/micro_ros_msgs/msg/detail/graph__rosidl_typesupport_fastrtps_c.h
[5.634s] -- Up-to-date symlink: /home/aajaer/microros_ws/install/micro_ros_msgs/include/micro_ros_msgs/micro_ros_msgs/msg/detail/node__rosidl_typesupport_fastrtps_c.h
[5.634s] -- Up-to-date symlink: /home/aajaer/microros_ws/install/micro_ros_msgs/include/micro_ros_msgs/micro_ros_msgs/msg/rosidl_typesupport_fastrtps_c__visibility_control.h
[5.640s] -- Up-to-date symlink: /home/aajaer/microros_ws/install/micro_ros_msgs/include/micro_ros_msgs/micro_ros_msgs/msg/detail/entity__rosidl_typesupport_introspection_c.h
[5.641s] -- Up-to-date symlink: /home/aajaer/microros_ws/install/micro_ros_msgs/include/micro_ros_msgs/micro_ros_msgs/msg/detail/graph__rosidl_typesupport_introspection_c.h
[5.641s] -- Up-to-date symlink: /home/aajaer/microros_ws/install/micro_ros_msgs/include/micro_ros_msgs/micro_ros_msgs/msg/detail/node__rosidl_typesupport_introspection_c.h
[5.642s] -- Up-to-date symlink: /home/aajaer/microros_ws/install/micro_ros_msgs/include/micro_ros_msgs/micro_ros_msgs/msg/rosidl_typesupport_introspection_c__visibility_control.h
[5.642s] -- Up-to-date symlink: /home/aajaer/microros_ws/install/micro_ros_msgs/include/micro_ros_msgs/micro_ros_msgs/msg/detail/entity__builder.hpp
[5.643s] -- Up-to-date symlink: /home/aajaer/microros_ws/install/micro_ros_msgs/include/micro_ros_msgs/micro_ros_msgs/msg/detail/entity__struct.hpp
[5.643s] -- Up-to-date symlink: /home/aajaer/microros_ws/install/micro_ros_msgs/include/micro_ros_msgs/micro_ros_msgs/msg/detail/entity__traits.hpp
[5.643s] -- Up-to-date symlink: /home/aajaer/microros_ws/install/micro_ros_msgs/include/micro_ros_msgs/micro_ros_msgs/msg/detail/entity__type_support.hpp
[5.644s] -- Up-to-date symlink: /home/aajaer/microros_ws/install/micro_ros_msgs/include/micro_ros_msgs/micro_ros_msgs/msg/detail/graph__builder.hpp
[5.644s] -- Up-to-date symlink: /home/aajaer/microros_ws/install/micro_ros_msgs/include/micro_ros_msgs/micro_ros_msgs/msg/detail/graph__struct.hpp
[5.645s] -- Up-to-date symlink: /home/aajaer/microros_ws/install/micro_ros_msgs/include/micro_ros_msgs/micro_ros_msgs/msg/detail/graph__traits.hpp
[5.645s] -- Up-to-date symlink: /home/aajaer/microros_ws/install/micro_ros_msgs/include/micro_ros_msgs/micro_ros_msgs/msg/detail/graph__type_support.hpp
[5.646s] -- Up-to-date symlink: /home/aajaer/microros_ws/install/micro_ros_msgs/include/micro_ros_msgs/micro_ros_msgs/msg/detail/node__builder.hpp
[5.646s] -- Up-to-date symlink: /home/aajaer/microros_ws/install/micro_ros_msgs/include/micro_ros_msgs/micro_ros_msgs/msg/detail/node__struct.hpp
[5.647s] -- Up-to-date symlink: /home/aajaer/microros_ws/install/micro_ros_msgs/include/micro_ros_msgs/micro_ros_msgs/msg/detail/node__traits.hpp
[5.648s] -- Up-to-date symlink: /home/aajaer/microros_ws/install/micro_ros_msgs/include/micro_ros_msgs/micro_ros_msgs/msg/detail/node__type_support.hpp
[5.648s] -- Up-to-date symlink: /home/aajaer/microros_ws/install/micro_ros_msgs/include/micro_ros_msgs/micro_ros_msgs/msg/entity.hpp
[5.651s] -- Up-to-date symlink: /home/aajaer/microros_ws/install/micro_ros_msgs/include/micro_ros_msgs/micro_ros_msgs/msg/graph.hpp
[5.651s] -- Up-to-date symlink: /home/aajaer/microros_ws/install/micro_ros_msgs/include/micro_ros_msgs/micro_ros_msgs/msg/node.hpp
[5.652s] -- Up-to-date symlink: /home/aajaer/microros_ws/install/micro_ros_msgs/include/micro_ros_msgs/micro_ros_msgs/msg/rosidl_generator_cpp__visibility_control.hpp
[5.653s] -- Up-to-date symlink: /home/aajaer/microros_ws/install/micro_ros_msgs/include/micro_ros_msgs/msg/detail/entity__rosidl_typesupport_microxrcedds_cpp.hpp
[5.653s] -- Up-to-date symlink: /home/aajaer/microros_ws/install/micro_ros_msgs/include/micro_ros_msgs/msg/detail/graph__rosidl_typesupport_microxrcedds_cpp.hpp
[5.654s] -- Up-to-date symlink: /home/aajaer/microros_ws/install/micro_ros_msgs/include/micro_ros_msgs/msg/detail/microxrcedds/entity__type_support_cpp.cpp
[5.654s] -- Up-to-date symlink: /home/aajaer/microros_ws/install/micro_ros_msgs/include/micro_ros_msgs/msg/detail/microxrcedds/graph__type_support_cpp.cpp
[5.655s] -- Up-to-date symlink: /home/aajaer/microros_ws/install/micro_ros_msgs/include/micro_ros_msgs/msg/detail/microxrcedds/node__type_support_cpp.cpp
[5.656s] -- Up-to-date symlink: /home/aajaer/microros_ws/install/micro_ros_msgs/include/micro_ros_msgs/msg/detail/node__rosidl_typesupport_microxrcedds_cpp.hpp
[5.656s] -- Up-to-date symlink: /home/aajaer/microros_ws/install/micro_ros_msgs/include/micro_ros_msgs/msg/rosidl_typesupport_microxrcedds_cpp__visibility_control.h
[5.659s] -- Up-to-date symlink: /home/aajaer/microros_ws/install/micro_ros_msgs/lib/libmicro_ros_msgs__rosidl_typesupport_microxrcedds_cpp.a
[5.659s] -- Up-to-date symlink: /home/aajaer/microros_ws/install/micro_ros_msgs/include/micro_ros_msgs/micro_ros_msgs/msg/detail/entity__rosidl_typesupport_fastrtps_cpp.hpp
[5.660s] -- Up-to-date symlink: /home/aajaer/microros_ws/install/micro_ros_msgs/include/micro_ros_msgs/micro_ros_msgs/msg/detail/graph__rosidl_typesupport_fastrtps_cpp.hpp
[5.660s] -- Up-to-date symlink: /home/aajaer/microros_ws/install/micro_ros_msgs/include/micro_ros_msgs/micro_ros_msgs/msg/detail/node__rosidl_typesupport_fastrtps_cpp.hpp
[5.661s] -- Up-to-date symlink: /home/aajaer/microros_ws/install/micro_ros_msgs/include/micro_ros_msgs/micro_ros_msgs/msg/rosidl_typesupport_fastrtps_cpp__visibility_control.h
[5.662s] -- Up-to-date symlink: /home/aajaer/microros_ws/install/micro_ros_msgs/include/micro_ros_msgs/micro_ros_msgs/msg/detail/entity__rosidl_typesupport_introspection_cpp.hpp
[5.662s] -- Up-to-date symlink: /home/aajaer/microros_ws/install/micro_ros_msgs/include/micro_ros_msgs/micro_ros_msgs/msg/detail/graph__rosidl_typesupport_introspection_cpp.hpp
[5.663s] -- Up-to-date symlink: /home/aajaer/microros_ws/install/micro_ros_msgs/include/micro_ros_msgs/micro_ros_msgs/msg/detail/node__rosidl_typesupport_introspection_cpp.hpp
[5.663s] -- Up-to-date symlink: /home/aajaer/microros_ws/install/micro_ros_msgs/share/micro_ros_msgs/environment/pythonpath.sh
[5.664s] -- Up-to-date symlink: /home/aajaer/microros_ws/install/micro_ros_msgs/share/micro_ros_msgs/environment/pythonpath.dsv
[5.666s] -- Up-to-date symlink: /home/aajaer/microros_ws/install/micro_ros_msgs/local/lib/python3.10/dist-packages/micro_ros_msgs-3.0.1-py3.10.egg-info/PKG-INFO
[5.667s] -- Up-to-date symlink: /home/aajaer/microros_ws/install/micro_ros_msgs/local/lib/python3.10/dist-packages/micro_ros_msgs-3.0.1-py3.10.egg-info/SOURCES.txt
[5.668s] -- Up-to-date symlink: /home/aajaer/microros_ws/install/micro_ros_msgs/local/lib/python3.10/dist-packages/micro_ros_msgs-3.0.1-py3.10.egg-info/dependency_links.txt
[5.668s] -- Up-to-date symlink: /home/aajaer/microros_ws/install/micro_ros_msgs/local/lib/python3.10/dist-packages/micro_ros_msgs-3.0.1-py3.10.egg-info/top_level.txt
[5.668s] -- Up-to-date symlink: /home/aajaer/microros_ws/install/micro_ros_msgs/local/lib/python3.10/dist-packages/micro_ros_msgs/__init__.py
[5.672s] -- Up-to-date symlink: /home/aajaer/microros_ws/install/micro_ros_msgs/local/lib/python3.10/dist-packages/micro_ros_msgs/_micro_ros_msgs_s.ep.rosidl_typesupport_c.c
[5.672s] -- Up-to-date symlink: /home/aajaer/microros_ws/install/micro_ros_msgs/local/lib/python3.10/dist-packages/micro_ros_msgs/_micro_ros_msgs_s.ep.rosidl_typesupport_fastrtps_c.c
[5.673s] -- Up-to-date symlink: /home/aajaer/microros_ws/install/micro_ros_msgs/local/lib/python3.10/dist-packages/micro_ros_msgs/_micro_ros_msgs_s.ep.rosidl_typesupport_introspection_c.c
[5.673s] -- Up-to-date symlink: /home/aajaer/microros_ws/install/micro_ros_msgs/local/lib/python3.10/dist-packages/micro_ros_msgs/_micro_ros_msgs_s.ep.rosidl_typesupport_microxrcedds_c.c
[5.673s] -- Up-to-date symlink: /home/aajaer/microros_ws/install/micro_ros_msgs/local/lib/python3.10/dist-packages/micro_ros_msgs/libmicro_ros_msgs__rosidl_generator_py.so
[5.673s] -- Up-to-date symlink: /home/aajaer/microros_ws/install/micro_ros_msgs/local/lib/python3.10/dist-packages/micro_ros_msgs/micro_ros_msgs_s__rosidl_typesupport_c.cpython-310-aarch64-linux-gnu.so
[5.674s] -- Up-to-date symlink: /home/aajaer/microros_ws/install/micro_ros_msgs/local/lib/python3.10/dist-packages/micro_ros_msgs/micro_ros_msgs_s__rosidl_typesupport_fastrtps_c.cpython-310-aarch64-linux-gnu.so
[5.674s] -- Up-to-date symlink: /home/aajaer/microros_ws/install/micro_ros_msgs/local/lib/python3.10/dist-packages/micro_ros_msgs/micro_ros_msgs_s__rosidl_typesupport_introspection_c.cpython-310-aarch64-linux-gnu.so
[5.674s] -- Up-to-date symlink: /home/aajaer/microros_ws/install/micro_ros_msgs/local/lib/python3.10/dist-packages/micro_ros_msgs/micro_ros_msgs_s__rosidl_typesupport_microxrcedds_c.cpython-310-aarch64-linux-gnu.so
[5.674s] -- Up-to-date symlink: /home/aajaer/microros_ws/install/micro_ros_msgs/local/lib/python3.10/dist-packages/micro_ros_msgs/msg/__init__.py
[5.674s] -- Up-to-date symlink: /home/aajaer/microros_ws/install/micro_ros_msgs/local/lib/python3.10/dist-packages/micro_ros_msgs/msg/_entity.py
[5.675s] -- Up-to-date symlink: /home/aajaer/microros_ws/install/micro_ros_msgs/local/lib/python3.10/dist-packages/micro_ros_msgs/msg/_entity_s.c
[5.675s] -- Up-to-date symlink: /home/aajaer/microros_ws/install/micro_ros_msgs/local/lib/python3.10/dist-packages/micro_ros_msgs/msg/_graph.py
[5.675s] -- Up-to-date symlink: /home/aajaer/microros_ws/install/micro_ros_msgs/local/lib/python3.10/dist-packages/micro_ros_msgs/msg/_graph_s.c
[5.676s] -- Up-to-date symlink: /home/aajaer/microros_ws/install/micro_ros_msgs/local/lib/python3.10/dist-packages/micro_ros_msgs/msg/_node.py
[5.676s] -- Up-to-date symlink: /home/aajaer/microros_ws/install/micro_ros_msgs/local/lib/python3.10/dist-packages/micro_ros_msgs/msg/_node_s.c
[5.676s] -- Up-to-date symlink: /home/aajaer/microros_ws/install/micro_ros_msgs/local/lib/python3.10/dist-packages/micro_ros_msgs/micro_ros_msgs_s__rosidl_typesupport_microxrcedds_c.cpython-310-aarch64-linux-gnu.so
[5.676s] -- Up-to-date symlink: /home/aajaer/microros_ws/install/micro_ros_msgs/local/lib/python3.10/dist-packages/micro_ros_msgs/micro_ros_msgs_s__rosidl_typesupport_fastrtps_c.cpython-310-aarch64-linux-gnu.so
[5.676s] -- Up-to-date symlink: /home/aajaer/microros_ws/install/micro_ros_msgs/local/lib/python3.10/dist-packages/micro_ros_msgs/micro_ros_msgs_s__rosidl_typesupport_introspection_c.cpython-310-aarch64-linux-gnu.so
[5.676s] -- Up-to-date symlink: /home/aajaer/microros_ws/install/micro_ros_msgs/local/lib/python3.10/dist-packages/micro_ros_msgs/micro_ros_msgs_s__rosidl_typesupport_c.cpython-310-aarch64-linux-gnu.so
[5.676s] -- Up-to-date symlink: /home/aajaer/microros_ws/install/micro_ros_msgs/share/micro_ros_msgs/msg/Graph.idl
[5.677s] -- Up-to-date symlink: /home/aajaer/microros_ws/install/micro_ros_msgs/share/micro_ros_msgs/msg/Node.idl
[5.677s] -- Up-to-date symlink: /home/aajaer/microros_ws/install/micro_ros_msgs/share/micro_ros_msgs/msg/Entity.idl
[5.677s] -- Up-to-date symlink: /home/aajaer/microros_ws/install/micro_ros_msgs/share/micro_ros_msgs/msg/Graph.msg
[5.677s] -- Up-to-date symlink: /home/aajaer/microros_ws/install/micro_ros_msgs/share/micro_ros_msgs/msg/Node.msg
[5.678s] -- Up-to-date symlink: /home/aajaer/microros_ws/install/micro_ros_msgs/share/micro_ros_msgs/msg/Entity.msg
[5.678s] -- Up-to-date symlink: /home/aajaer/microros_ws/install/micro_ros_msgs/share/ament_index/resource_index/package_run_dependencies/micro_ros_msgs
[5.678s] -- Up-to-date symlink: /home/aajaer/microros_ws/install/micro_ros_msgs/share/ament_index/resource_index/parent_prefix_path/micro_ros_msgs
[5.678s] -- Up-to-date symlink: /home/aajaer/microros_ws/install/micro_ros_msgs/share/micro_ros_msgs/environment/ament_prefix_path.sh
[5.679s] -- Up-to-date symlink: /home/aajaer/microros_ws/install/micro_ros_msgs/share/micro_ros_msgs/environment/ament_prefix_path.dsv
[5.679s] -- Up-to-date symlink: /home/aajaer/microros_ws/install/micro_ros_msgs/share/micro_ros_msgs/environment/path.sh
[5.679s] -- Up-to-date symlink: /home/aajaer/microros_ws/install/micro_ros_msgs/share/micro_ros_msgs/environment/path.dsv
[5.679s] -- Up-to-date symlink: /home/aajaer/microros_ws/install/micro_ros_msgs/share/micro_ros_msgs/local_setup.bash
[5.680s] -- Up-to-date symlink: /home/aajaer/microros_ws/install/micro_ros_msgs/share/micro_ros_msgs/local_setup.sh
[5.680s] -- Up-to-date symlink: /home/aajaer/microros_ws/install/micro_ros_msgs/share/micro_ros_msgs/local_setup.zsh
[5.680s] -- Up-to-date symlink: /home/aajaer/microros_ws/install/micro_ros_msgs/share/micro_ros_msgs/local_setup.dsv
[5.680s] -- Symlinking: /home/aajaer/microros_ws/install/micro_ros_msgs/share/micro_ros_msgs/package.dsv
[5.718s] -- Up-to-date symlink: /home/aajaer/microros_ws/install/micro_ros_msgs/share/ament_index/resource_index/packages/micro_ros_msgs
[5.718s] -- Up-to-date symlink: /home/aajaer/microros_ws/install/micro_ros_msgs/share/micro_ros_msgs/cmake/rosidl_cmake-extras.cmake
[5.718s] -- Up-to-date symlink: /home/aajaer/microros_ws/install/micro_ros_msgs/share/micro_ros_msgs/cmake/ament_cmake_export_include_directories-extras.cmake
[5.718s] -- Up-to-date symlink: /home/aajaer/microros_ws/install/micro_ros_msgs/share/micro_ros_msgs/cmake/ament_cmake_export_libraries-extras.cmake
[5.718s] -- Up-to-date symlink: /home/aajaer/microros_ws/install/micro_ros_msgs/share/micro_ros_msgs/cmake/ament_cmake_export_targets-extras.cmake
[5.719s] -- Up-to-date symlink: /home/aajaer/microros_ws/install/micro_ros_msgs/share/micro_ros_msgs/cmake/rosidl_cmake_export_typesupport_targets-extras.cmake
[5.719s] -- Up-to-date symlink: /home/aajaer/microros_ws/install/micro_ros_msgs/share/micro_ros_msgs/cmake/ament_cmake_export_dependencies-extras.cmake
[5.720s] -- Up-to-date symlink: /home/aajaer/microros_ws/install/micro_ros_msgs/share/micro_ros_msgs/cmake/rosidl_cmake_export_typesupport_libraries-extras.cmake
[5.720s] -- Up-to-date symlink: /home/aajaer/microros_ws/install/micro_ros_msgs/share/micro_ros_msgs/cmake/micro_ros_msgsConfig.cmake
[5.720s] -- Up-to-date symlink: /home/aajaer/microros_ws/install/micro_ros_msgs/share/micro_ros_msgs/cmake/micro_ros_msgsConfig-version.cmake
[5.720s] -- Up-to-date symlink: /home/aajaer/microros_ws/install/micro_ros_msgs/share/micro_ros_msgs/package.xml
[5.720s] -- Up-to-date: /home/aajaer/microros_ws/install/micro_ros_msgs/lib/libmicro_ros_msgs__rosidl_generator_c.so
[5.720s] -- Up-to-date: /home/aajaer/microros_ws/install/micro_ros_msgs/lib/libmicro_ros_msgs__rosidl_typesupport_fastrtps_c.so
[5.720s] -- Up-to-date: /home/aajaer/microros_ws/install/micro_ros_msgs/lib/libmicro_ros_msgs__rosidl_typesupport_introspection_c.so
[5.721s] -- Up-to-date: /home/aajaer/microros_ws/install/micro_ros_msgs/lib/libmicro_ros_msgs__rosidl_typesupport_c.so
[5.741s] -- Up-to-date: /home/aajaer/microros_ws/install/micro_ros_msgs/lib/libmicro_ros_msgs__rosidl_typesupport_fastrtps_cpp.so
[5.742s] -- Up-to-date: /home/aajaer/microros_ws/install/micro_ros_msgs/lib/libmicro_ros_msgs__rosidl_typesupport_introspection_cpp.so
[5.742s] -- Up-to-date: /home/aajaer/microros_ws/install/micro_ros_msgs/lib/libmicro_ros_msgs__rosidl_typesupport_cpp.so
[5.854s] Listing '/home/aajaer/microros_ws/install/micro_ros_msgs/local/lib/python3.10/dist-packages/micro_ros_msgs'...
[5.854s] Compiling '/home/aajaer/microros_ws/install/micro_ros_msgs/local/lib/python3.10/dist-packages/micro_ros_msgs/__init__.py'...
[5.854s] Listing '/home/aajaer/microros_ws/install/micro_ros_msgs/local/lib/python3.10/dist-packages/micro_ros_msgs/msg'...
[5.872s] -- Up-to-date: /home/aajaer/microros_ws/install/micro_ros_msgs/lib/libmicro_ros_msgs__rosidl_generator_py.so
[5.874s] -- Up-to-date: /home/aajaer/microros_ws/install/micro_ros_msgs/share/micro_ros_msgs/cmake/export_micro_ros_msgs__rosidl_generator_cExport.cmake
[5.875s] -- Up-to-date: /home/aajaer/microros_ws/install/micro_ros_msgs/share/micro_ros_msgs/cmake/export_micro_ros_msgs__rosidl_generator_cExport-noconfig.cmake
[5.877s] -- Up-to-date: /home/aajaer/microros_ws/install/micro_ros_msgs/share/micro_ros_msgs/cmake/export_micro_ros_msgs__rosidl_typesupport_fastrtps_cExport.cmake
[5.877s] -- Up-to-date: /home/aajaer/microros_ws/install/micro_ros_msgs/share/micro_ros_msgs/cmake/export_micro_ros_msgs__rosidl_typesupport_fastrtps_cExport-noconfig.cmake
[5.878s] -- Up-to-date: /home/aajaer/microros_ws/install/micro_ros_msgs/share/micro_ros_msgs/cmake/micro_ros_msgs__rosidl_typesupport_introspection_cExport.cmake
[5.878s] -- Up-to-date: /home/aajaer/microros_ws/install/micro_ros_msgs/share/micro_ros_msgs/cmake/micro_ros_msgs__rosidl_typesupport_introspection_cExport-noconfig.cmake
[5.879s] -- Up-to-date: /home/aajaer/microros_ws/install/micro_ros_msgs/share/micro_ros_msgs/cmake/micro_ros_msgs__rosidl_typesupport_cExport.cmake
[5.879s] -- Up-to-date: /home/aajaer/microros_ws/install/micro_ros_msgs/share/micro_ros_msgs/cmake/micro_ros_msgs__rosidl_typesupport_cExport-noconfig.cmake
[5.879s] -- Up-to-date: /home/aajaer/microros_ws/install/micro_ros_msgs/share/micro_ros_msgs/cmake/export_micro_ros_msgs__rosidl_generator_cppExport.cmake
[5.880s] -- Up-to-date: /home/aajaer/microros_ws/install/micro_ros_msgs/share/micro_ros_msgs/cmake/export_micro_ros_msgs__rosidl_typesupport_fastrtps_cppExport.cmake
[5.881s] -- Up-to-date: /home/aajaer/microros_ws/install/micro_ros_msgs/share/micro_ros_msgs/cmake/export_micro_ros_msgs__rosidl_typesupport_fastrtps_cppExport-noconfig.cmake
[5.881s] -- Up-to-date: /home/aajaer/microros_ws/install/micro_ros_msgs/share/micro_ros_msgs/cmake/micro_ros_msgs__rosidl_typesupport_introspection_cppExport.cmake
[5.882s] -- Up-to-date: /home/aajaer/microros_ws/install/micro_ros_msgs/share/micro_ros_msgs/cmake/micro_ros_msgs__rosidl_typesupport_introspection_cppExport-noconfig.cmake
[5.883s] -- Up-to-date: /home/aajaer/microros_ws/install/micro_ros_msgs/share/micro_ros_msgs/cmake/micro_ros_msgs__rosidl_typesupport_cppExport.cmake
[5.883s] -- Up-to-date: /home/aajaer/microros_ws/install/micro_ros_msgs/share/micro_ros_msgs/cmake/micro_ros_msgs__rosidl_typesupport_cppExport-noconfig.cmake
[5.884s] -- Up-to-date: /home/aajaer/microros_ws/install/micro_ros_msgs/share/micro_ros_msgs/cmake/export_micro_ros_msgs__rosidl_generator_pyExport.cmake
[5.884s] -- Up-to-date: /home/aajaer/microros_ws/install/micro_ros_msgs/share/micro_ros_msgs/cmake/export_micro_ros_msgs__rosidl_generator_pyExport-noconfig.cmake
[5.900s] Invoked command in '/home/aajaer/microros_ws/build/micro_ros_msgs' returned '0': CMAKE_PREFIX_PATH=${CMAKE_PREFIX_PATH}:/home/aajaer/microros_ws/install/sensor_msgs_py:/home/aajaer/microros_ws/install/motor_control_pkg /usr/bin/cmake --install /home/aajaer/microros_ws/build/micro_ros_msgs
