[0.047s] Invoking command in '/home/aajaer/microros_ws/build/rmw_microxrcedds': AMENT_PREFIX_PATH=/home/aajaer/microros_ws/install/rosidl_typesupport_microxrcedds_cpp:/home/aajaer/microros_ws/install/rosidl_typesupport_microxrcedds_c:/home/aajaer/microros_ws/install/micro_ros_msgs:${AMENT_PREFIX_PATH} CMAKE_PREFIX_PATH=/home/aajaer/microros_ws/install/rosidl_typesupport_microxrcedds_cpp:/home/aajaer/microros_ws/install/rosidl_typesupport_microxrcedds_c:/home/aajaer/microros_ws/install/microxrcedds_client:/home/aajaer/microros_ws/install/microcdr:/home/aajaer/microros_ws/install/micro_ros_msgs:/opt/ros/humble:/opt/ros/humble LD_LIBRARY_PATH=/home/aajaer/microros_ws/install/rosidl_typesupport_microxrcedds_cpp/lib:/home/aajaer/microros_ws/install/rosidl_typesupport_microxrcedds_c/lib:/home/aajaer/microros_ws/install/micro_ros_msgs/lib:/opt/ros/humble/opt/rviz_ogre_vendor/lib:/opt/ros/humble/lib/aarch64-linux-gnu:/opt/ros/humble/lib PYTHONPATH=/home/aajaer/microros_ws/install/rosidl_typesupport_microxrcedds_cpp/local/lib/python3.10/dist-packages:/home/aajaer/microros_ws/install/rosidl_typesupport_microxrcedds_c/local/lib/python3.10/dist-packages:/home/aajaer/microros_ws/install/micro_ros_msgs/local/lib/python3.10/dist-packages:${PYTHONPATH} /usr/bin/cmake /home/aajaer/microros_ws/src/uros/rmw_microxrcedds/rmw_microxrcedds_c -DAMENT_CMAKE_SYMLINK_INSTALL=1 -DCMAKE_INSTALL_PREFIX=/home/aajaer/microros_ws/install/rmw_microxrcedds
[1.066s] -- The C compiler identification is GNU 11.4.0
[1.067s] -- Detecting C compiler ABI info
[1.067s] -- Detecting C compiler ABI info - done
[1.067s] -- Check for working C compiler: /usr/bin/cc - skipped
[1.067s] -- Detecting C compile features
[1.067s] -- Detecting C compile features - done
[1.067s] -- Found ament_cmake_ros: 0.10.0 (/opt/ros/humble/share/ament_cmake_ros/cmake)
[1.068s] -- Found Python3: /usr/bin/python3 (found version "3.10.12") found components: Interpreter 
[1.068s] -- Override CMake install command with custom implementation using symlinks instead of copying resources
[1.068s] -- Found rcutils: 5.1.6 (/opt/ros/humble/share/rcutils/cmake)
[1.095s] -- Found rosidl_runtime_c: 3.1.6 (/opt/ros/humble/share/rosidl_runtime_c/cmake)
[1.127s] -- Found rmw: 6.1.2 (/opt/ros/humble/share/rmw/cmake)
[1.131s] -- Found rosidl_typesupport_microxrcedds_c: 3.0.1 (/home/aajaer/microros_ws/install/rosidl_typesupport_microxrcedds_c/share/rosidl_typesupport_microxrcedds_c/cmake)
[1.145s] -- Found rosidl_adapter: 3.1.6 (/opt/ros/humble/share/rosidl_adapter/cmake)
[1.161s] -- Found ament_lint_auto: 0.12.11 (/opt/ros/humble/share/ament_lint_auto/cmake)
[1.513s] -- The CXX compiler identification is GNU 11.4.0
[1.536s] -- Detecting CXX compiler ABI info
[1.798s] -- Detecting CXX compiler ABI info - done
[1.810s] -- Check for working CXX compiler: /usr/bin/c++ - skipped
[1.810s] -- Detecting CXX compile features
[1.810s] -- Detecting CXX compile features - done
[1.816s] -- Found gtest sources under '/opt/ros/humble/src/gtest_vendor': C++ tests using 'Google Test' will be built
[1.824s] -- Looking for pthread.h
[1.971s] -- Looking for pthread.h - found
[1.972s] -- Performing Test CMAKE_HAVE_LIBC_PTHREAD
[2.142s] -- Performing Test CMAKE_HAVE_LIBC_PTHREAD - Success
[2.142s] -- Found Threads: TRUE  
[2.239s] -- Added test 'copyright' to check source files copyright and LICENSE
[2.248s] -- Added test 'cppcheck' to perform static code analysis on C / C++ code
[2.248s] -- Configured cppcheck include dirs: $<BUILD_INTERFACE:/home/aajaer/microros_ws/src/uros/rmw_microxrcedds/rmw_microxrcedds_c/include>;$<BUILD_INTERFACE:/home/aajaer/microros_ws/src/uros/rmw_microxrcedds/rmw_microxrcedds_c/src>
[2.248s] -- Configured cppcheck exclude dirs and/or files: 
[2.258s] -- Added test 'cpplint' to check C / C++ code against the Google style
[2.258s] -- Configured cpplint exclude dirs and/or files: 
[2.263s] -- Added test 'lint_cmake' to check CMake code style
[2.280s] -- Added test 'uncrustify' to check C / C++ code style
[2.280s] -- Configured uncrustify additional arguments: 
[2.280s] -- Added test 'xmllint' to check XML markup files
[2.285s] -- Configuring done
[2.356s] -- Generating done
[2.378s] -- Build files have been written to: /home/aajaer/microros_ws/build/rmw_microxrcedds
[2.409s] Invoked command in '/home/aajaer/microros_ws/build/rmw_microxrcedds' returned '0': AMENT_PREFIX_PATH=/home/aajaer/microros_ws/install/rosidl_typesupport_microxrcedds_cpp:/home/aajaer/microros_ws/install/rosidl_typesupport_microxrcedds_c:/home/aajaer/microros_ws/install/micro_ros_msgs:${AMENT_PREFIX_PATH} CMAKE_PREFIX_PATH=/home/aajaer/microros_ws/install/rosidl_typesupport_microxrcedds_cpp:/home/aajaer/microros_ws/install/rosidl_typesupport_microxrcedds_c:/home/aajaer/microros_ws/install/microxrcedds_client:/home/aajaer/microros_ws/install/microcdr:/home/aajaer/microros_ws/install/micro_ros_msgs:/opt/ros/humble:/opt/ros/humble LD_LIBRARY_PATH=/home/aajaer/microros_ws/install/rosidl_typesupport_microxrcedds_cpp/lib:/home/aajaer/microros_ws/install/rosidl_typesupport_microxrcedds_c/lib:/home/aajaer/microros_ws/install/micro_ros_msgs/lib:/opt/ros/humble/opt/rviz_ogre_vendor/lib:/opt/ros/humble/lib/aarch64-linux-gnu:/opt/ros/humble/lib PYTHONPATH=/home/aajaer/microros_ws/install/rosidl_typesupport_microxrcedds_cpp/local/lib/python3.10/dist-packages:/home/aajaer/microros_ws/install/rosidl_typesupport_microxrcedds_c/local/lib/python3.10/dist-packages:/home/aajaer/microros_ws/install/micro_ros_msgs/local/lib/python3.10/dist-packages:${PYTHONPATH} /usr/bin/cmake /home/aajaer/microros_ws/src/uros/rmw_microxrcedds/rmw_microxrcedds_c -DAMENT_CMAKE_SYMLINK_INSTALL=1 -DCMAKE_INSTALL_PREFIX=/home/aajaer/microros_ws/install/rmw_microxrcedds
[2.417s] Invoking command in '/home/aajaer/microros_ws/build/rmw_microxrcedds': AMENT_PREFIX_PATH=/home/aajaer/microros_ws/install/rosidl_typesupport_microxrcedds_cpp:/home/aajaer/microros_ws/install/rosidl_typesupport_microxrcedds_c:/home/aajaer/microros_ws/install/micro_ros_msgs:${AMENT_PREFIX_PATH} CMAKE_PREFIX_PATH=/home/aajaer/microros_ws/install/rosidl_typesupport_microxrcedds_cpp:/home/aajaer/microros_ws/install/rosidl_typesupport_microxrcedds_c:/home/aajaer/microros_ws/install/microxrcedds_client:/home/aajaer/microros_ws/install/microcdr:/home/aajaer/microros_ws/install/micro_ros_msgs:/opt/ros/humble:/opt/ros/humble LD_LIBRARY_PATH=/home/aajaer/microros_ws/install/rosidl_typesupport_microxrcedds_cpp/lib:/home/aajaer/microros_ws/install/rosidl_typesupport_microxrcedds_c/lib:/home/aajaer/microros_ws/install/micro_ros_msgs/lib:/opt/ros/humble/opt/rviz_ogre_vendor/lib:/opt/ros/humble/lib/aarch64-linux-gnu:/opt/ros/humble/lib PYTHONPATH=/home/aajaer/microros_ws/install/rosidl_typesupport_microxrcedds_cpp/local/lib/python3.10/dist-packages:/home/aajaer/microros_ws/install/rosidl_typesupport_microxrcedds_c/local/lib/python3.10/dist-packages:/home/aajaer/microros_ws/install/micro_ros_msgs/local/lib/python3.10/dist-packages:${PYTHONPATH} /usr/bin/cmake --build /home/aajaer/microros_ws/build/rmw_microxrcedds -- -j8 -l8
[2.532s] [  1%] [32mBuilding C object CMakeFiles/rmw_microxrcedds.dir/src/identifiers.c.o[0m
[2.578s] [  2%] [32mBuilding C object CMakeFiles/rmw_microxrcedds.dir/src/rmw_event.c.o[0m
[2.676s] [  3%] [32mBuilding C object CMakeFiles/rmw_microxrcedds.dir/src/rmw_features.c.o[0m
[2.767s] [  4%] [32mBuilding C object CMakeFiles/rmw_microxrcedds.dir/src/rmw_get_gid_for_publisher.c.o[0m
[2.903s] [  5%] [32mBuilding C object CMakeFiles/rmw_microxrcedds.dir/src/rmw_get_implementation_identifier.c.o[0m
[3.086s] [  7%] [32mBuilding C object CMakeFiles/rmw_microxrcedds.dir/src/rmw_get_serialization_format.c.o[0m
[3.262s] [  8%] [32mBuilding C object CMakeFiles/rmw_microxrcedds.dir/src/rmw_get_topic_endpoint_info.c.o[0m
[3.419s] [  9%] [32mBuilding C object CMakeFiles/rmw_microxrcedds.dir/src/rmw_get_endpoint_network_flow.c.o[0m
[3.529s] [ 10%] [32mBuilding C object CMakeFiles/rmw_microxrcedds.dir/src/rmw_qos_profile_check_compatible.c.o[0m
[3.631s] [ 11%] [32mBuilding C object CMakeFiles/rmw_microxrcedds.dir/src/rmw_guard_condition.c.o[0m
[3.758s] [ 13%] [32mBuilding C object CMakeFiles/rmw_microxrcedds.dir/src/rmw_init.c.o[0m
[3.934s] [ 14%] [32mBuilding C object CMakeFiles/rmw_microxrcedds.dir/src/rmw_logging.c.o[0m
[4.040s] [ 15%] [32mBuilding C object CMakeFiles/rmw_microxrcedds.dir/src/rmw_microxrcedds_topic.c.o[0m
[4.173s] [ 16%] [32mBuilding C object CMakeFiles/rmw_microxrcedds.dir/src/rmw_node.c.o[0m
[4.349s] [ 17%] [32mBuilding C object CMakeFiles/rmw_microxrcedds.dir/src/rmw_node_info_and_types.c.o[0m
[4.488s] [ 19%] [32mBuilding C object CMakeFiles/rmw_microxrcedds.dir/src/rmw_node_names.c.o[0m
[4.632s] [ 20%] [32mBuilding C object CMakeFiles/rmw_microxrcedds.dir/src/rmw_publish.c.o[0m
[4.776s] [ 21%] [32mBuilding C object CMakeFiles/rmw_microxrcedds.dir/src/rmw_publisher.c.o[0m
[4.961s] [ 22%] [32mBuilding C object CMakeFiles/rmw_microxrcedds.dir/src/rmw_request.c.o[0m
[5.106s] [ 23%] [32mBuilding C object CMakeFiles/rmw_microxrcedds.dir/src/rmw_response.c.o[0m
[5.261s] [ 25%] [32mBuilding C object CMakeFiles/rmw_microxrcedds.dir/src/rmw_serialize.c.o[0m
[5.373s] [ 26%] [32mBuilding C object CMakeFiles/rmw_microxrcedds.dir/src/rmw_service.c.o[0m
[5.554s] [ 27%] [32mBuilding C object CMakeFiles/rmw_microxrcedds.dir/src/rmw_service_names_and_types.c.o[0m
[5.689s] [ 28%] [32mBuilding C object CMakeFiles/rmw_microxrcedds.dir/src/rmw_service_server_is_available.c.o[0m
[5.798s] [ 29%] [32mBuilding C object CMakeFiles/rmw_microxrcedds.dir/src/rmw_subscription.c.o[0m
[5.986s] [ 30%] [32mBuilding C object CMakeFiles/rmw_microxrcedds.dir/src/rmw_take.c.o[0m
[6.220s] [ 32%] [32mBuilding C object CMakeFiles/rmw_microxrcedds.dir/src/rmw_topic_names_and_types.c.o[0m
[6.352s] [ 33%] [32mBuilding C object CMakeFiles/rmw_microxrcedds.dir/src/rmw_trigger_guard_condition.c.o[0m
[6.481s] [ 34%] [32mBuilding C object CMakeFiles/rmw_microxrcedds.dir/src/rmw_wait.c.o[0m
[6.638s] [ 35%] [32mBuilding C object CMakeFiles/rmw_microxrcedds.dir/src/rmw_wait_set.c.o[0m
[6.773s] [ 36%] [32mBuilding C object CMakeFiles/rmw_microxrcedds.dir/src/types.c.o[0m
[6.996s] [ 38%] [32mBuilding C object CMakeFiles/rmw_microxrcedds.dir/src/utils.c.o[0m
[7.191s] [ 39%] [32mBuilding C object CMakeFiles/rmw_microxrcedds.dir/src/callbacks.c.o[0m
[7.331s] [ 40%] [32mBuilding C object CMakeFiles/rmw_microxrcedds.dir/src/rmw_event_callbacks.c.o[0m
[7.441s] [ 41%] [32mBuilding C object CMakeFiles/rmw_microxrcedds.dir/src/rmw_uxrce_transports.c.o[0m
[7.591s] [ 42%] [32mBuilding C object CMakeFiles/rmw_microxrcedds.dir/src/rmw_microros/continous_serialization.c.o[0m
[7.746s] [ 44%] [32mBuilding C object CMakeFiles/rmw_microxrcedds.dir/src/rmw_microros/init_options.c.o[0m
[7.889s] [ 45%] [32mBuilding C object CMakeFiles/rmw_microxrcedds.dir/src/rmw_microros/time_sync.c.o[0m
[8.051s] [ 46%] [32mBuilding C object CMakeFiles/rmw_microxrcedds.dir/src/rmw_microros/ping.c.o[0m
[8.187s] [ 47%] [32mBuilding C object CMakeFiles/rmw_microxrcedds.dir/src/rmw_microros/timing.c.o[0m
[8.323s] [ 48%] [32mBuilding C object CMakeFiles/rmw_microxrcedds.dir/src/rmw_microros/discovery.c.o[0m
[8.465s] [ 50%] [32mBuilding C object CMakeFiles/rmw_microxrcedds.dir/src/rmw_microros/error_handling.c.o[0m
[8.570s] [ 51%] [32mBuilding C object CMakeFiles/rmw_microxrcedds.dir/src/rmw_count.c.o[0m
[8.705s] [ 52%] [32mBuilding C object CMakeFiles/rmw_microxrcedds.dir/src/rmw_compare_gids_equal.c.o[0m
[8.819s] [ 53%] [32mBuilding C object CMakeFiles/rmw_microxrcedds.dir/src/rmw_client.c.o[0m
[8.983s] [ 54%] [32mBuilding C object CMakeFiles/rmw_microxrcedds.dir/src/memory.c.o[0m
[9.080s] [ 55%] [32m[1mLinking C shared library librmw_microxrcedds.so[0m
[9.253s] [ 55%] Built target rmw_microxrcedds
[9.299s] [ 57%] [32mBuilding CXX object gtest/CMakeFiles/gtest.dir/src/gtest-all.cc.o[0m
[17.250s] [ 58%] [32m[1mLinking CXX static library libgtest.a[0m
[17.488s] [ 58%] Built target gtest
[17.531s] [ 59%] [32mBuilding CXX object gtest/CMakeFiles/gtest_main.dir/src/gtest_main.cc.o[0m
[19.725s] [ 60%] [32m[1mLinking CXX static library libgtest_main.a[0m
[19.872s] [ 60%] Built target gtest_main
[19.920s] [ 61%] [32mBuilding CXX object test/CMakeFiles/test-node.dir/test_node.cpp.o[0m
[21.853s] [ 63%] [32mBuilding CXX object test/CMakeFiles/test-node.dir/test_utils.cpp.o[0m
[22.321s] [ 64%] [32m[1mLinking CXX executable test-node[0m
[22.680s] [ 64%] Built target test-node
[22.735s] [ 65%] [32mBuilding CXX object test/CMakeFiles/test-topic.dir/test_topic.cpp.o[0m
[24.738s] [ 66%] [32mBuilding CXX object test/CMakeFiles/test-topic.dir/test_utils.cpp.o[0m
[25.203s] [ 67%] [32m[1mLinking CXX executable test-topic[0m
[25.560s] [ 67%] Built target test-topic
[25.604s] [ 69%] [32mBuilding CXX object test/CMakeFiles/test-rmw.dir/test_rmw.cpp.o[0m
[27.419s] [ 70%] [32mBuilding CXX object test/CMakeFiles/test-rmw.dir/test_utils.cpp.o[0m
[27.881s] [ 71%] [32m[1mLinking CXX executable test-rmw[0m
[28.242s] [ 71%] Built target test-rmw
[28.286s] [ 72%] [32mBuilding CXX object test/CMakeFiles/test-sizes.dir/test_sizes.cpp.o[0m
[30.020s] [ 73%] [32mBuilding CXX object test/CMakeFiles/test-sizes.dir/test_utils.cpp.o[0m
[30.498s] [ 75%] [32m[1mLinking CXX executable test-sizes[0m
[30.821s] [ 75%] Built target test-sizes
[30.868s] [ 76%] [32mBuilding CXX object test/CMakeFiles/test-guardcond.dir/test_guard_condition.cpp.o[0m
[32.785s] [ 77%] [32mBuilding CXX object test/CMakeFiles/test-guardcond.dir/test_utils.cpp.o[0m
[33.257s] [ 78%] [32m[1mLinking CXX executable test-guardcond[0m
[33.572s] [ 78%] Built target test-guardcond
[33.623s] [ 79%] [32mBuilding CXX object test/CMakeFiles/test-reqres.dir/test_reqres.cpp.o[0m
[36.100s] [ 80%] [32mBuilding CXX object test/CMakeFiles/test-reqres.dir/test_utils.cpp.o[0m
[36.587s] [ 82%] [32m[1mLinking CXX executable test-reqres[0m
[37.052s] [ 82%] Built target test-reqres
[37.102s] [ 83%] [32mBuilding CXX object test/CMakeFiles/test-pubsub.dir/test_pubsub.cpp.o[0m
[39.957s] [ 84%] [32mBuilding CXX object test/CMakeFiles/test-pubsub.dir/test_utils.cpp.o[0m
[40.448s] [ 85%] [32m[1mLinking CXX executable test-pubsub[0m
[40.818s] [ 85%] Built target test-pubsub
[40.867s] [ 86%] [32mBuilding CXX object test/CMakeFiles/test-subscriber.dir/test_subscription.cpp.o[0m
[43.099s] [ 88%] [32mBuilding CXX object test/CMakeFiles/test-subscriber.dir/test_utils.cpp.o[0m
[43.573s] [ 89%] [32m[1mLinking CXX executable test-subscriber[0m
[43.907s] [ 89%] Built target test-subscriber
[43.950s] [ 90%] [32mBuilding CXX object test/CMakeFiles/test-client.dir/test_client.cpp.o[0m
[45.962s] [ 91%] [32mBuilding CXX object test/CMakeFiles/test-client.dir/test_utils.cpp.o[0m
[46.473s] [ 92%] [32m[1mLinking CXX executable test-client[0m
[46.848s] [ 92%] Built target test-client
[46.897s] [ 94%] [32mBuilding CXX object test/CMakeFiles/test-service.dir/test_service.cpp.o[0m
[49.235s] [ 95%] [32mBuilding CXX object test/CMakeFiles/test-service.dir/test_utils.cpp.o[0m
[49.742s] [ 96%] [32m[1mLinking CXX executable test-service[0m
[50.072s] [ 96%] Built target test-service
[50.120s] [ 97%] [32mBuilding CXX object test/CMakeFiles/test-publisher.dir/test_publisher.cpp.o[0m
[52.441s] [ 98%] [32mBuilding CXX object test/CMakeFiles/test-publisher.dir/test_utils.cpp.o[0m
[52.952s] [100%] [32m[1mLinking CXX executable test-publisher[0m
[53.347s] [100%] Built target test-publisher
[53.381s] Invoked command in '/home/aajaer/microros_ws/build/rmw_microxrcedds' returned '0': AMENT_PREFIX_PATH=/home/aajaer/microros_ws/install/rosidl_typesupport_microxrcedds_cpp:/home/aajaer/microros_ws/install/rosidl_typesupport_microxrcedds_c:/home/aajaer/microros_ws/install/micro_ros_msgs:${AMENT_PREFIX_PATH} CMAKE_PREFIX_PATH=/home/aajaer/microros_ws/install/rosidl_typesupport_microxrcedds_cpp:/home/aajaer/microros_ws/install/rosidl_typesupport_microxrcedds_c:/home/aajaer/microros_ws/install/microxrcedds_client:/home/aajaer/microros_ws/install/microcdr:/home/aajaer/microros_ws/install/micro_ros_msgs:/opt/ros/humble:/opt/ros/humble LD_LIBRARY_PATH=/home/aajaer/microros_ws/install/rosidl_typesupport_microxrcedds_cpp/lib:/home/aajaer/microros_ws/install/rosidl_typesupport_microxrcedds_c/lib:/home/aajaer/microros_ws/install/micro_ros_msgs/lib:/opt/ros/humble/opt/rviz_ogre_vendor/lib:/opt/ros/humble/lib/aarch64-linux-gnu:/opt/ros/humble/lib PYTHONPATH=/home/aajaer/microros_ws/install/rosidl_typesupport_microxrcedds_cpp/local/lib/python3.10/dist-packages:/home/aajaer/microros_ws/install/rosidl_typesupport_microxrcedds_c/local/lib/python3.10/dist-packages:/home/aajaer/microros_ws/install/micro_ros_msgs/local/lib/python3.10/dist-packages:${PYTHONPATH} /usr/bin/cmake --build /home/aajaer/microros_ws/build/rmw_microxrcedds -- -j8 -l8
[53.422s] Invoking command in '/home/aajaer/microros_ws/build/rmw_microxrcedds': AMENT_PREFIX_PATH=/home/aajaer/microros_ws/install/rosidl_typesupport_microxrcedds_cpp:/home/aajaer/microros_ws/install/rosidl_typesupport_microxrcedds_c:/home/aajaer/microros_ws/install/micro_ros_msgs:${AMENT_PREFIX_PATH} CMAKE_PREFIX_PATH=/home/aajaer/microros_ws/install/rosidl_typesupport_microxrcedds_cpp:/home/aajaer/microros_ws/install/rosidl_typesupport_microxrcedds_c:/home/aajaer/microros_ws/install/microxrcedds_client:/home/aajaer/microros_ws/install/microcdr:/home/aajaer/microros_ws/install/micro_ros_msgs:/opt/ros/humble:/opt/ros/humble LD_LIBRARY_PATH=/home/aajaer/microros_ws/install/rosidl_typesupport_microxrcedds_cpp/lib:/home/aajaer/microros_ws/install/rosidl_typesupport_microxrcedds_c/lib:/home/aajaer/microros_ws/install/micro_ros_msgs/lib:/opt/ros/humble/opt/rviz_ogre_vendor/lib:/opt/ros/humble/lib/aarch64-linux-gnu:/opt/ros/humble/lib PYTHONPATH=/home/aajaer/microros_ws/install/rosidl_typesupport_microxrcedds_cpp/local/lib/python3.10/dist-packages:/home/aajaer/microros_ws/install/rosidl_typesupport_microxrcedds_c/local/lib/python3.10/dist-packages:/home/aajaer/microros_ws/install/micro_ros_msgs/local/lib/python3.10/dist-packages:${PYTHONPATH} /usr/bin/cmake --install /home/aajaer/microros_ws/build/rmw_microxrcedds
[55.683s] -- Install configuration: ""
[55.684s] -- Execute custom install script
[55.685s] -- Symlinking: /home/aajaer/microros_ws/install/rmw_microxrcedds/share/rmw_microxrcedds/environment/library_path.sh
[55.687s] -- Symlinking: /home/aajaer/microros_ws/install/rmw_microxrcedds/share/rmw_microxrcedds/environment/library_path.dsv
[55.689s] -- Symlinking: /home/aajaer/microros_ws/install/rmw_microxrcedds/share/ament_index/resource_index/rmw_typesupport_c/rmw_microxrcedds
[55.689s] -- Symlinking: /home/aajaer/microros_ws/install/rmw_microxrcedds/share/ament_index/resource_index/rmw_typesupport/rmw_microxrcedds
[55.689s] -- Symlinking: /home/aajaer/microros_ws/install/rmw_microxrcedds/share/ament_index/resource_index/package_run_dependencies/rmw_microxrcedds
[55.689s] -- Symlinking: /home/aajaer/microros_ws/install/rmw_microxrcedds/share/ament_index/resource_index/parent_prefix_path/rmw_microxrcedds
[55.689s] -- Symlinking: /home/aajaer/microros_ws/install/rmw_microxrcedds/share/rmw_microxrcedds/environment/ament_prefix_path.sh
[55.689s] -- Symlinking: /home/aajaer/microros_ws/install/rmw_microxrcedds/share/rmw_microxrcedds/environment/ament_prefix_path.dsv
[55.689s] -- Symlinking: /home/aajaer/microros_ws/install/rmw_microxrcedds/share/rmw_microxrcedds/environment/path.sh
[55.690s] -- Symlinking: /home/aajaer/microros_ws/install/rmw_microxrcedds/share/rmw_microxrcedds/environment/path.dsv
[55.690s] -- Symlinking: /home/aajaer/microros_ws/install/rmw_microxrcedds/share/rmw_microxrcedds/local_setup.bash
[55.690s] -- Symlinking: /home/aajaer/microros_ws/install/rmw_microxrcedds/share/rmw_microxrcedds/local_setup.sh
[55.690s] -- Symlinking: /home/aajaer/microros_ws/install/rmw_microxrcedds/share/rmw_microxrcedds/local_setup.zsh
[55.690s] -- Symlinking: /home/aajaer/microros_ws/install/rmw_microxrcedds/share/rmw_microxrcedds/local_setup.dsv
[55.690s] -- Symlinking: /home/aajaer/microros_ws/install/rmw_microxrcedds/share/rmw_microxrcedds/package.dsv
[55.690s] -- Symlinking: /home/aajaer/microros_ws/install/rmw_microxrcedds/share/ament_index/resource_index/packages/rmw_microxrcedds
[55.690s] -- Symlinking: /home/aajaer/microros_ws/install/rmw_microxrcedds/share/rmw_microxrcedds/cmake/ament_cmake_export_include_directories-extras.cmake
[55.691s] -- Symlinking: /home/aajaer/microros_ws/install/rmw_microxrcedds/share/rmw_microxrcedds/cmake/ament_cmake_export_libraries-extras.cmake
[55.691s] -- Symlinking: /home/aajaer/microros_ws/install/rmw_microxrcedds/share/rmw_microxrcedds/cmake/ament_cmake_export_dependencies-extras.cmake
[55.691s] -- Symlinking: /home/aajaer/microros_ws/install/rmw_microxrcedds/share/rmw_microxrcedds/cmake/rmw_microxrceddsConfig.cmake
[55.691s] -- Symlinking: /home/aajaer/microros_ws/install/rmw_microxrcedds/share/rmw_microxrcedds/cmake/rmw_microxrceddsConfig-version.cmake
[55.691s] -- Symlinking: /home/aajaer/microros_ws/install/rmw_microxrcedds/share/rmw_microxrcedds/package.xml
[55.691s] -- Symlinking: /home/aajaer/microros_ws/install/rmw_microxrcedds/include/rmw_microros/continous_serialization.h
[55.691s] -- Symlinking: /home/aajaer/microros_ws/install/rmw_microxrcedds/include/rmw_microros/custom_transport.h
[55.691s] -- Symlinking: /home/aajaer/microros_ws/install/rmw_microxrcedds/include/rmw_microros/discovery.h
[55.692s] -- Symlinking: /home/aajaer/microros_ws/install/rmw_microxrcedds/include/rmw_microros/error_handling.h
[55.692s] -- Symlinking: /home/aajaer/microros_ws/install/rmw_microxrcedds/include/rmw_microros/init_options.h
[55.692s] -- Symlinking: /home/aajaer/microros_ws/install/rmw_microxrcedds/include/rmw_microros/ping.h
[55.692s] -- Symlinking: /home/aajaer/microros_ws/install/rmw_microxrcedds/include/rmw_microros/rmw_microros.h
[55.692s] -- Symlinking: /home/aajaer/microros_ws/install/rmw_microxrcedds/include/rmw_microros/time_sync.h
[55.692s] -- Symlinking: /home/aajaer/microros_ws/install/rmw_microxrcedds/include/rmw_microros/timing.h
[55.692s] -- Symlinking: /home/aajaer/microros_ws/install/rmw_microxrcedds/include/rmw_microxrcedds_c/rmw_c_macros.h
[55.692s] -- Symlinking: /home/aajaer/microros_ws/install/rmw_microxrcedds/include/rmw_microxrcedds_c/config.h
[55.692s] -- Symlinking: /home/aajaer/microros_ws/install/rmw_microxrcedds/lib/librmw_microxrcedds.so
[55.695s] Invoked command in '/home/aajaer/microros_ws/build/rmw_microxrcedds' returned '0': AMENT_PREFIX_PATH=/home/aajaer/microros_ws/install/rosidl_typesupport_microxrcedds_cpp:/home/aajaer/microros_ws/install/rosidl_typesupport_microxrcedds_c:/home/aajaer/microros_ws/install/micro_ros_msgs:${AMENT_PREFIX_PATH} CMAKE_PREFIX_PATH=/home/aajaer/microros_ws/install/rosidl_typesupport_microxrcedds_cpp:/home/aajaer/microros_ws/install/rosidl_typesupport_microxrcedds_c:/home/aajaer/microros_ws/install/microxrcedds_client:/home/aajaer/microros_ws/install/microcdr:/home/aajaer/microros_ws/install/micro_ros_msgs:/opt/ros/humble:/opt/ros/humble LD_LIBRARY_PATH=/home/aajaer/microros_ws/install/rosidl_typesupport_microxrcedds_cpp/lib:/home/aajaer/microros_ws/install/rosidl_typesupport_microxrcedds_c/lib:/home/aajaer/microros_ws/install/micro_ros_msgs/lib:/opt/ros/humble/opt/rviz_ogre_vendor/lib:/opt/ros/humble/lib/aarch64-linux-gnu:/opt/ros/humble/lib PYTHONPATH=/home/aajaer/microros_ws/install/rosidl_typesupport_microxrcedds_cpp/local/lib/python3.10/dist-packages:/home/aajaer/microros_ws/install/rosidl_typesupport_microxrcedds_c/local/lib/python3.10/dist-packages:/home/aajaer/microros_ws/install/micro_ros_msgs/local/lib/python3.10/dist-packages:${PYTHONPATH} /usr/bin/cmake --install /home/aajaer/microros_ws/build/rmw_microxrcedds
