[0.077s] Invoking command in '/home/aajaer/microros_ws/build/lifecycle_msgs': CMAKE_PREFIX_PATH=${CMAKE_PREFIX_PATH}:/home/aajaer/microros_ws/install/sensor_msgs_py:/home/aajaer/microros_ws/install/motor_control_pkg /usr/bin/cmake --build /home/aajaer/microros_ws/build/lifecycle_msgs -- -j8 -l8
[0.305s] [ 10%] Built target lifecycle_msgs__rosidl_generator_c
[0.338s] [ 10%] Built target lifecycle_msgs__cpp
[0.492s] [ 10%] Built target ament_cmake_python_symlink_lifecycle_msgs
[0.545s] [ 19%] Built target lifecycle_msgs__rosidl_typesupport_microxrcedds_c
[0.607s] [ 28%] Built target lifecycle_msgs__rosidl_typesupport_c
[0.635s] [ 37%] Built target lifecycle_msgs__rosidl_typesupport_fastrtps_c
[0.652s] [ 46%] Built target lifecycle_msgs__rosidl_typesupport_fastrtps_cpp
[0.669s] [ 56%] Built target lifecycle_msgs__rosidl_typesupport_microxrcedds_cpp
[0.677s] [ 65%] Built target lifecycle_msgs__rosidl_typesupport_introspection_c
[0.711s] [ 74%] Built target lifecycle_msgs__rosidl_typesupport_introspection_cpp
[0.798s] [ 83%] Built target lifecycle_msgs__rosidl_typesupport_cpp
[0.926s] [ 83%] Built target lifecycle_msgs
[1.053s] [ 84%] Built target lifecycle_msgs__py
[1.207s] [ 92%] Built target lifecycle_msgs__rosidl_generator_py
[1.394s] [ 94%] Built target lifecycle_msgs__rosidl_typesupport_microxrcedds_c__pyext
[1.409s] [ 96%] Built target lifecycle_msgs__rosidl_typesupport_fastrtps_c__pyext
[1.450s] [ 98%] Built target lifecycle_msgs__rosidl_typesupport_introspection_c__pyext
[1.456s] [100%] Built target lifecycle_msgs__rosidl_typesupport_c__pyext
[1.623s] running egg_info
[1.625s] writing lifecycle_msgs.egg-info/PKG-INFO
[1.627s] writing dependency_links to lifecycle_msgs.egg-info/dependency_links.txt
[1.627s] writing top-level names to lifecycle_msgs.egg-info/top_level.txt
[1.633s] reading manifest file 'lifecycle_msgs.egg-info/SOURCES.txt'
[1.634s] writing manifest file 'lifecycle_msgs.egg-info/SOURCES.txt'
[1.772s] [100%] Built target ament_cmake_python_build_lifecycle_msgs_egg
[1.825s] Invoked command in '/home/aajaer/microros_ws/build/lifecycle_msgs' returned '0': CMAKE_PREFIX_PATH=${CMAKE_PREFIX_PATH}:/home/aajaer/microros_ws/install/sensor_msgs_py:/home/aajaer/microros_ws/install/motor_control_pkg /usr/bin/cmake --build /home/aajaer/microros_ws/build/lifecycle_msgs -- -j8 -l8
[1.825s] Invoking command in '/home/aajaer/microros_ws/build/lifecycle_msgs': CMAKE_PREFIX_PATH=${CMAKE_PREFIX_PATH}:/home/aajaer/microros_ws/install/sensor_msgs_py:/home/aajaer/microros_ws/install/motor_control_pkg /usr/bin/cmake --install /home/aajaer/microros_ws/build/lifecycle_msgs
[1.841s] -- Install configuration: ""
[1.842s] -- Execute custom install script
[1.842s] -- Up-to-date symlink: /home/aajaer/microros_ws/install/lifecycle_msgs/share/ament_index/resource_index/rosidl_interfaces/lifecycle_msgs
[1.843s] -- Up-to-date symlink: /home/aajaer/microros_ws/install/lifecycle_msgs/include/lifecycle_msgs/lifecycle_msgs/msg/detail/state__functions.h
[1.843s] -- Up-to-date symlink: /home/aajaer/microros_ws/install/lifecycle_msgs/include/lifecycle_msgs/lifecycle_msgs/msg/detail/state__struct.h
[1.844s] -- Up-to-date symlink: /home/aajaer/microros_ws/install/lifecycle_msgs/include/lifecycle_msgs/lifecycle_msgs/msg/detail/state__type_support.h
[1.844s] -- Up-to-date symlink: /home/aajaer/microros_ws/install/lifecycle_msgs/include/lifecycle_msgs/lifecycle_msgs/msg/detail/transition__functions.h
[1.844s] -- Up-to-date symlink: /home/aajaer/microros_ws/install/lifecycle_msgs/include/lifecycle_msgs/lifecycle_msgs/msg/detail/transition__struct.h
[1.845s] -- Up-to-date symlink: /home/aajaer/microros_ws/install/lifecycle_msgs/include/lifecycle_msgs/lifecycle_msgs/msg/detail/transition__type_support.h
[1.845s] -- Up-to-date symlink: /home/aajaer/microros_ws/install/lifecycle_msgs/include/lifecycle_msgs/lifecycle_msgs/msg/detail/transition_description__functions.h
[1.845s] -- Up-to-date symlink: /home/aajaer/microros_ws/install/lifecycle_msgs/include/lifecycle_msgs/lifecycle_msgs/msg/detail/transition_description__struct.h
[1.845s] -- Up-to-date symlink: /home/aajaer/microros_ws/install/lifecycle_msgs/include/lifecycle_msgs/lifecycle_msgs/msg/detail/transition_description__type_support.h
[1.846s] -- Up-to-date symlink: /home/aajaer/microros_ws/install/lifecycle_msgs/include/lifecycle_msgs/lifecycle_msgs/msg/detail/transition_event__functions.h
[1.846s] -- Up-to-date symlink: /home/aajaer/microros_ws/install/lifecycle_msgs/include/lifecycle_msgs/lifecycle_msgs/msg/detail/transition_event__struct.h
[1.846s] -- Up-to-date symlink: /home/aajaer/microros_ws/install/lifecycle_msgs/include/lifecycle_msgs/lifecycle_msgs/msg/detail/transition_event__type_support.h
[1.847s] -- Up-to-date symlink: /home/aajaer/microros_ws/install/lifecycle_msgs/include/lifecycle_msgs/lifecycle_msgs/msg/rosidl_generator_c__visibility_control.h
[1.847s] -- Up-to-date symlink: /home/aajaer/microros_ws/install/lifecycle_msgs/include/lifecycle_msgs/lifecycle_msgs/msg/state.h
[1.847s] -- Up-to-date symlink: /home/aajaer/microros_ws/install/lifecycle_msgs/include/lifecycle_msgs/lifecycle_msgs/msg/transition.h
[1.847s] -- Up-to-date symlink: /home/aajaer/microros_ws/install/lifecycle_msgs/include/lifecycle_msgs/lifecycle_msgs/msg/transition_description.h
[1.848s] -- Up-to-date symlink: /home/aajaer/microros_ws/install/lifecycle_msgs/include/lifecycle_msgs/lifecycle_msgs/msg/transition_event.h
[1.848s] -- Up-to-date symlink: /home/aajaer/microros_ws/install/lifecycle_msgs/include/lifecycle_msgs/lifecycle_msgs/srv/change_state.h
[1.848s] -- Up-to-date symlink: /home/aajaer/microros_ws/install/lifecycle_msgs/include/lifecycle_msgs/lifecycle_msgs/srv/detail/change_state__functions.h
[1.848s] -- Up-to-date symlink: /home/aajaer/microros_ws/install/lifecycle_msgs/include/lifecycle_msgs/lifecycle_msgs/srv/detail/change_state__struct.h
[1.849s] -- Up-to-date symlink: /home/aajaer/microros_ws/install/lifecycle_msgs/include/lifecycle_msgs/lifecycle_msgs/srv/detail/change_state__type_support.h
[1.849s] -- Up-to-date symlink: /home/aajaer/microros_ws/install/lifecycle_msgs/include/lifecycle_msgs/lifecycle_msgs/srv/detail/get_available_states__functions.h
[1.849s] -- Up-to-date symlink: /home/aajaer/microros_ws/install/lifecycle_msgs/include/lifecycle_msgs/lifecycle_msgs/srv/detail/get_available_states__struct.h
[1.849s] -- Up-to-date symlink: /home/aajaer/microros_ws/install/lifecycle_msgs/include/lifecycle_msgs/lifecycle_msgs/srv/detail/get_available_states__type_support.h
[1.850s] -- Up-to-date symlink: /home/aajaer/microros_ws/install/lifecycle_msgs/include/lifecycle_msgs/lifecycle_msgs/srv/detail/get_available_transitions__functions.h
[1.850s] -- Up-to-date symlink: /home/aajaer/microros_ws/install/lifecycle_msgs/include/lifecycle_msgs/lifecycle_msgs/srv/detail/get_available_transitions__struct.h
[1.850s] -- Up-to-date symlink: /home/aajaer/microros_ws/install/lifecycle_msgs/include/lifecycle_msgs/lifecycle_msgs/srv/detail/get_available_transitions__type_support.h
[1.851s] -- Up-to-date symlink: /home/aajaer/microros_ws/install/lifecycle_msgs/include/lifecycle_msgs/lifecycle_msgs/srv/detail/get_state__functions.h
[1.851s] -- Up-to-date symlink: /home/aajaer/microros_ws/install/lifecycle_msgs/include/lifecycle_msgs/lifecycle_msgs/srv/detail/get_state__struct.h
[1.851s] -- Up-to-date symlink: /home/aajaer/microros_ws/install/lifecycle_msgs/include/lifecycle_msgs/lifecycle_msgs/srv/detail/get_state__type_support.h
[1.851s] -- Up-to-date symlink: /home/aajaer/microros_ws/install/lifecycle_msgs/include/lifecycle_msgs/lifecycle_msgs/srv/get_available_states.h
[1.852s] -- Up-to-date symlink: /home/aajaer/microros_ws/install/lifecycle_msgs/include/lifecycle_msgs/lifecycle_msgs/srv/get_available_transitions.h
[1.852s] -- Up-to-date symlink: /home/aajaer/microros_ws/install/lifecycle_msgs/include/lifecycle_msgs/lifecycle_msgs/srv/get_state.h
[1.853s] -- Up-to-date symlink: /home/aajaer/microros_ws/install/lifecycle_msgs/share/lifecycle_msgs/environment/library_path.sh
[1.853s] -- Up-to-date symlink: /home/aajaer/microros_ws/install/lifecycle_msgs/share/lifecycle_msgs/environment/library_path.dsv
[1.853s] -- Up-to-date symlink: /home/aajaer/microros_ws/install/lifecycle_msgs/include/lifecycle_msgs/msg/detail/state__rosidl_typesupport_microxrcedds_c.h
[1.854s] -- Up-to-date symlink: /home/aajaer/microros_ws/install/lifecycle_msgs/include/lifecycle_msgs/msg/detail/transition__rosidl_typesupport_microxrcedds_c.h
[1.854s] -- Up-to-date symlink: /home/aajaer/microros_ws/install/lifecycle_msgs/include/lifecycle_msgs/msg/detail/transition_description__rosidl_typesupport_microxrcedds_c.h
[1.854s] -- Up-to-date symlink: /home/aajaer/microros_ws/install/lifecycle_msgs/include/lifecycle_msgs/msg/detail/transition_event__rosidl_typesupport_microxrcedds_c.h
[1.855s] -- Up-to-date symlink: /home/aajaer/microros_ws/install/lifecycle_msgs/include/lifecycle_msgs/msg/rosidl_typesupport_microxrcedds_c__visibility_control.h
[1.855s] -- Up-to-date symlink: /home/aajaer/microros_ws/install/lifecycle_msgs/include/lifecycle_msgs/srv/detail/change_state__rosidl_typesupport_microxrcedds_c.h
[1.855s] -- Up-to-date symlink: /home/aajaer/microros_ws/install/lifecycle_msgs/include/lifecycle_msgs/srv/detail/get_available_states__rosidl_typesupport_microxrcedds_c.h
[1.856s] -- Up-to-date symlink: /home/aajaer/microros_ws/install/lifecycle_msgs/include/lifecycle_msgs/srv/detail/get_available_transitions__rosidl_typesupport_microxrcedds_c.h
[1.856s] -- Up-to-date symlink: /home/aajaer/microros_ws/install/lifecycle_msgs/include/lifecycle_msgs/srv/detail/get_state__rosidl_typesupport_microxrcedds_c.h
[1.857s] -- Up-to-date symlink: /home/aajaer/microros_ws/install/lifecycle_msgs/lib/liblifecycle_msgs__rosidl_typesupport_microxrcedds_c.a
[1.857s] -- Up-to-date symlink: /home/aajaer/microros_ws/install/lifecycle_msgs/include/lifecycle_msgs/lifecycle_msgs/msg/detail/state__rosidl_typesupport_fastrtps_c.h
[1.858s] -- Up-to-date symlink: /home/aajaer/microros_ws/install/lifecycle_msgs/include/lifecycle_msgs/lifecycle_msgs/msg/detail/transition__rosidl_typesupport_fastrtps_c.h
[1.858s] -- Up-to-date symlink: /home/aajaer/microros_ws/install/lifecycle_msgs/include/lifecycle_msgs/lifecycle_msgs/msg/detail/transition_description__rosidl_typesupport_fastrtps_c.h
[1.858s] -- Up-to-date symlink: /home/aajaer/microros_ws/install/lifecycle_msgs/include/lifecycle_msgs/lifecycle_msgs/msg/detail/transition_event__rosidl_typesupport_fastrtps_c.h
[1.859s] -- Up-to-date symlink: /home/aajaer/microros_ws/install/lifecycle_msgs/include/lifecycle_msgs/lifecycle_msgs/msg/rosidl_typesupport_fastrtps_c__visibility_control.h
[1.859s] -- Up-to-date symlink: /home/aajaer/microros_ws/install/lifecycle_msgs/include/lifecycle_msgs/lifecycle_msgs/srv/detail/change_state__rosidl_typesupport_fastrtps_c.h
[1.859s] -- Up-to-date symlink: /home/aajaer/microros_ws/install/lifecycle_msgs/include/lifecycle_msgs/lifecycle_msgs/srv/detail/get_available_states__rosidl_typesupport_fastrtps_c.h
[1.860s] -- Up-to-date symlink: /home/aajaer/microros_ws/install/lifecycle_msgs/include/lifecycle_msgs/lifecycle_msgs/srv/detail/get_available_transitions__rosidl_typesupport_fastrtps_c.h
[1.860s] -- Up-to-date symlink: /home/aajaer/microros_ws/install/lifecycle_msgs/include/lifecycle_msgs/lifecycle_msgs/srv/detail/get_state__rosidl_typesupport_fastrtps_c.h
[1.861s] -- Up-to-date symlink: /home/aajaer/microros_ws/install/lifecycle_msgs/include/lifecycle_msgs/lifecycle_msgs/msg/detail/state__rosidl_typesupport_introspection_c.h
[1.861s] -- Up-to-date symlink: /home/aajaer/microros_ws/install/lifecycle_msgs/include/lifecycle_msgs/lifecycle_msgs/msg/detail/transition__rosidl_typesupport_introspection_c.h
[1.862s] -- Up-to-date symlink: /home/aajaer/microros_ws/install/lifecycle_msgs/include/lifecycle_msgs/lifecycle_msgs/msg/detail/transition_description__rosidl_typesupport_introspection_c.h
[1.862s] -- Up-to-date symlink: /home/aajaer/microros_ws/install/lifecycle_msgs/include/lifecycle_msgs/lifecycle_msgs/msg/detail/transition_event__rosidl_typesupport_introspection_c.h
[1.862s] -- Up-to-date symlink: /home/aajaer/microros_ws/install/lifecycle_msgs/include/lifecycle_msgs/lifecycle_msgs/msg/rosidl_typesupport_introspection_c__visibility_control.h
[1.862s] -- Up-to-date symlink: /home/aajaer/microros_ws/install/lifecycle_msgs/include/lifecycle_msgs/lifecycle_msgs/srv/detail/change_state__rosidl_typesupport_introspection_c.h
[1.863s] -- Up-to-date symlink: /home/aajaer/microros_ws/install/lifecycle_msgs/include/lifecycle_msgs/lifecycle_msgs/srv/detail/get_available_states__rosidl_typesupport_introspection_c.h
[1.863s] -- Up-to-date symlink: /home/aajaer/microros_ws/install/lifecycle_msgs/include/lifecycle_msgs/lifecycle_msgs/srv/detail/get_available_transitions__rosidl_typesupport_introspection_c.h
[1.864s] -- Up-to-date symlink: /home/aajaer/microros_ws/install/lifecycle_msgs/include/lifecycle_msgs/lifecycle_msgs/srv/detail/get_state__rosidl_typesupport_introspection_c.h
[1.864s] -- Up-to-date symlink: /home/aajaer/microros_ws/install/lifecycle_msgs/include/lifecycle_msgs/lifecycle_msgs/msg/detail/state__builder.hpp
[1.865s] -- Up-to-date symlink: /home/aajaer/microros_ws/install/lifecycle_msgs/include/lifecycle_msgs/lifecycle_msgs/msg/detail/state__struct.hpp
[1.865s] -- Up-to-date symlink: /home/aajaer/microros_ws/install/lifecycle_msgs/include/lifecycle_msgs/lifecycle_msgs/msg/detail/state__traits.hpp
[1.865s] -- Up-to-date symlink: /home/aajaer/microros_ws/install/lifecycle_msgs/include/lifecycle_msgs/lifecycle_msgs/msg/detail/state__type_support.hpp
[1.865s] -- Up-to-date symlink: /home/aajaer/microros_ws/install/lifecycle_msgs/include/lifecycle_msgs/lifecycle_msgs/msg/detail/transition__builder.hpp
[1.865s] -- Up-to-date symlink: /home/aajaer/microros_ws/install/lifecycle_msgs/include/lifecycle_msgs/lifecycle_msgs/msg/detail/transition__struct.hpp
[1.866s] -- Up-to-date symlink: /home/aajaer/microros_ws/install/lifecycle_msgs/include/lifecycle_msgs/lifecycle_msgs/msg/detail/transition__traits.hpp
[1.866s] -- Up-to-date symlink: /home/aajaer/microros_ws/install/lifecycle_msgs/include/lifecycle_msgs/lifecycle_msgs/msg/detail/transition__type_support.hpp
[1.866s] -- Up-to-date symlink: /home/aajaer/microros_ws/install/lifecycle_msgs/include/lifecycle_msgs/lifecycle_msgs/msg/detail/transition_description__builder.hpp
[1.866s] -- Up-to-date symlink: /home/aajaer/microros_ws/install/lifecycle_msgs/include/lifecycle_msgs/lifecycle_msgs/msg/detail/transition_description__struct.hpp
[1.867s] -- Up-to-date symlink: /home/aajaer/microros_ws/install/lifecycle_msgs/include/lifecycle_msgs/lifecycle_msgs/msg/detail/transition_description__traits.hpp
[1.867s] -- Up-to-date symlink: /home/aajaer/microros_ws/install/lifecycle_msgs/include/lifecycle_msgs/lifecycle_msgs/msg/detail/transition_description__type_support.hpp
[1.867s] -- Up-to-date symlink: /home/aajaer/microros_ws/install/lifecycle_msgs/include/lifecycle_msgs/lifecycle_msgs/msg/detail/transition_event__builder.hpp
[1.867s] -- Up-to-date symlink: /home/aajaer/microros_ws/install/lifecycle_msgs/include/lifecycle_msgs/lifecycle_msgs/msg/detail/transition_event__struct.hpp
[1.867s] -- Up-to-date symlink: /home/aajaer/microros_ws/install/lifecycle_msgs/include/lifecycle_msgs/lifecycle_msgs/msg/detail/transition_event__traits.hpp
[1.868s] -- Up-to-date symlink: /home/aajaer/microros_ws/install/lifecycle_msgs/include/lifecycle_msgs/lifecycle_msgs/msg/detail/transition_event__type_support.hpp
[1.868s] -- Up-to-date symlink: /home/aajaer/microros_ws/install/lifecycle_msgs/include/lifecycle_msgs/lifecycle_msgs/msg/rosidl_generator_cpp__visibility_control.hpp
[1.868s] -- Up-to-date symlink: /home/aajaer/microros_ws/install/lifecycle_msgs/include/lifecycle_msgs/lifecycle_msgs/msg/state.hpp
[1.868s] -- Up-to-date symlink: /home/aajaer/microros_ws/install/lifecycle_msgs/include/lifecycle_msgs/lifecycle_msgs/msg/transition.hpp
[1.868s] -- Up-to-date symlink: /home/aajaer/microros_ws/install/lifecycle_msgs/include/lifecycle_msgs/lifecycle_msgs/msg/transition_description.hpp
[1.868s] -- Up-to-date symlink: /home/aajaer/microros_ws/install/lifecycle_msgs/include/lifecycle_msgs/lifecycle_msgs/msg/transition_event.hpp
[1.868s] -- Up-to-date symlink: /home/aajaer/microros_ws/install/lifecycle_msgs/include/lifecycle_msgs/lifecycle_msgs/srv/change_state.hpp
[1.868s] -- Up-to-date symlink: /home/aajaer/microros_ws/install/lifecycle_msgs/include/lifecycle_msgs/lifecycle_msgs/srv/detail/change_state__builder.hpp
[1.869s] -- Up-to-date symlink: /home/aajaer/microros_ws/install/lifecycle_msgs/include/lifecycle_msgs/lifecycle_msgs/srv/detail/change_state__struct.hpp
[1.869s] -- Up-to-date symlink: /home/aajaer/microros_ws/install/lifecycle_msgs/include/lifecycle_msgs/lifecycle_msgs/srv/detail/change_state__traits.hpp
[1.869s] -- Up-to-date symlink: /home/aajaer/microros_ws/install/lifecycle_msgs/include/lifecycle_msgs/lifecycle_msgs/srv/detail/change_state__type_support.hpp
[1.869s] -- Up-to-date symlink: /home/aajaer/microros_ws/install/lifecycle_msgs/include/lifecycle_msgs/lifecycle_msgs/srv/detail/get_available_states__builder.hpp
[1.869s] -- Up-to-date symlink: /home/aajaer/microros_ws/install/lifecycle_msgs/include/lifecycle_msgs/lifecycle_msgs/srv/detail/get_available_states__struct.hpp
[1.869s] -- Up-to-date symlink: /home/aajaer/microros_ws/install/lifecycle_msgs/include/lifecycle_msgs/lifecycle_msgs/srv/detail/get_available_states__traits.hpp
[1.869s] -- Up-to-date symlink: /home/aajaer/microros_ws/install/lifecycle_msgs/include/lifecycle_msgs/lifecycle_msgs/srv/detail/get_available_states__type_support.hpp
[1.870s] -- Up-to-date symlink: /home/aajaer/microros_ws/install/lifecycle_msgs/include/lifecycle_msgs/lifecycle_msgs/srv/detail/get_available_transitions__builder.hpp
[1.870s] -- Up-to-date symlink: /home/aajaer/microros_ws/install/lifecycle_msgs/include/lifecycle_msgs/lifecycle_msgs/srv/detail/get_available_transitions__struct.hpp
[1.870s] -- Up-to-date symlink: /home/aajaer/microros_ws/install/lifecycle_msgs/include/lifecycle_msgs/lifecycle_msgs/srv/detail/get_available_transitions__traits.hpp
[1.870s] -- Up-to-date symlink: /home/aajaer/microros_ws/install/lifecycle_msgs/include/lifecycle_msgs/lifecycle_msgs/srv/detail/get_available_transitions__type_support.hpp
[1.870s] -- Up-to-date symlink: /home/aajaer/microros_ws/install/lifecycle_msgs/include/lifecycle_msgs/lifecycle_msgs/srv/detail/get_state__builder.hpp
[1.871s] -- Up-to-date symlink: /home/aajaer/microros_ws/install/lifecycle_msgs/include/lifecycle_msgs/lifecycle_msgs/srv/detail/get_state__struct.hpp
[1.871s] -- Up-to-date symlink: /home/aajaer/microros_ws/install/lifecycle_msgs/include/lifecycle_msgs/lifecycle_msgs/srv/detail/get_state__traits.hpp
[1.871s] -- Up-to-date symlink: /home/aajaer/microros_ws/install/lifecycle_msgs/include/lifecycle_msgs/lifecycle_msgs/srv/detail/get_state__type_support.hpp
[1.871s] -- Up-to-date symlink: /home/aajaer/microros_ws/install/lifecycle_msgs/include/lifecycle_msgs/lifecycle_msgs/srv/get_available_states.hpp
[1.871s] -- Up-to-date symlink: /home/aajaer/microros_ws/install/lifecycle_msgs/include/lifecycle_msgs/lifecycle_msgs/srv/get_available_transitions.hpp
[1.871s] -- Up-to-date symlink: /home/aajaer/microros_ws/install/lifecycle_msgs/include/lifecycle_msgs/lifecycle_msgs/srv/get_state.hpp
[1.872s] -- Up-to-date symlink: /home/aajaer/microros_ws/install/lifecycle_msgs/include/lifecycle_msgs/msg/detail/microxrcedds/state__type_support_cpp.cpp
[1.872s] -- Up-to-date symlink: /home/aajaer/microros_ws/install/lifecycle_msgs/include/lifecycle_msgs/msg/detail/microxrcedds/transition__type_support_cpp.cpp
[1.872s] -- Up-to-date symlink: /home/aajaer/microros_ws/install/lifecycle_msgs/include/lifecycle_msgs/msg/detail/microxrcedds/transition_description__type_support_cpp.cpp
[1.872s] -- Up-to-date symlink: /home/aajaer/microros_ws/install/lifecycle_msgs/include/lifecycle_msgs/msg/detail/microxrcedds/transition_event__type_support_cpp.cpp
[1.872s] -- Up-to-date symlink: /home/aajaer/microros_ws/install/lifecycle_msgs/include/lifecycle_msgs/msg/detail/state__rosidl_typesupport_microxrcedds_cpp.hpp
[1.872s] -- Up-to-date symlink: /home/aajaer/microros_ws/install/lifecycle_msgs/include/lifecycle_msgs/msg/detail/transition__rosidl_typesupport_microxrcedds_cpp.hpp
[1.873s] -- Up-to-date symlink: /home/aajaer/microros_ws/install/lifecycle_msgs/include/lifecycle_msgs/msg/detail/transition_description__rosidl_typesupport_microxrcedds_cpp.hpp
[1.873s] -- Up-to-date symlink: /home/aajaer/microros_ws/install/lifecycle_msgs/include/lifecycle_msgs/msg/detail/transition_event__rosidl_typesupport_microxrcedds_cpp.hpp
[1.873s] -- Up-to-date symlink: /home/aajaer/microros_ws/install/lifecycle_msgs/include/lifecycle_msgs/msg/rosidl_typesupport_microxrcedds_cpp__visibility_control.h
[1.873s] -- Up-to-date symlink: /home/aajaer/microros_ws/install/lifecycle_msgs/include/lifecycle_msgs/srv/detail/change_state__rosidl_typesupport_microxrcedds_cpp.hpp
[1.873s] -- Up-to-date symlink: /home/aajaer/microros_ws/install/lifecycle_msgs/include/lifecycle_msgs/srv/detail/get_available_states__rosidl_typesupport_microxrcedds_cpp.hpp
[1.873s] -- Up-to-date symlink: /home/aajaer/microros_ws/install/lifecycle_msgs/include/lifecycle_msgs/srv/detail/get_available_transitions__rosidl_typesupport_microxrcedds_cpp.hpp
[1.873s] -- Up-to-date symlink: /home/aajaer/microros_ws/install/lifecycle_msgs/include/lifecycle_msgs/srv/detail/get_state__rosidl_typesupport_microxrcedds_cpp.hpp
[1.874s] -- Up-to-date symlink: /home/aajaer/microros_ws/install/lifecycle_msgs/include/lifecycle_msgs/srv/detail/microxrcedds/change_state__type_support_cpp.cpp
[1.874s] -- Up-to-date symlink: /home/aajaer/microros_ws/install/lifecycle_msgs/include/lifecycle_msgs/srv/detail/microxrcedds/get_available_states__type_support_cpp.cpp
[1.874s] -- Up-to-date symlink: /home/aajaer/microros_ws/install/lifecycle_msgs/include/lifecycle_msgs/srv/detail/microxrcedds/get_available_transitions__type_support_cpp.cpp
[1.874s] -- Up-to-date symlink: /home/aajaer/microros_ws/install/lifecycle_msgs/include/lifecycle_msgs/srv/detail/microxrcedds/get_state__type_support_cpp.cpp
[1.874s] -- Up-to-date symlink: /home/aajaer/microros_ws/install/lifecycle_msgs/lib/liblifecycle_msgs__rosidl_typesupport_microxrcedds_cpp.a
[1.876s] -- Up-to-date symlink: /home/aajaer/microros_ws/install/lifecycle_msgs/include/lifecycle_msgs/lifecycle_msgs/msg/detail/state__rosidl_typesupport_fastrtps_cpp.hpp
[1.876s] -- Up-to-date symlink: /home/aajaer/microros_ws/install/lifecycle_msgs/include/lifecycle_msgs/lifecycle_msgs/msg/detail/transition__rosidl_typesupport_fastrtps_cpp.hpp
[1.877s] -- Up-to-date symlink: /home/aajaer/microros_ws/install/lifecycle_msgs/include/lifecycle_msgs/lifecycle_msgs/msg/detail/transition_description__rosidl_typesupport_fastrtps_cpp.hpp
[1.877s] -- Up-to-date symlink: /home/aajaer/microros_ws/install/lifecycle_msgs/include/lifecycle_msgs/lifecycle_msgs/msg/detail/transition_event__rosidl_typesupport_fastrtps_cpp.hpp
[1.877s] -- Up-to-date symlink: /home/aajaer/microros_ws/install/lifecycle_msgs/include/lifecycle_msgs/lifecycle_msgs/msg/rosidl_typesupport_fastrtps_cpp__visibility_control.h
[1.878s] -- Up-to-date symlink: /home/aajaer/microros_ws/install/lifecycle_msgs/include/lifecycle_msgs/lifecycle_msgs/srv/detail/change_state__rosidl_typesupport_fastrtps_cpp.hpp
[1.878s] -- Up-to-date symlink: /home/aajaer/microros_ws/install/lifecycle_msgs/include/lifecycle_msgs/lifecycle_msgs/srv/detail/get_available_states__rosidl_typesupport_fastrtps_cpp.hpp
[1.878s] -- Up-to-date symlink: /home/aajaer/microros_ws/install/lifecycle_msgs/include/lifecycle_msgs/lifecycle_msgs/srv/detail/get_available_transitions__rosidl_typesupport_fastrtps_cpp.hpp
[1.879s] -- Up-to-date symlink: /home/aajaer/microros_ws/install/lifecycle_msgs/include/lifecycle_msgs/lifecycle_msgs/srv/detail/get_state__rosidl_typesupport_fastrtps_cpp.hpp
[1.879s] -- Up-to-date symlink: /home/aajaer/microros_ws/install/lifecycle_msgs/include/lifecycle_msgs/lifecycle_msgs/msg/detail/state__rosidl_typesupport_introspection_cpp.hpp
[1.879s] -- Up-to-date symlink: /home/aajaer/microros_ws/install/lifecycle_msgs/include/lifecycle_msgs/lifecycle_msgs/msg/detail/transition__rosidl_typesupport_introspection_cpp.hpp
[1.880s] -- Up-to-date symlink: /home/aajaer/microros_ws/install/lifecycle_msgs/include/lifecycle_msgs/lifecycle_msgs/msg/detail/transition_description__rosidl_typesupport_introspection_cpp.hpp
[1.880s] -- Up-to-date symlink: /home/aajaer/microros_ws/install/lifecycle_msgs/include/lifecycle_msgs/lifecycle_msgs/msg/detail/transition_event__rosidl_typesupport_introspection_cpp.hpp
[1.880s] -- Up-to-date symlink: /home/aajaer/microros_ws/install/lifecycle_msgs/include/lifecycle_msgs/lifecycle_msgs/srv/detail/change_state__rosidl_typesupport_introspection_cpp.hpp
[1.880s] -- Up-to-date symlink: /home/aajaer/microros_ws/install/lifecycle_msgs/include/lifecycle_msgs/lifecycle_msgs/srv/detail/get_available_states__rosidl_typesupport_introspection_cpp.hpp
[1.880s] -- Up-to-date symlink: /home/aajaer/microros_ws/install/lifecycle_msgs/include/lifecycle_msgs/lifecycle_msgs/srv/detail/get_available_transitions__rosidl_typesupport_introspection_cpp.hpp
[1.880s] -- Up-to-date symlink: /home/aajaer/microros_ws/install/lifecycle_msgs/include/lifecycle_msgs/lifecycle_msgs/srv/detail/get_state__rosidl_typesupport_introspection_cpp.hpp
[1.881s] -- Up-to-date symlink: /home/aajaer/microros_ws/install/lifecycle_msgs/share/lifecycle_msgs/environment/pythonpath.sh
[1.881s] -- Up-to-date symlink: /home/aajaer/microros_ws/install/lifecycle_msgs/share/lifecycle_msgs/environment/pythonpath.dsv
[1.881s] -- Up-to-date symlink: /home/aajaer/microros_ws/install/lifecycle_msgs/local/lib/python3.10/dist-packages/lifecycle_msgs-1.2.1-py3.10.egg-info/PKG-INFO
[1.881s] -- Up-to-date symlink: /home/aajaer/microros_ws/install/lifecycle_msgs/local/lib/python3.10/dist-packages/lifecycle_msgs-1.2.1-py3.10.egg-info/SOURCES.txt
[1.881s] -- Up-to-date symlink: /home/aajaer/microros_ws/install/lifecycle_msgs/local/lib/python3.10/dist-packages/lifecycle_msgs-1.2.1-py3.10.egg-info/dependency_links.txt
[1.881s] -- Up-to-date symlink: /home/aajaer/microros_ws/install/lifecycle_msgs/local/lib/python3.10/dist-packages/lifecycle_msgs-1.2.1-py3.10.egg-info/top_level.txt
[1.881s] -- Up-to-date symlink: /home/aajaer/microros_ws/install/lifecycle_msgs/local/lib/python3.10/dist-packages/lifecycle_msgs/__init__.py
[1.882s] -- Up-to-date symlink: /home/aajaer/microros_ws/install/lifecycle_msgs/local/lib/python3.10/dist-packages/lifecycle_msgs/_lifecycle_msgs_s.ep.rosidl_typesupport_c.c
[1.882s] -- Up-to-date symlink: /home/aajaer/microros_ws/install/lifecycle_msgs/local/lib/python3.10/dist-packages/lifecycle_msgs/_lifecycle_msgs_s.ep.rosidl_typesupport_fastrtps_c.c
[1.882s] -- Up-to-date symlink: /home/aajaer/microros_ws/install/lifecycle_msgs/local/lib/python3.10/dist-packages/lifecycle_msgs/_lifecycle_msgs_s.ep.rosidl_typesupport_introspection_c.c
[1.882s] -- Up-to-date symlink: /home/aajaer/microros_ws/install/lifecycle_msgs/local/lib/python3.10/dist-packages/lifecycle_msgs/_lifecycle_msgs_s.ep.rosidl_typesupport_microxrcedds_c.c
[1.882s] -- Up-to-date symlink: /home/aajaer/microros_ws/install/lifecycle_msgs/local/lib/python3.10/dist-packages/lifecycle_msgs/liblifecycle_msgs__rosidl_generator_py.so
[1.882s] -- Up-to-date symlink: /home/aajaer/microros_ws/install/lifecycle_msgs/local/lib/python3.10/dist-packages/lifecycle_msgs/lifecycle_msgs_s__rosidl_typesupport_c.cpython-310-aarch64-linux-gnu.so
[1.883s] -- Up-to-date symlink: /home/aajaer/microros_ws/install/lifecycle_msgs/local/lib/python3.10/dist-packages/lifecycle_msgs/lifecycle_msgs_s__rosidl_typesupport_fastrtps_c.cpython-310-aarch64-linux-gnu.so
[1.883s] -- Up-to-date symlink: /home/aajaer/microros_ws/install/lifecycle_msgs/local/lib/python3.10/dist-packages/lifecycle_msgs/lifecycle_msgs_s__rosidl_typesupport_introspection_c.cpython-310-aarch64-linux-gnu.so
[1.883s] -- Up-to-date symlink: /home/aajaer/microros_ws/install/lifecycle_msgs/local/lib/python3.10/dist-packages/lifecycle_msgs/lifecycle_msgs_s__rosidl_typesupport_microxrcedds_c.cpython-310-aarch64-linux-gnu.so
[1.883s] -- Up-to-date symlink: /home/aajaer/microros_ws/install/lifecycle_msgs/local/lib/python3.10/dist-packages/lifecycle_msgs/msg/__init__.py
[1.883s] -- Up-to-date symlink: /home/aajaer/microros_ws/install/lifecycle_msgs/local/lib/python3.10/dist-packages/lifecycle_msgs/msg/_state.py
[1.884s] -- Up-to-date symlink: /home/aajaer/microros_ws/install/lifecycle_msgs/local/lib/python3.10/dist-packages/lifecycle_msgs/msg/_state_s.c
[1.884s] -- Up-to-date symlink: /home/aajaer/microros_ws/install/lifecycle_msgs/local/lib/python3.10/dist-packages/lifecycle_msgs/msg/_transition.py
[1.884s] -- Up-to-date symlink: /home/aajaer/microros_ws/install/lifecycle_msgs/local/lib/python3.10/dist-packages/lifecycle_msgs/msg/_transition_description.py
[1.884s] -- Up-to-date symlink: /home/aajaer/microros_ws/install/lifecycle_msgs/local/lib/python3.10/dist-packages/lifecycle_msgs/msg/_transition_description_s.c
[1.884s] -- Up-to-date symlink: /home/aajaer/microros_ws/install/lifecycle_msgs/local/lib/python3.10/dist-packages/lifecycle_msgs/msg/_transition_event.py
[1.884s] -- Up-to-date symlink: /home/aajaer/microros_ws/install/lifecycle_msgs/local/lib/python3.10/dist-packages/lifecycle_msgs/msg/_transition_event_s.c
[1.885s] -- Up-to-date symlink: /home/aajaer/microros_ws/install/lifecycle_msgs/local/lib/python3.10/dist-packages/lifecycle_msgs/msg/_transition_s.c
[1.885s] -- Up-to-date symlink: /home/aajaer/microros_ws/install/lifecycle_msgs/local/lib/python3.10/dist-packages/lifecycle_msgs/srv/__init__.py
[1.885s] -- Up-to-date symlink: /home/aajaer/microros_ws/install/lifecycle_msgs/local/lib/python3.10/dist-packages/lifecycle_msgs/srv/_change_state.py
[1.885s] -- Up-to-date symlink: /home/aajaer/microros_ws/install/lifecycle_msgs/local/lib/python3.10/dist-packages/lifecycle_msgs/srv/_change_state_s.c
[1.885s] -- Up-to-date symlink: /home/aajaer/microros_ws/install/lifecycle_msgs/local/lib/python3.10/dist-packages/lifecycle_msgs/srv/_get_available_states.py
[1.885s] -- Up-to-date symlink: /home/aajaer/microros_ws/install/lifecycle_msgs/local/lib/python3.10/dist-packages/lifecycle_msgs/srv/_get_available_states_s.c
[1.885s] -- Up-to-date symlink: /home/aajaer/microros_ws/install/lifecycle_msgs/local/lib/python3.10/dist-packages/lifecycle_msgs/srv/_get_available_transitions.py
[1.886s] -- Up-to-date symlink: /home/aajaer/microros_ws/install/lifecycle_msgs/local/lib/python3.10/dist-packages/lifecycle_msgs/srv/_get_available_transitions_s.c
[1.886s] -- Up-to-date symlink: /home/aajaer/microros_ws/install/lifecycle_msgs/local/lib/python3.10/dist-packages/lifecycle_msgs/srv/_get_state.py
[1.886s] -- Up-to-date symlink: /home/aajaer/microros_ws/install/lifecycle_msgs/local/lib/python3.10/dist-packages/lifecycle_msgs/srv/_get_state_s.c
[1.886s] -- Up-to-date symlink: /home/aajaer/microros_ws/install/lifecycle_msgs/local/lib/python3.10/dist-packages/lifecycle_msgs/lifecycle_msgs_s__rosidl_typesupport_microxrcedds_c.cpython-310-aarch64-linux-gnu.so
[1.886s] -- Up-to-date symlink: /home/aajaer/microros_ws/install/lifecycle_msgs/local/lib/python3.10/dist-packages/lifecycle_msgs/lifecycle_msgs_s__rosidl_typesupport_fastrtps_c.cpython-310-aarch64-linux-gnu.so
[1.887s] -- Up-to-date symlink: /home/aajaer/microros_ws/install/lifecycle_msgs/local/lib/python3.10/dist-packages/lifecycle_msgs/lifecycle_msgs_s__rosidl_typesupport_introspection_c.cpython-310-aarch64-linux-gnu.so
[1.887s] -- Up-to-date symlink: /home/aajaer/microros_ws/install/lifecycle_msgs/local/lib/python3.10/dist-packages/lifecycle_msgs/lifecycle_msgs_s__rosidl_typesupport_c.cpython-310-aarch64-linux-gnu.so
[1.887s] -- Up-to-date symlink: /home/aajaer/microros_ws/install/lifecycle_msgs/share/lifecycle_msgs/msg/State.idl
[1.887s] -- Up-to-date symlink: /home/aajaer/microros_ws/install/lifecycle_msgs/share/lifecycle_msgs/msg/Transition.idl
[1.887s] -- Up-to-date symlink: /home/aajaer/microros_ws/install/lifecycle_msgs/share/lifecycle_msgs/msg/TransitionDescription.idl
[1.888s] -- Up-to-date symlink: /home/aajaer/microros_ws/install/lifecycle_msgs/share/lifecycle_msgs/msg/TransitionEvent.idl
[1.888s] -- Up-to-date symlink: /home/aajaer/microros_ws/install/lifecycle_msgs/share/lifecycle_msgs/srv/ChangeState.idl
[1.888s] -- Up-to-date symlink: /home/aajaer/microros_ws/install/lifecycle_msgs/share/lifecycle_msgs/srv/GetAvailableStates.idl
[1.888s] -- Up-to-date symlink: /home/aajaer/microros_ws/install/lifecycle_msgs/share/lifecycle_msgs/srv/GetAvailableTransitions.idl
[1.888s] -- Up-to-date symlink: /home/aajaer/microros_ws/install/lifecycle_msgs/share/lifecycle_msgs/srv/GetState.idl
[1.888s] -- Up-to-date symlink: /home/aajaer/microros_ws/install/lifecycle_msgs/share/lifecycle_msgs/msg/State.msg
[1.889s] -- Up-to-date symlink: /home/aajaer/microros_ws/install/lifecycle_msgs/share/lifecycle_msgs/msg/Transition.msg
[1.889s] -- Up-to-date symlink: /home/aajaer/microros_ws/install/lifecycle_msgs/share/lifecycle_msgs/msg/TransitionDescription.msg
[1.889s] -- Up-to-date symlink: /home/aajaer/microros_ws/install/lifecycle_msgs/share/lifecycle_msgs/msg/TransitionEvent.msg
[1.889s] -- Up-to-date symlink: /home/aajaer/microros_ws/install/lifecycle_msgs/share/lifecycle_msgs/srv/ChangeState.srv
[1.889s] -- Up-to-date symlink: /home/aajaer/microros_ws/install/lifecycle_msgs/share/lifecycle_msgs/srv/ChangeState_Request.msg
[1.889s] -- Up-to-date symlink: /home/aajaer/microros_ws/install/lifecycle_msgs/share/lifecycle_msgs/srv/ChangeState_Response.msg
[1.889s] -- Up-to-date symlink: /home/aajaer/microros_ws/install/lifecycle_msgs/share/lifecycle_msgs/srv/GetAvailableStates.srv
[1.890s] -- Up-to-date symlink: /home/aajaer/microros_ws/install/lifecycle_msgs/share/lifecycle_msgs/srv/GetAvailableStates_Request.msg
[1.890s] -- Up-to-date symlink: /home/aajaer/microros_ws/install/lifecycle_msgs/share/lifecycle_msgs/srv/GetAvailableStates_Response.msg
[1.890s] -- Up-to-date symlink: /home/aajaer/microros_ws/install/lifecycle_msgs/share/lifecycle_msgs/srv/GetAvailableTransitions.srv
[1.890s] -- Up-to-date symlink: /home/aajaer/microros_ws/install/lifecycle_msgs/share/lifecycle_msgs/srv/GetAvailableTransitions_Request.msg
[1.890s] -- Up-to-date symlink: /home/aajaer/microros_ws/install/lifecycle_msgs/share/lifecycle_msgs/srv/GetAvailableTransitions_Response.msg
[1.890s] -- Up-to-date symlink: /home/aajaer/microros_ws/install/lifecycle_msgs/share/lifecycle_msgs/srv/GetState.srv
[1.891s] -- Up-to-date symlink: /home/aajaer/microros_ws/install/lifecycle_msgs/share/lifecycle_msgs/srv/GetState_Request.msg
[1.891s] -- Up-to-date symlink: /home/aajaer/microros_ws/install/lifecycle_msgs/share/lifecycle_msgs/srv/GetState_Response.msg
[1.891s] -- Up-to-date symlink: /home/aajaer/microros_ws/install/lifecycle_msgs/share/ament_index/resource_index/package_run_dependencies/lifecycle_msgs
[1.891s] -- Up-to-date symlink: /home/aajaer/microros_ws/install/lifecycle_msgs/share/ament_index/resource_index/parent_prefix_path/lifecycle_msgs
[1.891s] -- Up-to-date symlink: /home/aajaer/microros_ws/install/lifecycle_msgs/share/lifecycle_msgs/environment/ament_prefix_path.sh
[1.892s] -- Up-to-date symlink: /home/aajaer/microros_ws/install/lifecycle_msgs/share/lifecycle_msgs/environment/ament_prefix_path.dsv
[1.892s] -- Up-to-date symlink: /home/aajaer/microros_ws/install/lifecycle_msgs/share/lifecycle_msgs/environment/path.sh
[1.892s] -- Up-to-date symlink: /home/aajaer/microros_ws/install/lifecycle_msgs/share/lifecycle_msgs/environment/path.dsv
[1.892s] -- Up-to-date symlink: /home/aajaer/microros_ws/install/lifecycle_msgs/share/lifecycle_msgs/local_setup.bash
[1.892s] -- Up-to-date symlink: /home/aajaer/microros_ws/install/lifecycle_msgs/share/lifecycle_msgs/local_setup.sh
[1.892s] -- Up-to-date symlink: /home/aajaer/microros_ws/install/lifecycle_msgs/share/lifecycle_msgs/local_setup.zsh
[1.892s] -- Up-to-date symlink: /home/aajaer/microros_ws/install/lifecycle_msgs/share/lifecycle_msgs/local_setup.dsv
[1.893s] -- Symlinking: /home/aajaer/microros_ws/install/lifecycle_msgs/share/lifecycle_msgs/package.dsv
[1.922s] -- Up-to-date symlink: /home/aajaer/microros_ws/install/lifecycle_msgs/share/ament_index/resource_index/packages/lifecycle_msgs
[1.928s] -- Up-to-date symlink: /home/aajaer/microros_ws/install/lifecycle_msgs/share/lifecycle_msgs/cmake/rosidl_cmake-extras.cmake
[1.929s] -- Up-to-date symlink: /home/aajaer/microros_ws/install/lifecycle_msgs/share/lifecycle_msgs/cmake/ament_cmake_export_include_directories-extras.cmake
[1.929s] -- Up-to-date symlink: /home/aajaer/microros_ws/install/lifecycle_msgs/share/lifecycle_msgs/cmake/ament_cmake_export_libraries-extras.cmake
[1.930s] -- Up-to-date symlink: /home/aajaer/microros_ws/install/lifecycle_msgs/share/lifecycle_msgs/cmake/ament_cmake_export_targets-extras.cmake
[1.930s] -- Up-to-date symlink: /home/aajaer/microros_ws/install/lifecycle_msgs/share/lifecycle_msgs/cmake/rosidl_cmake_export_typesupport_targets-extras.cmake
[1.931s] -- Up-to-date symlink: /home/aajaer/microros_ws/install/lifecycle_msgs/share/lifecycle_msgs/cmake/ament_cmake_export_dependencies-extras.cmake
[1.931s] -- Up-to-date symlink: /home/aajaer/microros_ws/install/lifecycle_msgs/share/lifecycle_msgs/cmake/rosidl_cmake_export_typesupport_libraries-extras.cmake
[1.931s] -- Up-to-date symlink: /home/aajaer/microros_ws/install/lifecycle_msgs/share/lifecycle_msgs/cmake/lifecycle_msgsConfig.cmake
[1.931s] -- Up-to-date symlink: /home/aajaer/microros_ws/install/lifecycle_msgs/share/lifecycle_msgs/cmake/lifecycle_msgsConfig-version.cmake
[1.932s] -- Up-to-date symlink: /home/aajaer/microros_ws/install/lifecycle_msgs/share/lifecycle_msgs/package.xml
[1.932s] -- Up-to-date: /home/aajaer/microros_ws/install/lifecycle_msgs/lib/liblifecycle_msgs__rosidl_generator_c.so
[1.933s] -- Up-to-date: /home/aajaer/microros_ws/install/lifecycle_msgs/lib/liblifecycle_msgs__rosidl_typesupport_fastrtps_c.so
[1.933s] -- Up-to-date: /home/aajaer/microros_ws/install/lifecycle_msgs/lib/liblifecycle_msgs__rosidl_typesupport_introspection_c.so
[1.933s] -- Up-to-date: /home/aajaer/microros_ws/install/lifecycle_msgs/lib/liblifecycle_msgs__rosidl_typesupport_c.so
[1.934s] -- Up-to-date: /home/aajaer/microros_ws/install/lifecycle_msgs/lib/liblifecycle_msgs__rosidl_typesupport_fastrtps_cpp.so
[1.935s] -- Up-to-date: /home/aajaer/microros_ws/install/lifecycle_msgs/lib/liblifecycle_msgs__rosidl_typesupport_introspection_cpp.so
[1.935s] -- Up-to-date: /home/aajaer/microros_ws/install/lifecycle_msgs/lib/liblifecycle_msgs__rosidl_typesupport_cpp.so
[2.027s] Listing '/home/aajaer/microros_ws/install/lifecycle_msgs/local/lib/python3.10/dist-packages/lifecycle_msgs'...
[2.028s] Listing '/home/aajaer/microros_ws/install/lifecycle_msgs/local/lib/python3.10/dist-packages/lifecycle_msgs/msg'...
[2.028s] Listing '/home/aajaer/microros_ws/install/lifecycle_msgs/local/lib/python3.10/dist-packages/lifecycle_msgs/srv'...
[2.041s] -- Up-to-date: /home/aajaer/microros_ws/install/lifecycle_msgs/lib/liblifecycle_msgs__rosidl_generator_py.so
[2.043s] -- Up-to-date: /home/aajaer/microros_ws/install/lifecycle_msgs/share/lifecycle_msgs/cmake/export_lifecycle_msgs__rosidl_generator_cExport.cmake
[2.043s] -- Up-to-date: /home/aajaer/microros_ws/install/lifecycle_msgs/share/lifecycle_msgs/cmake/export_lifecycle_msgs__rosidl_generator_cExport-noconfig.cmake
[2.044s] -- Up-to-date: /home/aajaer/microros_ws/install/lifecycle_msgs/share/lifecycle_msgs/cmake/export_lifecycle_msgs__rosidl_typesupport_fastrtps_cExport.cmake
[2.044s] -- Up-to-date: /home/aajaer/microros_ws/install/lifecycle_msgs/share/lifecycle_msgs/cmake/export_lifecycle_msgs__rosidl_typesupport_fastrtps_cExport-noconfig.cmake
[2.044s] -- Up-to-date: /home/aajaer/microros_ws/install/lifecycle_msgs/share/lifecycle_msgs/cmake/lifecycle_msgs__rosidl_typesupport_introspection_cExport.cmake
[2.044s] -- Up-to-date: /home/aajaer/microros_ws/install/lifecycle_msgs/share/lifecycle_msgs/cmake/lifecycle_msgs__rosidl_typesupport_introspection_cExport-noconfig.cmake
[2.045s] -- Up-to-date: /home/aajaer/microros_ws/install/lifecycle_msgs/share/lifecycle_msgs/cmake/lifecycle_msgs__rosidl_typesupport_cExport.cmake
[2.045s] -- Up-to-date: /home/aajaer/microros_ws/install/lifecycle_msgs/share/lifecycle_msgs/cmake/lifecycle_msgs__rosidl_typesupport_cExport-noconfig.cmake
[2.045s] -- Up-to-date: /home/aajaer/microros_ws/install/lifecycle_msgs/share/lifecycle_msgs/cmake/export_lifecycle_msgs__rosidl_generator_cppExport.cmake
[2.045s] -- Up-to-date: /home/aajaer/microros_ws/install/lifecycle_msgs/share/lifecycle_msgs/cmake/export_lifecycle_msgs__rosidl_typesupport_fastrtps_cppExport.cmake
[2.046s] -- Up-to-date: /home/aajaer/microros_ws/install/lifecycle_msgs/share/lifecycle_msgs/cmake/export_lifecycle_msgs__rosidl_typesupport_fastrtps_cppExport-noconfig.cmake
[2.046s] -- Up-to-date: /home/aajaer/microros_ws/install/lifecycle_msgs/share/lifecycle_msgs/cmake/lifecycle_msgs__rosidl_typesupport_introspection_cppExport.cmake
[2.046s] -- Up-to-date: /home/aajaer/microros_ws/install/lifecycle_msgs/share/lifecycle_msgs/cmake/lifecycle_msgs__rosidl_typesupport_introspection_cppExport-noconfig.cmake
[2.046s] -- Up-to-date: /home/aajaer/microros_ws/install/lifecycle_msgs/share/lifecycle_msgs/cmake/lifecycle_msgs__rosidl_typesupport_cppExport.cmake
[2.046s] -- Up-to-date: /home/aajaer/microros_ws/install/lifecycle_msgs/share/lifecycle_msgs/cmake/lifecycle_msgs__rosidl_typesupport_cppExport-noconfig.cmake
[2.047s] -- Up-to-date: /home/aajaer/microros_ws/install/lifecycle_msgs/share/lifecycle_msgs/cmake/export_lifecycle_msgs__rosidl_generator_pyExport.cmake
[2.047s] -- Up-to-date: /home/aajaer/microros_ws/install/lifecycle_msgs/share/lifecycle_msgs/cmake/export_lifecycle_msgs__rosidl_generator_pyExport-noconfig.cmake
[2.105s] Invoked command in '/home/aajaer/microros_ws/build/lifecycle_msgs' returned '0': CMAKE_PREFIX_PATH=${CMAKE_PREFIX_PATH}:/home/aajaer/microros_ws/install/sensor_msgs_py:/home/aajaer/microros_ws/install/motor_control_pkg /usr/bin/cmake --install /home/aajaer/microros_ws/build/lifecycle_msgs
