[0.217s] Invoking command in '/home/aajaer/microros_ws/build/rcl_interfaces': AMENT_PREFIX_PATH=/home/aajaer/microros_ws/install/builtin_interfaces:${AMENT_PREFIX_PATH} CMAKE_PREFIX_PATH=/home/aajaer/microros_ws/install/builtin_interfaces:/opt/ros/humble:/opt/ros/humble LD_LIBRARY_PATH=/home/aajaer/microros_ws/install/builtin_interfaces/lib:/opt/ros/humble/opt/rviz_ogre_vendor/lib:/opt/ros/humble/lib/aarch64-linux-gnu:/opt/ros/humble/lib PYTHONPATH=/home/aajaer/microros_ws/install/builtin_interfaces/local/lib/python3.10/dist-packages:${PYTHONPATH} /usr/bin/cmake /home/aajaer/microros_ws/src/ros2/rcl_interfaces/rcl_interfaces -DCMAKE_INSTALL_PREFIX=/home/aajaer/microros_ws/install/rcl_interfaces
[0.245s] -- Found ament_cmake: 1.3.11 (/opt/ros/humble/share/ament_cmake/cmake)
[0.573s] -- Override CMake install command with custom implementation using symlinks instead of copying resources
[0.591s] -- Found rosidl_default_generators: 1.2.0 (/opt/ros/humble/share/rosidl_default_generators/cmake)
[0.596s] -- Using all available rosidl_typesupport_c: rosidl_typesupport_fastrtps_c;rosidl_typesupport_introspection_c
[0.605s] -- Found rosidl_adapter: 3.1.6 (/opt/ros/humble/share/rosidl_adapter/cmake)
[0.685s] -- Using all available rosidl_typesupport_cpp: rosidl_typesupport_fastrtps_cpp;rosidl_typesupport_introspection_cpp
[0.753s] -- Found builtin_interfaces: 1.2.1 (/home/aajaer/microros_ws/install/builtin_interfaces/share/builtin_interfaces/cmake)
[1.693s] -- Found ament_cmake_ros: 0.10.0 (/opt/ros/humble/share/ament_cmake_ros/cmake)
[2.159s] -- Using all available rosidl_typesupport_c: rosidl_typesupport_fastrtps_c;rosidl_typesupport_introspection_c
[2.718s] -- Using all available rosidl_typesupport_cpp: rosidl_typesupport_fastrtps_cpp;rosidl_typesupport_introspection_cpp
[2.769s] -- Found python_cmake_module: 0.10.0 (/opt/ros/humble/share/python_cmake_module/cmake)
[2.820s] -- Using PYTHON_EXECUTABLE: /usr/bin/python3
[2.821s] -- Using PYTHON_INCLUDE_DIRS: /usr/include/python3.10
[2.821s] -- Using PYTHON_LIBRARIES: /usr/lib/aarch64-linux-gnu/libpython3.10.so
[2.866s] -- Found ament_lint_auto: 0.12.11 (/opt/ros/humble/share/ament_lint_auto/cmake)
[2.896s] -- Added test 'copyright' to check source files copyright and LICENSE
[2.905s] -- Added test 'lint_cmake' to check CMake code style
[2.908s] -- Added test 'xmllint' to check XML markup files
[2.936s] -- Configuring done
[3.246s] -- Generating done
[3.322s] -- Build files have been written to: /home/aajaer/microros_ws/build/rcl_interfaces
[3.375s] Invoked command in '/home/aajaer/microros_ws/build/rcl_interfaces' returned '0': AMENT_PREFIX_PATH=/home/aajaer/microros_ws/install/builtin_interfaces:${AMENT_PREFIX_PATH} CMAKE_PREFIX_PATH=/home/aajaer/microros_ws/install/builtin_interfaces:/opt/ros/humble:/opt/ros/humble LD_LIBRARY_PATH=/home/aajaer/microros_ws/install/builtin_interfaces/lib:/opt/ros/humble/opt/rviz_ogre_vendor/lib:/opt/ros/humble/lib/aarch64-linux-gnu:/opt/ros/humble/lib PYTHONPATH=/home/aajaer/microros_ws/install/builtin_interfaces/local/lib/python3.10/dist-packages:${PYTHONPATH} /usr/bin/cmake /home/aajaer/microros_ws/src/ros2/rcl_interfaces/rcl_interfaces -DCMAKE_INSTALL_PREFIX=/home/aajaer/microros_ws/install/rcl_interfaces
[3.387s] Invoking command in '/home/aajaer/microros_ws/build/rcl_interfaces': AMENT_PREFIX_PATH=/home/aajaer/microros_ws/install/builtin_interfaces:${AMENT_PREFIX_PATH} CMAKE_PREFIX_PATH=/home/aajaer/microros_ws/install/builtin_interfaces:/opt/ros/humble:/opt/ros/humble LD_LIBRARY_PATH=/home/aajaer/microros_ws/install/builtin_interfaces/lib:/opt/ros/humble/opt/rviz_ogre_vendor/lib:/opt/ros/humble/lib/aarch64-linux-gnu:/opt/ros/humble/lib PYTHONPATH=/home/aajaer/microros_ws/install/builtin_interfaces/local/lib/python3.10/dist-packages:${PYTHONPATH} /usr/bin/cmake --build /home/aajaer/microros_ws/build/rcl_interfaces -- -j8 -l8
[3.673s] [35m[1mConsolidate compiler generated dependencies of target rcl_interfaces__rosidl_generator_c[0m
[3.772s] [  0%] Built target rcl_interfaces__cpp
[3.794s] [ 12%] Built target rcl_interfaces__rosidl_generator_c
[3.825s] [ 13%] [34m[1mGenerating C++ type support dispatch for ROS interfaces[0m
[3.839s] [ 13%] Built target ament_cmake_python_symlink_rcl_interfaces
[3.914s] [35m[1mConsolidate compiler generated dependencies of target rcl_interfaces__rosidl_typesupport_fastrtps_cpp[0m
[3.917s] [35m[1mConsolidate compiler generated dependencies of target rcl_interfaces__rosidl_typesupport_introspection_cpp[0m
[3.966s] [ 14%] [34m[1mGenerating C type support dispatch for ROS interfaces[0m
[3.988s] [35m[1mConsolidate compiler generated dependencies of target rcl_interfaces__rosidl_typesupport_introspection_c[0m
[3.990s] [35m[1mConsolidate compiler generated dependencies of target rcl_interfaces__rosidl_typesupport_fastrtps_c[0m
[4.080s] [ 26%] Built target rcl_interfaces__rosidl_typesupport_fastrtps_cpp
[4.106s] [ 38%] Built target rcl_interfaces__rosidl_typesupport_introspection_cpp
[4.113s] [ 50%] Built target rcl_interfaces__rosidl_typesupport_introspection_c
[4.145s] [ 62%] Built target rcl_interfaces__rosidl_typesupport_fastrtps_c
[4.959s] running egg_info
[4.961s] writing rcl_interfaces.egg-info/PKG-INFO
[4.961s] writing dependency_links to rcl_interfaces.egg-info/dependency_links.txt
[4.961s] writing top-level names to rcl_interfaces.egg-info/top_level.txt
[4.968s] reading manifest file 'rcl_interfaces.egg-info/SOURCES.txt'
[4.974s] writing manifest file 'rcl_interfaces.egg-info/SOURCES.txt'
[5.071s] [ 62%] Built target ament_cmake_python_build_rcl_interfaces_egg
[8.548s] [35m[1mConsolidate compiler generated dependencies of target rcl_interfaces__rosidl_typesupport_cpp[0m
[8.624s] [ 63%] [32mBuilding CXX object CMakeFiles/rcl_interfaces__rosidl_typesupport_cpp.dir/rosidl_typesupport_cpp/rcl_interfaces/msg/list_parameters_result__type_support.cpp.o[0m
[8.625s] [ 64%] [32mBuilding CXX object CMakeFiles/rcl_interfaces__rosidl_typesupport_cpp.dir/rosidl_typesupport_cpp/rcl_interfaces/msg/integer_range__type_support.cpp.o[0m
[8.633s] [ 64%] [32mBuilding CXX object CMakeFiles/rcl_interfaces__rosidl_typesupport_cpp.dir/rosidl_typesupport_cpp/rcl_interfaces/msg/floating_point_range__type_support.cpp.o[0m
[8.646s] [ 64%] [32mBuilding CXX object CMakeFiles/rcl_interfaces__rosidl_typesupport_cpp.dir/rosidl_typesupport_cpp/rcl_interfaces/msg/log__type_support.cpp.o[0m
[8.691s] [ 65%] [32mBuilding CXX object CMakeFiles/rcl_interfaces__rosidl_typesupport_cpp.dir/rosidl_typesupport_cpp/rcl_interfaces/msg/parameter_descriptor__type_support.cpp.o[0m
[8.726s] [ 66%] [32mBuilding CXX object CMakeFiles/rcl_interfaces__rosidl_typesupport_cpp.dir/rosidl_typesupport_cpp/rcl_interfaces/msg/parameter_event_descriptors__type_support.cpp.o[0m
[8.846s] [ 66%] [32mBuilding CXX object CMakeFiles/rcl_interfaces__rosidl_typesupport_cpp.dir/rosidl_typesupport_cpp/rcl_interfaces/msg/parameter_event__type_support.cpp.o[0m
[8.852s] [35m[1mConsolidate compiler generated dependencies of target rcl_interfaces__rosidl_typesupport_c[0m
[8.940s] [ 66%] [32mBuilding CXX object CMakeFiles/rcl_interfaces__rosidl_typesupport_c.dir/rosidl_typesupport_c/rcl_interfaces/msg/floating_point_range__type_support.cpp.o[0m
[9.197s] [ 67%] [32mBuilding CXX object CMakeFiles/rcl_interfaces__rosidl_typesupport_c.dir/rosidl_typesupport_c/rcl_interfaces/msg/integer_range__type_support.cpp.o[0m
[9.445s] [ 68%] [32mBuilding CXX object CMakeFiles/rcl_interfaces__rosidl_typesupport_c.dir/rosidl_typesupport_c/rcl_interfaces/msg/list_parameters_result__type_support.cpp.o[0m
[9.649s] [ 68%] [32mBuilding CXX object CMakeFiles/rcl_interfaces__rosidl_typesupport_c.dir/rosidl_typesupport_c/rcl_interfaces/msg/log__type_support.cpp.o[0m
[9.900s] [ 69%] [32mBuilding CXX object CMakeFiles/rcl_interfaces__rosidl_typesupport_c.dir/rosidl_typesupport_c/rcl_interfaces/msg/parameter_descriptor__type_support.cpp.o[0m
[10.021s] [ 70%] [32mBuilding CXX object CMakeFiles/rcl_interfaces__rosidl_typesupport_cpp.dir/rosidl_typesupport_cpp/rcl_interfaces/msg/parameter__type_support.cpp.o[0m
[10.122s] [ 70%] [32mBuilding CXX object CMakeFiles/rcl_interfaces__rosidl_typesupport_c.dir/rosidl_typesupport_c/rcl_interfaces/msg/parameter_event_descriptors__type_support.cpp.o[0m
[10.162s] [ 71%] [32mBuilding CXX object CMakeFiles/rcl_interfaces__rosidl_typesupport_cpp.dir/rosidl_typesupport_cpp/rcl_interfaces/msg/parameter_type__type_support.cpp.o[0m
[10.278s] [ 71%] [32mBuilding CXX object CMakeFiles/rcl_interfaces__rosidl_typesupport_cpp.dir/rosidl_typesupport_cpp/rcl_interfaces/msg/parameter_value__type_support.cpp.o[0m
[10.327s] [ 72%] [32mBuilding CXX object CMakeFiles/rcl_interfaces__rosidl_typesupport_cpp.dir/rosidl_typesupport_cpp/rcl_interfaces/msg/set_parameters_result__type_support.cpp.o[0m
[10.351s] [ 73%] [32mBuilding CXX object CMakeFiles/rcl_interfaces__rosidl_typesupport_c.dir/rosidl_typesupport_c/rcl_interfaces/msg/parameter_event__type_support.cpp.o[0m
[10.352s] [ 73%] [32mBuilding CXX object CMakeFiles/rcl_interfaces__rosidl_typesupport_cpp.dir/rosidl_typesupport_cpp/rcl_interfaces/srv/describe_parameters__type_support.cpp.o[0m
[10.364s] [ 74%] [32mBuilding CXX object CMakeFiles/rcl_interfaces__rosidl_typesupport_c.dir/rosidl_typesupport_c/rcl_interfaces/msg/parameter__type_support.cpp.o[0m
[10.634s] [ 74%] [32mBuilding CXX object CMakeFiles/rcl_interfaces__rosidl_typesupport_c.dir/rosidl_typesupport_c/rcl_interfaces/msg/parameter_type__type_support.cpp.o[0m
[10.654s] [ 75%] [32mBuilding CXX object CMakeFiles/rcl_interfaces__rosidl_typesupport_c.dir/rosidl_typesupport_c/rcl_interfaces/msg/parameter_value__type_support.cpp.o[0m
[10.661s] [ 76%] [32mBuilding CXX object CMakeFiles/rcl_interfaces__rosidl_typesupport_cpp.dir/rosidl_typesupport_cpp/rcl_interfaces/srv/get_parameters__type_support.cpp.o[0m
[10.874s] [ 77%] [32mBuilding CXX object CMakeFiles/rcl_interfaces__rosidl_typesupport_c.dir/rosidl_typesupport_c/rcl_interfaces/msg/set_parameters_result__type_support.cpp.o[0m
[10.916s] [ 77%] [32mBuilding CXX object CMakeFiles/rcl_interfaces__rosidl_typesupport_c.dir/rosidl_typesupport_c/rcl_interfaces/srv/describe_parameters__type_support.cpp.o[0m
[11.071s] [ 78%] [32mBuilding CXX object CMakeFiles/rcl_interfaces__rosidl_typesupport_c.dir/rosidl_typesupport_c/rcl_interfaces/srv/get_parameters__type_support.cpp.o[0m
[11.136s] [ 78%] [32mBuilding CXX object CMakeFiles/rcl_interfaces__rosidl_typesupport_c.dir/rosidl_typesupport_c/rcl_interfaces/srv/get_parameter_types__type_support.cpp.o[0m
[11.262s] [ 79%] [32mBuilding CXX object CMakeFiles/rcl_interfaces__rosidl_typesupport_c.dir/rosidl_typesupport_c/rcl_interfaces/srv/list_parameters__type_support.cpp.o[0m
[11.381s] [ 80%] [32mBuilding CXX object CMakeFiles/rcl_interfaces__rosidl_typesupport_c.dir/rosidl_typesupport_c/rcl_interfaces/srv/set_parameters_atomically__type_support.cpp.o[0m
[11.484s] [ 80%] [32mBuilding CXX object CMakeFiles/rcl_interfaces__rosidl_typesupport_c.dir/rosidl_typesupport_c/rcl_interfaces/srv/set_parameters__type_support.cpp.o[0m
[11.628s] [ 81%] [32mBuilding CXX object CMakeFiles/rcl_interfaces__rosidl_typesupport_cpp.dir/rosidl_typesupport_cpp/rcl_interfaces/srv/get_parameter_types__type_support.cpp.o[0m
[11.677s] [ 82%] [32m[1mLinking CXX shared library librcl_interfaces__rosidl_typesupport_c.so[0m
[11.679s] [ 82%] [32mBuilding CXX object CMakeFiles/rcl_interfaces__rosidl_typesupport_cpp.dir/rosidl_typesupport_cpp/rcl_interfaces/srv/list_parameters__type_support.cpp.o[0m
[11.701s] [ 83%] [32mBuilding CXX object CMakeFiles/rcl_interfaces__rosidl_typesupport_cpp.dir/rosidl_typesupport_cpp/rcl_interfaces/srv/set_parameters_atomically__type_support.cpp.o[0m
[11.941s] [ 84%] [32mBuilding CXX object CMakeFiles/rcl_interfaces__rosidl_typesupport_cpp.dir/rosidl_typesupport_cpp/rcl_interfaces/srv/set_parameters__type_support.cpp.o[0m
[11.946s] [ 84%] Built target rcl_interfaces__rosidl_typesupport_c
[13.182s] [ 84%] [32m[1mLinking CXX shared library librcl_interfaces__rosidl_typesupport_cpp.so[0m
[13.371s] [ 84%] Built target rcl_interfaces__rosidl_typesupport_cpp
[13.522s] [ 84%] Built target rcl_interfaces
[13.731s] [ 85%] Built target rcl_interfaces__py
[13.837s] [35m[1mConsolidate compiler generated dependencies of target rcl_interfaces__rosidl_generator_py[0m
[13.959s] [ 86%] [32m[1mLinking C shared library rosidl_generator_py/rcl_interfaces/librcl_interfaces__rosidl_generator_py.so[0m
[14.240s] [ 96%] Built target rcl_interfaces__rosidl_generator_py
[14.303s] [35m[1mConsolidate compiler generated dependencies of target rcl_interfaces__rosidl_typesupport_introspection_c__pyext[0m
[14.308s] [35m[1mConsolidate compiler generated dependencies of target rcl_interfaces__rosidl_typesupport_fastrtps_c__pyext[0m
[14.328s] [35m[1mConsolidate compiler generated dependencies of target rcl_interfaces__rosidl_typesupport_c__pyext[0m
[14.390s] [ 96%] [32m[1mLinking C shared library rosidl_generator_py/rcl_interfaces/rcl_interfaces_s__rosidl_typesupport_fastrtps_c.cpython-310-aarch64-linux-gnu.so[0m
[14.410s] [ 97%] [32m[1mLinking C shared library rosidl_generator_py/rcl_interfaces/rcl_interfaces_s__rosidl_typesupport_introspection_c.cpython-310-aarch64-linux-gnu.so[0m
[14.419s] [ 97%] [32m[1mLinking C shared library rosidl_generator_py/rcl_interfaces/rcl_interfaces_s__rosidl_typesupport_c.cpython-310-aarch64-linux-gnu.so[0m
[14.610s] [ 98%] Built target rcl_interfaces__rosidl_typesupport_c__pyext
[14.623s] [ 99%] Built target rcl_interfaces__rosidl_typesupport_introspection_c__pyext
[14.636s] [100%] Built target rcl_interfaces__rosidl_typesupport_fastrtps_c__pyext
[14.675s] Invoked command in '/home/aajaer/microros_ws/build/rcl_interfaces' returned '0': AMENT_PREFIX_PATH=/home/aajaer/microros_ws/install/builtin_interfaces:${AMENT_PREFIX_PATH} CMAKE_PREFIX_PATH=/home/aajaer/microros_ws/install/builtin_interfaces:/opt/ros/humble:/opt/ros/humble LD_LIBRARY_PATH=/home/aajaer/microros_ws/install/builtin_interfaces/lib:/opt/ros/humble/opt/rviz_ogre_vendor/lib:/opt/ros/humble/lib/aarch64-linux-gnu:/opt/ros/humble/lib PYTHONPATH=/home/aajaer/microros_ws/install/builtin_interfaces/local/lib/python3.10/dist-packages:${PYTHONPATH} /usr/bin/cmake --build /home/aajaer/microros_ws/build/rcl_interfaces -- -j8 -l8
[14.676s] Invoking command in '/home/aajaer/microros_ws/build/rcl_interfaces': AMENT_PREFIX_PATH=/home/aajaer/microros_ws/install/builtin_interfaces:${AMENT_PREFIX_PATH} CMAKE_PREFIX_PATH=/home/aajaer/microros_ws/install/builtin_interfaces:/opt/ros/humble:/opt/ros/humble LD_LIBRARY_PATH=/home/aajaer/microros_ws/install/builtin_interfaces/lib:/opt/ros/humble/opt/rviz_ogre_vendor/lib:/opt/ros/humble/lib/aarch64-linux-gnu:/opt/ros/humble/lib PYTHONPATH=/home/aajaer/microros_ws/install/builtin_interfaces/local/lib/python3.10/dist-packages:${PYTHONPATH} /usr/bin/cmake --install /home/aajaer/microros_ws/build/rcl_interfaces
[14.695s] -- Install configuration: ""
[14.700s] -- Execute custom install script
[14.709s] -- Up-to-date symlink: /home/aajaer/microros_ws/install/rcl_interfaces/share/ament_index/resource_index/rosidl_interfaces/rcl_interfaces
[14.729s] -- Up-to-date symlink: /home/aajaer/microros_ws/install/rcl_interfaces/include/rcl_interfaces/rcl_interfaces/msg/detail/floating_point_range__functions.h
[14.730s] -- Up-to-date symlink: /home/aajaer/microros_ws/install/rcl_interfaces/include/rcl_interfaces/rcl_interfaces/msg/detail/floating_point_range__struct.h
[14.730s] -- Up-to-date symlink: /home/aajaer/microros_ws/install/rcl_interfaces/include/rcl_interfaces/rcl_interfaces/msg/detail/floating_point_range__type_support.h
[14.730s] -- Up-to-date symlink: /home/aajaer/microros_ws/install/rcl_interfaces/include/rcl_interfaces/rcl_interfaces/msg/detail/integer_range__functions.h
[14.730s] -- Up-to-date symlink: /home/aajaer/microros_ws/install/rcl_interfaces/include/rcl_interfaces/rcl_interfaces/msg/detail/integer_range__struct.h
[14.730s] -- Up-to-date symlink: /home/aajaer/microros_ws/install/rcl_interfaces/include/rcl_interfaces/rcl_interfaces/msg/detail/integer_range__type_support.h
[14.730s] -- Up-to-date symlink: /home/aajaer/microros_ws/install/rcl_interfaces/include/rcl_interfaces/rcl_interfaces/msg/detail/list_parameters_result__functions.h
[14.730s] -- Up-to-date symlink: /home/aajaer/microros_ws/install/rcl_interfaces/include/rcl_interfaces/rcl_interfaces/msg/detail/list_parameters_result__struct.h
[14.730s] -- Up-to-date symlink: /home/aajaer/microros_ws/install/rcl_interfaces/include/rcl_interfaces/rcl_interfaces/msg/detail/list_parameters_result__type_support.h
[14.731s] -- Up-to-date symlink: /home/aajaer/microros_ws/install/rcl_interfaces/include/rcl_interfaces/rcl_interfaces/msg/detail/log__functions.h
[14.731s] -- Up-to-date symlink: /home/aajaer/microros_ws/install/rcl_interfaces/include/rcl_interfaces/rcl_interfaces/msg/detail/log__struct.h
[14.731s] -- Up-to-date symlink: /home/aajaer/microros_ws/install/rcl_interfaces/include/rcl_interfaces/rcl_interfaces/msg/detail/log__type_support.h
[14.731s] -- Up-to-date symlink: /home/aajaer/microros_ws/install/rcl_interfaces/include/rcl_interfaces/rcl_interfaces/msg/detail/parameter__functions.h
[14.731s] -- Up-to-date symlink: /home/aajaer/microros_ws/install/rcl_interfaces/include/rcl_interfaces/rcl_interfaces/msg/detail/parameter__struct.h
[14.731s] -- Up-to-date symlink: /home/aajaer/microros_ws/install/rcl_interfaces/include/rcl_interfaces/rcl_interfaces/msg/detail/parameter__type_support.h
[14.734s] -- Up-to-date symlink: /home/aajaer/microros_ws/install/rcl_interfaces/include/rcl_interfaces/rcl_interfaces/msg/detail/parameter_descriptor__functions.h
[14.734s] -- Up-to-date symlink: /home/aajaer/microros_ws/install/rcl_interfaces/include/rcl_interfaces/rcl_interfaces/msg/detail/parameter_descriptor__struct.h
[14.735s] -- Up-to-date symlink: /home/aajaer/microros_ws/install/rcl_interfaces/include/rcl_interfaces/rcl_interfaces/msg/detail/parameter_descriptor__type_support.h
[14.737s] -- Up-to-date symlink: /home/aajaer/microros_ws/install/rcl_interfaces/include/rcl_interfaces/rcl_interfaces/msg/detail/parameter_event__functions.h
[14.737s] -- Up-to-date symlink: /home/aajaer/microros_ws/install/rcl_interfaces/include/rcl_interfaces/rcl_interfaces/msg/detail/parameter_event__struct.h
[14.738s] -- Up-to-date symlink: /home/aajaer/microros_ws/install/rcl_interfaces/include/rcl_interfaces/rcl_interfaces/msg/detail/parameter_event__type_support.h
[14.739s] -- Up-to-date symlink: /home/aajaer/microros_ws/install/rcl_interfaces/include/rcl_interfaces/rcl_interfaces/msg/detail/parameter_event_descriptors__functions.h
[14.741s] -- Up-to-date symlink: /home/aajaer/microros_ws/install/rcl_interfaces/include/rcl_interfaces/rcl_interfaces/msg/detail/parameter_event_descriptors__struct.h
[14.742s] -- Up-to-date symlink: /home/aajaer/microros_ws/install/rcl_interfaces/include/rcl_interfaces/rcl_interfaces/msg/detail/parameter_event_descriptors__type_support.h
[14.742s] -- Up-to-date symlink: /home/aajaer/microros_ws/install/rcl_interfaces/include/rcl_interfaces/rcl_interfaces/msg/detail/parameter_type__functions.h
[14.743s] -- Up-to-date symlink: /home/aajaer/microros_ws/install/rcl_interfaces/include/rcl_interfaces/rcl_interfaces/msg/detail/parameter_type__struct.h
[14.747s] -- Up-to-date symlink: /home/aajaer/microros_ws/install/rcl_interfaces/include/rcl_interfaces/rcl_interfaces/msg/detail/parameter_type__type_support.h
[14.749s] -- Up-to-date symlink: /home/aajaer/microros_ws/install/rcl_interfaces/include/rcl_interfaces/rcl_interfaces/msg/detail/parameter_value__functions.h
[14.754s] -- Up-to-date symlink: /home/aajaer/microros_ws/install/rcl_interfaces/include/rcl_interfaces/rcl_interfaces/msg/detail/parameter_value__struct.h
[14.755s] -- Up-to-date symlink: /home/aajaer/microros_ws/install/rcl_interfaces/include/rcl_interfaces/rcl_interfaces/msg/detail/parameter_value__type_support.h
[14.757s] -- Up-to-date symlink: /home/aajaer/microros_ws/install/rcl_interfaces/include/rcl_interfaces/rcl_interfaces/msg/detail/set_parameters_result__functions.h
[14.758s] -- Up-to-date symlink: /home/aajaer/microros_ws/install/rcl_interfaces/include/rcl_interfaces/rcl_interfaces/msg/detail/set_parameters_result__struct.h
[14.758s] -- Up-to-date symlink: /home/aajaer/microros_ws/install/rcl_interfaces/include/rcl_interfaces/rcl_interfaces/msg/detail/set_parameters_result__type_support.h
[14.761s] -- Up-to-date symlink: /home/aajaer/microros_ws/install/rcl_interfaces/include/rcl_interfaces/rcl_interfaces/msg/floating_point_range.h
[14.761s] -- Up-to-date symlink: /home/aajaer/microros_ws/install/rcl_interfaces/include/rcl_interfaces/rcl_interfaces/msg/integer_range.h
[14.762s] -- Up-to-date symlink: /home/aajaer/microros_ws/install/rcl_interfaces/include/rcl_interfaces/rcl_interfaces/msg/list_parameters_result.h
[14.762s] -- Up-to-date symlink: /home/aajaer/microros_ws/install/rcl_interfaces/include/rcl_interfaces/rcl_interfaces/msg/log.h
[14.763s] -- Up-to-date symlink: /home/aajaer/microros_ws/install/rcl_interfaces/include/rcl_interfaces/rcl_interfaces/msg/parameter.h
[14.763s] -- Up-to-date symlink: /home/aajaer/microros_ws/install/rcl_interfaces/include/rcl_interfaces/rcl_interfaces/msg/parameter_descriptor.h
[14.767s] -- Up-to-date symlink: /home/aajaer/microros_ws/install/rcl_interfaces/include/rcl_interfaces/rcl_interfaces/msg/parameter_event.h
[14.767s] -- Up-to-date symlink: /home/aajaer/microros_ws/install/rcl_interfaces/include/rcl_interfaces/rcl_interfaces/msg/parameter_event_descriptors.h
[14.767s] -- Up-to-date symlink: /home/aajaer/microros_ws/install/rcl_interfaces/include/rcl_interfaces/rcl_interfaces/msg/parameter_type.h
[14.768s] -- Up-to-date symlink: /home/aajaer/microros_ws/install/rcl_interfaces/include/rcl_interfaces/rcl_interfaces/msg/parameter_value.h
[14.771s] -- Up-to-date symlink: /home/aajaer/microros_ws/install/rcl_interfaces/include/rcl_interfaces/rcl_interfaces/msg/rosidl_generator_c__visibility_control.h
[14.771s] -- Up-to-date symlink: /home/aajaer/microros_ws/install/rcl_interfaces/include/rcl_interfaces/rcl_interfaces/msg/set_parameters_result.h
[14.772s] -- Up-to-date symlink: /home/aajaer/microros_ws/install/rcl_interfaces/include/rcl_interfaces/rcl_interfaces/srv/describe_parameters.h
[14.773s] -- Up-to-date symlink: /home/aajaer/microros_ws/install/rcl_interfaces/include/rcl_interfaces/rcl_interfaces/srv/detail/describe_parameters__functions.h
[14.773s] -- Up-to-date symlink: /home/aajaer/microros_ws/install/rcl_interfaces/include/rcl_interfaces/rcl_interfaces/srv/detail/describe_parameters__struct.h
[14.773s] -- Up-to-date symlink: /home/aajaer/microros_ws/install/rcl_interfaces/include/rcl_interfaces/rcl_interfaces/srv/detail/describe_parameters__type_support.h
[14.774s] -- Up-to-date symlink: /home/aajaer/microros_ws/install/rcl_interfaces/include/rcl_interfaces/rcl_interfaces/srv/detail/get_parameter_types__functions.h
[14.775s] -- Up-to-date symlink: /home/aajaer/microros_ws/install/rcl_interfaces/include/rcl_interfaces/rcl_interfaces/srv/detail/get_parameter_types__struct.h
[14.775s] -- Up-to-date symlink: /home/aajaer/microros_ws/install/rcl_interfaces/include/rcl_interfaces/rcl_interfaces/srv/detail/get_parameter_types__type_support.h
[14.776s] -- Up-to-date symlink: /home/aajaer/microros_ws/install/rcl_interfaces/include/rcl_interfaces/rcl_interfaces/srv/detail/get_parameters__functions.h
[14.776s] -- Up-to-date symlink: /home/aajaer/microros_ws/install/rcl_interfaces/include/rcl_interfaces/rcl_interfaces/srv/detail/get_parameters__struct.h
[14.777s] -- Up-to-date symlink: /home/aajaer/microros_ws/install/rcl_interfaces/include/rcl_interfaces/rcl_interfaces/srv/detail/get_parameters__type_support.h
[14.777s] -- Up-to-date symlink: /home/aajaer/microros_ws/install/rcl_interfaces/include/rcl_interfaces/rcl_interfaces/srv/detail/list_parameters__functions.h
[14.778s] -- Up-to-date symlink: /home/aajaer/microros_ws/install/rcl_interfaces/include/rcl_interfaces/rcl_interfaces/srv/detail/list_parameters__struct.h
[14.778s] -- Up-to-date symlink: /home/aajaer/microros_ws/install/rcl_interfaces/include/rcl_interfaces/rcl_interfaces/srv/detail/list_parameters__type_support.h
[14.778s] -- Up-to-date symlink: /home/aajaer/microros_ws/install/rcl_interfaces/include/rcl_interfaces/rcl_interfaces/srv/detail/set_parameters__functions.h
[14.778s] -- Up-to-date symlink: /home/aajaer/microros_ws/install/rcl_interfaces/include/rcl_interfaces/rcl_interfaces/srv/detail/set_parameters__struct.h
[14.779s] -- Up-to-date symlink: /home/aajaer/microros_ws/install/rcl_interfaces/include/rcl_interfaces/rcl_interfaces/srv/detail/set_parameters__type_support.h
[14.779s] -- Up-to-date symlink: /home/aajaer/microros_ws/install/rcl_interfaces/include/rcl_interfaces/rcl_interfaces/srv/detail/set_parameters_atomically__functions.h
[14.780s] -- Up-to-date symlink: /home/aajaer/microros_ws/install/rcl_interfaces/include/rcl_interfaces/rcl_interfaces/srv/detail/set_parameters_atomically__struct.h
[14.780s] -- Up-to-date symlink: /home/aajaer/microros_ws/install/rcl_interfaces/include/rcl_interfaces/rcl_interfaces/srv/detail/set_parameters_atomically__type_support.h
[14.781s] -- Up-to-date symlink: /home/aajaer/microros_ws/install/rcl_interfaces/include/rcl_interfaces/rcl_interfaces/srv/get_parameter_types.h
[14.781s] -- Up-to-date symlink: /home/aajaer/microros_ws/install/rcl_interfaces/include/rcl_interfaces/rcl_interfaces/srv/get_parameters.h
[14.784s] -- Up-to-date symlink: /home/aajaer/microros_ws/install/rcl_interfaces/include/rcl_interfaces/rcl_interfaces/srv/list_parameters.h
[14.785s] -- Up-to-date symlink: /home/aajaer/microros_ws/install/rcl_interfaces/include/rcl_interfaces/rcl_interfaces/srv/set_parameters.h
[14.785s] -- Up-to-date symlink: /home/aajaer/microros_ws/install/rcl_interfaces/include/rcl_interfaces/rcl_interfaces/srv/set_parameters_atomically.h
[14.785s] -- Up-to-date symlink: /home/aajaer/microros_ws/install/rcl_interfaces/share/rcl_interfaces/environment/library_path.sh
[14.786s] -- Up-to-date symlink: /home/aajaer/microros_ws/install/rcl_interfaces/share/rcl_interfaces/environment/library_path.dsv
[14.789s] -- Up-to-date symlink: /home/aajaer/microros_ws/install/rcl_interfaces/include/rcl_interfaces/rcl_interfaces/msg/detail/floating_point_range__rosidl_typesupport_fastrtps_c.h
[14.789s] -- Up-to-date symlink: /home/aajaer/microros_ws/install/rcl_interfaces/include/rcl_interfaces/rcl_interfaces/msg/detail/integer_range__rosidl_typesupport_fastrtps_c.h
[14.789s] -- Up-to-date symlink: /home/aajaer/microros_ws/install/rcl_interfaces/include/rcl_interfaces/rcl_interfaces/msg/detail/list_parameters_result__rosidl_typesupport_fastrtps_c.h
[14.790s] -- Up-to-date symlink: /home/aajaer/microros_ws/install/rcl_interfaces/include/rcl_interfaces/rcl_interfaces/msg/detail/log__rosidl_typesupport_fastrtps_c.h
[14.790s] -- Up-to-date symlink: /home/aajaer/microros_ws/install/rcl_interfaces/include/rcl_interfaces/rcl_interfaces/msg/detail/parameter__rosidl_typesupport_fastrtps_c.h
[14.791s] -- Up-to-date symlink: /home/aajaer/microros_ws/install/rcl_interfaces/include/rcl_interfaces/rcl_interfaces/msg/detail/parameter_descriptor__rosidl_typesupport_fastrtps_c.h
[14.791s] -- Up-to-date symlink: /home/aajaer/microros_ws/install/rcl_interfaces/include/rcl_interfaces/rcl_interfaces/msg/detail/parameter_event__rosidl_typesupport_fastrtps_c.h
[14.791s] -- Up-to-date symlink: /home/aajaer/microros_ws/install/rcl_interfaces/include/rcl_interfaces/rcl_interfaces/msg/detail/parameter_event_descriptors__rosidl_typesupport_fastrtps_c.h
[14.791s] -- Up-to-date symlink: /home/aajaer/microros_ws/install/rcl_interfaces/include/rcl_interfaces/rcl_interfaces/msg/detail/parameter_type__rosidl_typesupport_fastrtps_c.h
[14.791s] -- Up-to-date symlink: /home/aajaer/microros_ws/install/rcl_interfaces/include/rcl_interfaces/rcl_interfaces/msg/detail/parameter_value__rosidl_typesupport_fastrtps_c.h
[14.792s] -- Up-to-date symlink: /home/aajaer/microros_ws/install/rcl_interfaces/include/rcl_interfaces/rcl_interfaces/msg/detail/set_parameters_result__rosidl_typesupport_fastrtps_c.h
[14.792s] -- Up-to-date symlink: /home/aajaer/microros_ws/install/rcl_interfaces/include/rcl_interfaces/rcl_interfaces/msg/rosidl_typesupport_fastrtps_c__visibility_control.h
[14.792s] -- Up-to-date symlink: /home/aajaer/microros_ws/install/rcl_interfaces/include/rcl_interfaces/rcl_interfaces/srv/detail/describe_parameters__rosidl_typesupport_fastrtps_c.h
[14.792s] -- Up-to-date symlink: /home/aajaer/microros_ws/install/rcl_interfaces/include/rcl_interfaces/rcl_interfaces/srv/detail/get_parameter_types__rosidl_typesupport_fastrtps_c.h
[14.792s] -- Up-to-date symlink: /home/aajaer/microros_ws/install/rcl_interfaces/include/rcl_interfaces/rcl_interfaces/srv/detail/get_parameters__rosidl_typesupport_fastrtps_c.h
[14.792s] -- Up-to-date symlink: /home/aajaer/microros_ws/install/rcl_interfaces/include/rcl_interfaces/rcl_interfaces/srv/detail/list_parameters__rosidl_typesupport_fastrtps_c.h
[14.793s] -- Up-to-date symlink: /home/aajaer/microros_ws/install/rcl_interfaces/include/rcl_interfaces/rcl_interfaces/srv/detail/set_parameters__rosidl_typesupport_fastrtps_c.h
[14.793s] -- Up-to-date symlink: /home/aajaer/microros_ws/install/rcl_interfaces/include/rcl_interfaces/rcl_interfaces/srv/detail/set_parameters_atomically__rosidl_typesupport_fastrtps_c.h
[14.794s] -- Up-to-date symlink: /home/aajaer/microros_ws/install/rcl_interfaces/include/rcl_interfaces/rcl_interfaces/msg/detail/floating_point_range__rosidl_typesupport_introspection_c.h
[14.794s] -- Up-to-date symlink: /home/aajaer/microros_ws/install/rcl_interfaces/include/rcl_interfaces/rcl_interfaces/msg/detail/integer_range__rosidl_typesupport_introspection_c.h
[14.794s] -- Up-to-date symlink: /home/aajaer/microros_ws/install/rcl_interfaces/include/rcl_interfaces/rcl_interfaces/msg/detail/list_parameters_result__rosidl_typesupport_introspection_c.h
[14.795s] -- Up-to-date symlink: /home/aajaer/microros_ws/install/rcl_interfaces/include/rcl_interfaces/rcl_interfaces/msg/detail/log__rosidl_typesupport_introspection_c.h
[14.795s] -- Up-to-date symlink: /home/aajaer/microros_ws/install/rcl_interfaces/include/rcl_interfaces/rcl_interfaces/msg/detail/parameter__rosidl_typesupport_introspection_c.h
[14.796s] -- Up-to-date symlink: /home/aajaer/microros_ws/install/rcl_interfaces/include/rcl_interfaces/rcl_interfaces/msg/detail/parameter_descriptor__rosidl_typesupport_introspection_c.h
[14.797s] -- Up-to-date symlink: /home/aajaer/microros_ws/install/rcl_interfaces/include/rcl_interfaces/rcl_interfaces/msg/detail/parameter_event__rosidl_typesupport_introspection_c.h
[14.799s] -- Up-to-date symlink: /home/aajaer/microros_ws/install/rcl_interfaces/include/rcl_interfaces/rcl_interfaces/msg/detail/parameter_event_descriptors__rosidl_typesupport_introspection_c.h
[14.801s] -- Up-to-date symlink: /home/aajaer/microros_ws/install/rcl_interfaces/include/rcl_interfaces/rcl_interfaces/msg/detail/parameter_type__rosidl_typesupport_introspection_c.h
[14.801s] -- Up-to-date symlink: /home/aajaer/microros_ws/install/rcl_interfaces/include/rcl_interfaces/rcl_interfaces/msg/detail/parameter_value__rosidl_typesupport_introspection_c.h
[14.801s] -- Up-to-date symlink: /home/aajaer/microros_ws/install/rcl_interfaces/include/rcl_interfaces/rcl_interfaces/msg/detail/set_parameters_result__rosidl_typesupport_introspection_c.h
[14.801s] -- Up-to-date symlink: /home/aajaer/microros_ws/install/rcl_interfaces/include/rcl_interfaces/rcl_interfaces/msg/rosidl_typesupport_introspection_c__visibility_control.h
[14.801s] -- Up-to-date symlink: /home/aajaer/microros_ws/install/rcl_interfaces/include/rcl_interfaces/rcl_interfaces/srv/detail/describe_parameters__rosidl_typesupport_introspection_c.h
[14.802s] -- Up-to-date symlink: /home/aajaer/microros_ws/install/rcl_interfaces/include/rcl_interfaces/rcl_interfaces/srv/detail/get_parameter_types__rosidl_typesupport_introspection_c.h
[14.802s] -- Up-to-date symlink: /home/aajaer/microros_ws/install/rcl_interfaces/include/rcl_interfaces/rcl_interfaces/srv/detail/get_parameters__rosidl_typesupport_introspection_c.h
[14.802s] -- Up-to-date symlink: /home/aajaer/microros_ws/install/rcl_interfaces/include/rcl_interfaces/rcl_interfaces/srv/detail/list_parameters__rosidl_typesupport_introspection_c.h
[14.802s] -- Up-to-date symlink: /home/aajaer/microros_ws/install/rcl_interfaces/include/rcl_interfaces/rcl_interfaces/srv/detail/set_parameters__rosidl_typesupport_introspection_c.h
[14.803s] -- Up-to-date symlink: /home/aajaer/microros_ws/install/rcl_interfaces/include/rcl_interfaces/rcl_interfaces/srv/detail/set_parameters_atomically__rosidl_typesupport_introspection_c.h
[14.805s] -- Up-to-date symlink: /home/aajaer/microros_ws/install/rcl_interfaces/include/rcl_interfaces/rcl_interfaces/msg/detail/floating_point_range__builder.hpp
[14.806s] -- Up-to-date symlink: /home/aajaer/microros_ws/install/rcl_interfaces/include/rcl_interfaces/rcl_interfaces/msg/detail/floating_point_range__struct.hpp
[14.806s] -- Up-to-date symlink: /home/aajaer/microros_ws/install/rcl_interfaces/include/rcl_interfaces/rcl_interfaces/msg/detail/floating_point_range__traits.hpp
[14.806s] -- Up-to-date symlink: /home/aajaer/microros_ws/install/rcl_interfaces/include/rcl_interfaces/rcl_interfaces/msg/detail/floating_point_range__type_support.hpp
[14.807s] -- Up-to-date symlink: /home/aajaer/microros_ws/install/rcl_interfaces/include/rcl_interfaces/rcl_interfaces/msg/detail/integer_range__builder.hpp
[14.808s] -- Up-to-date symlink: /home/aajaer/microros_ws/install/rcl_interfaces/include/rcl_interfaces/rcl_interfaces/msg/detail/integer_range__struct.hpp
[14.808s] -- Up-to-date symlink: /home/aajaer/microros_ws/install/rcl_interfaces/include/rcl_interfaces/rcl_interfaces/msg/detail/integer_range__traits.hpp
[14.809s] -- Up-to-date symlink: /home/aajaer/microros_ws/install/rcl_interfaces/include/rcl_interfaces/rcl_interfaces/msg/detail/integer_range__type_support.hpp
[14.809s] -- Up-to-date symlink: /home/aajaer/microros_ws/install/rcl_interfaces/include/rcl_interfaces/rcl_interfaces/msg/detail/list_parameters_result__builder.hpp
[14.809s] -- Up-to-date symlink: /home/aajaer/microros_ws/install/rcl_interfaces/include/rcl_interfaces/rcl_interfaces/msg/detail/list_parameters_result__struct.hpp
[14.810s] -- Up-to-date symlink: /home/aajaer/microros_ws/install/rcl_interfaces/include/rcl_interfaces/rcl_interfaces/msg/detail/list_parameters_result__traits.hpp
[14.810s] -- Up-to-date symlink: /home/aajaer/microros_ws/install/rcl_interfaces/include/rcl_interfaces/rcl_interfaces/msg/detail/list_parameters_result__type_support.hpp
[14.810s] -- Up-to-date symlink: /home/aajaer/microros_ws/install/rcl_interfaces/include/rcl_interfaces/rcl_interfaces/msg/detail/log__builder.hpp
[14.811s] -- Up-to-date symlink: /home/aajaer/microros_ws/install/rcl_interfaces/include/rcl_interfaces/rcl_interfaces/msg/detail/log__struct.hpp
[14.811s] -- Up-to-date symlink: /home/aajaer/microros_ws/install/rcl_interfaces/include/rcl_interfaces/rcl_interfaces/msg/detail/log__traits.hpp
[14.811s] -- Up-to-date symlink: /home/aajaer/microros_ws/install/rcl_interfaces/include/rcl_interfaces/rcl_interfaces/msg/detail/log__type_support.hpp
[14.812s] -- Up-to-date symlink: /home/aajaer/microros_ws/install/rcl_interfaces/include/rcl_interfaces/rcl_interfaces/msg/detail/parameter__builder.hpp
[14.812s] -- Up-to-date symlink: /home/aajaer/microros_ws/install/rcl_interfaces/include/rcl_interfaces/rcl_interfaces/msg/detail/parameter__struct.hpp
[14.813s] -- Up-to-date symlink: /home/aajaer/microros_ws/install/rcl_interfaces/include/rcl_interfaces/rcl_interfaces/msg/detail/parameter__traits.hpp
[14.813s] -- Up-to-date symlink: /home/aajaer/microros_ws/install/rcl_interfaces/include/rcl_interfaces/rcl_interfaces/msg/detail/parameter__type_support.hpp
[14.813s] -- Up-to-date symlink: /home/aajaer/microros_ws/install/rcl_interfaces/include/rcl_interfaces/rcl_interfaces/msg/detail/parameter_descriptor__builder.hpp
[14.814s] -- Up-to-date symlink: /home/aajaer/microros_ws/install/rcl_interfaces/include/rcl_interfaces/rcl_interfaces/msg/detail/parameter_descriptor__struct.hpp
[14.815s] -- Up-to-date symlink: /home/aajaer/microros_ws/install/rcl_interfaces/include/rcl_interfaces/rcl_interfaces/msg/detail/parameter_descriptor__traits.hpp
[14.816s] -- Up-to-date symlink: /home/aajaer/microros_ws/install/rcl_interfaces/include/rcl_interfaces/rcl_interfaces/msg/detail/parameter_descriptor__type_support.hpp
[14.816s] -- Up-to-date symlink: /home/aajaer/microros_ws/install/rcl_interfaces/include/rcl_interfaces/rcl_interfaces/msg/detail/parameter_event__builder.hpp
[14.819s] -- Up-to-date symlink: /home/aajaer/microros_ws/install/rcl_interfaces/include/rcl_interfaces/rcl_interfaces/msg/detail/parameter_event__struct.hpp
[14.820s] -- Up-to-date symlink: /home/aajaer/microros_ws/install/rcl_interfaces/include/rcl_interfaces/rcl_interfaces/msg/detail/parameter_event__traits.hpp
[14.820s] -- Up-to-date symlink: /home/aajaer/microros_ws/install/rcl_interfaces/include/rcl_interfaces/rcl_interfaces/msg/detail/parameter_event__type_support.hpp
[14.820s] -- Up-to-date symlink: /home/aajaer/microros_ws/install/rcl_interfaces/include/rcl_interfaces/rcl_interfaces/msg/detail/parameter_event_descriptors__builder.hpp
[14.820s] -- Up-to-date symlink: /home/aajaer/microros_ws/install/rcl_interfaces/include/rcl_interfaces/rcl_interfaces/msg/detail/parameter_event_descriptors__struct.hpp
[14.821s] -- Up-to-date symlink: /home/aajaer/microros_ws/install/rcl_interfaces/include/rcl_interfaces/rcl_interfaces/msg/detail/parameter_event_descriptors__traits.hpp
[14.821s] -- Up-to-date symlink: /home/aajaer/microros_ws/install/rcl_interfaces/include/rcl_interfaces/rcl_interfaces/msg/detail/parameter_event_descriptors__type_support.hpp
[14.821s] -- Up-to-date symlink: /home/aajaer/microros_ws/install/rcl_interfaces/include/rcl_interfaces/rcl_interfaces/msg/detail/parameter_type__builder.hpp
[14.821s] -- Up-to-date symlink: /home/aajaer/microros_ws/install/rcl_interfaces/include/rcl_interfaces/rcl_interfaces/msg/detail/parameter_type__struct.hpp
[14.822s] -- Up-to-date symlink: /home/aajaer/microros_ws/install/rcl_interfaces/include/rcl_interfaces/rcl_interfaces/msg/detail/parameter_type__traits.hpp
[14.823s] -- Up-to-date symlink: /home/aajaer/microros_ws/install/rcl_interfaces/include/rcl_interfaces/rcl_interfaces/msg/detail/parameter_type__type_support.hpp
[14.823s] -- Up-to-date symlink: /home/aajaer/microros_ws/install/rcl_interfaces/include/rcl_interfaces/rcl_interfaces/msg/detail/parameter_value__builder.hpp
[14.824s] -- Up-to-date symlink: /home/aajaer/microros_ws/install/rcl_interfaces/include/rcl_interfaces/rcl_interfaces/msg/detail/parameter_value__struct.hpp
[14.824s] -- Up-to-date symlink: /home/aajaer/microros_ws/install/rcl_interfaces/include/rcl_interfaces/rcl_interfaces/msg/detail/parameter_value__traits.hpp
[14.824s] -- Up-to-date symlink: /home/aajaer/microros_ws/install/rcl_interfaces/include/rcl_interfaces/rcl_interfaces/msg/detail/parameter_value__type_support.hpp
[14.824s] -- Up-to-date symlink: /home/aajaer/microros_ws/install/rcl_interfaces/include/rcl_interfaces/rcl_interfaces/msg/detail/set_parameters_result__builder.hpp
[14.824s] -- Up-to-date symlink: /home/aajaer/microros_ws/install/rcl_interfaces/include/rcl_interfaces/rcl_interfaces/msg/detail/set_parameters_result__struct.hpp
[14.824s] -- Up-to-date symlink: /home/aajaer/microros_ws/install/rcl_interfaces/include/rcl_interfaces/rcl_interfaces/msg/detail/set_parameters_result__traits.hpp
[14.824s] -- Up-to-date symlink: /home/aajaer/microros_ws/install/rcl_interfaces/include/rcl_interfaces/rcl_interfaces/msg/detail/set_parameters_result__type_support.hpp
[14.825s] -- Up-to-date symlink: /home/aajaer/microros_ws/install/rcl_interfaces/include/rcl_interfaces/rcl_interfaces/msg/floating_point_range.hpp
[14.825s] -- Up-to-date symlink: /home/aajaer/microros_ws/install/rcl_interfaces/include/rcl_interfaces/rcl_interfaces/msg/integer_range.hpp
[14.825s] -- Up-to-date symlink: /home/aajaer/microros_ws/install/rcl_interfaces/include/rcl_interfaces/rcl_interfaces/msg/list_parameters_result.hpp
[14.825s] -- Up-to-date symlink: /home/aajaer/microros_ws/install/rcl_interfaces/include/rcl_interfaces/rcl_interfaces/msg/log.hpp
[14.825s] -- Up-to-date symlink: /home/aajaer/microros_ws/install/rcl_interfaces/include/rcl_interfaces/rcl_interfaces/msg/parameter.hpp
[14.826s] -- Up-to-date symlink: /home/aajaer/microros_ws/install/rcl_interfaces/include/rcl_interfaces/rcl_interfaces/msg/parameter_descriptor.hpp
[14.832s] -- Up-to-date symlink: /home/aajaer/microros_ws/install/rcl_interfaces/include/rcl_interfaces/rcl_interfaces/msg/parameter_event.hpp
[14.835s] -- Up-to-date symlink: /home/aajaer/microros_ws/install/rcl_interfaces/include/rcl_interfaces/rcl_interfaces/msg/parameter_event_descriptors.hpp
[14.835s] -- Up-to-date symlink: /home/aajaer/microros_ws/install/rcl_interfaces/include/rcl_interfaces/rcl_interfaces/msg/parameter_type.hpp
[14.836s] -- Up-to-date symlink: /home/aajaer/microros_ws/install/rcl_interfaces/include/rcl_interfaces/rcl_interfaces/msg/parameter_value.hpp
[14.836s] -- Up-to-date symlink: /home/aajaer/microros_ws/install/rcl_interfaces/include/rcl_interfaces/rcl_interfaces/msg/rosidl_generator_cpp__visibility_control.hpp
[14.836s] -- Up-to-date symlink: /home/aajaer/microros_ws/install/rcl_interfaces/include/rcl_interfaces/rcl_interfaces/msg/set_parameters_result.hpp
[14.836s] -- Up-to-date symlink: /home/aajaer/microros_ws/install/rcl_interfaces/include/rcl_interfaces/rcl_interfaces/srv/describe_parameters.hpp
[14.837s] -- Up-to-date symlink: /home/aajaer/microros_ws/install/rcl_interfaces/include/rcl_interfaces/rcl_interfaces/srv/detail/describe_parameters__builder.hpp
[14.837s] -- Up-to-date symlink: /home/aajaer/microros_ws/install/rcl_interfaces/include/rcl_interfaces/rcl_interfaces/srv/detail/describe_parameters__struct.hpp
[14.837s] -- Up-to-date symlink: /home/aajaer/microros_ws/install/rcl_interfaces/include/rcl_interfaces/rcl_interfaces/srv/detail/describe_parameters__traits.hpp
[14.837s] -- Up-to-date symlink: /home/aajaer/microros_ws/install/rcl_interfaces/include/rcl_interfaces/rcl_interfaces/srv/detail/describe_parameters__type_support.hpp
[14.837s] -- Up-to-date symlink: /home/aajaer/microros_ws/install/rcl_interfaces/include/rcl_interfaces/rcl_interfaces/srv/detail/get_parameter_types__builder.hpp
[14.838s] -- Up-to-date symlink: /home/aajaer/microros_ws/install/rcl_interfaces/include/rcl_interfaces/rcl_interfaces/srv/detail/get_parameter_types__struct.hpp
[14.838s] -- Up-to-date symlink: /home/aajaer/microros_ws/install/rcl_interfaces/include/rcl_interfaces/rcl_interfaces/srv/detail/get_parameter_types__traits.hpp
[14.839s] -- Up-to-date symlink: /home/aajaer/microros_ws/install/rcl_interfaces/include/rcl_interfaces/rcl_interfaces/srv/detail/get_parameter_types__type_support.hpp
[14.840s] -- Up-to-date symlink: /home/aajaer/microros_ws/install/rcl_interfaces/include/rcl_interfaces/rcl_interfaces/srv/detail/get_parameters__builder.hpp
[14.840s] -- Up-to-date symlink: /home/aajaer/microros_ws/install/rcl_interfaces/include/rcl_interfaces/rcl_interfaces/srv/detail/get_parameters__struct.hpp
[14.840s] -- Up-to-date symlink: /home/aajaer/microros_ws/install/rcl_interfaces/include/rcl_interfaces/rcl_interfaces/srv/detail/get_parameters__traits.hpp
[14.841s] -- Up-to-date symlink: /home/aajaer/microros_ws/install/rcl_interfaces/include/rcl_interfaces/rcl_interfaces/srv/detail/get_parameters__type_support.hpp
[14.841s] -- Up-to-date symlink: /home/aajaer/microros_ws/install/rcl_interfaces/include/rcl_interfaces/rcl_interfaces/srv/detail/list_parameters__builder.hpp
[14.841s] -- Up-to-date symlink: /home/aajaer/microros_ws/install/rcl_interfaces/include/rcl_interfaces/rcl_interfaces/srv/detail/list_parameters__struct.hpp
[14.842s] -- Up-to-date symlink: /home/aajaer/microros_ws/install/rcl_interfaces/include/rcl_interfaces/rcl_interfaces/srv/detail/list_parameters__traits.hpp
[14.860s] -- Up-to-date symlink: /home/aajaer/microros_ws/install/rcl_interfaces/include/rcl_interfaces/rcl_interfaces/srv/detail/list_parameters__type_support.hpp
[14.860s] -- Up-to-date symlink: /home/aajaer/microros_ws/install/rcl_interfaces/include/rcl_interfaces/rcl_interfaces/srv/detail/set_parameters__builder.hpp
[14.861s] -- Up-to-date symlink: /home/aajaer/microros_ws/install/rcl_interfaces/include/rcl_interfaces/rcl_interfaces/srv/detail/set_parameters__struct.hpp
[14.861s] -- Up-to-date symlink: /home/aajaer/microros_ws/install/rcl_interfaces/include/rcl_interfaces/rcl_interfaces/srv/detail/set_parameters__traits.hpp
[14.861s] -- Up-to-date symlink: /home/aajaer/microros_ws/install/rcl_interfaces/include/rcl_interfaces/rcl_interfaces/srv/detail/set_parameters__type_support.hpp
[14.861s] -- Up-to-date symlink: /home/aajaer/microros_ws/install/rcl_interfaces/include/rcl_interfaces/rcl_interfaces/srv/detail/set_parameters_atomically__builder.hpp
[14.861s] -- Up-to-date symlink: /home/aajaer/microros_ws/install/rcl_interfaces/include/rcl_interfaces/rcl_interfaces/srv/detail/set_parameters_atomically__struct.hpp
[14.861s] -- Up-to-date symlink: /home/aajaer/microros_ws/install/rcl_interfaces/include/rcl_interfaces/rcl_interfaces/srv/detail/set_parameters_atomically__traits.hpp
[14.861s] -- Up-to-date symlink: /home/aajaer/microros_ws/install/rcl_interfaces/include/rcl_interfaces/rcl_interfaces/srv/detail/set_parameters_atomically__type_support.hpp
[14.862s] -- Up-to-date symlink: /home/aajaer/microros_ws/install/rcl_interfaces/include/rcl_interfaces/rcl_interfaces/srv/get_parameter_types.hpp
[14.862s] -- Up-to-date symlink: /home/aajaer/microros_ws/install/rcl_interfaces/include/rcl_interfaces/rcl_interfaces/srv/get_parameters.hpp
[14.862s] -- Up-to-date symlink: /home/aajaer/microros_ws/install/rcl_interfaces/include/rcl_interfaces/rcl_interfaces/srv/list_parameters.hpp
[14.862s] -- Up-to-date symlink: /home/aajaer/microros_ws/install/rcl_interfaces/include/rcl_interfaces/rcl_interfaces/srv/set_parameters.hpp
[14.862s] -- Up-to-date symlink: /home/aajaer/microros_ws/install/rcl_interfaces/include/rcl_interfaces/rcl_interfaces/srv/set_parameters_atomically.hpp
[14.862s] -- Up-to-date symlink: /home/aajaer/microros_ws/install/rcl_interfaces/include/rcl_interfaces/rcl_interfaces/msg/detail/floating_point_range__rosidl_typesupport_fastrtps_cpp.hpp
[14.862s] -- Up-to-date symlink: /home/aajaer/microros_ws/install/rcl_interfaces/include/rcl_interfaces/rcl_interfaces/msg/detail/integer_range__rosidl_typesupport_fastrtps_cpp.hpp
[14.862s] -- Up-to-date symlink: /home/aajaer/microros_ws/install/rcl_interfaces/include/rcl_interfaces/rcl_interfaces/msg/detail/list_parameters_result__rosidl_typesupport_fastrtps_cpp.hpp
[14.862s] -- Up-to-date symlink: /home/aajaer/microros_ws/install/rcl_interfaces/include/rcl_interfaces/rcl_interfaces/msg/detail/log__rosidl_typesupport_fastrtps_cpp.hpp
[14.863s] -- Up-to-date symlink: /home/aajaer/microros_ws/install/rcl_interfaces/include/rcl_interfaces/rcl_interfaces/msg/detail/parameter__rosidl_typesupport_fastrtps_cpp.hpp
[14.863s] -- Up-to-date symlink: /home/aajaer/microros_ws/install/rcl_interfaces/include/rcl_interfaces/rcl_interfaces/msg/detail/parameter_descriptor__rosidl_typesupport_fastrtps_cpp.hpp
[14.863s] -- Up-to-date symlink: /home/aajaer/microros_ws/install/rcl_interfaces/include/rcl_interfaces/rcl_interfaces/msg/detail/parameter_event__rosidl_typesupport_fastrtps_cpp.hpp
[14.863s] -- Up-to-date symlink: /home/aajaer/microros_ws/install/rcl_interfaces/include/rcl_interfaces/rcl_interfaces/msg/detail/parameter_event_descriptors__rosidl_typesupport_fastrtps_cpp.hpp
[14.863s] -- Up-to-date symlink: /home/aajaer/microros_ws/install/rcl_interfaces/include/rcl_interfaces/rcl_interfaces/msg/detail/parameter_type__rosidl_typesupport_fastrtps_cpp.hpp
[14.863s] -- Up-to-date symlink: /home/aajaer/microros_ws/install/rcl_interfaces/include/rcl_interfaces/rcl_interfaces/msg/detail/parameter_value__rosidl_typesupport_fastrtps_cpp.hpp
[14.863s] -- Up-to-date symlink: /home/aajaer/microros_ws/install/rcl_interfaces/include/rcl_interfaces/rcl_interfaces/msg/detail/set_parameters_result__rosidl_typesupport_fastrtps_cpp.hpp
[14.863s] -- Up-to-date symlink: /home/aajaer/microros_ws/install/rcl_interfaces/include/rcl_interfaces/rcl_interfaces/msg/rosidl_typesupport_fastrtps_cpp__visibility_control.h
[14.864s] -- Up-to-date symlink: /home/aajaer/microros_ws/install/rcl_interfaces/include/rcl_interfaces/rcl_interfaces/srv/detail/describe_parameters__rosidl_typesupport_fastrtps_cpp.hpp
[14.887s] -- Up-to-date symlink: /home/aajaer/microros_ws/install/rcl_interfaces/include/rcl_interfaces/rcl_interfaces/srv/detail/get_parameter_types__rosidl_typesupport_fastrtps_cpp.hpp
[14.888s] -- Up-to-date symlink: /home/aajaer/microros_ws/install/rcl_interfaces/include/rcl_interfaces/rcl_interfaces/srv/detail/get_parameters__rosidl_typesupport_fastrtps_cpp.hpp
[14.888s] -- Up-to-date symlink: /home/aajaer/microros_ws/install/rcl_interfaces/include/rcl_interfaces/rcl_interfaces/srv/detail/list_parameters__rosidl_typesupport_fastrtps_cpp.hpp
[14.889s] -- Up-to-date symlink: /home/aajaer/microros_ws/install/rcl_interfaces/include/rcl_interfaces/rcl_interfaces/srv/detail/set_parameters__rosidl_typesupport_fastrtps_cpp.hpp
[14.889s] -- Up-to-date symlink: /home/aajaer/microros_ws/install/rcl_interfaces/include/rcl_interfaces/rcl_interfaces/srv/detail/set_parameters_atomically__rosidl_typesupport_fastrtps_cpp.hpp
[14.890s] -- Up-to-date symlink: /home/aajaer/microros_ws/install/rcl_interfaces/include/rcl_interfaces/rcl_interfaces/msg/detail/floating_point_range__rosidl_typesupport_introspection_cpp.hpp
[14.890s] -- Up-to-date symlink: /home/aajaer/microros_ws/install/rcl_interfaces/include/rcl_interfaces/rcl_interfaces/msg/detail/integer_range__rosidl_typesupport_introspection_cpp.hpp
[14.890s] -- Up-to-date symlink: /home/aajaer/microros_ws/install/rcl_interfaces/include/rcl_interfaces/rcl_interfaces/msg/detail/list_parameters_result__rosidl_typesupport_introspection_cpp.hpp
[14.891s] -- Up-to-date symlink: /home/aajaer/microros_ws/install/rcl_interfaces/include/rcl_interfaces/rcl_interfaces/msg/detail/log__rosidl_typesupport_introspection_cpp.hpp
[14.891s] -- Up-to-date symlink: /home/aajaer/microros_ws/install/rcl_interfaces/include/rcl_interfaces/rcl_interfaces/msg/detail/parameter__rosidl_typesupport_introspection_cpp.hpp
[14.891s] -- Up-to-date symlink: /home/aajaer/microros_ws/install/rcl_interfaces/include/rcl_interfaces/rcl_interfaces/msg/detail/parameter_descriptor__rosidl_typesupport_introspection_cpp.hpp
[14.891s] -- Up-to-date symlink: /home/aajaer/microros_ws/install/rcl_interfaces/include/rcl_interfaces/rcl_interfaces/msg/detail/parameter_event__rosidl_typesupport_introspection_cpp.hpp
[14.891s] -- Up-to-date symlink: /home/aajaer/microros_ws/install/rcl_interfaces/include/rcl_interfaces/rcl_interfaces/msg/detail/parameter_event_descriptors__rosidl_typesupport_introspection_cpp.hpp
[14.891s] -- Up-to-date symlink: /home/aajaer/microros_ws/install/rcl_interfaces/include/rcl_interfaces/rcl_interfaces/msg/detail/parameter_type__rosidl_typesupport_introspection_cpp.hpp
[14.895s] -- Up-to-date symlink: /home/aajaer/microros_ws/install/rcl_interfaces/include/rcl_interfaces/rcl_interfaces/msg/detail/parameter_value__rosidl_typesupport_introspection_cpp.hpp
[14.895s] -- Up-to-date symlink: /home/aajaer/microros_ws/install/rcl_interfaces/include/rcl_interfaces/rcl_interfaces/msg/detail/set_parameters_result__rosidl_typesupport_introspection_cpp.hpp
[14.895s] -- Up-to-date symlink: /home/aajaer/microros_ws/install/rcl_interfaces/include/rcl_interfaces/rcl_interfaces/srv/detail/describe_parameters__rosidl_typesupport_introspection_cpp.hpp
[14.896s] -- Up-to-date symlink: /home/aajaer/microros_ws/install/rcl_interfaces/include/rcl_interfaces/rcl_interfaces/srv/detail/get_parameter_types__rosidl_typesupport_introspection_cpp.hpp
[14.896s] -- Up-to-date symlink: /home/aajaer/microros_ws/install/rcl_interfaces/include/rcl_interfaces/rcl_interfaces/srv/detail/get_parameters__rosidl_typesupport_introspection_cpp.hpp
[14.896s] -- Up-to-date symlink: /home/aajaer/microros_ws/install/rcl_interfaces/include/rcl_interfaces/rcl_interfaces/srv/detail/list_parameters__rosidl_typesupport_introspection_cpp.hpp
[14.896s] -- Up-to-date symlink: /home/aajaer/microros_ws/install/rcl_interfaces/include/rcl_interfaces/rcl_interfaces/srv/detail/set_parameters__rosidl_typesupport_introspection_cpp.hpp
[14.896s] -- Up-to-date symlink: /home/aajaer/microros_ws/install/rcl_interfaces/include/rcl_interfaces/rcl_interfaces/srv/detail/set_parameters_atomically__rosidl_typesupport_introspection_cpp.hpp
[14.898s] -- Up-to-date symlink: /home/aajaer/microros_ws/install/rcl_interfaces/share/rcl_interfaces/environment/pythonpath.sh
[14.898s] -- Up-to-date symlink: /home/aajaer/microros_ws/install/rcl_interfaces/share/rcl_interfaces/environment/pythonpath.dsv
[14.898s] -- Up-to-date symlink: /home/aajaer/microros_ws/install/rcl_interfaces/local/lib/python3.10/dist-packages/rcl_interfaces-1.2.1-py3.10.egg-info/PKG-INFO
[14.900s] -- Up-to-date symlink: /home/aajaer/microros_ws/install/rcl_interfaces/local/lib/python3.10/dist-packages/rcl_interfaces-1.2.1-py3.10.egg-info/SOURCES.txt
[14.900s] -- Up-to-date symlink: /home/aajaer/microros_ws/install/rcl_interfaces/local/lib/python3.10/dist-packages/rcl_interfaces-1.2.1-py3.10.egg-info/dependency_links.txt
[14.900s] -- Up-to-date symlink: /home/aajaer/microros_ws/install/rcl_interfaces/local/lib/python3.10/dist-packages/rcl_interfaces-1.2.1-py3.10.egg-info/top_level.txt
[14.900s] -- Up-to-date symlink: /home/aajaer/microros_ws/install/rcl_interfaces/local/lib/python3.10/dist-packages/rcl_interfaces/__init__.py
[14.901s] -- Up-to-date symlink: /home/aajaer/microros_ws/install/rcl_interfaces/local/lib/python3.10/dist-packages/rcl_interfaces/_rcl_interfaces_s.ep.rosidl_typesupport_c.c
[14.901s] -- Up-to-date symlink: /home/aajaer/microros_ws/install/rcl_interfaces/local/lib/python3.10/dist-packages/rcl_interfaces/_rcl_interfaces_s.ep.rosidl_typesupport_fastrtps_c.c
[14.901s] -- Up-to-date symlink: /home/aajaer/microros_ws/install/rcl_interfaces/local/lib/python3.10/dist-packages/rcl_interfaces/_rcl_interfaces_s.ep.rosidl_typesupport_introspection_c.c
[14.901s] -- Up-to-date symlink: /home/aajaer/microros_ws/install/rcl_interfaces/local/lib/python3.10/dist-packages/rcl_interfaces/_rcl_interfaces_s.ep.rosidl_typesupport_microxrcedds_c.c
[14.902s] -- Up-to-date symlink: /home/aajaer/microros_ws/install/rcl_interfaces/local/lib/python3.10/dist-packages/rcl_interfaces/librcl_interfaces__rosidl_generator_py.so
[14.902s] -- Up-to-date symlink: /home/aajaer/microros_ws/install/rcl_interfaces/local/lib/python3.10/dist-packages/rcl_interfaces/msg/__init__.py
[14.902s] -- Up-to-date symlink: /home/aajaer/microros_ws/install/rcl_interfaces/local/lib/python3.10/dist-packages/rcl_interfaces/msg/_floating_point_range.py
[14.903s] -- Up-to-date symlink: /home/aajaer/microros_ws/install/rcl_interfaces/local/lib/python3.10/dist-packages/rcl_interfaces/msg/_floating_point_range_s.c
[14.903s] -- Up-to-date symlink: /home/aajaer/microros_ws/install/rcl_interfaces/local/lib/python3.10/dist-packages/rcl_interfaces/msg/_integer_range.py
[14.903s] -- Up-to-date symlink: /home/aajaer/microros_ws/install/rcl_interfaces/local/lib/python3.10/dist-packages/rcl_interfaces/msg/_integer_range_s.c
[14.905s] -- Up-to-date symlink: /home/aajaer/microros_ws/install/rcl_interfaces/local/lib/python3.10/dist-packages/rcl_interfaces/msg/_list_parameters_result.py
[14.905s] -- Up-to-date symlink: /home/aajaer/microros_ws/install/rcl_interfaces/local/lib/python3.10/dist-packages/rcl_interfaces/msg/_list_parameters_result_s.c
[14.905s] -- Up-to-date symlink: /home/aajaer/microros_ws/install/rcl_interfaces/local/lib/python3.10/dist-packages/rcl_interfaces/msg/_log.py
[14.905s] -- Up-to-date symlink: /home/aajaer/microros_ws/install/rcl_interfaces/local/lib/python3.10/dist-packages/rcl_interfaces/msg/_log_s.c
[14.905s] -- Up-to-date symlink: /home/aajaer/microros_ws/install/rcl_interfaces/local/lib/python3.10/dist-packages/rcl_interfaces/msg/_parameter.py
[14.907s] -- Up-to-date symlink: /home/aajaer/microros_ws/install/rcl_interfaces/local/lib/python3.10/dist-packages/rcl_interfaces/msg/_parameter_descriptor.py
[14.907s] -- Up-to-date symlink: /home/aajaer/microros_ws/install/rcl_interfaces/local/lib/python3.10/dist-packages/rcl_interfaces/msg/_parameter_descriptor_s.c
[14.907s] -- Up-to-date symlink: /home/aajaer/microros_ws/install/rcl_interfaces/local/lib/python3.10/dist-packages/rcl_interfaces/msg/_parameter_event.py
[14.907s] -- Up-to-date symlink: /home/aajaer/microros_ws/install/rcl_interfaces/local/lib/python3.10/dist-packages/rcl_interfaces/msg/_parameter_event_descriptors.py
[14.907s] -- Up-to-date symlink: /home/aajaer/microros_ws/install/rcl_interfaces/local/lib/python3.10/dist-packages/rcl_interfaces/msg/_parameter_event_descriptors_s.c
[14.908s] -- Up-to-date symlink: /home/aajaer/microros_ws/install/rcl_interfaces/local/lib/python3.10/dist-packages/rcl_interfaces/msg/_parameter_event_s.c
[14.909s] -- Up-to-date symlink: /home/aajaer/microros_ws/install/rcl_interfaces/local/lib/python3.10/dist-packages/rcl_interfaces/msg/_parameter_s.c
[14.909s] -- Up-to-date symlink: /home/aajaer/microros_ws/install/rcl_interfaces/local/lib/python3.10/dist-packages/rcl_interfaces/msg/_parameter_type.py
[14.909s] -- Up-to-date symlink: /home/aajaer/microros_ws/install/rcl_interfaces/local/lib/python3.10/dist-packages/rcl_interfaces/msg/_parameter_type_s.c
[14.909s] -- Up-to-date symlink: /home/aajaer/microros_ws/install/rcl_interfaces/local/lib/python3.10/dist-packages/rcl_interfaces/msg/_parameter_value.py
[14.909s] -- Up-to-date symlink: /home/aajaer/microros_ws/install/rcl_interfaces/local/lib/python3.10/dist-packages/rcl_interfaces/msg/_parameter_value_s.c
[14.910s] -- Up-to-date symlink: /home/aajaer/microros_ws/install/rcl_interfaces/local/lib/python3.10/dist-packages/rcl_interfaces/msg/_set_parameters_result.py
[14.910s] -- Up-to-date symlink: /home/aajaer/microros_ws/install/rcl_interfaces/local/lib/python3.10/dist-packages/rcl_interfaces/msg/_set_parameters_result_s.c
[14.912s] -- Up-to-date symlink: /home/aajaer/microros_ws/install/rcl_interfaces/local/lib/python3.10/dist-packages/rcl_interfaces/rcl_interfaces_s__rosidl_typesupport_c.cpython-310-aarch64-linux-gnu.so
[14.912s] -- Up-to-date symlink: /home/aajaer/microros_ws/install/rcl_interfaces/local/lib/python3.10/dist-packages/rcl_interfaces/rcl_interfaces_s__rosidl_typesupport_fastrtps_c.cpython-310-aarch64-linux-gnu.so
[14.912s] -- Up-to-date symlink: /home/aajaer/microros_ws/install/rcl_interfaces/local/lib/python3.10/dist-packages/rcl_interfaces/rcl_interfaces_s__rosidl_typesupport_introspection_c.cpython-310-aarch64-linux-gnu.so
[14.913s] -- Up-to-date symlink: /home/aajaer/microros_ws/install/rcl_interfaces/local/lib/python3.10/dist-packages/rcl_interfaces/rcl_interfaces_s__rosidl_typesupport_microxrcedds_c.cpython-310-aarch64-linux-gnu.so
[14.914s] -- Up-to-date symlink: /home/aajaer/microros_ws/install/rcl_interfaces/local/lib/python3.10/dist-packages/rcl_interfaces/srv/__init__.py
[14.914s] -- Up-to-date symlink: /home/aajaer/microros_ws/install/rcl_interfaces/local/lib/python3.10/dist-packages/rcl_interfaces/srv/_describe_parameters.py
[14.916s] -- Up-to-date symlink: /home/aajaer/microros_ws/install/rcl_interfaces/local/lib/python3.10/dist-packages/rcl_interfaces/srv/_describe_parameters_s.c
[14.916s] -- Up-to-date symlink: /home/aajaer/microros_ws/install/rcl_interfaces/local/lib/python3.10/dist-packages/rcl_interfaces/srv/_get_parameter_types.py
[14.916s] -- Up-to-date symlink: /home/aajaer/microros_ws/install/rcl_interfaces/local/lib/python3.10/dist-packages/rcl_interfaces/srv/_get_parameter_types_s.c
[14.916s] -- Up-to-date symlink: /home/aajaer/microros_ws/install/rcl_interfaces/local/lib/python3.10/dist-packages/rcl_interfaces/srv/_get_parameters.py
[14.916s] -- Up-to-date symlink: /home/aajaer/microros_ws/install/rcl_interfaces/local/lib/python3.10/dist-packages/rcl_interfaces/srv/_get_parameters_s.c
[14.917s] -- Up-to-date symlink: /home/aajaer/microros_ws/install/rcl_interfaces/local/lib/python3.10/dist-packages/rcl_interfaces/srv/_list_parameters.py
[14.917s] -- Up-to-date symlink: /home/aajaer/microros_ws/install/rcl_interfaces/local/lib/python3.10/dist-packages/rcl_interfaces/srv/_list_parameters_s.c
[14.917s] -- Up-to-date symlink: /home/aajaer/microros_ws/install/rcl_interfaces/local/lib/python3.10/dist-packages/rcl_interfaces/srv/_set_parameters.py
[14.917s] -- Up-to-date symlink: /home/aajaer/microros_ws/install/rcl_interfaces/local/lib/python3.10/dist-packages/rcl_interfaces/srv/_set_parameters_atomically.py
[14.917s] -- Up-to-date symlink: /home/aajaer/microros_ws/install/rcl_interfaces/local/lib/python3.10/dist-packages/rcl_interfaces/srv/_set_parameters_atomically_s.c
[14.919s] -- Up-to-date symlink: /home/aajaer/microros_ws/install/rcl_interfaces/local/lib/python3.10/dist-packages/rcl_interfaces/srv/_set_parameters_s.c
[14.919s] -- Up-to-date symlink: /home/aajaer/microros_ws/install/rcl_interfaces/local/lib/python3.10/dist-packages/rcl_interfaces/rcl_interfaces_s__rosidl_typesupport_fastrtps_c.cpython-310-aarch64-linux-gnu.so
[14.919s] -- Up-to-date symlink: /home/aajaer/microros_ws/install/rcl_interfaces/local/lib/python3.10/dist-packages/rcl_interfaces/rcl_interfaces_s__rosidl_typesupport_introspection_c.cpython-310-aarch64-linux-gnu.so
[14.919s] -- Up-to-date symlink: /home/aajaer/microros_ws/install/rcl_interfaces/local/lib/python3.10/dist-packages/rcl_interfaces/rcl_interfaces_s__rosidl_typesupport_c.cpython-310-aarch64-linux-gnu.so
[14.919s] -- Up-to-date symlink: /home/aajaer/microros_ws/install/rcl_interfaces/share/rcl_interfaces/msg/FloatingPointRange.idl
[14.919s] -- Up-to-date symlink: /home/aajaer/microros_ws/install/rcl_interfaces/share/rcl_interfaces/msg/IntegerRange.idl
[14.920s] -- Up-to-date symlink: /home/aajaer/microros_ws/install/rcl_interfaces/share/rcl_interfaces/msg/ListParametersResult.idl
[14.922s] -- Up-to-date symlink: /home/aajaer/microros_ws/install/rcl_interfaces/share/rcl_interfaces/msg/Log.idl
[14.922s] -- Up-to-date symlink: /home/aajaer/microros_ws/install/rcl_interfaces/share/rcl_interfaces/msg/ParameterDescriptor.idl
[14.922s] -- Up-to-date symlink: /home/aajaer/microros_ws/install/rcl_interfaces/share/rcl_interfaces/msg/ParameterEventDescriptors.idl
[14.922s] -- Up-to-date symlink: /home/aajaer/microros_ws/install/rcl_interfaces/share/rcl_interfaces/msg/ParameterEvent.idl
[14.922s] -- Up-to-date symlink: /home/aajaer/microros_ws/install/rcl_interfaces/share/rcl_interfaces/msg/Parameter.idl
[14.922s] -- Up-to-date symlink: /home/aajaer/microros_ws/install/rcl_interfaces/share/rcl_interfaces/msg/ParameterType.idl
[14.923s] -- Up-to-date symlink: /home/aajaer/microros_ws/install/rcl_interfaces/share/rcl_interfaces/msg/ParameterValue.idl
[14.923s] -- Up-to-date symlink: /home/aajaer/microros_ws/install/rcl_interfaces/share/rcl_interfaces/msg/SetParametersResult.idl
[14.923s] -- Up-to-date symlink: /home/aajaer/microros_ws/install/rcl_interfaces/share/rcl_interfaces/srv/DescribeParameters.idl
[14.923s] -- Up-to-date symlink: /home/aajaer/microros_ws/install/rcl_interfaces/share/rcl_interfaces/srv/GetParameters.idl
[14.923s] -- Up-to-date symlink: /home/aajaer/microros_ws/install/rcl_interfaces/share/rcl_interfaces/srv/GetParameterTypes.idl
[14.923s] -- Up-to-date symlink: /home/aajaer/microros_ws/install/rcl_interfaces/share/rcl_interfaces/srv/ListParameters.idl
[14.923s] -- Up-to-date symlink: /home/aajaer/microros_ws/install/rcl_interfaces/share/rcl_interfaces/srv/SetParametersAtomically.idl
[14.924s] -- Up-to-date symlink: /home/aajaer/microros_ws/install/rcl_interfaces/share/rcl_interfaces/srv/SetParameters.idl
[14.926s] -- Up-to-date symlink: /home/aajaer/microros_ws/install/rcl_interfaces/share/rcl_interfaces/msg/FloatingPointRange.msg
[14.926s] -- Up-to-date symlink: /home/aajaer/microros_ws/install/rcl_interfaces/share/rcl_interfaces/msg/IntegerRange.msg
[14.928s] -- Up-to-date symlink: /home/aajaer/microros_ws/install/rcl_interfaces/share/rcl_interfaces/msg/ListParametersResult.msg
[14.928s] -- Up-to-date symlink: /home/aajaer/microros_ws/install/rcl_interfaces/share/rcl_interfaces/msg/Log.msg
[14.928s] -- Up-to-date symlink: /home/aajaer/microros_ws/install/rcl_interfaces/share/rcl_interfaces/msg/ParameterDescriptor.msg
[14.928s] -- Up-to-date symlink: /home/aajaer/microros_ws/install/rcl_interfaces/share/rcl_interfaces/msg/ParameterEventDescriptors.msg
[14.929s] -- Up-to-date symlink: /home/aajaer/microros_ws/install/rcl_interfaces/share/rcl_interfaces/msg/ParameterEvent.msg
[14.930s] -- Up-to-date symlink: /home/aajaer/microros_ws/install/rcl_interfaces/share/rcl_interfaces/msg/Parameter.msg
[14.931s] -- Up-to-date symlink: /home/aajaer/microros_ws/install/rcl_interfaces/share/rcl_interfaces/msg/ParameterType.msg
[14.932s] -- Up-to-date symlink: /home/aajaer/microros_ws/install/rcl_interfaces/share/rcl_interfaces/msg/ParameterValue.msg
[14.932s] -- Up-to-date symlink: /home/aajaer/microros_ws/install/rcl_interfaces/share/rcl_interfaces/msg/SetParametersResult.msg
[14.933s] -- Up-to-date symlink: /home/aajaer/microros_ws/install/rcl_interfaces/share/rcl_interfaces/srv/DescribeParameters.srv
[14.934s] -- Up-to-date symlink: /home/aajaer/microros_ws/install/rcl_interfaces/share/rcl_interfaces/srv/DescribeParameters_Request.msg
[14.935s] -- Up-to-date symlink: /home/aajaer/microros_ws/install/rcl_interfaces/share/rcl_interfaces/srv/DescribeParameters_Response.msg
[14.935s] -- Up-to-date symlink: /home/aajaer/microros_ws/install/rcl_interfaces/share/rcl_interfaces/srv/GetParameters.srv
[14.936s] -- Up-to-date symlink: /home/aajaer/microros_ws/install/rcl_interfaces/share/rcl_interfaces/srv/GetParameters_Request.msg
[14.937s] -- Up-to-date symlink: /home/aajaer/microros_ws/install/rcl_interfaces/share/rcl_interfaces/srv/GetParameters_Response.msg
[14.937s] -- Up-to-date symlink: /home/aajaer/microros_ws/install/rcl_interfaces/share/rcl_interfaces/srv/GetParameterTypes.srv
[14.939s] -- Up-to-date symlink: /home/aajaer/microros_ws/install/rcl_interfaces/share/rcl_interfaces/srv/GetParameterTypes_Request.msg
[14.939s] -- Up-to-date symlink: /home/aajaer/microros_ws/install/rcl_interfaces/share/rcl_interfaces/srv/GetParameterTypes_Response.msg
[14.939s] -- Up-to-date symlink: /home/aajaer/microros_ws/install/rcl_interfaces/share/rcl_interfaces/srv/ListParameters.srv
[14.939s] -- Up-to-date symlink: /home/aajaer/microros_ws/install/rcl_interfaces/share/rcl_interfaces/srv/ListParameters_Request.msg
[14.940s] -- Up-to-date symlink: /home/aajaer/microros_ws/install/rcl_interfaces/share/rcl_interfaces/srv/ListParameters_Response.msg
[14.940s] -- Up-to-date symlink: /home/aajaer/microros_ws/install/rcl_interfaces/share/rcl_interfaces/srv/SetParametersAtomically.srv
[14.941s] -- Up-to-date symlink: /home/aajaer/microros_ws/install/rcl_interfaces/share/rcl_interfaces/srv/SetParametersAtomically_Request.msg
[14.943s] -- Up-to-date symlink: /home/aajaer/microros_ws/install/rcl_interfaces/share/rcl_interfaces/srv/SetParametersAtomically_Response.msg
[14.944s] -- Up-to-date symlink: /home/aajaer/microros_ws/install/rcl_interfaces/share/rcl_interfaces/srv/SetParameters.srv
[14.944s] -- Up-to-date symlink: /home/aajaer/microros_ws/install/rcl_interfaces/share/rcl_interfaces/srv/SetParameters_Request.msg
[14.945s] -- Up-to-date symlink: /home/aajaer/microros_ws/install/rcl_interfaces/share/rcl_interfaces/srv/SetParameters_Response.msg
[14.947s] -- Up-to-date symlink: /home/aajaer/microros_ws/install/rcl_interfaces/share/rcl_interfaces/mapping_rules.yaml
[14.947s] -- Up-to-date symlink: /home/aajaer/microros_ws/install/rcl_interfaces/share/ament_index/resource_index/package_run_dependencies/rcl_interfaces
[14.950s] -- Up-to-date symlink: /home/aajaer/microros_ws/install/rcl_interfaces/share/ament_index/resource_index/parent_prefix_path/rcl_interfaces
[14.950s] -- Up-to-date symlink: /home/aajaer/microros_ws/install/rcl_interfaces/share/rcl_interfaces/environment/ament_prefix_path.sh
[14.950s] -- Up-to-date symlink: /home/aajaer/microros_ws/install/rcl_interfaces/share/rcl_interfaces/environment/ament_prefix_path.dsv
[14.951s] -- Up-to-date symlink: /home/aajaer/microros_ws/install/rcl_interfaces/share/rcl_interfaces/environment/path.sh
[14.951s] -- Up-to-date symlink: /home/aajaer/microros_ws/install/rcl_interfaces/share/rcl_interfaces/environment/path.dsv
[14.952s] -- Up-to-date symlink: /home/aajaer/microros_ws/install/rcl_interfaces/share/rcl_interfaces/local_setup.bash
[14.954s] -- Up-to-date symlink: /home/aajaer/microros_ws/install/rcl_interfaces/share/rcl_interfaces/local_setup.sh
[14.954s] -- Up-to-date symlink: /home/aajaer/microros_ws/install/rcl_interfaces/share/rcl_interfaces/local_setup.zsh
[14.955s] -- Up-to-date symlink: /home/aajaer/microros_ws/install/rcl_interfaces/share/rcl_interfaces/local_setup.dsv
[14.955s] -- Symlinking: /home/aajaer/microros_ws/install/rcl_interfaces/share/rcl_interfaces/package.dsv
[15.002s] -- Up-to-date symlink: /home/aajaer/microros_ws/install/rcl_interfaces/share/ament_index/resource_index/packages/rcl_interfaces
[15.003s] -- Up-to-date symlink: /home/aajaer/microros_ws/install/rcl_interfaces/share/rcl_interfaces/cmake/rosidl_cmake-extras.cmake
[15.003s] -- Up-to-date symlink: /home/aajaer/microros_ws/install/rcl_interfaces/share/rcl_interfaces/cmake/ament_cmake_export_dependencies-extras.cmake
[15.003s] -- Up-to-date symlink: /home/aajaer/microros_ws/install/rcl_interfaces/share/rcl_interfaces/cmake/ament_cmake_export_include_directories-extras.cmake
[15.004s] -- Up-to-date symlink: /home/aajaer/microros_ws/install/rcl_interfaces/share/rcl_interfaces/cmake/ament_cmake_export_libraries-extras.cmake
[15.004s] -- Up-to-date symlink: /home/aajaer/microros_ws/install/rcl_interfaces/share/rcl_interfaces/cmake/ament_cmake_export_targets-extras.cmake
[15.004s] -- Up-to-date symlink: /home/aajaer/microros_ws/install/rcl_interfaces/share/rcl_interfaces/cmake/rosidl_cmake_export_typesupport_targets-extras.cmake
[15.005s] -- Up-to-date symlink: /home/aajaer/microros_ws/install/rcl_interfaces/share/rcl_interfaces/cmake/rosidl_cmake_export_typesupport_libraries-extras.cmake
[15.005s] -- Up-to-date symlink: /home/aajaer/microros_ws/install/rcl_interfaces/share/rcl_interfaces/cmake/rcl_interfacesConfig.cmake
[15.006s] -- Up-to-date symlink: /home/aajaer/microros_ws/install/rcl_interfaces/share/rcl_interfaces/cmake/rcl_interfacesConfig-version.cmake
[15.007s] -- Up-to-date symlink: /home/aajaer/microros_ws/install/rcl_interfaces/share/rcl_interfaces/package.xml
[15.008s] -- Up-to-date: /home/aajaer/microros_ws/install/rcl_interfaces/lib/librcl_interfaces__rosidl_generator_c.so
[15.009s] -- Up-to-date: /home/aajaer/microros_ws/install/rcl_interfaces/lib/librcl_interfaces__rosidl_typesupport_fastrtps_c.so
[15.009s] -- Up-to-date: /home/aajaer/microros_ws/install/rcl_interfaces/lib/librcl_interfaces__rosidl_typesupport_introspection_c.so
[15.010s] -- Installing: /home/aajaer/microros_ws/install/rcl_interfaces/lib/librcl_interfaces__rosidl_typesupport_c.so
[15.012s] -- Set runtime path of "/home/aajaer/microros_ws/install/rcl_interfaces/lib/librcl_interfaces__rosidl_typesupport_c.so" to ""
[15.013s] -- Up-to-date: /home/aajaer/microros_ws/install/rcl_interfaces/lib/librcl_interfaces__rosidl_typesupport_fastrtps_cpp.so
[15.015s] -- Up-to-date: /home/aajaer/microros_ws/install/rcl_interfaces/lib/librcl_interfaces__rosidl_typesupport_introspection_cpp.so
[15.021s] -- Installing: /home/aajaer/microros_ws/install/rcl_interfaces/lib/librcl_interfaces__rosidl_typesupport_cpp.so
[15.024s] -- Set runtime path of "/home/aajaer/microros_ws/install/rcl_interfaces/lib/librcl_interfaces__rosidl_typesupport_cpp.so" to ""
[15.131s] Listing '/home/aajaer/microros_ws/install/rcl_interfaces/local/lib/python3.10/dist-packages/rcl_interfaces'...
[15.131s] Compiling '/home/aajaer/microros_ws/install/rcl_interfaces/local/lib/python3.10/dist-packages/rcl_interfaces/__init__.py'...
[15.131s] Listing '/home/aajaer/microros_ws/install/rcl_interfaces/local/lib/python3.10/dist-packages/rcl_interfaces/msg'...
[15.131s] Listing '/home/aajaer/microros_ws/install/rcl_interfaces/local/lib/python3.10/dist-packages/rcl_interfaces/srv'...
[15.148s] -- Installing: /home/aajaer/microros_ws/install/rcl_interfaces/lib/librcl_interfaces__rosidl_generator_py.so
[15.148s] -- Set runtime path of "/home/aajaer/microros_ws/install/rcl_interfaces/lib/librcl_interfaces__rosidl_generator_py.so" to ""
[15.148s] -- Up-to-date: /home/aajaer/microros_ws/install/rcl_interfaces/share/rcl_interfaces/cmake/export_rcl_interfaces__rosidl_generator_cExport.cmake
[15.148s] -- Up-to-date: /home/aajaer/microros_ws/install/rcl_interfaces/share/rcl_interfaces/cmake/export_rcl_interfaces__rosidl_generator_cExport-noconfig.cmake
[15.148s] -- Up-to-date: /home/aajaer/microros_ws/install/rcl_interfaces/share/rcl_interfaces/cmake/export_rcl_interfaces__rosidl_typesupport_fastrtps_cExport.cmake
[15.149s] -- Up-to-date: /home/aajaer/microros_ws/install/rcl_interfaces/share/rcl_interfaces/cmake/export_rcl_interfaces__rosidl_typesupport_fastrtps_cExport-noconfig.cmake
[15.149s] -- Up-to-date: /home/aajaer/microros_ws/install/rcl_interfaces/share/rcl_interfaces/cmake/rcl_interfaces__rosidl_typesupport_introspection_cExport.cmake
[15.149s] -- Up-to-date: /home/aajaer/microros_ws/install/rcl_interfaces/share/rcl_interfaces/cmake/rcl_interfaces__rosidl_typesupport_introspection_cExport-noconfig.cmake
[15.149s] -- Up-to-date: /home/aajaer/microros_ws/install/rcl_interfaces/share/rcl_interfaces/cmake/rcl_interfaces__rosidl_typesupport_cExport.cmake
[15.149s] -- Up-to-date: /home/aajaer/microros_ws/install/rcl_interfaces/share/rcl_interfaces/cmake/rcl_interfaces__rosidl_typesupport_cExport-noconfig.cmake
[15.150s] -- Up-to-date: /home/aajaer/microros_ws/install/rcl_interfaces/share/rcl_interfaces/cmake/export_rcl_interfaces__rosidl_generator_cppExport.cmake
[15.150s] -- Up-to-date: /home/aajaer/microros_ws/install/rcl_interfaces/share/rcl_interfaces/cmake/export_rcl_interfaces__rosidl_typesupport_fastrtps_cppExport.cmake
[15.150s] -- Up-to-date: /home/aajaer/microros_ws/install/rcl_interfaces/share/rcl_interfaces/cmake/export_rcl_interfaces__rosidl_typesupport_fastrtps_cppExport-noconfig.cmake
[15.150s] -- Up-to-date: /home/aajaer/microros_ws/install/rcl_interfaces/share/rcl_interfaces/cmake/rcl_interfaces__rosidl_typesupport_introspection_cppExport.cmake
[15.151s] -- Up-to-date: /home/aajaer/microros_ws/install/rcl_interfaces/share/rcl_interfaces/cmake/rcl_interfaces__rosidl_typesupport_introspection_cppExport-noconfig.cmake
[15.151s] -- Up-to-date: /home/aajaer/microros_ws/install/rcl_interfaces/share/rcl_interfaces/cmake/rcl_interfaces__rosidl_typesupport_cppExport.cmake
[15.152s] -- Up-to-date: /home/aajaer/microros_ws/install/rcl_interfaces/share/rcl_interfaces/cmake/rcl_interfaces__rosidl_typesupport_cppExport-noconfig.cmake
[15.152s] -- Up-to-date: /home/aajaer/microros_ws/install/rcl_interfaces/share/rcl_interfaces/cmake/export_rcl_interfaces__rosidl_generator_pyExport.cmake
[15.153s] -- Up-to-date: /home/aajaer/microros_ws/install/rcl_interfaces/share/rcl_interfaces/cmake/export_rcl_interfaces__rosidl_generator_pyExport-noconfig.cmake
[15.159s] Invoked command in '/home/aajaer/microros_ws/build/rcl_interfaces' returned '0': AMENT_PREFIX_PATH=/home/aajaer/microros_ws/install/builtin_interfaces:${AMENT_PREFIX_PATH} CMAKE_PREFIX_PATH=/home/aajaer/microros_ws/install/builtin_interfaces:/opt/ros/humble:/opt/ros/humble LD_LIBRARY_PATH=/home/aajaer/microros_ws/install/builtin_interfaces/lib:/opt/ros/humble/opt/rviz_ogre_vendor/lib:/opt/ros/humble/lib/aarch64-linux-gnu:/opt/ros/humble/lib PYTHONPATH=/home/aajaer/microros_ws/install/builtin_interfaces/local/lib/python3.10/dist-packages:${PYTHONPATH} /usr/bin/cmake --install /home/aajaer/microros_ws/build/rcl_interfaces
