[0.113s] Invoking command in '/home/aajaer/microros_ws/build/builtin_interfaces': CMAKE_PREFIX_PATH=${CMAKE_PREFIX_PATH}:/home/aajaer/microros_ws/install/sensor_msgs_py:/home/aajaer/microros_ws/install/motor_control_pkg /usr/bin/cmake --build /home/aajaer/microros_ws/build/builtin_interfaces -- -j8 -l8
[0.296s] [  8%] Built target builtin_interfaces__rosidl_generator_c
[0.350s] [  8%] Built target ament_cmake_python_symlink_builtin_interfaces
[0.352s] [ 10%] Built target builtin_interfaces__cpp
[0.643s] [ 18%] Built target builtin_interfaces__rosidl_typesupport_c
[0.667s] [ 26%] Built target builtin_interfaces__rosidl_typesupport_microxrcedds_c
[0.690s] [ 34%] Built target builtin_interfaces__rosidl_typesupport_cpp
[0.695s] [ 42%] Built target builtin_interfaces__rosidl_typesupport_fastrtps_c
[0.710s] [ 51%] Built target builtin_interfaces__rosidl_typesupport_introspection_c
[0.711s] [ 59%] Built target builtin_interfaces__rosidl_typesupport_introspection_cpp
[0.735s] [ 67%] Built target builtin_interfaces__rosidl_typesupport_fastrtps_cpp
[0.742s] [ 75%] Built target builtin_interfaces__rosidl_typesupport_microxrcedds_cpp
[0.889s] [ 75%] Built target builtin_interfaces
[1.067s] [ 77%] Built target builtin_interfaces__py
[1.179s] [ 83%] Built target builtin_interfaces__rosidl_generator_py
[1.368s] [ 87%] Built target builtin_interfaces__rosidl_typesupport_introspection_c__pyext
[1.376s] [ 91%] Built target builtin_interfaces__rosidl_typesupport_microxrcedds_c__pyext
[1.436s] [ 95%] Built target builtin_interfaces__rosidl_typesupport_fastrtps_c__pyext
[1.444s] [100%] Built target builtin_interfaces__rosidl_typesupport_c__pyext
[1.673s] running egg_info
[1.675s] writing builtin_interfaces.egg-info/PKG-INFO
[1.676s] writing dependency_links to builtin_interfaces.egg-info/dependency_links.txt
[1.676s] writing top-level names to builtin_interfaces.egg-info/top_level.txt
[1.682s] reading manifest file 'builtin_interfaces.egg-info/SOURCES.txt'
[1.683s] writing manifest file 'builtin_interfaces.egg-info/SOURCES.txt'
[1.800s] [100%] Built target ament_cmake_python_build_builtin_interfaces_egg
[1.834s] Invoked command in '/home/aajaer/microros_ws/build/builtin_interfaces' returned '0': CMAKE_PREFIX_PATH=${CMAKE_PREFIX_PATH}:/home/aajaer/microros_ws/install/sensor_msgs_py:/home/aajaer/microros_ws/install/motor_control_pkg /usr/bin/cmake --build /home/aajaer/microros_ws/build/builtin_interfaces -- -j8 -l8
[1.838s] Invoking command in '/home/aajaer/microros_ws/build/builtin_interfaces': CMAKE_PREFIX_PATH=${CMAKE_PREFIX_PATH}:/home/aajaer/microros_ws/install/sensor_msgs_py:/home/aajaer/microros_ws/install/motor_control_pkg /usr/bin/cmake --install /home/aajaer/microros_ws/build/builtin_interfaces
[1.931s] -- Install configuration: ""
[1.931s] -- Execute custom install script
[1.932s] -- Up-to-date symlink: /home/aajaer/microros_ws/install/builtin_interfaces/share/ament_index/resource_index/rosidl_interfaces/builtin_interfaces
[1.942s] -- Up-to-date symlink: /home/aajaer/microros_ws/install/builtin_interfaces/include/builtin_interfaces/builtin_interfaces/msg/detail/duration__functions.h
[1.942s] -- Up-to-date symlink: /home/aajaer/microros_ws/install/builtin_interfaces/include/builtin_interfaces/builtin_interfaces/msg/detail/duration__struct.h
[1.942s] -- Up-to-date symlink: /home/aajaer/microros_ws/install/builtin_interfaces/include/builtin_interfaces/builtin_interfaces/msg/detail/duration__type_support.h
[1.942s] -- Up-to-date symlink: /home/aajaer/microros_ws/install/builtin_interfaces/include/builtin_interfaces/builtin_interfaces/msg/detail/time__functions.h
[1.942s] -- Up-to-date symlink: /home/aajaer/microros_ws/install/builtin_interfaces/include/builtin_interfaces/builtin_interfaces/msg/detail/time__struct.h
[1.942s] -- Up-to-date symlink: /home/aajaer/microros_ws/install/builtin_interfaces/include/builtin_interfaces/builtin_interfaces/msg/detail/time__type_support.h
[1.943s] -- Up-to-date symlink: /home/aajaer/microros_ws/install/builtin_interfaces/include/builtin_interfaces/builtin_interfaces/msg/duration.h
[1.943s] -- Up-to-date symlink: /home/aajaer/microros_ws/install/builtin_interfaces/include/builtin_interfaces/builtin_interfaces/msg/rosidl_generator_c__visibility_control.h
[1.943s] -- Up-to-date symlink: /home/aajaer/microros_ws/install/builtin_interfaces/include/builtin_interfaces/builtin_interfaces/msg/time.h
[1.953s] -- Up-to-date symlink: /home/aajaer/microros_ws/install/builtin_interfaces/share/builtin_interfaces/environment/library_path.sh
[1.953s] -- Up-to-date symlink: /home/aajaer/microros_ws/install/builtin_interfaces/share/builtin_interfaces/environment/library_path.dsv
[1.953s] -- Up-to-date symlink: /home/aajaer/microros_ws/install/builtin_interfaces/include/builtin_interfaces/msg/detail/duration__rosidl_typesupport_microxrcedds_c.h
[1.953s] -- Up-to-date symlink: /home/aajaer/microros_ws/install/builtin_interfaces/include/builtin_interfaces/msg/detail/time__rosidl_typesupport_microxrcedds_c.h
[1.953s] -- Up-to-date symlink: /home/aajaer/microros_ws/install/builtin_interfaces/include/builtin_interfaces/msg/rosidl_typesupport_microxrcedds_c__visibility_control.h
[1.954s] -- Up-to-date symlink: /home/aajaer/microros_ws/install/builtin_interfaces/lib/libbuiltin_interfaces__rosidl_typesupport_microxrcedds_c.a
[1.954s] -- Up-to-date symlink: /home/aajaer/microros_ws/install/builtin_interfaces/include/builtin_interfaces/builtin_interfaces/msg/detail/duration__rosidl_typesupport_fastrtps_c.h
[1.954s] -- Up-to-date symlink: /home/aajaer/microros_ws/install/builtin_interfaces/include/builtin_interfaces/builtin_interfaces/msg/detail/time__rosidl_typesupport_fastrtps_c.h
[1.954s] -- Up-to-date symlink: /home/aajaer/microros_ws/install/builtin_interfaces/include/builtin_interfaces/builtin_interfaces/msg/rosidl_typesupport_fastrtps_c__visibility_control.h
[1.956s] -- Up-to-date symlink: /home/aajaer/microros_ws/install/builtin_interfaces/include/builtin_interfaces/builtin_interfaces/msg/detail/duration__rosidl_typesupport_introspection_c.h
[1.956s] -- Up-to-date symlink: /home/aajaer/microros_ws/install/builtin_interfaces/include/builtin_interfaces/builtin_interfaces/msg/detail/time__rosidl_typesupport_introspection_c.h
[1.956s] -- Up-to-date symlink: /home/aajaer/microros_ws/install/builtin_interfaces/include/builtin_interfaces/builtin_interfaces/msg/rosidl_typesupport_introspection_c__visibility_control.h
[1.957s] -- Up-to-date symlink: /home/aajaer/microros_ws/install/builtin_interfaces/include/builtin_interfaces/builtin_interfaces/msg/detail/duration__builder.hpp
[1.958s] -- Up-to-date symlink: /home/aajaer/microros_ws/install/builtin_interfaces/include/builtin_interfaces/builtin_interfaces/msg/detail/duration__struct.hpp
[1.958s] -- Up-to-date symlink: /home/aajaer/microros_ws/install/builtin_interfaces/include/builtin_interfaces/builtin_interfaces/msg/detail/duration__traits.hpp
[1.958s] -- Up-to-date symlink: /home/aajaer/microros_ws/install/builtin_interfaces/include/builtin_interfaces/builtin_interfaces/msg/detail/duration__type_support.hpp
[1.958s] -- Up-to-date symlink: /home/aajaer/microros_ws/install/builtin_interfaces/include/builtin_interfaces/builtin_interfaces/msg/detail/time__builder.hpp
[1.959s] -- Up-to-date symlink: /home/aajaer/microros_ws/install/builtin_interfaces/include/builtin_interfaces/builtin_interfaces/msg/detail/time__struct.hpp
[1.959s] -- Up-to-date symlink: /home/aajaer/microros_ws/install/builtin_interfaces/include/builtin_interfaces/builtin_interfaces/msg/detail/time__traits.hpp
[1.959s] -- Up-to-date symlink: /home/aajaer/microros_ws/install/builtin_interfaces/include/builtin_interfaces/builtin_interfaces/msg/detail/time__type_support.hpp
[1.960s] -- Up-to-date symlink: /home/aajaer/microros_ws/install/builtin_interfaces/include/builtin_interfaces/builtin_interfaces/msg/duration.hpp
[1.960s] -- Up-to-date symlink: /home/aajaer/microros_ws/install/builtin_interfaces/include/builtin_interfaces/builtin_interfaces/msg/rosidl_generator_cpp__visibility_control.hpp
[1.960s] -- Up-to-date symlink: /home/aajaer/microros_ws/install/builtin_interfaces/include/builtin_interfaces/builtin_interfaces/msg/time.hpp
[1.960s] -- Up-to-date symlink: /home/aajaer/microros_ws/install/builtin_interfaces/include/builtin_interfaces/msg/detail/duration__rosidl_typesupport_microxrcedds_cpp.hpp
[1.961s] -- Up-to-date symlink: /home/aajaer/microros_ws/install/builtin_interfaces/include/builtin_interfaces/msg/detail/microxrcedds/duration__type_support_cpp.cpp
[1.962s] -- Up-to-date symlink: /home/aajaer/microros_ws/install/builtin_interfaces/include/builtin_interfaces/msg/detail/microxrcedds/time__type_support_cpp.cpp
[1.962s] -- Up-to-date symlink: /home/aajaer/microros_ws/install/builtin_interfaces/include/builtin_interfaces/msg/detail/time__rosidl_typesupport_microxrcedds_cpp.hpp
[1.962s] -- Up-to-date symlink: /home/aajaer/microros_ws/install/builtin_interfaces/include/builtin_interfaces/msg/rosidl_typesupport_microxrcedds_cpp__visibility_control.h
[1.964s] -- Up-to-date symlink: /home/aajaer/microros_ws/install/builtin_interfaces/lib/libbuiltin_interfaces__rosidl_typesupport_microxrcedds_cpp.a
[1.964s] -- Up-to-date symlink: /home/aajaer/microros_ws/install/builtin_interfaces/include/builtin_interfaces/builtin_interfaces/msg/detail/duration__rosidl_typesupport_fastrtps_cpp.hpp
[1.964s] -- Up-to-date symlink: /home/aajaer/microros_ws/install/builtin_interfaces/include/builtin_interfaces/builtin_interfaces/msg/detail/time__rosidl_typesupport_fastrtps_cpp.hpp
[1.964s] -- Up-to-date symlink: /home/aajaer/microros_ws/install/builtin_interfaces/include/builtin_interfaces/builtin_interfaces/msg/rosidl_typesupport_fastrtps_cpp__visibility_control.h
[1.965s] -- Up-to-date symlink: /home/aajaer/microros_ws/install/builtin_interfaces/include/builtin_interfaces/builtin_interfaces/msg/detail/duration__rosidl_typesupport_introspection_cpp.hpp
[1.966s] -- Up-to-date symlink: /home/aajaer/microros_ws/install/builtin_interfaces/include/builtin_interfaces/builtin_interfaces/msg/detail/time__rosidl_typesupport_introspection_cpp.hpp
[1.966s] -- Up-to-date symlink: /home/aajaer/microros_ws/install/builtin_interfaces/share/builtin_interfaces/environment/pythonpath.sh
[1.967s] -- Up-to-date symlink: /home/aajaer/microros_ws/install/builtin_interfaces/share/builtin_interfaces/environment/pythonpath.dsv
[1.967s] -- Up-to-date symlink: /home/aajaer/microros_ws/install/builtin_interfaces/local/lib/python3.10/dist-packages/builtin_interfaces-1.2.1-py3.10.egg-info/PKG-INFO
[1.967s] -- Up-to-date symlink: /home/aajaer/microros_ws/install/builtin_interfaces/local/lib/python3.10/dist-packages/builtin_interfaces-1.2.1-py3.10.egg-info/SOURCES.txt
[1.968s] -- Up-to-date symlink: /home/aajaer/microros_ws/install/builtin_interfaces/local/lib/python3.10/dist-packages/builtin_interfaces-1.2.1-py3.10.egg-info/dependency_links.txt
[1.968s] -- Up-to-date symlink: /home/aajaer/microros_ws/install/builtin_interfaces/local/lib/python3.10/dist-packages/builtin_interfaces-1.2.1-py3.10.egg-info/top_level.txt
[1.968s] -- Up-to-date symlink: /home/aajaer/microros_ws/install/builtin_interfaces/local/lib/python3.10/dist-packages/builtin_interfaces/__init__.py
[1.968s] -- Up-to-date symlink: /home/aajaer/microros_ws/install/builtin_interfaces/local/lib/python3.10/dist-packages/builtin_interfaces/_builtin_interfaces_s.ep.rosidl_typesupport_c.c
[1.969s] -- Up-to-date symlink: /home/aajaer/microros_ws/install/builtin_interfaces/local/lib/python3.10/dist-packages/builtin_interfaces/_builtin_interfaces_s.ep.rosidl_typesupport_fastrtps_c.c
[1.969s] -- Up-to-date symlink: /home/aajaer/microros_ws/install/builtin_interfaces/local/lib/python3.10/dist-packages/builtin_interfaces/_builtin_interfaces_s.ep.rosidl_typesupport_introspection_c.c
[1.970s] -- Up-to-date symlink: /home/aajaer/microros_ws/install/builtin_interfaces/local/lib/python3.10/dist-packages/builtin_interfaces/_builtin_interfaces_s.ep.rosidl_typesupport_microxrcedds_c.c
[1.970s] -- Up-to-date symlink: /home/aajaer/microros_ws/install/builtin_interfaces/local/lib/python3.10/dist-packages/builtin_interfaces/builtin_interfaces_s__rosidl_typesupport_c.cpython-310-aarch64-linux-gnu.so
[1.970s] -- Up-to-date symlink: /home/aajaer/microros_ws/install/builtin_interfaces/local/lib/python3.10/dist-packages/builtin_interfaces/builtin_interfaces_s__rosidl_typesupport_fastrtps_c.cpython-310-aarch64-linux-gnu.so
[1.971s] -- Up-to-date symlink: /home/aajaer/microros_ws/install/builtin_interfaces/local/lib/python3.10/dist-packages/builtin_interfaces/builtin_interfaces_s__rosidl_typesupport_introspection_c.cpython-310-aarch64-linux-gnu.so
[1.971s] -- Up-to-date symlink: /home/aajaer/microros_ws/install/builtin_interfaces/local/lib/python3.10/dist-packages/builtin_interfaces/builtin_interfaces_s__rosidl_typesupport_microxrcedds_c.cpython-310-aarch64-linux-gnu.so
[1.971s] -- Up-to-date symlink: /home/aajaer/microros_ws/install/builtin_interfaces/local/lib/python3.10/dist-packages/builtin_interfaces/libbuiltin_interfaces__rosidl_generator_py.so
[1.972s] -- Up-to-date symlink: /home/aajaer/microros_ws/install/builtin_interfaces/local/lib/python3.10/dist-packages/builtin_interfaces/msg/__init__.py
[1.972s] -- Up-to-date symlink: /home/aajaer/microros_ws/install/builtin_interfaces/local/lib/python3.10/dist-packages/builtin_interfaces/msg/_duration.py
[1.972s] -- Up-to-date symlink: /home/aajaer/microros_ws/install/builtin_interfaces/local/lib/python3.10/dist-packages/builtin_interfaces/msg/_duration_s.c
[1.973s] -- Up-to-date symlink: /home/aajaer/microros_ws/install/builtin_interfaces/local/lib/python3.10/dist-packages/builtin_interfaces/msg/_time.py
[1.973s] -- Up-to-date symlink: /home/aajaer/microros_ws/install/builtin_interfaces/local/lib/python3.10/dist-packages/builtin_interfaces/msg/_time_s.c
[1.973s] -- Up-to-date symlink: /home/aajaer/microros_ws/install/builtin_interfaces/local/lib/python3.10/dist-packages/builtin_interfaces/builtin_interfaces_s__rosidl_typesupport_microxrcedds_c.cpython-310-aarch64-linux-gnu.so
[1.974s] -- Up-to-date symlink: /home/aajaer/microros_ws/install/builtin_interfaces/local/lib/python3.10/dist-packages/builtin_interfaces/builtin_interfaces_s__rosidl_typesupport_fastrtps_c.cpython-310-aarch64-linux-gnu.so
[1.975s] -- Up-to-date symlink: /home/aajaer/microros_ws/install/builtin_interfaces/local/lib/python3.10/dist-packages/builtin_interfaces/builtin_interfaces_s__rosidl_typesupport_introspection_c.cpython-310-aarch64-linux-gnu.so
[1.976s] -- Up-to-date symlink: /home/aajaer/microros_ws/install/builtin_interfaces/local/lib/python3.10/dist-packages/builtin_interfaces/builtin_interfaces_s__rosidl_typesupport_c.cpython-310-aarch64-linux-gnu.so
[1.976s] -- Up-to-date symlink: /home/aajaer/microros_ws/install/builtin_interfaces/share/builtin_interfaces/msg/Duration.idl
[1.978s] -- Up-to-date symlink: /home/aajaer/microros_ws/install/builtin_interfaces/share/builtin_interfaces/msg/Time.idl
[1.978s] -- Up-to-date symlink: /home/aajaer/microros_ws/install/builtin_interfaces/share/builtin_interfaces/msg/Duration.msg
[1.978s] -- Up-to-date symlink: /home/aajaer/microros_ws/install/builtin_interfaces/share/builtin_interfaces/msg/Time.msg
[1.979s] -- Up-to-date symlink: /home/aajaer/microros_ws/install/builtin_interfaces/share/ament_index/resource_index/package_run_dependencies/builtin_interfaces
[1.979s] -- Up-to-date symlink: /home/aajaer/microros_ws/install/builtin_interfaces/share/ament_index/resource_index/parent_prefix_path/builtin_interfaces
[1.980s] -- Up-to-date symlink: /home/aajaer/microros_ws/install/builtin_interfaces/share/builtin_interfaces/environment/ament_prefix_path.sh
[1.980s] -- Up-to-date symlink: /home/aajaer/microros_ws/install/builtin_interfaces/share/builtin_interfaces/environment/ament_prefix_path.dsv
[1.981s] -- Up-to-date symlink: /home/aajaer/microros_ws/install/builtin_interfaces/share/builtin_interfaces/environment/path.sh
[1.981s] -- Up-to-date symlink: /home/aajaer/microros_ws/install/builtin_interfaces/share/builtin_interfaces/environment/path.dsv
[1.982s] -- Up-to-date symlink: /home/aajaer/microros_ws/install/builtin_interfaces/share/builtin_interfaces/local_setup.bash
[1.983s] -- Up-to-date symlink: /home/aajaer/microros_ws/install/builtin_interfaces/share/builtin_interfaces/local_setup.sh
[1.983s] -- Up-to-date symlink: /home/aajaer/microros_ws/install/builtin_interfaces/share/builtin_interfaces/local_setup.zsh
[1.984s] -- Up-to-date symlink: /home/aajaer/microros_ws/install/builtin_interfaces/share/builtin_interfaces/local_setup.dsv
[1.986s] -- Symlinking: /home/aajaer/microros_ws/install/builtin_interfaces/share/builtin_interfaces/package.dsv
[2.015s] -- Up-to-date symlink: /home/aajaer/microros_ws/install/builtin_interfaces/share/ament_index/resource_index/packages/builtin_interfaces
[2.015s] -- Up-to-date symlink: /home/aajaer/microros_ws/install/builtin_interfaces/share/builtin_interfaces/cmake/rosidl_cmake-extras.cmake
[2.015s] -- Up-to-date symlink: /home/aajaer/microros_ws/install/builtin_interfaces/share/builtin_interfaces/cmake/ament_cmake_export_include_directories-extras.cmake
[2.016s] -- Up-to-date symlink: /home/aajaer/microros_ws/install/builtin_interfaces/share/builtin_interfaces/cmake/ament_cmake_export_libraries-extras.cmake
[2.016s] -- Up-to-date symlink: /home/aajaer/microros_ws/install/builtin_interfaces/share/builtin_interfaces/cmake/ament_cmake_export_targets-extras.cmake
[2.016s] -- Up-to-date symlink: /home/aajaer/microros_ws/install/builtin_interfaces/share/builtin_interfaces/cmake/rosidl_cmake_export_typesupport_targets-extras.cmake
[2.016s] -- Up-to-date symlink: /home/aajaer/microros_ws/install/builtin_interfaces/share/builtin_interfaces/cmake/ament_cmake_export_dependencies-extras.cmake
[2.016s] -- Up-to-date symlink: /home/aajaer/microros_ws/install/builtin_interfaces/share/builtin_interfaces/cmake/rosidl_cmake_export_typesupport_libraries-extras.cmake
[2.016s] -- Up-to-date symlink: /home/aajaer/microros_ws/install/builtin_interfaces/share/builtin_interfaces/cmake/builtin_interfacesConfig.cmake
[2.016s] -- Up-to-date symlink: /home/aajaer/microros_ws/install/builtin_interfaces/share/builtin_interfaces/cmake/builtin_interfacesConfig-version.cmake
[2.017s] -- Up-to-date symlink: /home/aajaer/microros_ws/install/builtin_interfaces/share/builtin_interfaces/package.xml
[2.017s] -- Up-to-date: /home/aajaer/microros_ws/install/builtin_interfaces/lib/libbuiltin_interfaces__rosidl_generator_c.so
[2.017s] -- Up-to-date: /home/aajaer/microros_ws/install/builtin_interfaces/lib/libbuiltin_interfaces__rosidl_typesupport_fastrtps_c.so
[2.017s] -- Up-to-date: /home/aajaer/microros_ws/install/builtin_interfaces/lib/libbuiltin_interfaces__rosidl_typesupport_introspection_c.so
[2.017s] -- Up-to-date: /home/aajaer/microros_ws/install/builtin_interfaces/lib/libbuiltin_interfaces__rosidl_typesupport_c.so
[2.017s] -- Up-to-date: /home/aajaer/microros_ws/install/builtin_interfaces/lib/libbuiltin_interfaces__rosidl_typesupport_fastrtps_cpp.so
[2.017s] -- Up-to-date: /home/aajaer/microros_ws/install/builtin_interfaces/lib/libbuiltin_interfaces__rosidl_typesupport_introspection_cpp.so
[2.017s] -- Up-to-date: /home/aajaer/microros_ws/install/builtin_interfaces/lib/libbuiltin_interfaces__rosidl_typesupport_cpp.so
[2.053s] Listing '/home/aajaer/microros_ws/install/builtin_interfaces/local/lib/python3.10/dist-packages/builtin_interfaces'...
[2.053s] Listing '/home/aajaer/microros_ws/install/builtin_interfaces/local/lib/python3.10/dist-packages/builtin_interfaces/msg'...
[2.055s] -- Up-to-date: /home/aajaer/microros_ws/install/builtin_interfaces/lib/libbuiltin_interfaces__rosidl_generator_py.so
[2.055s] -- Up-to-date: /home/aajaer/microros_ws/install/builtin_interfaces/share/builtin_interfaces/cmake/export_builtin_interfaces__rosidl_generator_cExport.cmake
[2.056s] -- Up-to-date: /home/aajaer/microros_ws/install/builtin_interfaces/share/builtin_interfaces/cmake/export_builtin_interfaces__rosidl_generator_cExport-noconfig.cmake
[2.061s] -- Up-to-date: /home/aajaer/microros_ws/install/builtin_interfaces/share/builtin_interfaces/cmake/export_builtin_interfaces__rosidl_typesupport_fastrtps_cExport.cmake
[2.062s] -- Up-to-date: /home/aajaer/microros_ws/install/builtin_interfaces/share/builtin_interfaces/cmake/export_builtin_interfaces__rosidl_typesupport_fastrtps_cExport-noconfig.cmake
[2.062s] -- Up-to-date: /home/aajaer/microros_ws/install/builtin_interfaces/share/builtin_interfaces/cmake/builtin_interfaces__rosidl_typesupport_introspection_cExport.cmake
[2.062s] -- Up-to-date: /home/aajaer/microros_ws/install/builtin_interfaces/share/builtin_interfaces/cmake/builtin_interfaces__rosidl_typesupport_introspection_cExport-noconfig.cmake
[2.062s] -- Up-to-date: /home/aajaer/microros_ws/install/builtin_interfaces/share/builtin_interfaces/cmake/builtin_interfaces__rosidl_typesupport_cExport.cmake
[2.062s] -- Up-to-date: /home/aajaer/microros_ws/install/builtin_interfaces/share/builtin_interfaces/cmake/builtin_interfaces__rosidl_typesupport_cExport-noconfig.cmake
[2.062s] -- Up-to-date: /home/aajaer/microros_ws/install/builtin_interfaces/share/builtin_interfaces/cmake/export_builtin_interfaces__rosidl_generator_cppExport.cmake
[2.062s] -- Up-to-date: /home/aajaer/microros_ws/install/builtin_interfaces/share/builtin_interfaces/cmake/export_builtin_interfaces__rosidl_typesupport_fastrtps_cppExport.cmake
[2.063s] -- Up-to-date: /home/aajaer/microros_ws/install/builtin_interfaces/share/builtin_interfaces/cmake/export_builtin_interfaces__rosidl_typesupport_fastrtps_cppExport-noconfig.cmake
[2.063s] -- Up-to-date: /home/aajaer/microros_ws/install/builtin_interfaces/share/builtin_interfaces/cmake/builtin_interfaces__rosidl_typesupport_introspection_cppExport.cmake
[2.063s] -- Up-to-date: /home/aajaer/microros_ws/install/builtin_interfaces/share/builtin_interfaces/cmake/builtin_interfaces__rosidl_typesupport_introspection_cppExport-noconfig.cmake
[2.063s] -- Up-to-date: /home/aajaer/microros_ws/install/builtin_interfaces/share/builtin_interfaces/cmake/builtin_interfaces__rosidl_typesupport_cppExport.cmake
[2.063s] -- Up-to-date: /home/aajaer/microros_ws/install/builtin_interfaces/share/builtin_interfaces/cmake/builtin_interfaces__rosidl_typesupport_cppExport-noconfig.cmake
[2.063s] -- Up-to-date: /home/aajaer/microros_ws/install/builtin_interfaces/share/builtin_interfaces/cmake/export_builtin_interfaces__rosidl_generator_pyExport.cmake
[2.063s] -- Up-to-date: /home/aajaer/microros_ws/install/builtin_interfaces/share/builtin_interfaces/cmake/export_builtin_interfaces__rosidl_generator_pyExport-noconfig.cmake
[2.093s] Invoked command in '/home/aajaer/microros_ws/build/builtin_interfaces' returned '0': CMAKE_PREFIX_PATH=${CMAKE_PREFIX_PATH}:/home/aajaer/microros_ws/install/sensor_msgs_py:/home/aajaer/microros_ws/install/motor_control_pkg /usr/bin/cmake --install /home/aajaer/microros_ws/build/builtin_interfaces
