[0.283s] Invoking command in '/home/aajaer/microros_ws/build/rclc_parameter': AMENT_PREFIX_PATH=/home/aajaer/microros_ws/install/rclc:/home/aajaer/microros_ws/install/test_msgs:/home/aajaer/microros_ws/install/example_interfaces:/home/aajaer/microros_ws/install/std_msgs:/home/aajaer/microros_ws/install/rcl_interfaces:/home/aajaer/microros_ws/install/action_msgs:/home/aajaer/microros_ws/install/unique_identifier_msgs:/home/aajaer/microros_ws/install/builtin_interfaces:${AMENT_PREFIX_PATH} CMAKE_PREFIX_PATH=/home/aajaer/microros_ws/install/rclc:/home/aajaer/microros_ws/install/test_msgs:/home/aajaer/microros_ws/install/example_interfaces:/home/aajaer/microros_ws/install/std_msgs:/home/aajaer/microros_ws/install/rcl_interfaces:/home/aajaer/microros_ws/install/action_msgs:/home/aajaer/microros_ws/install/unique_identifier_msgs:/home/aajaer/microros_ws/install/builtin_interfaces:/opt/ros/humble:/opt/ros/humble LD_LIBRARY_PATH=/home/aajaer/microros_ws/install/rclc/lib:/home/aajaer/microros_ws/install/test_msgs/lib:/home/aajaer/microros_ws/install/example_interfaces/lib:/home/aajaer/microros_ws/install/std_msgs/lib:/home/aajaer/microros_ws/install/rcl_interfaces/lib:/home/aajaer/microros_ws/install/action_msgs/lib:/home/aajaer/microros_ws/install/unique_identifier_msgs/lib:/home/aajaer/microros_ws/install/builtin_interfaces/lib:/opt/ros/humble/opt/rviz_ogre_vendor/lib:/opt/ros/humble/lib/aarch64-linux-gnu:/opt/ros/humble/lib PYTHONPATH=/home/aajaer/microros_ws/install/test_msgs/local/lib/python3.10/dist-packages:/home/aajaer/microros_ws/install/example_interfaces/local/lib/python3.10/dist-packages:/home/aajaer/microros_ws/install/std_msgs/local/lib/python3.10/dist-packages:/home/aajaer/microros_ws/install/rcl_interfaces/local/lib/python3.10/dist-packages:/home/aajaer/microros_ws/install/action_msgs/local/lib/python3.10/dist-packages:/home/aajaer/microros_ws/install/unique_identifier_msgs/local/lib/python3.10/dist-packages:/home/aajaer/microros_ws/install/builtin_interfaces/local/lib/python3.10/dist-packages:${PYTHONPATH} /usr/bin/cmake --build /home/aajaer/microros_ws/build/rclc_parameter -- -j8 -l8
[0.424s] /usr/bin/cmake -S/home/aajaer/microros_ws/src/uros/rclc/rclc_parameter -B/home/aajaer/microros_ws/build/rclc_parameter --check-build-system CMakeFiles/Makefile.cmake 0
[0.424s] /usr/bin/cmake -E cmake_progress_start /home/aajaer/microros_ws/build/rclc_parameter/CMakeFiles /home/aajaer/microros_ws/build/rclc_parameter//CMakeFiles/progress.marks
[0.432s] /usr/bin/gmake  -f CMakeFiles/Makefile2 all
[0.432s] gmake[1]: Entering directory '/home/aajaer/microros_ws/build/rclc_parameter'
[0.433s] /usr/bin/gmake  -f CMakeFiles/rclc_parameter.dir/build.make CMakeFiles/rclc_parameter.dir/depend
[0.435s] /usr/bin/gmake  -f gtest/CMakeFiles/gtest_main.dir/build.make gtest/CMakeFiles/gtest_main.dir/depend
[0.439s] gmake[2]: Entering directory '/home/aajaer/microros_ws/build/rclc_parameter'
[0.440s] cd /home/aajaer/microros_ws/build/rclc_parameter && /usr/bin/cmake -E cmake_depends "Unix Makefiles" /home/aajaer/microros_ws/src/uros/rclc/rclc_parameter /home/aajaer/microros_ws/src/uros/rclc/rclc_parameter /home/aajaer/microros_ws/build/rclc_parameter /home/aajaer/microros_ws/build/rclc_parameter /home/aajaer/microros_ws/build/rclc_parameter/CMakeFiles/rclc_parameter.dir/DependInfo.cmake --color=
[0.454s] /usr/bin/gmake  -f gtest/CMakeFiles/gtest.dir/build.make gtest/CMakeFiles/gtest.dir/depend
[0.460s] gmake[2]: Entering directory '/home/aajaer/microros_ws/build/rclc_parameter'
[0.461s] cd /home/aajaer/microros_ws/build/rclc_parameter && /usr/bin/cmake -E cmake_depends "Unix Makefiles" /home/aajaer/microros_ws/src/uros/rclc/rclc_parameter /opt/ros/humble/src/gtest_vendor /home/aajaer/microros_ws/build/rclc_parameter /home/aajaer/microros_ws/build/rclc_parameter/gtest /home/aajaer/microros_ws/build/rclc_parameter/gtest/CMakeFiles/gtest_main.dir/DependInfo.cmake --color=
[0.463s] gmake[2]: Leaving directory '/home/aajaer/microros_ws/build/rclc_parameter'
[0.463s] /usr/bin/gmake  -f CMakeFiles/rclc_parameter.dir/build.make CMakeFiles/rclc_parameter.dir/build
[0.466s] gmake[2]: Entering directory '/home/aajaer/microros_ws/build/rclc_parameter'
[0.466s] cd /home/aajaer/microros_ws/build/rclc_parameter && /usr/bin/cmake -E cmake_depends "Unix Makefiles" /home/aajaer/microros_ws/src/uros/rclc/rclc_parameter /opt/ros/humble/src/gtest_vendor /home/aajaer/microros_ws/build/rclc_parameter /home/aajaer/microros_ws/build/rclc_parameter/gtest /home/aajaer/microros_ws/build/rclc_parameter/gtest/CMakeFiles/gtest.dir/DependInfo.cmake --color=
[0.473s] gmake[2]: Entering directory '/home/aajaer/microros_ws/build/rclc_parameter'
[0.474s] gmake[2]: Nothing to be done for 'CMakeFiles/rclc_parameter.dir/build'.
[0.474s] gmake[2]: Leaving directory '/home/aajaer/microros_ws/build/rclc_parameter'
[0.508s] gmake[2]: Leaving directory '/home/aajaer/microros_ws/build/rclc_parameter'
[0.508s] /usr/bin/gmake  -f gtest/CMakeFiles/gtest_main.dir/build.make gtest/CMakeFiles/gtest_main.dir/build
[0.514s] gmake[2]: Entering directory '/home/aajaer/microros_ws/build/rclc_parameter'
[0.514s] gmake[2]: Nothing to be done for 'gtest/CMakeFiles/gtest_main.dir/build'.
[0.514s] gmake[2]: Leaving directory '/home/aajaer/microros_ws/build/rclc_parameter'
[0.527s] gmake[2]: Leaving directory '/home/aajaer/microros_ws/build/rclc_parameter'
[0.530s] /usr/bin/gmake  -f gtest/CMakeFiles/gtest.dir/build.make gtest/CMakeFiles/gtest.dir/build
[0.533s] [ 33%] Built target rclc_parameter
[0.548s] [ 55%] Built target gtest_main
[0.549s] gmake[2]: Entering directory '/home/aajaer/microros_ws/build/rclc_parameter'
[0.550s] gmake[2]: Nothing to be done for 'gtest/CMakeFiles/gtest.dir/build'.
[0.550s] gmake[2]: Leaving directory '/home/aajaer/microros_ws/build/rclc_parameter'
[0.570s] [ 77%] Built target gtest
[0.575s] /usr/bin/gmake  -f CMakeFiles/rclc_parameter_test.dir/build.make CMakeFiles/rclc_parameter_test.dir/depend
[0.595s] gmake[2]: Entering directory '/home/aajaer/microros_ws/build/rclc_parameter'
[0.595s] cd /home/aajaer/microros_ws/build/rclc_parameter && /usr/bin/cmake -E cmake_depends "Unix Makefiles" /home/aajaer/microros_ws/src/uros/rclc/rclc_parameter /home/aajaer/microros_ws/src/uros/rclc/rclc_parameter /home/aajaer/microros_ws/build/rclc_parameter /home/aajaer/microros_ws/build/rclc_parameter /home/aajaer/microros_ws/build/rclc_parameter/CMakeFiles/rclc_parameter_test.dir/DependInfo.cmake --color=
[0.621s] [35m[1mConsolidate compiler generated dependencies of target rclc_parameter_test[0m
[0.647s] gmake[2]: Leaving directory '/home/aajaer/microros_ws/build/rclc_parameter'
[0.650s] /usr/bin/gmake  -f CMakeFiles/rclc_parameter_test.dir/build.make CMakeFiles/rclc_parameter_test.dir/build
[0.650s] gmake[2]: Entering directory '/home/aajaer/microros_ws/build/rclc_parameter'
[0.651s] gmake[2]: Nothing to be done for 'CMakeFiles/rclc_parameter_test.dir/build'.
[0.651s] gmake[2]: Leaving directory '/home/aajaer/microros_ws/build/rclc_parameter'
[0.661s] [100%] Built target rclc_parameter_test
[0.662s] gmake[1]: Leaving directory '/home/aajaer/microros_ws/build/rclc_parameter'
[0.662s] /usr/bin/cmake -E cmake_progress_start /home/aajaer/microros_ws/build/rclc_parameter/CMakeFiles 0
[0.689s] Invoked command in '/home/aajaer/microros_ws/build/rclc_parameter' returned '0': AMENT_PREFIX_PATH=/home/aajaer/microros_ws/install/rclc:/home/aajaer/microros_ws/install/test_msgs:/home/aajaer/microros_ws/install/example_interfaces:/home/aajaer/microros_ws/install/std_msgs:/home/aajaer/microros_ws/install/rcl_interfaces:/home/aajaer/microros_ws/install/action_msgs:/home/aajaer/microros_ws/install/unique_identifier_msgs:/home/aajaer/microros_ws/install/builtin_interfaces:${AMENT_PREFIX_PATH} CMAKE_PREFIX_PATH=/home/aajaer/microros_ws/install/rclc:/home/aajaer/microros_ws/install/test_msgs:/home/aajaer/microros_ws/install/example_interfaces:/home/aajaer/microros_ws/install/std_msgs:/home/aajaer/microros_ws/install/rcl_interfaces:/home/aajaer/microros_ws/install/action_msgs:/home/aajaer/microros_ws/install/unique_identifier_msgs:/home/aajaer/microros_ws/install/builtin_interfaces:/opt/ros/humble:/opt/ros/humble LD_LIBRARY_PATH=/home/aajaer/microros_ws/install/rclc/lib:/home/aajaer/microros_ws/install/test_msgs/lib:/home/aajaer/microros_ws/install/example_interfaces/lib:/home/aajaer/microros_ws/install/std_msgs/lib:/home/aajaer/microros_ws/install/rcl_interfaces/lib:/home/aajaer/microros_ws/install/action_msgs/lib:/home/aajaer/microros_ws/install/unique_identifier_msgs/lib:/home/aajaer/microros_ws/install/builtin_interfaces/lib:/opt/ros/humble/opt/rviz_ogre_vendor/lib:/opt/ros/humble/lib/aarch64-linux-gnu:/opt/ros/humble/lib PYTHONPATH=/home/aajaer/microros_ws/install/test_msgs/local/lib/python3.10/dist-packages:/home/aajaer/microros_ws/install/example_interfaces/local/lib/python3.10/dist-packages:/home/aajaer/microros_ws/install/std_msgs/local/lib/python3.10/dist-packages:/home/aajaer/microros_ws/install/rcl_interfaces/local/lib/python3.10/dist-packages:/home/aajaer/microros_ws/install/action_msgs/local/lib/python3.10/dist-packages:/home/aajaer/microros_ws/install/unique_identifier_msgs/local/lib/python3.10/dist-packages:/home/aajaer/microros_ws/install/builtin_interfaces/local/lib/python3.10/dist-packages:${PYTHONPATH} /usr/bin/cmake --build /home/aajaer/microros_ws/build/rclc_parameter -- -j8 -l8
[0.692s] Invoking command in '/home/aajaer/microros_ws/build/rclc_parameter': AMENT_PREFIX_PATH=/home/aajaer/microros_ws/install/rclc:/home/aajaer/microros_ws/install/test_msgs:/home/aajaer/microros_ws/install/example_interfaces:/home/aajaer/microros_ws/install/std_msgs:/home/aajaer/microros_ws/install/rcl_interfaces:/home/aajaer/microros_ws/install/action_msgs:/home/aajaer/microros_ws/install/unique_identifier_msgs:/home/aajaer/microros_ws/install/builtin_interfaces:${AMENT_PREFIX_PATH} CMAKE_PREFIX_PATH=/home/aajaer/microros_ws/install/rclc:/home/aajaer/microros_ws/install/test_msgs:/home/aajaer/microros_ws/install/example_interfaces:/home/aajaer/microros_ws/install/std_msgs:/home/aajaer/microros_ws/install/rcl_interfaces:/home/aajaer/microros_ws/install/action_msgs:/home/aajaer/microros_ws/install/unique_identifier_msgs:/home/aajaer/microros_ws/install/builtin_interfaces:/opt/ros/humble:/opt/ros/humble LD_LIBRARY_PATH=/home/aajaer/microros_ws/install/rclc/lib:/home/aajaer/microros_ws/install/test_msgs/lib:/home/aajaer/microros_ws/install/example_interfaces/lib:/home/aajaer/microros_ws/install/std_msgs/lib:/home/aajaer/microros_ws/install/rcl_interfaces/lib:/home/aajaer/microros_ws/install/action_msgs/lib:/home/aajaer/microros_ws/install/unique_identifier_msgs/lib:/home/aajaer/microros_ws/install/builtin_interfaces/lib:/opt/ros/humble/opt/rviz_ogre_vendor/lib:/opt/ros/humble/lib/aarch64-linux-gnu:/opt/ros/humble/lib PYTHONPATH=/home/aajaer/microros_ws/install/test_msgs/local/lib/python3.10/dist-packages:/home/aajaer/microros_ws/install/example_interfaces/local/lib/python3.10/dist-packages:/home/aajaer/microros_ws/install/std_msgs/local/lib/python3.10/dist-packages:/home/aajaer/microros_ws/install/rcl_interfaces/local/lib/python3.10/dist-packages:/home/aajaer/microros_ws/install/action_msgs/local/lib/python3.10/dist-packages:/home/aajaer/microros_ws/install/unique_identifier_msgs/local/lib/python3.10/dist-packages:/home/aajaer/microros_ws/install/builtin_interfaces/local/lib/python3.10/dist-packages:${PYTHONPATH} /usr/bin/cmake --install /home/aajaer/microros_ws/build/rclc_parameter
[0.801s] -- Install configuration: ""
[0.804s] -- Execute custom install script
[0.810s] -- Up-to-date symlink: /home/aajaer/microros_ws/install/rclc_parameter/include/rclc_parameter/rclc_parameter.h
[0.811s] -- Up-to-date symlink: /home/aajaer/microros_ws/install/rclc_parameter/include/rclc_parameter/visibility_control.h
[0.812s] -- Up-to-date symlink: /home/aajaer/microros_ws/install/rclc_parameter/share/rclc_parameter/environment/library_path.sh
[0.813s] -- Up-to-date symlink: /home/aajaer/microros_ws/install/rclc_parameter/share/rclc_parameter/environment/library_path.dsv
[0.814s] -- Up-to-date symlink: /home/aajaer/microros_ws/install/rclc_parameter/share/ament_index/resource_index/package_run_dependencies/rclc_parameter
[0.815s] -- Up-to-date symlink: /home/aajaer/microros_ws/install/rclc_parameter/share/ament_index/resource_index/parent_prefix_path/rclc_parameter
[0.816s] -- Up-to-date symlink: /home/aajaer/microros_ws/install/rclc_parameter/share/rclc_parameter/environment/ament_prefix_path.sh
[0.817s] -- Up-to-date symlink: /home/aajaer/microros_ws/install/rclc_parameter/share/rclc_parameter/environment/ament_prefix_path.dsv
[0.818s] -- Up-to-date symlink: /home/aajaer/microros_ws/install/rclc_parameter/share/rclc_parameter/environment/path.sh
[0.820s] -- Up-to-date symlink: /home/aajaer/microros_ws/install/rclc_parameter/share/rclc_parameter/environment/path.dsv
[0.820s] -- Up-to-date symlink: /home/aajaer/microros_ws/install/rclc_parameter/share/rclc_parameter/local_setup.bash
[0.824s] -- Up-to-date symlink: /home/aajaer/microros_ws/install/rclc_parameter/share/rclc_parameter/local_setup.sh
[0.826s] -- Up-to-date symlink: /home/aajaer/microros_ws/install/rclc_parameter/share/rclc_parameter/local_setup.zsh
[0.827s] -- Up-to-date symlink: /home/aajaer/microros_ws/install/rclc_parameter/share/rclc_parameter/local_setup.dsv
[0.827s] -- Symlinking: /home/aajaer/microros_ws/install/rclc_parameter/share/rclc_parameter/package.dsv
[0.944s] -- Up-to-date symlink: /home/aajaer/microros_ws/install/rclc_parameter/share/ament_index/resource_index/packages/rclc_parameter
[0.946s] -- Up-to-date symlink: /home/aajaer/microros_ws/install/rclc_parameter/share/rclc_parameter/cmake/ament_cmake_export_include_directories-extras.cmake
[0.948s] -- Up-to-date symlink: /home/aajaer/microros_ws/install/rclc_parameter/share/rclc_parameter/cmake/ament_cmake_export_libraries-extras.cmake
[0.950s] -- Up-to-date symlink: /home/aajaer/microros_ws/install/rclc_parameter/share/rclc_parameter/cmake/ament_cmake_export_targets-extras.cmake
[0.951s] -- Up-to-date symlink: /home/aajaer/microros_ws/install/rclc_parameter/share/rclc_parameter/cmake/ament_cmake_export_dependencies-extras.cmake
[0.952s] -- Up-to-date symlink: /home/aajaer/microros_ws/install/rclc_parameter/share/rclc_parameter/cmake/rclc_parameterConfig.cmake
[0.954s] -- Up-to-date symlink: /home/aajaer/microros_ws/install/rclc_parameter/share/rclc_parameter/cmake/rclc_parameterConfig-version.cmake
[0.955s] -- Up-to-date symlink: /home/aajaer/microros_ws/install/rclc_parameter/share/rclc_parameter/package.xml
[0.957s] -- Up-to-date: /home/aajaer/microros_ws/install/rclc_parameter/lib/librclc_parameter.a
[0.959s] -- Up-to-date: /home/aajaer/microros_ws/install/rclc_parameter/share/rclc_parameter/cmake/rclc_parameterExport.cmake
[0.959s] -- Up-to-date: /home/aajaer/microros_ws/install/rclc_parameter/share/rclc_parameter/cmake/rclc_parameterExport-noconfig.cmake
[1.207s] Invoked command in '/home/aajaer/microros_ws/build/rclc_parameter' returned '0': AMENT_PREFIX_PATH=/home/aajaer/microros_ws/install/rclc:/home/aajaer/microros_ws/install/test_msgs:/home/aajaer/microros_ws/install/example_interfaces:/home/aajaer/microros_ws/install/std_msgs:/home/aajaer/microros_ws/install/rcl_interfaces:/home/aajaer/microros_ws/install/action_msgs:/home/aajaer/microros_ws/install/unique_identifier_msgs:/home/aajaer/microros_ws/install/builtin_interfaces:${AMENT_PREFIX_PATH} CMAKE_PREFIX_PATH=/home/aajaer/microros_ws/install/rclc:/home/aajaer/microros_ws/install/test_msgs:/home/aajaer/microros_ws/install/example_interfaces:/home/aajaer/microros_ws/install/std_msgs:/home/aajaer/microros_ws/install/rcl_interfaces:/home/aajaer/microros_ws/install/action_msgs:/home/aajaer/microros_ws/install/unique_identifier_msgs:/home/aajaer/microros_ws/install/builtin_interfaces:/opt/ros/humble:/opt/ros/humble LD_LIBRARY_PATH=/home/aajaer/microros_ws/install/rclc/lib:/home/aajaer/microros_ws/install/test_msgs/lib:/home/aajaer/microros_ws/install/example_interfaces/lib:/home/aajaer/microros_ws/install/std_msgs/lib:/home/aajaer/microros_ws/install/rcl_interfaces/lib:/home/aajaer/microros_ws/install/action_msgs/lib:/home/aajaer/microros_ws/install/unique_identifier_msgs/lib:/home/aajaer/microros_ws/install/builtin_interfaces/lib:/opt/ros/humble/opt/rviz_ogre_vendor/lib:/opt/ros/humble/lib/aarch64-linux-gnu:/opt/ros/humble/lib PYTHONPATH=/home/aajaer/microros_ws/install/test_msgs/local/lib/python3.10/dist-packages:/home/aajaer/microros_ws/install/example_interfaces/local/lib/python3.10/dist-packages:/home/aajaer/microros_ws/install/std_msgs/local/lib/python3.10/dist-packages:/home/aajaer/microros_ws/install/rcl_interfaces/local/lib/python3.10/dist-packages:/home/aajaer/microros_ws/install/action_msgs/local/lib/python3.10/dist-packages:/home/aajaer/microros_ws/install/unique_identifier_msgs/local/lib/python3.10/dist-packages:/home/aajaer/microros_ws/install/builtin_interfaces/local/lib/python3.10/dist-packages:${PYTHONPATH} /usr/bin/cmake --install /home/aajaer/microros_ws/build/rclc_parameter
