[0.088s] Invoking command in '/home/aajaer/microros_ws/build/nav_msgs': CMAKE_PREFIX_PATH=/home/aajaer/microros_ws/install/geometry_msgs:/home/aajaer/microros_ws/install/std_msgs:/home/aajaer/microros_ws/install/builtin_interfaces:/home/aajaer/microros_ws/install/micro_ros_demos_rclc:/home/aajaer/microros_ws/install/common_interfaces:/home/aajaer/microros_ws/install/visualization_msgs:/home/aajaer/microros_ws/install/test_msgs:/home/aajaer/microros_ws/install/example_interfaces:/home/aajaer/microros_ws/install/action_msgs:/home/aajaer/microros_ws/install/unique_identifier_msgs:/home/aajaer/microros_ws/install/trajectory_msgs:/home/aajaer/microros_ws/install/stereo_msgs:/home/aajaer/microros_ws/install/sllidar_ros2:/home/aajaer/microros_ws/install/std_srvs:/home/aajaer/microros_ws/install/shape_msgs:/home/aajaer/microros_ws/install/sensor_msgs:/home/aajaer/microros_ws/install/nav_msgs:/home/aajaer/microros_ws/install/diagnostic_msgs:/home/aajaer/microros_ws/install/actionlib_msgs:/home/aajaer/microros_ws/install/statistics_msgs:/home/aajaer/microros_ws/install/rosidl_typesupport_microxrcedds_test_msg:/home/aajaer/microros_ws/install/rosidl_typesupport_microxrcedds_cpp_tests:/home/aajaer/microros_ws/install/rmw_microxrcedds:/home/aajaer/microros_ws/install/rosidl_typesupport_microxrcedds_cpp:/home/aajaer/microros_ws/install/rosidl_typesupport_microxrcedds_c_tests:/home/aajaer/microros_ws/install/rosidl_typesupport_microxrcedds_c:/home/aajaer/microros_ws/install/rosgraph_msgs:/home/aajaer/microros_ws/install/rclc_parameter:/home/aajaer/microros_ws/install/rclc:/home/aajaer/microros_ws/install/composition_interfaces:/home/aajaer/microros_ws/install/rcl_interfaces:/home/aajaer/microros_ws/install/microxrcedds_client:/home/aajaer/microros_ws/install/microcdr:/home/aajaer/microros_ws/install/micro_ros_utilities:/home/aajaer/microros_ws/install/micro_ros_setup:/home/aajaer/microros_ws/install/micro_ros_agent:/home/aajaer/microros_ws/install/micro_ros_msgs:/home/aajaer/microros_ws/install/lifecycle_msgs:/home/aajaer/microros_ws/install/complex_msgs:/opt/ros/humble:/opt/ros/humble:/home/aajaer/microros_ws/install/sensor_msgs_py:/home/aajaer/microros_ws/install/motor_control_pkg LD_LIBRARY_PATH=/home/aajaer/microros_ws/install/geometry_msgs/lib:/home/aajaer/microros_ws/install/std_msgs/lib:/home/aajaer/microros_ws/install/builtin_interfaces/lib:/home/aajaer/microros_ws/install/visualization_msgs/lib:/home/aajaer/microros_ws/install/test_msgs/lib:/home/aajaer/microros_ws/install/example_interfaces/lib:/home/aajaer/microros_ws/install/action_msgs/lib:/home/aajaer/microros_ws/install/unique_identifier_msgs/lib:/home/aajaer/microros_ws/install/trajectory_msgs/lib:/home/aajaer/microros_ws/install/stereo_msgs/lib:/home/aajaer/microros_ws/install/std_srvs/lib:/home/aajaer/microros_ws/install/shape_msgs/lib:/home/aajaer/microros_ws/install/sensor_msgs/lib:/home/aajaer/microros_ws/install/nav_msgs/lib:/home/aajaer/microros_ws/install/diagnostic_msgs/lib:/home/aajaer/microros_ws/install/actionlib_msgs/lib:/home/aajaer/microros_ws/install/statistics_msgs/lib:/home/aajaer/microros_ws/install/rosidl_typesupport_microxrcedds_test_msg/lib:/home/aajaer/microros_ws/install/rmw_microxrcedds/lib:/home/aajaer/microros_ws/install/rosidl_typesupport_microxrcedds_cpp/lib:/home/aajaer/microros_ws/install/rosidl_typesupport_microxrcedds_c/lib:/home/aajaer/microros_ws/install/rosgraph_msgs/lib:/home/aajaer/microros_ws/install/rclc_parameter/lib:/home/aajaer/microros_ws/install/rclc/lib:/home/aajaer/microros_ws/install/composition_interfaces/lib:/home/aajaer/microros_ws/install/rcl_interfaces/lib:/home/aajaer/microros_ws/install/micro_ros_utilities/lib:/home/aajaer/microros_ws/install/micro_ros_agent/lib:/home/aajaer/microros_ws/install/micro_ros_msgs/lib:/home/aajaer/microros_ws/install/lifecycle_msgs/lib:/home/aajaer/microros_ws/install/complex_msgs/lib:/opt/ros/humble/opt/rviz_ogre_vendor/lib:/opt/ros/humble/lib/aarch64-linux-gnu:/opt/ros/humble/lib /usr/bin/cmake /home/aajaer/microros_ws/src/ros2/common_interfaces/nav_msgs -DAMENT_CMAKE_SYMLINK_INSTALL=1 -DCMAKE_INSTALL_PREFIX=/home/aajaer/microros_ws/install/nav_msgs
[0.121s] -- Found ament_cmake: 1.3.11 (/opt/ros/humble/share/ament_cmake/cmake)
[0.489s] -- Override CMake install command with custom implementation using symlinks instead of copying resources
[0.506s] -- Found builtin_interfaces: 1.2.1 (/home/aajaer/microros_ws/install/builtin_interfaces/share/builtin_interfaces/cmake)
[0.554s] -- Found rosidl_generator_c: 3.1.6 (/opt/ros/humble/share/rosidl_generator_c/cmake)
[0.559s] -- Found rosidl_adapter: 3.1.6 (/opt/ros/humble/share/rosidl_adapter/cmake)
[0.569s] -- Found rosidl_generator_cpp: 3.1.6 (/opt/ros/humble/share/rosidl_generator_cpp/cmake)
[0.590s] -- Using all available rosidl_typesupport_c: rosidl_typesupport_microxrcedds_c;rosidl_typesupport_fastrtps_c;rosidl_typesupport_introspection_c
[0.626s] -- Using all available rosidl_typesupport_cpp: rosidl_typesupport_microxrcedds_cpp;rosidl_typesupport_fastrtps_cpp;rosidl_typesupport_introspection_cpp
[0.659s] -- Found geometry_msgs: 4.2.4 (/home/aajaer/microros_ws/install/geometry_msgs/share/geometry_msgs/cmake)
[0.716s] -- Found rosidl_default_generators: 1.2.0 (/opt/ros/humble/share/rosidl_default_generators/cmake)
[1.684s] -- Found ament_cmake_cppcheck: 0.12.11 (/opt/ros/humble/share/ament_cmake_cppcheck/cmake)
[1.685s] -- Found ament_cmake_cpplint: 0.12.11 (/opt/ros/humble/share/ament_cmake_cpplint/cmake)
[1.687s] -- Found ament_cmake_uncrustify: 0.12.11 (/opt/ros/humble/share/ament_cmake_uncrustify/cmake)
[1.689s] -- Found ament_cmake_ros: 0.10.0 (/opt/ros/humble/share/ament_cmake_ros/cmake)
[3.054s] -- Using all available rosidl_typesupport_c: rosidl_typesupport_microxrcedds_c;rosidl_typesupport_fastrtps_c;rosidl_typesupport_introspection_c
[3.703s] -- Using all available rosidl_typesupport_cpp: rosidl_typesupport_microxrcedds_cpp;rosidl_typesupport_fastrtps_cpp;rosidl_typesupport_introspection_cpp
[3.775s] -- Found python_cmake_module: 0.10.0 (/opt/ros/humble/share/python_cmake_module/cmake)
[3.847s] -- Using PYTHON_EXECUTABLE: /usr/bin/python3
[3.848s] -- Using PYTHON_INCLUDE_DIRS: /usr/include/python3.10
[3.848s] -- Using PYTHON_LIBRARIES: /usr/lib/aarch64-linux-gnu/libpython3.10.so
[4.010s] -- Found ament_cmake_flake8: 0.12.11 (/opt/ros/humble/share/ament_cmake_flake8/cmake)
[4.012s] -- Found ament_cmake_pep257: 0.12.11 (/opt/ros/humble/share/ament_cmake_pep257/cmake)
[4.047s] -- Configuring done
[4.315s] -- Generating done
[4.350s] -- Build files have been written to: /home/aajaer/microros_ws/build/nav_msgs
[4.382s] Invoked command in '/home/aajaer/microros_ws/build/nav_msgs' returned '0': CMAKE_PREFIX_PATH=/home/aajaer/microros_ws/install/geometry_msgs:/home/aajaer/microros_ws/install/std_msgs:/home/aajaer/microros_ws/install/builtin_interfaces:/home/aajaer/microros_ws/install/micro_ros_demos_rclc:/home/aajaer/microros_ws/install/common_interfaces:/home/aajaer/microros_ws/install/visualization_msgs:/home/aajaer/microros_ws/install/test_msgs:/home/aajaer/microros_ws/install/example_interfaces:/home/aajaer/microros_ws/install/action_msgs:/home/aajaer/microros_ws/install/unique_identifier_msgs:/home/aajaer/microros_ws/install/trajectory_msgs:/home/aajaer/microros_ws/install/stereo_msgs:/home/aajaer/microros_ws/install/sllidar_ros2:/home/aajaer/microros_ws/install/std_srvs:/home/aajaer/microros_ws/install/shape_msgs:/home/aajaer/microros_ws/install/sensor_msgs:/home/aajaer/microros_ws/install/nav_msgs:/home/aajaer/microros_ws/install/diagnostic_msgs:/home/aajaer/microros_ws/install/actionlib_msgs:/home/aajaer/microros_ws/install/statistics_msgs:/home/aajaer/microros_ws/install/rosidl_typesupport_microxrcedds_test_msg:/home/aajaer/microros_ws/install/rosidl_typesupport_microxrcedds_cpp_tests:/home/aajaer/microros_ws/install/rmw_microxrcedds:/home/aajaer/microros_ws/install/rosidl_typesupport_microxrcedds_cpp:/home/aajaer/microros_ws/install/rosidl_typesupport_microxrcedds_c_tests:/home/aajaer/microros_ws/install/rosidl_typesupport_microxrcedds_c:/home/aajaer/microros_ws/install/rosgraph_msgs:/home/aajaer/microros_ws/install/rclc_parameter:/home/aajaer/microros_ws/install/rclc:/home/aajaer/microros_ws/install/composition_interfaces:/home/aajaer/microros_ws/install/rcl_interfaces:/home/aajaer/microros_ws/install/microxrcedds_client:/home/aajaer/microros_ws/install/microcdr:/home/aajaer/microros_ws/install/micro_ros_utilities:/home/aajaer/microros_ws/install/micro_ros_setup:/home/aajaer/microros_ws/install/micro_ros_agent:/home/aajaer/microros_ws/install/micro_ros_msgs:/home/aajaer/microros_ws/install/lifecycle_msgs:/home/aajaer/microros_ws/install/complex_msgs:/opt/ros/humble:/opt/ros/humble:/home/aajaer/microros_ws/install/sensor_msgs_py:/home/aajaer/microros_ws/install/motor_control_pkg LD_LIBRARY_PATH=/home/aajaer/microros_ws/install/geometry_msgs/lib:/home/aajaer/microros_ws/install/std_msgs/lib:/home/aajaer/microros_ws/install/builtin_interfaces/lib:/home/aajaer/microros_ws/install/visualization_msgs/lib:/home/aajaer/microros_ws/install/test_msgs/lib:/home/aajaer/microros_ws/install/example_interfaces/lib:/home/aajaer/microros_ws/install/action_msgs/lib:/home/aajaer/microros_ws/install/unique_identifier_msgs/lib:/home/aajaer/microros_ws/install/trajectory_msgs/lib:/home/aajaer/microros_ws/install/stereo_msgs/lib:/home/aajaer/microros_ws/install/std_srvs/lib:/home/aajaer/microros_ws/install/shape_msgs/lib:/home/aajaer/microros_ws/install/sensor_msgs/lib:/home/aajaer/microros_ws/install/nav_msgs/lib:/home/aajaer/microros_ws/install/diagnostic_msgs/lib:/home/aajaer/microros_ws/install/actionlib_msgs/lib:/home/aajaer/microros_ws/install/statistics_msgs/lib:/home/aajaer/microros_ws/install/rosidl_typesupport_microxrcedds_test_msg/lib:/home/aajaer/microros_ws/install/rmw_microxrcedds/lib:/home/aajaer/microros_ws/install/rosidl_typesupport_microxrcedds_cpp/lib:/home/aajaer/microros_ws/install/rosidl_typesupport_microxrcedds_c/lib:/home/aajaer/microros_ws/install/rosgraph_msgs/lib:/home/aajaer/microros_ws/install/rclc_parameter/lib:/home/aajaer/microros_ws/install/rclc/lib:/home/aajaer/microros_ws/install/composition_interfaces/lib:/home/aajaer/microros_ws/install/rcl_interfaces/lib:/home/aajaer/microros_ws/install/micro_ros_utilities/lib:/home/aajaer/microros_ws/install/micro_ros_agent/lib:/home/aajaer/microros_ws/install/micro_ros_msgs/lib:/home/aajaer/microros_ws/install/lifecycle_msgs/lib:/home/aajaer/microros_ws/install/complex_msgs/lib:/opt/ros/humble/opt/rviz_ogre_vendor/lib:/opt/ros/humble/lib/aarch64-linux-gnu:/opt/ros/humble/lib /usr/bin/cmake /home/aajaer/microros_ws/src/ros2/common_interfaces/nav_msgs -DAMENT_CMAKE_SYMLINK_INSTALL=1 -DCMAKE_INSTALL_PREFIX=/home/aajaer/microros_ws/install/nav_msgs
[4.384s] Invoking command in '/home/aajaer/microros_ws/build/nav_msgs': CMAKE_PREFIX_PATH=/home/aajaer/microros_ws/install/geometry_msgs:/home/aajaer/microros_ws/install/std_msgs:/home/aajaer/microros_ws/install/builtin_interfaces:/home/aajaer/microros_ws/install/micro_ros_demos_rclc:/home/aajaer/microros_ws/install/common_interfaces:/home/aajaer/microros_ws/install/visualization_msgs:/home/aajaer/microros_ws/install/test_msgs:/home/aajaer/microros_ws/install/example_interfaces:/home/aajaer/microros_ws/install/action_msgs:/home/aajaer/microros_ws/install/unique_identifier_msgs:/home/aajaer/microros_ws/install/trajectory_msgs:/home/aajaer/microros_ws/install/stereo_msgs:/home/aajaer/microros_ws/install/sllidar_ros2:/home/aajaer/microros_ws/install/std_srvs:/home/aajaer/microros_ws/install/shape_msgs:/home/aajaer/microros_ws/install/sensor_msgs:/home/aajaer/microros_ws/install/nav_msgs:/home/aajaer/microros_ws/install/diagnostic_msgs:/home/aajaer/microros_ws/install/actionlib_msgs:/home/aajaer/microros_ws/install/statistics_msgs:/home/aajaer/microros_ws/install/rosidl_typesupport_microxrcedds_test_msg:/home/aajaer/microros_ws/install/rosidl_typesupport_microxrcedds_cpp_tests:/home/aajaer/microros_ws/install/rmw_microxrcedds:/home/aajaer/microros_ws/install/rosidl_typesupport_microxrcedds_cpp:/home/aajaer/microros_ws/install/rosidl_typesupport_microxrcedds_c_tests:/home/aajaer/microros_ws/install/rosidl_typesupport_microxrcedds_c:/home/aajaer/microros_ws/install/rosgraph_msgs:/home/aajaer/microros_ws/install/rclc_parameter:/home/aajaer/microros_ws/install/rclc:/home/aajaer/microros_ws/install/composition_interfaces:/home/aajaer/microros_ws/install/rcl_interfaces:/home/aajaer/microros_ws/install/microxrcedds_client:/home/aajaer/microros_ws/install/microcdr:/home/aajaer/microros_ws/install/micro_ros_utilities:/home/aajaer/microros_ws/install/micro_ros_setup:/home/aajaer/microros_ws/install/micro_ros_agent:/home/aajaer/microros_ws/install/micro_ros_msgs:/home/aajaer/microros_ws/install/lifecycle_msgs:/home/aajaer/microros_ws/install/complex_msgs:/opt/ros/humble:/opt/ros/humble:/home/aajaer/microros_ws/install/sensor_msgs_py:/home/aajaer/microros_ws/install/motor_control_pkg LD_LIBRARY_PATH=/home/aajaer/microros_ws/install/geometry_msgs/lib:/home/aajaer/microros_ws/install/std_msgs/lib:/home/aajaer/microros_ws/install/builtin_interfaces/lib:/home/aajaer/microros_ws/install/visualization_msgs/lib:/home/aajaer/microros_ws/install/test_msgs/lib:/home/aajaer/microros_ws/install/example_interfaces/lib:/home/aajaer/microros_ws/install/action_msgs/lib:/home/aajaer/microros_ws/install/unique_identifier_msgs/lib:/home/aajaer/microros_ws/install/trajectory_msgs/lib:/home/aajaer/microros_ws/install/stereo_msgs/lib:/home/aajaer/microros_ws/install/std_srvs/lib:/home/aajaer/microros_ws/install/shape_msgs/lib:/home/aajaer/microros_ws/install/sensor_msgs/lib:/home/aajaer/microros_ws/install/nav_msgs/lib:/home/aajaer/microros_ws/install/diagnostic_msgs/lib:/home/aajaer/microros_ws/install/actionlib_msgs/lib:/home/aajaer/microros_ws/install/statistics_msgs/lib:/home/aajaer/microros_ws/install/rosidl_typesupport_microxrcedds_test_msg/lib:/home/aajaer/microros_ws/install/rmw_microxrcedds/lib:/home/aajaer/microros_ws/install/rosidl_typesupport_microxrcedds_cpp/lib:/home/aajaer/microros_ws/install/rosidl_typesupport_microxrcedds_c/lib:/home/aajaer/microros_ws/install/rosgraph_msgs/lib:/home/aajaer/microros_ws/install/rclc_parameter/lib:/home/aajaer/microros_ws/install/rclc/lib:/home/aajaer/microros_ws/install/composition_interfaces/lib:/home/aajaer/microros_ws/install/rcl_interfaces/lib:/home/aajaer/microros_ws/install/micro_ros_utilities/lib:/home/aajaer/microros_ws/install/micro_ros_agent/lib:/home/aajaer/microros_ws/install/micro_ros_msgs/lib:/home/aajaer/microros_ws/install/lifecycle_msgs/lib:/home/aajaer/microros_ws/install/complex_msgs/lib:/opt/ros/humble/opt/rviz_ogre_vendor/lib:/opt/ros/humble/lib/aarch64-linux-gnu:/opt/ros/humble/lib /usr/bin/cmake --build /home/aajaer/microros_ws/build/nav_msgs -- -j8 -l8
[4.591s] [35m[1mConsolidate compiler generated dependencies of target nav_msgs__rosidl_generator_c[0m
[4.611s] [  0%] Built target nav_msgs__cpp
[4.679s] [  0%] Built target ament_cmake_python_symlink_nav_msgs
[4.687s] [35m[1mConsolidate compiler generated dependencies of target nav_msgs__rosidl_typesupport_cpp[0m
[4.697s] [  9%] Built target nav_msgs__rosidl_generator_c
[4.728s] [35m[1mConsolidate compiler generated dependencies of target nav_msgs__rosidl_typesupport_fastrtps_cpp[0m
[4.747s] [35m[1mConsolidate compiler generated dependencies of target nav_msgs__rosidl_typesupport_microxrcedds_cpp[0m
[4.780s] [35m[1mConsolidate compiler generated dependencies of target nav_msgs__rosidl_typesupport_microxrcedds_c[0m
[4.792s] [35m[1mConsolidate compiler generated dependencies of target nav_msgs__rosidl_typesupport_introspection_cpp[0m
[4.799s] [ 18%] Built target nav_msgs__rosidl_typesupport_cpp
[4.830s] [35m[1mConsolidate compiler generated dependencies of target nav_msgs__rosidl_typesupport_fastrtps_c[0m
[4.833s] [35m[1mConsolidate compiler generated dependencies of target nav_msgs__rosidl_typesupport_introspection_c[0m
[4.875s] [ 28%] Built target nav_msgs__rosidl_typesupport_microxrcedds_cpp
[4.878s] [ 37%] Built target nav_msgs__rosidl_typesupport_fastrtps_cpp
[4.893s] [ 47%] Built target nav_msgs__rosidl_typesupport_microxrcedds_c
[4.903s] [ 56%] Built target nav_msgs__rosidl_typesupport_fastrtps_c
[4.910s] [ 65%] Built target nav_msgs__rosidl_typesupport_introspection_cpp
[4.949s] [ 74%] Built target nav_msgs__rosidl_typesupport_introspection_c
[4.951s] [35m[1mConsolidate compiler generated dependencies of target nav_msgs__rosidl_typesupport_c[0m
[4.986s] [ 83%] Built target nav_msgs__rosidl_typesupport_c
[5.081s] [ 83%] Built target nav_msgs
[5.160s] [ 84%] Built target nav_msgs__py
[5.211s] [35m[1mConsolidate compiler generated dependencies of target nav_msgs__rosidl_generator_py[0m
[5.328s] [ 93%] Built target nav_msgs__rosidl_generator_py
[5.392s] [35m[1mConsolidate compiler generated dependencies of target nav_msgs__rosidl_typesupport_microxrcedds_c__pyext[0m
[5.408s] [35m[1mConsolidate compiler generated dependencies of target nav_msgs__rosidl_typesupport_fastrtps_c__pyext[0m
[5.421s] [35m[1mConsolidate compiler generated dependencies of target nav_msgs__rosidl_typesupport_introspection_c__pyext[0m
[5.466s] [ 97%] Built target nav_msgs__rosidl_typesupport_fastrtps_c__pyext
[5.466s] [ 97%] Built target nav_msgs__rosidl_typesupport_introspection_c__pyext
[5.467s] [35m[1mConsolidate compiler generated dependencies of target nav_msgs__rosidl_typesupport_c__pyext[0m
[5.467s] running egg_info
[5.469s] writing nav_msgs.egg-info/PKG-INFO
[5.470s] writing dependency_links to nav_msgs.egg-info/dependency_links.txt
[5.470s] writing top-level names to nav_msgs.egg-info/top_level.txt
[5.477s] reading manifest file 'nav_msgs.egg-info/SOURCES.txt'
[5.478s] [ 98%] Built target nav_msgs__rosidl_typesupport_microxrcedds_c__pyext
[5.479s] writing manifest file 'nav_msgs.egg-info/SOURCES.txt'
[5.508s] [100%] Built target nav_msgs__rosidl_typesupport_c__pyext
[5.592s] [100%] Built target ament_cmake_python_build_nav_msgs_egg
[5.631s] Invoked command in '/home/aajaer/microros_ws/build/nav_msgs' returned '0': CMAKE_PREFIX_PATH=/home/aajaer/microros_ws/install/geometry_msgs:/home/aajaer/microros_ws/install/std_msgs:/home/aajaer/microros_ws/install/builtin_interfaces:/home/aajaer/microros_ws/install/micro_ros_demos_rclc:/home/aajaer/microros_ws/install/common_interfaces:/home/aajaer/microros_ws/install/visualization_msgs:/home/aajaer/microros_ws/install/test_msgs:/home/aajaer/microros_ws/install/example_interfaces:/home/aajaer/microros_ws/install/action_msgs:/home/aajaer/microros_ws/install/unique_identifier_msgs:/home/aajaer/microros_ws/install/trajectory_msgs:/home/aajaer/microros_ws/install/stereo_msgs:/home/aajaer/microros_ws/install/sllidar_ros2:/home/aajaer/microros_ws/install/std_srvs:/home/aajaer/microros_ws/install/shape_msgs:/home/aajaer/microros_ws/install/sensor_msgs:/home/aajaer/microros_ws/install/nav_msgs:/home/aajaer/microros_ws/install/diagnostic_msgs:/home/aajaer/microros_ws/install/actionlib_msgs:/home/aajaer/microros_ws/install/statistics_msgs:/home/aajaer/microros_ws/install/rosidl_typesupport_microxrcedds_test_msg:/home/aajaer/microros_ws/install/rosidl_typesupport_microxrcedds_cpp_tests:/home/aajaer/microros_ws/install/rmw_microxrcedds:/home/aajaer/microros_ws/install/rosidl_typesupport_microxrcedds_cpp:/home/aajaer/microros_ws/install/rosidl_typesupport_microxrcedds_c_tests:/home/aajaer/microros_ws/install/rosidl_typesupport_microxrcedds_c:/home/aajaer/microros_ws/install/rosgraph_msgs:/home/aajaer/microros_ws/install/rclc_parameter:/home/aajaer/microros_ws/install/rclc:/home/aajaer/microros_ws/install/composition_interfaces:/home/aajaer/microros_ws/install/rcl_interfaces:/home/aajaer/microros_ws/install/microxrcedds_client:/home/aajaer/microros_ws/install/microcdr:/home/aajaer/microros_ws/install/micro_ros_utilities:/home/aajaer/microros_ws/install/micro_ros_setup:/home/aajaer/microros_ws/install/micro_ros_agent:/home/aajaer/microros_ws/install/micro_ros_msgs:/home/aajaer/microros_ws/install/lifecycle_msgs:/home/aajaer/microros_ws/install/complex_msgs:/opt/ros/humble:/opt/ros/humble:/home/aajaer/microros_ws/install/sensor_msgs_py:/home/aajaer/microros_ws/install/motor_control_pkg LD_LIBRARY_PATH=/home/aajaer/microros_ws/install/geometry_msgs/lib:/home/aajaer/microros_ws/install/std_msgs/lib:/home/aajaer/microros_ws/install/builtin_interfaces/lib:/home/aajaer/microros_ws/install/visualization_msgs/lib:/home/aajaer/microros_ws/install/test_msgs/lib:/home/aajaer/microros_ws/install/example_interfaces/lib:/home/aajaer/microros_ws/install/action_msgs/lib:/home/aajaer/microros_ws/install/unique_identifier_msgs/lib:/home/aajaer/microros_ws/install/trajectory_msgs/lib:/home/aajaer/microros_ws/install/stereo_msgs/lib:/home/aajaer/microros_ws/install/std_srvs/lib:/home/aajaer/microros_ws/install/shape_msgs/lib:/home/aajaer/microros_ws/install/sensor_msgs/lib:/home/aajaer/microros_ws/install/nav_msgs/lib:/home/aajaer/microros_ws/install/diagnostic_msgs/lib:/home/aajaer/microros_ws/install/actionlib_msgs/lib:/home/aajaer/microros_ws/install/statistics_msgs/lib:/home/aajaer/microros_ws/install/rosidl_typesupport_microxrcedds_test_msg/lib:/home/aajaer/microros_ws/install/rmw_microxrcedds/lib:/home/aajaer/microros_ws/install/rosidl_typesupport_microxrcedds_cpp/lib:/home/aajaer/microros_ws/install/rosidl_typesupport_microxrcedds_c/lib:/home/aajaer/microros_ws/install/rosgraph_msgs/lib:/home/aajaer/microros_ws/install/rclc_parameter/lib:/home/aajaer/microros_ws/install/rclc/lib:/home/aajaer/microros_ws/install/composition_interfaces/lib:/home/aajaer/microros_ws/install/rcl_interfaces/lib:/home/aajaer/microros_ws/install/micro_ros_utilities/lib:/home/aajaer/microros_ws/install/micro_ros_agent/lib:/home/aajaer/microros_ws/install/micro_ros_msgs/lib:/home/aajaer/microros_ws/install/lifecycle_msgs/lib:/home/aajaer/microros_ws/install/complex_msgs/lib:/opt/ros/humble/opt/rviz_ogre_vendor/lib:/opt/ros/humble/lib/aarch64-linux-gnu:/opt/ros/humble/lib /usr/bin/cmake --build /home/aajaer/microros_ws/build/nav_msgs -- -j8 -l8
[5.639s] Invoking command in '/home/aajaer/microros_ws/build/nav_msgs': CMAKE_PREFIX_PATH=/home/aajaer/microros_ws/install/geometry_msgs:/home/aajaer/microros_ws/install/std_msgs:/home/aajaer/microros_ws/install/builtin_interfaces:/home/aajaer/microros_ws/install/micro_ros_demos_rclc:/home/aajaer/microros_ws/install/common_interfaces:/home/aajaer/microros_ws/install/visualization_msgs:/home/aajaer/microros_ws/install/test_msgs:/home/aajaer/microros_ws/install/example_interfaces:/home/aajaer/microros_ws/install/action_msgs:/home/aajaer/microros_ws/install/unique_identifier_msgs:/home/aajaer/microros_ws/install/trajectory_msgs:/home/aajaer/microros_ws/install/stereo_msgs:/home/aajaer/microros_ws/install/sllidar_ros2:/home/aajaer/microros_ws/install/std_srvs:/home/aajaer/microros_ws/install/shape_msgs:/home/aajaer/microros_ws/install/sensor_msgs:/home/aajaer/microros_ws/install/nav_msgs:/home/aajaer/microros_ws/install/diagnostic_msgs:/home/aajaer/microros_ws/install/actionlib_msgs:/home/aajaer/microros_ws/install/statistics_msgs:/home/aajaer/microros_ws/install/rosidl_typesupport_microxrcedds_test_msg:/home/aajaer/microros_ws/install/rosidl_typesupport_microxrcedds_cpp_tests:/home/aajaer/microros_ws/install/rmw_microxrcedds:/home/aajaer/microros_ws/install/rosidl_typesupport_microxrcedds_cpp:/home/aajaer/microros_ws/install/rosidl_typesupport_microxrcedds_c_tests:/home/aajaer/microros_ws/install/rosidl_typesupport_microxrcedds_c:/home/aajaer/microros_ws/install/rosgraph_msgs:/home/aajaer/microros_ws/install/rclc_parameter:/home/aajaer/microros_ws/install/rclc:/home/aajaer/microros_ws/install/composition_interfaces:/home/aajaer/microros_ws/install/rcl_interfaces:/home/aajaer/microros_ws/install/microxrcedds_client:/home/aajaer/microros_ws/install/microcdr:/home/aajaer/microros_ws/install/micro_ros_utilities:/home/aajaer/microros_ws/install/micro_ros_setup:/home/aajaer/microros_ws/install/micro_ros_agent:/home/aajaer/microros_ws/install/micro_ros_msgs:/home/aajaer/microros_ws/install/lifecycle_msgs:/home/aajaer/microros_ws/install/complex_msgs:/opt/ros/humble:/opt/ros/humble:/home/aajaer/microros_ws/install/sensor_msgs_py:/home/aajaer/microros_ws/install/motor_control_pkg LD_LIBRARY_PATH=/home/aajaer/microros_ws/install/geometry_msgs/lib:/home/aajaer/microros_ws/install/std_msgs/lib:/home/aajaer/microros_ws/install/builtin_interfaces/lib:/home/aajaer/microros_ws/install/visualization_msgs/lib:/home/aajaer/microros_ws/install/test_msgs/lib:/home/aajaer/microros_ws/install/example_interfaces/lib:/home/aajaer/microros_ws/install/action_msgs/lib:/home/aajaer/microros_ws/install/unique_identifier_msgs/lib:/home/aajaer/microros_ws/install/trajectory_msgs/lib:/home/aajaer/microros_ws/install/stereo_msgs/lib:/home/aajaer/microros_ws/install/std_srvs/lib:/home/aajaer/microros_ws/install/shape_msgs/lib:/home/aajaer/microros_ws/install/sensor_msgs/lib:/home/aajaer/microros_ws/install/nav_msgs/lib:/home/aajaer/microros_ws/install/diagnostic_msgs/lib:/home/aajaer/microros_ws/install/actionlib_msgs/lib:/home/aajaer/microros_ws/install/statistics_msgs/lib:/home/aajaer/microros_ws/install/rosidl_typesupport_microxrcedds_test_msg/lib:/home/aajaer/microros_ws/install/rmw_microxrcedds/lib:/home/aajaer/microros_ws/install/rosidl_typesupport_microxrcedds_cpp/lib:/home/aajaer/microros_ws/install/rosidl_typesupport_microxrcedds_c/lib:/home/aajaer/microros_ws/install/rosgraph_msgs/lib:/home/aajaer/microros_ws/install/rclc_parameter/lib:/home/aajaer/microros_ws/install/rclc/lib:/home/aajaer/microros_ws/install/composition_interfaces/lib:/home/aajaer/microros_ws/install/rcl_interfaces/lib:/home/aajaer/microros_ws/install/micro_ros_utilities/lib:/home/aajaer/microros_ws/install/micro_ros_agent/lib:/home/aajaer/microros_ws/install/micro_ros_msgs/lib:/home/aajaer/microros_ws/install/lifecycle_msgs/lib:/home/aajaer/microros_ws/install/complex_msgs/lib:/opt/ros/humble/opt/rviz_ogre_vendor/lib:/opt/ros/humble/lib/aarch64-linux-gnu:/opt/ros/humble/lib /usr/bin/cmake --install /home/aajaer/microros_ws/build/nav_msgs
[5.674s] -- Install configuration: ""
[5.675s] -- Execute custom install script
[5.675s] -- Up-to-date symlink: /home/aajaer/microros_ws/install/nav_msgs/share/ament_index/resource_index/rosidl_interfaces/nav_msgs
[5.676s] -- Up-to-date symlink: /home/aajaer/microros_ws/install/nav_msgs/include/nav_msgs/nav_msgs/msg/detail/grid_cells__functions.h
[5.676s] -- Up-to-date symlink: /home/aajaer/microros_ws/install/nav_msgs/include/nav_msgs/nav_msgs/msg/detail/grid_cells__struct.h
[5.676s] -- Up-to-date symlink: /home/aajaer/microros_ws/install/nav_msgs/include/nav_msgs/nav_msgs/msg/detail/grid_cells__type_support.h
[5.676s] -- Up-to-date symlink: /home/aajaer/microros_ws/install/nav_msgs/include/nav_msgs/nav_msgs/msg/detail/map_meta_data__functions.h
[5.676s] -- Up-to-date symlink: /home/aajaer/microros_ws/install/nav_msgs/include/nav_msgs/nav_msgs/msg/detail/map_meta_data__struct.h
[5.677s] -- Up-to-date symlink: /home/aajaer/microros_ws/install/nav_msgs/include/nav_msgs/nav_msgs/msg/detail/map_meta_data__type_support.h
[5.677s] -- Up-to-date symlink: /home/aajaer/microros_ws/install/nav_msgs/include/nav_msgs/nav_msgs/msg/detail/occupancy_grid__functions.h
[5.678s] -- Up-to-date symlink: /home/aajaer/microros_ws/install/nav_msgs/include/nav_msgs/nav_msgs/msg/detail/occupancy_grid__struct.h
[5.678s] -- Up-to-date symlink: /home/aajaer/microros_ws/install/nav_msgs/include/nav_msgs/nav_msgs/msg/detail/occupancy_grid__type_support.h
[5.678s] -- Up-to-date symlink: /home/aajaer/microros_ws/install/nav_msgs/include/nav_msgs/nav_msgs/msg/detail/odometry__functions.h
[5.679s] -- Up-to-date symlink: /home/aajaer/microros_ws/install/nav_msgs/include/nav_msgs/nav_msgs/msg/detail/odometry__struct.h
[5.680s] -- Up-to-date symlink: /home/aajaer/microros_ws/install/nav_msgs/include/nav_msgs/nav_msgs/msg/detail/odometry__type_support.h
[5.680s] -- Up-to-date symlink: /home/aajaer/microros_ws/install/nav_msgs/include/nav_msgs/nav_msgs/msg/detail/path__functions.h
[5.680s] -- Up-to-date symlink: /home/aajaer/microros_ws/install/nav_msgs/include/nav_msgs/nav_msgs/msg/detail/path__struct.h
[5.680s] -- Up-to-date symlink: /home/aajaer/microros_ws/install/nav_msgs/include/nav_msgs/nav_msgs/msg/detail/path__type_support.h
[5.681s] -- Up-to-date symlink: /home/aajaer/microros_ws/install/nav_msgs/include/nav_msgs/nav_msgs/msg/grid_cells.h
[5.681s] -- Up-to-date symlink: /home/aajaer/microros_ws/install/nav_msgs/include/nav_msgs/nav_msgs/msg/map_meta_data.h
[5.682s] -- Up-to-date symlink: /home/aajaer/microros_ws/install/nav_msgs/include/nav_msgs/nav_msgs/msg/occupancy_grid.h
[5.683s] -- Up-to-date symlink: /home/aajaer/microros_ws/install/nav_msgs/include/nav_msgs/nav_msgs/msg/odometry.h
[5.683s] -- Up-to-date symlink: /home/aajaer/microros_ws/install/nav_msgs/include/nav_msgs/nav_msgs/msg/path.h
[5.683s] -- Up-to-date symlink: /home/aajaer/microros_ws/install/nav_msgs/include/nav_msgs/nav_msgs/msg/rosidl_generator_c__visibility_control.h
[5.683s] -- Up-to-date symlink: /home/aajaer/microros_ws/install/nav_msgs/include/nav_msgs/nav_msgs/srv/detail/get_map__functions.h
[5.684s] -- Up-to-date symlink: /home/aajaer/microros_ws/install/nav_msgs/include/nav_msgs/nav_msgs/srv/detail/get_map__struct.h
[5.684s] -- Up-to-date symlink: /home/aajaer/microros_ws/install/nav_msgs/include/nav_msgs/nav_msgs/srv/detail/get_map__type_support.h
[5.685s] -- Up-to-date symlink: /home/aajaer/microros_ws/install/nav_msgs/include/nav_msgs/nav_msgs/srv/detail/get_plan__functions.h
[5.685s] -- Up-to-date symlink: /home/aajaer/microros_ws/install/nav_msgs/include/nav_msgs/nav_msgs/srv/detail/get_plan__struct.h
[5.686s] -- Up-to-date symlink: /home/aajaer/microros_ws/install/nav_msgs/include/nav_msgs/nav_msgs/srv/detail/get_plan__type_support.h
[5.686s] -- Up-to-date symlink: /home/aajaer/microros_ws/install/nav_msgs/include/nav_msgs/nav_msgs/srv/detail/load_map__functions.h
[5.687s] -- Up-to-date symlink: /home/aajaer/microros_ws/install/nav_msgs/include/nav_msgs/nav_msgs/srv/detail/load_map__struct.h
[5.687s] -- Up-to-date symlink: /home/aajaer/microros_ws/install/nav_msgs/include/nav_msgs/nav_msgs/srv/detail/load_map__type_support.h
[5.688s] -- Up-to-date symlink: /home/aajaer/microros_ws/install/nav_msgs/include/nav_msgs/nav_msgs/srv/detail/set_map__functions.h
[5.691s] -- Up-to-date symlink: /home/aajaer/microros_ws/install/nav_msgs/include/nav_msgs/nav_msgs/srv/detail/set_map__struct.h
[5.691s] -- Up-to-date symlink: /home/aajaer/microros_ws/install/nav_msgs/include/nav_msgs/nav_msgs/srv/detail/set_map__type_support.h
[5.691s] -- Up-to-date symlink: /home/aajaer/microros_ws/install/nav_msgs/include/nav_msgs/nav_msgs/srv/get_map.h
[5.691s] -- Up-to-date symlink: /home/aajaer/microros_ws/install/nav_msgs/include/nav_msgs/nav_msgs/srv/get_plan.h
[5.692s] -- Up-to-date symlink: /home/aajaer/microros_ws/install/nav_msgs/include/nav_msgs/nav_msgs/srv/load_map.h
[5.692s] -- Up-to-date symlink: /home/aajaer/microros_ws/install/nav_msgs/include/nav_msgs/nav_msgs/srv/set_map.h
[5.692s] -- Up-to-date symlink: /home/aajaer/microros_ws/install/nav_msgs/share/nav_msgs/environment/library_path.sh
[5.693s] -- Up-to-date symlink: /home/aajaer/microros_ws/install/nav_msgs/share/nav_msgs/environment/library_path.dsv
[5.704s] -- Up-to-date symlink: /home/aajaer/microros_ws/install/nav_msgs/include/nav_msgs/nav_msgs/msg/detail/grid_cells__rosidl_typesupport_fastrtps_c.h
[5.704s] -- Up-to-date symlink: /home/aajaer/microros_ws/install/nav_msgs/include/nav_msgs/nav_msgs/msg/detail/map_meta_data__rosidl_typesupport_fastrtps_c.h
[5.704s] -- Up-to-date symlink: /home/aajaer/microros_ws/install/nav_msgs/include/nav_msgs/nav_msgs/msg/detail/occupancy_grid__rosidl_typesupport_fastrtps_c.h
[5.705s] -- Up-to-date symlink: /home/aajaer/microros_ws/install/nav_msgs/include/nav_msgs/nav_msgs/msg/detail/odometry__rosidl_typesupport_fastrtps_c.h
[5.705s] -- Up-to-date symlink: /home/aajaer/microros_ws/install/nav_msgs/include/nav_msgs/nav_msgs/msg/detail/path__rosidl_typesupport_fastrtps_c.h
[5.705s] -- Up-to-date symlink: /home/aajaer/microros_ws/install/nav_msgs/include/nav_msgs/nav_msgs/msg/rosidl_typesupport_fastrtps_c__visibility_control.h
[5.706s] -- Up-to-date symlink: /home/aajaer/microros_ws/install/nav_msgs/include/nav_msgs/nav_msgs/srv/detail/get_map__rosidl_typesupport_fastrtps_c.h
[5.707s] -- Up-to-date symlink: /home/aajaer/microros_ws/install/nav_msgs/include/nav_msgs/nav_msgs/srv/detail/get_plan__rosidl_typesupport_fastrtps_c.h
[5.707s] -- Up-to-date symlink: /home/aajaer/microros_ws/install/nav_msgs/include/nav_msgs/nav_msgs/srv/detail/load_map__rosidl_typesupport_fastrtps_c.h
[5.707s] -- Up-to-date symlink: /home/aajaer/microros_ws/install/nav_msgs/include/nav_msgs/nav_msgs/srv/detail/set_map__rosidl_typesupport_fastrtps_c.h
[5.709s] -- Up-to-date symlink: /home/aajaer/microros_ws/install/nav_msgs/include/nav_msgs/nav_msgs/msg/detail/grid_cells__builder.hpp
[5.709s] -- Up-to-date symlink: /home/aajaer/microros_ws/install/nav_msgs/include/nav_msgs/nav_msgs/msg/detail/grid_cells__struct.hpp
[5.709s] -- Up-to-date symlink: /home/aajaer/microros_ws/install/nav_msgs/include/nav_msgs/nav_msgs/msg/detail/grid_cells__traits.hpp
[5.710s] -- Up-to-date symlink: /home/aajaer/microros_ws/install/nav_msgs/include/nav_msgs/nav_msgs/msg/detail/grid_cells__type_support.hpp
[5.710s] -- Up-to-date symlink: /home/aajaer/microros_ws/install/nav_msgs/include/nav_msgs/nav_msgs/msg/detail/map_meta_data__builder.hpp
[5.711s] -- Up-to-date symlink: /home/aajaer/microros_ws/install/nav_msgs/include/nav_msgs/nav_msgs/msg/detail/map_meta_data__struct.hpp
[5.712s] -- Up-to-date symlink: /home/aajaer/microros_ws/install/nav_msgs/include/nav_msgs/nav_msgs/msg/detail/map_meta_data__traits.hpp
[5.713s] -- Up-to-date symlink: /home/aajaer/microros_ws/install/nav_msgs/include/nav_msgs/nav_msgs/msg/detail/map_meta_data__type_support.hpp
[5.714s] -- Up-to-date symlink: /home/aajaer/microros_ws/install/nav_msgs/include/nav_msgs/nav_msgs/msg/detail/occupancy_grid__builder.hpp
[5.719s] -- Up-to-date symlink: /home/aajaer/microros_ws/install/nav_msgs/include/nav_msgs/nav_msgs/msg/detail/occupancy_grid__struct.hpp
[5.720s] -- Up-to-date symlink: /home/aajaer/microros_ws/install/nav_msgs/include/nav_msgs/nav_msgs/msg/detail/occupancy_grid__traits.hpp
[5.720s] -- Up-to-date symlink: /home/aajaer/microros_ws/install/nav_msgs/include/nav_msgs/nav_msgs/msg/detail/occupancy_grid__type_support.hpp
[5.721s] -- Up-to-date symlink: /home/aajaer/microros_ws/install/nav_msgs/include/nav_msgs/nav_msgs/msg/detail/odometry__builder.hpp
[5.723s] -- Up-to-date symlink: /home/aajaer/microros_ws/install/nav_msgs/include/nav_msgs/nav_msgs/msg/detail/odometry__struct.hpp
[5.723s] -- Up-to-date symlink: /home/aajaer/microros_ws/install/nav_msgs/include/nav_msgs/nav_msgs/msg/detail/odometry__traits.hpp
[5.723s] -- Up-to-date symlink: /home/aajaer/microros_ws/install/nav_msgs/include/nav_msgs/nav_msgs/msg/detail/odometry__type_support.hpp
[5.723s] -- Up-to-date symlink: /home/aajaer/microros_ws/install/nav_msgs/include/nav_msgs/nav_msgs/msg/detail/path__builder.hpp
[5.723s] -- Up-to-date symlink: /home/aajaer/microros_ws/install/nav_msgs/include/nav_msgs/nav_msgs/msg/detail/path__struct.hpp
[5.724s] -- Up-to-date symlink: /home/aajaer/microros_ws/install/nav_msgs/include/nav_msgs/nav_msgs/msg/detail/path__traits.hpp
[5.725s] -- Up-to-date symlink: /home/aajaer/microros_ws/install/nav_msgs/include/nav_msgs/nav_msgs/msg/detail/path__type_support.hpp
[5.726s] -- Up-to-date symlink: /home/aajaer/microros_ws/install/nav_msgs/include/nav_msgs/nav_msgs/msg/grid_cells.hpp
[5.726s] -- Up-to-date symlink: /home/aajaer/microros_ws/install/nav_msgs/include/nav_msgs/nav_msgs/msg/map_meta_data.hpp
[5.726s] -- Up-to-date symlink: /home/aajaer/microros_ws/install/nav_msgs/include/nav_msgs/nav_msgs/msg/occupancy_grid.hpp
[5.726s] -- Up-to-date symlink: /home/aajaer/microros_ws/install/nav_msgs/include/nav_msgs/nav_msgs/msg/odometry.hpp
[5.727s] -- Up-to-date symlink: /home/aajaer/microros_ws/install/nav_msgs/include/nav_msgs/nav_msgs/msg/path.hpp
[5.737s] -- Up-to-date symlink: /home/aajaer/microros_ws/install/nav_msgs/include/nav_msgs/nav_msgs/msg/rosidl_generator_cpp__visibility_control.hpp
[5.739s] -- Up-to-date symlink: /home/aajaer/microros_ws/install/nav_msgs/include/nav_msgs/nav_msgs/srv/detail/get_map__builder.hpp
[5.739s] -- Up-to-date symlink: /home/aajaer/microros_ws/install/nav_msgs/include/nav_msgs/nav_msgs/srv/detail/get_map__struct.hpp
[5.740s] -- Up-to-date symlink: /home/aajaer/microros_ws/install/nav_msgs/include/nav_msgs/nav_msgs/srv/detail/get_map__traits.hpp
[5.740s] -- Up-to-date symlink: /home/aajaer/microros_ws/install/nav_msgs/include/nav_msgs/nav_msgs/srv/detail/get_map__type_support.hpp
[5.740s] -- Up-to-date symlink: /home/aajaer/microros_ws/install/nav_msgs/include/nav_msgs/nav_msgs/srv/detail/get_plan__builder.hpp
[5.740s] -- Up-to-date symlink: /home/aajaer/microros_ws/install/nav_msgs/include/nav_msgs/nav_msgs/srv/detail/get_plan__struct.hpp
[5.741s] -- Up-to-date symlink: /home/aajaer/microros_ws/install/nav_msgs/include/nav_msgs/nav_msgs/srv/detail/get_plan__traits.hpp
[5.741s] -- Up-to-date symlink: /home/aajaer/microros_ws/install/nav_msgs/include/nav_msgs/nav_msgs/srv/detail/get_plan__type_support.hpp
[5.742s] -- Up-to-date symlink: /home/aajaer/microros_ws/install/nav_msgs/include/nav_msgs/nav_msgs/srv/detail/load_map__builder.hpp
[5.742s] -- Up-to-date symlink: /home/aajaer/microros_ws/install/nav_msgs/include/nav_msgs/nav_msgs/srv/detail/load_map__struct.hpp
[5.742s] -- Up-to-date symlink: /home/aajaer/microros_ws/install/nav_msgs/include/nav_msgs/nav_msgs/srv/detail/load_map__traits.hpp
[5.743s] -- Up-to-date symlink: /home/aajaer/microros_ws/install/nav_msgs/include/nav_msgs/nav_msgs/srv/detail/load_map__type_support.hpp
[5.743s] -- Up-to-date symlink: /home/aajaer/microros_ws/install/nav_msgs/include/nav_msgs/nav_msgs/srv/detail/set_map__builder.hpp
[5.743s] -- Up-to-date symlink: /home/aajaer/microros_ws/install/nav_msgs/include/nav_msgs/nav_msgs/srv/detail/set_map__struct.hpp
[5.746s] -- Up-to-date symlink: /home/aajaer/microros_ws/install/nav_msgs/include/nav_msgs/nav_msgs/srv/detail/set_map__traits.hpp
[5.747s] -- Up-to-date symlink: /home/aajaer/microros_ws/install/nav_msgs/include/nav_msgs/nav_msgs/srv/detail/set_map__type_support.hpp
[5.748s] -- Up-to-date symlink: /home/aajaer/microros_ws/install/nav_msgs/include/nav_msgs/nav_msgs/srv/get_map.hpp
[5.748s] -- Up-to-date symlink: /home/aajaer/microros_ws/install/nav_msgs/include/nav_msgs/nav_msgs/srv/get_plan.hpp
[5.748s] -- Up-to-date symlink: /home/aajaer/microros_ws/install/nav_msgs/include/nav_msgs/nav_msgs/srv/load_map.hpp
[5.749s] -- Up-to-date symlink: /home/aajaer/microros_ws/install/nav_msgs/include/nav_msgs/nav_msgs/srv/set_map.hpp
[5.756s] -- Up-to-date symlink: /home/aajaer/microros_ws/install/nav_msgs/include/nav_msgs/nav_msgs/msg/detail/grid_cells__rosidl_typesupport_fastrtps_cpp.hpp
[5.756s] -- Up-to-date symlink: /home/aajaer/microros_ws/install/nav_msgs/include/nav_msgs/nav_msgs/msg/detail/map_meta_data__rosidl_typesupport_fastrtps_cpp.hpp
[5.758s] -- Up-to-date symlink: /home/aajaer/microros_ws/install/nav_msgs/include/nav_msgs/nav_msgs/msg/detail/occupancy_grid__rosidl_typesupport_fastrtps_cpp.hpp
[5.759s] -- Up-to-date symlink: /home/aajaer/microros_ws/install/nav_msgs/include/nav_msgs/nav_msgs/msg/detail/odometry__rosidl_typesupport_fastrtps_cpp.hpp
[5.760s] -- Up-to-date symlink: /home/aajaer/microros_ws/install/nav_msgs/include/nav_msgs/nav_msgs/msg/detail/path__rosidl_typesupport_fastrtps_cpp.hpp
[5.762s] -- Up-to-date symlink: /home/aajaer/microros_ws/install/nav_msgs/include/nav_msgs/nav_msgs/msg/rosidl_typesupport_fastrtps_cpp__visibility_control.h
[5.763s] -- Up-to-date symlink: /home/aajaer/microros_ws/install/nav_msgs/include/nav_msgs/nav_msgs/srv/detail/get_map__rosidl_typesupport_fastrtps_cpp.hpp
[5.767s] -- Up-to-date symlink: /home/aajaer/microros_ws/install/nav_msgs/include/nav_msgs/nav_msgs/srv/detail/get_plan__rosidl_typesupport_fastrtps_cpp.hpp
[5.769s] -- Up-to-date symlink: /home/aajaer/microros_ws/install/nav_msgs/include/nav_msgs/nav_msgs/srv/detail/load_map__rosidl_typesupport_fastrtps_cpp.hpp
[5.769s] -- Up-to-date symlink: /home/aajaer/microros_ws/install/nav_msgs/include/nav_msgs/nav_msgs/srv/detail/set_map__rosidl_typesupport_fastrtps_cpp.hpp
[5.771s] -- Up-to-date symlink: /home/aajaer/microros_ws/install/nav_msgs/include/nav_msgs/msg/detail/grid_cells__rosidl_typesupport_microxrcedds_c.h
[5.772s] -- Up-to-date symlink: /home/aajaer/microros_ws/install/nav_msgs/include/nav_msgs/msg/detail/map_meta_data__rosidl_typesupport_microxrcedds_c.h
[5.772s] -- Up-to-date symlink: /home/aajaer/microros_ws/install/nav_msgs/include/nav_msgs/msg/detail/occupancy_grid__rosidl_typesupport_microxrcedds_c.h
[5.776s] -- Up-to-date symlink: /home/aajaer/microros_ws/install/nav_msgs/include/nav_msgs/msg/detail/odometry__rosidl_typesupport_microxrcedds_c.h
[5.777s] -- Up-to-date symlink: /home/aajaer/microros_ws/install/nav_msgs/include/nav_msgs/msg/detail/path__rosidl_typesupport_microxrcedds_c.h
[5.779s] -- Up-to-date symlink: /home/aajaer/microros_ws/install/nav_msgs/include/nav_msgs/msg/rosidl_typesupport_microxrcedds_c__visibility_control.h
[5.781s] -- Up-to-date symlink: /home/aajaer/microros_ws/install/nav_msgs/include/nav_msgs/srv/detail/get_map__rosidl_typesupport_microxrcedds_c.h
[5.800s] -- Up-to-date symlink: /home/aajaer/microros_ws/install/nav_msgs/include/nav_msgs/srv/detail/get_plan__rosidl_typesupport_microxrcedds_c.h
[5.802s] -- Up-to-date symlink: /home/aajaer/microros_ws/install/nav_msgs/include/nav_msgs/srv/detail/load_map__rosidl_typesupport_microxrcedds_c.h
[5.803s] -- Up-to-date symlink: /home/aajaer/microros_ws/install/nav_msgs/include/nav_msgs/srv/detail/set_map__rosidl_typesupport_microxrcedds_c.h
[5.804s] -- Up-to-date symlink: /home/aajaer/microros_ws/install/nav_msgs/lib/libnav_msgs__rosidl_typesupport_microxrcedds_c.a
[5.805s] -- Up-to-date symlink: /home/aajaer/microros_ws/install/nav_msgs/include/nav_msgs/nav_msgs/msg/detail/grid_cells__rosidl_typesupport_introspection_c.h
[5.805s] -- Up-to-date symlink: /home/aajaer/microros_ws/install/nav_msgs/include/nav_msgs/nav_msgs/msg/detail/map_meta_data__rosidl_typesupport_introspection_c.h
[5.805s] -- Up-to-date symlink: /home/aajaer/microros_ws/install/nav_msgs/include/nav_msgs/nav_msgs/msg/detail/occupancy_grid__rosidl_typesupport_introspection_c.h
[5.805s] -- Up-to-date symlink: /home/aajaer/microros_ws/install/nav_msgs/include/nav_msgs/nav_msgs/msg/detail/odometry__rosidl_typesupport_introspection_c.h
[5.805s] -- Up-to-date symlink: /home/aajaer/microros_ws/install/nav_msgs/include/nav_msgs/nav_msgs/msg/detail/path__rosidl_typesupport_introspection_c.h
[5.805s] -- Up-to-date symlink: /home/aajaer/microros_ws/install/nav_msgs/include/nav_msgs/nav_msgs/msg/rosidl_typesupport_introspection_c__visibility_control.h
[5.805s] -- Up-to-date symlink: /home/aajaer/microros_ws/install/nav_msgs/include/nav_msgs/nav_msgs/srv/detail/get_map__rosidl_typesupport_introspection_c.h
[5.806s] -- Up-to-date symlink: /home/aajaer/microros_ws/install/nav_msgs/include/nav_msgs/nav_msgs/srv/detail/get_plan__rosidl_typesupport_introspection_c.h
[5.806s] -- Up-to-date symlink: /home/aajaer/microros_ws/install/nav_msgs/include/nav_msgs/nav_msgs/srv/detail/load_map__rosidl_typesupport_introspection_c.h
[5.806s] -- Up-to-date symlink: /home/aajaer/microros_ws/install/nav_msgs/include/nav_msgs/nav_msgs/srv/detail/set_map__rosidl_typesupport_introspection_c.h
[5.806s] -- Up-to-date symlink: /home/aajaer/microros_ws/install/nav_msgs/include/nav_msgs/msg/detail/grid_cells__rosidl_typesupport_microxrcedds_cpp.hpp
[5.806s] -- Up-to-date symlink: /home/aajaer/microros_ws/install/nav_msgs/include/nav_msgs/msg/detail/map_meta_data__rosidl_typesupport_microxrcedds_cpp.hpp
[5.807s] -- Up-to-date symlink: /home/aajaer/microros_ws/install/nav_msgs/include/nav_msgs/msg/detail/microxrcedds/grid_cells__type_support_cpp.cpp
[5.807s] -- Up-to-date symlink: /home/aajaer/microros_ws/install/nav_msgs/include/nav_msgs/msg/detail/microxrcedds/map_meta_data__type_support_cpp.cpp
[5.807s] -- Up-to-date symlink: /home/aajaer/microros_ws/install/nav_msgs/include/nav_msgs/msg/detail/microxrcedds/occupancy_grid__type_support_cpp.cpp
[5.807s] -- Up-to-date symlink: /home/aajaer/microros_ws/install/nav_msgs/include/nav_msgs/msg/detail/microxrcedds/odometry__type_support_cpp.cpp
[5.807s] -- Up-to-date symlink: /home/aajaer/microros_ws/install/nav_msgs/include/nav_msgs/msg/detail/microxrcedds/path__type_support_cpp.cpp
[5.808s] -- Up-to-date symlink: /home/aajaer/microros_ws/install/nav_msgs/include/nav_msgs/msg/detail/occupancy_grid__rosidl_typesupport_microxrcedds_cpp.hpp
[5.808s] -- Up-to-date symlink: /home/aajaer/microros_ws/install/nav_msgs/include/nav_msgs/msg/detail/odometry__rosidl_typesupport_microxrcedds_cpp.hpp
[5.808s] -- Up-to-date symlink: /home/aajaer/microros_ws/install/nav_msgs/include/nav_msgs/msg/detail/path__rosidl_typesupport_microxrcedds_cpp.hpp
[5.808s] -- Up-to-date symlink: /home/aajaer/microros_ws/install/nav_msgs/include/nav_msgs/msg/rosidl_typesupport_microxrcedds_cpp__visibility_control.h
[5.808s] -- Up-to-date symlink: /home/aajaer/microros_ws/install/nav_msgs/include/nav_msgs/srv/detail/get_map__rosidl_typesupport_microxrcedds_cpp.hpp
[5.808s] -- Up-to-date symlink: /home/aajaer/microros_ws/install/nav_msgs/include/nav_msgs/srv/detail/get_plan__rosidl_typesupport_microxrcedds_cpp.hpp
[5.808s] -- Up-to-date symlink: /home/aajaer/microros_ws/install/nav_msgs/include/nav_msgs/srv/detail/load_map__rosidl_typesupport_microxrcedds_cpp.hpp
[5.809s] -- Up-to-date symlink: /home/aajaer/microros_ws/install/nav_msgs/include/nav_msgs/srv/detail/microxrcedds/get_map__type_support_cpp.cpp
[5.809s] -- Up-to-date symlink: /home/aajaer/microros_ws/install/nav_msgs/include/nav_msgs/srv/detail/microxrcedds/get_plan__type_support_cpp.cpp
[5.809s] -- Up-to-date symlink: /home/aajaer/microros_ws/install/nav_msgs/include/nav_msgs/srv/detail/microxrcedds/load_map__type_support_cpp.cpp
[5.809s] -- Up-to-date symlink: /home/aajaer/microros_ws/install/nav_msgs/include/nav_msgs/srv/detail/microxrcedds/set_map__type_support_cpp.cpp
[5.809s] -- Up-to-date symlink: /home/aajaer/microros_ws/install/nav_msgs/include/nav_msgs/srv/detail/set_map__rosidl_typesupport_microxrcedds_cpp.hpp
[5.810s] -- Up-to-date symlink: /home/aajaer/microros_ws/install/nav_msgs/lib/libnav_msgs__rosidl_typesupport_microxrcedds_cpp.a
[5.810s] -- Up-to-date symlink: /home/aajaer/microros_ws/install/nav_msgs/include/nav_msgs/nav_msgs/msg/detail/grid_cells__rosidl_typesupport_introspection_cpp.hpp
[5.813s] -- Up-to-date symlink: /home/aajaer/microros_ws/install/nav_msgs/include/nav_msgs/nav_msgs/msg/detail/map_meta_data__rosidl_typesupport_introspection_cpp.hpp
[5.814s] -- Up-to-date symlink: /home/aajaer/microros_ws/install/nav_msgs/include/nav_msgs/nav_msgs/msg/detail/occupancy_grid__rosidl_typesupport_introspection_cpp.hpp
[5.814s] -- Up-to-date symlink: /home/aajaer/microros_ws/install/nav_msgs/include/nav_msgs/nav_msgs/msg/detail/odometry__rosidl_typesupport_introspection_cpp.hpp
[5.815s] -- Up-to-date symlink: /home/aajaer/microros_ws/install/nav_msgs/include/nav_msgs/nav_msgs/msg/detail/path__rosidl_typesupport_introspection_cpp.hpp
[5.815s] -- Up-to-date symlink: /home/aajaer/microros_ws/install/nav_msgs/include/nav_msgs/nav_msgs/srv/detail/get_map__rosidl_typesupport_introspection_cpp.hpp
[5.815s] -- Up-to-date symlink: /home/aajaer/microros_ws/install/nav_msgs/include/nav_msgs/nav_msgs/srv/detail/get_plan__rosidl_typesupport_introspection_cpp.hpp
[5.815s] -- Up-to-date symlink: /home/aajaer/microros_ws/install/nav_msgs/include/nav_msgs/nav_msgs/srv/detail/load_map__rosidl_typesupport_introspection_cpp.hpp
[5.815s] -- Up-to-date symlink: /home/aajaer/microros_ws/install/nav_msgs/include/nav_msgs/nav_msgs/srv/detail/set_map__rosidl_typesupport_introspection_cpp.hpp
[5.815s] -- Up-to-date symlink: /home/aajaer/microros_ws/install/nav_msgs/share/nav_msgs/environment/pythonpath.sh
[5.816s] -- Up-to-date symlink: /home/aajaer/microros_ws/install/nav_msgs/share/nav_msgs/environment/pythonpath.dsv
[5.816s] -- Up-to-date symlink: /home/aajaer/microros_ws/install/nav_msgs/local/lib/python3.10/dist-packages/nav_msgs-4.2.4-py3.10.egg-info/PKG-INFO
[5.817s] -- Up-to-date symlink: /home/aajaer/microros_ws/install/nav_msgs/local/lib/python3.10/dist-packages/nav_msgs-4.2.4-py3.10.egg-info/SOURCES.txt
[5.819s] -- Up-to-date symlink: /home/aajaer/microros_ws/install/nav_msgs/local/lib/python3.10/dist-packages/nav_msgs-4.2.4-py3.10.egg-info/dependency_links.txt
[5.819s] -- Up-to-date symlink: /home/aajaer/microros_ws/install/nav_msgs/local/lib/python3.10/dist-packages/nav_msgs-4.2.4-py3.10.egg-info/top_level.txt
[5.820s] -- Up-to-date symlink: /home/aajaer/microros_ws/install/nav_msgs/local/lib/python3.10/dist-packages/nav_msgs/__init__.py
[5.820s] -- Up-to-date symlink: /home/aajaer/microros_ws/install/nav_msgs/local/lib/python3.10/dist-packages/nav_msgs/_nav_msgs_s.ep.rosidl_typesupport_c.c
[5.821s] -- Up-to-date symlink: /home/aajaer/microros_ws/install/nav_msgs/local/lib/python3.10/dist-packages/nav_msgs/_nav_msgs_s.ep.rosidl_typesupport_fastrtps_c.c
[5.821s] -- Up-to-date symlink: /home/aajaer/microros_ws/install/nav_msgs/local/lib/python3.10/dist-packages/nav_msgs/_nav_msgs_s.ep.rosidl_typesupport_introspection_c.c
[5.822s] -- Up-to-date symlink: /home/aajaer/microros_ws/install/nav_msgs/local/lib/python3.10/dist-packages/nav_msgs/_nav_msgs_s.ep.rosidl_typesupport_microxrcedds_c.c
[5.822s] -- Up-to-date symlink: /home/aajaer/microros_ws/install/nav_msgs/local/lib/python3.10/dist-packages/nav_msgs/libnav_msgs__rosidl_generator_py.so
[5.822s] -- Up-to-date symlink: /home/aajaer/microros_ws/install/nav_msgs/local/lib/python3.10/dist-packages/nav_msgs/msg/__init__.py
[5.823s] -- Up-to-date symlink: /home/aajaer/microros_ws/install/nav_msgs/local/lib/python3.10/dist-packages/nav_msgs/msg/_grid_cells.py
[5.823s] -- Up-to-date symlink: /home/aajaer/microros_ws/install/nav_msgs/local/lib/python3.10/dist-packages/nav_msgs/msg/_grid_cells_s.c
[5.823s] -- Up-to-date symlink: /home/aajaer/microros_ws/install/nav_msgs/local/lib/python3.10/dist-packages/nav_msgs/msg/_map_meta_data.py
[5.823s] -- Up-to-date symlink: /home/aajaer/microros_ws/install/nav_msgs/local/lib/python3.10/dist-packages/nav_msgs/msg/_map_meta_data_s.c
[5.824s] -- Up-to-date symlink: /home/aajaer/microros_ws/install/nav_msgs/local/lib/python3.10/dist-packages/nav_msgs/msg/_occupancy_grid.py
[5.824s] -- Up-to-date symlink: /home/aajaer/microros_ws/install/nav_msgs/local/lib/python3.10/dist-packages/nav_msgs/msg/_occupancy_grid_s.c
[5.825s] -- Up-to-date symlink: /home/aajaer/microros_ws/install/nav_msgs/local/lib/python3.10/dist-packages/nav_msgs/msg/_odometry.py
[5.827s] -- Up-to-date symlink: /home/aajaer/microros_ws/install/nav_msgs/local/lib/python3.10/dist-packages/nav_msgs/msg/_odometry_s.c
[5.827s] -- Up-to-date symlink: /home/aajaer/microros_ws/install/nav_msgs/local/lib/python3.10/dist-packages/nav_msgs/msg/_path.py
[5.828s] -- Up-to-date symlink: /home/aajaer/microros_ws/install/nav_msgs/local/lib/python3.10/dist-packages/nav_msgs/msg/_path_s.c
[5.828s] -- Up-to-date symlink: /home/aajaer/microros_ws/install/nav_msgs/local/lib/python3.10/dist-packages/nav_msgs/nav_msgs_s__rosidl_typesupport_c.cpython-310-aarch64-linux-gnu.so
[5.828s] -- Up-to-date symlink: /home/aajaer/microros_ws/install/nav_msgs/local/lib/python3.10/dist-packages/nav_msgs/nav_msgs_s__rosidl_typesupport_fastrtps_c.cpython-310-aarch64-linux-gnu.so
[5.831s] -- Up-to-date symlink: /home/aajaer/microros_ws/install/nav_msgs/local/lib/python3.10/dist-packages/nav_msgs/nav_msgs_s__rosidl_typesupport_introspection_c.cpython-310-aarch64-linux-gnu.so
[5.831s] -- Up-to-date symlink: /home/aajaer/microros_ws/install/nav_msgs/local/lib/python3.10/dist-packages/nav_msgs/nav_msgs_s__rosidl_typesupport_microxrcedds_c.cpython-310-aarch64-linux-gnu.so
[5.832s] -- Up-to-date symlink: /home/aajaer/microros_ws/install/nav_msgs/local/lib/python3.10/dist-packages/nav_msgs/srv/__init__.py
[5.833s] -- Up-to-date symlink: /home/aajaer/microros_ws/install/nav_msgs/local/lib/python3.10/dist-packages/nav_msgs/srv/_get_map.py
[5.834s] -- Up-to-date symlink: /home/aajaer/microros_ws/install/nav_msgs/local/lib/python3.10/dist-packages/nav_msgs/srv/_get_map_s.c
[5.835s] -- Up-to-date symlink: /home/aajaer/microros_ws/install/nav_msgs/local/lib/python3.10/dist-packages/nav_msgs/srv/_get_plan.py
[5.836s] -- Up-to-date symlink: /home/aajaer/microros_ws/install/nav_msgs/local/lib/python3.10/dist-packages/nav_msgs/srv/_get_plan_s.c
[5.839s] -- Up-to-date symlink: /home/aajaer/microros_ws/install/nav_msgs/local/lib/python3.10/dist-packages/nav_msgs/srv/_load_map.py
[5.839s] -- Up-to-date symlink: /home/aajaer/microros_ws/install/nav_msgs/local/lib/python3.10/dist-packages/nav_msgs/srv/_load_map_s.c
[5.839s] -- Up-to-date symlink: /home/aajaer/microros_ws/install/nav_msgs/local/lib/python3.10/dist-packages/nav_msgs/srv/_set_map.py
[5.839s] -- Up-to-date symlink: /home/aajaer/microros_ws/install/nav_msgs/local/lib/python3.10/dist-packages/nav_msgs/srv/_set_map_s.c
[5.840s] -- Up-to-date symlink: /home/aajaer/microros_ws/install/nav_msgs/local/lib/python3.10/dist-packages/nav_msgs/nav_msgs_s__rosidl_typesupport_microxrcedds_c.cpython-310-aarch64-linux-gnu.so
[5.841s] -- Up-to-date symlink: /home/aajaer/microros_ws/install/nav_msgs/local/lib/python3.10/dist-packages/nav_msgs/nav_msgs_s__rosidl_typesupport_fastrtps_c.cpython-310-aarch64-linux-gnu.so
[5.841s] -- Up-to-date symlink: /home/aajaer/microros_ws/install/nav_msgs/local/lib/python3.10/dist-packages/nav_msgs/nav_msgs_s__rosidl_typesupport_introspection_c.cpython-310-aarch64-linux-gnu.so
[5.847s] -- Up-to-date symlink: /home/aajaer/microros_ws/install/nav_msgs/local/lib/python3.10/dist-packages/nav_msgs/nav_msgs_s__rosidl_typesupport_c.cpython-310-aarch64-linux-gnu.so
[5.847s] -- Up-to-date symlink: /home/aajaer/microros_ws/install/nav_msgs/share/nav_msgs/msg/GridCells.idl
[5.848s] -- Up-to-date symlink: /home/aajaer/microros_ws/install/nav_msgs/share/nav_msgs/msg/MapMetaData.idl
[5.849s] -- Up-to-date symlink: /home/aajaer/microros_ws/install/nav_msgs/share/nav_msgs/msg/OccupancyGrid.idl
[5.851s] -- Up-to-date symlink: /home/aajaer/microros_ws/install/nav_msgs/share/nav_msgs/msg/Odometry.idl
[5.859s] -- Up-to-date symlink: /home/aajaer/microros_ws/install/nav_msgs/share/nav_msgs/msg/Path.idl
[5.860s] -- Up-to-date symlink: /home/aajaer/microros_ws/install/nav_msgs/share/nav_msgs/srv/GetMap.idl
[5.860s] -- Up-to-date symlink: /home/aajaer/microros_ws/install/nav_msgs/share/nav_msgs/srv/GetPlan.idl
[5.861s] -- Up-to-date symlink: /home/aajaer/microros_ws/install/nav_msgs/share/nav_msgs/srv/LoadMap.idl
[5.862s] -- Up-to-date symlink: /home/aajaer/microros_ws/install/nav_msgs/share/nav_msgs/srv/SetMap.idl
[5.862s] -- Up-to-date symlink: /home/aajaer/microros_ws/install/nav_msgs/share/nav_msgs/msg/GridCells.msg
[5.863s] -- Up-to-date symlink: /home/aajaer/microros_ws/install/nav_msgs/share/nav_msgs/msg/MapMetaData.msg
[5.864s] -- Up-to-date symlink: /home/aajaer/microros_ws/install/nav_msgs/share/nav_msgs/msg/OccupancyGrid.msg
[5.864s] -- Up-to-date symlink: /home/aajaer/microros_ws/install/nav_msgs/share/nav_msgs/msg/Odometry.msg
[5.864s] -- Up-to-date symlink: /home/aajaer/microros_ws/install/nav_msgs/share/nav_msgs/msg/Path.msg
[5.865s] -- Up-to-date symlink: /home/aajaer/microros_ws/install/nav_msgs/share/nav_msgs/srv/GetMap.srv
[5.865s] -- Up-to-date symlink: /home/aajaer/microros_ws/install/nav_msgs/share/nav_msgs/srv/GetMap_Request.msg
[5.866s] -- Up-to-date symlink: /home/aajaer/microros_ws/install/nav_msgs/share/nav_msgs/srv/GetMap_Response.msg
[5.868s] -- Up-to-date symlink: /home/aajaer/microros_ws/install/nav_msgs/share/nav_msgs/srv/GetPlan.srv
[5.869s] -- Up-to-date symlink: /home/aajaer/microros_ws/install/nav_msgs/share/nav_msgs/srv/GetPlan_Request.msg
[5.869s] -- Up-to-date symlink: /home/aajaer/microros_ws/install/nav_msgs/share/nav_msgs/srv/GetPlan_Response.msg
[5.869s] -- Up-to-date symlink: /home/aajaer/microros_ws/install/nav_msgs/share/nav_msgs/srv/LoadMap.srv
[5.869s] -- Up-to-date symlink: /home/aajaer/microros_ws/install/nav_msgs/share/nav_msgs/srv/LoadMap_Request.msg
[5.869s] -- Up-to-date symlink: /home/aajaer/microros_ws/install/nav_msgs/share/nav_msgs/srv/LoadMap_Response.msg
[5.870s] -- Up-to-date symlink: /home/aajaer/microros_ws/install/nav_msgs/share/nav_msgs/srv/SetMap.srv
[5.870s] -- Up-to-date symlink: /home/aajaer/microros_ws/install/nav_msgs/share/nav_msgs/srv/SetMap_Request.msg
[5.870s] -- Up-to-date symlink: /home/aajaer/microros_ws/install/nav_msgs/share/nav_msgs/srv/SetMap_Response.msg
[5.871s] -- Up-to-date symlink: /home/aajaer/microros_ws/install/nav_msgs/share/ament_index/resource_index/package_run_dependencies/nav_msgs
[5.871s] -- Up-to-date symlink: /home/aajaer/microros_ws/install/nav_msgs/share/ament_index/resource_index/parent_prefix_path/nav_msgs
[5.872s] -- Up-to-date symlink: /home/aajaer/microros_ws/install/nav_msgs/share/nav_msgs/environment/ament_prefix_path.sh
[5.873s] -- Up-to-date symlink: /home/aajaer/microros_ws/install/nav_msgs/share/nav_msgs/environment/ament_prefix_path.dsv
[5.873s] -- Up-to-date symlink: /home/aajaer/microros_ws/install/nav_msgs/share/nav_msgs/environment/path.sh
[5.873s] -- Up-to-date symlink: /home/aajaer/microros_ws/install/nav_msgs/share/nav_msgs/environment/path.dsv
[5.873s] -- Up-to-date symlink: /home/aajaer/microros_ws/install/nav_msgs/share/nav_msgs/local_setup.bash
[5.874s] -- Up-to-date symlink: /home/aajaer/microros_ws/install/nav_msgs/share/nav_msgs/local_setup.sh
[5.874s] -- Up-to-date symlink: /home/aajaer/microros_ws/install/nav_msgs/share/nav_msgs/local_setup.zsh
[5.874s] -- Up-to-date symlink: /home/aajaer/microros_ws/install/nav_msgs/share/nav_msgs/local_setup.dsv
[5.879s] -- Symlinking: /home/aajaer/microros_ws/install/nav_msgs/share/nav_msgs/package.dsv
[5.922s] -- Up-to-date symlink: /home/aajaer/microros_ws/install/nav_msgs/share/ament_index/resource_index/packages/nav_msgs
[5.924s] -- Up-to-date symlink: /home/aajaer/microros_ws/install/nav_msgs/share/nav_msgs/cmake/rosidl_cmake-extras.cmake
[5.925s] -- Up-to-date symlink: /home/aajaer/microros_ws/install/nav_msgs/share/nav_msgs/cmake/ament_cmake_export_dependencies-extras.cmake
[5.925s] -- Up-to-date symlink: /home/aajaer/microros_ws/install/nav_msgs/share/nav_msgs/cmake/ament_cmake_export_include_directories-extras.cmake
[5.925s] -- Up-to-date symlink: /home/aajaer/microros_ws/install/nav_msgs/share/nav_msgs/cmake/ament_cmake_export_libraries-extras.cmake
[5.928s] -- Up-to-date symlink: /home/aajaer/microros_ws/install/nav_msgs/share/nav_msgs/cmake/ament_cmake_export_targets-extras.cmake
[5.928s] -- Up-to-date symlink: /home/aajaer/microros_ws/install/nav_msgs/share/nav_msgs/cmake/rosidl_cmake_export_typesupport_targets-extras.cmake
[5.928s] -- Up-to-date symlink: /home/aajaer/microros_ws/install/nav_msgs/share/nav_msgs/cmake/rosidl_cmake_export_typesupport_libraries-extras.cmake
[5.929s] -- Up-to-date symlink: /home/aajaer/microros_ws/install/nav_msgs/share/nav_msgs/cmake/nav_msgsConfig.cmake
[5.929s] -- Up-to-date symlink: /home/aajaer/microros_ws/install/nav_msgs/share/nav_msgs/cmake/nav_msgsConfig-version.cmake
[5.929s] -- Up-to-date symlink: /home/aajaer/microros_ws/install/nav_msgs/share/nav_msgs/package.xml
[5.931s] -- Up-to-date: /home/aajaer/microros_ws/install/nav_msgs/lib/libnav_msgs__rosidl_generator_c.so
[5.932s] -- Up-to-date: /home/aajaer/microros_ws/install/nav_msgs/lib/libnav_msgs__rosidl_typesupport_fastrtps_c.so
[5.933s] -- Up-to-date: /home/aajaer/microros_ws/install/nav_msgs/lib/libnav_msgs__rosidl_typesupport_fastrtps_cpp.so
[5.934s] -- Up-to-date: /home/aajaer/microros_ws/install/nav_msgs/lib/libnav_msgs__rosidl_typesupport_introspection_c.so
[5.935s] -- Up-to-date: /home/aajaer/microros_ws/install/nav_msgs/lib/libnav_msgs__rosidl_typesupport_c.so
[5.937s] -- Up-to-date: /home/aajaer/microros_ws/install/nav_msgs/lib/libnav_msgs__rosidl_typesupport_introspection_cpp.so
[5.937s] -- Up-to-date: /home/aajaer/microros_ws/install/nav_msgs/lib/libnav_msgs__rosidl_typesupport_cpp.so
[6.045s] Listing '/home/aajaer/microros_ws/install/nav_msgs/local/lib/python3.10/dist-packages/nav_msgs'...
[6.045s] Compiling '/home/aajaer/microros_ws/install/nav_msgs/local/lib/python3.10/dist-packages/nav_msgs/__init__.py'...
[6.045s] Listing '/home/aajaer/microros_ws/install/nav_msgs/local/lib/python3.10/dist-packages/nav_msgs/msg'...
[6.045s] Listing '/home/aajaer/microros_ws/install/nav_msgs/local/lib/python3.10/dist-packages/nav_msgs/srv'...
[6.060s] -- Up-to-date: /home/aajaer/microros_ws/install/nav_msgs/lib/libnav_msgs__rosidl_generator_py.so
[6.060s] -- Up-to-date: /home/aajaer/microros_ws/install/nav_msgs/share/nav_msgs/cmake/export_nav_msgs__rosidl_generator_cExport.cmake
[6.060s] -- Up-to-date: /home/aajaer/microros_ws/install/nav_msgs/share/nav_msgs/cmake/export_nav_msgs__rosidl_generator_cExport-noconfig.cmake
[6.061s] -- Up-to-date: /home/aajaer/microros_ws/install/nav_msgs/share/nav_msgs/cmake/export_nav_msgs__rosidl_typesupport_fastrtps_cExport.cmake
[6.061s] -- Up-to-date: /home/aajaer/microros_ws/install/nav_msgs/share/nav_msgs/cmake/export_nav_msgs__rosidl_typesupport_fastrtps_cExport-noconfig.cmake
[6.061s] -- Up-to-date: /home/aajaer/microros_ws/install/nav_msgs/share/nav_msgs/cmake/export_nav_msgs__rosidl_generator_cppExport.cmake
[6.062s] -- Up-to-date: /home/aajaer/microros_ws/install/nav_msgs/share/nav_msgs/cmake/export_nav_msgs__rosidl_typesupport_fastrtps_cppExport.cmake
[6.062s] -- Up-to-date: /home/aajaer/microros_ws/install/nav_msgs/share/nav_msgs/cmake/export_nav_msgs__rosidl_typesupport_fastrtps_cppExport-noconfig.cmake
[6.062s] -- Up-to-date: /home/aajaer/microros_ws/install/nav_msgs/share/nav_msgs/cmake/nav_msgs__rosidl_typesupport_introspection_cExport.cmake
[6.062s] -- Up-to-date: /home/aajaer/microros_ws/install/nav_msgs/share/nav_msgs/cmake/nav_msgs__rosidl_typesupport_introspection_cExport-noconfig.cmake
[6.063s] -- Up-to-date: /home/aajaer/microros_ws/install/nav_msgs/share/nav_msgs/cmake/nav_msgs__rosidl_typesupport_cExport.cmake
[6.063s] -- Up-to-date: /home/aajaer/microros_ws/install/nav_msgs/share/nav_msgs/cmake/nav_msgs__rosidl_typesupport_cExport-noconfig.cmake
[6.063s] -- Up-to-date: /home/aajaer/microros_ws/install/nav_msgs/share/nav_msgs/cmake/nav_msgs__rosidl_typesupport_introspection_cppExport.cmake
[6.063s] -- Up-to-date: /home/aajaer/microros_ws/install/nav_msgs/share/nav_msgs/cmake/nav_msgs__rosidl_typesupport_introspection_cppExport-noconfig.cmake
[6.064s] -- Up-to-date: /home/aajaer/microros_ws/install/nav_msgs/share/nav_msgs/cmake/nav_msgs__rosidl_typesupport_cppExport.cmake
[6.064s] -- Up-to-date: /home/aajaer/microros_ws/install/nav_msgs/share/nav_msgs/cmake/nav_msgs__rosidl_typesupport_cppExport-noconfig.cmake
[6.064s] -- Up-to-date: /home/aajaer/microros_ws/install/nav_msgs/share/nav_msgs/cmake/export_nav_msgs__rosidl_generator_pyExport.cmake
[6.064s] -- Up-to-date: /home/aajaer/microros_ws/install/nav_msgs/share/nav_msgs/cmake/export_nav_msgs__rosidl_generator_pyExport-noconfig.cmake
[6.070s] Invoked command in '/home/aajaer/microros_ws/build/nav_msgs' returned '0': CMAKE_PREFIX_PATH=/home/aajaer/microros_ws/install/geometry_msgs:/home/aajaer/microros_ws/install/std_msgs:/home/aajaer/microros_ws/install/builtin_interfaces:/home/aajaer/microros_ws/install/micro_ros_demos_rclc:/home/aajaer/microros_ws/install/common_interfaces:/home/aajaer/microros_ws/install/visualization_msgs:/home/aajaer/microros_ws/install/test_msgs:/home/aajaer/microros_ws/install/example_interfaces:/home/aajaer/microros_ws/install/action_msgs:/home/aajaer/microros_ws/install/unique_identifier_msgs:/home/aajaer/microros_ws/install/trajectory_msgs:/home/aajaer/microros_ws/install/stereo_msgs:/home/aajaer/microros_ws/install/sllidar_ros2:/home/aajaer/microros_ws/install/std_srvs:/home/aajaer/microros_ws/install/shape_msgs:/home/aajaer/microros_ws/install/sensor_msgs:/home/aajaer/microros_ws/install/nav_msgs:/home/aajaer/microros_ws/install/diagnostic_msgs:/home/aajaer/microros_ws/install/actionlib_msgs:/home/aajaer/microros_ws/install/statistics_msgs:/home/aajaer/microros_ws/install/rosidl_typesupport_microxrcedds_test_msg:/home/aajaer/microros_ws/install/rosidl_typesupport_microxrcedds_cpp_tests:/home/aajaer/microros_ws/install/rmw_microxrcedds:/home/aajaer/microros_ws/install/rosidl_typesupport_microxrcedds_cpp:/home/aajaer/microros_ws/install/rosidl_typesupport_microxrcedds_c_tests:/home/aajaer/microros_ws/install/rosidl_typesupport_microxrcedds_c:/home/aajaer/microros_ws/install/rosgraph_msgs:/home/aajaer/microros_ws/install/rclc_parameter:/home/aajaer/microros_ws/install/rclc:/home/aajaer/microros_ws/install/composition_interfaces:/home/aajaer/microros_ws/install/rcl_interfaces:/home/aajaer/microros_ws/install/microxrcedds_client:/home/aajaer/microros_ws/install/microcdr:/home/aajaer/microros_ws/install/micro_ros_utilities:/home/aajaer/microros_ws/install/micro_ros_setup:/home/aajaer/microros_ws/install/micro_ros_agent:/home/aajaer/microros_ws/install/micro_ros_msgs:/home/aajaer/microros_ws/install/lifecycle_msgs:/home/aajaer/microros_ws/install/complex_msgs:/opt/ros/humble:/opt/ros/humble:/home/aajaer/microros_ws/install/sensor_msgs_py:/home/aajaer/microros_ws/install/motor_control_pkg LD_LIBRARY_PATH=/home/aajaer/microros_ws/install/geometry_msgs/lib:/home/aajaer/microros_ws/install/std_msgs/lib:/home/aajaer/microros_ws/install/builtin_interfaces/lib:/home/aajaer/microros_ws/install/visualization_msgs/lib:/home/aajaer/microros_ws/install/test_msgs/lib:/home/aajaer/microros_ws/install/example_interfaces/lib:/home/aajaer/microros_ws/install/action_msgs/lib:/home/aajaer/microros_ws/install/unique_identifier_msgs/lib:/home/aajaer/microros_ws/install/trajectory_msgs/lib:/home/aajaer/microros_ws/install/stereo_msgs/lib:/home/aajaer/microros_ws/install/std_srvs/lib:/home/aajaer/microros_ws/install/shape_msgs/lib:/home/aajaer/microros_ws/install/sensor_msgs/lib:/home/aajaer/microros_ws/install/nav_msgs/lib:/home/aajaer/microros_ws/install/diagnostic_msgs/lib:/home/aajaer/microros_ws/install/actionlib_msgs/lib:/home/aajaer/microros_ws/install/statistics_msgs/lib:/home/aajaer/microros_ws/install/rosidl_typesupport_microxrcedds_test_msg/lib:/home/aajaer/microros_ws/install/rmw_microxrcedds/lib:/home/aajaer/microros_ws/install/rosidl_typesupport_microxrcedds_cpp/lib:/home/aajaer/microros_ws/install/rosidl_typesupport_microxrcedds_c/lib:/home/aajaer/microros_ws/install/rosgraph_msgs/lib:/home/aajaer/microros_ws/install/rclc_parameter/lib:/home/aajaer/microros_ws/install/rclc/lib:/home/aajaer/microros_ws/install/composition_interfaces/lib:/home/aajaer/microros_ws/install/rcl_interfaces/lib:/home/aajaer/microros_ws/install/micro_ros_utilities/lib:/home/aajaer/microros_ws/install/micro_ros_agent/lib:/home/aajaer/microros_ws/install/micro_ros_msgs/lib:/home/aajaer/microros_ws/install/lifecycle_msgs/lib:/home/aajaer/microros_ws/install/complex_msgs/lib:/opt/ros/humble/opt/rviz_ogre_vendor/lib:/opt/ros/humble/lib/aarch64-linux-gnu:/opt/ros/humble/lib /usr/bin/cmake --install /home/aajaer/microros_ws/build/nav_msgs
