[0.052s] Invoking command in '/home/aajaer/microros_ws/build/std_srvs': /usr/bin/cmake /home/aajaer/microros_ws/src/ros2/common_interfaces/std_srvs -DAMENT_CMAKE_SYMLINK_INSTALL=1 -DCMAKE_INSTALL_PREFIX=/home/aajaer/microros_ws/install/std_srvs
[0.187s] -- The C compiler identification is GNU 11.4.0
[0.327s] -- The CXX compiler identification is GNU 11.4.0
[0.342s] -- Detecting C compiler ABI info
[0.511s] -- Detecting C compiler ABI info - done
[0.520s] -- Check for working C compiler: /usr/bin/cc - skipped
[0.520s] -- Detecting C compile features
[0.521s] -- Detecting C compile features - done
[0.528s] -- Detecting CXX compiler ABI info
[0.763s] -- Detecting CXX compiler ABI info - done
[0.787s] -- Check for working CXX compiler: /usr/bin/c++ - skipped
[0.787s] -- Detecting CXX compile features
[0.789s] -- Detecting CXX compile features - done
[0.791s] -- Found ament_cmake: 1.3.11 (/opt/ros/humble/share/ament_cmake/cmake)
[1.198s] -- Found Python3: /usr/bin/python3 (found version "3.10.12") found components: Interpreter 
[1.364s] -- Override CMake install command with custom implementation using symlinks instead of copying resources
[1.404s] -- Found rosidl_default_generators: 1.2.0 (/opt/ros/humble/share/rosidl_default_generators/cmake)
[1.412s] -- Using all available rosidl_typesupport_c: rosidl_typesupport_fastrtps_c;rosidl_typesupport_introspection_c
[1.422s] -- Found rosidl_adapter: 3.1.6 (/opt/ros/humble/share/rosidl_adapter/cmake)
[1.507s] -- Using all available rosidl_typesupport_cpp: rosidl_typesupport_fastrtps_cpp;rosidl_typesupport_introspection_cpp
[2.384s] -- Found ament_cmake_cppcheck: 0.12.11 (/opt/ros/humble/share/ament_cmake_cppcheck/cmake)
[2.389s] -- Found ament_cmake_cpplint: 0.12.11 (/opt/ros/humble/share/ament_cmake_cpplint/cmake)
[2.393s] -- Found ament_cmake_uncrustify: 0.12.11 (/opt/ros/humble/share/ament_cmake_uncrustify/cmake)
[2.398s] -- Found ament_cmake_ros: 0.10.0 (/opt/ros/humble/share/ament_cmake_ros/cmake)
[2.855s] -- Using all available rosidl_typesupport_c: rosidl_typesupport_fastrtps_c;rosidl_typesupport_introspection_c
[3.477s] -- Using all available rosidl_typesupport_cpp: rosidl_typesupport_fastrtps_cpp;rosidl_typesupport_introspection_cpp
[3.539s] -- Found PythonInterp: /usr/bin/python3 (found suitable version "3.10.12", minimum required is "3.6") 
[3.539s] -- Found python_cmake_module: 0.10.0 (/opt/ros/humble/share/python_cmake_module/cmake)
[3.603s] -- Found PythonLibs: /usr/lib/aarch64-linux-gnu/libpython3.10.so (found suitable version "3.10.12", minimum required is "3.5") 
[3.603s] -- Using PYTHON_EXECUTABLE: /usr/bin/python3
[3.603s] -- Using PYTHON_INCLUDE_DIRS: /usr/include/python3.10
[3.603s] -- Using PYTHON_LIBRARIES: /usr/lib/aarch64-linux-gnu/libpython3.10.so
[3.651s] -- Found PythonExtra: .so  
[3.737s] -- Found ament_cmake_flake8: 0.12.11 (/opt/ros/humble/share/ament_cmake_flake8/cmake)
[3.741s] -- Found ament_cmake_pep257: 0.12.11 (/opt/ros/humble/share/ament_cmake_pep257/cmake)
[3.771s] -- Configuring done
[3.868s] -- Generating done
[3.890s] -- Build files have been written to: /home/aajaer/microros_ws/build/std_srvs
[4.007s] Invoked command in '/home/aajaer/microros_ws/build/std_srvs' returned '0': /usr/bin/cmake /home/aajaer/microros_ws/src/ros2/common_interfaces/std_srvs -DAMENT_CMAKE_SYMLINK_INSTALL=1 -DCMAKE_INSTALL_PREFIX=/home/aajaer/microros_ws/install/std_srvs
[4.008s] Invoking command in '/home/aajaer/microros_ws/build/std_srvs': /usr/bin/cmake --build /home/aajaer/microros_ws/build/std_srvs -- -j8 -l8
[4.180s] [  2%] [34m[1mGenerating C code for ROS interfaces[0m
[4.211s] [  4%] [34m[1mGenerating C++ code for ROS interfaces[0m
[4.316s] [  4%] Built target ament_cmake_python_symlink_std_srvs
[5.750s] running egg_info
[5.756s] creating std_srvs.egg-info
[5.756s] writing std_srvs.egg-info/PKG-INFO
[5.757s] writing dependency_links to std_srvs.egg-info/dependency_links.txt
[5.757s] writing top-level names to std_srvs.egg-info/top_level.txt
[5.758s] writing manifest file 'std_srvs.egg-info/SOURCES.txt'
[5.764s] reading manifest file 'std_srvs.egg-info/SOURCES.txt'
[5.772s] writing manifest file 'std_srvs.egg-info/SOURCES.txt'
[5.948s] [  4%] Built target ament_cmake_python_build_std_srvs_egg
[6.214s] [  6%] [32mBuilding C object CMakeFiles/std_srvs__rosidl_generator_c.dir/rosidl_generator_c/std_srvs/srv/detail/empty__functions.c.o[0m
[6.243s] [  8%] [32mBuilding C object CMakeFiles/std_srvs__rosidl_generator_c.dir/rosidl_generator_c/std_srvs/srv/detail/set_bool__functions.c.o[0m
[6.271s] [ 10%] [32mBuilding C object CMakeFiles/std_srvs__rosidl_generator_c.dir/rosidl_generator_c/std_srvs/srv/detail/trigger__functions.c.o[0m
[6.774s] [ 12%] [32m[1mLinking C shared library libstd_srvs__rosidl_generator_c.so[0m
[7.053s] [ 12%] Built target std_srvs__rosidl_generator_c
[7.140s] [ 14%] [34m[1mGenerating C introspection for ROS interfaces[0m
[7.154s] [ 17%] [34m[1mGenerating C type support for eProsima Fast-RTPS[0m
[7.195s] [ 19%] Built target std_srvs__cpp
[7.199s] [ 19%] [34m[1mGenerating C type support dispatch for ROS interfaces[0m
[7.272s] [ 21%] [34m[1mGenerating C++ type support dispatch for ROS interfaces[0m
[7.304s] [ 23%] [34m[1mGenerating C++ type support for eProsima Fast-RTPS[0m
[7.335s] [ 25%] [34m[1mGenerating C++ introspection for ROS interfaces[0m
[9.702s] [ 27%] [32mBuilding CXX object CMakeFiles/std_srvs__rosidl_typesupport_c.dir/rosidl_typesupport_c/std_srvs/srv/empty__type_support.cpp.o[0m
[9.754s] [ 29%] [32mBuilding CXX object CMakeFiles/std_srvs__rosidl_typesupport_c.dir/rosidl_typesupport_c/std_srvs/srv/set_bool__type_support.cpp.o[0m
[9.766s] [ 31%] [32mBuilding CXX object CMakeFiles/std_srvs__rosidl_typesupport_c.dir/rosidl_typesupport_c/std_srvs/srv/trigger__type_support.cpp.o[0m
[9.973s] [ 34%] [32mBuilding C object CMakeFiles/std_srvs__rosidl_typesupport_introspection_c.dir/rosidl_typesupport_introspection_c/std_srvs/srv/detail/empty__type_support.c.o[0m
[9.995s] [ 36%] [32mBuilding CXX object CMakeFiles/std_srvs__rosidl_typesupport_cpp.dir/rosidl_typesupport_cpp/std_srvs/srv/empty__type_support.cpp.o[0m
[10.010s] [ 38%] [32m[1mLinking CXX shared library libstd_srvs__rosidl_typesupport_c.so[0m
[10.017s] [ 40%] [32mBuilding CXX object CMakeFiles/std_srvs__rosidl_typesupport_cpp.dir/rosidl_typesupport_cpp/std_srvs/srv/set_bool__type_support.cpp.o[0m
[10.043s] [ 42%] [32mBuilding C object CMakeFiles/std_srvs__rosidl_typesupport_introspection_c.dir/rosidl_typesupport_introspection_c/std_srvs/srv/detail/set_bool__type_support.c.o[0m
[10.355s] [ 44%] [32mBuilding C object CMakeFiles/std_srvs__rosidl_typesupport_introspection_c.dir/rosidl_typesupport_introspection_c/std_srvs/srv/detail/trigger__type_support.c.o[0m
[10.371s] [ 44%] Built target std_srvs__rosidl_typesupport_c
[10.469s] [ 46%] [32mBuilding CXX object CMakeFiles/std_srvs__rosidl_typesupport_cpp.dir/rosidl_typesupport_cpp/std_srvs/srv/trigger__type_support.cpp.o[0m
[10.549s] [ 48%] [32mBuilding CXX object CMakeFiles/std_srvs__rosidl_typesupport_fastrtps_cpp.dir/rosidl_typesupport_fastrtps_cpp/std_srvs/srv/detail/dds_fastrtps/empty__type_support.cpp.o[0m
[10.572s] [ 51%] [32mBuilding CXX object CMakeFiles/std_srvs__rosidl_typesupport_fastrtps_cpp.dir/rosidl_typesupport_fastrtps_cpp/std_srvs/srv/detail/dds_fastrtps/set_bool__type_support.cpp.o[0m
[10.672s] [ 53%] [32mBuilding CXX object CMakeFiles/std_srvs__rosidl_typesupport_fastrtps_c.dir/rosidl_typesupport_fastrtps_c/std_srvs/srv/detail/empty__type_support_c.cpp.o[0m
[10.767s] [ 55%] [32m[1mLinking C shared library libstd_srvs__rosidl_typesupport_introspection_c.so[0m
[11.069s] [ 55%] Built target std_srvs__rosidl_typesupport_introspection_c
[11.185s] [ 57%] [32mBuilding CXX object CMakeFiles/std_srvs__rosidl_typesupport_fastrtps_c.dir/rosidl_typesupport_fastrtps_c/std_srvs/srv/detail/set_bool__type_support_c.cpp.o[0m
[11.222s] [ 59%] [32mBuilding CXX object CMakeFiles/std_srvs__rosidl_typesupport_introspection_cpp.dir/rosidl_typesupport_introspection_cpp/std_srvs/srv/detail/empty__type_support.cpp.o[0m
[12.486s] [ 61%] [32mBuilding CXX object CMakeFiles/std_srvs__rosidl_typesupport_introspection_cpp.dir/rosidl_typesupport_introspection_cpp/std_srvs/srv/detail/set_bool__type_support.cpp.o[0m
[12.530s] [ 63%] [32mBuilding CXX object CMakeFiles/std_srvs__rosidl_typesupport_introspection_cpp.dir/rosidl_typesupport_introspection_cpp/std_srvs/srv/detail/trigger__type_support.cpp.o[0m
[12.996s] [ 65%] [32m[1mLinking CXX shared library libstd_srvs__rosidl_typesupport_cpp.so[0m
[13.393s] [ 65%] Built target std_srvs__rosidl_typesupport_cpp
[13.499s] [ 68%] [32mBuilding CXX object CMakeFiles/std_srvs__rosidl_typesupport_fastrtps_c.dir/rosidl_typesupport_fastrtps_c/std_srvs/srv/detail/trigger__type_support_c.cpp.o[0m
[13.669s] [ 70%] [32mBuilding CXX object CMakeFiles/std_srvs__rosidl_typesupport_fastrtps_cpp.dir/rosidl_typesupport_fastrtps_cpp/std_srvs/srv/detail/dds_fastrtps/trigger__type_support.cpp.o[0m
[15.011s] [ 72%] [32m[1mLinking CXX shared library libstd_srvs__rosidl_typesupport_introspection_cpp.so[0m
[15.302s] [ 72%] Built target std_srvs__rosidl_typesupport_introspection_cpp
[15.337s] [ 74%] [32m[1mLinking CXX shared library libstd_srvs__rosidl_typesupport_fastrtps_c.so[0m
[15.592s] [ 74%] Built target std_srvs__rosidl_typesupport_fastrtps_c
[15.637s] [ 76%] [32m[1mLinking CXX shared library libstd_srvs__rosidl_typesupport_fastrtps_cpp.so[0m
[15.804s] [ 76%] Built target std_srvs__rosidl_typesupport_fastrtps_cpp
[15.843s] [ 76%] Built target std_srvs
[15.886s] [ 78%] [34m[1mGenerating Python code for ROS interfaces[0m
[17.773s] [ 78%] Built target std_srvs__py
[17.849s] [ 80%] [32mBuilding C object CMakeFiles/std_srvs__rosidl_generator_py.dir/rosidl_generator_py/std_srvs/srv/_empty_s.c.o[0m
[18.217s] [ 82%] [32mBuilding C object CMakeFiles/std_srvs__rosidl_generator_py.dir/rosidl_generator_py/std_srvs/srv/_trigger_s.c.o[0m
[18.418s] [ 85%] [32mBuilding C object CMakeFiles/std_srvs__rosidl_generator_py.dir/rosidl_generator_py/std_srvs/srv/_set_bool_s.c.o[0m
[18.667s] [ 87%] [32m[1mLinking C shared library rosidl_generator_py/std_srvs/libstd_srvs__rosidl_generator_py.so[0m
[18.764s] [ 87%] Built target std_srvs__rosidl_generator_py
[18.805s] [ 89%] [32mBuilding C object CMakeFiles/std_srvs__rosidl_typesupport_fastrtps_c__pyext.dir/rosidl_generator_py/std_srvs/_std_srvs_s.ep.rosidl_typesupport_fastrtps_c.c.o[0m
[19.076s] [ 91%] [32m[1mLinking C shared library rosidl_generator_py/std_srvs/std_srvs_s__rosidl_typesupport_fastrtps_c.cpython-310-aarch64-linux-gnu.so[0m
[19.154s] [ 91%] Built target std_srvs__rosidl_typesupport_fastrtps_c__pyext
[19.196s] [ 93%] [32mBuilding C object CMakeFiles/std_srvs__rosidl_typesupport_c__pyext.dir/rosidl_generator_py/std_srvs/_std_srvs_s.ep.rosidl_typesupport_c.c.o[0m
[19.577s] [ 95%] [32m[1mLinking C shared library rosidl_generator_py/std_srvs/std_srvs_s__rosidl_typesupport_c.cpython-310-aarch64-linux-gnu.so[0m
[19.652s] [ 95%] Built target std_srvs__rosidl_typesupport_c__pyext
[19.700s] [ 97%] [32mBuilding C object CMakeFiles/std_srvs__rosidl_typesupport_introspection_c__pyext.dir/rosidl_generator_py/std_srvs/_std_srvs_s.ep.rosidl_typesupport_introspection_c.c.o[0m
[19.983s] [100%] [32m[1mLinking C shared library rosidl_generator_py/std_srvs/std_srvs_s__rosidl_typesupport_introspection_c.cpython-310-aarch64-linux-gnu.so[0m
[20.067s] [100%] Built target std_srvs__rosidl_typesupport_introspection_c__pyext
[20.097s] Invoked command in '/home/aajaer/microros_ws/build/std_srvs' returned '0': /usr/bin/cmake --build /home/aajaer/microros_ws/build/std_srvs -- -j8 -l8
[20.098s] Invoking command in '/home/aajaer/microros_ws/build/std_srvs': /usr/bin/cmake --install /home/aajaer/microros_ws/build/std_srvs
[21.468s] -- Install configuration: ""
[21.468s] -- Execute custom install script
[21.469s] -- Symlinking: /home/aajaer/microros_ws/install/std_srvs/share/ament_index/resource_index/rosidl_interfaces/std_srvs
[21.469s] -- Symlinking: /home/aajaer/microros_ws/install/std_srvs/include/std_srvs/std_srvs/msg/rosidl_generator_c__visibility_control.h
[21.469s] -- Symlinking: /home/aajaer/microros_ws/install/std_srvs/include/std_srvs/std_srvs/srv/detail/empty__functions.h
[21.469s] -- Symlinking: /home/aajaer/microros_ws/install/std_srvs/include/std_srvs/std_srvs/srv/detail/empty__struct.h
[21.469s] -- Symlinking: /home/aajaer/microros_ws/install/std_srvs/include/std_srvs/std_srvs/srv/detail/empty__type_support.h
[21.469s] -- Symlinking: /home/aajaer/microros_ws/install/std_srvs/include/std_srvs/std_srvs/srv/detail/set_bool__functions.h
[21.469s] -- Symlinking: /home/aajaer/microros_ws/install/std_srvs/include/std_srvs/std_srvs/srv/detail/set_bool__struct.h
[21.469s] -- Symlinking: /home/aajaer/microros_ws/install/std_srvs/include/std_srvs/std_srvs/srv/detail/set_bool__type_support.h
[21.470s] -- Symlinking: /home/aajaer/microros_ws/install/std_srvs/include/std_srvs/std_srvs/srv/detail/trigger__functions.h
[21.470s] -- Symlinking: /home/aajaer/microros_ws/install/std_srvs/include/std_srvs/std_srvs/srv/detail/trigger__struct.h
[21.470s] -- Symlinking: /home/aajaer/microros_ws/install/std_srvs/include/std_srvs/std_srvs/srv/detail/trigger__type_support.h
[21.486s] -- Symlinking: /home/aajaer/microros_ws/install/std_srvs/include/std_srvs/std_srvs/srv/empty.h
[21.486s] -- Symlinking: /home/aajaer/microros_ws/install/std_srvs/include/std_srvs/std_srvs/srv/set_bool.h
[21.486s] -- Symlinking: /home/aajaer/microros_ws/install/std_srvs/include/std_srvs/std_srvs/srv/trigger.h
[21.486s] -- Symlinking: /home/aajaer/microros_ws/install/std_srvs/share/std_srvs/environment/library_path.sh
[21.487s] -- Symlinking: /home/aajaer/microros_ws/install/std_srvs/share/std_srvs/environment/library_path.dsv
[21.487s] -- Symlinking: /home/aajaer/microros_ws/install/std_srvs/include/std_srvs/std_srvs/msg/rosidl_typesupport_fastrtps_c__visibility_control.h
[21.487s] -- Symlinking: /home/aajaer/microros_ws/install/std_srvs/include/std_srvs/std_srvs/srv/detail/empty__rosidl_typesupport_fastrtps_c.h
[21.487s] -- Symlinking: /home/aajaer/microros_ws/install/std_srvs/include/std_srvs/std_srvs/srv/detail/set_bool__rosidl_typesupport_fastrtps_c.h
[21.487s] -- Symlinking: /home/aajaer/microros_ws/install/std_srvs/include/std_srvs/std_srvs/srv/detail/trigger__rosidl_typesupport_fastrtps_c.h
[21.487s] -- Symlinking: /home/aajaer/microros_ws/install/std_srvs/include/std_srvs/std_srvs/msg/rosidl_typesupport_introspection_c__visibility_control.h
[21.487s] -- Symlinking: /home/aajaer/microros_ws/install/std_srvs/include/std_srvs/std_srvs/srv/detail/empty__rosidl_typesupport_introspection_c.h
[21.487s] -- Symlinking: /home/aajaer/microros_ws/install/std_srvs/include/std_srvs/std_srvs/srv/detail/set_bool__rosidl_typesupport_introspection_c.h
[21.488s] -- Symlinking: /home/aajaer/microros_ws/install/std_srvs/include/std_srvs/std_srvs/srv/detail/trigger__rosidl_typesupport_introspection_c.h
[21.488s] -- Symlinking: /home/aajaer/microros_ws/install/std_srvs/include/std_srvs/std_srvs/msg/rosidl_generator_cpp__visibility_control.hpp
[21.488s] -- Symlinking: /home/aajaer/microros_ws/install/std_srvs/include/std_srvs/std_srvs/srv/detail/empty__builder.hpp
[21.488s] -- Symlinking: /home/aajaer/microros_ws/install/std_srvs/include/std_srvs/std_srvs/srv/detail/empty__struct.hpp
[21.488s] -- Symlinking: /home/aajaer/microros_ws/install/std_srvs/include/std_srvs/std_srvs/srv/detail/empty__traits.hpp
[21.488s] -- Symlinking: /home/aajaer/microros_ws/install/std_srvs/include/std_srvs/std_srvs/srv/detail/empty__type_support.hpp
[21.488s] -- Symlinking: /home/aajaer/microros_ws/install/std_srvs/include/std_srvs/std_srvs/srv/detail/set_bool__builder.hpp
[21.488s] -- Symlinking: /home/aajaer/microros_ws/install/std_srvs/include/std_srvs/std_srvs/srv/detail/set_bool__struct.hpp
[21.488s] -- Symlinking: /home/aajaer/microros_ws/install/std_srvs/include/std_srvs/std_srvs/srv/detail/set_bool__traits.hpp
[21.489s] -- Symlinking: /home/aajaer/microros_ws/install/std_srvs/include/std_srvs/std_srvs/srv/detail/set_bool__type_support.hpp
[21.489s] -- Symlinking: /home/aajaer/microros_ws/install/std_srvs/include/std_srvs/std_srvs/srv/detail/trigger__builder.hpp
[21.489s] -- Symlinking: /home/aajaer/microros_ws/install/std_srvs/include/std_srvs/std_srvs/srv/detail/trigger__struct.hpp
[21.489s] -- Symlinking: /home/aajaer/microros_ws/install/std_srvs/include/std_srvs/std_srvs/srv/detail/trigger__traits.hpp
[21.489s] -- Symlinking: /home/aajaer/microros_ws/install/std_srvs/include/std_srvs/std_srvs/srv/detail/trigger__type_support.hpp
[21.489s] -- Symlinking: /home/aajaer/microros_ws/install/std_srvs/include/std_srvs/std_srvs/srv/empty.hpp
[21.489s] -- Symlinking: /home/aajaer/microros_ws/install/std_srvs/include/std_srvs/std_srvs/srv/set_bool.hpp
[21.489s] -- Symlinking: /home/aajaer/microros_ws/install/std_srvs/include/std_srvs/std_srvs/srv/trigger.hpp
[21.490s] -- Symlinking: /home/aajaer/microros_ws/install/std_srvs/include/std_srvs/std_srvs/msg/rosidl_typesupport_fastrtps_cpp__visibility_control.h
[21.490s] -- Symlinking: /home/aajaer/microros_ws/install/std_srvs/include/std_srvs/std_srvs/srv/detail/empty__rosidl_typesupport_fastrtps_cpp.hpp
[21.490s] -- Symlinking: /home/aajaer/microros_ws/install/std_srvs/include/std_srvs/std_srvs/srv/detail/set_bool__rosidl_typesupport_fastrtps_cpp.hpp
[21.490s] -- Symlinking: /home/aajaer/microros_ws/install/std_srvs/include/std_srvs/std_srvs/srv/detail/trigger__rosidl_typesupport_fastrtps_cpp.hpp
[21.490s] -- Symlinking: /home/aajaer/microros_ws/install/std_srvs/include/std_srvs/std_srvs/srv/detail/empty__rosidl_typesupport_introspection_cpp.hpp
[21.490s] -- Symlinking: /home/aajaer/microros_ws/install/std_srvs/include/std_srvs/std_srvs/srv/detail/set_bool__rosidl_typesupport_introspection_cpp.hpp
[21.490s] -- Symlinking: /home/aajaer/microros_ws/install/std_srvs/include/std_srvs/std_srvs/srv/detail/trigger__rosidl_typesupport_introspection_cpp.hpp
[21.491s] -- Symlinking: /home/aajaer/microros_ws/install/std_srvs/share/std_srvs/environment/pythonpath.sh
[21.491s] -- Symlinking: /home/aajaer/microros_ws/install/std_srvs/share/std_srvs/environment/pythonpath.dsv
[21.491s] -- Symlinking: /home/aajaer/microros_ws/install/std_srvs/local/lib/python3.10/dist-packages/std_srvs-4.2.4-py3.10.egg-info/PKG-INFO
[21.491s] -- Symlinking: /home/aajaer/microros_ws/install/std_srvs/local/lib/python3.10/dist-packages/std_srvs-4.2.4-py3.10.egg-info/SOURCES.txt
[21.491s] -- Symlinking: /home/aajaer/microros_ws/install/std_srvs/local/lib/python3.10/dist-packages/std_srvs-4.2.4-py3.10.egg-info/dependency_links.txt
[21.491s] -- Symlinking: /home/aajaer/microros_ws/install/std_srvs/local/lib/python3.10/dist-packages/std_srvs-4.2.4-py3.10.egg-info/top_level.txt
[21.491s] -- Symlinking: /home/aajaer/microros_ws/install/std_srvs/local/lib/python3.10/dist-packages/std_srvs/__init__.py
[21.491s] -- Symlinking: /home/aajaer/microros_ws/install/std_srvs/local/lib/python3.10/dist-packages/std_srvs/_std_srvs_s.ep.rosidl_typesupport_c.c
[21.491s] -- Symlinking: /home/aajaer/microros_ws/install/std_srvs/local/lib/python3.10/dist-packages/std_srvs/_std_srvs_s.ep.rosidl_typesupport_fastrtps_c.c
[21.492s] -- Symlinking: /home/aajaer/microros_ws/install/std_srvs/local/lib/python3.10/dist-packages/std_srvs/_std_srvs_s.ep.rosidl_typesupport_introspection_c.c
[21.492s] -- Symlinking: /home/aajaer/microros_ws/install/std_srvs/local/lib/python3.10/dist-packages/std_srvs/libstd_srvs__rosidl_generator_py.so
[21.492s] -- Symlinking: /home/aajaer/microros_ws/install/std_srvs/local/lib/python3.10/dist-packages/std_srvs/srv/__init__.py
[21.492s] -- Symlinking: /home/aajaer/microros_ws/install/std_srvs/local/lib/python3.10/dist-packages/std_srvs/srv/_empty.py
[21.493s] -- Symlinking: /home/aajaer/microros_ws/install/std_srvs/local/lib/python3.10/dist-packages/std_srvs/srv/_empty_s.c
[21.507s] -- Symlinking: /home/aajaer/microros_ws/install/std_srvs/local/lib/python3.10/dist-packages/std_srvs/srv/_set_bool.py
[21.540s] -- Symlinking: /home/aajaer/microros_ws/install/std_srvs/local/lib/python3.10/dist-packages/std_srvs/srv/_set_bool_s.c
[21.585s] -- Symlinking: /home/aajaer/microros_ws/install/std_srvs/local/lib/python3.10/dist-packages/std_srvs/srv/_trigger.py
[21.619s] -- Symlinking: /home/aajaer/microros_ws/install/std_srvs/local/lib/python3.10/dist-packages/std_srvs/srv/_trigger_s.c
[21.642s] -- Symlinking: /home/aajaer/microros_ws/install/std_srvs/local/lib/python3.10/dist-packages/std_srvs/std_srvs_s__rosidl_typesupport_c.cpython-310-aarch64-linux-gnu.so
[21.665s] -- Symlinking: /home/aajaer/microros_ws/install/std_srvs/local/lib/python3.10/dist-packages/std_srvs/std_srvs_s__rosidl_typesupport_fastrtps_c.cpython-310-aarch64-linux-gnu.so
[21.698s] -- Symlinking: /home/aajaer/microros_ws/install/std_srvs/local/lib/python3.10/dist-packages/std_srvs/std_srvs_s__rosidl_typesupport_introspection_c.cpython-310-aarch64-linux-gnu.so
[21.726s] -- Up-to-date symlink: /home/aajaer/microros_ws/install/std_srvs/local/lib/python3.10/dist-packages/std_srvs/std_srvs_s__rosidl_typesupport_fastrtps_c.cpython-310-aarch64-linux-gnu.so
[21.729s] -- Up-to-date symlink: /home/aajaer/microros_ws/install/std_srvs/local/lib/python3.10/dist-packages/std_srvs/std_srvs_s__rosidl_typesupport_introspection_c.cpython-310-aarch64-linux-gnu.so
[21.729s] -- Up-to-date symlink: /home/aajaer/microros_ws/install/std_srvs/local/lib/python3.10/dist-packages/std_srvs/std_srvs_s__rosidl_typesupport_c.cpython-310-aarch64-linux-gnu.so
[21.729s] -- Symlinking: /home/aajaer/microros_ws/install/std_srvs/share/std_srvs/srv/Empty.idl
[21.769s] -- Symlinking: /home/aajaer/microros_ws/install/std_srvs/share/std_srvs/srv/SetBool.idl
[21.805s] -- Symlinking: /home/aajaer/microros_ws/install/std_srvs/share/std_srvs/srv/Trigger.idl
[21.855s] -- Symlinking: /home/aajaer/microros_ws/install/std_srvs/share/std_srvs/srv/Empty.srv
[21.893s] -- Symlinking: /home/aajaer/microros_ws/install/std_srvs/share/std_srvs/srv/Empty_Request.msg
[21.912s] -- Symlinking: /home/aajaer/microros_ws/install/std_srvs/share/std_srvs/srv/Empty_Response.msg
[21.928s] -- Symlinking: /home/aajaer/microros_ws/install/std_srvs/share/std_srvs/srv/SetBool.srv
[21.947s] -- Symlinking: /home/aajaer/microros_ws/install/std_srvs/share/std_srvs/srv/SetBool_Request.msg
[21.967s] -- Symlinking: /home/aajaer/microros_ws/install/std_srvs/share/std_srvs/srv/SetBool_Response.msg
[21.988s] -- Symlinking: /home/aajaer/microros_ws/install/std_srvs/share/std_srvs/srv/Trigger.srv
[22.009s] -- Symlinking: /home/aajaer/microros_ws/install/std_srvs/share/std_srvs/srv/Trigger_Request.msg
[22.032s] -- Symlinking: /home/aajaer/microros_ws/install/std_srvs/share/std_srvs/srv/Trigger_Response.msg
[22.065s] -- Symlinking: /home/aajaer/microros_ws/install/std_srvs/share/ament_index/resource_index/package_run_dependencies/std_srvs
[22.085s] -- Symlinking: /home/aajaer/microros_ws/install/std_srvs/share/ament_index/resource_index/parent_prefix_path/std_srvs
[22.106s] -- Symlinking: /home/aajaer/microros_ws/install/std_srvs/share/std_srvs/environment/ament_prefix_path.sh
[22.127s] -- Symlinking: /home/aajaer/microros_ws/install/std_srvs/share/std_srvs/environment/ament_prefix_path.dsv
[22.150s] -- Symlinking: /home/aajaer/microros_ws/install/std_srvs/share/std_srvs/environment/path.sh
[22.173s] -- Symlinking: /home/aajaer/microros_ws/install/std_srvs/share/std_srvs/environment/path.dsv
[22.196s] -- Symlinking: /home/aajaer/microros_ws/install/std_srvs/share/std_srvs/local_setup.bash
[22.222s] -- Symlinking: /home/aajaer/microros_ws/install/std_srvs/share/std_srvs/local_setup.sh
[22.242s] -- Symlinking: /home/aajaer/microros_ws/install/std_srvs/share/std_srvs/local_setup.zsh
[22.264s] -- Symlinking: /home/aajaer/microros_ws/install/std_srvs/share/std_srvs/local_setup.dsv
[22.282s] -- Symlinking: /home/aajaer/microros_ws/install/std_srvs/share/std_srvs/package.dsv
[22.301s] -- Symlinking: /home/aajaer/microros_ws/install/std_srvs/share/ament_index/resource_index/packages/std_srvs
[22.318s] -- Symlinking: /home/aajaer/microros_ws/install/std_srvs/share/std_srvs/cmake/rosidl_cmake-extras.cmake
[22.340s] -- Symlinking: /home/aajaer/microros_ws/install/std_srvs/share/std_srvs/cmake/ament_cmake_export_include_directories-extras.cmake
[22.360s] -- Symlinking: /home/aajaer/microros_ws/install/std_srvs/share/std_srvs/cmake/ament_cmake_export_libraries-extras.cmake
[22.381s] -- Symlinking: /home/aajaer/microros_ws/install/std_srvs/share/std_srvs/cmake/ament_cmake_export_targets-extras.cmake
[22.400s] -- Symlinking: /home/aajaer/microros_ws/install/std_srvs/share/std_srvs/cmake/rosidl_cmake_export_typesupport_targets-extras.cmake
[22.420s] -- Symlinking: /home/aajaer/microros_ws/install/std_srvs/share/std_srvs/cmake/ament_cmake_export_dependencies-extras.cmake
[22.441s] -- Symlinking: /home/aajaer/microros_ws/install/std_srvs/share/std_srvs/cmake/rosidl_cmake_export_typesupport_libraries-extras.cmake
[22.462s] -- Symlinking: /home/aajaer/microros_ws/install/std_srvs/share/std_srvs/cmake/std_srvsConfig.cmake
[22.484s] -- Symlinking: /home/aajaer/microros_ws/install/std_srvs/share/std_srvs/cmake/std_srvsConfig-version.cmake
[22.518s] -- Symlinking: /home/aajaer/microros_ws/install/std_srvs/share/std_srvs/package.xml
[22.543s] -- Installing: /home/aajaer/microros_ws/install/std_srvs/lib/libstd_srvs__rosidl_generator_c.so
[22.547s] -- Set runtime path of "/home/aajaer/microros_ws/install/std_srvs/lib/libstd_srvs__rosidl_generator_c.so" to ""
[22.547s] -- Installing: /home/aajaer/microros_ws/install/std_srvs/lib/libstd_srvs__rosidl_typesupport_fastrtps_c.so
[22.547s] -- Set runtime path of "/home/aajaer/microros_ws/install/std_srvs/lib/libstd_srvs__rosidl_typesupport_fastrtps_c.so" to ""
[22.547s] -- Installing: /home/aajaer/microros_ws/install/std_srvs/lib/libstd_srvs__rosidl_typesupport_introspection_c.so
[22.548s] -- Set runtime path of "/home/aajaer/microros_ws/install/std_srvs/lib/libstd_srvs__rosidl_typesupport_introspection_c.so" to ""
[22.548s] -- Installing: /home/aajaer/microros_ws/install/std_srvs/lib/libstd_srvs__rosidl_typesupport_c.so
[22.548s] -- Set runtime path of "/home/aajaer/microros_ws/install/std_srvs/lib/libstd_srvs__rosidl_typesupport_c.so" to ""
[22.548s] -- Installing: /home/aajaer/microros_ws/install/std_srvs/lib/libstd_srvs__rosidl_typesupport_fastrtps_cpp.so
[22.548s] -- Set runtime path of "/home/aajaer/microros_ws/install/std_srvs/lib/libstd_srvs__rosidl_typesupport_fastrtps_cpp.so" to ""
[22.548s] -- Installing: /home/aajaer/microros_ws/install/std_srvs/lib/libstd_srvs__rosidl_typesupport_introspection_cpp.so
[22.549s] -- Set runtime path of "/home/aajaer/microros_ws/install/std_srvs/lib/libstd_srvs__rosidl_typesupport_introspection_cpp.so" to ""
[22.549s] -- Installing: /home/aajaer/microros_ws/install/std_srvs/lib/libstd_srvs__rosidl_typesupport_cpp.so
[22.549s] -- Set runtime path of "/home/aajaer/microros_ws/install/std_srvs/lib/libstd_srvs__rosidl_typesupport_cpp.so" to ""
[22.640s] Listing '/home/aajaer/microros_ws/install/std_srvs/local/lib/python3.10/dist-packages/std_srvs'...
[22.640s] Compiling '/home/aajaer/microros_ws/install/std_srvs/local/lib/python3.10/dist-packages/std_srvs/__init__.py'...
[22.641s] Listing '/home/aajaer/microros_ws/install/std_srvs/local/lib/python3.10/dist-packages/std_srvs/srv'...
[22.641s] Compiling '/home/aajaer/microros_ws/install/std_srvs/local/lib/python3.10/dist-packages/std_srvs/srv/__init__.py'...
[22.641s] Compiling '/home/aajaer/microros_ws/install/std_srvs/local/lib/python3.10/dist-packages/std_srvs/srv/_empty.py'...
[22.641s] Compiling '/home/aajaer/microros_ws/install/std_srvs/local/lib/python3.10/dist-packages/std_srvs/srv/_set_bool.py'...
[22.641s] Compiling '/home/aajaer/microros_ws/install/std_srvs/local/lib/python3.10/dist-packages/std_srvs/srv/_trigger.py'...
[22.663s] -- Installing: /home/aajaer/microros_ws/install/std_srvs/lib/libstd_srvs__rosidl_generator_py.so
[22.663s] -- Set runtime path of "/home/aajaer/microros_ws/install/std_srvs/lib/libstd_srvs__rosidl_generator_py.so" to ""
[22.664s] -- Installing: /home/aajaer/microros_ws/install/std_srvs/share/std_srvs/cmake/export_std_srvs__rosidl_generator_cExport.cmake
[22.664s] -- Installing: /home/aajaer/microros_ws/install/std_srvs/share/std_srvs/cmake/export_std_srvs__rosidl_generator_cExport-noconfig.cmake
[22.664s] -- Installing: /home/aajaer/microros_ws/install/std_srvs/share/std_srvs/cmake/export_std_srvs__rosidl_typesupport_fastrtps_cExport.cmake
[22.664s] -- Installing: /home/aajaer/microros_ws/install/std_srvs/share/std_srvs/cmake/export_std_srvs__rosidl_typesupport_fastrtps_cExport-noconfig.cmake
[22.664s] -- Installing: /home/aajaer/microros_ws/install/std_srvs/share/std_srvs/cmake/std_srvs__rosidl_typesupport_introspection_cExport.cmake
[22.664s] -- Installing: /home/aajaer/microros_ws/install/std_srvs/share/std_srvs/cmake/std_srvs__rosidl_typesupport_introspection_cExport-noconfig.cmake
[22.664s] -- Installing: /home/aajaer/microros_ws/install/std_srvs/share/std_srvs/cmake/std_srvs__rosidl_typesupport_cExport.cmake
[22.664s] -- Installing: /home/aajaer/microros_ws/install/std_srvs/share/std_srvs/cmake/std_srvs__rosidl_typesupport_cExport-noconfig.cmake
[22.665s] -- Installing: /home/aajaer/microros_ws/install/std_srvs/share/std_srvs/cmake/export_std_srvs__rosidl_generator_cppExport.cmake
[22.665s] -- Installing: /home/aajaer/microros_ws/install/std_srvs/share/std_srvs/cmake/export_std_srvs__rosidl_typesupport_fastrtps_cppExport.cmake
[22.665s] -- Installing: /home/aajaer/microros_ws/install/std_srvs/share/std_srvs/cmake/export_std_srvs__rosidl_typesupport_fastrtps_cppExport-noconfig.cmake
[22.665s] -- Installing: /home/aajaer/microros_ws/install/std_srvs/share/std_srvs/cmake/std_srvs__rosidl_typesupport_introspection_cppExport.cmake
[22.665s] -- Installing: /home/aajaer/microros_ws/install/std_srvs/share/std_srvs/cmake/std_srvs__rosidl_typesupport_introspection_cppExport-noconfig.cmake
[22.666s] -- Installing: /home/aajaer/microros_ws/install/std_srvs/share/std_srvs/cmake/std_srvs__rosidl_typesupport_cppExport.cmake
[22.667s] -- Installing: /home/aajaer/microros_ws/install/std_srvs/share/std_srvs/cmake/std_srvs__rosidl_typesupport_cppExport-noconfig.cmake
[22.668s] -- Installing: /home/aajaer/microros_ws/install/std_srvs/share/std_srvs/cmake/export_std_srvs__rosidl_generator_pyExport.cmake
[22.670s] -- Installing: /home/aajaer/microros_ws/install/std_srvs/share/std_srvs/cmake/export_std_srvs__rosidl_generator_pyExport-noconfig.cmake
[22.682s] Invoked command in '/home/aajaer/microros_ws/build/std_srvs' returned '0': /usr/bin/cmake --install /home/aajaer/microros_ws/build/std_srvs
