[2.130s] Invoking command in '/home/aajaer/microros_ws/src/motor_control_pkg': AMENT_PREFIX_PATH=/home/aajaer/microros_ws/install/sensor_msgs:/home/aajaer/microros_ws/install/geometry_msgs:/home/aajaer/microros_ws/install/std_msgs:/home/aajaer/microros_ws/install/builtin_interfaces:${AMENT_PREFIX_PATH} CMAKE_PREFIX_PATH=/home/aajaer/microros_ws/install/sensor_msgs:/home/aajaer/microros_ws/install/geometry_msgs:/home/aajaer/microros_ws/install/std_msgs:/home/aajaer/microros_ws/install/builtin_interfaces:/opt/ros/humble:/opt/ros/humble LD_LIBRARY_PATH=/home/aajaer/microros_ws/install/sensor_msgs/lib:/home/aajaer/microros_ws/install/geometry_msgs/lib:/home/aajaer/microros_ws/install/std_msgs/lib:/home/aajaer/microros_ws/install/builtin_interfaces/lib:/opt/ros/humble/opt/rviz_ogre_vendor/lib:/opt/ros/humble/lib/aarch64-linux-gnu:/opt/ros/humble/lib PYTHONPATH=/home/aajaer/microros_ws/build/motor_control_pkg/prefix_override:/usr/lib/python3/dist-packages/colcon_core/task/python/colcon_distutils_commands:/home/aajaer/microros_ws/install/motor_control_pkg/lib/python3.10/site-packages:/home/aajaer/microros_ws/install/sensor_msgs/local/lib/python3.10/dist-packages:/home/aajaer/microros_ws/install/geometry_msgs/local/lib/python3.10/dist-packages:/home/aajaer/microros_ws/install/std_msgs/local/lib/python3.10/dist-packages:/home/aajaer/microros_ws/install/builtin_interfaces/local/lib/python3.10/dist-packages:${PYTHONPATH} /usr/bin/python3 -W ignore:setup.py install is deprecated -W ignore:easy_install command is deprecated setup.py egg_info --egg-base ../../build/motor_control_pkg build --build-base /home/aajaer/microros_ws/build/motor_control_pkg/build install --record /home/aajaer/microros_ws/build/motor_control_pkg/install.log --single-version-externally-managed install_data
[2.723s] running egg_info
[2.725s] writing ../../build/motor_control_pkg/motor_control_pkg.egg-info/PKG-INFO
[2.726s] writing dependency_links to ../../build/motor_control_pkg/motor_control_pkg.egg-info/dependency_links.txt
[2.726s] writing entry points to ../../build/motor_control_pkg/motor_control_pkg.egg-info/entry_points.txt
[2.726s] writing requirements to ../../build/motor_control_pkg/motor_control_pkg.egg-info/requires.txt
[2.727s] writing top-level names to ../../build/motor_control_pkg/motor_control_pkg.egg-info/top_level.txt
[2.732s] reading manifest file '../../build/motor_control_pkg/motor_control_pkg.egg-info/SOURCES.txt'
[2.734s] writing manifest file '../../build/motor_control_pkg/motor_control_pkg.egg-info/SOURCES.txt'
[2.734s] running build
[2.734s] running build_py
[2.735s] copying motor_control_pkg/lidar_motor_control.py -> /home/aajaer/microros_ws/build/motor_control_pkg/build/lib/motor_control_pkg
[2.735s] running install
[2.736s] running install_lib
[2.739s] copying /home/aajaer/microros_ws/build/motor_control_pkg/build/lib/motor_control_pkg/lidar_motor_control.py -> /home/aajaer/microros_ws/install/motor_control_pkg/lib/python3.10/site-packages/motor_control_pkg
[2.740s] byte-compiling /home/aajaer/microros_ws/install/motor_control_pkg/lib/python3.10/site-packages/motor_control_pkg/lidar_motor_control.py to lidar_motor_control.cpython-310.pyc
[2.742s] running install_data
[2.742s] running install_egg_info
[2.747s] removing '/home/aajaer/microros_ws/install/motor_control_pkg/lib/python3.10/site-packages/motor_control_pkg-0.0.0-py3.10.egg-info' (and everything under it)
[2.748s] Copying ../../build/motor_control_pkg/motor_control_pkg.egg-info to /home/aajaer/microros_ws/install/motor_control_pkg/lib/python3.10/site-packages/motor_control_pkg-0.0.0-py3.10.egg-info
[2.751s] running install_scripts
[2.807s] Installing lidar_motor_control script to /home/aajaer/microros_ws/install/motor_control_pkg/lib/motor_control_pkg
[2.808s] writing list of installed files to '/home/aajaer/microros_ws/build/motor_control_pkg/install.log'
[2.909s] Invoked command in '/home/aajaer/microros_ws/src/motor_control_pkg' returned '0': AMENT_PREFIX_PATH=/home/aajaer/microros_ws/install/sensor_msgs:/home/aajaer/microros_ws/install/geometry_msgs:/home/aajaer/microros_ws/install/std_msgs:/home/aajaer/microros_ws/install/builtin_interfaces:${AMENT_PREFIX_PATH} CMAKE_PREFIX_PATH=/home/aajaer/microros_ws/install/sensor_msgs:/home/aajaer/microros_ws/install/geometry_msgs:/home/aajaer/microros_ws/install/std_msgs:/home/aajaer/microros_ws/install/builtin_interfaces:/opt/ros/humble:/opt/ros/humble LD_LIBRARY_PATH=/home/aajaer/microros_ws/install/sensor_msgs/lib:/home/aajaer/microros_ws/install/geometry_msgs/lib:/home/aajaer/microros_ws/install/std_msgs/lib:/home/aajaer/microros_ws/install/builtin_interfaces/lib:/opt/ros/humble/opt/rviz_ogre_vendor/lib:/opt/ros/humble/lib/aarch64-linux-gnu:/opt/ros/humble/lib PYTHONPATH=/home/aajaer/microros_ws/build/motor_control_pkg/prefix_override:/usr/lib/python3/dist-packages/colcon_core/task/python/colcon_distutils_commands:/home/aajaer/microros_ws/install/motor_control_pkg/lib/python3.10/site-packages:/home/aajaer/microros_ws/install/sensor_msgs/local/lib/python3.10/dist-packages:/home/aajaer/microros_ws/install/geometry_msgs/local/lib/python3.10/dist-packages:/home/aajaer/microros_ws/install/std_msgs/local/lib/python3.10/dist-packages:/home/aajaer/microros_ws/install/builtin_interfaces/local/lib/python3.10/dist-packages:${PYTHONPATH} /usr/bin/python3 -W ignore:setup.py install is deprecated -W ignore:easy_install command is deprecated setup.py egg_info --egg-base ../../build/motor_control_pkg build --build-base /home/aajaer/microros_ws/build/motor_control_pkg/build install --record /home/aajaer/microros_ws/build/motor_control_pkg/install.log --single-version-externally-managed install_data
