[  0%] [34m[1mPerforming build step for 'subscription_count'[0m
[  1%] [34m[1mPerforming build step for 'graph_visualizer'[0m
[  1%] [34m[1mPerforming build step for 'int32_publisher'[0m
[  2%] [34m[1mPerforming build step for 'configured_publisher'[0m
[  2%] [34m[1mPerforming build step for 'publisher_count'[0m
[  3%] [34m[1mPerforming build step for 'configured_subscriber'[0m
[  4%] [34m[1mPerforming build step for 'int32_subscriber'[0m
[  4%] [34m[1mPerforming build step for 'addtwoints_server'[0m
[100%] Built target graph_visualizer
[100%] Built target subscription_count
[100%] Built target configured_publisher
[  4%] [34m[1mPerforming install step for 'subscription_count'[0m
[100%] Built target int32_publisher
[100%] Built target publisher_count
[100%] Built target int32_subscriber
[  4%] [34m[1mPerforming install step for 'graph_visualizer'[0m
[100%] Built target configured_subscriber
[100%] Built target addtwoints_server
[  4%] [34m[1mPerforming install step for 'configured_publisher'[0m
[  5%] [34m[1mPerforming install step for 'addtwoints_server'[0m
[  6%] [34m[1mPerforming install step for 'publisher_count'[0m
[  7%] [34m[1mPerforming install step for 'int32_publisher'[0m
[  7%] [34m[1mPerforming install step for 'int32_subscriber'[0m
[  7%] [34m[1mPerforming install step for 'configured_subscriber'[0m
[100%] Built target subscription_count
[100%] Built target graph_visualizer
[100%] Built target publisher_count
[36mInstall the project...[0m
[100%] Built target int32_subscriber
[100%] Built target configured_publisher
-- Install configuration: ""
-- Up-to-date: /home/aajaer/microros_ws/build/micro_ros_demos_rclc/temp_install/subscription_count/subscription_count
[100%] Built target int32_publisher
[100%] Built target configured_subscriber
[100%] Built target addtwoints_server
[36mInstall the project...[0m
[36mInstall the project...[0m
[36mInstall the project...[0m
[36mInstall the project...[0m
-- Install configuration: ""
-- Up-to-date: /home/aajaer/microros_ws/build/micro_ros_demos_rclc/temp_install/int32_subscriber/int32_subscriber
[36mInstall the project...[0m
[  8%] [34m[1mCompleted 'subscription_count'[0m
-- Install configuration: ""
-- Up-to-date: /home/aajaer/microros_ws/build/micro_ros_demos_rclc/temp_install/graph_visualizer/graph_visualizer
[36mInstall the project...[0m
-- Install configuration: ""
-- Up-to-date: /home/aajaer/microros_ws/build/micro_ros_demos_rclc/temp_install/int32_publisher/int32_publisher
-- Install configuration: ""
-- Up-to-date: /home/aajaer/microros_ws/build/micro_ros_demos_rclc/temp_install/publisher_count/publisher_count
[36mInstall the project...[0m
-- Install configuration: ""
-- Install configuration: ""
-- Up-to-date: /home/aajaer/microros_ws/build/micro_ros_demos_rclc/temp_install/configured_subscriber/configured_subscriber
-- Up-to-date: /home/aajaer/microros_ws/build/micro_ros_demos_rclc/temp_install/configured_publisher/configured_publisher
-- Install configuration: ""
-- Up-to-date: /home/aajaer/microros_ws/build/micro_ros_demos_rclc/temp_install/addtwoints_server/addtwoints_server
[  8%] [34m[1mCompleted 'graph_visualizer'[0m
[  8%] [34m[1mCompleted 'int32_subscriber'[0m
[ 10%] [34m[1mCompleted 'publisher_count'[0m
[ 10%] [34m[1mCompleted 'int32_publisher'[0m
[ 13%] Built target subscription_count
[ 13%] [34m[1mCompleted 'configured_subscriber'[0m
[ 14%] [34m[1mCompleted 'addtwoints_server'[0m
[ 14%] [34m[1mCompleted 'configured_publisher'[0m
[ 16%] Built target int32_subscriber
[ 19%] Built target graph_visualizer
[ 21%] Built target int32_publisher
[ 23%] Built target publisher_count
[ 23%] [34m[1mPerforming build step for 'addtwoints_client'[0m
[ 25%] Built target addtwoints_server
[ 28%] Built target configured_publisher
[ 30%] Built target configured_subscriber
[ 32%] [34m[1mPerforming build step for 'fibonacci_action_server'[0m
[ 32%] [34m[1mPerforming build step for 'int32_multinode'[0m
[ 32%] [34m[1mPerforming build step for 'fibonacci_action_client'[0m
[ 32%] [34m[1mPerforming build step for 'int32_publisher_subscriber'[0m
[ 33%] [34m[1mPerforming build step for 'ping_pong'[0m
[ 33%] [34m[1mPerforming build step for 'fragmented_publication'[0m
[ 34%] [34m[1mPerforming build step for 'ping_uros_agent'[0m
[100%] Built target addtwoints_client
[ 35%] [34m[1mPerforming install step for 'addtwoints_client'[0m
[100%] Built target fibonacci_action_server
[100%] Built target int32_multinode
[100%] Built target int32_publisher_subscriber
[ 35%] [34m[1mPerforming install step for 'fibonacci_action_server'[0m
[100%] Built target fibonacci_action_client
[100%] Built target fragmented_publication
[100%] Built target ping_uros_agent
[ 35%] [34m[1mPerforming install step for 'int32_multinode'[0m
[ 35%] [34m[1mPerforming install step for 'int32_publisher_subscriber'[0m
[100%] Built target ping_pong
[ 36%] [34m[1mPerforming install step for 'fragmented_publication'[0m
[ 37%] [34m[1mPerforming install step for 'ping_uros_agent'[0m
[ 37%] [34m[1mPerforming install step for 'fibonacci_action_client'[0m
[100%] Built target addtwoints_client
[ 37%] [34m[1mPerforming install step for 'ping_pong'[0m
[36mInstall the project...[0m
[100%] Built target fibonacci_action_server
-- Install configuration: ""
-- Up-to-date: /home/aajaer/microros_ws/build/micro_ros_demos_rclc/temp_install/addtwoints_client/addtwoints_client
[100%] Built target int32_publisher_subscriber
[100%] Built target int32_multinode
[100%] Built target fragmented_publication
[36mInstall the project...[0m
[100%] Built target fibonacci_action_client
[36mInstall the project...[0m
[100%] Built target ping_pong
[ 37%] [34m[1mCompleted 'addtwoints_client'[0m
[100%] Built target ping_uros_agent
-- Install configuration: ""
-- Up-to-date: /home/aajaer/microros_ws/build/micro_ros_demos_rclc/temp_install/fibonacci_action_server/fibonacci_action_server
[36mInstall the project...[0m
[36mInstall the project...[0m
-- Install configuration: ""
-- Install configuration: ""
-- Up-to-date: /home/aajaer/microros_ws/build/micro_ros_demos_rclc/temp_install/int32_publisher_subscriber/int32_publisher_subscriber
-- Up-to-date: /home/aajaer/microros_ws/build/micro_ros_demos_rclc/temp_install/int32_multinode/int32_multinode
[36mInstall the project...[0m
[36mInstall the project...[0m
-- Install configuration: ""
-- Up-to-date: /home/aajaer/microros_ws/build/micro_ros_demos_rclc/temp_install/fibonacci_action_client/fibonacci_action_client
[36mInstall the project...[0m
-- Install configuration: ""
-- Up-to-date: /home/aajaer/microros_ws/build/micro_ros_demos_rclc/temp_install/ping_pong/ping_pong
[ 37%] [34m[1mCompleted 'fibonacci_action_server'[0m
-- Install configuration: ""
-- Up-to-date: /home/aajaer/microros_ws/build/micro_ros_demos_rclc/temp_install/ping_uros_agent/ping_uros_agent
[ 38%] [34m[1mCompleted 'int32_publisher_subscriber'[0m
[ 40%] Built target addtwoints_client
-- Install configuration: ""
-- Up-to-date: /home/aajaer/microros_ws/build/micro_ros_demos_rclc/temp_install/fragmented_publication/fragmented_publication
[ 40%] [34m[1mCompleted 'int32_multinode'[0m
[ 40%] [34m[1mCompleted 'ping_pong'[0m
[ 41%] [34m[1mCompleted 'fibonacci_action_client'[0m
[ 41%] [34m[1mCompleted 'ping_uros_agent'[0m
[ 41%] [34m[1mPerforming build step for 'fragmented_subscription'[0m
[ 41%] [34m[1mCompleted 'fragmented_publication'[0m
[ 44%] Built target fibonacci_action_server
[ 47%] Built target int32_publisher_subscriber
[ 50%] Built target ping_pong
[ 53%] Built target fibonacci_action_client
[ 54%] [34m[1mPerforming build step for 'complex_msg_publisher'[0m
[ 56%] Built target int32_multinode
[ 58%] Built target ping_uros_agent
[ 58%] [34m[1mPerforming build step for 'complex_msg_subscriber'[0m
[ 59%] Built target fragmented_publication
[ 60%] [34m[1mPerforming build step for 'timer'[0m
[ 61%] [34m[1mPerforming build step for 'string_publisher'[0m
[ 61%] [34m[1mPerforming build step for 'string_subscriber'[0m
[100%] Built target fragmented_subscription
[ 63%] [34m[1mPerforming build step for 'autodiscover_agent'[0m
[ 63%] [34m[1mPerforming build step for 'static_type_handling'[0m
[ 64%] [34m[1mPerforming install step for 'fragmented_subscription'[0m
[100%] Built target complex_msg_publisher
[100%] Built target complex_msg_subscriber
[100%] Built target timer
[ 65%] [34m[1mPerforming install step for 'complex_msg_publisher'[0m
[100%] Built target string_subscriber
[100%] Built target autodiscover_agent
[ 66%] [34m[1mPerforming install step for 'complex_msg_subscriber'[0m
[100%] Built target string_publisher
[100%] Built target static_type_handling
[ 66%] [34m[1mPerforming install step for 'timer'[0m
[100%] Built target fragmented_subscription
[ 67%] [34m[1mPerforming install step for 'string_subscriber'[0m
[ 67%] [34m[1mPerforming install step for 'autodiscover_agent'[0m
[ 67%] [34m[1mPerforming install step for 'static_type_handling'[0m
[ 67%] [34m[1mPerforming install step for 'string_publisher'[0m
[36mInstall the project...[0m
-- Install configuration: ""
-- Up-to-date: /home/aajaer/microros_ws/build/micro_ros_demos_rclc/temp_install/fragmented_subscription/fragmented_subscription
[100%] Built target complex_msg_publisher
[100%] Built target complex_msg_subscriber
[100%] Built target timer
[ 68%] [34m[1mCompleted 'fragmented_subscription'[0m
[100%] Built target string_subscriber
[100%] Built target autodiscover_agent
[36mInstall the project...[0m
[36mInstall the project...[0m
[36mInstall the project...[0m
[100%] Built target string_publisher
[100%] Built target static_type_handling
-- Install configuration: ""
-- Up-to-date: /home/aajaer/microros_ws/build/micro_ros_demos_rclc/temp_install/complex_msg_publisher/complex_msg_publisher
-- Install configuration: ""
-- Up-to-date: /home/aajaer/microros_ws/build/micro_ros_demos_rclc/temp_install/complex_msg_subscriber/complex_msg_subscriber
-- Install configuration: ""
-- Up-to-date: /home/aajaer/microros_ws/build/micro_ros_demos_rclc/temp_install/timer/timer
[36mInstall the project...[0m
[36mInstall the project...[0m
[ 70%] Built target fragmented_subscription
[36mInstall the project...[0m
[ 70%] [34m[1mCompleted 'complex_msg_publisher'[0m
-- Install configuration: ""
-- Up-to-date: /home/aajaer/microros_ws/build/micro_ros_demos_rclc/temp_install/autodiscover_agent/autodiscover_agent
-- Install configuration: ""
-- Up-to-date: /home/aajaer/microros_ws/build/micro_ros_demos_rclc/temp_install/string_subscriber/string_subscriber
[ 70%] [34m[1mCompleted 'timer'[0m
-- Install configuration: ""
-- Up-to-date: /home/aajaer/microros_ws/build/micro_ros_demos_rclc/temp_install/static_type_handling/static_type_handling
[36mInstall the project...[0m
[ 71%] [34m[1mCompleted 'complex_msg_subscriber'[0m
-- Install configuration: ""
-- Up-to-date: /home/aajaer/microros_ws/build/micro_ros_demos_rclc/temp_install/string_publisher/string_publisher
[ 71%] [34m[1mCompleted 'autodiscover_agent'[0m
[ 71%] [34m[1mPerforming build step for 'epoch_synchronization'[0m
[ 71%] [34m[1mCompleted 'static_type_handling'[0m
[ 72%] [34m[1mCompleted 'string_subscriber'[0m
[ 72%] [34m[1mCompleted 'string_publisher'[0m
[ 73%] Built target complex_msg_publisher
[ 76%] Built target timer
[ 78%] Built target complex_msg_subscriber
[ 81%] Built target autodiscover_agent
[ 84%] Built target static_type_handling
[ 86%] Built target string_subscriber
[ 86%] [34m[1mPerforming build step for 'parameter_server'[0m
[ 86%] [34m[1mPerforming build step for 'multithread_publisher_subscriber'[0m
[100%] Built target epoch_synchronization
[ 88%] Built target string_publisher
[ 89%] [34m[1mPerforming install step for 'epoch_synchronization'[0m
[100%] Built target multithread_publisher_subscriber
[100%] Built target parameter_server
[ 90%] [34m[1mPerforming install step for 'parameter_server'[0m
[ 90%] [34m[1mPerforming install step for 'multithread_publisher_subscriber'[0m
[100%] Built target epoch_synchronization
[36mInstall the project...[0m
-- Install configuration: ""
-- Up-to-date: /home/aajaer/microros_ws/build/micro_ros_demos_rclc/temp_install/epoch_synchronization/epoch_synchronization
[100%] Built target multithread_publisher_subscriber
[100%] Built target parameter_server
[ 91%] [34m[1mCompleted 'epoch_synchronization'[0m
[36mInstall the project...[0m
[36mInstall the project...[0m
-- Install configuration: ""
-- Install configuration: ""
-- Up-to-date: /home/aajaer/microros_ws/build/micro_ros_demos_rclc/temp_install/multithread_publisher_subscriber/multithread_publisher_subscriber
-- Up-to-date: /home/aajaer/microros_ws/build/micro_ros_demos_rclc/temp_install/parameter_server/parameter_server
[ 93%] Built target epoch_synchronization
[ 95%] [34m[1mCompleted 'multithread_publisher_subscriber'[0m
[ 95%] [34m[1mCompleted 'parameter_server'[0m
[ 98%] Built target parameter_server
[100%] Built target multithread_publisher_subscriber
-- Install configuration: ""
-- Execute custom install script
-- Up-to-date symlink: /home/aajaer/microros_ws/install/micro_ros_demos_rclc/share/ament_index/resource_index/package_run_dependencies/micro_ros_demos_rclc
-- Up-to-date symlink: /home/aajaer/microros_ws/install/micro_ros_demos_rclc/share/ament_index/resource_index/parent_prefix_path/micro_ros_demos_rclc
-- Up-to-date symlink: /home/aajaer/microros_ws/install/micro_ros_demos_rclc/share/micro_ros_demos_rclc/environment/ament_prefix_path.sh
-- Up-to-date symlink: /home/aajaer/microros_ws/install/micro_ros_demos_rclc/share/micro_ros_demos_rclc/environment/ament_prefix_path.dsv
-- Up-to-date symlink: /home/aajaer/microros_ws/install/micro_ros_demos_rclc/share/micro_ros_demos_rclc/environment/path.sh
-- Up-to-date symlink: /home/aajaer/microros_ws/install/micro_ros_demos_rclc/share/micro_ros_demos_rclc/environment/path.dsv
-- Up-to-date symlink: /home/aajaer/microros_ws/install/micro_ros_demos_rclc/share/micro_ros_demos_rclc/local_setup.bash
-- Up-to-date symlink: /home/aajaer/microros_ws/install/micro_ros_demos_rclc/share/micro_ros_demos_rclc/local_setup.sh
-- Up-to-date symlink: /home/aajaer/microros_ws/install/micro_ros_demos_rclc/share/micro_ros_demos_rclc/local_setup.zsh
-- Up-to-date symlink: /home/aajaer/microros_ws/install/micro_ros_demos_rclc/share/micro_ros_demos_rclc/local_setup.dsv
-- Symlinking: /home/aajaer/microros_ws/install/micro_ros_demos_rclc/share/micro_ros_demos_rclc/package.dsv
-- Up-to-date symlink: /home/aajaer/microros_ws/install/micro_ros_demos_rclc/share/ament_index/resource_index/packages/micro_ros_demos_rclc
-- Up-to-date symlink: /home/aajaer/microros_ws/install/micro_ros_demos_rclc/share/micro_ros_demos_rclc/cmake/micro_ros_demos_rclcConfig.cmake
-- Up-to-date symlink: /home/aajaer/microros_ws/install/micro_ros_demos_rclc/share/micro_ros_demos_rclc/cmake/micro_ros_demos_rclcConfig-version.cmake
-- Up-to-date symlink: /home/aajaer/microros_ws/install/micro_ros_demos_rclc/share/micro_ros_demos_rclc/package.xml
-- Up-to-date: /home/aajaer/microros_ws/install/micro_ros_demos_rclc/lib/micro_ros_demos_rclc
-- Up-to-date: /home/aajaer/microros_ws/install/micro_ros_demos_rclc/lib/micro_ros_demos_rclc/string_publisher
-- Up-to-date: /home/aajaer/microros_ws/install/micro_ros_demos_rclc/lib/micro_ros_demos_rclc/string_publisher/string_publisher
-- Up-to-date: /home/aajaer/microros_ws/install/micro_ros_demos_rclc/lib/micro_ros_demos_rclc/fibonacci_action_client
-- Up-to-date: /home/aajaer/microros_ws/install/micro_ros_demos_rclc/lib/micro_ros_demos_rclc/fibonacci_action_client/fibonacci_action_client
-- Up-to-date: /home/aajaer/microros_ws/install/micro_ros_demos_rclc/lib/micro_ros_demos_rclc/addtwoints_client
-- Up-to-date: /home/aajaer/microros_ws/install/micro_ros_demos_rclc/lib/micro_ros_demos_rclc/addtwoints_client/addtwoints_client
-- Up-to-date: /home/aajaer/microros_ws/install/micro_ros_demos_rclc/lib/micro_ros_demos_rclc/int32_publisher_subscriber
-- Up-to-date: /home/aajaer/microros_ws/install/micro_ros_demos_rclc/lib/micro_ros_demos_rclc/int32_publisher_subscriber/int32_publisher_subscriber
-- Up-to-date: /home/aajaer/microros_ws/install/micro_ros_demos_rclc/lib/micro_ros_demos_rclc/subscription_count
-- Up-to-date: /home/aajaer/microros_ws/install/micro_ros_demos_rclc/lib/micro_ros_demos_rclc/subscription_count/subscription_count
-- Up-to-date: /home/aajaer/microros_ws/install/micro_ros_demos_rclc/lib/micro_ros_demos_rclc/configured_publisher
-- Up-to-date: /home/aajaer/microros_ws/install/micro_ros_demos_rclc/lib/micro_ros_demos_rclc/configured_publisher/configured_publisher
-- Up-to-date: /home/aajaer/microros_ws/install/micro_ros_demos_rclc/lib/micro_ros_demos_rclc/multithread_publisher_subscriber
-- Up-to-date: /home/aajaer/microros_ws/install/micro_ros_demos_rclc/lib/micro_ros_demos_rclc/multithread_publisher_subscriber/multithread_publisher_subscriber
-- Up-to-date: /home/aajaer/microros_ws/install/micro_ros_demos_rclc/lib/micro_ros_demos_rclc/complex_msg_subscriber
-- Up-to-date: /home/aajaer/microros_ws/install/micro_ros_demos_rclc/lib/micro_ros_demos_rclc/complex_msg_subscriber/complex_msg_subscriber
-- Up-to-date: /home/aajaer/microros_ws/install/micro_ros_demos_rclc/lib/micro_ros_demos_rclc/fragmented_subscription
-- Up-to-date: /home/aajaer/microros_ws/install/micro_ros_demos_rclc/lib/micro_ros_demos_rclc/fragmented_subscription/fragmented_subscription
-- Up-to-date: /home/aajaer/microros_ws/install/micro_ros_demos_rclc/lib/micro_ros_demos_rclc/autodiscover_agent
-- Up-to-date: /home/aajaer/microros_ws/install/micro_ros_demos_rclc/lib/micro_ros_demos_rclc/autodiscover_agent/autodiscover_agent
-- Up-to-date: /home/aajaer/microros_ws/install/micro_ros_demos_rclc/lib/micro_ros_demos_rclc/addtwoints_server
-- Up-to-date: /home/aajaer/microros_ws/install/micro_ros_demos_rclc/lib/micro_ros_demos_rclc/addtwoints_server/addtwoints_server
-- Up-to-date: /home/aajaer/microros_ws/install/micro_ros_demos_rclc/lib/micro_ros_demos_rclc/fibonacci_action_server
-- Up-to-date: /home/aajaer/microros_ws/install/micro_ros_demos_rclc/lib/micro_ros_demos_rclc/fibonacci_action_server/fibonacci_action_server
-- Up-to-date: /home/aajaer/microros_ws/install/micro_ros_demos_rclc/lib/micro_ros_demos_rclc/configured_subscriber
-- Up-to-date: /home/aajaer/microros_ws/install/micro_ros_demos_rclc/lib/micro_ros_demos_rclc/configured_subscriber/configured_subscriber
-- Up-to-date: /home/aajaer/microros_ws/install/micro_ros_demos_rclc/lib/micro_ros_demos_rclc/int32_publisher
-- Up-to-date: /home/aajaer/microros_ws/install/micro_ros_demos_rclc/lib/micro_ros_demos_rclc/int32_publisher/int32_publisher
-- Up-to-date: /home/aajaer/microros_ws/install/micro_ros_demos_rclc/lib/micro_ros_demos_rclc/fragmented_publication
-- Up-to-date: /home/aajaer/microros_ws/install/micro_ros_demos_rclc/lib/micro_ros_demos_rclc/fragmented_publication/fragmented_publication
-- Up-to-date: /home/aajaer/microros_ws/install/micro_ros_demos_rclc/lib/micro_ros_demos_rclc/publisher_count
-- Up-to-date: /home/aajaer/microros_ws/install/micro_ros_demos_rclc/lib/micro_ros_demos_rclc/publisher_count/publisher_count
-- Up-to-date: /home/aajaer/microros_ws/install/micro_ros_demos_rclc/lib/micro_ros_demos_rclc/timer
-- Up-to-date: /home/aajaer/microros_ws/install/micro_ros_demos_rclc/lib/micro_ros_demos_rclc/timer/timer
-- Up-to-date: /home/aajaer/microros_ws/install/micro_ros_demos_rclc/lib/micro_ros_demos_rclc/graph_visualizer
-- Up-to-date: /home/aajaer/microros_ws/install/micro_ros_demos_rclc/lib/micro_ros_demos_rclc/graph_visualizer/graph_visualizer
-- Up-to-date: /home/aajaer/microros_ws/install/micro_ros_demos_rclc/lib/micro_ros_demos_rclc/epoch_synchronization
-- Up-to-date: /home/aajaer/microros_ws/install/micro_ros_demos_rclc/lib/micro_ros_demos_rclc/epoch_synchronization/epoch_synchronization
-- Up-to-date: /home/aajaer/microros_ws/install/micro_ros_demos_rclc/lib/micro_ros_demos_rclc/int32_multinode
-- Up-to-date: /home/aajaer/microros_ws/install/micro_ros_demos_rclc/lib/micro_ros_demos_rclc/int32_multinode/int32_multinode
-- Up-to-date: /home/aajaer/microros_ws/install/micro_ros_demos_rclc/lib/micro_ros_demos_rclc/int32_subscriber
-- Up-to-date: /home/aajaer/microros_ws/install/micro_ros_demos_rclc/lib/micro_ros_demos_rclc/int32_subscriber/int32_subscriber
-- Up-to-date: /home/aajaer/microros_ws/install/micro_ros_demos_rclc/lib/micro_ros_demos_rclc/complex_msg_publisher
-- Up-to-date: /home/aajaer/microros_ws/install/micro_ros_demos_rclc/lib/micro_ros_demos_rclc/complex_msg_publisher/complex_msg_publisher
-- Up-to-date: /home/aajaer/microros_ws/install/micro_ros_demos_rclc/lib/micro_ros_demos_rclc/parameter_server
-- Up-to-date: /home/aajaer/microros_ws/install/micro_ros_demos_rclc/lib/micro_ros_demos_rclc/parameter_server/parameter_server
-- Up-to-date: /home/aajaer/microros_ws/install/micro_ros_demos_rclc/lib/micro_ros_demos_rclc/static_type_handling
-- Up-to-date: /home/aajaer/microros_ws/install/micro_ros_demos_rclc/lib/micro_ros_demos_rclc/static_type_handling/static_type_handling
-- Up-to-date: /home/aajaer/microros_ws/install/micro_ros_demos_rclc/lib/micro_ros_demos_rclc/string_subscriber
-- Up-to-date: /home/aajaer/microros_ws/install/micro_ros_demos_rclc/lib/micro_ros_demos_rclc/string_subscriber/string_subscriber
-- Up-to-date: /home/aajaer/microros_ws/install/micro_ros_demos_rclc/lib/micro_ros_demos_rclc/ping_pong
-- Up-to-date: /home/aajaer/microros_ws/install/micro_ros_demos_rclc/lib/micro_ros_demos_rclc/ping_pong/ping_pong
-- Up-to-date: /home/aajaer/microros_ws/install/micro_ros_demos_rclc/lib/micro_ros_demos_rclc/ping_uros_agent
-- Up-to-date: /home/aajaer/microros_ws/install/micro_ros_demos_rclc/lib/micro_ros_demos_rclc/ping_uros_agent/ping_uros_agent
