[0.099s] Invoking command in '/home/aajaer/microros_ws/build/micro_ros_demos_rclc': AMENT_PREFIX_PATH=/home/aajaer/microros_ws/install/visualization_msgs:/home/aajaer/microros_ws/install/rclc_parameter:/home/aajaer/microros_ws/install/sensor_msgs:/home/aajaer/microros_ws/install/rmw_microxrcedds:/home/aajaer/microros_ws/install/rclc:/home/aajaer/microros_ws/install/test_msgs:/home/aajaer/microros_ws/install/rosidl_typesupport_microxrcedds_cpp:/home/aajaer/microros_ws/install/geometry_msgs:/home/aajaer/microros_ws/install/example_interfaces:/home/aajaer/microros_ws/install/std_msgs:/home/aajaer/microros_ws/install/rosidl_typesupport_microxrcedds_c:/home/aajaer/microros_ws/install/rcl_interfaces:/home/aajaer/microros_ws/install/complex_msgs:/home/aajaer/microros_ws/install/action_msgs:/home/aajaer/microros_ws/install/unique_identifier_msgs:/home/aajaer/microros_ws/install/micro_ros_utilities:/home/aajaer/microros_ws/install/micro_ros_msgs:/home/aajaer/microros_ws/install/builtin_interfaces:${AMENT_PREFIX_PATH} CMAKE_PREFIX_PATH=/home/aajaer/microros_ws/install/visualization_msgs:/home/aajaer/microros_ws/install/rclc_parameter:/home/aajaer/microros_ws/install/sensor_msgs:/home/aajaer/microros_ws/install/rmw_microxrcedds:/home/aajaer/microros_ws/install/rclc:/home/aajaer/microros_ws/install/test_msgs:/home/aajaer/microros_ws/install/rosidl_typesupport_microxrcedds_cpp:/home/aajaer/microros_ws/install/geometry_msgs:/home/aajaer/microros_ws/install/example_interfaces:/home/aajaer/microros_ws/install/std_msgs:/home/aajaer/microros_ws/install/rosidl_typesupport_microxrcedds_c:/home/aajaer/microros_ws/install/rcl_interfaces:/home/aajaer/microros_ws/install/microxrcedds_client:/home/aajaer/microros_ws/install/complex_msgs:/home/aajaer/microros_ws/install/action_msgs:/home/aajaer/microros_ws/install/unique_identifier_msgs:/home/aajaer/microros_ws/install/microcdr:/home/aajaer/microros_ws/install/micro_ros_utilities:/home/aajaer/microros_ws/install/micro_ros_msgs:/home/aajaer/microros_ws/install/builtin_interfaces:/opt/ros/humble:/opt/ros/humble LD_LIBRARY_PATH=/home/aajaer/microros_ws/install/visualization_msgs/lib:/home/aajaer/microros_ws/install/rclc_parameter/lib:/home/aajaer/microros_ws/install/sensor_msgs/lib:/home/aajaer/microros_ws/install/rmw_microxrcedds/lib:/home/aajaer/microros_ws/install/rclc/lib:/home/aajaer/microros_ws/install/test_msgs/lib:/home/aajaer/microros_ws/install/rosidl_typesupport_microxrcedds_cpp/lib:/home/aajaer/microros_ws/install/geometry_msgs/lib:/home/aajaer/microros_ws/install/example_interfaces/lib:/home/aajaer/microros_ws/install/std_msgs/lib:/home/aajaer/microros_ws/install/rosidl_typesupport_microxrcedds_c/lib:/home/aajaer/microros_ws/install/rcl_interfaces/lib:/home/aajaer/microros_ws/install/complex_msgs/lib:/home/aajaer/microros_ws/install/action_msgs/lib:/home/aajaer/microros_ws/install/unique_identifier_msgs/lib:/home/aajaer/microros_ws/install/micro_ros_utilities/lib:/home/aajaer/microros_ws/install/micro_ros_msgs/lib:/home/aajaer/microros_ws/install/builtin_interfaces/lib:/opt/ros/humble/opt/rviz_ogre_vendor/lib:/opt/ros/humble/lib/aarch64-linux-gnu:/opt/ros/humble/lib PYTHONPATH=/home/aajaer/microros_ws/install/visualization_msgs/local/lib/python3.10/dist-packages:/home/aajaer/microros_ws/install/sensor_msgs/local/lib/python3.10/dist-packages:/home/aajaer/microros_ws/install/test_msgs/local/lib/python3.10/dist-packages:/home/aajaer/microros_ws/install/rosidl_typesupport_microxrcedds_cpp/local/lib/python3.10/dist-packages:/home/aajaer/microros_ws/install/geometry_msgs/local/lib/python3.10/dist-packages:/home/aajaer/microros_ws/install/example_interfaces/local/lib/python3.10/dist-packages:/home/aajaer/microros_ws/install/std_msgs/local/lib/python3.10/dist-packages:/home/aajaer/microros_ws/install/rosidl_typesupport_microxrcedds_c/local/lib/python3.10/dist-packages:/home/aajaer/microros_ws/install/rcl_interfaces/local/lib/python3.10/dist-packages:/home/aajaer/microros_ws/install/complex_msgs/local/lib/python3.10/dist-packages:/home/aajaer/microros_ws/install/action_msgs/local/lib/python3.10/dist-packages:/home/aajaer/microros_ws/install/unique_identifier_msgs/local/lib/python3.10/dist-packages:/home/aajaer/microros_ws/install/micro_ros_msgs/local/lib/python3.10/dist-packages:/home/aajaer/microros_ws/install/builtin_interfaces/local/lib/python3.10/dist-packages:${PYTHONPATH} /usr/bin/cmake --build /home/aajaer/microros_ws/build/micro_ros_demos_rclc -- -j8 -l8
[0.235s] [  0%] [34m[1mPerforming build step for 'subscription_count'[0m
[0.244s] [  1%] [34m[1mPerforming build step for 'graph_visualizer'[0m
[0.246s] [  1%] [34m[1mPerforming build step for 'int32_publisher'[0m
[0.260s] [  2%] [34m[1mPerforming build step for 'configured_publisher'[0m
[0.261s] [  2%] [34m[1mPerforming build step for 'publisher_count'[0m
[0.276s] [  3%] [34m[1mPerforming build step for 'configured_subscriber'[0m
[0.279s] [  4%] [34m[1mPerforming build step for 'int32_subscriber'[0m
[0.302s] [  4%] [34m[1mPerforming build step for 'addtwoints_server'[0m
[0.393s] [100%] Built target graph_visualizer
[0.393s] [100%] Built target subscription_count
[0.426s] [100%] Built target configured_publisher
[0.445s] [  4%] [34m[1mPerforming install step for 'subscription_count'[0m
[0.449s] [100%] Built target int32_publisher
[0.450s] [100%] Built target publisher_count
[0.461s] [100%] Built target int32_subscriber
[0.469s] [  4%] [34m[1mPerforming install step for 'graph_visualizer'[0m
[0.470s] [100%] Built target configured_subscriber
[0.472s] [100%] Built target addtwoints_server
[0.497s] [  4%] [34m[1mPerforming install step for 'configured_publisher'[0m
[0.517s] [  5%] [34m[1mPerforming install step for 'addtwoints_server'[0m
[0.519s] [  6%] [34m[1mPerforming install step for 'publisher_count'[0m
[0.533s] [  7%] [34m[1mPerforming install step for 'int32_publisher'[0m
[0.535s] [  7%] [34m[1mPerforming install step for 'int32_subscriber'[0m
[0.536s] [  7%] [34m[1mPerforming install step for 'configured_subscriber'[0m
[0.638s] [100%] Built target subscription_count
[0.656s] [100%] Built target graph_visualizer
[0.676s] [100%] Built target publisher_count
[0.679s] [36mInstall the project...[0m
[0.680s] [100%] Built target int32_subscriber
[0.681s] [100%] Built target configured_publisher
[0.700s] -- Install configuration: ""
[0.700s] -- Up-to-date: /home/aajaer/microros_ws/build/micro_ros_demos_rclc/temp_install/subscription_count/subscription_count
[0.706s] [100%] Built target int32_publisher
[0.713s] [100%] Built target configured_subscriber
[0.722s] [100%] Built target addtwoints_server
[0.724s] [36mInstall the project...[0m
[0.739s] [36mInstall the project...[0m
[0.751s] [36mInstall the project...[0m
[0.765s] [36mInstall the project...[0m
[0.766s] -- Install configuration: ""
[0.766s] -- Up-to-date: /home/aajaer/microros_ws/build/micro_ros_demos_rclc/temp_install/int32_subscriber/int32_subscriber
[0.768s] [36mInstall the project...[0m
[0.777s] [  8%] [34m[1mCompleted 'subscription_count'[0m
[0.778s] -- Install configuration: ""
[0.779s] -- Up-to-date: /home/aajaer/microros_ws/build/micro_ros_demos_rclc/temp_install/graph_visualizer/graph_visualizer
[0.786s] [36mInstall the project...[0m
[0.790s] -- Install configuration: ""
[0.790s] -- Up-to-date: /home/aajaer/microros_ws/build/micro_ros_demos_rclc/temp_install/int32_publisher/int32_publisher
[0.792s] -- Install configuration: ""
[0.793s] -- Up-to-date: /home/aajaer/microros_ws/build/micro_ros_demos_rclc/temp_install/publisher_count/publisher_count
[0.793s] [36mInstall the project...[0m
[0.809s] -- Install configuration: ""
[0.810s] -- Install configuration: ""
[0.810s] -- Up-to-date: /home/aajaer/microros_ws/build/micro_ros_demos_rclc/temp_install/configured_subscriber/configured_subscriber
[0.819s] -- Up-to-date: /home/aajaer/microros_ws/build/micro_ros_demos_rclc/temp_install/configured_publisher/configured_publisher
[0.828s] -- Install configuration: ""
[0.829s] -- Up-to-date: /home/aajaer/microros_ws/build/micro_ros_demos_rclc/temp_install/addtwoints_server/addtwoints_server
[0.837s] [  8%] [34m[1mCompleted 'graph_visualizer'[0m
[0.851s] [  8%] [34m[1mCompleted 'int32_subscriber'[0m
[0.852s] [ 10%] [34m[1mCompleted 'publisher_count'[0m
[0.852s] [ 10%] [34m[1mCompleted 'int32_publisher'[0m
[0.881s] [ 13%] Built target subscription_count
[0.897s] [ 13%] [34m[1mCompleted 'configured_subscriber'[0m
[0.914s] [ 14%] [34m[1mCompleted 'addtwoints_server'[0m
[0.929s] [ 14%] [34m[1mCompleted 'configured_publisher'[0m
[0.949s] [ 16%] Built target int32_subscriber
[0.952s] [ 19%] Built target graph_visualizer
[0.959s] [ 21%] Built target int32_publisher
[0.982s] [ 23%] Built target publisher_count
[0.995s] [ 23%] [34m[1mPerforming build step for 'addtwoints_client'[0m
[1.023s] [ 25%] Built target addtwoints_server
[1.035s] [ 28%] Built target configured_publisher
[1.036s] [ 30%] Built target configured_subscriber
[1.047s] [ 32%] [34m[1mPerforming build step for 'fibonacci_action_server'[0m
[1.047s] [ 32%] [34m[1mPerforming build step for 'int32_multinode'[0m
[1.068s] [ 32%] [34m[1mPerforming build step for 'fibonacci_action_client'[0m
[1.069s] [ 32%] [34m[1mPerforming build step for 'int32_publisher_subscriber'[0m
[1.122s] [ 33%] [34m[1mPerforming build step for 'ping_pong'[0m
[1.123s] [ 33%] [34m[1mPerforming build step for 'fragmented_publication'[0m
[1.127s] [ 34%] [34m[1mPerforming build step for 'ping_uros_agent'[0m
[1.143s] [100%] Built target addtwoints_client
[1.201s] [ 35%] [34m[1mPerforming install step for 'addtwoints_client'[0m
[1.212s] [100%] Built target fibonacci_action_server
[1.231s] [100%] Built target int32_multinode
[1.256s] [100%] Built target int32_publisher_subscriber
[1.262s] [ 35%] [34m[1mPerforming install step for 'fibonacci_action_server'[0m
[1.283s] [100%] Built target fibonacci_action_client
[1.287s] [100%] Built target fragmented_publication
[1.293s] [100%] Built target ping_uros_agent
[1.314s] [ 35%] [34m[1mPerforming install step for 'int32_multinode'[0m
[1.330s] [ 35%] [34m[1mPerforming install step for 'int32_publisher_subscriber'[0m
[1.332s] [100%] Built target ping_pong
[1.345s] [ 36%] [34m[1mPerforming install step for 'fragmented_publication'[0m
[1.374s] [ 37%] [34m[1mPerforming install step for 'ping_uros_agent'[0m
[1.374s] [ 37%] [34m[1mPerforming install step for 'fibonacci_action_client'[0m
[1.374s] [100%] Built target addtwoints_client
[1.382s] [ 37%] [34m[1mPerforming install step for 'ping_pong'[0m
[1.425s] [36mInstall the project...[0m
[1.431s] [100%] Built target fibonacci_action_server
[1.444s] -- Install configuration: ""
[1.444s] -- Up-to-date: /home/aajaer/microros_ws/build/micro_ros_demos_rclc/temp_install/addtwoints_client/addtwoints_client
[1.456s] [100%] Built target int32_publisher_subscriber
[1.474s] [100%] Built target int32_multinode
[1.482s] [100%] Built target fragmented_publication
[1.492s] [36mInstall the project...[0m
[1.494s] [100%] Built target fibonacci_action_client
[1.499s] [36mInstall the project...[0m
[1.500s] [100%] Built target ping_pong
[1.501s] [ 37%] [34m[1mCompleted 'addtwoints_client'[0m
[1.510s] [100%] Built target ping_uros_agent
[1.515s] -- Install configuration: ""
[1.515s] -- Up-to-date: /home/aajaer/microros_ws/build/micro_ros_demos_rclc/temp_install/fibonacci_action_server/fibonacci_action_server
[1.516s] [36mInstall the project...[0m
[1.535s] [36mInstall the project...[0m
[1.536s] -- Install configuration: ""
[1.536s] -- Install configuration: ""
[1.536s] -- Up-to-date: /home/aajaer/microros_ws/build/micro_ros_demos_rclc/temp_install/int32_publisher_subscriber/int32_publisher_subscriber
[1.536s] -- Up-to-date: /home/aajaer/microros_ws/build/micro_ros_demos_rclc/temp_install/int32_multinode/int32_multinode
[1.545s] [36mInstall the project...[0m
[1.555s] [36mInstall the project...[0m
[1.556s] -- Install configuration: ""
[1.556s] -- Up-to-date: /home/aajaer/microros_ws/build/micro_ros_demos_rclc/temp_install/fibonacci_action_client/fibonacci_action_client
[1.559s] [36mInstall the project...[0m
[1.566s] -- Install configuration: ""
[1.566s] -- Up-to-date: /home/aajaer/microros_ws/build/micro_ros_demos_rclc/temp_install/ping_pong/ping_pong
[1.570s] [ 37%] [34m[1mCompleted 'fibonacci_action_server'[0m
[1.577s] -- Install configuration: ""
[1.577s] -- Up-to-date: /home/aajaer/microros_ws/build/micro_ros_demos_rclc/temp_install/ping_uros_agent/ping_uros_agent
[1.580s] [ 38%] [34m[1mCompleted 'int32_publisher_subscriber'[0m
[1.583s] [ 40%] Built target addtwoints_client
[1.590s] -- Install configuration: ""
[1.591s] -- Up-to-date: /home/aajaer/microros_ws/build/micro_ros_demos_rclc/temp_install/fragmented_publication/fragmented_publication
[1.606s] [ 40%] [34m[1mCompleted 'int32_multinode'[0m
[1.608s] [ 40%] [34m[1mCompleted 'ping_pong'[0m
[1.614s] [ 41%] [34m[1mCompleted 'fibonacci_action_client'[0m
[1.627s] [ 41%] [34m[1mCompleted 'ping_uros_agent'[0m
[1.637s] [ 41%] [34m[1mPerforming build step for 'fragmented_subscription'[0m
[1.648s] [ 41%] [34m[1mCompleted 'fragmented_publication'[0m
[1.659s] [ 44%] Built target fibonacci_action_server
[1.676s] [ 47%] Built target int32_publisher_subscriber
[1.690s] [ 50%] Built target ping_pong
[1.702s] [ 53%] Built target fibonacci_action_client
[1.708s] [ 54%] [34m[1mPerforming build step for 'complex_msg_publisher'[0m
[1.711s] [ 56%] Built target int32_multinode
[1.728s] [ 58%] Built target ping_uros_agent
[1.729s] [ 58%] [34m[1mPerforming build step for 'complex_msg_subscriber'[0m
[1.729s] [ 59%] Built target fragmented_publication
[1.738s] [ 60%] [34m[1mPerforming build step for 'timer'[0m
[1.756s] [ 61%] [34m[1mPerforming build step for 'string_publisher'[0m
[1.760s] [ 61%] [34m[1mPerforming build step for 'string_subscriber'[0m
[1.761s] [100%] Built target fragmented_subscription
[1.780s] [ 63%] [34m[1mPerforming build step for 'autodiscover_agent'[0m
[1.780s] [ 63%] [34m[1mPerforming build step for 'static_type_handling'[0m
[1.803s] [ 64%] [34m[1mPerforming install step for 'fragmented_subscription'[0m
[1.840s] [100%] Built target complex_msg_publisher
[1.848s] [100%] Built target complex_msg_subscriber
[1.859s] [100%] Built target timer
[1.882s] [ 65%] [34m[1mPerforming install step for 'complex_msg_publisher'[0m
[1.882s] [100%] Built target string_subscriber
[1.886s] [100%] Built target autodiscover_agent
[1.889s] [ 66%] [34m[1mPerforming install step for 'complex_msg_subscriber'[0m
[1.899s] [100%] Built target string_publisher
[1.900s] [100%] Built target static_type_handling
[1.907s] [ 66%] [34m[1mPerforming install step for 'timer'[0m
[1.910s] [100%] Built target fragmented_subscription
[1.924s] [ 67%] [34m[1mPerforming install step for 'string_subscriber'[0m
[1.929s] [ 67%] [34m[1mPerforming install step for 'autodiscover_agent'[0m
[1.941s] [ 67%] [34m[1mPerforming install step for 'static_type_handling'[0m
[1.944s] [ 67%] [34m[1mPerforming install step for 'string_publisher'[0m
[1.954s] [36mInstall the project...[0m
[1.977s] -- Install configuration: ""
[1.978s] -- Up-to-date: /home/aajaer/microros_ws/build/micro_ros_demos_rclc/temp_install/fragmented_subscription/fragmented_subscription
[1.996s] [100%] Built target complex_msg_publisher
[1.996s] [100%] Built target complex_msg_subscriber
[2.013s] [100%] Built target timer
[2.018s] [ 68%] [34m[1mCompleted 'fragmented_subscription'[0m
[2.044s] [100%] Built target string_subscriber
[2.044s] [100%] Built target autodiscover_agent
[2.044s] [36mInstall the project...[0m
[2.051s] [36mInstall the project...[0m
[2.058s] [36mInstall the project...[0m
[2.063s] [100%] Built target string_publisher
[2.063s] [100%] Built target static_type_handling
[2.064s] -- Install configuration: ""
[2.064s] -- Up-to-date: /home/aajaer/microros_ws/build/micro_ros_demos_rclc/temp_install/complex_msg_publisher/complex_msg_publisher
[2.075s] -- Install configuration: ""
[2.076s] -- Up-to-date: /home/aajaer/microros_ws/build/micro_ros_demos_rclc/temp_install/complex_msg_subscriber/complex_msg_subscriber
[2.077s] -- Install configuration: ""
[2.078s] -- Up-to-date: /home/aajaer/microros_ws/build/micro_ros_demos_rclc/temp_install/timer/timer
[2.094s] [36mInstall the project...[0m
[2.097s] [36mInstall the project...[0m
[2.104s] [ 70%] Built target fragmented_subscription
[2.108s] [36mInstall the project...[0m
[2.118s] [ 70%] [34m[1mCompleted 'complex_msg_publisher'[0m
[2.118s] -- Install configuration: ""
[2.119s] -- Up-to-date: /home/aajaer/microros_ws/build/micro_ros_demos_rclc/temp_install/autodiscover_agent/autodiscover_agent
[2.120s] -- Install configuration: ""
[2.121s] -- Up-to-date: /home/aajaer/microros_ws/build/micro_ros_demos_rclc/temp_install/string_subscriber/string_subscriber
[2.126s] [ 70%] [34m[1mCompleted 'timer'[0m
[2.128s] -- Install configuration: ""
[2.129s] -- Up-to-date: /home/aajaer/microros_ws/build/micro_ros_demos_rclc/temp_install/static_type_handling/static_type_handling
[2.138s] [36mInstall the project...[0m
[2.139s] [ 71%] [34m[1mCompleted 'complex_msg_subscriber'[0m
[2.158s] -- Install configuration: ""
[2.159s] -- Up-to-date: /home/aajaer/microros_ws/build/micro_ros_demos_rclc/temp_install/string_publisher/string_publisher
[2.165s] [ 71%] [34m[1mCompleted 'autodiscover_agent'[0m
[2.166s] [ 71%] [34m[1mPerforming build step for 'epoch_synchronization'[0m
[2.174s] [ 71%] [34m[1mCompleted 'static_type_handling'[0m
[2.176s] [ 72%] [34m[1mCompleted 'string_subscriber'[0m
[2.207s] [ 72%] [34m[1mCompleted 'string_publisher'[0m
[2.212s] [ 73%] Built target complex_msg_publisher
[2.214s] [ 76%] Built target timer
[2.219s] [ 78%] Built target complex_msg_subscriber
[2.246s] [ 81%] Built target autodiscover_agent
[2.247s] [ 84%] Built target static_type_handling
[2.260s] [ 86%] Built target string_subscriber
[2.270s] [ 86%] [34m[1mPerforming build step for 'parameter_server'[0m
[2.271s] [ 86%] [34m[1mPerforming build step for 'multithread_publisher_subscriber'[0m
[2.274s] [100%] Built target epoch_synchronization
[2.300s] [ 88%] Built target string_publisher
[2.315s] [ 89%] [34m[1mPerforming install step for 'epoch_synchronization'[0m
[2.374s] [100%] Built target multithread_publisher_subscriber
[2.374s] [100%] Built target parameter_server
[2.415s] [ 90%] [34m[1mPerforming install step for 'parameter_server'[0m
[2.416s] [ 90%] [34m[1mPerforming install step for 'multithread_publisher_subscriber'[0m
[2.423s] [100%] Built target epoch_synchronization
[2.464s] [36mInstall the project...[0m
[2.485s] -- Install configuration: ""
[2.485s] -- Up-to-date: /home/aajaer/microros_ws/build/micro_ros_demos_rclc/temp_install/epoch_synchronization/epoch_synchronization
[2.519s] [100%] Built target multithread_publisher_subscriber
[2.519s] [100%] Built target parameter_server
[2.529s] [ 91%] [34m[1mCompleted 'epoch_synchronization'[0m
[2.564s] [36mInstall the project...[0m
[2.565s] [36mInstall the project...[0m
[2.585s] -- Install configuration: ""
[2.585s] -- Install configuration: ""
[2.586s] -- Up-to-date: /home/aajaer/microros_ws/build/micro_ros_demos_rclc/temp_install/multithread_publisher_subscriber/multithread_publisher_subscriber
[2.586s] -- Up-to-date: /home/aajaer/microros_ws/build/micro_ros_demos_rclc/temp_install/parameter_server/parameter_server
[2.606s] [ 93%] Built target epoch_synchronization
[2.629s] [ 95%] [34m[1mCompleted 'multithread_publisher_subscriber'[0m
[2.630s] [ 95%] [34m[1mCompleted 'parameter_server'[0m
[2.711s] [ 98%] Built target parameter_server
[2.718s] [100%] Built target multithread_publisher_subscriber
[2.749s] Invoked command in '/home/aajaer/microros_ws/build/micro_ros_demos_rclc' returned '0': AMENT_PREFIX_PATH=/home/aajaer/microros_ws/install/visualization_msgs:/home/aajaer/microros_ws/install/rclc_parameter:/home/aajaer/microros_ws/install/sensor_msgs:/home/aajaer/microros_ws/install/rmw_microxrcedds:/home/aajaer/microros_ws/install/rclc:/home/aajaer/microros_ws/install/test_msgs:/home/aajaer/microros_ws/install/rosidl_typesupport_microxrcedds_cpp:/home/aajaer/microros_ws/install/geometry_msgs:/home/aajaer/microros_ws/install/example_interfaces:/home/aajaer/microros_ws/install/std_msgs:/home/aajaer/microros_ws/install/rosidl_typesupport_microxrcedds_c:/home/aajaer/microros_ws/install/rcl_interfaces:/home/aajaer/microros_ws/install/complex_msgs:/home/aajaer/microros_ws/install/action_msgs:/home/aajaer/microros_ws/install/unique_identifier_msgs:/home/aajaer/microros_ws/install/micro_ros_utilities:/home/aajaer/microros_ws/install/micro_ros_msgs:/home/aajaer/microros_ws/install/builtin_interfaces:${AMENT_PREFIX_PATH} CMAKE_PREFIX_PATH=/home/aajaer/microros_ws/install/visualization_msgs:/home/aajaer/microros_ws/install/rclc_parameter:/home/aajaer/microros_ws/install/sensor_msgs:/home/aajaer/microros_ws/install/rmw_microxrcedds:/home/aajaer/microros_ws/install/rclc:/home/aajaer/microros_ws/install/test_msgs:/home/aajaer/microros_ws/install/rosidl_typesupport_microxrcedds_cpp:/home/aajaer/microros_ws/install/geometry_msgs:/home/aajaer/microros_ws/install/example_interfaces:/home/aajaer/microros_ws/install/std_msgs:/home/aajaer/microros_ws/install/rosidl_typesupport_microxrcedds_c:/home/aajaer/microros_ws/install/rcl_interfaces:/home/aajaer/microros_ws/install/microxrcedds_client:/home/aajaer/microros_ws/install/complex_msgs:/home/aajaer/microros_ws/install/action_msgs:/home/aajaer/microros_ws/install/unique_identifier_msgs:/home/aajaer/microros_ws/install/microcdr:/home/aajaer/microros_ws/install/micro_ros_utilities:/home/aajaer/microros_ws/install/micro_ros_msgs:/home/aajaer/microros_ws/install/builtin_interfaces:/opt/ros/humble:/opt/ros/humble LD_LIBRARY_PATH=/home/aajaer/microros_ws/install/visualization_msgs/lib:/home/aajaer/microros_ws/install/rclc_parameter/lib:/home/aajaer/microros_ws/install/sensor_msgs/lib:/home/aajaer/microros_ws/install/rmw_microxrcedds/lib:/home/aajaer/microros_ws/install/rclc/lib:/home/aajaer/microros_ws/install/test_msgs/lib:/home/aajaer/microros_ws/install/rosidl_typesupport_microxrcedds_cpp/lib:/home/aajaer/microros_ws/install/geometry_msgs/lib:/home/aajaer/microros_ws/install/example_interfaces/lib:/home/aajaer/microros_ws/install/std_msgs/lib:/home/aajaer/microros_ws/install/rosidl_typesupport_microxrcedds_c/lib:/home/aajaer/microros_ws/install/rcl_interfaces/lib:/home/aajaer/microros_ws/install/complex_msgs/lib:/home/aajaer/microros_ws/install/action_msgs/lib:/home/aajaer/microros_ws/install/unique_identifier_msgs/lib:/home/aajaer/microros_ws/install/micro_ros_utilities/lib:/home/aajaer/microros_ws/install/micro_ros_msgs/lib:/home/aajaer/microros_ws/install/builtin_interfaces/lib:/opt/ros/humble/opt/rviz_ogre_vendor/lib:/opt/ros/humble/lib/aarch64-linux-gnu:/opt/ros/humble/lib PYTHONPATH=/home/aajaer/microros_ws/install/visualization_msgs/local/lib/python3.10/dist-packages:/home/aajaer/microros_ws/install/sensor_msgs/local/lib/python3.10/dist-packages:/home/aajaer/microros_ws/install/test_msgs/local/lib/python3.10/dist-packages:/home/aajaer/microros_ws/install/rosidl_typesupport_microxrcedds_cpp/local/lib/python3.10/dist-packages:/home/aajaer/microros_ws/install/geometry_msgs/local/lib/python3.10/dist-packages:/home/aajaer/microros_ws/install/example_interfaces/local/lib/python3.10/dist-packages:/home/aajaer/microros_ws/install/std_msgs/local/lib/python3.10/dist-packages:/home/aajaer/microros_ws/install/rosidl_typesupport_microxrcedds_c/local/lib/python3.10/dist-packages:/home/aajaer/microros_ws/install/rcl_interfaces/local/lib/python3.10/dist-packages:/home/aajaer/microros_ws/install/complex_msgs/local/lib/python3.10/dist-packages:/home/aajaer/microros_ws/install/action_msgs/local/lib/python3.10/dist-packages:/home/aajaer/microros_ws/install/unique_identifier_msgs/local/lib/python3.10/dist-packages:/home/aajaer/microros_ws/install/micro_ros_msgs/local/lib/python3.10/dist-packages:/home/aajaer/microros_ws/install/builtin_interfaces/local/lib/python3.10/dist-packages:${PYTHONPATH} /usr/bin/cmake --build /home/aajaer/microros_ws/build/micro_ros_demos_rclc -- -j8 -l8
[2.754s] Invoking command in '/home/aajaer/microros_ws/build/micro_ros_demos_rclc': AMENT_PREFIX_PATH=/home/aajaer/microros_ws/install/visualization_msgs:/home/aajaer/microros_ws/install/rclc_parameter:/home/aajaer/microros_ws/install/sensor_msgs:/home/aajaer/microros_ws/install/rmw_microxrcedds:/home/aajaer/microros_ws/install/rclc:/home/aajaer/microros_ws/install/test_msgs:/home/aajaer/microros_ws/install/rosidl_typesupport_microxrcedds_cpp:/home/aajaer/microros_ws/install/geometry_msgs:/home/aajaer/microros_ws/install/example_interfaces:/home/aajaer/microros_ws/install/std_msgs:/home/aajaer/microros_ws/install/rosidl_typesupport_microxrcedds_c:/home/aajaer/microros_ws/install/rcl_interfaces:/home/aajaer/microros_ws/install/complex_msgs:/home/aajaer/microros_ws/install/action_msgs:/home/aajaer/microros_ws/install/unique_identifier_msgs:/home/aajaer/microros_ws/install/micro_ros_utilities:/home/aajaer/microros_ws/install/micro_ros_msgs:/home/aajaer/microros_ws/install/builtin_interfaces:${AMENT_PREFIX_PATH} CMAKE_PREFIX_PATH=/home/aajaer/microros_ws/install/visualization_msgs:/home/aajaer/microros_ws/install/rclc_parameter:/home/aajaer/microros_ws/install/sensor_msgs:/home/aajaer/microros_ws/install/rmw_microxrcedds:/home/aajaer/microros_ws/install/rclc:/home/aajaer/microros_ws/install/test_msgs:/home/aajaer/microros_ws/install/rosidl_typesupport_microxrcedds_cpp:/home/aajaer/microros_ws/install/geometry_msgs:/home/aajaer/microros_ws/install/example_interfaces:/home/aajaer/microros_ws/install/std_msgs:/home/aajaer/microros_ws/install/rosidl_typesupport_microxrcedds_c:/home/aajaer/microros_ws/install/rcl_interfaces:/home/aajaer/microros_ws/install/microxrcedds_client:/home/aajaer/microros_ws/install/complex_msgs:/home/aajaer/microros_ws/install/action_msgs:/home/aajaer/microros_ws/install/unique_identifier_msgs:/home/aajaer/microros_ws/install/microcdr:/home/aajaer/microros_ws/install/micro_ros_utilities:/home/aajaer/microros_ws/install/micro_ros_msgs:/home/aajaer/microros_ws/install/builtin_interfaces:/opt/ros/humble:/opt/ros/humble LD_LIBRARY_PATH=/home/aajaer/microros_ws/install/visualization_msgs/lib:/home/aajaer/microros_ws/install/rclc_parameter/lib:/home/aajaer/microros_ws/install/sensor_msgs/lib:/home/aajaer/microros_ws/install/rmw_microxrcedds/lib:/home/aajaer/microros_ws/install/rclc/lib:/home/aajaer/microros_ws/install/test_msgs/lib:/home/aajaer/microros_ws/install/rosidl_typesupport_microxrcedds_cpp/lib:/home/aajaer/microros_ws/install/geometry_msgs/lib:/home/aajaer/microros_ws/install/example_interfaces/lib:/home/aajaer/microros_ws/install/std_msgs/lib:/home/aajaer/microros_ws/install/rosidl_typesupport_microxrcedds_c/lib:/home/aajaer/microros_ws/install/rcl_interfaces/lib:/home/aajaer/microros_ws/install/complex_msgs/lib:/home/aajaer/microros_ws/install/action_msgs/lib:/home/aajaer/microros_ws/install/unique_identifier_msgs/lib:/home/aajaer/microros_ws/install/micro_ros_utilities/lib:/home/aajaer/microros_ws/install/micro_ros_msgs/lib:/home/aajaer/microros_ws/install/builtin_interfaces/lib:/opt/ros/humble/opt/rviz_ogre_vendor/lib:/opt/ros/humble/lib/aarch64-linux-gnu:/opt/ros/humble/lib PYTHONPATH=/home/aajaer/microros_ws/install/visualization_msgs/local/lib/python3.10/dist-packages:/home/aajaer/microros_ws/install/sensor_msgs/local/lib/python3.10/dist-packages:/home/aajaer/microros_ws/install/test_msgs/local/lib/python3.10/dist-packages:/home/aajaer/microros_ws/install/rosidl_typesupport_microxrcedds_cpp/local/lib/python3.10/dist-packages:/home/aajaer/microros_ws/install/geometry_msgs/local/lib/python3.10/dist-packages:/home/aajaer/microros_ws/install/example_interfaces/local/lib/python3.10/dist-packages:/home/aajaer/microros_ws/install/std_msgs/local/lib/python3.10/dist-packages:/home/aajaer/microros_ws/install/rosidl_typesupport_microxrcedds_c/local/lib/python3.10/dist-packages:/home/aajaer/microros_ws/install/rcl_interfaces/local/lib/python3.10/dist-packages:/home/aajaer/microros_ws/install/complex_msgs/local/lib/python3.10/dist-packages:/home/aajaer/microros_ws/install/action_msgs/local/lib/python3.10/dist-packages:/home/aajaer/microros_ws/install/unique_identifier_msgs/local/lib/python3.10/dist-packages:/home/aajaer/microros_ws/install/micro_ros_msgs/local/lib/python3.10/dist-packages:/home/aajaer/microros_ws/install/builtin_interfaces/local/lib/python3.10/dist-packages:${PYTHONPATH} /usr/bin/cmake --install /home/aajaer/microros_ws/build/micro_ros_demos_rclc
[2.772s] -- Install configuration: ""
[2.772s] -- Execute custom install script
[2.773s] -- Up-to-date symlink: /home/aajaer/microros_ws/install/micro_ros_demos_rclc/share/ament_index/resource_index/package_run_dependencies/micro_ros_demos_rclc
[2.773s] -- Up-to-date symlink: /home/aajaer/microros_ws/install/micro_ros_demos_rclc/share/ament_index/resource_index/parent_prefix_path/micro_ros_demos_rclc
[2.774s] -- Up-to-date symlink: /home/aajaer/microros_ws/install/micro_ros_demos_rclc/share/micro_ros_demos_rclc/environment/ament_prefix_path.sh
[2.774s] -- Up-to-date symlink: /home/aajaer/microros_ws/install/micro_ros_demos_rclc/share/micro_ros_demos_rclc/environment/ament_prefix_path.dsv
[2.774s] -- Up-to-date symlink: /home/aajaer/microros_ws/install/micro_ros_demos_rclc/share/micro_ros_demos_rclc/environment/path.sh
[2.775s] -- Up-to-date symlink: /home/aajaer/microros_ws/install/micro_ros_demos_rclc/share/micro_ros_demos_rclc/environment/path.dsv
[2.775s] -- Up-to-date symlink: /home/aajaer/microros_ws/install/micro_ros_demos_rclc/share/micro_ros_demos_rclc/local_setup.bash
[2.775s] -- Up-to-date symlink: /home/aajaer/microros_ws/install/micro_ros_demos_rclc/share/micro_ros_demos_rclc/local_setup.sh
[2.775s] -- Up-to-date symlink: /home/aajaer/microros_ws/install/micro_ros_demos_rclc/share/micro_ros_demos_rclc/local_setup.zsh
[2.776s] -- Up-to-date symlink: /home/aajaer/microros_ws/install/micro_ros_demos_rclc/share/micro_ros_demos_rclc/local_setup.dsv
[2.776s] -- Symlinking: /home/aajaer/microros_ws/install/micro_ros_demos_rclc/share/micro_ros_demos_rclc/package.dsv
[2.798s] -- Up-to-date symlink: /home/aajaer/microros_ws/install/micro_ros_demos_rclc/share/ament_index/resource_index/packages/micro_ros_demos_rclc
[2.798s] -- Up-to-date symlink: /home/aajaer/microros_ws/install/micro_ros_demos_rclc/share/micro_ros_demos_rclc/cmake/micro_ros_demos_rclcConfig.cmake
[2.799s] -- Up-to-date symlink: /home/aajaer/microros_ws/install/micro_ros_demos_rclc/share/micro_ros_demos_rclc/cmake/micro_ros_demos_rclcConfig-version.cmake
[2.799s] -- Up-to-date symlink: /home/aajaer/microros_ws/install/micro_ros_demos_rclc/share/micro_ros_demos_rclc/package.xml
[2.799s] -- Up-to-date: /home/aajaer/microros_ws/install/micro_ros_demos_rclc/lib/micro_ros_demos_rclc
[2.800s] -- Up-to-date: /home/aajaer/microros_ws/install/micro_ros_demos_rclc/lib/micro_ros_demos_rclc/string_publisher
[2.800s] -- Up-to-date: /home/aajaer/microros_ws/install/micro_ros_demos_rclc/lib/micro_ros_demos_rclc/string_publisher/string_publisher
[2.800s] -- Up-to-date: /home/aajaer/microros_ws/install/micro_ros_demos_rclc/lib/micro_ros_demos_rclc/fibonacci_action_client
[2.801s] -- Up-to-date: /home/aajaer/microros_ws/install/micro_ros_demos_rclc/lib/micro_ros_demos_rclc/fibonacci_action_client/fibonacci_action_client
[2.801s] -- Up-to-date: /home/aajaer/microros_ws/install/micro_ros_demos_rclc/lib/micro_ros_demos_rclc/addtwoints_client
[2.801s] -- Up-to-date: /home/aajaer/microros_ws/install/micro_ros_demos_rclc/lib/micro_ros_demos_rclc/addtwoints_client/addtwoints_client
[2.802s] -- Up-to-date: /home/aajaer/microros_ws/install/micro_ros_demos_rclc/lib/micro_ros_demos_rclc/int32_publisher_subscriber
[2.802s] -- Up-to-date: /home/aajaer/microros_ws/install/micro_ros_demos_rclc/lib/micro_ros_demos_rclc/int32_publisher_subscriber/int32_publisher_subscriber
[2.802s] -- Up-to-date: /home/aajaer/microros_ws/install/micro_ros_demos_rclc/lib/micro_ros_demos_rclc/subscription_count
[2.802s] -- Up-to-date: /home/aajaer/microros_ws/install/micro_ros_demos_rclc/lib/micro_ros_demos_rclc/subscription_count/subscription_count
[2.802s] -- Up-to-date: /home/aajaer/microros_ws/install/micro_ros_demos_rclc/lib/micro_ros_demos_rclc/configured_publisher
[2.802s] -- Up-to-date: /home/aajaer/microros_ws/install/micro_ros_demos_rclc/lib/micro_ros_demos_rclc/configured_publisher/configured_publisher
[2.802s] -- Up-to-date: /home/aajaer/microros_ws/install/micro_ros_demos_rclc/lib/micro_ros_demos_rclc/multithread_publisher_subscriber
[2.803s] -- Up-to-date: /home/aajaer/microros_ws/install/micro_ros_demos_rclc/lib/micro_ros_demos_rclc/multithread_publisher_subscriber/multithread_publisher_subscriber
[2.803s] -- Up-to-date: /home/aajaer/microros_ws/install/micro_ros_demos_rclc/lib/micro_ros_demos_rclc/complex_msg_subscriber
[2.803s] -- Up-to-date: /home/aajaer/microros_ws/install/micro_ros_demos_rclc/lib/micro_ros_demos_rclc/complex_msg_subscriber/complex_msg_subscriber
[2.803s] -- Up-to-date: /home/aajaer/microros_ws/install/micro_ros_demos_rclc/lib/micro_ros_demos_rclc/fragmented_subscription
[2.803s] -- Up-to-date: /home/aajaer/microros_ws/install/micro_ros_demos_rclc/lib/micro_ros_demos_rclc/fragmented_subscription/fragmented_subscription
[2.803s] -- Up-to-date: /home/aajaer/microros_ws/install/micro_ros_demos_rclc/lib/micro_ros_demos_rclc/autodiscover_agent
[2.803s] -- Up-to-date: /home/aajaer/microros_ws/install/micro_ros_demos_rclc/lib/micro_ros_demos_rclc/autodiscover_agent/autodiscover_agent
[2.803s] -- Up-to-date: /home/aajaer/microros_ws/install/micro_ros_demos_rclc/lib/micro_ros_demos_rclc/addtwoints_server
[2.804s] -- Up-to-date: /home/aajaer/microros_ws/install/micro_ros_demos_rclc/lib/micro_ros_demos_rclc/addtwoints_server/addtwoints_server
[2.804s] -- Up-to-date: /home/aajaer/microros_ws/install/micro_ros_demos_rclc/lib/micro_ros_demos_rclc/fibonacci_action_server
[2.804s] -- Up-to-date: /home/aajaer/microros_ws/install/micro_ros_demos_rclc/lib/micro_ros_demos_rclc/fibonacci_action_server/fibonacci_action_server
[2.804s] -- Up-to-date: /home/aajaer/microros_ws/install/micro_ros_demos_rclc/lib/micro_ros_demos_rclc/configured_subscriber
[2.805s] -- Up-to-date: /home/aajaer/microros_ws/install/micro_ros_demos_rclc/lib/micro_ros_demos_rclc/configured_subscriber/configured_subscriber
[2.806s] -- Up-to-date: /home/aajaer/microros_ws/install/micro_ros_demos_rclc/lib/micro_ros_demos_rclc/int32_publisher
[2.808s] -- Up-to-date: /home/aajaer/microros_ws/install/micro_ros_demos_rclc/lib/micro_ros_demos_rclc/int32_publisher/int32_publisher
[2.808s] -- Up-to-date: /home/aajaer/microros_ws/install/micro_ros_demos_rclc/lib/micro_ros_demos_rclc/fragmented_publication
[2.808s] -- Up-to-date: /home/aajaer/microros_ws/install/micro_ros_demos_rclc/lib/micro_ros_demos_rclc/fragmented_publication/fragmented_publication
[2.809s] -- Up-to-date: /home/aajaer/microros_ws/install/micro_ros_demos_rclc/lib/micro_ros_demos_rclc/publisher_count
[2.809s] -- Up-to-date: /home/aajaer/microros_ws/install/micro_ros_demos_rclc/lib/micro_ros_demos_rclc/publisher_count/publisher_count
[2.810s] -- Up-to-date: /home/aajaer/microros_ws/install/micro_ros_demos_rclc/lib/micro_ros_demos_rclc/timer
[2.810s] -- Up-to-date: /home/aajaer/microros_ws/install/micro_ros_demos_rclc/lib/micro_ros_demos_rclc/timer/timer
[2.811s] -- Up-to-date: /home/aajaer/microros_ws/install/micro_ros_demos_rclc/lib/micro_ros_demos_rclc/graph_visualizer
[2.811s] -- Up-to-date: /home/aajaer/microros_ws/install/micro_ros_demos_rclc/lib/micro_ros_demos_rclc/graph_visualizer/graph_visualizer
[2.811s] -- Up-to-date: /home/aajaer/microros_ws/install/micro_ros_demos_rclc/lib/micro_ros_demos_rclc/epoch_synchronization
[2.812s] -- Up-to-date: /home/aajaer/microros_ws/install/micro_ros_demos_rclc/lib/micro_ros_demos_rclc/epoch_synchronization/epoch_synchronization
[2.812s] -- Up-to-date: /home/aajaer/microros_ws/install/micro_ros_demos_rclc/lib/micro_ros_demos_rclc/int32_multinode
[2.813s] -- Up-to-date: /home/aajaer/microros_ws/install/micro_ros_demos_rclc/lib/micro_ros_demos_rclc/int32_multinode/int32_multinode
[2.813s] -- Up-to-date: /home/aajaer/microros_ws/install/micro_ros_demos_rclc/lib/micro_ros_demos_rclc/int32_subscriber
[2.814s] -- Up-to-date: /home/aajaer/microros_ws/install/micro_ros_demos_rclc/lib/micro_ros_demos_rclc/int32_subscriber/int32_subscriber
[2.814s] -- Up-to-date: /home/aajaer/microros_ws/install/micro_ros_demos_rclc/lib/micro_ros_demos_rclc/complex_msg_publisher
[2.815s] -- Up-to-date: /home/aajaer/microros_ws/install/micro_ros_demos_rclc/lib/micro_ros_demos_rclc/complex_msg_publisher/complex_msg_publisher
[2.815s] -- Up-to-date: /home/aajaer/microros_ws/install/micro_ros_demos_rclc/lib/micro_ros_demos_rclc/parameter_server
[2.815s] -- Up-to-date: /home/aajaer/microros_ws/install/micro_ros_demos_rclc/lib/micro_ros_demos_rclc/parameter_server/parameter_server
[2.816s] -- Up-to-date: /home/aajaer/microros_ws/install/micro_ros_demos_rclc/lib/micro_ros_demos_rclc/static_type_handling
[2.816s] -- Up-to-date: /home/aajaer/microros_ws/install/micro_ros_demos_rclc/lib/micro_ros_demos_rclc/static_type_handling/static_type_handling
[2.816s] -- Up-to-date: /home/aajaer/microros_ws/install/micro_ros_demos_rclc/lib/micro_ros_demos_rclc/string_subscriber
[2.817s] -- Up-to-date: /home/aajaer/microros_ws/install/micro_ros_demos_rclc/lib/micro_ros_demos_rclc/string_subscriber/string_subscriber
[2.817s] -- Up-to-date: /home/aajaer/microros_ws/install/micro_ros_demos_rclc/lib/micro_ros_demos_rclc/ping_pong
[2.817s] -- Up-to-date: /home/aajaer/microros_ws/install/micro_ros_demos_rclc/lib/micro_ros_demos_rclc/ping_pong/ping_pong
[2.818s] -- Up-to-date: /home/aajaer/microros_ws/install/micro_ros_demos_rclc/lib/micro_ros_demos_rclc/ping_uros_agent
[2.818s] -- Up-to-date: /home/aajaer/microros_ws/install/micro_ros_demos_rclc/lib/micro_ros_demos_rclc/ping_uros_agent/ping_uros_agent
[2.819s] Invoked command in '/home/aajaer/microros_ws/build/micro_ros_demos_rclc' returned '0': AMENT_PREFIX_PATH=/home/aajaer/microros_ws/install/visualization_msgs:/home/aajaer/microros_ws/install/rclc_parameter:/home/aajaer/microros_ws/install/sensor_msgs:/home/aajaer/microros_ws/install/rmw_microxrcedds:/home/aajaer/microros_ws/install/rclc:/home/aajaer/microros_ws/install/test_msgs:/home/aajaer/microros_ws/install/rosidl_typesupport_microxrcedds_cpp:/home/aajaer/microros_ws/install/geometry_msgs:/home/aajaer/microros_ws/install/example_interfaces:/home/aajaer/microros_ws/install/std_msgs:/home/aajaer/microros_ws/install/rosidl_typesupport_microxrcedds_c:/home/aajaer/microros_ws/install/rcl_interfaces:/home/aajaer/microros_ws/install/complex_msgs:/home/aajaer/microros_ws/install/action_msgs:/home/aajaer/microros_ws/install/unique_identifier_msgs:/home/aajaer/microros_ws/install/micro_ros_utilities:/home/aajaer/microros_ws/install/micro_ros_msgs:/home/aajaer/microros_ws/install/builtin_interfaces:${AMENT_PREFIX_PATH} CMAKE_PREFIX_PATH=/home/aajaer/microros_ws/install/visualization_msgs:/home/aajaer/microros_ws/install/rclc_parameter:/home/aajaer/microros_ws/install/sensor_msgs:/home/aajaer/microros_ws/install/rmw_microxrcedds:/home/aajaer/microros_ws/install/rclc:/home/aajaer/microros_ws/install/test_msgs:/home/aajaer/microros_ws/install/rosidl_typesupport_microxrcedds_cpp:/home/aajaer/microros_ws/install/geometry_msgs:/home/aajaer/microros_ws/install/example_interfaces:/home/aajaer/microros_ws/install/std_msgs:/home/aajaer/microros_ws/install/rosidl_typesupport_microxrcedds_c:/home/aajaer/microros_ws/install/rcl_interfaces:/home/aajaer/microros_ws/install/microxrcedds_client:/home/aajaer/microros_ws/install/complex_msgs:/home/aajaer/microros_ws/install/action_msgs:/home/aajaer/microros_ws/install/unique_identifier_msgs:/home/aajaer/microros_ws/install/microcdr:/home/aajaer/microros_ws/install/micro_ros_utilities:/home/aajaer/microros_ws/install/micro_ros_msgs:/home/aajaer/microros_ws/install/builtin_interfaces:/opt/ros/humble:/opt/ros/humble LD_LIBRARY_PATH=/home/aajaer/microros_ws/install/visualization_msgs/lib:/home/aajaer/microros_ws/install/rclc_parameter/lib:/home/aajaer/microros_ws/install/sensor_msgs/lib:/home/aajaer/microros_ws/install/rmw_microxrcedds/lib:/home/aajaer/microros_ws/install/rclc/lib:/home/aajaer/microros_ws/install/test_msgs/lib:/home/aajaer/microros_ws/install/rosidl_typesupport_microxrcedds_cpp/lib:/home/aajaer/microros_ws/install/geometry_msgs/lib:/home/aajaer/microros_ws/install/example_interfaces/lib:/home/aajaer/microros_ws/install/std_msgs/lib:/home/aajaer/microros_ws/install/rosidl_typesupport_microxrcedds_c/lib:/home/aajaer/microros_ws/install/rcl_interfaces/lib:/home/aajaer/microros_ws/install/complex_msgs/lib:/home/aajaer/microros_ws/install/action_msgs/lib:/home/aajaer/microros_ws/install/unique_identifier_msgs/lib:/home/aajaer/microros_ws/install/micro_ros_utilities/lib:/home/aajaer/microros_ws/install/micro_ros_msgs/lib:/home/aajaer/microros_ws/install/builtin_interfaces/lib:/opt/ros/humble/opt/rviz_ogre_vendor/lib:/opt/ros/humble/lib/aarch64-linux-gnu:/opt/ros/humble/lib PYTHONPATH=/home/aajaer/microros_ws/install/visualization_msgs/local/lib/python3.10/dist-packages:/home/aajaer/microros_ws/install/sensor_msgs/local/lib/python3.10/dist-packages:/home/aajaer/microros_ws/install/test_msgs/local/lib/python3.10/dist-packages:/home/aajaer/microros_ws/install/rosidl_typesupport_microxrcedds_cpp/local/lib/python3.10/dist-packages:/home/aajaer/microros_ws/install/geometry_msgs/local/lib/python3.10/dist-packages:/home/aajaer/microros_ws/install/example_interfaces/local/lib/python3.10/dist-packages:/home/aajaer/microros_ws/install/std_msgs/local/lib/python3.10/dist-packages:/home/aajaer/microros_ws/install/rosidl_typesupport_microxrcedds_c/local/lib/python3.10/dist-packages:/home/aajaer/microros_ws/install/rcl_interfaces/local/lib/python3.10/dist-packages:/home/aajaer/microros_ws/install/complex_msgs/local/lib/python3.10/dist-packages:/home/aajaer/microros_ws/install/action_msgs/local/lib/python3.10/dist-packages:/home/aajaer/microros_ws/install/unique_identifier_msgs/local/lib/python3.10/dist-packages:/home/aajaer/microros_ws/install/micro_ros_msgs/local/lib/python3.10/dist-packages:/home/aajaer/microros_ws/install/builtin_interfaces/local/lib/python3.10/dist-packages:${PYTHONPATH} /usr/bin/cmake --install /home/aajaer/microros_ws/build/micro_ros_demos_rclc
