running egg_info
creating ../../build/motor_control_pkg/motor_control_pkg.egg-info
writing ../../build/motor_control_pkg/motor_control_pkg.egg-info/PKG-INFO
writing dependency_links to ../../build/motor_control_pkg/motor_control_pkg.egg-info/dependency_links.txt
writing entry points to ../../build/motor_control_pkg/motor_control_pkg.egg-info/entry_points.txt
writing requirements to ../../build/motor_control_pkg/motor_control_pkg.egg-info/requires.txt
writing top-level names to ../../build/motor_control_pkg/motor_control_pkg.egg-info/top_level.txt
writing manifest file '../../build/motor_control_pkg/motor_control_pkg.egg-info/SOURCES.txt'
reading manifest file '../../build/motor_control_pkg/motor_control_pkg.egg-info/SOURCES.txt'
writing manifest file '../../build/motor_control_pkg/motor_control_pkg.egg-info/SOURCES.txt'
running build
running build_py
creating /home/aajaer/microros_ws/build/motor_control_pkg/build
creating /home/aajaer/microros_ws/build/motor_control_pkg/build/lib
creating /home/aajaer/microros_ws/build/motor_control_pkg/build/lib/motor_control_pkg
copying motor_control_pkg/lidar_motor_control.py -> /home/aajaer/microros_ws/build/motor_control_pkg/build/lib/motor_control_pkg
copying motor_control_pkg/__init__.py -> /home/aajaer/microros_ws/build/motor_control_pkg/build/lib/motor_control_pkg
running install
running install_lib
creating /home/aajaer/microros_ws/install/motor_control_pkg/lib/python3.10/site-packages/motor_control_pkg
copying /home/aajaer/microros_ws/build/motor_control_pkg/build/lib/motor_control_pkg/lidar_motor_control.py -> /home/aajaer/microros_ws/install/motor_control_pkg/lib/python3.10/site-packages/motor_control_pkg
copying /home/aajaer/microros_ws/build/motor_control_pkg/build/lib/motor_control_pkg/__init__.py -> /home/aajaer/microros_ws/install/motor_control_pkg/lib/python3.10/site-packages/motor_control_pkg
byte-compiling /home/aajaer/microros_ws/install/motor_control_pkg/lib/python3.10/site-packages/motor_control_pkg/lidar_motor_control.py to lidar_motor_control.cpython-310.pyc
byte-compiling /home/aajaer/microros_ws/install/motor_control_pkg/lib/python3.10/site-packages/motor_control_pkg/__init__.py to __init__.cpython-310.pyc
running install_data
creating /home/aajaer/microros_ws/install/motor_control_pkg/share/ament_index
creating /home/aajaer/microros_ws/install/motor_control_pkg/share/ament_index/resource_index
creating /home/aajaer/microros_ws/install/motor_control_pkg/share/ament_index/resource_index/packages
copying resource/motor_control_pkg -> /home/aajaer/microros_ws/install/motor_control_pkg/share/ament_index/resource_index/packages
copying package.xml -> /home/aajaer/microros_ws/install/motor_control_pkg/share/motor_control_pkg
creating /home/aajaer/microros_ws/install/motor_control_pkg/share/motor_control_pkg/launch
copying launch/motor_control_launch.py -> /home/aajaer/microros_ws/install/motor_control_pkg/share/motor_control_pkg/launch
copying launch/slam_launch.py -> /home/aajaer/microros_ws/install/motor_control_pkg/share/motor_control_pkg/launch
creating /home/aajaer/microros_ws/install/motor_control_pkg/share/motor_control_pkg/config
copying config/backpack_2d.lua -> /home/aajaer/microros_ws/install/motor_control_pkg/share/motor_control_pkg/config
running install_egg_info
Copying ../../build/motor_control_pkg/motor_control_pkg.egg-info to /home/aajaer/microros_ws/install/motor_control_pkg/lib/python3.10/site-packages/motor_control_pkg-0.0.0-py3.10.egg-info
running install_scripts
Installing lidar_motor_control script to /home/aajaer/microros_ws/install/motor_control_pkg/lib/motor_control_pkg
writing list of installed files to '/home/aajaer/microros_ws/build/motor_control_pkg/install.log'
