[0.552s] Invoking command in '/home/aajaer/microros_ws/src/motor_control_pkg': PYTHONPATH=/home/aajaer/microros_ws/build/motor_control_pkg/prefix_override:/usr/lib/python3/dist-packages/colcon_core/task/python/colcon_distutils_commands:/home/aajaer/microros_ws/install/motor_control_pkg/lib/python3.10/site-packages:${PYTHONPATH} /usr/bin/python3 -W ignore:setup.py install is deprecated -W ignore:easy_install command is deprecated setup.py egg_info --egg-base ../../build/motor_control_pkg build --build-base /home/aajaer/microros_ws/build/motor_control_pkg/build install --record /home/aajaer/microros_ws/build/motor_control_pkg/install.log --single-version-externally-managed install_data
[0.664s] running egg_info
[0.664s] creating ../../build/motor_control_pkg/motor_control_pkg.egg-info
[0.665s] writing ../../build/motor_control_pkg/motor_control_pkg.egg-info/PKG-INFO
[0.665s] writing dependency_links to ../../build/motor_control_pkg/motor_control_pkg.egg-info/dependency_links.txt
[0.665s] writing entry points to ../../build/motor_control_pkg/motor_control_pkg.egg-info/entry_points.txt
[0.665s] writing requirements to ../../build/motor_control_pkg/motor_control_pkg.egg-info/requires.txt
[0.665s] writing top-level names to ../../build/motor_control_pkg/motor_control_pkg.egg-info/top_level.txt
[0.665s] writing manifest file '../../build/motor_control_pkg/motor_control_pkg.egg-info/SOURCES.txt'
[0.666s] reading manifest file '../../build/motor_control_pkg/motor_control_pkg.egg-info/SOURCES.txt'
[0.666s] writing manifest file '../../build/motor_control_pkg/motor_control_pkg.egg-info/SOURCES.txt'
[0.666s] running build
[0.666s] running build_py
[0.666s] creating /home/aajaer/microros_ws/build/motor_control_pkg/build
[0.666s] creating /home/aajaer/microros_ws/build/motor_control_pkg/build/lib
[0.666s] creating /home/aajaer/microros_ws/build/motor_control_pkg/build/lib/motor_control_pkg
[0.667s] copying motor_control_pkg/lidar_motor_control.py -> /home/aajaer/microros_ws/build/motor_control_pkg/build/lib/motor_control_pkg
[0.667s] copying motor_control_pkg/__init__.py -> /home/aajaer/microros_ws/build/motor_control_pkg/build/lib/motor_control_pkg
[0.667s] running install
[0.667s] running install_lib
[0.667s] creating /home/aajaer/microros_ws/install/motor_control_pkg/lib/python3.10/site-packages/motor_control_pkg
[0.667s] copying /home/aajaer/microros_ws/build/motor_control_pkg/build/lib/motor_control_pkg/lidar_motor_control.py -> /home/aajaer/microros_ws/install/motor_control_pkg/lib/python3.10/site-packages/motor_control_pkg
[0.668s] copying /home/aajaer/microros_ws/build/motor_control_pkg/build/lib/motor_control_pkg/__init__.py -> /home/aajaer/microros_ws/install/motor_control_pkg/lib/python3.10/site-packages/motor_control_pkg
[0.668s] byte-compiling /home/aajaer/microros_ws/install/motor_control_pkg/lib/python3.10/site-packages/motor_control_pkg/lidar_motor_control.py to lidar_motor_control.cpython-310.pyc
[0.668s] byte-compiling /home/aajaer/microros_ws/install/motor_control_pkg/lib/python3.10/site-packages/motor_control_pkg/__init__.py to __init__.cpython-310.pyc
[0.668s] running install_data
[0.668s] creating /home/aajaer/microros_ws/install/motor_control_pkg/share/ament_index
[0.668s] creating /home/aajaer/microros_ws/install/motor_control_pkg/share/ament_index/resource_index
[0.669s] creating /home/aajaer/microros_ws/install/motor_control_pkg/share/ament_index/resource_index/packages
[0.669s] copying resource/motor_control_pkg -> /home/aajaer/microros_ws/install/motor_control_pkg/share/ament_index/resource_index/packages
[0.669s] copying package.xml -> /home/aajaer/microros_ws/install/motor_control_pkg/share/motor_control_pkg
[0.669s] creating /home/aajaer/microros_ws/install/motor_control_pkg/share/motor_control_pkg/launch
[0.669s] copying launch/motor_control_launch.py -> /home/aajaer/microros_ws/install/motor_control_pkg/share/motor_control_pkg/launch
[0.669s] copying launch/slam_launch.py -> /home/aajaer/microros_ws/install/motor_control_pkg/share/motor_control_pkg/launch
[0.669s] creating /home/aajaer/microros_ws/install/motor_control_pkg/share/motor_control_pkg/config
[0.669s] copying config/backpack_2d.lua -> /home/aajaer/microros_ws/install/motor_control_pkg/share/motor_control_pkg/config
[0.669s] running install_egg_info
[0.670s] Copying ../../build/motor_control_pkg/motor_control_pkg.egg-info to /home/aajaer/microros_ws/install/motor_control_pkg/lib/python3.10/site-packages/motor_control_pkg-0.0.0-py3.10.egg-info
[0.671s] running install_scripts
[0.681s] Installing lidar_motor_control script to /home/aajaer/microros_ws/install/motor_control_pkg/lib/motor_control_pkg
[0.681s] writing list of installed files to '/home/aajaer/microros_ws/build/motor_control_pkg/install.log'
[0.693s] Invoked command in '/home/aajaer/microros_ws/src/motor_control_pkg' returned '0': PYTHONPATH=/home/aajaer/microros_ws/build/motor_control_pkg/prefix_override:/usr/lib/python3/dist-packages/colcon_core/task/python/colcon_distutils_commands:/home/aajaer/microros_ws/install/motor_control_pkg/lib/python3.10/site-packages:${PYTHONPATH} /usr/bin/python3 -W ignore:setup.py install is deprecated -W ignore:easy_install command is deprecated setup.py egg_info --egg-base ../../build/motor_control_pkg build --build-base /home/aajaer/microros_ws/build/motor_control_pkg/build install --record /home/aajaer/microros_ws/build/motor_control_pkg/install.log --single-version-externally-managed install_data
