[0.038s] Invoking command in '/home/aajaer/microros_ws/build/composition_interfaces': CMAKE_PREFIX_PATH=/home/aajaer/microros_ws/install/rcl_interfaces:/home/aajaer/microros_ws/install/builtin_interfaces:/home/aajaer/microros_ws/install/micro_ros_demos_rclc:/home/aajaer/microros_ws/install/common_interfaces:/home/aajaer/microros_ws/install/visualization_msgs:/home/aajaer/microros_ws/install/test_msgs:/home/aajaer/microros_ws/install/example_interfaces:/home/aajaer/microros_ws/install/action_msgs:/home/aajaer/microros_ws/install/unique_identifier_msgs:/home/aajaer/microros_ws/install/trajectory_msgs:/home/aajaer/microros_ws/install/stereo_msgs:/home/aajaer/microros_ws/install/sllidar_ros2:/home/aajaer/microros_ws/install/std_srvs:/home/aajaer/microros_ws/install/shape_msgs:/home/aajaer/microros_ws/install/sensor_msgs:/home/aajaer/microros_ws/install/nav_msgs:/home/aajaer/microros_ws/install/diagnostic_msgs:/home/aajaer/microros_ws/install/geometry_msgs:/home/aajaer/microros_ws/install/actionlib_msgs:/home/aajaer/microros_ws/install/std_msgs:/home/aajaer/microros_ws/install/statistics_msgs:/home/aajaer/microros_ws/install/rosidl_typesupport_microxrcedds_test_msg:/home/aajaer/microros_ws/install/rosidl_typesupport_microxrcedds_cpp_tests:/home/aajaer/microros_ws/install/rmw_microxrcedds:/home/aajaer/microros_ws/install/rosidl_typesupport_microxrcedds_cpp:/home/aajaer/microros_ws/install/rosidl_typesupport_microxrcedds_c_tests:/home/aajaer/microros_ws/install/rosidl_typesupport_microxrcedds_c:/home/aajaer/microros_ws/install/rosgraph_msgs:/home/aajaer/microros_ws/install/rclc_parameter:/home/aajaer/microros_ws/install/rclc:/home/aajaer/microros_ws/install/composition_interfaces:/home/aajaer/microros_ws/install/microxrcedds_client:/home/aajaer/microros_ws/install/microcdr:/home/aajaer/microros_ws/install/micro_ros_utilities:/home/aajaer/microros_ws/install/micro_ros_setup:/home/aajaer/microros_ws/install/micro_ros_agent:/home/aajaer/microros_ws/install/micro_ros_msgs:/home/aajaer/microros_ws/install/lifecycle_msgs:/home/aajaer/microros_ws/install/complex_msgs:/opt/ros/humble:/opt/ros/humble:/home/aajaer/microros_ws/install/sensor_msgs_py:/home/aajaer/microros_ws/install/motor_control_pkg LD_LIBRARY_PATH=/home/aajaer/microros_ws/install/rcl_interfaces/lib:/home/aajaer/microros_ws/install/builtin_interfaces/lib:/home/aajaer/microros_ws/install/visualization_msgs/lib:/home/aajaer/microros_ws/install/test_msgs/lib:/home/aajaer/microros_ws/install/example_interfaces/lib:/home/aajaer/microros_ws/install/action_msgs/lib:/home/aajaer/microros_ws/install/unique_identifier_msgs/lib:/home/aajaer/microros_ws/install/trajectory_msgs/lib:/home/aajaer/microros_ws/install/stereo_msgs/lib:/home/aajaer/microros_ws/install/std_srvs/lib:/home/aajaer/microros_ws/install/shape_msgs/lib:/home/aajaer/microros_ws/install/sensor_msgs/lib:/home/aajaer/microros_ws/install/nav_msgs/lib:/home/aajaer/microros_ws/install/diagnostic_msgs/lib:/home/aajaer/microros_ws/install/geometry_msgs/lib:/home/aajaer/microros_ws/install/actionlib_msgs/lib:/home/aajaer/microros_ws/install/std_msgs/lib:/home/aajaer/microros_ws/install/statistics_msgs/lib:/home/aajaer/microros_ws/install/rosidl_typesupport_microxrcedds_test_msg/lib:/home/aajaer/microros_ws/install/rmw_microxrcedds/lib:/home/aajaer/microros_ws/install/rosidl_typesupport_microxrcedds_cpp/lib:/home/aajaer/microros_ws/install/rosidl_typesupport_microxrcedds_c/lib:/home/aajaer/microros_ws/install/rosgraph_msgs/lib:/home/aajaer/microros_ws/install/rclc_parameter/lib:/home/aajaer/microros_ws/install/rclc/lib:/home/aajaer/microros_ws/install/composition_interfaces/lib:/home/aajaer/microros_ws/install/micro_ros_utilities/lib:/home/aajaer/microros_ws/install/micro_ros_agent/lib:/home/aajaer/microros_ws/install/micro_ros_msgs/lib:/home/aajaer/microros_ws/install/lifecycle_msgs/lib:/home/aajaer/microros_ws/install/complex_msgs/lib:/opt/ros/humble/opt/rviz_ogre_vendor/lib:/opt/ros/humble/lib/aarch64-linux-gnu:/opt/ros/humble/lib /usr/bin/cmake /home/aajaer/microros_ws/src/ros2/rcl_interfaces/composition_interfaces -DCMAKE_INSTALL_PREFIX=/home/aajaer/microros_ws/install/composition_interfaces
[0.067s] -- Found ament_cmake: 1.3.11 (/opt/ros/humble/share/ament_cmake/cmake)
[0.451s] -- Override CMake install command with custom implementation using symlinks instead of copying resources
[0.466s] -- Found rosidl_default_generators: 1.2.0 (/opt/ros/humble/share/rosidl_default_generators/cmake)
[0.480s] -- Using all available rosidl_typesupport_c: rosidl_typesupport_microxrcedds_c;rosidl_typesupport_fastrtps_c;rosidl_typesupport_introspection_c
[0.486s] -- Found rosidl_adapter: 3.1.6 (/opt/ros/humble/share/rosidl_adapter/cmake)
[0.581s] -- Using all available rosidl_typesupport_cpp: rosidl_typesupport_microxrcedds_cpp;rosidl_typesupport_fastrtps_cpp;rosidl_typesupport_introspection_cpp
[0.643s] -- Found rcl_interfaces: 1.2.1 (/home/aajaer/microros_ws/install/rcl_interfaces/share/rcl_interfaces/cmake)
[1.510s] -- Found ament_cmake_cppcheck: 0.12.11 (/opt/ros/humble/share/ament_cmake_cppcheck/cmake)
[1.511s] -- Found ament_cmake_cpplint: 0.12.11 (/opt/ros/humble/share/ament_cmake_cpplint/cmake)
[1.512s] -- Found ament_cmake_uncrustify: 0.12.11 (/opt/ros/humble/share/ament_cmake_uncrustify/cmake)
[1.514s] -- Found ament_cmake_ros: 0.10.0 (/opt/ros/humble/share/ament_cmake_ros/cmake)
[2.397s] -- Using all available rosidl_typesupport_c: rosidl_typesupport_microxrcedds_c;rosidl_typesupport_fastrtps_c;rosidl_typesupport_introspection_c
[3.437s] -- Using all available rosidl_typesupport_cpp: rosidl_typesupport_microxrcedds_cpp;rosidl_typesupport_fastrtps_cpp;rosidl_typesupport_introspection_cpp
[3.518s] -- Found python_cmake_module: 0.10.0 (/opt/ros/humble/share/python_cmake_module/cmake)
[3.595s] -- Using PYTHON_EXECUTABLE: /usr/bin/python3
[3.596s] -- Using PYTHON_INCLUDE_DIRS: /usr/include/python3.10
[3.596s] -- Using PYTHON_LIBRARIES: /usr/lib/aarch64-linux-gnu/libpython3.10.so
[3.718s] -- Found ament_cmake_flake8: 0.12.11 (/opt/ros/humble/share/ament_cmake_flake8/cmake)
[3.721s] -- Found ament_cmake_pep257: 0.12.11 (/opt/ros/humble/share/ament_cmake_pep257/cmake)
[3.771s] -- Configuring done
[3.882s] -- Generating done
[3.915s] -- Build files have been written to: /home/aajaer/microros_ws/build/composition_interfaces
[3.947s] Invoked command in '/home/aajaer/microros_ws/build/composition_interfaces' returned '0': CMAKE_PREFIX_PATH=/home/aajaer/microros_ws/install/rcl_interfaces:/home/aajaer/microros_ws/install/builtin_interfaces:/home/aajaer/microros_ws/install/micro_ros_demos_rclc:/home/aajaer/microros_ws/install/common_interfaces:/home/aajaer/microros_ws/install/visualization_msgs:/home/aajaer/microros_ws/install/test_msgs:/home/aajaer/microros_ws/install/example_interfaces:/home/aajaer/microros_ws/install/action_msgs:/home/aajaer/microros_ws/install/unique_identifier_msgs:/home/aajaer/microros_ws/install/trajectory_msgs:/home/aajaer/microros_ws/install/stereo_msgs:/home/aajaer/microros_ws/install/sllidar_ros2:/home/aajaer/microros_ws/install/std_srvs:/home/aajaer/microros_ws/install/shape_msgs:/home/aajaer/microros_ws/install/sensor_msgs:/home/aajaer/microros_ws/install/nav_msgs:/home/aajaer/microros_ws/install/diagnostic_msgs:/home/aajaer/microros_ws/install/geometry_msgs:/home/aajaer/microros_ws/install/actionlib_msgs:/home/aajaer/microros_ws/install/std_msgs:/home/aajaer/microros_ws/install/statistics_msgs:/home/aajaer/microros_ws/install/rosidl_typesupport_microxrcedds_test_msg:/home/aajaer/microros_ws/install/rosidl_typesupport_microxrcedds_cpp_tests:/home/aajaer/microros_ws/install/rmw_microxrcedds:/home/aajaer/microros_ws/install/rosidl_typesupport_microxrcedds_cpp:/home/aajaer/microros_ws/install/rosidl_typesupport_microxrcedds_c_tests:/home/aajaer/microros_ws/install/rosidl_typesupport_microxrcedds_c:/home/aajaer/microros_ws/install/rosgraph_msgs:/home/aajaer/microros_ws/install/rclc_parameter:/home/aajaer/microros_ws/install/rclc:/home/aajaer/microros_ws/install/composition_interfaces:/home/aajaer/microros_ws/install/microxrcedds_client:/home/aajaer/microros_ws/install/microcdr:/home/aajaer/microros_ws/install/micro_ros_utilities:/home/aajaer/microros_ws/install/micro_ros_setup:/home/aajaer/microros_ws/install/micro_ros_agent:/home/aajaer/microros_ws/install/micro_ros_msgs:/home/aajaer/microros_ws/install/lifecycle_msgs:/home/aajaer/microros_ws/install/complex_msgs:/opt/ros/humble:/opt/ros/humble:/home/aajaer/microros_ws/install/sensor_msgs_py:/home/aajaer/microros_ws/install/motor_control_pkg LD_LIBRARY_PATH=/home/aajaer/microros_ws/install/rcl_interfaces/lib:/home/aajaer/microros_ws/install/builtin_interfaces/lib:/home/aajaer/microros_ws/install/visualization_msgs/lib:/home/aajaer/microros_ws/install/test_msgs/lib:/home/aajaer/microros_ws/install/example_interfaces/lib:/home/aajaer/microros_ws/install/action_msgs/lib:/home/aajaer/microros_ws/install/unique_identifier_msgs/lib:/home/aajaer/microros_ws/install/trajectory_msgs/lib:/home/aajaer/microros_ws/install/stereo_msgs/lib:/home/aajaer/microros_ws/install/std_srvs/lib:/home/aajaer/microros_ws/install/shape_msgs/lib:/home/aajaer/microros_ws/install/sensor_msgs/lib:/home/aajaer/microros_ws/install/nav_msgs/lib:/home/aajaer/microros_ws/install/diagnostic_msgs/lib:/home/aajaer/microros_ws/install/geometry_msgs/lib:/home/aajaer/microros_ws/install/actionlib_msgs/lib:/home/aajaer/microros_ws/install/std_msgs/lib:/home/aajaer/microros_ws/install/statistics_msgs/lib:/home/aajaer/microros_ws/install/rosidl_typesupport_microxrcedds_test_msg/lib:/home/aajaer/microros_ws/install/rmw_microxrcedds/lib:/home/aajaer/microros_ws/install/rosidl_typesupport_microxrcedds_cpp/lib:/home/aajaer/microros_ws/install/rosidl_typesupport_microxrcedds_c/lib:/home/aajaer/microros_ws/install/rosgraph_msgs/lib:/home/aajaer/microros_ws/install/rclc_parameter/lib:/home/aajaer/microros_ws/install/rclc/lib:/home/aajaer/microros_ws/install/composition_interfaces/lib:/home/aajaer/microros_ws/install/micro_ros_utilities/lib:/home/aajaer/microros_ws/install/micro_ros_agent/lib:/home/aajaer/microros_ws/install/micro_ros_msgs/lib:/home/aajaer/microros_ws/install/lifecycle_msgs/lib:/home/aajaer/microros_ws/install/complex_msgs/lib:/opt/ros/humble/opt/rviz_ogre_vendor/lib:/opt/ros/humble/lib/aarch64-linux-gnu:/opt/ros/humble/lib /usr/bin/cmake /home/aajaer/microros_ws/src/ros2/rcl_interfaces/composition_interfaces -DCMAKE_INSTALL_PREFIX=/home/aajaer/microros_ws/install/composition_interfaces
[3.948s] Invoking command in '/home/aajaer/microros_ws/build/composition_interfaces': CMAKE_PREFIX_PATH=/home/aajaer/microros_ws/install/rcl_interfaces:/home/aajaer/microros_ws/install/builtin_interfaces:/home/aajaer/microros_ws/install/micro_ros_demos_rclc:/home/aajaer/microros_ws/install/common_interfaces:/home/aajaer/microros_ws/install/visualization_msgs:/home/aajaer/microros_ws/install/test_msgs:/home/aajaer/microros_ws/install/example_interfaces:/home/aajaer/microros_ws/install/action_msgs:/home/aajaer/microros_ws/install/unique_identifier_msgs:/home/aajaer/microros_ws/install/trajectory_msgs:/home/aajaer/microros_ws/install/stereo_msgs:/home/aajaer/microros_ws/install/sllidar_ros2:/home/aajaer/microros_ws/install/std_srvs:/home/aajaer/microros_ws/install/shape_msgs:/home/aajaer/microros_ws/install/sensor_msgs:/home/aajaer/microros_ws/install/nav_msgs:/home/aajaer/microros_ws/install/diagnostic_msgs:/home/aajaer/microros_ws/install/geometry_msgs:/home/aajaer/microros_ws/install/actionlib_msgs:/home/aajaer/microros_ws/install/std_msgs:/home/aajaer/microros_ws/install/statistics_msgs:/home/aajaer/microros_ws/install/rosidl_typesupport_microxrcedds_test_msg:/home/aajaer/microros_ws/install/rosidl_typesupport_microxrcedds_cpp_tests:/home/aajaer/microros_ws/install/rmw_microxrcedds:/home/aajaer/microros_ws/install/rosidl_typesupport_microxrcedds_cpp:/home/aajaer/microros_ws/install/rosidl_typesupport_microxrcedds_c_tests:/home/aajaer/microros_ws/install/rosidl_typesupport_microxrcedds_c:/home/aajaer/microros_ws/install/rosgraph_msgs:/home/aajaer/microros_ws/install/rclc_parameter:/home/aajaer/microros_ws/install/rclc:/home/aajaer/microros_ws/install/composition_interfaces:/home/aajaer/microros_ws/install/microxrcedds_client:/home/aajaer/microros_ws/install/microcdr:/home/aajaer/microros_ws/install/micro_ros_utilities:/home/aajaer/microros_ws/install/micro_ros_setup:/home/aajaer/microros_ws/install/micro_ros_agent:/home/aajaer/microros_ws/install/micro_ros_msgs:/home/aajaer/microros_ws/install/lifecycle_msgs:/home/aajaer/microros_ws/install/complex_msgs:/opt/ros/humble:/opt/ros/humble:/home/aajaer/microros_ws/install/sensor_msgs_py:/home/aajaer/microros_ws/install/motor_control_pkg LD_LIBRARY_PATH=/home/aajaer/microros_ws/install/rcl_interfaces/lib:/home/aajaer/microros_ws/install/builtin_interfaces/lib:/home/aajaer/microros_ws/install/visualization_msgs/lib:/home/aajaer/microros_ws/install/test_msgs/lib:/home/aajaer/microros_ws/install/example_interfaces/lib:/home/aajaer/microros_ws/install/action_msgs/lib:/home/aajaer/microros_ws/install/unique_identifier_msgs/lib:/home/aajaer/microros_ws/install/trajectory_msgs/lib:/home/aajaer/microros_ws/install/stereo_msgs/lib:/home/aajaer/microros_ws/install/std_srvs/lib:/home/aajaer/microros_ws/install/shape_msgs/lib:/home/aajaer/microros_ws/install/sensor_msgs/lib:/home/aajaer/microros_ws/install/nav_msgs/lib:/home/aajaer/microros_ws/install/diagnostic_msgs/lib:/home/aajaer/microros_ws/install/geometry_msgs/lib:/home/aajaer/microros_ws/install/actionlib_msgs/lib:/home/aajaer/microros_ws/install/std_msgs/lib:/home/aajaer/microros_ws/install/statistics_msgs/lib:/home/aajaer/microros_ws/install/rosidl_typesupport_microxrcedds_test_msg/lib:/home/aajaer/microros_ws/install/rmw_microxrcedds/lib:/home/aajaer/microros_ws/install/rosidl_typesupport_microxrcedds_cpp/lib:/home/aajaer/microros_ws/install/rosidl_typesupport_microxrcedds_c/lib:/home/aajaer/microros_ws/install/rosgraph_msgs/lib:/home/aajaer/microros_ws/install/rclc_parameter/lib:/home/aajaer/microros_ws/install/rclc/lib:/home/aajaer/microros_ws/install/composition_interfaces/lib:/home/aajaer/microros_ws/install/micro_ros_utilities/lib:/home/aajaer/microros_ws/install/micro_ros_agent/lib:/home/aajaer/microros_ws/install/micro_ros_msgs/lib:/home/aajaer/microros_ws/install/lifecycle_msgs/lib:/home/aajaer/microros_ws/install/complex_msgs/lib:/opt/ros/humble/opt/rviz_ogre_vendor/lib:/opt/ros/humble/lib/aarch64-linux-gnu:/opt/ros/humble/lib /usr/bin/cmake --build /home/aajaer/microros_ws/build/composition_interfaces -- -j8 -l8
[4.067s] [35m[1mConsolidate compiler generated dependencies of target composition_interfaces__rosidl_generator_c[0m
[4.106s] [  1%] Built target composition_interfaces__cpp
[4.108s] [ 10%] Built target composition_interfaces__rosidl_generator_c
[4.142s] [ 11%] [34m[1mGenerating C++ type support for eProsima Micro XRCE-DDS[0m
[4.202s] [ 11%] Built target ament_cmake_python_symlink_composition_interfaces
[4.237s] [35m[1mConsolidate compiler generated dependencies of target composition_interfaces__rosidl_typesupport_introspection_c[0m
[4.285s] [ 20%] Built target composition_interfaces__rosidl_typesupport_introspection_c
[4.321s] [ 22%] [34m[1mGenerating C type support dispatch for ROS interfaces[0m
[5.430s] [35m[1mConsolidate compiler generated dependencies of target composition_interfaces__rosidl_typesupport_c[0m
[5.470s] [ 23%] [32mBuilding CXX object CMakeFiles/composition_interfaces__rosidl_typesupport_c.dir/rosidl_typesupport_c/composition_interfaces/srv/load_node__type_support.cpp.o[0m
[5.558s] [ 25%] [32mBuilding CXX object CMakeFiles/composition_interfaces__rosidl_typesupport_c.dir/rosidl_typesupport_c/composition_interfaces/srv/list_nodes__type_support.cpp.o[0m
[5.564s] [ 27%] [32mBuilding CXX object CMakeFiles/composition_interfaces__rosidl_typesupport_microxrcedds_cpp.dir/rosidl_typesupport_microxrcedds_cpp/composition_interfaces/srv/detail/microxrcedds/load_node__type_support_cpp.cpp.o[0m
[5.637s] [ 28%] [32mBuilding CXX object CMakeFiles/composition_interfaces__rosidl_typesupport_c.dir/rosidl_typesupport_c/composition_interfaces/srv/unload_node__type_support.cpp.o[0m
[5.730s] [ 30%] [32m[1mLinking CXX shared library libcomposition_interfaces__rosidl_typesupport_c.so[0m
[5.830s] [ 30%] Built target composition_interfaces__rosidl_typesupport_c
[5.855s] [ 32%] [32mBuilding CXX object CMakeFiles/composition_interfaces__rosidl_typesupport_microxrcedds_cpp.dir/rosidl_typesupport_microxrcedds_cpp/composition_interfaces/srv/detail/microxrcedds/list_nodes__type_support_cpp.cpp.o[0m
[6.523s] running egg_info
[6.525s] writing composition_interfaces.egg-info/PKG-INFO
[6.526s] writing dependency_links to composition_interfaces.egg-info/dependency_links.txt
[6.526s] writing top-level names to composition_interfaces.egg-info/top_level.txt
[6.533s] reading manifest file 'composition_interfaces.egg-info/SOURCES.txt'
[6.534s] writing manifest file 'composition_interfaces.egg-info/SOURCES.txt'
[6.641s] [ 32%] Built target ament_cmake_python_build_composition_interfaces_egg
[6.670s] [ 33%] [32mBuilding CXX object CMakeFiles/composition_interfaces__rosidl_typesupport_microxrcedds_cpp.dir/rosidl_typesupport_microxrcedds_cpp/composition_interfaces/srv/detail/microxrcedds/unload_node__type_support_cpp.cpp.o[0m
[6.673s] [35m[1mConsolidate compiler generated dependencies of target composition_interfaces__rosidl_typesupport_fastrtps_c[0m
[6.722s] [ 42%] Built target composition_interfaces__rosidl_typesupport_fastrtps_c
[6.750s] [ 44%] [34m[1mGenerating C type support for eProsima Micro XRCE-DDS[0m
[7.378s] [ 45%] [32m[1mLinking CXX static library libcomposition_interfaces__rosidl_typesupport_microxrcedds_cpp.a[0m
[7.550s] [ 45%] Built target composition_interfaces__rosidl_typesupport_microxrcedds_cpp
[7.580s] [ 47%] [34m[1mGenerating C++ type support dispatch for ROS interfaces[0m
[8.042s] [ 49%] [32mBuilding C object CMakeFiles/composition_interfaces__rosidl_typesupport_microxrcedds_c.dir/rosidl_typesupport_microxrcedds_c/composition_interfaces/srv/detail/microxrcedds/list_nodes__type_support_c.c.o[0m
[8.046s] [ 50%] [32mBuilding C object CMakeFiles/composition_interfaces__rosidl_typesupport_microxrcedds_c.dir/rosidl_typesupport_microxrcedds_c/composition_interfaces/srv/detail/microxrcedds/load_node__type_support_c.c.o[0m
[8.206s] [ 52%] [32mBuilding C object CMakeFiles/composition_interfaces__rosidl_typesupport_microxrcedds_c.dir/rosidl_typesupport_microxrcedds_c/composition_interfaces/srv/detail/microxrcedds/unload_node__type_support_c.c.o[0m
[8.352s] [ 54%] [32m[1mLinking C static library libcomposition_interfaces__rosidl_typesupport_microxrcedds_c.a[0m
[8.538s] [ 54%] Built target composition_interfaces__rosidl_typesupport_microxrcedds_c
[8.605s] [35m[1mConsolidate compiler generated dependencies of target composition_interfaces__rosidl_typesupport_introspection_cpp[0m
[8.660s] [ 62%] Built target composition_interfaces__rosidl_typesupport_introspection_cpp
[8.673s] [35m[1mConsolidate compiler generated dependencies of target composition_interfaces__rosidl_typesupport_cpp[0m
[8.701s] [35m[1mConsolidate compiler generated dependencies of target composition_interfaces__rosidl_typesupport_fastrtps_cpp[0m
[8.738s] [ 64%] [32mBuilding CXX object CMakeFiles/composition_interfaces__rosidl_typesupport_cpp.dir/rosidl_typesupport_cpp/composition_interfaces/srv/load_node__type_support.cpp.o[0m
[8.773s] [ 66%] [32mBuilding CXX object CMakeFiles/composition_interfaces__rosidl_typesupport_cpp.dir/rosidl_typesupport_cpp/composition_interfaces/srv/list_nodes__type_support.cpp.o[0m
[8.785s] [ 74%] Built target composition_interfaces__rosidl_typesupport_fastrtps_cpp
[9.437s] [ 76%] [32mBuilding CXX object CMakeFiles/composition_interfaces__rosidl_typesupport_cpp.dir/rosidl_typesupport_cpp/composition_interfaces/srv/unload_node__type_support.cpp.o[0m
[10.100s] [ 77%] [32m[1mLinking CXX shared library libcomposition_interfaces__rosidl_typesupport_cpp.so[0m
[10.203s] [ 77%] Built target composition_interfaces__rosidl_typesupport_cpp
[10.277s] [ 77%] Built target composition_interfaces
[10.379s] [ 79%] [34m[1mGenerating Python code for ROS interfaces[0m
[12.856s] [ 79%] Built target composition_interfaces__py
[12.886s] [35m[1mConsolidate compiler generated dependencies of target composition_interfaces__rosidl_generator_py[0m
[12.927s] [ 81%] [32mBuilding C object CMakeFiles/composition_interfaces__rosidl_generator_py.dir/rosidl_generator_py/composition_interfaces/srv/_load_node_s.c.o[0m
[13.230s] [ 83%] [32mBuilding C object CMakeFiles/composition_interfaces__rosidl_generator_py.dir/rosidl_generator_py/composition_interfaces/srv/_unload_node_s.c.o[0m
[13.481s] [ 84%] [32mBuilding C object CMakeFiles/composition_interfaces__rosidl_generator_py.dir/rosidl_generator_py/composition_interfaces/srv/_list_nodes_s.c.o[0m
[13.767s] [ 86%] [32m[1mLinking C shared library rosidl_generator_py/composition_interfaces/libcomposition_interfaces__rosidl_generator_py.so[0m
[13.877s] [ 86%] Built target composition_interfaces__rosidl_generator_py
[13.942s] [ 88%] [32mBuilding C object CMakeFiles/composition_interfaces__rosidl_typesupport_microxrcedds_c__pyext.dir/rosidl_generator_py/composition_interfaces/_composition_interfaces_s.ep.rosidl_typesupport_microxrcedds_c.c.o[0m
[14.216s] [ 89%] [32m[1mLinking C shared library rosidl_generator_py/composition_interfaces/composition_interfaces_s__rosidl_typesupport_microxrcedds_c.cpython-310-aarch64-linux-gnu.so[0m
[14.322s] [ 89%] Built target composition_interfaces__rosidl_typesupport_microxrcedds_c__pyext
[14.353s] [35m[1mConsolidate compiler generated dependencies of target composition_interfaces__rosidl_typesupport_c__pyext[0m
[14.396s] [ 91%] [32mBuilding C object CMakeFiles/composition_interfaces__rosidl_typesupport_c__pyext.dir/rosidl_generator_py/composition_interfaces/_composition_interfaces_s.ep.rosidl_typesupport_c.c.o[0m
[14.670s] [ 93%] [32m[1mLinking C shared library rosidl_generator_py/composition_interfaces/composition_interfaces_s__rosidl_typesupport_c.cpython-310-aarch64-linux-gnu.so[0m
[14.769s] [ 93%] Built target composition_interfaces__rosidl_typesupport_c__pyext
[14.800s] [35m[1mConsolidate compiler generated dependencies of target composition_interfaces__rosidl_typesupport_introspection_c__pyext[0m
[14.840s] [ 94%] [32mBuilding C object CMakeFiles/composition_interfaces__rosidl_typesupport_introspection_c__pyext.dir/rosidl_generator_py/composition_interfaces/_composition_interfaces_s.ep.rosidl_typesupport_introspection_c.c.o[0m
[15.113s] [ 96%] [32m[1mLinking C shared library rosidl_generator_py/composition_interfaces/composition_interfaces_s__rosidl_typesupport_introspection_c.cpython-310-aarch64-linux-gnu.so[0m
[15.218s] [ 96%] Built target composition_interfaces__rosidl_typesupport_introspection_c__pyext
[15.251s] [35m[1mConsolidate compiler generated dependencies of target composition_interfaces__rosidl_typesupport_fastrtps_c__pyext[0m
[15.288s] [ 98%] [32mBuilding C object CMakeFiles/composition_interfaces__rosidl_typesupport_fastrtps_c__pyext.dir/rosidl_generator_py/composition_interfaces/_composition_interfaces_s.ep.rosidl_typesupport_fastrtps_c.c.o[0m
[15.545s] [100%] [32m[1mLinking C shared library rosidl_generator_py/composition_interfaces/composition_interfaces_s__rosidl_typesupport_fastrtps_c.cpython-310-aarch64-linux-gnu.so[0m
[15.649s] [100%] Built target composition_interfaces__rosidl_typesupport_fastrtps_c__pyext
[15.687s] Invoked command in '/home/aajaer/microros_ws/build/composition_interfaces' returned '0': CMAKE_PREFIX_PATH=/home/aajaer/microros_ws/install/rcl_interfaces:/home/aajaer/microros_ws/install/builtin_interfaces:/home/aajaer/microros_ws/install/micro_ros_demos_rclc:/home/aajaer/microros_ws/install/common_interfaces:/home/aajaer/microros_ws/install/visualization_msgs:/home/aajaer/microros_ws/install/test_msgs:/home/aajaer/microros_ws/install/example_interfaces:/home/aajaer/microros_ws/install/action_msgs:/home/aajaer/microros_ws/install/unique_identifier_msgs:/home/aajaer/microros_ws/install/trajectory_msgs:/home/aajaer/microros_ws/install/stereo_msgs:/home/aajaer/microros_ws/install/sllidar_ros2:/home/aajaer/microros_ws/install/std_srvs:/home/aajaer/microros_ws/install/shape_msgs:/home/aajaer/microros_ws/install/sensor_msgs:/home/aajaer/microros_ws/install/nav_msgs:/home/aajaer/microros_ws/install/diagnostic_msgs:/home/aajaer/microros_ws/install/geometry_msgs:/home/aajaer/microros_ws/install/actionlib_msgs:/home/aajaer/microros_ws/install/std_msgs:/home/aajaer/microros_ws/install/statistics_msgs:/home/aajaer/microros_ws/install/rosidl_typesupport_microxrcedds_test_msg:/home/aajaer/microros_ws/install/rosidl_typesupport_microxrcedds_cpp_tests:/home/aajaer/microros_ws/install/rmw_microxrcedds:/home/aajaer/microros_ws/install/rosidl_typesupport_microxrcedds_cpp:/home/aajaer/microros_ws/install/rosidl_typesupport_microxrcedds_c_tests:/home/aajaer/microros_ws/install/rosidl_typesupport_microxrcedds_c:/home/aajaer/microros_ws/install/rosgraph_msgs:/home/aajaer/microros_ws/install/rclc_parameter:/home/aajaer/microros_ws/install/rclc:/home/aajaer/microros_ws/install/composition_interfaces:/home/aajaer/microros_ws/install/microxrcedds_client:/home/aajaer/microros_ws/install/microcdr:/home/aajaer/microros_ws/install/micro_ros_utilities:/home/aajaer/microros_ws/install/micro_ros_setup:/home/aajaer/microros_ws/install/micro_ros_agent:/home/aajaer/microros_ws/install/micro_ros_msgs:/home/aajaer/microros_ws/install/lifecycle_msgs:/home/aajaer/microros_ws/install/complex_msgs:/opt/ros/humble:/opt/ros/humble:/home/aajaer/microros_ws/install/sensor_msgs_py:/home/aajaer/microros_ws/install/motor_control_pkg LD_LIBRARY_PATH=/home/aajaer/microros_ws/install/rcl_interfaces/lib:/home/aajaer/microros_ws/install/builtin_interfaces/lib:/home/aajaer/microros_ws/install/visualization_msgs/lib:/home/aajaer/microros_ws/install/test_msgs/lib:/home/aajaer/microros_ws/install/example_interfaces/lib:/home/aajaer/microros_ws/install/action_msgs/lib:/home/aajaer/microros_ws/install/unique_identifier_msgs/lib:/home/aajaer/microros_ws/install/trajectory_msgs/lib:/home/aajaer/microros_ws/install/stereo_msgs/lib:/home/aajaer/microros_ws/install/std_srvs/lib:/home/aajaer/microros_ws/install/shape_msgs/lib:/home/aajaer/microros_ws/install/sensor_msgs/lib:/home/aajaer/microros_ws/install/nav_msgs/lib:/home/aajaer/microros_ws/install/diagnostic_msgs/lib:/home/aajaer/microros_ws/install/geometry_msgs/lib:/home/aajaer/microros_ws/install/actionlib_msgs/lib:/home/aajaer/microros_ws/install/std_msgs/lib:/home/aajaer/microros_ws/install/statistics_msgs/lib:/home/aajaer/microros_ws/install/rosidl_typesupport_microxrcedds_test_msg/lib:/home/aajaer/microros_ws/install/rmw_microxrcedds/lib:/home/aajaer/microros_ws/install/rosidl_typesupport_microxrcedds_cpp/lib:/home/aajaer/microros_ws/install/rosidl_typesupport_microxrcedds_c/lib:/home/aajaer/microros_ws/install/rosgraph_msgs/lib:/home/aajaer/microros_ws/install/rclc_parameter/lib:/home/aajaer/microros_ws/install/rclc/lib:/home/aajaer/microros_ws/install/composition_interfaces/lib:/home/aajaer/microros_ws/install/micro_ros_utilities/lib:/home/aajaer/microros_ws/install/micro_ros_agent/lib:/home/aajaer/microros_ws/install/micro_ros_msgs/lib:/home/aajaer/microros_ws/install/lifecycle_msgs/lib:/home/aajaer/microros_ws/install/complex_msgs/lib:/opt/ros/humble/opt/rviz_ogre_vendor/lib:/opt/ros/humble/lib/aarch64-linux-gnu:/opt/ros/humble/lib /usr/bin/cmake --build /home/aajaer/microros_ws/build/composition_interfaces -- -j8 -l8
[15.689s] Invoking command in '/home/aajaer/microros_ws/build/composition_interfaces': CMAKE_PREFIX_PATH=/home/aajaer/microros_ws/install/rcl_interfaces:/home/aajaer/microros_ws/install/builtin_interfaces:/home/aajaer/microros_ws/install/micro_ros_demos_rclc:/home/aajaer/microros_ws/install/common_interfaces:/home/aajaer/microros_ws/install/visualization_msgs:/home/aajaer/microros_ws/install/test_msgs:/home/aajaer/microros_ws/install/example_interfaces:/home/aajaer/microros_ws/install/action_msgs:/home/aajaer/microros_ws/install/unique_identifier_msgs:/home/aajaer/microros_ws/install/trajectory_msgs:/home/aajaer/microros_ws/install/stereo_msgs:/home/aajaer/microros_ws/install/sllidar_ros2:/home/aajaer/microros_ws/install/std_srvs:/home/aajaer/microros_ws/install/shape_msgs:/home/aajaer/microros_ws/install/sensor_msgs:/home/aajaer/microros_ws/install/nav_msgs:/home/aajaer/microros_ws/install/diagnostic_msgs:/home/aajaer/microros_ws/install/geometry_msgs:/home/aajaer/microros_ws/install/actionlib_msgs:/home/aajaer/microros_ws/install/std_msgs:/home/aajaer/microros_ws/install/statistics_msgs:/home/aajaer/microros_ws/install/rosidl_typesupport_microxrcedds_test_msg:/home/aajaer/microros_ws/install/rosidl_typesupport_microxrcedds_cpp_tests:/home/aajaer/microros_ws/install/rmw_microxrcedds:/home/aajaer/microros_ws/install/rosidl_typesupport_microxrcedds_cpp:/home/aajaer/microros_ws/install/rosidl_typesupport_microxrcedds_c_tests:/home/aajaer/microros_ws/install/rosidl_typesupport_microxrcedds_c:/home/aajaer/microros_ws/install/rosgraph_msgs:/home/aajaer/microros_ws/install/rclc_parameter:/home/aajaer/microros_ws/install/rclc:/home/aajaer/microros_ws/install/composition_interfaces:/home/aajaer/microros_ws/install/microxrcedds_client:/home/aajaer/microros_ws/install/microcdr:/home/aajaer/microros_ws/install/micro_ros_utilities:/home/aajaer/microros_ws/install/micro_ros_setup:/home/aajaer/microros_ws/install/micro_ros_agent:/home/aajaer/microros_ws/install/micro_ros_msgs:/home/aajaer/microros_ws/install/lifecycle_msgs:/home/aajaer/microros_ws/install/complex_msgs:/opt/ros/humble:/opt/ros/humble:/home/aajaer/microros_ws/install/sensor_msgs_py:/home/aajaer/microros_ws/install/motor_control_pkg LD_LIBRARY_PATH=/home/aajaer/microros_ws/install/rcl_interfaces/lib:/home/aajaer/microros_ws/install/builtin_interfaces/lib:/home/aajaer/microros_ws/install/visualization_msgs/lib:/home/aajaer/microros_ws/install/test_msgs/lib:/home/aajaer/microros_ws/install/example_interfaces/lib:/home/aajaer/microros_ws/install/action_msgs/lib:/home/aajaer/microros_ws/install/unique_identifier_msgs/lib:/home/aajaer/microros_ws/install/trajectory_msgs/lib:/home/aajaer/microros_ws/install/stereo_msgs/lib:/home/aajaer/microros_ws/install/std_srvs/lib:/home/aajaer/microros_ws/install/shape_msgs/lib:/home/aajaer/microros_ws/install/sensor_msgs/lib:/home/aajaer/microros_ws/install/nav_msgs/lib:/home/aajaer/microros_ws/install/diagnostic_msgs/lib:/home/aajaer/microros_ws/install/geometry_msgs/lib:/home/aajaer/microros_ws/install/actionlib_msgs/lib:/home/aajaer/microros_ws/install/std_msgs/lib:/home/aajaer/microros_ws/install/statistics_msgs/lib:/home/aajaer/microros_ws/install/rosidl_typesupport_microxrcedds_test_msg/lib:/home/aajaer/microros_ws/install/rmw_microxrcedds/lib:/home/aajaer/microros_ws/install/rosidl_typesupport_microxrcedds_cpp/lib:/home/aajaer/microros_ws/install/rosidl_typesupport_microxrcedds_c/lib:/home/aajaer/microros_ws/install/rosgraph_msgs/lib:/home/aajaer/microros_ws/install/rclc_parameter/lib:/home/aajaer/microros_ws/install/rclc/lib:/home/aajaer/microros_ws/install/composition_interfaces/lib:/home/aajaer/microros_ws/install/micro_ros_utilities/lib:/home/aajaer/microros_ws/install/micro_ros_agent/lib:/home/aajaer/microros_ws/install/micro_ros_msgs/lib:/home/aajaer/microros_ws/install/lifecycle_msgs/lib:/home/aajaer/microros_ws/install/complex_msgs/lib:/opt/ros/humble/opt/rviz_ogre_vendor/lib:/opt/ros/humble/lib/aarch64-linux-gnu:/opt/ros/humble/lib /usr/bin/cmake --install /home/aajaer/microros_ws/build/composition_interfaces
[15.708s] -- Install configuration: ""
[15.709s] -- Execute custom install script
[15.710s] -- Up-to-date symlink: /home/aajaer/microros_ws/install/composition_interfaces/share/ament_index/resource_index/rosidl_interfaces/composition_interfaces
[15.711s] -- Up-to-date symlink: /home/aajaer/microros_ws/install/composition_interfaces/include/composition_interfaces/composition_interfaces/msg/rosidl_generator_c__visibility_control.h
[15.711s] -- Up-to-date symlink: /home/aajaer/microros_ws/install/composition_interfaces/include/composition_interfaces/composition_interfaces/srv/detail/list_nodes__functions.h
[15.711s] -- Up-to-date symlink: /home/aajaer/microros_ws/install/composition_interfaces/include/composition_interfaces/composition_interfaces/srv/detail/list_nodes__struct.h
[15.713s] -- Up-to-date symlink: /home/aajaer/microros_ws/install/composition_interfaces/include/composition_interfaces/composition_interfaces/srv/detail/list_nodes__type_support.h
[15.713s] -- Up-to-date symlink: /home/aajaer/microros_ws/install/composition_interfaces/include/composition_interfaces/composition_interfaces/srv/detail/load_node__functions.h
[15.713s] -- Up-to-date symlink: /home/aajaer/microros_ws/install/composition_interfaces/include/composition_interfaces/composition_interfaces/srv/detail/load_node__struct.h
[15.713s] -- Up-to-date symlink: /home/aajaer/microros_ws/install/composition_interfaces/include/composition_interfaces/composition_interfaces/srv/detail/load_node__type_support.h
[15.713s] -- Up-to-date symlink: /home/aajaer/microros_ws/install/composition_interfaces/include/composition_interfaces/composition_interfaces/srv/detail/unload_node__functions.h
[15.715s] -- Up-to-date symlink: /home/aajaer/microros_ws/install/composition_interfaces/include/composition_interfaces/composition_interfaces/srv/detail/unload_node__struct.h
[15.715s] -- Up-to-date symlink: /home/aajaer/microros_ws/install/composition_interfaces/include/composition_interfaces/composition_interfaces/srv/detail/unload_node__type_support.h
[15.715s] -- Up-to-date symlink: /home/aajaer/microros_ws/install/composition_interfaces/include/composition_interfaces/composition_interfaces/srv/list_nodes.h
[15.716s] -- Up-to-date symlink: /home/aajaer/microros_ws/install/composition_interfaces/include/composition_interfaces/composition_interfaces/srv/load_node.h
[15.716s] -- Up-to-date symlink: /home/aajaer/microros_ws/install/composition_interfaces/include/composition_interfaces/composition_interfaces/srv/unload_node.h
[15.716s] -- Up-to-date symlink: /home/aajaer/microros_ws/install/composition_interfaces/share/composition_interfaces/environment/library_path.sh
[15.716s] -- Up-to-date symlink: /home/aajaer/microros_ws/install/composition_interfaces/share/composition_interfaces/environment/library_path.dsv
[15.716s] -- Symlinking: /home/aajaer/microros_ws/install/composition_interfaces/include/composition_interfaces/msg/rosidl_typesupport_microxrcedds_c__visibility_control.h
[15.742s] -- Symlinking: /home/aajaer/microros_ws/install/composition_interfaces/include/composition_interfaces/srv/detail/list_nodes__rosidl_typesupport_microxrcedds_c.h
[15.766s] -- Symlinking: /home/aajaer/microros_ws/install/composition_interfaces/include/composition_interfaces/srv/detail/load_node__rosidl_typesupport_microxrcedds_c.h
[15.788s] -- Symlinking: /home/aajaer/microros_ws/install/composition_interfaces/include/composition_interfaces/srv/detail/unload_node__rosidl_typesupport_microxrcedds_c.h
[15.814s] -- Symlinking: /home/aajaer/microros_ws/install/composition_interfaces/lib/libcomposition_interfaces__rosidl_typesupport_microxrcedds_c.a
[15.842s] -- Up-to-date symlink: /home/aajaer/microros_ws/install/composition_interfaces/include/composition_interfaces/composition_interfaces/msg/rosidl_typesupport_fastrtps_c__visibility_control.h
[15.842s] -- Up-to-date symlink: /home/aajaer/microros_ws/install/composition_interfaces/include/composition_interfaces/composition_interfaces/srv/detail/list_nodes__rosidl_typesupport_fastrtps_c.h
[15.842s] -- Up-to-date symlink: /home/aajaer/microros_ws/install/composition_interfaces/include/composition_interfaces/composition_interfaces/srv/detail/load_node__rosidl_typesupport_fastrtps_c.h
[15.843s] -- Up-to-date symlink: /home/aajaer/microros_ws/install/composition_interfaces/include/composition_interfaces/composition_interfaces/srv/detail/unload_node__rosidl_typesupport_fastrtps_c.h
[15.843s] -- Up-to-date symlink: /home/aajaer/microros_ws/install/composition_interfaces/include/composition_interfaces/composition_interfaces/msg/rosidl_typesupport_introspection_c__visibility_control.h
[15.843s] -- Up-to-date symlink: /home/aajaer/microros_ws/install/composition_interfaces/include/composition_interfaces/composition_interfaces/srv/detail/list_nodes__rosidl_typesupport_introspection_c.h
[15.843s] -- Up-to-date symlink: /home/aajaer/microros_ws/install/composition_interfaces/include/composition_interfaces/composition_interfaces/srv/detail/load_node__rosidl_typesupport_introspection_c.h
[15.843s] -- Up-to-date symlink: /home/aajaer/microros_ws/install/composition_interfaces/include/composition_interfaces/composition_interfaces/srv/detail/unload_node__rosidl_typesupport_introspection_c.h
[15.848s] -- Up-to-date symlink: /home/aajaer/microros_ws/install/composition_interfaces/include/composition_interfaces/composition_interfaces/msg/rosidl_generator_cpp__visibility_control.hpp
[15.850s] -- Up-to-date symlink: /home/aajaer/microros_ws/install/composition_interfaces/include/composition_interfaces/composition_interfaces/srv/detail/list_nodes__builder.hpp
[15.851s] -- Up-to-date symlink: /home/aajaer/microros_ws/install/composition_interfaces/include/composition_interfaces/composition_interfaces/srv/detail/list_nodes__struct.hpp
[15.853s] -- Up-to-date symlink: /home/aajaer/microros_ws/install/composition_interfaces/include/composition_interfaces/composition_interfaces/srv/detail/list_nodes__traits.hpp
[15.854s] -- Up-to-date symlink: /home/aajaer/microros_ws/install/composition_interfaces/include/composition_interfaces/composition_interfaces/srv/detail/list_nodes__type_support.hpp
[15.855s] -- Up-to-date symlink: /home/aajaer/microros_ws/install/composition_interfaces/include/composition_interfaces/composition_interfaces/srv/detail/load_node__builder.hpp
[15.857s] -- Up-to-date symlink: /home/aajaer/microros_ws/install/composition_interfaces/include/composition_interfaces/composition_interfaces/srv/detail/load_node__struct.hpp
[15.858s] -- Up-to-date symlink: /home/aajaer/microros_ws/install/composition_interfaces/include/composition_interfaces/composition_interfaces/srv/detail/load_node__traits.hpp
[15.859s] -- Up-to-date symlink: /home/aajaer/microros_ws/install/composition_interfaces/include/composition_interfaces/composition_interfaces/srv/detail/load_node__type_support.hpp
[15.860s] -- Up-to-date symlink: /home/aajaer/microros_ws/install/composition_interfaces/include/composition_interfaces/composition_interfaces/srv/detail/unload_node__builder.hpp
[15.861s] -- Up-to-date symlink: /home/aajaer/microros_ws/install/composition_interfaces/include/composition_interfaces/composition_interfaces/srv/detail/unload_node__struct.hpp
[15.862s] -- Up-to-date symlink: /home/aajaer/microros_ws/install/composition_interfaces/include/composition_interfaces/composition_interfaces/srv/detail/unload_node__traits.hpp
[15.862s] -- Up-to-date symlink: /home/aajaer/microros_ws/install/composition_interfaces/include/composition_interfaces/composition_interfaces/srv/detail/unload_node__type_support.hpp
[15.863s] -- Up-to-date symlink: /home/aajaer/microros_ws/install/composition_interfaces/include/composition_interfaces/composition_interfaces/srv/list_nodes.hpp
[15.863s] -- Up-to-date symlink: /home/aajaer/microros_ws/install/composition_interfaces/include/composition_interfaces/composition_interfaces/srv/load_node.hpp
[15.864s] -- Up-to-date symlink: /home/aajaer/microros_ws/install/composition_interfaces/include/composition_interfaces/composition_interfaces/srv/unload_node.hpp
[15.866s] -- Symlinking: /home/aajaer/microros_ws/install/composition_interfaces/include/composition_interfaces/msg/rosidl_typesupport_microxrcedds_cpp__visibility_control.h
[15.892s] -- Symlinking: /home/aajaer/microros_ws/install/composition_interfaces/include/composition_interfaces/srv/detail/list_nodes__rosidl_typesupport_microxrcedds_cpp.hpp
[15.917s] -- Symlinking: /home/aajaer/microros_ws/install/composition_interfaces/include/composition_interfaces/srv/detail/load_node__rosidl_typesupport_microxrcedds_cpp.hpp
[15.943s] -- Symlinking: /home/aajaer/microros_ws/install/composition_interfaces/include/composition_interfaces/srv/detail/microxrcedds/list_nodes__type_support_cpp.cpp
[15.969s] -- Symlinking: /home/aajaer/microros_ws/install/composition_interfaces/include/composition_interfaces/srv/detail/microxrcedds/load_node__type_support_cpp.cpp
[15.992s] -- Symlinking: /home/aajaer/microros_ws/install/composition_interfaces/include/composition_interfaces/srv/detail/microxrcedds/unload_node__type_support_cpp.cpp
[16.018s] -- Symlinking: /home/aajaer/microros_ws/install/composition_interfaces/include/composition_interfaces/srv/detail/unload_node__rosidl_typesupport_microxrcedds_cpp.hpp
[16.050s] -- Symlinking: /home/aajaer/microros_ws/install/composition_interfaces/lib/libcomposition_interfaces__rosidl_typesupport_microxrcedds_cpp.a
[16.077s] -- Up-to-date symlink: /home/aajaer/microros_ws/install/composition_interfaces/include/composition_interfaces/composition_interfaces/msg/rosidl_typesupport_fastrtps_cpp__visibility_control.h
[16.078s] -- Up-to-date symlink: /home/aajaer/microros_ws/install/composition_interfaces/include/composition_interfaces/composition_interfaces/srv/detail/list_nodes__rosidl_typesupport_fastrtps_cpp.hpp
[16.078s] -- Up-to-date symlink: /home/aajaer/microros_ws/install/composition_interfaces/include/composition_interfaces/composition_interfaces/srv/detail/load_node__rosidl_typesupport_fastrtps_cpp.hpp
[16.078s] -- Up-to-date symlink: /home/aajaer/microros_ws/install/composition_interfaces/include/composition_interfaces/composition_interfaces/srv/detail/unload_node__rosidl_typesupport_fastrtps_cpp.hpp
[16.078s] -- Up-to-date symlink: /home/aajaer/microros_ws/install/composition_interfaces/include/composition_interfaces/composition_interfaces/srv/detail/list_nodes__rosidl_typesupport_introspection_cpp.hpp
[16.079s] -- Up-to-date symlink: /home/aajaer/microros_ws/install/composition_interfaces/include/composition_interfaces/composition_interfaces/srv/detail/load_node__rosidl_typesupport_introspection_cpp.hpp
[16.079s] -- Up-to-date symlink: /home/aajaer/microros_ws/install/composition_interfaces/include/composition_interfaces/composition_interfaces/srv/detail/unload_node__rosidl_typesupport_introspection_cpp.hpp
[16.079s] -- Up-to-date symlink: /home/aajaer/microros_ws/install/composition_interfaces/share/composition_interfaces/environment/pythonpath.sh
[16.079s] -- Up-to-date symlink: /home/aajaer/microros_ws/install/composition_interfaces/share/composition_interfaces/environment/pythonpath.dsv
[16.080s] -- Up-to-date symlink: /home/aajaer/microros_ws/install/composition_interfaces/local/lib/python3.10/dist-packages/composition_interfaces-1.2.1-py3.10.egg-info/PKG-INFO
[16.080s] -- Up-to-date symlink: /home/aajaer/microros_ws/install/composition_interfaces/local/lib/python3.10/dist-packages/composition_interfaces-1.2.1-py3.10.egg-info/SOURCES.txt
[16.080s] -- Up-to-date symlink: /home/aajaer/microros_ws/install/composition_interfaces/local/lib/python3.10/dist-packages/composition_interfaces-1.2.1-py3.10.egg-info/dependency_links.txt
[16.080s] -- Up-to-date symlink: /home/aajaer/microros_ws/install/composition_interfaces/local/lib/python3.10/dist-packages/composition_interfaces-1.2.1-py3.10.egg-info/top_level.txt
[16.082s] -- Up-to-date symlink: /home/aajaer/microros_ws/install/composition_interfaces/local/lib/python3.10/dist-packages/composition_interfaces/__init__.py
[16.082s] -- Up-to-date symlink: /home/aajaer/microros_ws/install/composition_interfaces/local/lib/python3.10/dist-packages/composition_interfaces/_composition_interfaces_s.ep.rosidl_typesupport_c.c
[16.082s] -- Up-to-date symlink: /home/aajaer/microros_ws/install/composition_interfaces/local/lib/python3.10/dist-packages/composition_interfaces/_composition_interfaces_s.ep.rosidl_typesupport_fastrtps_c.c
[16.083s] -- Up-to-date symlink: /home/aajaer/microros_ws/install/composition_interfaces/local/lib/python3.10/dist-packages/composition_interfaces/_composition_interfaces_s.ep.rosidl_typesupport_introspection_c.c
[16.083s] -- Symlinking: /home/aajaer/microros_ws/install/composition_interfaces/local/lib/python3.10/dist-packages/composition_interfaces/_composition_interfaces_s.ep.rosidl_typesupport_microxrcedds_c.c
[16.109s] -- Up-to-date symlink: /home/aajaer/microros_ws/install/composition_interfaces/local/lib/python3.10/dist-packages/composition_interfaces/composition_interfaces_s__rosidl_typesupport_c.cpython-310-aarch64-linux-gnu.so
[16.109s] -- Up-to-date symlink: /home/aajaer/microros_ws/install/composition_interfaces/local/lib/python3.10/dist-packages/composition_interfaces/composition_interfaces_s__rosidl_typesupport_fastrtps_c.cpython-310-aarch64-linux-gnu.so
[16.109s] -- Up-to-date symlink: /home/aajaer/microros_ws/install/composition_interfaces/local/lib/python3.10/dist-packages/composition_interfaces/composition_interfaces_s__rosidl_typesupport_introspection_c.cpython-310-aarch64-linux-gnu.so
[16.109s] -- Symlinking: /home/aajaer/microros_ws/install/composition_interfaces/local/lib/python3.10/dist-packages/composition_interfaces/composition_interfaces_s__rosidl_typesupport_microxrcedds_c.cpython-310-aarch64-linux-gnu.so
[16.137s] -- Up-to-date symlink: /home/aajaer/microros_ws/install/composition_interfaces/local/lib/python3.10/dist-packages/composition_interfaces/libcomposition_interfaces__rosidl_generator_py.so
[16.137s] -- Up-to-date symlink: /home/aajaer/microros_ws/install/composition_interfaces/local/lib/python3.10/dist-packages/composition_interfaces/srv/__init__.py
[16.138s] -- Up-to-date symlink: /home/aajaer/microros_ws/install/composition_interfaces/local/lib/python3.10/dist-packages/composition_interfaces/srv/_list_nodes.py
[16.138s] -- Up-to-date symlink: /home/aajaer/microros_ws/install/composition_interfaces/local/lib/python3.10/dist-packages/composition_interfaces/srv/_list_nodes_s.c
[16.138s] -- Up-to-date symlink: /home/aajaer/microros_ws/install/composition_interfaces/local/lib/python3.10/dist-packages/composition_interfaces/srv/_load_node.py
[16.138s] -- Up-to-date symlink: /home/aajaer/microros_ws/install/composition_interfaces/local/lib/python3.10/dist-packages/composition_interfaces/srv/_load_node_s.c
[16.138s] -- Up-to-date symlink: /home/aajaer/microros_ws/install/composition_interfaces/local/lib/python3.10/dist-packages/composition_interfaces/srv/_unload_node.py
[16.139s] -- Up-to-date symlink: /home/aajaer/microros_ws/install/composition_interfaces/local/lib/python3.10/dist-packages/composition_interfaces/srv/_unload_node_s.c
[16.139s] -- Up-to-date symlink: /home/aajaer/microros_ws/install/composition_interfaces/local/lib/python3.10/dist-packages/composition_interfaces/composition_interfaces_s__rosidl_typesupport_microxrcedds_c.cpython-310-aarch64-linux-gnu.so
[16.139s] -- Up-to-date symlink: /home/aajaer/microros_ws/install/composition_interfaces/local/lib/python3.10/dist-packages/composition_interfaces/composition_interfaces_s__rosidl_typesupport_fastrtps_c.cpython-310-aarch64-linux-gnu.so
[16.140s] -- Up-to-date symlink: /home/aajaer/microros_ws/install/composition_interfaces/local/lib/python3.10/dist-packages/composition_interfaces/composition_interfaces_s__rosidl_typesupport_introspection_c.cpython-310-aarch64-linux-gnu.so
[16.140s] -- Up-to-date symlink: /home/aajaer/microros_ws/install/composition_interfaces/local/lib/python3.10/dist-packages/composition_interfaces/composition_interfaces_s__rosidl_typesupport_c.cpython-310-aarch64-linux-gnu.so
[16.141s] -- Up-to-date symlink: /home/aajaer/microros_ws/install/composition_interfaces/share/composition_interfaces/srv/LoadNode.idl
[16.141s] -- Up-to-date symlink: /home/aajaer/microros_ws/install/composition_interfaces/share/composition_interfaces/srv/ListNodes.idl
[16.142s] -- Up-to-date symlink: /home/aajaer/microros_ws/install/composition_interfaces/share/composition_interfaces/srv/UnloadNode.idl
[16.142s] -- Up-to-date symlink: /home/aajaer/microros_ws/install/composition_interfaces/share/composition_interfaces/srv/LoadNode.srv
[16.142s] -- Up-to-date symlink: /home/aajaer/microros_ws/install/composition_interfaces/share/composition_interfaces/srv/LoadNode_Request.msg
[16.142s] -- Up-to-date symlink: /home/aajaer/microros_ws/install/composition_interfaces/share/composition_interfaces/srv/LoadNode_Response.msg
[16.142s] -- Up-to-date symlink: /home/aajaer/microros_ws/install/composition_interfaces/share/composition_interfaces/srv/ListNodes.srv
[16.143s] -- Up-to-date symlink: /home/aajaer/microros_ws/install/composition_interfaces/share/composition_interfaces/srv/ListNodes_Request.msg
[16.143s] -- Up-to-date symlink: /home/aajaer/microros_ws/install/composition_interfaces/share/composition_interfaces/srv/ListNodes_Response.msg
[16.143s] -- Up-to-date symlink: /home/aajaer/microros_ws/install/composition_interfaces/share/composition_interfaces/srv/UnloadNode.srv
[16.143s] -- Up-to-date symlink: /home/aajaer/microros_ws/install/composition_interfaces/share/composition_interfaces/srv/UnloadNode_Request.msg
[16.144s] -- Up-to-date symlink: /home/aajaer/microros_ws/install/composition_interfaces/share/composition_interfaces/srv/UnloadNode_Response.msg
[16.144s] -- Up-to-date symlink: /home/aajaer/microros_ws/install/composition_interfaces/share/ament_index/resource_index/package_run_dependencies/composition_interfaces
[16.144s] -- Up-to-date symlink: /home/aajaer/microros_ws/install/composition_interfaces/share/ament_index/resource_index/parent_prefix_path/composition_interfaces
[16.145s] -- Up-to-date symlink: /home/aajaer/microros_ws/install/composition_interfaces/share/composition_interfaces/environment/ament_prefix_path.sh
[16.145s] -- Up-to-date symlink: /home/aajaer/microros_ws/install/composition_interfaces/share/composition_interfaces/environment/ament_prefix_path.dsv
[16.145s] -- Up-to-date symlink: /home/aajaer/microros_ws/install/composition_interfaces/share/composition_interfaces/environment/path.sh
[16.146s] -- Up-to-date symlink: /home/aajaer/microros_ws/install/composition_interfaces/share/composition_interfaces/environment/path.dsv
[16.146s] -- Up-to-date symlink: /home/aajaer/microros_ws/install/composition_interfaces/share/composition_interfaces/local_setup.bash
[16.146s] -- Up-to-date symlink: /home/aajaer/microros_ws/install/composition_interfaces/share/composition_interfaces/local_setup.sh
[16.146s] -- Up-to-date symlink: /home/aajaer/microros_ws/install/composition_interfaces/share/composition_interfaces/local_setup.zsh
[16.147s] -- Up-to-date symlink: /home/aajaer/microros_ws/install/composition_interfaces/share/composition_interfaces/local_setup.dsv
[16.147s] -- Symlinking: /home/aajaer/microros_ws/install/composition_interfaces/share/composition_interfaces/package.dsv
[16.172s] -- Up-to-date symlink: /home/aajaer/microros_ws/install/composition_interfaces/share/ament_index/resource_index/packages/composition_interfaces
[16.173s] -- Up-to-date symlink: /home/aajaer/microros_ws/install/composition_interfaces/share/composition_interfaces/cmake/rosidl_cmake-extras.cmake
[16.174s] -- Up-to-date symlink: /home/aajaer/microros_ws/install/composition_interfaces/share/composition_interfaces/cmake/ament_cmake_export_dependencies-extras.cmake
[16.174s] -- Up-to-date symlink: /home/aajaer/microros_ws/install/composition_interfaces/share/composition_interfaces/cmake/ament_cmake_export_include_directories-extras.cmake
[16.174s] -- Up-to-date symlink: /home/aajaer/microros_ws/install/composition_interfaces/share/composition_interfaces/cmake/ament_cmake_export_libraries-extras.cmake
[16.174s] -- Up-to-date symlink: /home/aajaer/microros_ws/install/composition_interfaces/share/composition_interfaces/cmake/ament_cmake_export_targets-extras.cmake
[16.174s] -- Up-to-date symlink: /home/aajaer/microros_ws/install/composition_interfaces/share/composition_interfaces/cmake/rosidl_cmake_export_typesupport_targets-extras.cmake
[16.180s] -- Up-to-date symlink: /home/aajaer/microros_ws/install/composition_interfaces/share/composition_interfaces/cmake/rosidl_cmake_export_typesupport_libraries-extras.cmake
[16.181s] -- Up-to-date symlink: /home/aajaer/microros_ws/install/composition_interfaces/share/composition_interfaces/cmake/composition_interfacesConfig.cmake
[16.181s] -- Up-to-date symlink: /home/aajaer/microros_ws/install/composition_interfaces/share/composition_interfaces/cmake/composition_interfacesConfig-version.cmake
[16.181s] -- Up-to-date symlink: /home/aajaer/microros_ws/install/composition_interfaces/share/composition_interfaces/package.xml
[16.182s] -- Up-to-date: /home/aajaer/microros_ws/install/composition_interfaces/lib/libcomposition_interfaces__rosidl_generator_c.so
[16.182s] -- Up-to-date: /home/aajaer/microros_ws/install/composition_interfaces/lib/libcomposition_interfaces__rosidl_typesupport_fastrtps_c.so
[16.182s] -- Up-to-date: /home/aajaer/microros_ws/install/composition_interfaces/lib/libcomposition_interfaces__rosidl_typesupport_introspection_c.so
[16.182s] -- Installing: /home/aajaer/microros_ws/install/composition_interfaces/lib/libcomposition_interfaces__rosidl_typesupport_c.so
[16.182s] -- Set runtime path of "/home/aajaer/microros_ws/install/composition_interfaces/lib/libcomposition_interfaces__rosidl_typesupport_c.so" to ""
[16.182s] -- Up-to-date: /home/aajaer/microros_ws/install/composition_interfaces/lib/libcomposition_interfaces__rosidl_typesupport_fastrtps_cpp.so
[16.182s] -- Up-to-date: /home/aajaer/microros_ws/install/composition_interfaces/lib/libcomposition_interfaces__rosidl_typesupport_introspection_cpp.so
[16.182s] -- Installing: /home/aajaer/microros_ws/install/composition_interfaces/lib/libcomposition_interfaces__rosidl_typesupport_cpp.so
[16.183s] -- Set runtime path of "/home/aajaer/microros_ws/install/composition_interfaces/lib/libcomposition_interfaces__rosidl_typesupport_cpp.so" to ""
[16.310s] Listing '/home/aajaer/microros_ws/install/composition_interfaces/local/lib/python3.10/dist-packages/composition_interfaces'...
[16.310s] Compiling '/home/aajaer/microros_ws/install/composition_interfaces/local/lib/python3.10/dist-packages/composition_interfaces/__init__.py'...
[16.310s] Listing '/home/aajaer/microros_ws/install/composition_interfaces/local/lib/python3.10/dist-packages/composition_interfaces/srv'...
[16.310s] Compiling '/home/aajaer/microros_ws/install/composition_interfaces/local/lib/python3.10/dist-packages/composition_interfaces/srv/__init__.py'...
[16.310s] Compiling '/home/aajaer/microros_ws/install/composition_interfaces/local/lib/python3.10/dist-packages/composition_interfaces/srv/_list_nodes.py'...
[16.311s] Compiling '/home/aajaer/microros_ws/install/composition_interfaces/local/lib/python3.10/dist-packages/composition_interfaces/srv/_load_node.py'...
[16.311s] Compiling '/home/aajaer/microros_ws/install/composition_interfaces/local/lib/python3.10/dist-packages/composition_interfaces/srv/_unload_node.py'...
[16.327s] -- Installing: /home/aajaer/microros_ws/install/composition_interfaces/lib/libcomposition_interfaces__rosidl_generator_py.so
[16.328s] -- Set runtime path of "/home/aajaer/microros_ws/install/composition_interfaces/lib/libcomposition_interfaces__rosidl_generator_py.so" to ""
[16.328s] -- Up-to-date: /home/aajaer/microros_ws/install/composition_interfaces/share/composition_interfaces/cmake/export_composition_interfaces__rosidl_generator_cExport.cmake
[16.328s] -- Up-to-date: /home/aajaer/microros_ws/install/composition_interfaces/share/composition_interfaces/cmake/export_composition_interfaces__rosidl_generator_cExport-noconfig.cmake
[16.328s] -- Up-to-date: /home/aajaer/microros_ws/install/composition_interfaces/share/composition_interfaces/cmake/export_composition_interfaces__rosidl_typesupport_fastrtps_cExport.cmake
[16.328s] -- Up-to-date: /home/aajaer/microros_ws/install/composition_interfaces/share/composition_interfaces/cmake/export_composition_interfaces__rosidl_typesupport_fastrtps_cExport-noconfig.cmake
[16.328s] -- Up-to-date: /home/aajaer/microros_ws/install/composition_interfaces/share/composition_interfaces/cmake/composition_interfaces__rosidl_typesupport_introspection_cExport.cmake
[16.329s] -- Up-to-date: /home/aajaer/microros_ws/install/composition_interfaces/share/composition_interfaces/cmake/composition_interfaces__rosidl_typesupport_introspection_cExport-noconfig.cmake
[16.329s] -- Up-to-date: /home/aajaer/microros_ws/install/composition_interfaces/share/composition_interfaces/cmake/composition_interfaces__rosidl_typesupport_cExport.cmake
[16.329s] -- Up-to-date: /home/aajaer/microros_ws/install/composition_interfaces/share/composition_interfaces/cmake/composition_interfaces__rosidl_typesupport_cExport-noconfig.cmake
[16.334s] -- Up-to-date: /home/aajaer/microros_ws/install/composition_interfaces/share/composition_interfaces/cmake/export_composition_interfaces__rosidl_generator_cppExport.cmake
[16.334s] -- Up-to-date: /home/aajaer/microros_ws/install/composition_interfaces/share/composition_interfaces/cmake/export_composition_interfaces__rosidl_typesupport_fastrtps_cppExport.cmake
[16.334s] -- Up-to-date: /home/aajaer/microros_ws/install/composition_interfaces/share/composition_interfaces/cmake/export_composition_interfaces__rosidl_typesupport_fastrtps_cppExport-noconfig.cmake
[16.337s] -- Up-to-date: /home/aajaer/microros_ws/install/composition_interfaces/share/composition_interfaces/cmake/composition_interfaces__rosidl_typesupport_introspection_cppExport.cmake
[16.337s] -- Up-to-date: /home/aajaer/microros_ws/install/composition_interfaces/share/composition_interfaces/cmake/composition_interfaces__rosidl_typesupport_introspection_cppExport-noconfig.cmake
[16.337s] -- Up-to-date: /home/aajaer/microros_ws/install/composition_interfaces/share/composition_interfaces/cmake/composition_interfaces__rosidl_typesupport_cppExport.cmake
[16.337s] -- Up-to-date: /home/aajaer/microros_ws/install/composition_interfaces/share/composition_interfaces/cmake/composition_interfaces__rosidl_typesupport_cppExport-noconfig.cmake
[16.340s] -- Up-to-date: /home/aajaer/microros_ws/install/composition_interfaces/share/composition_interfaces/cmake/export_composition_interfaces__rosidl_generator_pyExport.cmake
[16.340s] -- Up-to-date: /home/aajaer/microros_ws/install/composition_interfaces/share/composition_interfaces/cmake/export_composition_interfaces__rosidl_generator_pyExport-noconfig.cmake
[16.341s] Invoked command in '/home/aajaer/microros_ws/build/composition_interfaces' returned '0': CMAKE_PREFIX_PATH=/home/aajaer/microros_ws/install/rcl_interfaces:/home/aajaer/microros_ws/install/builtin_interfaces:/home/aajaer/microros_ws/install/micro_ros_demos_rclc:/home/aajaer/microros_ws/install/common_interfaces:/home/aajaer/microros_ws/install/visualization_msgs:/home/aajaer/microros_ws/install/test_msgs:/home/aajaer/microros_ws/install/example_interfaces:/home/aajaer/microros_ws/install/action_msgs:/home/aajaer/microros_ws/install/unique_identifier_msgs:/home/aajaer/microros_ws/install/trajectory_msgs:/home/aajaer/microros_ws/install/stereo_msgs:/home/aajaer/microros_ws/install/sllidar_ros2:/home/aajaer/microros_ws/install/std_srvs:/home/aajaer/microros_ws/install/shape_msgs:/home/aajaer/microros_ws/install/sensor_msgs:/home/aajaer/microros_ws/install/nav_msgs:/home/aajaer/microros_ws/install/diagnostic_msgs:/home/aajaer/microros_ws/install/geometry_msgs:/home/aajaer/microros_ws/install/actionlib_msgs:/home/aajaer/microros_ws/install/std_msgs:/home/aajaer/microros_ws/install/statistics_msgs:/home/aajaer/microros_ws/install/rosidl_typesupport_microxrcedds_test_msg:/home/aajaer/microros_ws/install/rosidl_typesupport_microxrcedds_cpp_tests:/home/aajaer/microros_ws/install/rmw_microxrcedds:/home/aajaer/microros_ws/install/rosidl_typesupport_microxrcedds_cpp:/home/aajaer/microros_ws/install/rosidl_typesupport_microxrcedds_c_tests:/home/aajaer/microros_ws/install/rosidl_typesupport_microxrcedds_c:/home/aajaer/microros_ws/install/rosgraph_msgs:/home/aajaer/microros_ws/install/rclc_parameter:/home/aajaer/microros_ws/install/rclc:/home/aajaer/microros_ws/install/composition_interfaces:/home/aajaer/microros_ws/install/microxrcedds_client:/home/aajaer/microros_ws/install/microcdr:/home/aajaer/microros_ws/install/micro_ros_utilities:/home/aajaer/microros_ws/install/micro_ros_setup:/home/aajaer/microros_ws/install/micro_ros_agent:/home/aajaer/microros_ws/install/micro_ros_msgs:/home/aajaer/microros_ws/install/lifecycle_msgs:/home/aajaer/microros_ws/install/complex_msgs:/opt/ros/humble:/opt/ros/humble:/home/aajaer/microros_ws/install/sensor_msgs_py:/home/aajaer/microros_ws/install/motor_control_pkg LD_LIBRARY_PATH=/home/aajaer/microros_ws/install/rcl_interfaces/lib:/home/aajaer/microros_ws/install/builtin_interfaces/lib:/home/aajaer/microros_ws/install/visualization_msgs/lib:/home/aajaer/microros_ws/install/test_msgs/lib:/home/aajaer/microros_ws/install/example_interfaces/lib:/home/aajaer/microros_ws/install/action_msgs/lib:/home/aajaer/microros_ws/install/unique_identifier_msgs/lib:/home/aajaer/microros_ws/install/trajectory_msgs/lib:/home/aajaer/microros_ws/install/stereo_msgs/lib:/home/aajaer/microros_ws/install/std_srvs/lib:/home/aajaer/microros_ws/install/shape_msgs/lib:/home/aajaer/microros_ws/install/sensor_msgs/lib:/home/aajaer/microros_ws/install/nav_msgs/lib:/home/aajaer/microros_ws/install/diagnostic_msgs/lib:/home/aajaer/microros_ws/install/geometry_msgs/lib:/home/aajaer/microros_ws/install/actionlib_msgs/lib:/home/aajaer/microros_ws/install/std_msgs/lib:/home/aajaer/microros_ws/install/statistics_msgs/lib:/home/aajaer/microros_ws/install/rosidl_typesupport_microxrcedds_test_msg/lib:/home/aajaer/microros_ws/install/rmw_microxrcedds/lib:/home/aajaer/microros_ws/install/rosidl_typesupport_microxrcedds_cpp/lib:/home/aajaer/microros_ws/install/rosidl_typesupport_microxrcedds_c/lib:/home/aajaer/microros_ws/install/rosgraph_msgs/lib:/home/aajaer/microros_ws/install/rclc_parameter/lib:/home/aajaer/microros_ws/install/rclc/lib:/home/aajaer/microros_ws/install/composition_interfaces/lib:/home/aajaer/microros_ws/install/micro_ros_utilities/lib:/home/aajaer/microros_ws/install/micro_ros_agent/lib:/home/aajaer/microros_ws/install/micro_ros_msgs/lib:/home/aajaer/microros_ws/install/lifecycle_msgs/lib:/home/aajaer/microros_ws/install/complex_msgs/lib:/opt/ros/humble/opt/rviz_ogre_vendor/lib:/opt/ros/humble/lib/aarch64-linux-gnu:/opt/ros/humble/lib /usr/bin/cmake --install /home/aajaer/microros_ws/build/composition_interfaces
