[0.065s] Invoking command in '/home/aajaer/microros_ws/build/lifecycle_msgs': /usr/bin/cmake /home/aajaer/microros_ws/src/ros2/rcl_interfaces/lifecycle_msgs -DCMAKE_INSTALL_PREFIX=/home/aajaer/microros_ws/install/lifecycle_msgs
[0.241s] -- Found ament_cmake: 1.3.11 (/opt/ros/humble/share/ament_cmake/cmake)
[0.395s] -- Override CMake install command with custom implementation using symlinks instead of copying resources
[0.420s] -- Found rosidl_default_generators: 1.2.0 (/opt/ros/humble/share/rosidl_default_generators/cmake)
[0.426s] -- Using all available rosidl_typesupport_c: rosidl_typesupport_fastrtps_c;rosidl_typesupport_introspection_c
[0.434s] -- Found rosidl_adapter: 3.1.6 (/opt/ros/humble/share/rosidl_adapter/cmake)
[0.506s] -- Using all available rosidl_typesupport_cpp: rosidl_typesupport_fastrtps_cpp;rosidl_typesupport_introspection_cpp
[1.256s] -- Found ament_cmake_cppcheck: 0.12.11 (/opt/ros/humble/share/ament_cmake_cppcheck/cmake)
[1.258s] -- Found ament_cmake_cpplint: 0.12.11 (/opt/ros/humble/share/ament_cmake_cpplint/cmake)
[1.258s] -- Found ament_cmake_uncrustify: 0.12.11 (/opt/ros/humble/share/ament_cmake_uncrustify/cmake)
[1.262s] -- Found ament_cmake_ros: 0.10.0 (/opt/ros/humble/share/ament_cmake_ros/cmake)
[1.681s] -- Using all available rosidl_typesupport_c: rosidl_typesupport_fastrtps_c;rosidl_typesupport_introspection_c
[2.387s] -- Using all available rosidl_typesupport_cpp: rosidl_typesupport_fastrtps_cpp;rosidl_typesupport_introspection_cpp
[2.444s] -- Found python_cmake_module: 0.10.0 (/opt/ros/humble/share/python_cmake_module/cmake)
[2.497s] -- Using PYTHON_EXECUTABLE: /usr/bin/python3
[2.498s] -- Using PYTHON_INCLUDE_DIRS: /usr/include/python3.10
[2.498s] -- Using PYTHON_LIBRARIES: /usr/lib/aarch64-linux-gnu/libpython3.10.so
[2.527s] -- Found ament_cmake_flake8: 0.12.11 (/opt/ros/humble/share/ament_cmake_flake8/cmake)
[2.528s] -- Found ament_cmake_pep257: 0.12.11 (/opt/ros/humble/share/ament_cmake_pep257/cmake)
[2.536s] -- Found ament_lint_auto: 0.12.11 (/opt/ros/humble/share/ament_lint_auto/cmake)
[2.562s] -- Added test 'copyright' to check source files copyright and LICENSE
[2.562s] -- Added test 'lint_cmake' to check CMake code style
[2.563s] -- Added test 'xmllint' to check XML markup files
[2.572s] -- Configuring done
[2.716s] -- Generating done
[2.746s] -- Build files have been written to: /home/aajaer/microros_ws/build/lifecycle_msgs
[2.802s] Invoked command in '/home/aajaer/microros_ws/build/lifecycle_msgs' returned '0': /usr/bin/cmake /home/aajaer/microros_ws/src/ros2/rcl_interfaces/lifecycle_msgs -DCMAKE_INSTALL_PREFIX=/home/aajaer/microros_ws/install/lifecycle_msgs
[2.803s] Invoking command in '/home/aajaer/microros_ws/build/lifecycle_msgs': /usr/bin/cmake --build /home/aajaer/microros_ws/build/lifecycle_msgs -- -j8 -l8
[3.015s] [  1%] Built target lifecycle_msgs__cpp
[3.030s] [35m[1mConsolidate compiler generated dependencies of target lifecycle_msgs__rosidl_generator_c[0m
[3.086s] [  2%] [34m[1mGenerating C++ type support dispatch for ROS interfaces[0m
[3.103s] [  2%] Built target ament_cmake_python_symlink_lifecycle_msgs
[3.166s] [35m[1mConsolidate compiler generated dependencies of target lifecycle_msgs__rosidl_typesupport_fastrtps_cpp[0m
[3.178s] [ 13%] Built target lifecycle_msgs__rosidl_generator_c
[3.203s] [35m[1mConsolidate compiler generated dependencies of target lifecycle_msgs__rosidl_typesupport_introspection_cpp[0m
[3.305s] [ 25%] Built target lifecycle_msgs__rosidl_typesupport_fastrtps_cpp
[3.338s] [ 36%] Built target lifecycle_msgs__rosidl_typesupport_introspection_cpp
[3.360s] [35m[1mConsolidate compiler generated dependencies of target lifecycle_msgs__rosidl_typesupport_fastrtps_c[0m
[3.392s] [ 37%] [34m[1mGenerating C type support dispatch for ROS interfaces[0m
[3.438s] [35m[1mConsolidate compiler generated dependencies of target lifecycle_msgs__rosidl_typesupport_introspection_c[0m
[3.463s] [ 49%] Built target lifecycle_msgs__rosidl_typesupport_fastrtps_c
[3.525s] [ 60%] Built target lifecycle_msgs__rosidl_typesupport_introspection_c
[4.483s] running egg_info
[4.485s] writing lifecycle_msgs.egg-info/PKG-INFO
[4.487s] writing dependency_links to lifecycle_msgs.egg-info/dependency_links.txt
[4.488s] writing top-level names to lifecycle_msgs.egg-info/top_level.txt
[4.509s] reading manifest file 'lifecycle_msgs.egg-info/SOURCES.txt'
[4.514s] writing manifest file 'lifecycle_msgs.egg-info/SOURCES.txt'
[4.698s] [ 60%] Built target ament_cmake_python_build_lifecycle_msgs_egg
[6.255s] [35m[1mConsolidate compiler generated dependencies of target lifecycle_msgs__rosidl_typesupport_cpp[0m
[6.304s] [ 62%] [32mBuilding CXX object CMakeFiles/lifecycle_msgs__rosidl_typesupport_cpp.dir/rosidl_typesupport_cpp/lifecycle_msgs/msg/state__type_support.cpp.o[0m
[6.304s] [ 63%] [32mBuilding CXX object CMakeFiles/lifecycle_msgs__rosidl_typesupport_cpp.dir/rosidl_typesupport_cpp/lifecycle_msgs/msg/transition__type_support.cpp.o[0m
[6.308s] [ 64%] [32mBuilding CXX object CMakeFiles/lifecycle_msgs__rosidl_typesupport_cpp.dir/rosidl_typesupport_cpp/lifecycle_msgs/msg/transition_description__type_support.cpp.o[0m
[6.321s] [ 65%] [32mBuilding CXX object CMakeFiles/lifecycle_msgs__rosidl_typesupport_cpp.dir/rosidl_typesupport_cpp/lifecycle_msgs/msg/transition_event__type_support.cpp.o[0m
[6.325s] [ 66%] [32mBuilding CXX object CMakeFiles/lifecycle_msgs__rosidl_typesupport_cpp.dir/rosidl_typesupport_cpp/lifecycle_msgs/srv/change_state__type_support.cpp.o[0m
[6.377s] [ 67%] [32mBuilding CXX object CMakeFiles/lifecycle_msgs__rosidl_typesupport_cpp.dir/rosidl_typesupport_cpp/lifecycle_msgs/srv/get_available_transitions__type_support.cpp.o[0m
[6.388s] [ 68%] [32mBuilding CXX object CMakeFiles/lifecycle_msgs__rosidl_typesupport_cpp.dir/rosidl_typesupport_cpp/lifecycle_msgs/srv/get_available_states__type_support.cpp.o[0m
[7.037s] [35m[1mConsolidate compiler generated dependencies of target lifecycle_msgs__rosidl_typesupport_c[0m
[7.091s] [ 70%] [32mBuilding CXX object CMakeFiles/lifecycle_msgs__rosidl_typesupport_c.dir/rosidl_typesupport_c/lifecycle_msgs/msg/state__type_support.cpp.o[0m
[7.107s] [ 71%] [32mBuilding CXX object CMakeFiles/lifecycle_msgs__rosidl_typesupport_cpp.dir/rosidl_typesupport_cpp/lifecycle_msgs/srv/get_state__type_support.cpp.o[0m
[7.122s] [ 72%] [32mBuilding CXX object CMakeFiles/lifecycle_msgs__rosidl_typesupport_c.dir/rosidl_typesupport_c/lifecycle_msgs/msg/transition__type_support.cpp.o[0m
[7.140s] [ 73%] [32mBuilding CXX object CMakeFiles/lifecycle_msgs__rosidl_typesupport_c.dir/rosidl_typesupport_c/lifecycle_msgs/msg/transition_description__type_support.cpp.o[0m
[7.176s] [ 74%] [32mBuilding CXX object CMakeFiles/lifecycle_msgs__rosidl_typesupport_c.dir/rosidl_typesupport_c/lifecycle_msgs/msg/transition_event__type_support.cpp.o[0m
[7.189s] [ 75%] [32mBuilding CXX object CMakeFiles/lifecycle_msgs__rosidl_typesupport_c.dir/rosidl_typesupport_c/lifecycle_msgs/srv/change_state__type_support.cpp.o[0m
[7.221s] [ 77%] [32mBuilding CXX object CMakeFiles/lifecycle_msgs__rosidl_typesupport_c.dir/rosidl_typesupport_c/lifecycle_msgs/srv/get_available_transitions__type_support.cpp.o[0m
[7.223s] [ 78%] [32mBuilding CXX object CMakeFiles/lifecycle_msgs__rosidl_typesupport_c.dir/rosidl_typesupport_c/lifecycle_msgs/srv/get_available_states__type_support.cpp.o[0m
[7.239s] [ 79%] [32mBuilding CXX object CMakeFiles/lifecycle_msgs__rosidl_typesupport_c.dir/rosidl_typesupport_c/lifecycle_msgs/srv/get_state__type_support.cpp.o[0m
[7.324s] [ 80%] [32m[1mLinking CXX shared library liblifecycle_msgs__rosidl_typesupport_c.so[0m
[7.463s] [ 80%] Built target lifecycle_msgs__rosidl_typesupport_c
[7.784s] [ 81%] [32m[1mLinking CXX shared library liblifecycle_msgs__rosidl_typesupport_cpp.so[0m
[7.870s] [ 81%] Built target lifecycle_msgs__rosidl_typesupport_cpp
[7.922s] [ 81%] Built target lifecycle_msgs
[7.973s] [ 82%] Built target lifecycle_msgs__py
[8.000s] [35m[1mConsolidate compiler generated dependencies of target lifecycle_msgs__rosidl_generator_py[0m
[8.039s] [ 83%] [32m[1mLinking C shared library rosidl_generator_py/lifecycle_msgs/liblifecycle_msgs__rosidl_generator_py.so[0m
[8.141s] [ 93%] Built target lifecycle_msgs__rosidl_generator_py
[8.170s] [35m[1mConsolidate compiler generated dependencies of target lifecycle_msgs__rosidl_typesupport_introspection_c__pyext[0m
[8.172s] [35m[1mConsolidate compiler generated dependencies of target lifecycle_msgs__rosidl_typesupport_c__pyext[0m
[8.197s] [ 94%] [32m[1mLinking C shared library rosidl_generator_py/lifecycle_msgs/lifecycle_msgs_s__rosidl_typesupport_introspection_c.cpython-310-aarch64-linux-gnu.so[0m
[8.197s] [ 95%] [32m[1mLinking C shared library rosidl_generator_py/lifecycle_msgs/lifecycle_msgs_s__rosidl_typesupport_c.cpython-310-aarch64-linux-gnu.so[0m
[8.197s] [35m[1mConsolidate compiler generated dependencies of target lifecycle_msgs__rosidl_typesupport_fastrtps_c__pyext[0m
[8.267s] [ 96%] [32m[1mLinking C shared library rosidl_generator_py/lifecycle_msgs/lifecycle_msgs_s__rosidl_typesupport_fastrtps_c.cpython-310-aarch64-linux-gnu.so[0m
[8.292s] [ 97%] Built target lifecycle_msgs__rosidl_typesupport_c__pyext
[8.307s] [ 98%] Built target lifecycle_msgs__rosidl_typesupport_introspection_c__pyext
[8.351s] [100%] Built target lifecycle_msgs__rosidl_typesupport_fastrtps_c__pyext
[8.378s] Invoked command in '/home/aajaer/microros_ws/build/lifecycle_msgs' returned '0': /usr/bin/cmake --build /home/aajaer/microros_ws/build/lifecycle_msgs -- -j8 -l8
[8.396s] Invoking command in '/home/aajaer/microros_ws/build/lifecycle_msgs': /usr/bin/cmake --install /home/aajaer/microros_ws/build/lifecycle_msgs
[8.402s] -- Install configuration: ""
[8.402s] -- Execute custom install script
[8.402s] -- Up-to-date symlink: /home/aajaer/microros_ws/install/lifecycle_msgs/share/ament_index/resource_index/rosidl_interfaces/lifecycle_msgs
[8.407s] -- Up-to-date symlink: /home/aajaer/microros_ws/install/lifecycle_msgs/include/lifecycle_msgs/lifecycle_msgs/msg/detail/state__functions.h
[8.408s] -- Up-to-date symlink: /home/aajaer/microros_ws/install/lifecycle_msgs/include/lifecycle_msgs/lifecycle_msgs/msg/detail/state__struct.h
[8.409s] -- Up-to-date symlink: /home/aajaer/microros_ws/install/lifecycle_msgs/include/lifecycle_msgs/lifecycle_msgs/msg/detail/state__type_support.h
[8.410s] -- Up-to-date symlink: /home/aajaer/microros_ws/install/lifecycle_msgs/include/lifecycle_msgs/lifecycle_msgs/msg/detail/transition__functions.h
[8.411s] -- Up-to-date symlink: /home/aajaer/microros_ws/install/lifecycle_msgs/include/lifecycle_msgs/lifecycle_msgs/msg/detail/transition__struct.h
[8.411s] -- Up-to-date symlink: /home/aajaer/microros_ws/install/lifecycle_msgs/include/lifecycle_msgs/lifecycle_msgs/msg/detail/transition__type_support.h
[8.412s] -- Up-to-date symlink: /home/aajaer/microros_ws/install/lifecycle_msgs/include/lifecycle_msgs/lifecycle_msgs/msg/detail/transition_description__functions.h
[8.412s] -- Up-to-date symlink: /home/aajaer/microros_ws/install/lifecycle_msgs/include/lifecycle_msgs/lifecycle_msgs/msg/detail/transition_description__struct.h
[8.412s] -- Up-to-date symlink: /home/aajaer/microros_ws/install/lifecycle_msgs/include/lifecycle_msgs/lifecycle_msgs/msg/detail/transition_description__type_support.h
[8.413s] -- Up-to-date symlink: /home/aajaer/microros_ws/install/lifecycle_msgs/include/lifecycle_msgs/lifecycle_msgs/msg/detail/transition_event__functions.h
[8.413s] -- Up-to-date symlink: /home/aajaer/microros_ws/install/lifecycle_msgs/include/lifecycle_msgs/lifecycle_msgs/msg/detail/transition_event__struct.h
[8.414s] -- Up-to-date symlink: /home/aajaer/microros_ws/install/lifecycle_msgs/include/lifecycle_msgs/lifecycle_msgs/msg/detail/transition_event__type_support.h
[8.414s] -- Up-to-date symlink: /home/aajaer/microros_ws/install/lifecycle_msgs/include/lifecycle_msgs/lifecycle_msgs/msg/rosidl_generator_c__visibility_control.h
[8.415s] -- Up-to-date symlink: /home/aajaer/microros_ws/install/lifecycle_msgs/include/lifecycle_msgs/lifecycle_msgs/msg/state.h
[8.415s] -- Up-to-date symlink: /home/aajaer/microros_ws/install/lifecycle_msgs/include/lifecycle_msgs/lifecycle_msgs/msg/transition.h
[8.415s] -- Up-to-date symlink: /home/aajaer/microros_ws/install/lifecycle_msgs/include/lifecycle_msgs/lifecycle_msgs/msg/transition_description.h
[8.416s] -- Up-to-date symlink: /home/aajaer/microros_ws/install/lifecycle_msgs/include/lifecycle_msgs/lifecycle_msgs/msg/transition_event.h
[8.416s] -- Up-to-date symlink: /home/aajaer/microros_ws/install/lifecycle_msgs/include/lifecycle_msgs/lifecycle_msgs/srv/change_state.h
[8.417s] -- Up-to-date symlink: /home/aajaer/microros_ws/install/lifecycle_msgs/include/lifecycle_msgs/lifecycle_msgs/srv/detail/change_state__functions.h
[8.417s] -- Up-to-date symlink: /home/aajaer/microros_ws/install/lifecycle_msgs/include/lifecycle_msgs/lifecycle_msgs/srv/detail/change_state__struct.h
[8.418s] -- Up-to-date symlink: /home/aajaer/microros_ws/install/lifecycle_msgs/include/lifecycle_msgs/lifecycle_msgs/srv/detail/change_state__type_support.h
[8.418s] -- Up-to-date symlink: /home/aajaer/microros_ws/install/lifecycle_msgs/include/lifecycle_msgs/lifecycle_msgs/srv/detail/get_available_states__functions.h
[8.419s] -- Up-to-date symlink: /home/aajaer/microros_ws/install/lifecycle_msgs/include/lifecycle_msgs/lifecycle_msgs/srv/detail/get_available_states__struct.h
[8.420s] -- Up-to-date symlink: /home/aajaer/microros_ws/install/lifecycle_msgs/include/lifecycle_msgs/lifecycle_msgs/srv/detail/get_available_states__type_support.h
[8.420s] -- Up-to-date symlink: /home/aajaer/microros_ws/install/lifecycle_msgs/include/lifecycle_msgs/lifecycle_msgs/srv/detail/get_available_transitions__functions.h
[8.420s] -- Up-to-date symlink: /home/aajaer/microros_ws/install/lifecycle_msgs/include/lifecycle_msgs/lifecycle_msgs/srv/detail/get_available_transitions__struct.h
[8.422s] -- Up-to-date symlink: /home/aajaer/microros_ws/install/lifecycle_msgs/include/lifecycle_msgs/lifecycle_msgs/srv/detail/get_available_transitions__type_support.h
[8.422s] -- Up-to-date symlink: /home/aajaer/microros_ws/install/lifecycle_msgs/include/lifecycle_msgs/lifecycle_msgs/srv/detail/get_state__functions.h
[8.423s] -- Up-to-date symlink: /home/aajaer/microros_ws/install/lifecycle_msgs/include/lifecycle_msgs/lifecycle_msgs/srv/detail/get_state__struct.h
[8.423s] -- Up-to-date symlink: /home/aajaer/microros_ws/install/lifecycle_msgs/include/lifecycle_msgs/lifecycle_msgs/srv/detail/get_state__type_support.h
[8.423s] -- Up-to-date symlink: /home/aajaer/microros_ws/install/lifecycle_msgs/include/lifecycle_msgs/lifecycle_msgs/srv/get_available_states.h
[8.424s] -- Up-to-date symlink: /home/aajaer/microros_ws/install/lifecycle_msgs/include/lifecycle_msgs/lifecycle_msgs/srv/get_available_transitions.h
[8.424s] -- Up-to-date symlink: /home/aajaer/microros_ws/install/lifecycle_msgs/include/lifecycle_msgs/lifecycle_msgs/srv/get_state.h
[8.425s] -- Up-to-date symlink: /home/aajaer/microros_ws/install/lifecycle_msgs/share/lifecycle_msgs/environment/library_path.sh
[8.425s] -- Up-to-date symlink: /home/aajaer/microros_ws/install/lifecycle_msgs/share/lifecycle_msgs/environment/library_path.dsv
[8.426s] -- Up-to-date symlink: /home/aajaer/microros_ws/install/lifecycle_msgs/include/lifecycle_msgs/lifecycle_msgs/msg/detail/state__rosidl_typesupport_fastrtps_c.h
[8.427s] -- Up-to-date symlink: /home/aajaer/microros_ws/install/lifecycle_msgs/include/lifecycle_msgs/lifecycle_msgs/msg/detail/transition__rosidl_typesupport_fastrtps_c.h
[8.427s] -- Up-to-date symlink: /home/aajaer/microros_ws/install/lifecycle_msgs/include/lifecycle_msgs/lifecycle_msgs/msg/detail/transition_description__rosidl_typesupport_fastrtps_c.h
[8.427s] -- Up-to-date symlink: /home/aajaer/microros_ws/install/lifecycle_msgs/include/lifecycle_msgs/lifecycle_msgs/msg/detail/transition_event__rosidl_typesupport_fastrtps_c.h
[8.428s] -- Up-to-date symlink: /home/aajaer/microros_ws/install/lifecycle_msgs/include/lifecycle_msgs/lifecycle_msgs/msg/rosidl_typesupport_fastrtps_c__visibility_control.h
[8.428s] -- Up-to-date symlink: /home/aajaer/microros_ws/install/lifecycle_msgs/include/lifecycle_msgs/lifecycle_msgs/srv/detail/change_state__rosidl_typesupport_fastrtps_c.h
[8.429s] -- Up-to-date symlink: /home/aajaer/microros_ws/install/lifecycle_msgs/include/lifecycle_msgs/lifecycle_msgs/srv/detail/get_available_states__rosidl_typesupport_fastrtps_c.h
[8.429s] -- Up-to-date symlink: /home/aajaer/microros_ws/install/lifecycle_msgs/include/lifecycle_msgs/lifecycle_msgs/srv/detail/get_available_transitions__rosidl_typesupport_fastrtps_c.h
[8.429s] -- Up-to-date symlink: /home/aajaer/microros_ws/install/lifecycle_msgs/include/lifecycle_msgs/lifecycle_msgs/srv/detail/get_state__rosidl_typesupport_fastrtps_c.h
[8.430s] -- Up-to-date symlink: /home/aajaer/microros_ws/install/lifecycle_msgs/include/lifecycle_msgs/lifecycle_msgs/msg/detail/state__rosidl_typesupport_introspection_c.h
[8.431s] -- Up-to-date symlink: /home/aajaer/microros_ws/install/lifecycle_msgs/include/lifecycle_msgs/lifecycle_msgs/msg/detail/transition__rosidl_typesupport_introspection_c.h
[8.432s] -- Up-to-date symlink: /home/aajaer/microros_ws/install/lifecycle_msgs/include/lifecycle_msgs/lifecycle_msgs/msg/detail/transition_description__rosidl_typesupport_introspection_c.h
[8.433s] -- Up-to-date symlink: /home/aajaer/microros_ws/install/lifecycle_msgs/include/lifecycle_msgs/lifecycle_msgs/msg/detail/transition_event__rosidl_typesupport_introspection_c.h
[8.434s] -- Up-to-date symlink: /home/aajaer/microros_ws/install/lifecycle_msgs/include/lifecycle_msgs/lifecycle_msgs/msg/rosidl_typesupport_introspection_c__visibility_control.h
[8.435s] -- Up-to-date symlink: /home/aajaer/microros_ws/install/lifecycle_msgs/include/lifecycle_msgs/lifecycle_msgs/srv/detail/change_state__rosidl_typesupport_introspection_c.h
[8.435s] -- Up-to-date symlink: /home/aajaer/microros_ws/install/lifecycle_msgs/include/lifecycle_msgs/lifecycle_msgs/srv/detail/get_available_states__rosidl_typesupport_introspection_c.h
[8.438s] -- Up-to-date symlink: /home/aajaer/microros_ws/install/lifecycle_msgs/include/lifecycle_msgs/lifecycle_msgs/srv/detail/get_available_transitions__rosidl_typesupport_introspection_c.h
[8.438s] -- Up-to-date symlink: /home/aajaer/microros_ws/install/lifecycle_msgs/include/lifecycle_msgs/lifecycle_msgs/srv/detail/get_state__rosidl_typesupport_introspection_c.h
[8.443s] -- Up-to-date symlink: /home/aajaer/microros_ws/install/lifecycle_msgs/include/lifecycle_msgs/lifecycle_msgs/msg/detail/state__builder.hpp
[8.446s] -- Up-to-date symlink: /home/aajaer/microros_ws/install/lifecycle_msgs/include/lifecycle_msgs/lifecycle_msgs/msg/detail/state__struct.hpp
[8.446s] -- Up-to-date symlink: /home/aajaer/microros_ws/install/lifecycle_msgs/include/lifecycle_msgs/lifecycle_msgs/msg/detail/state__traits.hpp
[8.446s] -- Up-to-date symlink: /home/aajaer/microros_ws/install/lifecycle_msgs/include/lifecycle_msgs/lifecycle_msgs/msg/detail/state__type_support.hpp
[8.446s] -- Up-to-date symlink: /home/aajaer/microros_ws/install/lifecycle_msgs/include/lifecycle_msgs/lifecycle_msgs/msg/detail/transition__builder.hpp
[8.447s] -- Up-to-date symlink: /home/aajaer/microros_ws/install/lifecycle_msgs/include/lifecycle_msgs/lifecycle_msgs/msg/detail/transition__struct.hpp
[8.447s] -- Up-to-date symlink: /home/aajaer/microros_ws/install/lifecycle_msgs/include/lifecycle_msgs/lifecycle_msgs/msg/detail/transition__traits.hpp
[8.447s] -- Up-to-date symlink: /home/aajaer/microros_ws/install/lifecycle_msgs/include/lifecycle_msgs/lifecycle_msgs/msg/detail/transition__type_support.hpp
[8.447s] -- Up-to-date symlink: /home/aajaer/microros_ws/install/lifecycle_msgs/include/lifecycle_msgs/lifecycle_msgs/msg/detail/transition_description__builder.hpp
[8.447s] -- Up-to-date symlink: /home/aajaer/microros_ws/install/lifecycle_msgs/include/lifecycle_msgs/lifecycle_msgs/msg/detail/transition_description__struct.hpp
[8.447s] -- Up-to-date symlink: /home/aajaer/microros_ws/install/lifecycle_msgs/include/lifecycle_msgs/lifecycle_msgs/msg/detail/transition_description__traits.hpp
[8.448s] -- Up-to-date symlink: /home/aajaer/microros_ws/install/lifecycle_msgs/include/lifecycle_msgs/lifecycle_msgs/msg/detail/transition_description__type_support.hpp
[8.448s] -- Up-to-date symlink: /home/aajaer/microros_ws/install/lifecycle_msgs/include/lifecycle_msgs/lifecycle_msgs/msg/detail/transition_event__builder.hpp
[8.448s] -- Up-to-date symlink: /home/aajaer/microros_ws/install/lifecycle_msgs/include/lifecycle_msgs/lifecycle_msgs/msg/detail/transition_event__struct.hpp
[8.448s] -- Up-to-date symlink: /home/aajaer/microros_ws/install/lifecycle_msgs/include/lifecycle_msgs/lifecycle_msgs/msg/detail/transition_event__traits.hpp
[8.448s] -- Up-to-date symlink: /home/aajaer/microros_ws/install/lifecycle_msgs/include/lifecycle_msgs/lifecycle_msgs/msg/detail/transition_event__type_support.hpp
[8.448s] -- Up-to-date symlink: /home/aajaer/microros_ws/install/lifecycle_msgs/include/lifecycle_msgs/lifecycle_msgs/msg/rosidl_generator_cpp__visibility_control.hpp
[8.449s] -- Up-to-date symlink: /home/aajaer/microros_ws/install/lifecycle_msgs/include/lifecycle_msgs/lifecycle_msgs/msg/state.hpp
[8.449s] -- Up-to-date symlink: /home/aajaer/microros_ws/install/lifecycle_msgs/include/lifecycle_msgs/lifecycle_msgs/msg/transition.hpp
[8.449s] -- Up-to-date symlink: /home/aajaer/microros_ws/install/lifecycle_msgs/include/lifecycle_msgs/lifecycle_msgs/msg/transition_description.hpp
[8.449s] -- Up-to-date symlink: /home/aajaer/microros_ws/install/lifecycle_msgs/include/lifecycle_msgs/lifecycle_msgs/msg/transition_event.hpp
[8.449s] -- Up-to-date symlink: /home/aajaer/microros_ws/install/lifecycle_msgs/include/lifecycle_msgs/lifecycle_msgs/srv/change_state.hpp
[8.449s] -- Up-to-date symlink: /home/aajaer/microros_ws/install/lifecycle_msgs/include/lifecycle_msgs/lifecycle_msgs/srv/detail/change_state__builder.hpp
[8.450s] -- Up-to-date symlink: /home/aajaer/microros_ws/install/lifecycle_msgs/include/lifecycle_msgs/lifecycle_msgs/srv/detail/change_state__struct.hpp
[8.450s] -- Up-to-date symlink: /home/aajaer/microros_ws/install/lifecycle_msgs/include/lifecycle_msgs/lifecycle_msgs/srv/detail/change_state__traits.hpp
[8.450s] -- Up-to-date symlink: /home/aajaer/microros_ws/install/lifecycle_msgs/include/lifecycle_msgs/lifecycle_msgs/srv/detail/change_state__type_support.hpp
[8.450s] -- Up-to-date symlink: /home/aajaer/microros_ws/install/lifecycle_msgs/include/lifecycle_msgs/lifecycle_msgs/srv/detail/get_available_states__builder.hpp
[8.450s] -- Up-to-date symlink: /home/aajaer/microros_ws/install/lifecycle_msgs/include/lifecycle_msgs/lifecycle_msgs/srv/detail/get_available_states__struct.hpp
[8.450s] -- Up-to-date symlink: /home/aajaer/microros_ws/install/lifecycle_msgs/include/lifecycle_msgs/lifecycle_msgs/srv/detail/get_available_states__traits.hpp
[8.450s] -- Up-to-date symlink: /home/aajaer/microros_ws/install/lifecycle_msgs/include/lifecycle_msgs/lifecycle_msgs/srv/detail/get_available_states__type_support.hpp
[8.451s] -- Up-to-date symlink: /home/aajaer/microros_ws/install/lifecycle_msgs/include/lifecycle_msgs/lifecycle_msgs/srv/detail/get_available_transitions__builder.hpp
[8.451s] -- Up-to-date symlink: /home/aajaer/microros_ws/install/lifecycle_msgs/include/lifecycle_msgs/lifecycle_msgs/srv/detail/get_available_transitions__struct.hpp
[8.451s] -- Up-to-date symlink: /home/aajaer/microros_ws/install/lifecycle_msgs/include/lifecycle_msgs/lifecycle_msgs/srv/detail/get_available_transitions__traits.hpp
[8.451s] -- Up-to-date symlink: /home/aajaer/microros_ws/install/lifecycle_msgs/include/lifecycle_msgs/lifecycle_msgs/srv/detail/get_available_transitions__type_support.hpp
[8.452s] -- Up-to-date symlink: /home/aajaer/microros_ws/install/lifecycle_msgs/include/lifecycle_msgs/lifecycle_msgs/srv/detail/get_state__builder.hpp
[8.452s] -- Up-to-date symlink: /home/aajaer/microros_ws/install/lifecycle_msgs/include/lifecycle_msgs/lifecycle_msgs/srv/detail/get_state__struct.hpp
[8.453s] -- Up-to-date symlink: /home/aajaer/microros_ws/install/lifecycle_msgs/include/lifecycle_msgs/lifecycle_msgs/srv/detail/get_state__traits.hpp
[8.453s] -- Up-to-date symlink: /home/aajaer/microros_ws/install/lifecycle_msgs/include/lifecycle_msgs/lifecycle_msgs/srv/detail/get_state__type_support.hpp
[8.453s] -- Up-to-date symlink: /home/aajaer/microros_ws/install/lifecycle_msgs/include/lifecycle_msgs/lifecycle_msgs/srv/get_available_states.hpp
[8.454s] -- Up-to-date symlink: /home/aajaer/microros_ws/install/lifecycle_msgs/include/lifecycle_msgs/lifecycle_msgs/srv/get_available_transitions.hpp
[8.454s] -- Up-to-date symlink: /home/aajaer/microros_ws/install/lifecycle_msgs/include/lifecycle_msgs/lifecycle_msgs/srv/get_state.hpp
[8.456s] -- Up-to-date symlink: /home/aajaer/microros_ws/install/lifecycle_msgs/include/lifecycle_msgs/lifecycle_msgs/msg/detail/state__rosidl_typesupport_fastrtps_cpp.hpp
[8.457s] -- Up-to-date symlink: /home/aajaer/microros_ws/install/lifecycle_msgs/include/lifecycle_msgs/lifecycle_msgs/msg/detail/transition__rosidl_typesupport_fastrtps_cpp.hpp
[8.457s] -- Up-to-date symlink: /home/aajaer/microros_ws/install/lifecycle_msgs/include/lifecycle_msgs/lifecycle_msgs/msg/detail/transition_description__rosidl_typesupport_fastrtps_cpp.hpp
[8.458s] -- Up-to-date symlink: /home/aajaer/microros_ws/install/lifecycle_msgs/include/lifecycle_msgs/lifecycle_msgs/msg/detail/transition_event__rosidl_typesupport_fastrtps_cpp.hpp
[8.458s] -- Up-to-date symlink: /home/aajaer/microros_ws/install/lifecycle_msgs/include/lifecycle_msgs/lifecycle_msgs/msg/rosidl_typesupport_fastrtps_cpp__visibility_control.h
[8.459s] -- Up-to-date symlink: /home/aajaer/microros_ws/install/lifecycle_msgs/include/lifecycle_msgs/lifecycle_msgs/srv/detail/change_state__rosidl_typesupport_fastrtps_cpp.hpp
[8.459s] -- Up-to-date symlink: /home/aajaer/microros_ws/install/lifecycle_msgs/include/lifecycle_msgs/lifecycle_msgs/srv/detail/get_available_states__rosidl_typesupport_fastrtps_cpp.hpp
[8.459s] -- Up-to-date symlink: /home/aajaer/microros_ws/install/lifecycle_msgs/include/lifecycle_msgs/lifecycle_msgs/srv/detail/get_available_transitions__rosidl_typesupport_fastrtps_cpp.hpp
[8.460s] -- Up-to-date symlink: /home/aajaer/microros_ws/install/lifecycle_msgs/include/lifecycle_msgs/lifecycle_msgs/srv/detail/get_state__rosidl_typesupport_fastrtps_cpp.hpp
[8.473s] -- Up-to-date symlink: /home/aajaer/microros_ws/install/lifecycle_msgs/include/lifecycle_msgs/lifecycle_msgs/msg/detail/state__rosidl_typesupport_introspection_cpp.hpp
[8.473s] -- Up-to-date symlink: /home/aajaer/microros_ws/install/lifecycle_msgs/include/lifecycle_msgs/lifecycle_msgs/msg/detail/transition__rosidl_typesupport_introspection_cpp.hpp
[8.473s] -- Up-to-date symlink: /home/aajaer/microros_ws/install/lifecycle_msgs/include/lifecycle_msgs/lifecycle_msgs/msg/detail/transition_description__rosidl_typesupport_introspection_cpp.hpp
[8.473s] -- Up-to-date symlink: /home/aajaer/microros_ws/install/lifecycle_msgs/include/lifecycle_msgs/lifecycle_msgs/msg/detail/transition_event__rosidl_typesupport_introspection_cpp.hpp
[8.474s] -- Up-to-date symlink: /home/aajaer/microros_ws/install/lifecycle_msgs/include/lifecycle_msgs/lifecycle_msgs/srv/detail/change_state__rosidl_typesupport_introspection_cpp.hpp
[8.474s] -- Up-to-date symlink: /home/aajaer/microros_ws/install/lifecycle_msgs/include/lifecycle_msgs/lifecycle_msgs/srv/detail/get_available_states__rosidl_typesupport_introspection_cpp.hpp
[8.474s] -- Up-to-date symlink: /home/aajaer/microros_ws/install/lifecycle_msgs/include/lifecycle_msgs/lifecycle_msgs/srv/detail/get_available_transitions__rosidl_typesupport_introspection_cpp.hpp
[8.474s] -- Up-to-date symlink: /home/aajaer/microros_ws/install/lifecycle_msgs/include/lifecycle_msgs/lifecycle_msgs/srv/detail/get_state__rosidl_typesupport_introspection_cpp.hpp
[8.474s] -- Up-to-date symlink: /home/aajaer/microros_ws/install/lifecycle_msgs/share/lifecycle_msgs/environment/pythonpath.sh
[8.474s] -- Up-to-date symlink: /home/aajaer/microros_ws/install/lifecycle_msgs/share/lifecycle_msgs/environment/pythonpath.dsv
[8.475s] -- Up-to-date symlink: /home/aajaer/microros_ws/install/lifecycle_msgs/local/lib/python3.10/dist-packages/lifecycle_msgs-1.2.1-py3.10.egg-info/PKG-INFO
[8.475s] -- Up-to-date symlink: /home/aajaer/microros_ws/install/lifecycle_msgs/local/lib/python3.10/dist-packages/lifecycle_msgs-1.2.1-py3.10.egg-info/SOURCES.txt
[8.475s] -- Up-to-date symlink: /home/aajaer/microros_ws/install/lifecycle_msgs/local/lib/python3.10/dist-packages/lifecycle_msgs-1.2.1-py3.10.egg-info/dependency_links.txt
[8.475s] -- Up-to-date symlink: /home/aajaer/microros_ws/install/lifecycle_msgs/local/lib/python3.10/dist-packages/lifecycle_msgs-1.2.1-py3.10.egg-info/top_level.txt
[8.475s] -- Up-to-date symlink: /home/aajaer/microros_ws/install/lifecycle_msgs/local/lib/python3.10/dist-packages/lifecycle_msgs/__init__.py
[8.475s] -- Up-to-date symlink: /home/aajaer/microros_ws/install/lifecycle_msgs/local/lib/python3.10/dist-packages/lifecycle_msgs/_lifecycle_msgs_s.ep.rosidl_typesupport_c.c
[8.476s] -- Up-to-date symlink: /home/aajaer/microros_ws/install/lifecycle_msgs/local/lib/python3.10/dist-packages/lifecycle_msgs/_lifecycle_msgs_s.ep.rosidl_typesupport_fastrtps_c.c
[8.476s] -- Up-to-date symlink: /home/aajaer/microros_ws/install/lifecycle_msgs/local/lib/python3.10/dist-packages/lifecycle_msgs/_lifecycle_msgs_s.ep.rosidl_typesupport_introspection_c.c
[8.476s] -- Up-to-date symlink: /home/aajaer/microros_ws/install/lifecycle_msgs/local/lib/python3.10/dist-packages/lifecycle_msgs/_lifecycle_msgs_s.ep.rosidl_typesupport_microxrcedds_c.c
[8.476s] -- Up-to-date symlink: /home/aajaer/microros_ws/install/lifecycle_msgs/local/lib/python3.10/dist-packages/lifecycle_msgs/liblifecycle_msgs__rosidl_generator_py.so
[8.476s] -- Up-to-date symlink: /home/aajaer/microros_ws/install/lifecycle_msgs/local/lib/python3.10/dist-packages/lifecycle_msgs/lifecycle_msgs_s__rosidl_typesupport_c.cpython-310-aarch64-linux-gnu.so
[8.476s] -- Up-to-date symlink: /home/aajaer/microros_ws/install/lifecycle_msgs/local/lib/python3.10/dist-packages/lifecycle_msgs/lifecycle_msgs_s__rosidl_typesupport_fastrtps_c.cpython-310-aarch64-linux-gnu.so
[8.477s] -- Up-to-date symlink: /home/aajaer/microros_ws/install/lifecycle_msgs/local/lib/python3.10/dist-packages/lifecycle_msgs/lifecycle_msgs_s__rosidl_typesupport_introspection_c.cpython-310-aarch64-linux-gnu.so
[8.477s] -- Up-to-date symlink: /home/aajaer/microros_ws/install/lifecycle_msgs/local/lib/python3.10/dist-packages/lifecycle_msgs/lifecycle_msgs_s__rosidl_typesupport_microxrcedds_c.cpython-310-aarch64-linux-gnu.so
[8.478s] -- Up-to-date symlink: /home/aajaer/microros_ws/install/lifecycle_msgs/local/lib/python3.10/dist-packages/lifecycle_msgs/msg/__init__.py
[8.478s] -- Up-to-date symlink: /home/aajaer/microros_ws/install/lifecycle_msgs/local/lib/python3.10/dist-packages/lifecycle_msgs/msg/_state.py
[8.478s] -- Up-to-date symlink: /home/aajaer/microros_ws/install/lifecycle_msgs/local/lib/python3.10/dist-packages/lifecycle_msgs/msg/_state_s.c
[8.478s] -- Up-to-date symlink: /home/aajaer/microros_ws/install/lifecycle_msgs/local/lib/python3.10/dist-packages/lifecycle_msgs/msg/_transition.py
[8.479s] -- Up-to-date symlink: /home/aajaer/microros_ws/install/lifecycle_msgs/local/lib/python3.10/dist-packages/lifecycle_msgs/msg/_transition_description.py
[8.479s] -- Up-to-date symlink: /home/aajaer/microros_ws/install/lifecycle_msgs/local/lib/python3.10/dist-packages/lifecycle_msgs/msg/_transition_description_s.c
[8.479s] -- Up-to-date symlink: /home/aajaer/microros_ws/install/lifecycle_msgs/local/lib/python3.10/dist-packages/lifecycle_msgs/msg/_transition_event.py
[8.479s] -- Up-to-date symlink: /home/aajaer/microros_ws/install/lifecycle_msgs/local/lib/python3.10/dist-packages/lifecycle_msgs/msg/_transition_event_s.c
[8.479s] -- Up-to-date symlink: /home/aajaer/microros_ws/install/lifecycle_msgs/local/lib/python3.10/dist-packages/lifecycle_msgs/msg/_transition_s.c
[8.479s] -- Up-to-date symlink: /home/aajaer/microros_ws/install/lifecycle_msgs/local/lib/python3.10/dist-packages/lifecycle_msgs/srv/__init__.py
[8.479s] -- Up-to-date symlink: /home/aajaer/microros_ws/install/lifecycle_msgs/local/lib/python3.10/dist-packages/lifecycle_msgs/srv/_change_state.py
[8.480s] -- Up-to-date symlink: /home/aajaer/microros_ws/install/lifecycle_msgs/local/lib/python3.10/dist-packages/lifecycle_msgs/srv/_change_state_s.c
[8.480s] -- Up-to-date symlink: /home/aajaer/microros_ws/install/lifecycle_msgs/local/lib/python3.10/dist-packages/lifecycle_msgs/srv/_get_available_states.py
[8.480s] -- Up-to-date symlink: /home/aajaer/microros_ws/install/lifecycle_msgs/local/lib/python3.10/dist-packages/lifecycle_msgs/srv/_get_available_states_s.c
[8.480s] -- Up-to-date symlink: /home/aajaer/microros_ws/install/lifecycle_msgs/local/lib/python3.10/dist-packages/lifecycle_msgs/srv/_get_available_transitions.py
[8.480s] -- Up-to-date symlink: /home/aajaer/microros_ws/install/lifecycle_msgs/local/lib/python3.10/dist-packages/lifecycle_msgs/srv/_get_available_transitions_s.c
[8.480s] -- Up-to-date symlink: /home/aajaer/microros_ws/install/lifecycle_msgs/local/lib/python3.10/dist-packages/lifecycle_msgs/srv/_get_state.py
[8.481s] -- Up-to-date symlink: /home/aajaer/microros_ws/install/lifecycle_msgs/local/lib/python3.10/dist-packages/lifecycle_msgs/srv/_get_state_s.c
[8.481s] -- Up-to-date symlink: /home/aajaer/microros_ws/install/lifecycle_msgs/local/lib/python3.10/dist-packages/lifecycle_msgs/lifecycle_msgs_s__rosidl_typesupport_fastrtps_c.cpython-310-aarch64-linux-gnu.so
[8.481s] -- Up-to-date symlink: /home/aajaer/microros_ws/install/lifecycle_msgs/local/lib/python3.10/dist-packages/lifecycle_msgs/lifecycle_msgs_s__rosidl_typesupport_introspection_c.cpython-310-aarch64-linux-gnu.so
[8.481s] -- Up-to-date symlink: /home/aajaer/microros_ws/install/lifecycle_msgs/local/lib/python3.10/dist-packages/lifecycle_msgs/lifecycle_msgs_s__rosidl_typesupport_c.cpython-310-aarch64-linux-gnu.so
[8.481s] -- Up-to-date symlink: /home/aajaer/microros_ws/install/lifecycle_msgs/share/lifecycle_msgs/msg/State.idl
[8.482s] -- Up-to-date symlink: /home/aajaer/microros_ws/install/lifecycle_msgs/share/lifecycle_msgs/msg/Transition.idl
[8.482s] -- Up-to-date symlink: /home/aajaer/microros_ws/install/lifecycle_msgs/share/lifecycle_msgs/msg/TransitionDescription.idl
[8.483s] -- Up-to-date symlink: /home/aajaer/microros_ws/install/lifecycle_msgs/share/lifecycle_msgs/msg/TransitionEvent.idl
[8.485s] -- Up-to-date symlink: /home/aajaer/microros_ws/install/lifecycle_msgs/share/lifecycle_msgs/srv/ChangeState.idl
[8.486s] -- Up-to-date symlink: /home/aajaer/microros_ws/install/lifecycle_msgs/share/lifecycle_msgs/srv/GetAvailableStates.idl
[8.492s] -- Up-to-date symlink: /home/aajaer/microros_ws/install/lifecycle_msgs/share/lifecycle_msgs/srv/GetAvailableTransitions.idl
[8.492s] -- Up-to-date symlink: /home/aajaer/microros_ws/install/lifecycle_msgs/share/lifecycle_msgs/srv/GetState.idl
[8.492s] -- Up-to-date symlink: /home/aajaer/microros_ws/install/lifecycle_msgs/share/lifecycle_msgs/msg/State.msg
[8.493s] -- Up-to-date symlink: /home/aajaer/microros_ws/install/lifecycle_msgs/share/lifecycle_msgs/msg/Transition.msg
[8.493s] -- Up-to-date symlink: /home/aajaer/microros_ws/install/lifecycle_msgs/share/lifecycle_msgs/msg/TransitionDescription.msg
[8.493s] -- Up-to-date symlink: /home/aajaer/microros_ws/install/lifecycle_msgs/share/lifecycle_msgs/msg/TransitionEvent.msg
[8.493s] -- Up-to-date symlink: /home/aajaer/microros_ws/install/lifecycle_msgs/share/lifecycle_msgs/srv/ChangeState.srv
[8.494s] -- Up-to-date symlink: /home/aajaer/microros_ws/install/lifecycle_msgs/share/lifecycle_msgs/srv/ChangeState_Request.msg
[8.495s] -- Up-to-date symlink: /home/aajaer/microros_ws/install/lifecycle_msgs/share/lifecycle_msgs/srv/ChangeState_Response.msg
[8.495s] -- Up-to-date symlink: /home/aajaer/microros_ws/install/lifecycle_msgs/share/lifecycle_msgs/srv/GetAvailableStates.srv
[8.496s] -- Up-to-date symlink: /home/aajaer/microros_ws/install/lifecycle_msgs/share/lifecycle_msgs/srv/GetAvailableStates_Request.msg
[8.497s] -- Up-to-date symlink: /home/aajaer/microros_ws/install/lifecycle_msgs/share/lifecycle_msgs/srv/GetAvailableStates_Response.msg
[8.497s] -- Up-to-date symlink: /home/aajaer/microros_ws/install/lifecycle_msgs/share/lifecycle_msgs/srv/GetAvailableTransitions.srv
[8.498s] -- Up-to-date symlink: /home/aajaer/microros_ws/install/lifecycle_msgs/share/lifecycle_msgs/srv/GetAvailableTransitions_Request.msg
[8.498s] -- Up-to-date symlink: /home/aajaer/microros_ws/install/lifecycle_msgs/share/lifecycle_msgs/srv/GetAvailableTransitions_Response.msg
[8.499s] -- Up-to-date symlink: /home/aajaer/microros_ws/install/lifecycle_msgs/share/lifecycle_msgs/srv/GetState.srv
[8.500s] -- Up-to-date symlink: /home/aajaer/microros_ws/install/lifecycle_msgs/share/lifecycle_msgs/srv/GetState_Request.msg
[8.500s] -- Up-to-date symlink: /home/aajaer/microros_ws/install/lifecycle_msgs/share/lifecycle_msgs/srv/GetState_Response.msg
[8.501s] -- Up-to-date symlink: /home/aajaer/microros_ws/install/lifecycle_msgs/share/ament_index/resource_index/package_run_dependencies/lifecycle_msgs
[8.502s] -- Up-to-date symlink: /home/aajaer/microros_ws/install/lifecycle_msgs/share/ament_index/resource_index/parent_prefix_path/lifecycle_msgs
[8.502s] -- Up-to-date symlink: /home/aajaer/microros_ws/install/lifecycle_msgs/share/lifecycle_msgs/environment/ament_prefix_path.sh
[8.503s] -- Up-to-date symlink: /home/aajaer/microros_ws/install/lifecycle_msgs/share/lifecycle_msgs/environment/ament_prefix_path.dsv
[8.503s] -- Up-to-date symlink: /home/aajaer/microros_ws/install/lifecycle_msgs/share/lifecycle_msgs/environment/path.sh
[8.503s] -- Up-to-date symlink: /home/aajaer/microros_ws/install/lifecycle_msgs/share/lifecycle_msgs/environment/path.dsv
[8.504s] -- Up-to-date symlink: /home/aajaer/microros_ws/install/lifecycle_msgs/share/lifecycle_msgs/local_setup.bash
[8.505s] -- Up-to-date symlink: /home/aajaer/microros_ws/install/lifecycle_msgs/share/lifecycle_msgs/local_setup.sh
[8.505s] -- Up-to-date symlink: /home/aajaer/microros_ws/install/lifecycle_msgs/share/lifecycle_msgs/local_setup.zsh
[8.505s] -- Up-to-date symlink: /home/aajaer/microros_ws/install/lifecycle_msgs/share/lifecycle_msgs/local_setup.dsv
[8.506s] -- Symlinking: /home/aajaer/microros_ws/install/lifecycle_msgs/share/lifecycle_msgs/package.dsv
[8.525s] -- Up-to-date symlink: /home/aajaer/microros_ws/install/lifecycle_msgs/share/ament_index/resource_index/packages/lifecycle_msgs
[8.526s] -- Up-to-date symlink: /home/aajaer/microros_ws/install/lifecycle_msgs/share/lifecycle_msgs/cmake/rosidl_cmake-extras.cmake
[8.526s] -- Up-to-date symlink: /home/aajaer/microros_ws/install/lifecycle_msgs/share/lifecycle_msgs/cmake/ament_cmake_export_include_directories-extras.cmake
[8.527s] -- Up-to-date symlink: /home/aajaer/microros_ws/install/lifecycle_msgs/share/lifecycle_msgs/cmake/ament_cmake_export_libraries-extras.cmake
[8.528s] -- Up-to-date symlink: /home/aajaer/microros_ws/install/lifecycle_msgs/share/lifecycle_msgs/cmake/ament_cmake_export_targets-extras.cmake
[8.528s] -- Up-to-date symlink: /home/aajaer/microros_ws/install/lifecycle_msgs/share/lifecycle_msgs/cmake/rosidl_cmake_export_typesupport_targets-extras.cmake
[8.529s] -- Up-to-date symlink: /home/aajaer/microros_ws/install/lifecycle_msgs/share/lifecycle_msgs/cmake/ament_cmake_export_dependencies-extras.cmake
[8.530s] -- Up-to-date symlink: /home/aajaer/microros_ws/install/lifecycle_msgs/share/lifecycle_msgs/cmake/rosidl_cmake_export_typesupport_libraries-extras.cmake
[8.530s] -- Up-to-date symlink: /home/aajaer/microros_ws/install/lifecycle_msgs/share/lifecycle_msgs/cmake/lifecycle_msgsConfig.cmake
[8.531s] -- Up-to-date symlink: /home/aajaer/microros_ws/install/lifecycle_msgs/share/lifecycle_msgs/cmake/lifecycle_msgsConfig-version.cmake
[8.532s] -- Up-to-date symlink: /home/aajaer/microros_ws/install/lifecycle_msgs/share/lifecycle_msgs/package.xml
[8.533s] -- Up-to-date: /home/aajaer/microros_ws/install/lifecycle_msgs/lib/liblifecycle_msgs__rosidl_generator_c.so
[8.535s] -- Up-to-date: /home/aajaer/microros_ws/install/lifecycle_msgs/lib/liblifecycle_msgs__rosidl_typesupport_fastrtps_c.so
[8.537s] -- Up-to-date: /home/aajaer/microros_ws/install/lifecycle_msgs/lib/liblifecycle_msgs__rosidl_typesupport_introspection_c.so
[8.538s] -- Installing: /home/aajaer/microros_ws/install/lifecycle_msgs/lib/liblifecycle_msgs__rosidl_typesupport_c.so
[8.539s] -- Set runtime path of "/home/aajaer/microros_ws/install/lifecycle_msgs/lib/liblifecycle_msgs__rosidl_typesupport_c.so" to ""
[8.540s] -- Up-to-date: /home/aajaer/microros_ws/install/lifecycle_msgs/lib/liblifecycle_msgs__rosidl_typesupport_fastrtps_cpp.so
[8.543s] -- Up-to-date: /home/aajaer/microros_ws/install/lifecycle_msgs/lib/liblifecycle_msgs__rosidl_typesupport_introspection_cpp.so
[8.549s] -- Installing: /home/aajaer/microros_ws/install/lifecycle_msgs/lib/liblifecycle_msgs__rosidl_typesupport_cpp.so
[8.550s] -- Set runtime path of "/home/aajaer/microros_ws/install/lifecycle_msgs/lib/liblifecycle_msgs__rosidl_typesupport_cpp.so" to ""
[8.654s] Listing '/home/aajaer/microros_ws/install/lifecycle_msgs/local/lib/python3.10/dist-packages/lifecycle_msgs'...
[8.654s] Compiling '/home/aajaer/microros_ws/install/lifecycle_msgs/local/lib/python3.10/dist-packages/lifecycle_msgs/__init__.py'...
[8.654s] Listing '/home/aajaer/microros_ws/install/lifecycle_msgs/local/lib/python3.10/dist-packages/lifecycle_msgs/msg'...
[8.654s] Listing '/home/aajaer/microros_ws/install/lifecycle_msgs/local/lib/python3.10/dist-packages/lifecycle_msgs/srv'...
[8.675s] -- Installing: /home/aajaer/microros_ws/install/lifecycle_msgs/lib/liblifecycle_msgs__rosidl_generator_py.so
[8.675s] -- Set runtime path of "/home/aajaer/microros_ws/install/lifecycle_msgs/lib/liblifecycle_msgs__rosidl_generator_py.so" to ""
[8.677s] -- Up-to-date: /home/aajaer/microros_ws/install/lifecycle_msgs/share/lifecycle_msgs/cmake/export_lifecycle_msgs__rosidl_generator_cExport.cmake
[8.677s] -- Up-to-date: /home/aajaer/microros_ws/install/lifecycle_msgs/share/lifecycle_msgs/cmake/export_lifecycle_msgs__rosidl_generator_cExport-noconfig.cmake
[8.678s] -- Up-to-date: /home/aajaer/microros_ws/install/lifecycle_msgs/share/lifecycle_msgs/cmake/export_lifecycle_msgs__rosidl_typesupport_fastrtps_cExport.cmake
[8.678s] -- Up-to-date: /home/aajaer/microros_ws/install/lifecycle_msgs/share/lifecycle_msgs/cmake/export_lifecycle_msgs__rosidl_typesupport_fastrtps_cExport-noconfig.cmake
[8.679s] -- Up-to-date: /home/aajaer/microros_ws/install/lifecycle_msgs/share/lifecycle_msgs/cmake/lifecycle_msgs__rosidl_typesupport_introspection_cExport.cmake
[8.679s] -- Up-to-date: /home/aajaer/microros_ws/install/lifecycle_msgs/share/lifecycle_msgs/cmake/lifecycle_msgs__rosidl_typesupport_introspection_cExport-noconfig.cmake
[8.680s] -- Up-to-date: /home/aajaer/microros_ws/install/lifecycle_msgs/share/lifecycle_msgs/cmake/lifecycle_msgs__rosidl_typesupport_cExport.cmake
[8.680s] -- Up-to-date: /home/aajaer/microros_ws/install/lifecycle_msgs/share/lifecycle_msgs/cmake/lifecycle_msgs__rosidl_typesupport_cExport-noconfig.cmake
[8.681s] -- Up-to-date: /home/aajaer/microros_ws/install/lifecycle_msgs/share/lifecycle_msgs/cmake/export_lifecycle_msgs__rosidl_generator_cppExport.cmake
[8.682s] -- Up-to-date: /home/aajaer/microros_ws/install/lifecycle_msgs/share/lifecycle_msgs/cmake/export_lifecycle_msgs__rosidl_typesupport_fastrtps_cppExport.cmake
[8.682s] -- Up-to-date: /home/aajaer/microros_ws/install/lifecycle_msgs/share/lifecycle_msgs/cmake/export_lifecycle_msgs__rosidl_typesupport_fastrtps_cppExport-noconfig.cmake
[8.683s] -- Up-to-date: /home/aajaer/microros_ws/install/lifecycle_msgs/share/lifecycle_msgs/cmake/lifecycle_msgs__rosidl_typesupport_introspection_cppExport.cmake
[8.684s] -- Up-to-date: /home/aajaer/microros_ws/install/lifecycle_msgs/share/lifecycle_msgs/cmake/lifecycle_msgs__rosidl_typesupport_introspection_cppExport-noconfig.cmake
[8.685s] -- Up-to-date: /home/aajaer/microros_ws/install/lifecycle_msgs/share/lifecycle_msgs/cmake/lifecycle_msgs__rosidl_typesupport_cppExport.cmake
[8.685s] -- Up-to-date: /home/aajaer/microros_ws/install/lifecycle_msgs/share/lifecycle_msgs/cmake/lifecycle_msgs__rosidl_typesupport_cppExport-noconfig.cmake
[8.687s] -- Up-to-date: /home/aajaer/microros_ws/install/lifecycle_msgs/share/lifecycle_msgs/cmake/export_lifecycle_msgs__rosidl_generator_pyExport.cmake
[8.688s] -- Up-to-date: /home/aajaer/microros_ws/install/lifecycle_msgs/share/lifecycle_msgs/cmake/export_lifecycle_msgs__rosidl_generator_pyExport-noconfig.cmake
[8.703s] Invoked command in '/home/aajaer/microros_ws/build/lifecycle_msgs' returned '0': /usr/bin/cmake --install /home/aajaer/microros_ws/build/lifecycle_msgs
