[0.101s] Invoking command in '/home/aajaer/microros_ws/build/rcl_interfaces': AMENT_PREFIX_PATH=/home/aajaer/microros_ws/install/builtin_interfaces:${AMENT_PREFIX_PATH} CMAKE_PREFIX_PATH=/home/aajaer/microros_ws/install/builtin_interfaces:/opt/ros/humble:/opt/ros/humble LD_LIBRARY_PATH=/home/aajaer/microros_ws/install/builtin_interfaces/lib:/opt/ros/humble/opt/rviz_ogre_vendor/lib:/opt/ros/humble/lib/aarch64-linux-gnu:/opt/ros/humble/lib PYTHONPATH=/home/aajaer/microros_ws/install/builtin_interfaces/local/lib/python3.10/dist-packages:${PYTHONPATH} /usr/bin/cmake --build /home/aajaer/microros_ws/build/rcl_interfaces -- -j8 -l8
[0.276s] [  0%] Built target rcl_interfaces__cpp
[0.350s] [  9%] Built target rcl_interfaces__rosidl_generator_c
[0.351s] [  9%] Built target ament_cmake_python_symlink_rcl_interfaces
[0.386s] [35m[1mConsolidate compiler generated dependencies of target rcl_interfaces__rosidl_typesupport_cpp[0m
[0.427s] [35m[1mConsolidate compiler generated dependencies of target rcl_interfaces__rosidl_typesupport_microxrcedds_cpp[0m
[0.430s] [35m[1mConsolidate compiler generated dependencies of target rcl_interfaces__rosidl_typesupport_microxrcedds_c[0m
[0.476s] [ 18%] Built target rcl_interfaces__rosidl_typesupport_introspection_cpp
[0.493s] [35m[1mConsolidate compiler generated dependencies of target rcl_interfaces__rosidl_typesupport_c[0m
[0.578s] [ 27%] Built target rcl_interfaces__rosidl_typesupport_fastrtps_cpp
[0.593s] [ 36%] Built target rcl_interfaces__rosidl_typesupport_cpp
[0.613s] [ 46%] Built target rcl_interfaces__rosidl_typesupport_microxrcedds_c
[0.618s] [ 59%] Built target rcl_interfaces__rosidl_typesupport_microxrcedds_cpp
[0.627s] [ 66%] Built target rcl_interfaces__rosidl_typesupport_fastrtps_c
[0.647s] [ 76%] Built target rcl_interfaces__rosidl_typesupport_introspection_c
[0.650s] [ 86%] Built target rcl_interfaces__rosidl_typesupport_c
[0.767s] [ 86%] Built target rcl_interfaces
[0.871s] [ 87%] Built target rcl_interfaces__py
[0.936s] [35m[1mConsolidate compiler generated dependencies of target rcl_interfaces__rosidl_generator_py[0m
[1.051s] [ 96%] Built target rcl_interfaces__rosidl_generator_py
[1.109s] [35m[1mConsolidate compiler generated dependencies of target rcl_interfaces__rosidl_typesupport_microxrcedds_c__pyext[0m
[1.122s] [35m[1mConsolidate compiler generated dependencies of target rcl_interfaces__rosidl_typesupport_fastrtps_c__pyext[0m
[1.133s] [35m[1mConsolidate compiler generated dependencies of target rcl_interfaces__rosidl_typesupport_introspection_c__pyext[0m
[1.143s] [35m[1mConsolidate compiler generated dependencies of target rcl_interfaces__rosidl_typesupport_c__pyext[0m
[1.266s] [ 97%] Built target rcl_interfaces__rosidl_typesupport_microxrcedds_c__pyext
[1.296s] [ 98%] Built target rcl_interfaces__rosidl_typesupport_c__pyext
[1.309s] [ 99%] Built target rcl_interfaces__rosidl_typesupport_fastrtps_c__pyext
[1.318s] [100%] Built target rcl_interfaces__rosidl_typesupport_introspection_c__pyext
[1.595s] running egg_info
[1.597s] writing rcl_interfaces.egg-info/PKG-INFO
[1.597s] writing dependency_links to rcl_interfaces.egg-info/dependency_links.txt
[1.598s] writing top-level names to rcl_interfaces.egg-info/top_level.txt
[1.604s] reading manifest file 'rcl_interfaces.egg-info/SOURCES.txt'
[1.606s] writing manifest file 'rcl_interfaces.egg-info/SOURCES.txt'
[1.718s] [100%] Built target ament_cmake_python_build_rcl_interfaces_egg
[1.832s] Invoked command in '/home/aajaer/microros_ws/build/rcl_interfaces' returned '0': AMENT_PREFIX_PATH=/home/aajaer/microros_ws/install/builtin_interfaces:${AMENT_PREFIX_PATH} CMAKE_PREFIX_PATH=/home/aajaer/microros_ws/install/builtin_interfaces:/opt/ros/humble:/opt/ros/humble LD_LIBRARY_PATH=/home/aajaer/microros_ws/install/builtin_interfaces/lib:/opt/ros/humble/opt/rviz_ogre_vendor/lib:/opt/ros/humble/lib/aarch64-linux-gnu:/opt/ros/humble/lib PYTHONPATH=/home/aajaer/microros_ws/install/builtin_interfaces/local/lib/python3.10/dist-packages:${PYTHONPATH} /usr/bin/cmake --build /home/aajaer/microros_ws/build/rcl_interfaces -- -j8 -l8
[1.835s] Invoking command in '/home/aajaer/microros_ws/build/rcl_interfaces': AMENT_PREFIX_PATH=/home/aajaer/microros_ws/install/builtin_interfaces:${AMENT_PREFIX_PATH} CMAKE_PREFIX_PATH=/home/aajaer/microros_ws/install/builtin_interfaces:/opt/ros/humble:/opt/ros/humble LD_LIBRARY_PATH=/home/aajaer/microros_ws/install/builtin_interfaces/lib:/opt/ros/humble/opt/rviz_ogre_vendor/lib:/opt/ros/humble/lib/aarch64-linux-gnu:/opt/ros/humble/lib PYTHONPATH=/home/aajaer/microros_ws/install/builtin_interfaces/local/lib/python3.10/dist-packages:${PYTHONPATH} /usr/bin/cmake --install /home/aajaer/microros_ws/build/rcl_interfaces
[1.864s] -- Install configuration: ""
[1.865s] -- Execute custom install script
[1.865s] -- Up-to-date symlink: /home/aajaer/microros_ws/install/rcl_interfaces/share/ament_index/resource_index/rosidl_interfaces/rcl_interfaces
[1.865s] -- Up-to-date symlink: /home/aajaer/microros_ws/install/rcl_interfaces/include/rcl_interfaces/rcl_interfaces/msg/detail/floating_point_range__functions.h
[1.865s] -- Up-to-date symlink: /home/aajaer/microros_ws/install/rcl_interfaces/include/rcl_interfaces/rcl_interfaces/msg/detail/floating_point_range__struct.h
[1.865s] -- Up-to-date symlink: /home/aajaer/microros_ws/install/rcl_interfaces/include/rcl_interfaces/rcl_interfaces/msg/detail/floating_point_range__type_support.h
[1.870s] -- Up-to-date symlink: /home/aajaer/microros_ws/install/rcl_interfaces/include/rcl_interfaces/rcl_interfaces/msg/detail/integer_range__functions.h
[1.870s] -- Up-to-date symlink: /home/aajaer/microros_ws/install/rcl_interfaces/include/rcl_interfaces/rcl_interfaces/msg/detail/integer_range__struct.h
[1.871s] -- Up-to-date symlink: /home/aajaer/microros_ws/install/rcl_interfaces/include/rcl_interfaces/rcl_interfaces/msg/detail/integer_range__type_support.h
[1.871s] -- Up-to-date symlink: /home/aajaer/microros_ws/install/rcl_interfaces/include/rcl_interfaces/rcl_interfaces/msg/detail/list_parameters_result__functions.h
[1.871s] -- Up-to-date symlink: /home/aajaer/microros_ws/install/rcl_interfaces/include/rcl_interfaces/rcl_interfaces/msg/detail/list_parameters_result__struct.h
[1.871s] -- Up-to-date symlink: /home/aajaer/microros_ws/install/rcl_interfaces/include/rcl_interfaces/rcl_interfaces/msg/detail/list_parameters_result__type_support.h
[1.872s] -- Up-to-date symlink: /home/aajaer/microros_ws/install/rcl_interfaces/include/rcl_interfaces/rcl_interfaces/msg/detail/log__functions.h
[1.872s] -- Up-to-date symlink: /home/aajaer/microros_ws/install/rcl_interfaces/include/rcl_interfaces/rcl_interfaces/msg/detail/log__struct.h
[1.872s] -- Up-to-date symlink: /home/aajaer/microros_ws/install/rcl_interfaces/include/rcl_interfaces/rcl_interfaces/msg/detail/log__type_support.h
[1.872s] -- Up-to-date symlink: /home/aajaer/microros_ws/install/rcl_interfaces/include/rcl_interfaces/rcl_interfaces/msg/detail/parameter__functions.h
[1.872s] -- Up-to-date symlink: /home/aajaer/microros_ws/install/rcl_interfaces/include/rcl_interfaces/rcl_interfaces/msg/detail/parameter__struct.h
[1.872s] -- Up-to-date symlink: /home/aajaer/microros_ws/install/rcl_interfaces/include/rcl_interfaces/rcl_interfaces/msg/detail/parameter__type_support.h
[1.873s] -- Up-to-date symlink: /home/aajaer/microros_ws/install/rcl_interfaces/include/rcl_interfaces/rcl_interfaces/msg/detail/parameter_descriptor__functions.h
[1.873s] -- Up-to-date symlink: /home/aajaer/microros_ws/install/rcl_interfaces/include/rcl_interfaces/rcl_interfaces/msg/detail/parameter_descriptor__struct.h
[1.873s] -- Up-to-date symlink: /home/aajaer/microros_ws/install/rcl_interfaces/include/rcl_interfaces/rcl_interfaces/msg/detail/parameter_descriptor__type_support.h
[1.873s] -- Up-to-date symlink: /home/aajaer/microros_ws/install/rcl_interfaces/include/rcl_interfaces/rcl_interfaces/msg/detail/parameter_event__functions.h
[1.873s] -- Up-to-date symlink: /home/aajaer/microros_ws/install/rcl_interfaces/include/rcl_interfaces/rcl_interfaces/msg/detail/parameter_event__struct.h
[1.873s] -- Up-to-date symlink: /home/aajaer/microros_ws/install/rcl_interfaces/include/rcl_interfaces/rcl_interfaces/msg/detail/parameter_event__type_support.h
[1.873s] -- Up-to-date symlink: /home/aajaer/microros_ws/install/rcl_interfaces/include/rcl_interfaces/rcl_interfaces/msg/detail/parameter_event_descriptors__functions.h
[1.874s] -- Up-to-date symlink: /home/aajaer/microros_ws/install/rcl_interfaces/include/rcl_interfaces/rcl_interfaces/msg/detail/parameter_event_descriptors__struct.h
[1.874s] -- Up-to-date symlink: /home/aajaer/microros_ws/install/rcl_interfaces/include/rcl_interfaces/rcl_interfaces/msg/detail/parameter_event_descriptors__type_support.h
[1.874s] -- Up-to-date symlink: /home/aajaer/microros_ws/install/rcl_interfaces/include/rcl_interfaces/rcl_interfaces/msg/detail/parameter_type__functions.h
[1.879s] -- Up-to-date symlink: /home/aajaer/microros_ws/install/rcl_interfaces/include/rcl_interfaces/rcl_interfaces/msg/detail/parameter_type__struct.h
[1.881s] -- Up-to-date symlink: /home/aajaer/microros_ws/install/rcl_interfaces/include/rcl_interfaces/rcl_interfaces/msg/detail/parameter_type__type_support.h
[1.881s] -- Up-to-date symlink: /home/aajaer/microros_ws/install/rcl_interfaces/include/rcl_interfaces/rcl_interfaces/msg/detail/parameter_value__functions.h
[1.882s] -- Up-to-date symlink: /home/aajaer/microros_ws/install/rcl_interfaces/include/rcl_interfaces/rcl_interfaces/msg/detail/parameter_value__struct.h
[1.882s] -- Up-to-date symlink: /home/aajaer/microros_ws/install/rcl_interfaces/include/rcl_interfaces/rcl_interfaces/msg/detail/parameter_value__type_support.h
[1.882s] -- Up-to-date symlink: /home/aajaer/microros_ws/install/rcl_interfaces/include/rcl_interfaces/rcl_interfaces/msg/detail/set_parameters_result__functions.h
[1.883s] -- Up-to-date symlink: /home/aajaer/microros_ws/install/rcl_interfaces/include/rcl_interfaces/rcl_interfaces/msg/detail/set_parameters_result__struct.h
[1.883s] -- Up-to-date symlink: /home/aajaer/microros_ws/install/rcl_interfaces/include/rcl_interfaces/rcl_interfaces/msg/detail/set_parameters_result__type_support.h
[1.883s] -- Up-to-date symlink: /home/aajaer/microros_ws/install/rcl_interfaces/include/rcl_interfaces/rcl_interfaces/msg/floating_point_range.h
[1.883s] -- Up-to-date symlink: /home/aajaer/microros_ws/install/rcl_interfaces/include/rcl_interfaces/rcl_interfaces/msg/integer_range.h
[1.884s] -- Up-to-date symlink: /home/aajaer/microros_ws/install/rcl_interfaces/include/rcl_interfaces/rcl_interfaces/msg/list_parameters_result.h
[1.884s] -- Up-to-date symlink: /home/aajaer/microros_ws/install/rcl_interfaces/include/rcl_interfaces/rcl_interfaces/msg/log.h
[1.884s] -- Up-to-date symlink: /home/aajaer/microros_ws/install/rcl_interfaces/include/rcl_interfaces/rcl_interfaces/msg/parameter.h
[1.884s] -- Up-to-date symlink: /home/aajaer/microros_ws/install/rcl_interfaces/include/rcl_interfaces/rcl_interfaces/msg/parameter_descriptor.h
[1.885s] -- Up-to-date symlink: /home/aajaer/microros_ws/install/rcl_interfaces/include/rcl_interfaces/rcl_interfaces/msg/parameter_event.h
[1.885s] -- Up-to-date symlink: /home/aajaer/microros_ws/install/rcl_interfaces/include/rcl_interfaces/rcl_interfaces/msg/parameter_event_descriptors.h
[1.885s] -- Up-to-date symlink: /home/aajaer/microros_ws/install/rcl_interfaces/include/rcl_interfaces/rcl_interfaces/msg/parameter_type.h
[1.885s] -- Up-to-date symlink: /home/aajaer/microros_ws/install/rcl_interfaces/include/rcl_interfaces/rcl_interfaces/msg/parameter_value.h
[1.885s] -- Up-to-date symlink: /home/aajaer/microros_ws/install/rcl_interfaces/include/rcl_interfaces/rcl_interfaces/msg/rosidl_generator_c__visibility_control.h
[1.885s] -- Up-to-date symlink: /home/aajaer/microros_ws/install/rcl_interfaces/include/rcl_interfaces/rcl_interfaces/msg/set_parameters_result.h
[1.886s] -- Up-to-date symlink: /home/aajaer/microros_ws/install/rcl_interfaces/include/rcl_interfaces/rcl_interfaces/srv/describe_parameters.h
[1.886s] -- Up-to-date symlink: /home/aajaer/microros_ws/install/rcl_interfaces/include/rcl_interfaces/rcl_interfaces/srv/detail/describe_parameters__functions.h
[1.890s] -- Up-to-date symlink: /home/aajaer/microros_ws/install/rcl_interfaces/include/rcl_interfaces/rcl_interfaces/srv/detail/describe_parameters__struct.h
[1.894s] -- Up-to-date symlink: /home/aajaer/microros_ws/install/rcl_interfaces/include/rcl_interfaces/rcl_interfaces/srv/detail/describe_parameters__type_support.h
[1.894s] -- Up-to-date symlink: /home/aajaer/microros_ws/install/rcl_interfaces/include/rcl_interfaces/rcl_interfaces/srv/detail/get_parameter_types__functions.h
[1.895s] -- Up-to-date symlink: /home/aajaer/microros_ws/install/rcl_interfaces/include/rcl_interfaces/rcl_interfaces/srv/detail/get_parameter_types__struct.h
[1.895s] -- Up-to-date symlink: /home/aajaer/microros_ws/install/rcl_interfaces/include/rcl_interfaces/rcl_interfaces/srv/detail/get_parameter_types__type_support.h
[1.895s] -- Up-to-date symlink: /home/aajaer/microros_ws/install/rcl_interfaces/include/rcl_interfaces/rcl_interfaces/srv/detail/get_parameters__functions.h
[1.896s] -- Up-to-date symlink: /home/aajaer/microros_ws/install/rcl_interfaces/include/rcl_interfaces/rcl_interfaces/srv/detail/get_parameters__struct.h
[1.896s] -- Up-to-date symlink: /home/aajaer/microros_ws/install/rcl_interfaces/include/rcl_interfaces/rcl_interfaces/srv/detail/get_parameters__type_support.h
[1.896s] -- Up-to-date symlink: /home/aajaer/microros_ws/install/rcl_interfaces/include/rcl_interfaces/rcl_interfaces/srv/detail/list_parameters__functions.h
[1.897s] -- Up-to-date symlink: /home/aajaer/microros_ws/install/rcl_interfaces/include/rcl_interfaces/rcl_interfaces/srv/detail/list_parameters__struct.h
[1.897s] -- Up-to-date symlink: /home/aajaer/microros_ws/install/rcl_interfaces/include/rcl_interfaces/rcl_interfaces/srv/detail/list_parameters__type_support.h
[1.897s] -- Up-to-date symlink: /home/aajaer/microros_ws/install/rcl_interfaces/include/rcl_interfaces/rcl_interfaces/srv/detail/set_parameters__functions.h
[1.897s] -- Up-to-date symlink: /home/aajaer/microros_ws/install/rcl_interfaces/include/rcl_interfaces/rcl_interfaces/srv/detail/set_parameters__struct.h
[1.898s] -- Up-to-date symlink: /home/aajaer/microros_ws/install/rcl_interfaces/include/rcl_interfaces/rcl_interfaces/srv/detail/set_parameters__type_support.h
[1.899s] -- Up-to-date symlink: /home/aajaer/microros_ws/install/rcl_interfaces/include/rcl_interfaces/rcl_interfaces/srv/detail/set_parameters_atomically__functions.h
[1.900s] -- Up-to-date symlink: /home/aajaer/microros_ws/install/rcl_interfaces/include/rcl_interfaces/rcl_interfaces/srv/detail/set_parameters_atomically__struct.h
[1.900s] -- Up-to-date symlink: /home/aajaer/microros_ws/install/rcl_interfaces/include/rcl_interfaces/rcl_interfaces/srv/detail/set_parameters_atomically__type_support.h
[1.901s] -- Up-to-date symlink: /home/aajaer/microros_ws/install/rcl_interfaces/include/rcl_interfaces/rcl_interfaces/srv/get_parameter_types.h
[1.901s] -- Up-to-date symlink: /home/aajaer/microros_ws/install/rcl_interfaces/include/rcl_interfaces/rcl_interfaces/srv/get_parameters.h
[1.902s] -- Up-to-date symlink: /home/aajaer/microros_ws/install/rcl_interfaces/include/rcl_interfaces/rcl_interfaces/srv/list_parameters.h
[1.902s] -- Up-to-date symlink: /home/aajaer/microros_ws/install/rcl_interfaces/include/rcl_interfaces/rcl_interfaces/srv/set_parameters.h
[1.902s] -- Up-to-date symlink: /home/aajaer/microros_ws/install/rcl_interfaces/include/rcl_interfaces/rcl_interfaces/srv/set_parameters_atomically.h
[1.902s] -- Up-to-date symlink: /home/aajaer/microros_ws/install/rcl_interfaces/share/rcl_interfaces/environment/library_path.sh
[1.903s] -- Up-to-date symlink: /home/aajaer/microros_ws/install/rcl_interfaces/share/rcl_interfaces/environment/library_path.dsv
[1.903s] -- Up-to-date symlink: /home/aajaer/microros_ws/install/rcl_interfaces/include/rcl_interfaces/msg/detail/floating_point_range__rosidl_typesupport_microxrcedds_c.h
[1.903s] -- Up-to-date symlink: /home/aajaer/microros_ws/install/rcl_interfaces/include/rcl_interfaces/msg/detail/integer_range__rosidl_typesupport_microxrcedds_c.h
[1.903s] -- Up-to-date symlink: /home/aajaer/microros_ws/install/rcl_interfaces/include/rcl_interfaces/msg/detail/list_parameters_result__rosidl_typesupport_microxrcedds_c.h
[1.904s] -- Up-to-date symlink: /home/aajaer/microros_ws/install/rcl_interfaces/include/rcl_interfaces/msg/detail/log__rosidl_typesupport_microxrcedds_c.h
[1.904s] -- Up-to-date symlink: /home/aajaer/microros_ws/install/rcl_interfaces/include/rcl_interfaces/msg/detail/parameter__rosidl_typesupport_microxrcedds_c.h
[1.904s] -- Up-to-date symlink: /home/aajaer/microros_ws/install/rcl_interfaces/include/rcl_interfaces/msg/detail/parameter_descriptor__rosidl_typesupport_microxrcedds_c.h
[1.904s] -- Up-to-date symlink: /home/aajaer/microros_ws/install/rcl_interfaces/include/rcl_interfaces/msg/detail/parameter_event__rosidl_typesupport_microxrcedds_c.h
[1.905s] -- Up-to-date symlink: /home/aajaer/microros_ws/install/rcl_interfaces/include/rcl_interfaces/msg/detail/parameter_event_descriptors__rosidl_typesupport_microxrcedds_c.h
[1.905s] -- Up-to-date symlink: /home/aajaer/microros_ws/install/rcl_interfaces/include/rcl_interfaces/msg/detail/parameter_type__rosidl_typesupport_microxrcedds_c.h
[1.905s] -- Up-to-date symlink: /home/aajaer/microros_ws/install/rcl_interfaces/include/rcl_interfaces/msg/detail/parameter_value__rosidl_typesupport_microxrcedds_c.h
[1.905s] -- Up-to-date symlink: /home/aajaer/microros_ws/install/rcl_interfaces/include/rcl_interfaces/msg/detail/set_parameters_result__rosidl_typesupport_microxrcedds_c.h
[1.905s] -- Up-to-date symlink: /home/aajaer/microros_ws/install/rcl_interfaces/include/rcl_interfaces/msg/rosidl_typesupport_microxrcedds_c__visibility_control.h
[1.905s] -- Up-to-date symlink: /home/aajaer/microros_ws/install/rcl_interfaces/include/rcl_interfaces/srv/detail/describe_parameters__rosidl_typesupport_microxrcedds_c.h
[1.906s] -- Up-to-date symlink: /home/aajaer/microros_ws/install/rcl_interfaces/include/rcl_interfaces/srv/detail/get_parameter_types__rosidl_typesupport_microxrcedds_c.h
[1.906s] -- Up-to-date symlink: /home/aajaer/microros_ws/install/rcl_interfaces/include/rcl_interfaces/srv/detail/get_parameters__rosidl_typesupport_microxrcedds_c.h
[1.906s] -- Up-to-date symlink: /home/aajaer/microros_ws/install/rcl_interfaces/include/rcl_interfaces/srv/detail/list_parameters__rosidl_typesupport_microxrcedds_c.h
[1.921s] -- Up-to-date symlink: /home/aajaer/microros_ws/install/rcl_interfaces/include/rcl_interfaces/srv/detail/set_parameters__rosidl_typesupport_microxrcedds_c.h
[1.921s] -- Up-to-date symlink: /home/aajaer/microros_ws/install/rcl_interfaces/include/rcl_interfaces/srv/detail/set_parameters_atomically__rosidl_typesupport_microxrcedds_c.h
[1.921s] -- Up-to-date symlink: /home/aajaer/microros_ws/install/rcl_interfaces/lib/librcl_interfaces__rosidl_typesupport_microxrcedds_c.a
[1.921s] -- Up-to-date symlink: /home/aajaer/microros_ws/install/rcl_interfaces/include/rcl_interfaces/rcl_interfaces/msg/detail/floating_point_range__rosidl_typesupport_fastrtps_c.h
[1.922s] -- Up-to-date symlink: /home/aajaer/microros_ws/install/rcl_interfaces/include/rcl_interfaces/rcl_interfaces/msg/detail/integer_range__rosidl_typesupport_fastrtps_c.h
[1.922s] -- Up-to-date symlink: /home/aajaer/microros_ws/install/rcl_interfaces/include/rcl_interfaces/rcl_interfaces/msg/detail/list_parameters_result__rosidl_typesupport_fastrtps_c.h
[1.922s] -- Up-to-date symlink: /home/aajaer/microros_ws/install/rcl_interfaces/include/rcl_interfaces/rcl_interfaces/msg/detail/log__rosidl_typesupport_fastrtps_c.h
[1.924s] -- Up-to-date symlink: /home/aajaer/microros_ws/install/rcl_interfaces/include/rcl_interfaces/rcl_interfaces/msg/detail/parameter__rosidl_typesupport_fastrtps_c.h
[1.925s] -- Up-to-date symlink: /home/aajaer/microros_ws/install/rcl_interfaces/include/rcl_interfaces/rcl_interfaces/msg/detail/parameter_descriptor__rosidl_typesupport_fastrtps_c.h
[1.925s] -- Up-to-date symlink: /home/aajaer/microros_ws/install/rcl_interfaces/include/rcl_interfaces/rcl_interfaces/msg/detail/parameter_event__rosidl_typesupport_fastrtps_c.h
[1.926s] -- Up-to-date symlink: /home/aajaer/microros_ws/install/rcl_interfaces/include/rcl_interfaces/rcl_interfaces/msg/detail/parameter_event_descriptors__rosidl_typesupport_fastrtps_c.h
[1.926s] -- Up-to-date symlink: /home/aajaer/microros_ws/install/rcl_interfaces/include/rcl_interfaces/rcl_interfaces/msg/detail/parameter_type__rosidl_typesupport_fastrtps_c.h
[1.929s] -- Up-to-date symlink: /home/aajaer/microros_ws/install/rcl_interfaces/include/rcl_interfaces/rcl_interfaces/msg/detail/parameter_value__rosidl_typesupport_fastrtps_c.h
[1.930s] -- Up-to-date symlink: /home/aajaer/microros_ws/install/rcl_interfaces/include/rcl_interfaces/rcl_interfaces/msg/detail/set_parameters_result__rosidl_typesupport_fastrtps_c.h
[1.930s] -- Up-to-date symlink: /home/aajaer/microros_ws/install/rcl_interfaces/include/rcl_interfaces/rcl_interfaces/msg/rosidl_typesupport_fastrtps_c__visibility_control.h
[1.931s] -- Up-to-date symlink: /home/aajaer/microros_ws/install/rcl_interfaces/include/rcl_interfaces/rcl_interfaces/srv/detail/describe_parameters__rosidl_typesupport_fastrtps_c.h
[1.931s] -- Up-to-date symlink: /home/aajaer/microros_ws/install/rcl_interfaces/include/rcl_interfaces/rcl_interfaces/srv/detail/get_parameter_types__rosidl_typesupport_fastrtps_c.h
[1.932s] -- Up-to-date symlink: /home/aajaer/microros_ws/install/rcl_interfaces/include/rcl_interfaces/rcl_interfaces/srv/detail/get_parameters__rosidl_typesupport_fastrtps_c.h
[1.932s] -- Up-to-date symlink: /home/aajaer/microros_ws/install/rcl_interfaces/include/rcl_interfaces/rcl_interfaces/srv/detail/list_parameters__rosidl_typesupport_fastrtps_c.h
[1.933s] -- Up-to-date symlink: /home/aajaer/microros_ws/install/rcl_interfaces/include/rcl_interfaces/rcl_interfaces/srv/detail/set_parameters__rosidl_typesupport_fastrtps_c.h
[1.935s] -- Up-to-date symlink: /home/aajaer/microros_ws/install/rcl_interfaces/include/rcl_interfaces/rcl_interfaces/srv/detail/set_parameters_atomically__rosidl_typesupport_fastrtps_c.h
[1.937s] -- Up-to-date symlink: /home/aajaer/microros_ws/install/rcl_interfaces/include/rcl_interfaces/rcl_interfaces/msg/detail/floating_point_range__rosidl_typesupport_introspection_c.h
[1.937s] -- Up-to-date symlink: /home/aajaer/microros_ws/install/rcl_interfaces/include/rcl_interfaces/rcl_interfaces/msg/detail/integer_range__rosidl_typesupport_introspection_c.h
[1.937s] -- Up-to-date symlink: /home/aajaer/microros_ws/install/rcl_interfaces/include/rcl_interfaces/rcl_interfaces/msg/detail/list_parameters_result__rosidl_typesupport_introspection_c.h
[1.938s] -- Up-to-date symlink: /home/aajaer/microros_ws/install/rcl_interfaces/include/rcl_interfaces/rcl_interfaces/msg/detail/log__rosidl_typesupport_introspection_c.h
[1.938s] -- Up-to-date symlink: /home/aajaer/microros_ws/install/rcl_interfaces/include/rcl_interfaces/rcl_interfaces/msg/detail/parameter__rosidl_typesupport_introspection_c.h
[1.939s] -- Up-to-date symlink: /home/aajaer/microros_ws/install/rcl_interfaces/include/rcl_interfaces/rcl_interfaces/msg/detail/parameter_descriptor__rosidl_typesupport_introspection_c.h
[1.943s] -- Up-to-date symlink: /home/aajaer/microros_ws/install/rcl_interfaces/include/rcl_interfaces/rcl_interfaces/msg/detail/parameter_event__rosidl_typesupport_introspection_c.h
[1.946s] -- Up-to-date symlink: /home/aajaer/microros_ws/install/rcl_interfaces/include/rcl_interfaces/rcl_interfaces/msg/detail/parameter_event_descriptors__rosidl_typesupport_introspection_c.h
[1.948s] -- Up-to-date symlink: /home/aajaer/microros_ws/install/rcl_interfaces/include/rcl_interfaces/rcl_interfaces/msg/detail/parameter_type__rosidl_typesupport_introspection_c.h
[1.949s] -- Up-to-date symlink: /home/aajaer/microros_ws/install/rcl_interfaces/include/rcl_interfaces/rcl_interfaces/msg/detail/parameter_value__rosidl_typesupport_introspection_c.h
[1.949s] -- Up-to-date symlink: /home/aajaer/microros_ws/install/rcl_interfaces/include/rcl_interfaces/rcl_interfaces/msg/detail/set_parameters_result__rosidl_typesupport_introspection_c.h
[1.950s] -- Up-to-date symlink: /home/aajaer/microros_ws/install/rcl_interfaces/include/rcl_interfaces/rcl_interfaces/msg/rosidl_typesupport_introspection_c__visibility_control.h
[1.951s] -- Up-to-date symlink: /home/aajaer/microros_ws/install/rcl_interfaces/include/rcl_interfaces/rcl_interfaces/srv/detail/describe_parameters__rosidl_typesupport_introspection_c.h
[1.952s] -- Up-to-date symlink: /home/aajaer/microros_ws/install/rcl_interfaces/include/rcl_interfaces/rcl_interfaces/srv/detail/get_parameter_types__rosidl_typesupport_introspection_c.h
[1.952s] -- Up-to-date symlink: /home/aajaer/microros_ws/install/rcl_interfaces/include/rcl_interfaces/rcl_interfaces/srv/detail/get_parameters__rosidl_typesupport_introspection_c.h
[1.953s] -- Up-to-date symlink: /home/aajaer/microros_ws/install/rcl_interfaces/include/rcl_interfaces/rcl_interfaces/srv/detail/list_parameters__rosidl_typesupport_introspection_c.h
[1.953s] -- Up-to-date symlink: /home/aajaer/microros_ws/install/rcl_interfaces/include/rcl_interfaces/rcl_interfaces/srv/detail/set_parameters__rosidl_typesupport_introspection_c.h
[1.954s] -- Up-to-date symlink: /home/aajaer/microros_ws/install/rcl_interfaces/include/rcl_interfaces/rcl_interfaces/srv/detail/set_parameters_atomically__rosidl_typesupport_introspection_c.h
[1.969s] -- Up-to-date symlink: /home/aajaer/microros_ws/install/rcl_interfaces/include/rcl_interfaces/rcl_interfaces/msg/detail/floating_point_range__builder.hpp
[1.969s] -- Up-to-date symlink: /home/aajaer/microros_ws/install/rcl_interfaces/include/rcl_interfaces/rcl_interfaces/msg/detail/floating_point_range__struct.hpp
[1.970s] -- Up-to-date symlink: /home/aajaer/microros_ws/install/rcl_interfaces/include/rcl_interfaces/rcl_interfaces/msg/detail/floating_point_range__traits.hpp
[1.970s] -- Up-to-date symlink: /home/aajaer/microros_ws/install/rcl_interfaces/include/rcl_interfaces/rcl_interfaces/msg/detail/floating_point_range__type_support.hpp
[1.970s] -- Up-to-date symlink: /home/aajaer/microros_ws/install/rcl_interfaces/include/rcl_interfaces/rcl_interfaces/msg/detail/integer_range__builder.hpp
[1.971s] -- Up-to-date symlink: /home/aajaer/microros_ws/install/rcl_interfaces/include/rcl_interfaces/rcl_interfaces/msg/detail/integer_range__struct.hpp
[1.971s] -- Up-to-date symlink: /home/aajaer/microros_ws/install/rcl_interfaces/include/rcl_interfaces/rcl_interfaces/msg/detail/integer_range__traits.hpp
[1.972s] -- Up-to-date symlink: /home/aajaer/microros_ws/install/rcl_interfaces/include/rcl_interfaces/rcl_interfaces/msg/detail/integer_range__type_support.hpp
[1.972s] -- Up-to-date symlink: /home/aajaer/microros_ws/install/rcl_interfaces/include/rcl_interfaces/rcl_interfaces/msg/detail/list_parameters_result__builder.hpp
[1.973s] -- Up-to-date symlink: /home/aajaer/microros_ws/install/rcl_interfaces/include/rcl_interfaces/rcl_interfaces/msg/detail/list_parameters_result__struct.hpp
[1.974s] -- Up-to-date symlink: /home/aajaer/microros_ws/install/rcl_interfaces/include/rcl_interfaces/rcl_interfaces/msg/detail/list_parameters_result__traits.hpp
[1.974s] -- Up-to-date symlink: /home/aajaer/microros_ws/install/rcl_interfaces/include/rcl_interfaces/rcl_interfaces/msg/detail/list_parameters_result__type_support.hpp
[1.975s] -- Up-to-date symlink: /home/aajaer/microros_ws/install/rcl_interfaces/include/rcl_interfaces/rcl_interfaces/msg/detail/log__builder.hpp
[1.978s] -- Up-to-date symlink: /home/aajaer/microros_ws/install/rcl_interfaces/include/rcl_interfaces/rcl_interfaces/msg/detail/log__struct.hpp
[1.980s] -- Up-to-date symlink: /home/aajaer/microros_ws/install/rcl_interfaces/include/rcl_interfaces/rcl_interfaces/msg/detail/log__traits.hpp
[1.981s] -- Up-to-date symlink: /home/aajaer/microros_ws/install/rcl_interfaces/include/rcl_interfaces/rcl_interfaces/msg/detail/log__type_support.hpp
[1.982s] -- Up-to-date symlink: /home/aajaer/microros_ws/install/rcl_interfaces/include/rcl_interfaces/rcl_interfaces/msg/detail/parameter__builder.hpp
[1.984s] -- Up-to-date symlink: /home/aajaer/microros_ws/install/rcl_interfaces/include/rcl_interfaces/rcl_interfaces/msg/detail/parameter__struct.hpp
[1.985s] -- Up-to-date symlink: /home/aajaer/microros_ws/install/rcl_interfaces/include/rcl_interfaces/rcl_interfaces/msg/detail/parameter__traits.hpp
[1.985s] -- Up-to-date symlink: /home/aajaer/microros_ws/install/rcl_interfaces/include/rcl_interfaces/rcl_interfaces/msg/detail/parameter__type_support.hpp
[1.989s] -- Up-to-date symlink: /home/aajaer/microros_ws/install/rcl_interfaces/include/rcl_interfaces/rcl_interfaces/msg/detail/parameter_descriptor__builder.hpp
[1.989s] -- Up-to-date symlink: /home/aajaer/microros_ws/install/rcl_interfaces/include/rcl_interfaces/rcl_interfaces/msg/detail/parameter_descriptor__struct.hpp
[1.990s] -- Up-to-date symlink: /home/aajaer/microros_ws/install/rcl_interfaces/include/rcl_interfaces/rcl_interfaces/msg/detail/parameter_descriptor__traits.hpp
[1.991s] -- Up-to-date symlink: /home/aajaer/microros_ws/install/rcl_interfaces/include/rcl_interfaces/rcl_interfaces/msg/detail/parameter_descriptor__type_support.hpp
[1.991s] -- Up-to-date symlink: /home/aajaer/microros_ws/install/rcl_interfaces/include/rcl_interfaces/rcl_interfaces/msg/detail/parameter_event__builder.hpp
[1.991s] -- Up-to-date symlink: /home/aajaer/microros_ws/install/rcl_interfaces/include/rcl_interfaces/rcl_interfaces/msg/detail/parameter_event__struct.hpp
[1.992s] -- Up-to-date symlink: /home/aajaer/microros_ws/install/rcl_interfaces/include/rcl_interfaces/rcl_interfaces/msg/detail/parameter_event__traits.hpp
[1.992s] -- Up-to-date symlink: /home/aajaer/microros_ws/install/rcl_interfaces/include/rcl_interfaces/rcl_interfaces/msg/detail/parameter_event__type_support.hpp
[1.993s] -- Up-to-date symlink: /home/aajaer/microros_ws/install/rcl_interfaces/include/rcl_interfaces/rcl_interfaces/msg/detail/parameter_event_descriptors__builder.hpp
[1.996s] -- Up-to-date symlink: /home/aajaer/microros_ws/install/rcl_interfaces/include/rcl_interfaces/rcl_interfaces/msg/detail/parameter_event_descriptors__struct.hpp
[1.997s] -- Up-to-date symlink: /home/aajaer/microros_ws/install/rcl_interfaces/include/rcl_interfaces/rcl_interfaces/msg/detail/parameter_event_descriptors__traits.hpp
[1.998s] -- Up-to-date symlink: /home/aajaer/microros_ws/install/rcl_interfaces/include/rcl_interfaces/rcl_interfaces/msg/detail/parameter_event_descriptors__type_support.hpp
[1.999s] -- Up-to-date symlink: /home/aajaer/microros_ws/install/rcl_interfaces/include/rcl_interfaces/rcl_interfaces/msg/detail/parameter_type__builder.hpp
[1.999s] -- Up-to-date symlink: /home/aajaer/microros_ws/install/rcl_interfaces/include/rcl_interfaces/rcl_interfaces/msg/detail/parameter_type__struct.hpp
[1.999s] -- Up-to-date symlink: /home/aajaer/microros_ws/install/rcl_interfaces/include/rcl_interfaces/rcl_interfaces/msg/detail/parameter_type__traits.hpp
[1.999s] -- Up-to-date symlink: /home/aajaer/microros_ws/install/rcl_interfaces/include/rcl_interfaces/rcl_interfaces/msg/detail/parameter_type__type_support.hpp
[1.999s] -- Up-to-date symlink: /home/aajaer/microros_ws/install/rcl_interfaces/include/rcl_interfaces/rcl_interfaces/msg/detail/parameter_value__builder.hpp
[2.000s] -- Up-to-date symlink: /home/aajaer/microros_ws/install/rcl_interfaces/include/rcl_interfaces/rcl_interfaces/msg/detail/parameter_value__struct.hpp
[2.001s] -- Up-to-date symlink: /home/aajaer/microros_ws/install/rcl_interfaces/include/rcl_interfaces/rcl_interfaces/msg/detail/parameter_value__traits.hpp
[2.001s] -- Up-to-date symlink: /home/aajaer/microros_ws/install/rcl_interfaces/include/rcl_interfaces/rcl_interfaces/msg/detail/parameter_value__type_support.hpp
[2.001s] -- Up-to-date symlink: /home/aajaer/microros_ws/install/rcl_interfaces/include/rcl_interfaces/rcl_interfaces/msg/detail/set_parameters_result__builder.hpp
[2.002s] -- Up-to-date symlink: /home/aajaer/microros_ws/install/rcl_interfaces/include/rcl_interfaces/rcl_interfaces/msg/detail/set_parameters_result__struct.hpp
[2.002s] -- Up-to-date symlink: /home/aajaer/microros_ws/install/rcl_interfaces/include/rcl_interfaces/rcl_interfaces/msg/detail/set_parameters_result__traits.hpp
[2.002s] -- Up-to-date symlink: /home/aajaer/microros_ws/install/rcl_interfaces/include/rcl_interfaces/rcl_interfaces/msg/detail/set_parameters_result__type_support.hpp
[2.003s] -- Up-to-date symlink: /home/aajaer/microros_ws/install/rcl_interfaces/include/rcl_interfaces/rcl_interfaces/msg/floating_point_range.hpp
[2.004s] -- Up-to-date symlink: /home/aajaer/microros_ws/install/rcl_interfaces/include/rcl_interfaces/rcl_interfaces/msg/integer_range.hpp
[2.005s] -- Up-to-date symlink: /home/aajaer/microros_ws/install/rcl_interfaces/include/rcl_interfaces/rcl_interfaces/msg/list_parameters_result.hpp
[2.006s] -- Up-to-date symlink: /home/aajaer/microros_ws/install/rcl_interfaces/include/rcl_interfaces/rcl_interfaces/msg/log.hpp
[2.006s] -- Up-to-date symlink: /home/aajaer/microros_ws/install/rcl_interfaces/include/rcl_interfaces/rcl_interfaces/msg/parameter.hpp
[2.008s] -- Up-to-date symlink: /home/aajaer/microros_ws/install/rcl_interfaces/include/rcl_interfaces/rcl_interfaces/msg/parameter_descriptor.hpp
[2.008s] -- Up-to-date symlink: /home/aajaer/microros_ws/install/rcl_interfaces/include/rcl_interfaces/rcl_interfaces/msg/parameter_event.hpp
[2.009s] -- Up-to-date symlink: /home/aajaer/microros_ws/install/rcl_interfaces/include/rcl_interfaces/rcl_interfaces/msg/parameter_event_descriptors.hpp
[2.010s] -- Up-to-date symlink: /home/aajaer/microros_ws/install/rcl_interfaces/include/rcl_interfaces/rcl_interfaces/msg/parameter_type.hpp
[2.011s] -- Up-to-date symlink: /home/aajaer/microros_ws/install/rcl_interfaces/include/rcl_interfaces/rcl_interfaces/msg/parameter_value.hpp
[2.012s] -- Up-to-date symlink: /home/aajaer/microros_ws/install/rcl_interfaces/include/rcl_interfaces/rcl_interfaces/msg/rosidl_generator_cpp__visibility_control.hpp
[2.013s] -- Up-to-date symlink: /home/aajaer/microros_ws/install/rcl_interfaces/include/rcl_interfaces/rcl_interfaces/msg/set_parameters_result.hpp
[2.013s] -- Up-to-date symlink: /home/aajaer/microros_ws/install/rcl_interfaces/include/rcl_interfaces/rcl_interfaces/srv/describe_parameters.hpp
[2.023s] -- Up-to-date symlink: /home/aajaer/microros_ws/install/rcl_interfaces/include/rcl_interfaces/rcl_interfaces/srv/detail/describe_parameters__builder.hpp
[2.024s] -- Up-to-date symlink: /home/aajaer/microros_ws/install/rcl_interfaces/include/rcl_interfaces/rcl_interfaces/srv/detail/describe_parameters__struct.hpp
[2.024s] -- Up-to-date symlink: /home/aajaer/microros_ws/install/rcl_interfaces/include/rcl_interfaces/rcl_interfaces/srv/detail/describe_parameters__traits.hpp
[2.025s] -- Up-to-date symlink: /home/aajaer/microros_ws/install/rcl_interfaces/include/rcl_interfaces/rcl_interfaces/srv/detail/describe_parameters__type_support.hpp
[2.025s] -- Up-to-date symlink: /home/aajaer/microros_ws/install/rcl_interfaces/include/rcl_interfaces/rcl_interfaces/srv/detail/get_parameter_types__builder.hpp
[2.025s] -- Up-to-date symlink: /home/aajaer/microros_ws/install/rcl_interfaces/include/rcl_interfaces/rcl_interfaces/srv/detail/get_parameter_types__struct.hpp
[2.026s] -- Up-to-date symlink: /home/aajaer/microros_ws/install/rcl_interfaces/include/rcl_interfaces/rcl_interfaces/srv/detail/get_parameter_types__traits.hpp
[2.027s] -- Up-to-date symlink: /home/aajaer/microros_ws/install/rcl_interfaces/include/rcl_interfaces/rcl_interfaces/srv/detail/get_parameter_types__type_support.hpp
[2.027s] -- Up-to-date symlink: /home/aajaer/microros_ws/install/rcl_interfaces/include/rcl_interfaces/rcl_interfaces/srv/detail/get_parameters__builder.hpp
[2.027s] -- Up-to-date symlink: /home/aajaer/microros_ws/install/rcl_interfaces/include/rcl_interfaces/rcl_interfaces/srv/detail/get_parameters__struct.hpp
[2.028s] -- Up-to-date symlink: /home/aajaer/microros_ws/install/rcl_interfaces/include/rcl_interfaces/rcl_interfaces/srv/detail/get_parameters__traits.hpp
[2.028s] -- Up-to-date symlink: /home/aajaer/microros_ws/install/rcl_interfaces/include/rcl_interfaces/rcl_interfaces/srv/detail/get_parameters__type_support.hpp
[2.029s] -- Up-to-date symlink: /home/aajaer/microros_ws/install/rcl_interfaces/include/rcl_interfaces/rcl_interfaces/srv/detail/list_parameters__builder.hpp
[2.029s] -- Up-to-date symlink: /home/aajaer/microros_ws/install/rcl_interfaces/include/rcl_interfaces/rcl_interfaces/srv/detail/list_parameters__struct.hpp
[2.032s] -- Up-to-date symlink: /home/aajaer/microros_ws/install/rcl_interfaces/include/rcl_interfaces/rcl_interfaces/srv/detail/list_parameters__traits.hpp
[2.035s] -- Up-to-date symlink: /home/aajaer/microros_ws/install/rcl_interfaces/include/rcl_interfaces/rcl_interfaces/srv/detail/list_parameters__type_support.hpp
[2.036s] -- Up-to-date symlink: /home/aajaer/microros_ws/install/rcl_interfaces/include/rcl_interfaces/rcl_interfaces/srv/detail/set_parameters__builder.hpp
[2.036s] -- Up-to-date symlink: /home/aajaer/microros_ws/install/rcl_interfaces/include/rcl_interfaces/rcl_interfaces/srv/detail/set_parameters__struct.hpp
[2.037s] -- Up-to-date symlink: /home/aajaer/microros_ws/install/rcl_interfaces/include/rcl_interfaces/rcl_interfaces/srv/detail/set_parameters__traits.hpp
[2.039s] -- Up-to-date symlink: /home/aajaer/microros_ws/install/rcl_interfaces/include/rcl_interfaces/rcl_interfaces/srv/detail/set_parameters__type_support.hpp
[2.041s] -- Up-to-date symlink: /home/aajaer/microros_ws/install/rcl_interfaces/include/rcl_interfaces/rcl_interfaces/srv/detail/set_parameters_atomically__builder.hpp
[2.045s] -- Up-to-date symlink: /home/aajaer/microros_ws/install/rcl_interfaces/include/rcl_interfaces/rcl_interfaces/srv/detail/set_parameters_atomically__struct.hpp
[2.049s] -- Up-to-date symlink: /home/aajaer/microros_ws/install/rcl_interfaces/include/rcl_interfaces/rcl_interfaces/srv/detail/set_parameters_atomically__traits.hpp
[2.050s] -- Up-to-date symlink: /home/aajaer/microros_ws/install/rcl_interfaces/include/rcl_interfaces/rcl_interfaces/srv/detail/set_parameters_atomically__type_support.hpp
[2.051s] -- Up-to-date symlink: /home/aajaer/microros_ws/install/rcl_interfaces/include/rcl_interfaces/rcl_interfaces/srv/get_parameter_types.hpp
[2.054s] -- Up-to-date symlink: /home/aajaer/microros_ws/install/rcl_interfaces/include/rcl_interfaces/rcl_interfaces/srv/get_parameters.hpp
[2.054s] -- Up-to-date symlink: /home/aajaer/microros_ws/install/rcl_interfaces/include/rcl_interfaces/rcl_interfaces/srv/list_parameters.hpp
[2.056s] -- Up-to-date symlink: /home/aajaer/microros_ws/install/rcl_interfaces/include/rcl_interfaces/rcl_interfaces/srv/set_parameters.hpp
[2.057s] -- Up-to-date symlink: /home/aajaer/microros_ws/install/rcl_interfaces/include/rcl_interfaces/rcl_interfaces/srv/set_parameters_atomically.hpp
[2.064s] -- Up-to-date symlink: /home/aajaer/microros_ws/install/rcl_interfaces/include/rcl_interfaces/msg/detail/floating_point_range__rosidl_typesupport_microxrcedds_cpp.hpp
[2.065s] -- Up-to-date symlink: /home/aajaer/microros_ws/install/rcl_interfaces/include/rcl_interfaces/msg/detail/integer_range__rosidl_typesupport_microxrcedds_cpp.hpp
[2.065s] -- Up-to-date symlink: /home/aajaer/microros_ws/install/rcl_interfaces/include/rcl_interfaces/msg/detail/list_parameters_result__rosidl_typesupport_microxrcedds_cpp.hpp
[2.066s] -- Up-to-date symlink: /home/aajaer/microros_ws/install/rcl_interfaces/include/rcl_interfaces/msg/detail/log__rosidl_typesupport_microxrcedds_cpp.hpp
[2.069s] -- Up-to-date symlink: /home/aajaer/microros_ws/install/rcl_interfaces/include/rcl_interfaces/msg/detail/microxrcedds/floating_point_range__type_support_cpp.cpp
[2.071s] -- Up-to-date symlink: /home/aajaer/microros_ws/install/rcl_interfaces/include/rcl_interfaces/msg/detail/microxrcedds/integer_range__type_support_cpp.cpp
[2.072s] -- Up-to-date symlink: /home/aajaer/microros_ws/install/rcl_interfaces/include/rcl_interfaces/msg/detail/microxrcedds/list_parameters_result__type_support_cpp.cpp
[2.073s] -- Up-to-date symlink: /home/aajaer/microros_ws/install/rcl_interfaces/include/rcl_interfaces/msg/detail/microxrcedds/log__type_support_cpp.cpp
[2.073s] -- Up-to-date symlink: /home/aajaer/microros_ws/install/rcl_interfaces/include/rcl_interfaces/msg/detail/microxrcedds/parameter__type_support_cpp.cpp
[2.073s] -- Up-to-date symlink: /home/aajaer/microros_ws/install/rcl_interfaces/include/rcl_interfaces/msg/detail/microxrcedds/parameter_descriptor__type_support_cpp.cpp
[2.075s] -- Up-to-date symlink: /home/aajaer/microros_ws/install/rcl_interfaces/include/rcl_interfaces/msg/detail/microxrcedds/parameter_event__type_support_cpp.cpp
[2.076s] -- Up-to-date symlink: /home/aajaer/microros_ws/install/rcl_interfaces/include/rcl_interfaces/msg/detail/microxrcedds/parameter_event_descriptors__type_support_cpp.cpp
[2.077s] -- Up-to-date symlink: /home/aajaer/microros_ws/install/rcl_interfaces/include/rcl_interfaces/msg/detail/microxrcedds/parameter_type__type_support_cpp.cpp
[2.078s] -- Up-to-date symlink: /home/aajaer/microros_ws/install/rcl_interfaces/include/rcl_interfaces/msg/detail/microxrcedds/parameter_value__type_support_cpp.cpp
[2.079s] -- Up-to-date symlink: /home/aajaer/microros_ws/install/rcl_interfaces/include/rcl_interfaces/msg/detail/microxrcedds/set_parameters_result__type_support_cpp.cpp
[2.079s] -- Up-to-date symlink: /home/aajaer/microros_ws/install/rcl_interfaces/include/rcl_interfaces/msg/detail/parameter__rosidl_typesupport_microxrcedds_cpp.hpp
[2.081s] -- Up-to-date symlink: /home/aajaer/microros_ws/install/rcl_interfaces/include/rcl_interfaces/msg/detail/parameter_descriptor__rosidl_typesupport_microxrcedds_cpp.hpp
[2.082s] -- Up-to-date symlink: /home/aajaer/microros_ws/install/rcl_interfaces/include/rcl_interfaces/msg/detail/parameter_event__rosidl_typesupport_microxrcedds_cpp.hpp
[2.083s] -- Up-to-date symlink: /home/aajaer/microros_ws/install/rcl_interfaces/include/rcl_interfaces/msg/detail/parameter_event_descriptors__rosidl_typesupport_microxrcedds_cpp.hpp
[2.084s] -- Up-to-date symlink: /home/aajaer/microros_ws/install/rcl_interfaces/include/rcl_interfaces/msg/detail/parameter_type__rosidl_typesupport_microxrcedds_cpp.hpp
[2.084s] -- Up-to-date symlink: /home/aajaer/microros_ws/install/rcl_interfaces/include/rcl_interfaces/msg/detail/parameter_value__rosidl_typesupport_microxrcedds_cpp.hpp
[2.085s] -- Up-to-date symlink: /home/aajaer/microros_ws/install/rcl_interfaces/include/rcl_interfaces/msg/detail/set_parameters_result__rosidl_typesupport_microxrcedds_cpp.hpp
[2.085s] -- Up-to-date symlink: /home/aajaer/microros_ws/install/rcl_interfaces/include/rcl_interfaces/msg/rosidl_typesupport_microxrcedds_cpp__visibility_control.h
[2.086s] -- Up-to-date symlink: /home/aajaer/microros_ws/install/rcl_interfaces/include/rcl_interfaces/srv/detail/describe_parameters__rosidl_typesupport_microxrcedds_cpp.hpp
[2.087s] -- Up-to-date symlink: /home/aajaer/microros_ws/install/rcl_interfaces/include/rcl_interfaces/srv/detail/get_parameter_types__rosidl_typesupport_microxrcedds_cpp.hpp
[2.088s] -- Up-to-date symlink: /home/aajaer/microros_ws/install/rcl_interfaces/include/rcl_interfaces/srv/detail/get_parameters__rosidl_typesupport_microxrcedds_cpp.hpp
[2.088s] -- Up-to-date symlink: /home/aajaer/microros_ws/install/rcl_interfaces/include/rcl_interfaces/srv/detail/list_parameters__rosidl_typesupport_microxrcedds_cpp.hpp
[2.089s] -- Up-to-date symlink: /home/aajaer/microros_ws/install/rcl_interfaces/include/rcl_interfaces/srv/detail/microxrcedds/describe_parameters__type_support_cpp.cpp
[2.089s] -- Up-to-date symlink: /home/aajaer/microros_ws/install/rcl_interfaces/include/rcl_interfaces/srv/detail/microxrcedds/get_parameter_types__type_support_cpp.cpp
[2.091s] -- Up-to-date symlink: /home/aajaer/microros_ws/install/rcl_interfaces/include/rcl_interfaces/srv/detail/microxrcedds/get_parameters__type_support_cpp.cpp
[2.091s] -- Up-to-date symlink: /home/aajaer/microros_ws/install/rcl_interfaces/include/rcl_interfaces/srv/detail/microxrcedds/list_parameters__type_support_cpp.cpp
[2.091s] -- Up-to-date symlink: /home/aajaer/microros_ws/install/rcl_interfaces/include/rcl_interfaces/srv/detail/microxrcedds/set_parameters__type_support_cpp.cpp
[2.092s] -- Up-to-date symlink: /home/aajaer/microros_ws/install/rcl_interfaces/include/rcl_interfaces/srv/detail/microxrcedds/set_parameters_atomically__type_support_cpp.cpp
[2.092s] -- Up-to-date symlink: /home/aajaer/microros_ws/install/rcl_interfaces/include/rcl_interfaces/srv/detail/set_parameters__rosidl_typesupport_microxrcedds_cpp.hpp
[2.094s] -- Up-to-date symlink: /home/aajaer/microros_ws/install/rcl_interfaces/include/rcl_interfaces/srv/detail/set_parameters_atomically__rosidl_typesupport_microxrcedds_cpp.hpp
[2.096s] -- Up-to-date symlink: /home/aajaer/microros_ws/install/rcl_interfaces/lib/librcl_interfaces__rosidl_typesupport_microxrcedds_cpp.a
[2.099s] -- Up-to-date symlink: /home/aajaer/microros_ws/install/rcl_interfaces/include/rcl_interfaces/rcl_interfaces/msg/detail/floating_point_range__rosidl_typesupport_fastrtps_cpp.hpp
[2.099s] -- Up-to-date symlink: /home/aajaer/microros_ws/install/rcl_interfaces/include/rcl_interfaces/rcl_interfaces/msg/detail/integer_range__rosidl_typesupport_fastrtps_cpp.hpp
[2.100s] -- Up-to-date symlink: /home/aajaer/microros_ws/install/rcl_interfaces/include/rcl_interfaces/rcl_interfaces/msg/detail/list_parameters_result__rosidl_typesupport_fastrtps_cpp.hpp
[2.101s] -- Up-to-date symlink: /home/aajaer/microros_ws/install/rcl_interfaces/include/rcl_interfaces/rcl_interfaces/msg/detail/log__rosidl_typesupport_fastrtps_cpp.hpp
[2.101s] -- Up-to-date symlink: /home/aajaer/microros_ws/install/rcl_interfaces/include/rcl_interfaces/rcl_interfaces/msg/detail/parameter__rosidl_typesupport_fastrtps_cpp.hpp
[2.101s] -- Up-to-date symlink: /home/aajaer/microros_ws/install/rcl_interfaces/include/rcl_interfaces/rcl_interfaces/msg/detail/parameter_descriptor__rosidl_typesupport_fastrtps_cpp.hpp
[2.102s] -- Up-to-date symlink: /home/aajaer/microros_ws/install/rcl_interfaces/include/rcl_interfaces/rcl_interfaces/msg/detail/parameter_event__rosidl_typesupport_fastrtps_cpp.hpp
[2.103s] -- Up-to-date symlink: /home/aajaer/microros_ws/install/rcl_interfaces/include/rcl_interfaces/rcl_interfaces/msg/detail/parameter_event_descriptors__rosidl_typesupport_fastrtps_cpp.hpp
[2.104s] -- Up-to-date symlink: /home/aajaer/microros_ws/install/rcl_interfaces/include/rcl_interfaces/rcl_interfaces/msg/detail/parameter_type__rosidl_typesupport_fastrtps_cpp.hpp
[2.105s] -- Up-to-date symlink: /home/aajaer/microros_ws/install/rcl_interfaces/include/rcl_interfaces/rcl_interfaces/msg/detail/parameter_value__rosidl_typesupport_fastrtps_cpp.hpp
[2.106s] -- Up-to-date symlink: /home/aajaer/microros_ws/install/rcl_interfaces/include/rcl_interfaces/rcl_interfaces/msg/detail/set_parameters_result__rosidl_typesupport_fastrtps_cpp.hpp
[2.112s] -- Up-to-date symlink: /home/aajaer/microros_ws/install/rcl_interfaces/include/rcl_interfaces/rcl_interfaces/msg/rosidl_typesupport_fastrtps_cpp__visibility_control.h
[2.114s] -- Up-to-date symlink: /home/aajaer/microros_ws/install/rcl_interfaces/include/rcl_interfaces/rcl_interfaces/srv/detail/describe_parameters__rosidl_typesupport_fastrtps_cpp.hpp
[2.116s] -- Up-to-date symlink: /home/aajaer/microros_ws/install/rcl_interfaces/include/rcl_interfaces/rcl_interfaces/srv/detail/get_parameter_types__rosidl_typesupport_fastrtps_cpp.hpp
[2.118s] -- Up-to-date symlink: /home/aajaer/microros_ws/install/rcl_interfaces/include/rcl_interfaces/rcl_interfaces/srv/detail/get_parameters__rosidl_typesupport_fastrtps_cpp.hpp
[2.119s] -- Up-to-date symlink: /home/aajaer/microros_ws/install/rcl_interfaces/include/rcl_interfaces/rcl_interfaces/srv/detail/list_parameters__rosidl_typesupport_fastrtps_cpp.hpp
[2.122s] -- Up-to-date symlink: /home/aajaer/microros_ws/install/rcl_interfaces/include/rcl_interfaces/rcl_interfaces/srv/detail/set_parameters__rosidl_typesupport_fastrtps_cpp.hpp
[2.124s] -- Up-to-date symlink: /home/aajaer/microros_ws/install/rcl_interfaces/include/rcl_interfaces/rcl_interfaces/srv/detail/set_parameters_atomically__rosidl_typesupport_fastrtps_cpp.hpp
[2.127s] -- Up-to-date symlink: /home/aajaer/microros_ws/install/rcl_interfaces/include/rcl_interfaces/rcl_interfaces/msg/detail/floating_point_range__rosidl_typesupport_introspection_cpp.hpp
[2.127s] -- Up-to-date symlink: /home/aajaer/microros_ws/install/rcl_interfaces/include/rcl_interfaces/rcl_interfaces/msg/detail/integer_range__rosidl_typesupport_introspection_cpp.hpp
[2.128s] -- Up-to-date symlink: /home/aajaer/microros_ws/install/rcl_interfaces/include/rcl_interfaces/rcl_interfaces/msg/detail/list_parameters_result__rosidl_typesupport_introspection_cpp.hpp
[2.128s] -- Up-to-date symlink: /home/aajaer/microros_ws/install/rcl_interfaces/include/rcl_interfaces/rcl_interfaces/msg/detail/log__rosidl_typesupport_introspection_cpp.hpp
[2.129s] -- Up-to-date symlink: /home/aajaer/microros_ws/install/rcl_interfaces/include/rcl_interfaces/rcl_interfaces/msg/detail/parameter__rosidl_typesupport_introspection_cpp.hpp
[2.130s] -- Up-to-date symlink: /home/aajaer/microros_ws/install/rcl_interfaces/include/rcl_interfaces/rcl_interfaces/msg/detail/parameter_descriptor__rosidl_typesupport_introspection_cpp.hpp
[2.134s] -- Up-to-date symlink: /home/aajaer/microros_ws/install/rcl_interfaces/include/rcl_interfaces/rcl_interfaces/msg/detail/parameter_event__rosidl_typesupport_introspection_cpp.hpp
[2.136s] -- Up-to-date symlink: /home/aajaer/microros_ws/install/rcl_interfaces/include/rcl_interfaces/rcl_interfaces/msg/detail/parameter_event_descriptors__rosidl_typesupport_introspection_cpp.hpp
[2.137s] -- Up-to-date symlink: /home/aajaer/microros_ws/install/rcl_interfaces/include/rcl_interfaces/rcl_interfaces/msg/detail/parameter_type__rosidl_typesupport_introspection_cpp.hpp
[2.140s] -- Up-to-date symlink: /home/aajaer/microros_ws/install/rcl_interfaces/include/rcl_interfaces/rcl_interfaces/msg/detail/parameter_value__rosidl_typesupport_introspection_cpp.hpp
[2.142s] -- Up-to-date symlink: /home/aajaer/microros_ws/install/rcl_interfaces/include/rcl_interfaces/rcl_interfaces/msg/detail/set_parameters_result__rosidl_typesupport_introspection_cpp.hpp
[2.143s] -- Up-to-date symlink: /home/aajaer/microros_ws/install/rcl_interfaces/include/rcl_interfaces/rcl_interfaces/srv/detail/describe_parameters__rosidl_typesupport_introspection_cpp.hpp
[2.146s] -- Up-to-date symlink: /home/aajaer/microros_ws/install/rcl_interfaces/include/rcl_interfaces/rcl_interfaces/srv/detail/get_parameter_types__rosidl_typesupport_introspection_cpp.hpp
[2.147s] -- Up-to-date symlink: /home/aajaer/microros_ws/install/rcl_interfaces/include/rcl_interfaces/rcl_interfaces/srv/detail/get_parameters__rosidl_typesupport_introspection_cpp.hpp
[2.147s] -- Up-to-date symlink: /home/aajaer/microros_ws/install/rcl_interfaces/include/rcl_interfaces/rcl_interfaces/srv/detail/list_parameters__rosidl_typesupport_introspection_cpp.hpp
[2.147s] -- Up-to-date symlink: /home/aajaer/microros_ws/install/rcl_interfaces/include/rcl_interfaces/rcl_interfaces/srv/detail/set_parameters__rosidl_typesupport_introspection_cpp.hpp
[2.149s] -- Up-to-date symlink: /home/aajaer/microros_ws/install/rcl_interfaces/include/rcl_interfaces/rcl_interfaces/srv/detail/set_parameters_atomically__rosidl_typesupport_introspection_cpp.hpp
[2.149s] -- Up-to-date symlink: /home/aajaer/microros_ws/install/rcl_interfaces/share/rcl_interfaces/environment/pythonpath.sh
[2.150s] -- Up-to-date symlink: /home/aajaer/microros_ws/install/rcl_interfaces/share/rcl_interfaces/environment/pythonpath.dsv
[2.151s] -- Up-to-date symlink: /home/aajaer/microros_ws/install/rcl_interfaces/local/lib/python3.10/dist-packages/rcl_interfaces-1.2.1-py3.10.egg-info/PKG-INFO
[2.152s] -- Up-to-date symlink: /home/aajaer/microros_ws/install/rcl_interfaces/local/lib/python3.10/dist-packages/rcl_interfaces-1.2.1-py3.10.egg-info/SOURCES.txt
[2.152s] -- Up-to-date symlink: /home/aajaer/microros_ws/install/rcl_interfaces/local/lib/python3.10/dist-packages/rcl_interfaces-1.2.1-py3.10.egg-info/dependency_links.txt
[2.153s] -- Up-to-date symlink: /home/aajaer/microros_ws/install/rcl_interfaces/local/lib/python3.10/dist-packages/rcl_interfaces-1.2.1-py3.10.egg-info/top_level.txt
[2.158s] -- Up-to-date symlink: /home/aajaer/microros_ws/install/rcl_interfaces/local/lib/python3.10/dist-packages/rcl_interfaces/__init__.py
[2.160s] -- Up-to-date symlink: /home/aajaer/microros_ws/install/rcl_interfaces/local/lib/python3.10/dist-packages/rcl_interfaces/_rcl_interfaces_s.ep.rosidl_typesupport_c.c
[2.163s] -- Up-to-date symlink: /home/aajaer/microros_ws/install/rcl_interfaces/local/lib/python3.10/dist-packages/rcl_interfaces/_rcl_interfaces_s.ep.rosidl_typesupport_fastrtps_c.c
[2.164s] -- Up-to-date symlink: /home/aajaer/microros_ws/install/rcl_interfaces/local/lib/python3.10/dist-packages/rcl_interfaces/_rcl_interfaces_s.ep.rosidl_typesupport_introspection_c.c
[2.165s] -- Up-to-date symlink: /home/aajaer/microros_ws/install/rcl_interfaces/local/lib/python3.10/dist-packages/rcl_interfaces/_rcl_interfaces_s.ep.rosidl_typesupport_microxrcedds_c.c
[2.166s] -- Up-to-date symlink: /home/aajaer/microros_ws/install/rcl_interfaces/local/lib/python3.10/dist-packages/rcl_interfaces/librcl_interfaces__rosidl_generator_py.so
[2.168s] -- Up-to-date symlink: /home/aajaer/microros_ws/install/rcl_interfaces/local/lib/python3.10/dist-packages/rcl_interfaces/msg/__init__.py
[2.168s] -- Up-to-date symlink: /home/aajaer/microros_ws/install/rcl_interfaces/local/lib/python3.10/dist-packages/rcl_interfaces/msg/_floating_point_range.py
[2.170s] -- Up-to-date symlink: /home/aajaer/microros_ws/install/rcl_interfaces/local/lib/python3.10/dist-packages/rcl_interfaces/msg/_floating_point_range_s.c
[2.172s] -- Up-to-date symlink: /home/aajaer/microros_ws/install/rcl_interfaces/local/lib/python3.10/dist-packages/rcl_interfaces/msg/_integer_range.py
[2.173s] -- Up-to-date symlink: /home/aajaer/microros_ws/install/rcl_interfaces/local/lib/python3.10/dist-packages/rcl_interfaces/msg/_integer_range_s.c
[2.176s] -- Up-to-date symlink: /home/aajaer/microros_ws/install/rcl_interfaces/local/lib/python3.10/dist-packages/rcl_interfaces/msg/_list_parameters_result.py
[2.176s] -- Up-to-date symlink: /home/aajaer/microros_ws/install/rcl_interfaces/local/lib/python3.10/dist-packages/rcl_interfaces/msg/_list_parameters_result_s.c
[2.177s] -- Up-to-date symlink: /home/aajaer/microros_ws/install/rcl_interfaces/local/lib/python3.10/dist-packages/rcl_interfaces/msg/_log.py
[2.179s] -- Up-to-date symlink: /home/aajaer/microros_ws/install/rcl_interfaces/local/lib/python3.10/dist-packages/rcl_interfaces/msg/_log_s.c
[2.179s] -- Up-to-date symlink: /home/aajaer/microros_ws/install/rcl_interfaces/local/lib/python3.10/dist-packages/rcl_interfaces/msg/_parameter.py
[2.181s] -- Up-to-date symlink: /home/aajaer/microros_ws/install/rcl_interfaces/local/lib/python3.10/dist-packages/rcl_interfaces/msg/_parameter_descriptor.py
[2.182s] -- Up-to-date symlink: /home/aajaer/microros_ws/install/rcl_interfaces/local/lib/python3.10/dist-packages/rcl_interfaces/msg/_parameter_descriptor_s.c
[2.182s] -- Up-to-date symlink: /home/aajaer/microros_ws/install/rcl_interfaces/local/lib/python3.10/dist-packages/rcl_interfaces/msg/_parameter_event.py
[2.182s] -- Up-to-date symlink: /home/aajaer/microros_ws/install/rcl_interfaces/local/lib/python3.10/dist-packages/rcl_interfaces/msg/_parameter_event_descriptors.py
[2.183s] -- Up-to-date symlink: /home/aajaer/microros_ws/install/rcl_interfaces/local/lib/python3.10/dist-packages/rcl_interfaces/msg/_parameter_event_descriptors_s.c
[2.184s] -- Up-to-date symlink: /home/aajaer/microros_ws/install/rcl_interfaces/local/lib/python3.10/dist-packages/rcl_interfaces/msg/_parameter_event_s.c
[2.186s] -- Up-to-date symlink: /home/aajaer/microros_ws/install/rcl_interfaces/local/lib/python3.10/dist-packages/rcl_interfaces/msg/_parameter_s.c
[2.187s] -- Up-to-date symlink: /home/aajaer/microros_ws/install/rcl_interfaces/local/lib/python3.10/dist-packages/rcl_interfaces/msg/_parameter_type.py
[2.188s] -- Up-to-date symlink: /home/aajaer/microros_ws/install/rcl_interfaces/local/lib/python3.10/dist-packages/rcl_interfaces/msg/_parameter_type_s.c
[2.190s] -- Up-to-date symlink: /home/aajaer/microros_ws/install/rcl_interfaces/local/lib/python3.10/dist-packages/rcl_interfaces/msg/_parameter_value.py
[2.191s] -- Up-to-date symlink: /home/aajaer/microros_ws/install/rcl_interfaces/local/lib/python3.10/dist-packages/rcl_interfaces/msg/_parameter_value_s.c
[2.194s] -- Up-to-date symlink: /home/aajaer/microros_ws/install/rcl_interfaces/local/lib/python3.10/dist-packages/rcl_interfaces/msg/_set_parameters_result.py
[2.196s] -- Up-to-date symlink: /home/aajaer/microros_ws/install/rcl_interfaces/local/lib/python3.10/dist-packages/rcl_interfaces/msg/_set_parameters_result_s.c
[2.197s] -- Up-to-date symlink: /home/aajaer/microros_ws/install/rcl_interfaces/local/lib/python3.10/dist-packages/rcl_interfaces/rcl_interfaces_s__rosidl_typesupport_c.cpython-310-aarch64-linux-gnu.so
[2.198s] -- Up-to-date symlink: /home/aajaer/microros_ws/install/rcl_interfaces/local/lib/python3.10/dist-packages/rcl_interfaces/rcl_interfaces_s__rosidl_typesupport_fastrtps_c.cpython-310-aarch64-linux-gnu.so
[2.200s] -- Up-to-date symlink: /home/aajaer/microros_ws/install/rcl_interfaces/local/lib/python3.10/dist-packages/rcl_interfaces/rcl_interfaces_s__rosidl_typesupport_introspection_c.cpython-310-aarch64-linux-gnu.so
[2.206s] -- Up-to-date symlink: /home/aajaer/microros_ws/install/rcl_interfaces/local/lib/python3.10/dist-packages/rcl_interfaces/rcl_interfaces_s__rosidl_typesupport_microxrcedds_c.cpython-310-aarch64-linux-gnu.so
[2.208s] -- Up-to-date symlink: /home/aajaer/microros_ws/install/rcl_interfaces/local/lib/python3.10/dist-packages/rcl_interfaces/srv/__init__.py
[2.209s] -- Up-to-date symlink: /home/aajaer/microros_ws/install/rcl_interfaces/local/lib/python3.10/dist-packages/rcl_interfaces/srv/_describe_parameters.py
[2.209s] -- Up-to-date symlink: /home/aajaer/microros_ws/install/rcl_interfaces/local/lib/python3.10/dist-packages/rcl_interfaces/srv/_describe_parameters_s.c
[2.209s] -- Up-to-date symlink: /home/aajaer/microros_ws/install/rcl_interfaces/local/lib/python3.10/dist-packages/rcl_interfaces/srv/_get_parameter_types.py
[2.209s] -- Up-to-date symlink: /home/aajaer/microros_ws/install/rcl_interfaces/local/lib/python3.10/dist-packages/rcl_interfaces/srv/_get_parameter_types_s.c
[2.209s] -- Up-to-date symlink: /home/aajaer/microros_ws/install/rcl_interfaces/local/lib/python3.10/dist-packages/rcl_interfaces/srv/_get_parameters.py
[2.210s] -- Up-to-date symlink: /home/aajaer/microros_ws/install/rcl_interfaces/local/lib/python3.10/dist-packages/rcl_interfaces/srv/_get_parameters_s.c
[2.210s] -- Up-to-date symlink: /home/aajaer/microros_ws/install/rcl_interfaces/local/lib/python3.10/dist-packages/rcl_interfaces/srv/_list_parameters.py
[2.213s] -- Up-to-date symlink: /home/aajaer/microros_ws/install/rcl_interfaces/local/lib/python3.10/dist-packages/rcl_interfaces/srv/_list_parameters_s.c
[2.215s] -- Up-to-date symlink: /home/aajaer/microros_ws/install/rcl_interfaces/local/lib/python3.10/dist-packages/rcl_interfaces/srv/_set_parameters.py
[2.215s] -- Up-to-date symlink: /home/aajaer/microros_ws/install/rcl_interfaces/local/lib/python3.10/dist-packages/rcl_interfaces/srv/_set_parameters_atomically.py
[2.217s] -- Up-to-date symlink: /home/aajaer/microros_ws/install/rcl_interfaces/local/lib/python3.10/dist-packages/rcl_interfaces/srv/_set_parameters_atomically_s.c
[2.220s] -- Up-to-date symlink: /home/aajaer/microros_ws/install/rcl_interfaces/local/lib/python3.10/dist-packages/rcl_interfaces/srv/_set_parameters_s.c
[2.221s] -- Up-to-date symlink: /home/aajaer/microros_ws/install/rcl_interfaces/local/lib/python3.10/dist-packages/rcl_interfaces/rcl_interfaces_s__rosidl_typesupport_microxrcedds_c.cpython-310-aarch64-linux-gnu.so
[2.223s] -- Up-to-date symlink: /home/aajaer/microros_ws/install/rcl_interfaces/local/lib/python3.10/dist-packages/rcl_interfaces/rcl_interfaces_s__rosidl_typesupport_fastrtps_c.cpython-310-aarch64-linux-gnu.so
[2.225s] -- Up-to-date symlink: /home/aajaer/microros_ws/install/rcl_interfaces/local/lib/python3.10/dist-packages/rcl_interfaces/rcl_interfaces_s__rosidl_typesupport_introspection_c.cpython-310-aarch64-linux-gnu.so
[2.225s] -- Up-to-date symlink: /home/aajaer/microros_ws/install/rcl_interfaces/local/lib/python3.10/dist-packages/rcl_interfaces/rcl_interfaces_s__rosidl_typesupport_c.cpython-310-aarch64-linux-gnu.so
[2.226s] -- Up-to-date symlink: /home/aajaer/microros_ws/install/rcl_interfaces/share/rcl_interfaces/msg/FloatingPointRange.idl
[2.226s] -- Up-to-date symlink: /home/aajaer/microros_ws/install/rcl_interfaces/share/rcl_interfaces/msg/IntegerRange.idl
[2.227s] -- Up-to-date symlink: /home/aajaer/microros_ws/install/rcl_interfaces/share/rcl_interfaces/msg/ListParametersResult.idl
[2.228s] -- Up-to-date symlink: /home/aajaer/microros_ws/install/rcl_interfaces/share/rcl_interfaces/msg/Log.idl
[2.228s] -- Up-to-date symlink: /home/aajaer/microros_ws/install/rcl_interfaces/share/rcl_interfaces/msg/ParameterDescriptor.idl
[2.229s] -- Up-to-date symlink: /home/aajaer/microros_ws/install/rcl_interfaces/share/rcl_interfaces/msg/ParameterEventDescriptors.idl
[2.230s] -- Up-to-date symlink: /home/aajaer/microros_ws/install/rcl_interfaces/share/rcl_interfaces/msg/ParameterEvent.idl
[2.230s] -- Up-to-date symlink: /home/aajaer/microros_ws/install/rcl_interfaces/share/rcl_interfaces/msg/Parameter.idl
[2.232s] -- Up-to-date symlink: /home/aajaer/microros_ws/install/rcl_interfaces/share/rcl_interfaces/msg/ParameterType.idl
[2.233s] -- Up-to-date symlink: /home/aajaer/microros_ws/install/rcl_interfaces/share/rcl_interfaces/msg/ParameterValue.idl
[2.234s] -- Up-to-date symlink: /home/aajaer/microros_ws/install/rcl_interfaces/share/rcl_interfaces/msg/SetParametersResult.idl
[2.235s] -- Up-to-date symlink: /home/aajaer/microros_ws/install/rcl_interfaces/share/rcl_interfaces/srv/DescribeParameters.idl
[2.237s] -- Up-to-date symlink: /home/aajaer/microros_ws/install/rcl_interfaces/share/rcl_interfaces/srv/GetParameters.idl
[2.237s] -- Up-to-date symlink: /home/aajaer/microros_ws/install/rcl_interfaces/share/rcl_interfaces/srv/GetParameterTypes.idl
[2.239s] -- Up-to-date symlink: /home/aajaer/microros_ws/install/rcl_interfaces/share/rcl_interfaces/srv/ListParameters.idl
[2.240s] -- Up-to-date symlink: /home/aajaer/microros_ws/install/rcl_interfaces/share/rcl_interfaces/srv/SetParametersAtomically.idl
[2.241s] -- Up-to-date symlink: /home/aajaer/microros_ws/install/rcl_interfaces/share/rcl_interfaces/srv/SetParameters.idl
[2.242s] -- Up-to-date symlink: /home/aajaer/microros_ws/install/rcl_interfaces/share/rcl_interfaces/msg/FloatingPointRange.msg
[2.243s] -- Up-to-date symlink: /home/aajaer/microros_ws/install/rcl_interfaces/share/rcl_interfaces/msg/IntegerRange.msg
[2.243s] -- Up-to-date symlink: /home/aajaer/microros_ws/install/rcl_interfaces/share/rcl_interfaces/msg/ListParametersResult.msg
[2.245s] -- Up-to-date symlink: /home/aajaer/microros_ws/install/rcl_interfaces/share/rcl_interfaces/msg/Log.msg
[2.248s] -- Up-to-date symlink: /home/aajaer/microros_ws/install/rcl_interfaces/share/rcl_interfaces/msg/ParameterDescriptor.msg
[2.252s] -- Up-to-date symlink: /home/aajaer/microros_ws/install/rcl_interfaces/share/rcl_interfaces/msg/ParameterEventDescriptors.msg
[2.253s] -- Up-to-date symlink: /home/aajaer/microros_ws/install/rcl_interfaces/share/rcl_interfaces/msg/ParameterEvent.msg
[2.254s] -- Up-to-date symlink: /home/aajaer/microros_ws/install/rcl_interfaces/share/rcl_interfaces/msg/Parameter.msg
[2.255s] -- Up-to-date symlink: /home/aajaer/microros_ws/install/rcl_interfaces/share/rcl_interfaces/msg/ParameterType.msg
[2.257s] -- Up-to-date symlink: /home/aajaer/microros_ws/install/rcl_interfaces/share/rcl_interfaces/msg/ParameterValue.msg
[2.261s] -- Up-to-date symlink: /home/aajaer/microros_ws/install/rcl_interfaces/share/rcl_interfaces/msg/SetParametersResult.msg
[2.262s] -- Up-to-date symlink: /home/aajaer/microros_ws/install/rcl_interfaces/share/rcl_interfaces/srv/DescribeParameters.srv
[2.262s] -- Up-to-date symlink: /home/aajaer/microros_ws/install/rcl_interfaces/share/rcl_interfaces/srv/DescribeParameters_Request.msg
[2.264s] -- Up-to-date symlink: /home/aajaer/microros_ws/install/rcl_interfaces/share/rcl_interfaces/srv/DescribeParameters_Response.msg
[2.264s] -- Up-to-date symlink: /home/aajaer/microros_ws/install/rcl_interfaces/share/rcl_interfaces/srv/GetParameters.srv
[2.265s] -- Up-to-date symlink: /home/aajaer/microros_ws/install/rcl_interfaces/share/rcl_interfaces/srv/GetParameters_Request.msg
[2.265s] -- Up-to-date symlink: /home/aajaer/microros_ws/install/rcl_interfaces/share/rcl_interfaces/srv/GetParameters_Response.msg
[2.266s] -- Up-to-date symlink: /home/aajaer/microros_ws/install/rcl_interfaces/share/rcl_interfaces/srv/GetParameterTypes.srv
[2.267s] -- Up-to-date symlink: /home/aajaer/microros_ws/install/rcl_interfaces/share/rcl_interfaces/srv/GetParameterTypes_Request.msg
[2.267s] -- Up-to-date symlink: /home/aajaer/microros_ws/install/rcl_interfaces/share/rcl_interfaces/srv/GetParameterTypes_Response.msg
[2.268s] -- Up-to-date symlink: /home/aajaer/microros_ws/install/rcl_interfaces/share/rcl_interfaces/srv/ListParameters.srv
[2.269s] -- Up-to-date symlink: /home/aajaer/microros_ws/install/rcl_interfaces/share/rcl_interfaces/srv/ListParameters_Request.msg
[2.269s] -- Up-to-date symlink: /home/aajaer/microros_ws/install/rcl_interfaces/share/rcl_interfaces/srv/ListParameters_Response.msg
[2.270s] -- Up-to-date symlink: /home/aajaer/microros_ws/install/rcl_interfaces/share/rcl_interfaces/srv/SetParametersAtomically.srv
[2.270s] -- Up-to-date symlink: /home/aajaer/microros_ws/install/rcl_interfaces/share/rcl_interfaces/srv/SetParametersAtomically_Request.msg
[2.270s] -- Up-to-date symlink: /home/aajaer/microros_ws/install/rcl_interfaces/share/rcl_interfaces/srv/SetParametersAtomically_Response.msg
[2.271s] -- Up-to-date symlink: /home/aajaer/microros_ws/install/rcl_interfaces/share/rcl_interfaces/srv/SetParameters.srv
[2.272s] -- Up-to-date symlink: /home/aajaer/microros_ws/install/rcl_interfaces/share/rcl_interfaces/srv/SetParameters_Request.msg
[2.273s] -- Up-to-date symlink: /home/aajaer/microros_ws/install/rcl_interfaces/share/rcl_interfaces/srv/SetParameters_Response.msg
[2.273s] -- Up-to-date symlink: /home/aajaer/microros_ws/install/rcl_interfaces/share/rcl_interfaces/mapping_rules.yaml
[2.275s] -- Up-to-date symlink: /home/aajaer/microros_ws/install/rcl_interfaces/share/ament_index/resource_index/package_run_dependencies/rcl_interfaces
[2.276s] -- Up-to-date symlink: /home/aajaer/microros_ws/install/rcl_interfaces/share/ament_index/resource_index/parent_prefix_path/rcl_interfaces
[2.277s] -- Up-to-date symlink: /home/aajaer/microros_ws/install/rcl_interfaces/share/rcl_interfaces/environment/ament_prefix_path.sh
[2.279s] -- Up-to-date symlink: /home/aajaer/microros_ws/install/rcl_interfaces/share/rcl_interfaces/environment/ament_prefix_path.dsv
[2.280s] -- Up-to-date symlink: /home/aajaer/microros_ws/install/rcl_interfaces/share/rcl_interfaces/environment/path.sh
[2.280s] -- Up-to-date symlink: /home/aajaer/microros_ws/install/rcl_interfaces/share/rcl_interfaces/environment/path.dsv
[2.281s] -- Up-to-date symlink: /home/aajaer/microros_ws/install/rcl_interfaces/share/rcl_interfaces/local_setup.bash
[2.283s] -- Up-to-date symlink: /home/aajaer/microros_ws/install/rcl_interfaces/share/rcl_interfaces/local_setup.sh
[2.283s] -- Up-to-date symlink: /home/aajaer/microros_ws/install/rcl_interfaces/share/rcl_interfaces/local_setup.zsh
[2.286s] -- Up-to-date symlink: /home/aajaer/microros_ws/install/rcl_interfaces/share/rcl_interfaces/local_setup.dsv
[2.288s] -- Symlinking: /home/aajaer/microros_ws/install/rcl_interfaces/share/rcl_interfaces/package.dsv
[2.320s] -- Up-to-date symlink: /home/aajaer/microros_ws/install/rcl_interfaces/share/ament_index/resource_index/packages/rcl_interfaces
[2.321s] -- Up-to-date symlink: /home/aajaer/microros_ws/install/rcl_interfaces/share/rcl_interfaces/cmake/rosidl_cmake-extras.cmake
[2.321s] -- Up-to-date symlink: /home/aajaer/microros_ws/install/rcl_interfaces/share/rcl_interfaces/cmake/ament_cmake_export_dependencies-extras.cmake
[2.324s] -- Up-to-date symlink: /home/aajaer/microros_ws/install/rcl_interfaces/share/rcl_interfaces/cmake/ament_cmake_export_include_directories-extras.cmake
[2.326s] -- Up-to-date symlink: /home/aajaer/microros_ws/install/rcl_interfaces/share/rcl_interfaces/cmake/ament_cmake_export_libraries-extras.cmake
[2.328s] -- Up-to-date symlink: /home/aajaer/microros_ws/install/rcl_interfaces/share/rcl_interfaces/cmake/ament_cmake_export_targets-extras.cmake
[2.332s] -- Up-to-date symlink: /home/aajaer/microros_ws/install/rcl_interfaces/share/rcl_interfaces/cmake/rosidl_cmake_export_typesupport_targets-extras.cmake
[2.334s] -- Up-to-date symlink: /home/aajaer/microros_ws/install/rcl_interfaces/share/rcl_interfaces/cmake/rosidl_cmake_export_typesupport_libraries-extras.cmake
[2.336s] -- Up-to-date symlink: /home/aajaer/microros_ws/install/rcl_interfaces/share/rcl_interfaces/cmake/rcl_interfacesConfig.cmake
[2.337s] -- Up-to-date symlink: /home/aajaer/microros_ws/install/rcl_interfaces/share/rcl_interfaces/cmake/rcl_interfacesConfig-version.cmake
[2.338s] -- Up-to-date symlink: /home/aajaer/microros_ws/install/rcl_interfaces/share/rcl_interfaces/package.xml
[2.339s] -- Up-to-date: /home/aajaer/microros_ws/install/rcl_interfaces/lib/librcl_interfaces__rosidl_generator_c.so
[2.342s] -- Up-to-date: /home/aajaer/microros_ws/install/rcl_interfaces/lib/librcl_interfaces__rosidl_typesupport_fastrtps_c.so
[2.343s] -- Up-to-date: /home/aajaer/microros_ws/install/rcl_interfaces/lib/librcl_interfaces__rosidl_typesupport_introspection_c.so
[2.343s] -- Up-to-date: /home/aajaer/microros_ws/install/rcl_interfaces/lib/librcl_interfaces__rosidl_typesupport_c.so
[2.343s] -- Up-to-date: /home/aajaer/microros_ws/install/rcl_interfaces/lib/librcl_interfaces__rosidl_typesupport_fastrtps_cpp.so
[2.344s] -- Up-to-date: /home/aajaer/microros_ws/install/rcl_interfaces/lib/librcl_interfaces__rosidl_typesupport_introspection_cpp.so
[2.344s] -- Up-to-date: /home/aajaer/microros_ws/install/rcl_interfaces/lib/librcl_interfaces__rosidl_typesupport_cpp.so
[2.495s] Listing '/home/aajaer/microros_ws/install/rcl_interfaces/local/lib/python3.10/dist-packages/rcl_interfaces'...
[2.495s] Listing '/home/aajaer/microros_ws/install/rcl_interfaces/local/lib/python3.10/dist-packages/rcl_interfaces/msg'...
[2.496s] Listing '/home/aajaer/microros_ws/install/rcl_interfaces/local/lib/python3.10/dist-packages/rcl_interfaces/srv'...
[2.507s] -- Up-to-date: /home/aajaer/microros_ws/install/rcl_interfaces/lib/librcl_interfaces__rosidl_generator_py.so
[2.508s] -- Up-to-date: /home/aajaer/microros_ws/install/rcl_interfaces/share/rcl_interfaces/cmake/export_rcl_interfaces__rosidl_generator_cExport.cmake
[2.509s] -- Up-to-date: /home/aajaer/microros_ws/install/rcl_interfaces/share/rcl_interfaces/cmake/export_rcl_interfaces__rosidl_generator_cExport-noconfig.cmake
[2.509s] -- Up-to-date: /home/aajaer/microros_ws/install/rcl_interfaces/share/rcl_interfaces/cmake/export_rcl_interfaces__rosidl_typesupport_fastrtps_cExport.cmake
[2.509s] -- Up-to-date: /home/aajaer/microros_ws/install/rcl_interfaces/share/rcl_interfaces/cmake/export_rcl_interfaces__rosidl_typesupport_fastrtps_cExport-noconfig.cmake
[2.510s] -- Up-to-date: /home/aajaer/microros_ws/install/rcl_interfaces/share/rcl_interfaces/cmake/rcl_interfaces__rosidl_typesupport_introspection_cExport.cmake
[2.511s] -- Up-to-date: /home/aajaer/microros_ws/install/rcl_interfaces/share/rcl_interfaces/cmake/rcl_interfaces__rosidl_typesupport_introspection_cExport-noconfig.cmake
[2.511s] -- Up-to-date: /home/aajaer/microros_ws/install/rcl_interfaces/share/rcl_interfaces/cmake/rcl_interfaces__rosidl_typesupport_cExport.cmake
[2.511s] -- Up-to-date: /home/aajaer/microros_ws/install/rcl_interfaces/share/rcl_interfaces/cmake/rcl_interfaces__rosidl_typesupport_cExport-noconfig.cmake
[2.512s] -- Up-to-date: /home/aajaer/microros_ws/install/rcl_interfaces/share/rcl_interfaces/cmake/export_rcl_interfaces__rosidl_generator_cppExport.cmake
[2.513s] -- Up-to-date: /home/aajaer/microros_ws/install/rcl_interfaces/share/rcl_interfaces/cmake/export_rcl_interfaces__rosidl_typesupport_fastrtps_cppExport.cmake
[2.513s] -- Up-to-date: /home/aajaer/microros_ws/install/rcl_interfaces/share/rcl_interfaces/cmake/export_rcl_interfaces__rosidl_typesupport_fastrtps_cppExport-noconfig.cmake
[2.513s] -- Up-to-date: /home/aajaer/microros_ws/install/rcl_interfaces/share/rcl_interfaces/cmake/rcl_interfaces__rosidl_typesupport_introspection_cppExport.cmake
[2.514s] -- Up-to-date: /home/aajaer/microros_ws/install/rcl_interfaces/share/rcl_interfaces/cmake/rcl_interfaces__rosidl_typesupport_introspection_cppExport-noconfig.cmake
[2.514s] -- Up-to-date: /home/aajaer/microros_ws/install/rcl_interfaces/share/rcl_interfaces/cmake/rcl_interfaces__rosidl_typesupport_cppExport.cmake
[2.515s] -- Up-to-date: /home/aajaer/microros_ws/install/rcl_interfaces/share/rcl_interfaces/cmake/rcl_interfaces__rosidl_typesupport_cppExport-noconfig.cmake
[2.516s] -- Up-to-date: /home/aajaer/microros_ws/install/rcl_interfaces/share/rcl_interfaces/cmake/export_rcl_interfaces__rosidl_generator_pyExport.cmake
[2.517s] -- Up-to-date: /home/aajaer/microros_ws/install/rcl_interfaces/share/rcl_interfaces/cmake/export_rcl_interfaces__rosidl_generator_pyExport-noconfig.cmake
[2.544s] Invoked command in '/home/aajaer/microros_ws/build/rcl_interfaces' returned '0': AMENT_PREFIX_PATH=/home/aajaer/microros_ws/install/builtin_interfaces:${AMENT_PREFIX_PATH} CMAKE_PREFIX_PATH=/home/aajaer/microros_ws/install/builtin_interfaces:/opt/ros/humble:/opt/ros/humble LD_LIBRARY_PATH=/home/aajaer/microros_ws/install/builtin_interfaces/lib:/opt/ros/humble/opt/rviz_ogre_vendor/lib:/opt/ros/humble/lib/aarch64-linux-gnu:/opt/ros/humble/lib PYTHONPATH=/home/aajaer/microros_ws/install/builtin_interfaces/local/lib/python3.10/dist-packages:${PYTHONPATH} /usr/bin/cmake --install /home/aajaer/microros_ws/build/rcl_interfaces
