-- Found ament_cmake_ros: 0.10.0 (/opt/ros/humble/share/ament_cmake_ros/cmake)
-- Override CMake install command with custom implementation using symlinks instead of copying resources
-- Found rcutils: 5.1.6 (/opt/ros/humble/share/rcutils/cmake)
-- Found rosidl_runtime_c: 3.1.6 (/opt/ros/humble/share/rosidl_runtime_c/cmake)
-- Found rmw: 6.1.2 (/opt/ros/humble/share/rmw/cmake)
-- Found rosidl_typesupport_microxrcedds_c: 3.0.1 (/home/aajaer/microros_ws/install/rosidl_typesupport_microxrcedds_c/share/rosidl_typesupport_microxrcedds_c/cmake)
-- Found rosidl_adapter: 3.1.6 (/opt/ros/humble/share/rosidl_adapter/cmake)
-- Found ament_lint_auto: 0.12.11 (/opt/ros/humble/share/ament_lint_auto/cmake)
-- Found gtest sources under '/opt/ros/humble/src/gtest_vendor': C++ tests using 'Google Test' will be built
-- Added test 'copyright' to check source files copyright and LICENSE
-- Added test 'cppcheck' to perform static code analysis on C / C++ code
-- Configured cppcheck include dirs: $<BUILD_INTERFACE:/home/aajaer/microros_ws/src/uros/rmw_microxrcedds/rmw_microxrcedds_c/include>;$<BUILD_INTERFACE:/home/aajaer/microros_ws/src/uros/rmw_microxrcedds/rmw_microxrcedds_c/src>
-- Configured cppcheck exclude dirs and/or files: 
-- Added test 'cpplint' to check C / C++ code against the Google style
-- Configured cpplint exclude dirs and/or files: 
-- Added test 'lint_cmake' to check CMake code style
-- Added test 'uncrustify' to check C / C++ code style
-- Configured uncrustify additional arguments: 
-- Added test 'xmllint' to check XML markup files
-- Configuring done
-- Generating done
-- Build files have been written to: /home/aajaer/microros_ws/build/rmw_microxrcedds
[35m[1mConsolidate compiler generated dependencies of target gtest_main[0m
[35m[1mConsolidate compiler generated dependencies of target gtest[0m
[35m[1mConsolidate compiler generated dependencies of target rmw_microxrcedds[0m
[  2%] Built target gtest
[  4%] Built target gtest_main
[ 60%] Built target rmw_microxrcedds
[35m[1mConsolidate compiler generated dependencies of target test-client[0m
[35m[1mConsolidate compiler generated dependencies of target test-node[0m
[35m[1mConsolidate compiler generated dependencies of target test-service[0m
[35m[1mConsolidate compiler generated dependencies of target test-topic[0m
[35m[1mConsolidate compiler generated dependencies of target test-publisher[0m
[35m[1mConsolidate compiler generated dependencies of target test-pubsub[0m
[35m[1mConsolidate compiler generated dependencies of target test-reqres[0m
[35m[1mConsolidate compiler generated dependencies of target test-subscriber[0m
[ 64%] Built target test-client
[ 67%] Built target test-node
[ 71%] Built target test-pubsub
[ 75%] Built target test-topic
[ 78%] Built target test-publisher
[ 82%] Built target test-service
[ 85%] Built target test-reqres
[ 89%] Built target test-subscriber
[35m[1mConsolidate compiler generated dependencies of target test-rmw[0m
[35m[1mConsolidate compiler generated dependencies of target test-sizes[0m
[35m[1mConsolidate compiler generated dependencies of target test-guardcond[0m
[ 92%] Built target test-rmw
[ 96%] Built target test-sizes
[100%] Built target test-guardcond
-- Install configuration: ""
-- Execute custom install script
-- Up-to-date symlink: /home/aajaer/microros_ws/install/rmw_microxrcedds/share/rmw_microxrcedds/environment/library_path.sh
-- Up-to-date symlink: /home/aajaer/microros_ws/install/rmw_microxrcedds/share/rmw_microxrcedds/environment/library_path.dsv
-- Up-to-date symlink: /home/aajaer/microros_ws/install/rmw_microxrcedds/share/ament_index/resource_index/rmw_typesupport_c/rmw_microxrcedds
-- Up-to-date symlink: /home/aajaer/microros_ws/install/rmw_microxrcedds/share/ament_index/resource_index/rmw_typesupport/rmw_microxrcedds
-- Up-to-date symlink: /home/aajaer/microros_ws/install/rmw_microxrcedds/share/ament_index/resource_index/package_run_dependencies/rmw_microxrcedds
-- Up-to-date symlink: /home/aajaer/microros_ws/install/rmw_microxrcedds/share/ament_index/resource_index/parent_prefix_path/rmw_microxrcedds
-- Up-to-date symlink: /home/aajaer/microros_ws/install/rmw_microxrcedds/share/rmw_microxrcedds/environment/ament_prefix_path.sh
-- Up-to-date symlink: /home/aajaer/microros_ws/install/rmw_microxrcedds/share/rmw_microxrcedds/environment/ament_prefix_path.dsv
-- Up-to-date symlink: /home/aajaer/microros_ws/install/rmw_microxrcedds/share/rmw_microxrcedds/environment/path.sh
-- Up-to-date symlink: /home/aajaer/microros_ws/install/rmw_microxrcedds/share/rmw_microxrcedds/environment/path.dsv
-- Up-to-date symlink: /home/aajaer/microros_ws/install/rmw_microxrcedds/share/rmw_microxrcedds/local_setup.bash
-- Up-to-date symlink: /home/aajaer/microros_ws/install/rmw_microxrcedds/share/rmw_microxrcedds/local_setup.sh
-- Up-to-date symlink: /home/aajaer/microros_ws/install/rmw_microxrcedds/share/rmw_microxrcedds/local_setup.zsh
-- Up-to-date symlink: /home/aajaer/microros_ws/install/rmw_microxrcedds/share/rmw_microxrcedds/local_setup.dsv
-- Symlinking: /home/aajaer/microros_ws/install/rmw_microxrcedds/share/rmw_microxrcedds/package.dsv
-- Up-to-date symlink: /home/aajaer/microros_ws/install/rmw_microxrcedds/share/ament_index/resource_index/packages/rmw_microxrcedds
-- Up-to-date symlink: /home/aajaer/microros_ws/install/rmw_microxrcedds/share/rmw_microxrcedds/cmake/ament_cmake_export_include_directories-extras.cmake
-- Up-to-date symlink: /home/aajaer/microros_ws/install/rmw_microxrcedds/share/rmw_microxrcedds/cmake/ament_cmake_export_libraries-extras.cmake
-- Up-to-date symlink: /home/aajaer/microros_ws/install/rmw_microxrcedds/share/rmw_microxrcedds/cmake/ament_cmake_export_dependencies-extras.cmake
-- Up-to-date symlink: /home/aajaer/microros_ws/install/rmw_microxrcedds/share/rmw_microxrcedds/cmake/rmw_microxrceddsConfig.cmake
-- Up-to-date symlink: /home/aajaer/microros_ws/install/rmw_microxrcedds/share/rmw_microxrcedds/cmake/rmw_microxrceddsConfig-version.cmake
-- Up-to-date symlink: /home/aajaer/microros_ws/install/rmw_microxrcedds/share/rmw_microxrcedds/package.xml
-- Up-to-date symlink: /home/aajaer/microros_ws/install/rmw_microxrcedds/include/rmw_microros/continous_serialization.h
-- Up-to-date symlink: /home/aajaer/microros_ws/install/rmw_microxrcedds/include/rmw_microros/custom_transport.h
-- Up-to-date symlink: /home/aajaer/microros_ws/install/rmw_microxrcedds/include/rmw_microros/discovery.h
-- Up-to-date symlink: /home/aajaer/microros_ws/install/rmw_microxrcedds/include/rmw_microros/error_handling.h
-- Up-to-date symlink: /home/aajaer/microros_ws/install/rmw_microxrcedds/include/rmw_microros/init_options.h
-- Up-to-date symlink: /home/aajaer/microros_ws/install/rmw_microxrcedds/include/rmw_microros/ping.h
-- Up-to-date symlink: /home/aajaer/microros_ws/install/rmw_microxrcedds/include/rmw_microros/rmw_microros.h
-- Up-to-date symlink: /home/aajaer/microros_ws/install/rmw_microxrcedds/include/rmw_microros/time_sync.h
-- Up-to-date symlink: /home/aajaer/microros_ws/install/rmw_microxrcedds/include/rmw_microros/timing.h
-- Up-to-date symlink: /home/aajaer/microros_ws/install/rmw_microxrcedds/include/rmw_microxrcedds_c/rmw_c_macros.h
-- Up-to-date symlink: /home/aajaer/microros_ws/install/rmw_microxrcedds/include/rmw_microxrcedds_c/config.h
-- Up-to-date symlink: /home/aajaer/microros_ws/install/rmw_microxrcedds/lib/librmw_microxrcedds.so
