[0.184s] Invoking command in '/home/aajaer/microros_ws/build/composition_interfaces': CMAKE_PREFIX_PATH=/home/aajaer/microros_ws/install/rcl_interfaces:/home/aajaer/microros_ws/install/builtin_interfaces:/home/aajaer/microros_ws/install/micro_ros_demos_rclc:/home/aajaer/microros_ws/install/common_interfaces:/home/aajaer/microros_ws/install/visualization_msgs:/home/aajaer/microros_ws/install/test_msgs:/home/aajaer/microros_ws/install/example_interfaces:/home/aajaer/microros_ws/install/action_msgs:/home/aajaer/microros_ws/install/unique_identifier_msgs:/home/aajaer/microros_ws/install/trajectory_msgs:/home/aajaer/microros_ws/install/stereo_msgs:/home/aajaer/microros_ws/install/sllidar_ros2:/home/aajaer/microros_ws/install/std_srvs:/home/aajaer/microros_ws/install/shape_msgs:/home/aajaer/microros_ws/install/sensor_msgs:/home/aajaer/microros_ws/install/nav_msgs:/home/aajaer/microros_ws/install/diagnostic_msgs:/home/aajaer/microros_ws/install/geometry_msgs:/home/aajaer/microros_ws/install/actionlib_msgs:/home/aajaer/microros_ws/install/std_msgs:/home/aajaer/microros_ws/install/statistics_msgs:/home/aajaer/microros_ws/install/rosidl_typesupport_microxrcedds_test_msg:/home/aajaer/microros_ws/install/rosidl_typesupport_microxrcedds_cpp_tests:/home/aajaer/microros_ws/install/rmw_microxrcedds:/home/aajaer/microros_ws/install/rosidl_typesupport_microxrcedds_cpp:/home/aajaer/microros_ws/install/rosidl_typesupport_microxrcedds_c_tests:/home/aajaer/microros_ws/install/rosidl_typesupport_microxrcedds_c:/home/aajaer/microros_ws/install/rosgraph_msgs:/home/aajaer/microros_ws/install/rclc_parameter:/home/aajaer/microros_ws/install/rclc:/home/aajaer/microros_ws/install/composition_interfaces:/home/aajaer/microros_ws/install/microxrcedds_client:/home/aajaer/microros_ws/install/microcdr:/home/aajaer/microros_ws/install/micro_ros_utilities:/home/aajaer/microros_ws/install/micro_ros_setup:/home/aajaer/microros_ws/install/micro_ros_agent:/home/aajaer/microros_ws/install/micro_ros_msgs:/home/aajaer/microros_ws/install/lifecycle_msgs:/home/aajaer/microros_ws/install/complex_msgs:/opt/ros/humble:/opt/ros/humble:/home/aajaer/microros_ws/install/sensor_msgs_py:/home/aajaer/microros_ws/install/motor_control_pkg LD_LIBRARY_PATH=/home/aajaer/microros_ws/install/rcl_interfaces/lib:/home/aajaer/microros_ws/install/builtin_interfaces/lib:/home/aajaer/microros_ws/install/visualization_msgs/lib:/home/aajaer/microros_ws/install/test_msgs/lib:/home/aajaer/microros_ws/install/example_interfaces/lib:/home/aajaer/microros_ws/install/action_msgs/lib:/home/aajaer/microros_ws/install/unique_identifier_msgs/lib:/home/aajaer/microros_ws/install/trajectory_msgs/lib:/home/aajaer/microros_ws/install/stereo_msgs/lib:/home/aajaer/microros_ws/install/std_srvs/lib:/home/aajaer/microros_ws/install/shape_msgs/lib:/home/aajaer/microros_ws/install/sensor_msgs/lib:/home/aajaer/microros_ws/install/nav_msgs/lib:/home/aajaer/microros_ws/install/diagnostic_msgs/lib:/home/aajaer/microros_ws/install/geometry_msgs/lib:/home/aajaer/microros_ws/install/actionlib_msgs/lib:/home/aajaer/microros_ws/install/std_msgs/lib:/home/aajaer/microros_ws/install/statistics_msgs/lib:/home/aajaer/microros_ws/install/rosidl_typesupport_microxrcedds_test_msg/lib:/home/aajaer/microros_ws/install/rmw_microxrcedds/lib:/home/aajaer/microros_ws/install/rosidl_typesupport_microxrcedds_cpp/lib:/home/aajaer/microros_ws/install/rosidl_typesupport_microxrcedds_c/lib:/home/aajaer/microros_ws/install/rosgraph_msgs/lib:/home/aajaer/microros_ws/install/rclc_parameter/lib:/home/aajaer/microros_ws/install/rclc/lib:/home/aajaer/microros_ws/install/composition_interfaces/lib:/home/aajaer/microros_ws/install/micro_ros_utilities/lib:/home/aajaer/microros_ws/install/micro_ros_agent/lib:/home/aajaer/microros_ws/install/micro_ros_msgs/lib:/home/aajaer/microros_ws/install/lifecycle_msgs/lib:/home/aajaer/microros_ws/install/complex_msgs/lib:/opt/ros/humble/opt/rviz_ogre_vendor/lib:/opt/ros/humble/lib/aarch64-linux-gnu:/opt/ros/humble/lib /usr/bin/cmake --build /home/aajaer/microros_ws/build/composition_interfaces -- -j8 -l8
[0.512s] [  8%] Built target composition_interfaces__rosidl_generator_c
[0.526s] [ 10%] Built target composition_interfaces__cpp
[0.608s] [ 10%] Built target ament_cmake_python_symlink_composition_interfaces
[0.709s] [ 18%] Built target composition_interfaces__rosidl_typesupport_introspection_c
[0.729s] [ 27%] Built target composition_interfaces__rosidl_typesupport_c
[0.770s] [ 35%] Built target composition_interfaces__rosidl_typesupport_fastrtps_c
[0.801s] [ 44%] Built target composition_interfaces__rosidl_typesupport_microxrcedds_c
[0.893s] [ 52%] Built target composition_interfaces__rosidl_typesupport_microxrcedds_cpp
[0.971s] [ 61%] Built target composition_interfaces__rosidl_typesupport_fastrtps_cpp
[0.995s] [ 74%] Built target composition_interfaces__rosidl_typesupport_introspection_cpp
[1.010s] [ 77%] Built target composition_interfaces__rosidl_typesupport_cpp
[1.128s] [ 77%] Built target composition_interfaces
[1.216s] [ 79%] Built target composition_interfaces__py
[1.411s] [ 86%] Built target composition_interfaces__rosidl_generator_py
[1.552s] [ 89%] Built target composition_interfaces__rosidl_typesupport_introspection_c__pyext
[1.556s] [ 93%] Built target composition_interfaces__rosidl_typesupport_microxrcedds_c__pyext
[1.576s] [ 96%] Built target composition_interfaces__rosidl_typesupport_fastrtps_c__pyext
[1.583s] [100%] Built target composition_interfaces__rosidl_typesupport_c__pyext
[1.800s] running egg_info
[1.803s] writing composition_interfaces.egg-info/PKG-INFO
[1.804s] writing dependency_links to composition_interfaces.egg-info/dependency_links.txt
[1.804s] writing top-level names to composition_interfaces.egg-info/top_level.txt
[1.822s] reading manifest file 'composition_interfaces.egg-info/SOURCES.txt'
[1.840s] writing manifest file 'composition_interfaces.egg-info/SOURCES.txt'
[1.995s] [100%] Built target ament_cmake_python_build_composition_interfaces_egg
[2.099s] Invoked command in '/home/aajaer/microros_ws/build/composition_interfaces' returned '0': CMAKE_PREFIX_PATH=/home/aajaer/microros_ws/install/rcl_interfaces:/home/aajaer/microros_ws/install/builtin_interfaces:/home/aajaer/microros_ws/install/micro_ros_demos_rclc:/home/aajaer/microros_ws/install/common_interfaces:/home/aajaer/microros_ws/install/visualization_msgs:/home/aajaer/microros_ws/install/test_msgs:/home/aajaer/microros_ws/install/example_interfaces:/home/aajaer/microros_ws/install/action_msgs:/home/aajaer/microros_ws/install/unique_identifier_msgs:/home/aajaer/microros_ws/install/trajectory_msgs:/home/aajaer/microros_ws/install/stereo_msgs:/home/aajaer/microros_ws/install/sllidar_ros2:/home/aajaer/microros_ws/install/std_srvs:/home/aajaer/microros_ws/install/shape_msgs:/home/aajaer/microros_ws/install/sensor_msgs:/home/aajaer/microros_ws/install/nav_msgs:/home/aajaer/microros_ws/install/diagnostic_msgs:/home/aajaer/microros_ws/install/geometry_msgs:/home/aajaer/microros_ws/install/actionlib_msgs:/home/aajaer/microros_ws/install/std_msgs:/home/aajaer/microros_ws/install/statistics_msgs:/home/aajaer/microros_ws/install/rosidl_typesupport_microxrcedds_test_msg:/home/aajaer/microros_ws/install/rosidl_typesupport_microxrcedds_cpp_tests:/home/aajaer/microros_ws/install/rmw_microxrcedds:/home/aajaer/microros_ws/install/rosidl_typesupport_microxrcedds_cpp:/home/aajaer/microros_ws/install/rosidl_typesupport_microxrcedds_c_tests:/home/aajaer/microros_ws/install/rosidl_typesupport_microxrcedds_c:/home/aajaer/microros_ws/install/rosgraph_msgs:/home/aajaer/microros_ws/install/rclc_parameter:/home/aajaer/microros_ws/install/rclc:/home/aajaer/microros_ws/install/composition_interfaces:/home/aajaer/microros_ws/install/microxrcedds_client:/home/aajaer/microros_ws/install/microcdr:/home/aajaer/microros_ws/install/micro_ros_utilities:/home/aajaer/microros_ws/install/micro_ros_setup:/home/aajaer/microros_ws/install/micro_ros_agent:/home/aajaer/microros_ws/install/micro_ros_msgs:/home/aajaer/microros_ws/install/lifecycle_msgs:/home/aajaer/microros_ws/install/complex_msgs:/opt/ros/humble:/opt/ros/humble:/home/aajaer/microros_ws/install/sensor_msgs_py:/home/aajaer/microros_ws/install/motor_control_pkg LD_LIBRARY_PATH=/home/aajaer/microros_ws/install/rcl_interfaces/lib:/home/aajaer/microros_ws/install/builtin_interfaces/lib:/home/aajaer/microros_ws/install/visualization_msgs/lib:/home/aajaer/microros_ws/install/test_msgs/lib:/home/aajaer/microros_ws/install/example_interfaces/lib:/home/aajaer/microros_ws/install/action_msgs/lib:/home/aajaer/microros_ws/install/unique_identifier_msgs/lib:/home/aajaer/microros_ws/install/trajectory_msgs/lib:/home/aajaer/microros_ws/install/stereo_msgs/lib:/home/aajaer/microros_ws/install/std_srvs/lib:/home/aajaer/microros_ws/install/shape_msgs/lib:/home/aajaer/microros_ws/install/sensor_msgs/lib:/home/aajaer/microros_ws/install/nav_msgs/lib:/home/aajaer/microros_ws/install/diagnostic_msgs/lib:/home/aajaer/microros_ws/install/geometry_msgs/lib:/home/aajaer/microros_ws/install/actionlib_msgs/lib:/home/aajaer/microros_ws/install/std_msgs/lib:/home/aajaer/microros_ws/install/statistics_msgs/lib:/home/aajaer/microros_ws/install/rosidl_typesupport_microxrcedds_test_msg/lib:/home/aajaer/microros_ws/install/rmw_microxrcedds/lib:/home/aajaer/microros_ws/install/rosidl_typesupport_microxrcedds_cpp/lib:/home/aajaer/microros_ws/install/rosidl_typesupport_microxrcedds_c/lib:/home/aajaer/microros_ws/install/rosgraph_msgs/lib:/home/aajaer/microros_ws/install/rclc_parameter/lib:/home/aajaer/microros_ws/install/rclc/lib:/home/aajaer/microros_ws/install/composition_interfaces/lib:/home/aajaer/microros_ws/install/micro_ros_utilities/lib:/home/aajaer/microros_ws/install/micro_ros_agent/lib:/home/aajaer/microros_ws/install/micro_ros_msgs/lib:/home/aajaer/microros_ws/install/lifecycle_msgs/lib:/home/aajaer/microros_ws/install/complex_msgs/lib:/opt/ros/humble/opt/rviz_ogre_vendor/lib:/opt/ros/humble/lib/aarch64-linux-gnu:/opt/ros/humble/lib /usr/bin/cmake --build /home/aajaer/microros_ws/build/composition_interfaces -- -j8 -l8
[2.100s] Invoking command in '/home/aajaer/microros_ws/build/composition_interfaces': CMAKE_PREFIX_PATH=/home/aajaer/microros_ws/install/rcl_interfaces:/home/aajaer/microros_ws/install/builtin_interfaces:/home/aajaer/microros_ws/install/micro_ros_demos_rclc:/home/aajaer/microros_ws/install/common_interfaces:/home/aajaer/microros_ws/install/visualization_msgs:/home/aajaer/microros_ws/install/test_msgs:/home/aajaer/microros_ws/install/example_interfaces:/home/aajaer/microros_ws/install/action_msgs:/home/aajaer/microros_ws/install/unique_identifier_msgs:/home/aajaer/microros_ws/install/trajectory_msgs:/home/aajaer/microros_ws/install/stereo_msgs:/home/aajaer/microros_ws/install/sllidar_ros2:/home/aajaer/microros_ws/install/std_srvs:/home/aajaer/microros_ws/install/shape_msgs:/home/aajaer/microros_ws/install/sensor_msgs:/home/aajaer/microros_ws/install/nav_msgs:/home/aajaer/microros_ws/install/diagnostic_msgs:/home/aajaer/microros_ws/install/geometry_msgs:/home/aajaer/microros_ws/install/actionlib_msgs:/home/aajaer/microros_ws/install/std_msgs:/home/aajaer/microros_ws/install/statistics_msgs:/home/aajaer/microros_ws/install/rosidl_typesupport_microxrcedds_test_msg:/home/aajaer/microros_ws/install/rosidl_typesupport_microxrcedds_cpp_tests:/home/aajaer/microros_ws/install/rmw_microxrcedds:/home/aajaer/microros_ws/install/rosidl_typesupport_microxrcedds_cpp:/home/aajaer/microros_ws/install/rosidl_typesupport_microxrcedds_c_tests:/home/aajaer/microros_ws/install/rosidl_typesupport_microxrcedds_c:/home/aajaer/microros_ws/install/rosgraph_msgs:/home/aajaer/microros_ws/install/rclc_parameter:/home/aajaer/microros_ws/install/rclc:/home/aajaer/microros_ws/install/composition_interfaces:/home/aajaer/microros_ws/install/microxrcedds_client:/home/aajaer/microros_ws/install/microcdr:/home/aajaer/microros_ws/install/micro_ros_utilities:/home/aajaer/microros_ws/install/micro_ros_setup:/home/aajaer/microros_ws/install/micro_ros_agent:/home/aajaer/microros_ws/install/micro_ros_msgs:/home/aajaer/microros_ws/install/lifecycle_msgs:/home/aajaer/microros_ws/install/complex_msgs:/opt/ros/humble:/opt/ros/humble:/home/aajaer/microros_ws/install/sensor_msgs_py:/home/aajaer/microros_ws/install/motor_control_pkg LD_LIBRARY_PATH=/home/aajaer/microros_ws/install/rcl_interfaces/lib:/home/aajaer/microros_ws/install/builtin_interfaces/lib:/home/aajaer/microros_ws/install/visualization_msgs/lib:/home/aajaer/microros_ws/install/test_msgs/lib:/home/aajaer/microros_ws/install/example_interfaces/lib:/home/aajaer/microros_ws/install/action_msgs/lib:/home/aajaer/microros_ws/install/unique_identifier_msgs/lib:/home/aajaer/microros_ws/install/trajectory_msgs/lib:/home/aajaer/microros_ws/install/stereo_msgs/lib:/home/aajaer/microros_ws/install/std_srvs/lib:/home/aajaer/microros_ws/install/shape_msgs/lib:/home/aajaer/microros_ws/install/sensor_msgs/lib:/home/aajaer/microros_ws/install/nav_msgs/lib:/home/aajaer/microros_ws/install/diagnostic_msgs/lib:/home/aajaer/microros_ws/install/geometry_msgs/lib:/home/aajaer/microros_ws/install/actionlib_msgs/lib:/home/aajaer/microros_ws/install/std_msgs/lib:/home/aajaer/microros_ws/install/statistics_msgs/lib:/home/aajaer/microros_ws/install/rosidl_typesupport_microxrcedds_test_msg/lib:/home/aajaer/microros_ws/install/rmw_microxrcedds/lib:/home/aajaer/microros_ws/install/rosidl_typesupport_microxrcedds_cpp/lib:/home/aajaer/microros_ws/install/rosidl_typesupport_microxrcedds_c/lib:/home/aajaer/microros_ws/install/rosgraph_msgs/lib:/home/aajaer/microros_ws/install/rclc_parameter/lib:/home/aajaer/microros_ws/install/rclc/lib:/home/aajaer/microros_ws/install/composition_interfaces/lib:/home/aajaer/microros_ws/install/micro_ros_utilities/lib:/home/aajaer/microros_ws/install/micro_ros_agent/lib:/home/aajaer/microros_ws/install/micro_ros_msgs/lib:/home/aajaer/microros_ws/install/lifecycle_msgs/lib:/home/aajaer/microros_ws/install/complex_msgs/lib:/opt/ros/humble/opt/rviz_ogre_vendor/lib:/opt/ros/humble/lib/aarch64-linux-gnu:/opt/ros/humble/lib /usr/bin/cmake --install /home/aajaer/microros_ws/build/composition_interfaces
[2.114s] -- Install configuration: ""
[2.115s] -- Execute custom install script
[2.115s] -- Up-to-date symlink: /home/aajaer/microros_ws/install/composition_interfaces/share/ament_index/resource_index/rosidl_interfaces/composition_interfaces
[2.122s] -- Up-to-date symlink: /home/aajaer/microros_ws/install/composition_interfaces/include/composition_interfaces/composition_interfaces/msg/rosidl_generator_c__visibility_control.h
[2.122s] -- Up-to-date symlink: /home/aajaer/microros_ws/install/composition_interfaces/include/composition_interfaces/composition_interfaces/srv/detail/list_nodes__functions.h
[2.122s] -- Up-to-date symlink: /home/aajaer/microros_ws/install/composition_interfaces/include/composition_interfaces/composition_interfaces/srv/detail/list_nodes__struct.h
[2.122s] -- Up-to-date symlink: /home/aajaer/microros_ws/install/composition_interfaces/include/composition_interfaces/composition_interfaces/srv/detail/list_nodes__type_support.h
[2.122s] -- Up-to-date symlink: /home/aajaer/microros_ws/install/composition_interfaces/include/composition_interfaces/composition_interfaces/srv/detail/load_node__functions.h
[2.123s] -- Up-to-date symlink: /home/aajaer/microros_ws/install/composition_interfaces/include/composition_interfaces/composition_interfaces/srv/detail/load_node__struct.h
[2.123s] -- Up-to-date symlink: /home/aajaer/microros_ws/install/composition_interfaces/include/composition_interfaces/composition_interfaces/srv/detail/load_node__type_support.h
[2.123s] -- Up-to-date symlink: /home/aajaer/microros_ws/install/composition_interfaces/include/composition_interfaces/composition_interfaces/srv/detail/unload_node__functions.h
[2.123s] -- Up-to-date symlink: /home/aajaer/microros_ws/install/composition_interfaces/include/composition_interfaces/composition_interfaces/srv/detail/unload_node__struct.h
[2.123s] -- Up-to-date symlink: /home/aajaer/microros_ws/install/composition_interfaces/include/composition_interfaces/composition_interfaces/srv/detail/unload_node__type_support.h
[2.123s] -- Up-to-date symlink: /home/aajaer/microros_ws/install/composition_interfaces/include/composition_interfaces/composition_interfaces/srv/list_nodes.h
[2.124s] -- Up-to-date symlink: /home/aajaer/microros_ws/install/composition_interfaces/include/composition_interfaces/composition_interfaces/srv/load_node.h
[2.124s] -- Up-to-date symlink: /home/aajaer/microros_ws/install/composition_interfaces/include/composition_interfaces/composition_interfaces/srv/unload_node.h
[2.124s] -- Up-to-date symlink: /home/aajaer/microros_ws/install/composition_interfaces/share/composition_interfaces/environment/library_path.sh
[2.124s] -- Up-to-date symlink: /home/aajaer/microros_ws/install/composition_interfaces/share/composition_interfaces/environment/library_path.dsv
[2.124s] -- Up-to-date symlink: /home/aajaer/microros_ws/install/composition_interfaces/include/composition_interfaces/msg/rosidl_typesupport_microxrcedds_c__visibility_control.h
[2.125s] -- Up-to-date symlink: /home/aajaer/microros_ws/install/composition_interfaces/include/composition_interfaces/srv/detail/list_nodes__rosidl_typesupport_microxrcedds_c.h
[2.125s] -- Up-to-date symlink: /home/aajaer/microros_ws/install/composition_interfaces/include/composition_interfaces/srv/detail/load_node__rosidl_typesupport_microxrcedds_c.h
[2.125s] -- Up-to-date symlink: /home/aajaer/microros_ws/install/composition_interfaces/include/composition_interfaces/srv/detail/unload_node__rosidl_typesupport_microxrcedds_c.h
[2.125s] -- Up-to-date symlink: /home/aajaer/microros_ws/install/composition_interfaces/lib/libcomposition_interfaces__rosidl_typesupport_microxrcedds_c.a
[2.125s] -- Up-to-date symlink: /home/aajaer/microros_ws/install/composition_interfaces/include/composition_interfaces/composition_interfaces/msg/rosidl_typesupport_fastrtps_c__visibility_control.h
[2.125s] -- Up-to-date symlink: /home/aajaer/microros_ws/install/composition_interfaces/include/composition_interfaces/composition_interfaces/srv/detail/list_nodes__rosidl_typesupport_fastrtps_c.h
[2.126s] -- Up-to-date symlink: /home/aajaer/microros_ws/install/composition_interfaces/include/composition_interfaces/composition_interfaces/srv/detail/load_node__rosidl_typesupport_fastrtps_c.h
[2.126s] -- Up-to-date symlink: /home/aajaer/microros_ws/install/composition_interfaces/include/composition_interfaces/composition_interfaces/srv/detail/unload_node__rosidl_typesupport_fastrtps_c.h
[2.126s] -- Up-to-date symlink: /home/aajaer/microros_ws/install/composition_interfaces/include/composition_interfaces/composition_interfaces/msg/rosidl_typesupport_introspection_c__visibility_control.h
[2.126s] -- Up-to-date symlink: /home/aajaer/microros_ws/install/composition_interfaces/include/composition_interfaces/composition_interfaces/srv/detail/list_nodes__rosidl_typesupport_introspection_c.h
[2.126s] -- Up-to-date symlink: /home/aajaer/microros_ws/install/composition_interfaces/include/composition_interfaces/composition_interfaces/srv/detail/load_node__rosidl_typesupport_introspection_c.h
[2.126s] -- Up-to-date symlink: /home/aajaer/microros_ws/install/composition_interfaces/include/composition_interfaces/composition_interfaces/srv/detail/unload_node__rosidl_typesupport_introspection_c.h
[2.127s] -- Up-to-date symlink: /home/aajaer/microros_ws/install/composition_interfaces/include/composition_interfaces/composition_interfaces/msg/rosidl_generator_cpp__visibility_control.hpp
[2.127s] -- Up-to-date symlink: /home/aajaer/microros_ws/install/composition_interfaces/include/composition_interfaces/composition_interfaces/srv/detail/list_nodes__builder.hpp
[2.127s] -- Up-to-date symlink: /home/aajaer/microros_ws/install/composition_interfaces/include/composition_interfaces/composition_interfaces/srv/detail/list_nodes__struct.hpp
[2.127s] -- Up-to-date symlink: /home/aajaer/microros_ws/install/composition_interfaces/include/composition_interfaces/composition_interfaces/srv/detail/list_nodes__traits.hpp
[2.127s] -- Up-to-date symlink: /home/aajaer/microros_ws/install/composition_interfaces/include/composition_interfaces/composition_interfaces/srv/detail/list_nodes__type_support.hpp
[2.127s] -- Up-to-date symlink: /home/aajaer/microros_ws/install/composition_interfaces/include/composition_interfaces/composition_interfaces/srv/detail/load_node__builder.hpp
[2.128s] -- Up-to-date symlink: /home/aajaer/microros_ws/install/composition_interfaces/include/composition_interfaces/composition_interfaces/srv/detail/load_node__struct.hpp
[2.128s] -- Up-to-date symlink: /home/aajaer/microros_ws/install/composition_interfaces/include/composition_interfaces/composition_interfaces/srv/detail/load_node__traits.hpp
[2.128s] -- Up-to-date symlink: /home/aajaer/microros_ws/install/composition_interfaces/include/composition_interfaces/composition_interfaces/srv/detail/load_node__type_support.hpp
[2.128s] -- Up-to-date symlink: /home/aajaer/microros_ws/install/composition_interfaces/include/composition_interfaces/composition_interfaces/srv/detail/unload_node__builder.hpp
[2.128s] -- Up-to-date symlink: /home/aajaer/microros_ws/install/composition_interfaces/include/composition_interfaces/composition_interfaces/srv/detail/unload_node__struct.hpp
[2.128s] -- Up-to-date symlink: /home/aajaer/microros_ws/install/composition_interfaces/include/composition_interfaces/composition_interfaces/srv/detail/unload_node__traits.hpp
[2.129s] -- Up-to-date symlink: /home/aajaer/microros_ws/install/composition_interfaces/include/composition_interfaces/composition_interfaces/srv/detail/unload_node__type_support.hpp
[2.129s] -- Up-to-date symlink: /home/aajaer/microros_ws/install/composition_interfaces/include/composition_interfaces/composition_interfaces/srv/list_nodes.hpp
[2.129s] -- Up-to-date symlink: /home/aajaer/microros_ws/install/composition_interfaces/include/composition_interfaces/composition_interfaces/srv/load_node.hpp
[2.129s] -- Up-to-date symlink: /home/aajaer/microros_ws/install/composition_interfaces/include/composition_interfaces/composition_interfaces/srv/unload_node.hpp
[2.129s] -- Up-to-date symlink: /home/aajaer/microros_ws/install/composition_interfaces/include/composition_interfaces/msg/rosidl_typesupport_microxrcedds_cpp__visibility_control.h
[2.134s] -- Up-to-date symlink: /home/aajaer/microros_ws/install/composition_interfaces/include/composition_interfaces/srv/detail/list_nodes__rosidl_typesupport_microxrcedds_cpp.hpp
[2.153s] -- Up-to-date symlink: /home/aajaer/microros_ws/install/composition_interfaces/include/composition_interfaces/srv/detail/load_node__rosidl_typesupport_microxrcedds_cpp.hpp
[2.153s] -- Up-to-date symlink: /home/aajaer/microros_ws/install/composition_interfaces/include/composition_interfaces/srv/detail/microxrcedds/list_nodes__type_support_cpp.cpp
[2.153s] -- Up-to-date symlink: /home/aajaer/microros_ws/install/composition_interfaces/include/composition_interfaces/srv/detail/microxrcedds/load_node__type_support_cpp.cpp
[2.154s] -- Up-to-date symlink: /home/aajaer/microros_ws/install/composition_interfaces/include/composition_interfaces/srv/detail/microxrcedds/unload_node__type_support_cpp.cpp
[2.154s] -- Up-to-date symlink: /home/aajaer/microros_ws/install/composition_interfaces/include/composition_interfaces/srv/detail/unload_node__rosidl_typesupport_microxrcedds_cpp.hpp
[2.154s] -- Up-to-date symlink: /home/aajaer/microros_ws/install/composition_interfaces/lib/libcomposition_interfaces__rosidl_typesupport_microxrcedds_cpp.a
[2.154s] -- Up-to-date symlink: /home/aajaer/microros_ws/install/composition_interfaces/include/composition_interfaces/composition_interfaces/msg/rosidl_typesupport_fastrtps_cpp__visibility_control.h
[2.160s] -- Up-to-date symlink: /home/aajaer/microros_ws/install/composition_interfaces/include/composition_interfaces/composition_interfaces/srv/detail/list_nodes__rosidl_typesupport_fastrtps_cpp.hpp
[2.160s] -- Up-to-date symlink: /home/aajaer/microros_ws/install/composition_interfaces/include/composition_interfaces/composition_interfaces/srv/detail/load_node__rosidl_typesupport_fastrtps_cpp.hpp
[2.160s] -- Up-to-date symlink: /home/aajaer/microros_ws/install/composition_interfaces/include/composition_interfaces/composition_interfaces/srv/detail/unload_node__rosidl_typesupport_fastrtps_cpp.hpp
[2.161s] -- Up-to-date symlink: /home/aajaer/microros_ws/install/composition_interfaces/include/composition_interfaces/composition_interfaces/srv/detail/list_nodes__rosidl_typesupport_introspection_cpp.hpp
[2.161s] -- Up-to-date symlink: /home/aajaer/microros_ws/install/composition_interfaces/include/composition_interfaces/composition_interfaces/srv/detail/load_node__rosidl_typesupport_introspection_cpp.hpp
[2.161s] -- Up-to-date symlink: /home/aajaer/microros_ws/install/composition_interfaces/include/composition_interfaces/composition_interfaces/srv/detail/unload_node__rosidl_typesupport_introspection_cpp.hpp
[2.161s] -- Up-to-date symlink: /home/aajaer/microros_ws/install/composition_interfaces/share/composition_interfaces/environment/pythonpath.sh
[2.162s] -- Up-to-date symlink: /home/aajaer/microros_ws/install/composition_interfaces/share/composition_interfaces/environment/pythonpath.dsv
[2.163s] -- Up-to-date symlink: /home/aajaer/microros_ws/install/composition_interfaces/local/lib/python3.10/dist-packages/composition_interfaces-1.2.1-py3.10.egg-info/PKG-INFO
[2.163s] -- Up-to-date symlink: /home/aajaer/microros_ws/install/composition_interfaces/local/lib/python3.10/dist-packages/composition_interfaces-1.2.1-py3.10.egg-info/SOURCES.txt
[2.163s] -- Up-to-date symlink: /home/aajaer/microros_ws/install/composition_interfaces/local/lib/python3.10/dist-packages/composition_interfaces-1.2.1-py3.10.egg-info/dependency_links.txt
[2.163s] -- Up-to-date symlink: /home/aajaer/microros_ws/install/composition_interfaces/local/lib/python3.10/dist-packages/composition_interfaces-1.2.1-py3.10.egg-info/top_level.txt
[2.164s] -- Up-to-date symlink: /home/aajaer/microros_ws/install/composition_interfaces/local/lib/python3.10/dist-packages/composition_interfaces/__init__.py
[2.164s] -- Up-to-date symlink: /home/aajaer/microros_ws/install/composition_interfaces/local/lib/python3.10/dist-packages/composition_interfaces/_composition_interfaces_s.ep.rosidl_typesupport_c.c
[2.165s] -- Up-to-date symlink: /home/aajaer/microros_ws/install/composition_interfaces/local/lib/python3.10/dist-packages/composition_interfaces/_composition_interfaces_s.ep.rosidl_typesupport_fastrtps_c.c
[2.167s] -- Up-to-date symlink: /home/aajaer/microros_ws/install/composition_interfaces/local/lib/python3.10/dist-packages/composition_interfaces/_composition_interfaces_s.ep.rosidl_typesupport_introspection_c.c
[2.167s] -- Up-to-date symlink: /home/aajaer/microros_ws/install/composition_interfaces/local/lib/python3.10/dist-packages/composition_interfaces/_composition_interfaces_s.ep.rosidl_typesupport_microxrcedds_c.c
[2.173s] -- Up-to-date symlink: /home/aajaer/microros_ws/install/composition_interfaces/local/lib/python3.10/dist-packages/composition_interfaces/composition_interfaces_s__rosidl_typesupport_c.cpython-310-aarch64-linux-gnu.so
[2.174s] -- Up-to-date symlink: /home/aajaer/microros_ws/install/composition_interfaces/local/lib/python3.10/dist-packages/composition_interfaces/composition_interfaces_s__rosidl_typesupport_fastrtps_c.cpython-310-aarch64-linux-gnu.so
[2.174s] -- Up-to-date symlink: /home/aajaer/microros_ws/install/composition_interfaces/local/lib/python3.10/dist-packages/composition_interfaces/composition_interfaces_s__rosidl_typesupport_introspection_c.cpython-310-aarch64-linux-gnu.so
[2.174s] -- Up-to-date symlink: /home/aajaer/microros_ws/install/composition_interfaces/local/lib/python3.10/dist-packages/composition_interfaces/composition_interfaces_s__rosidl_typesupport_microxrcedds_c.cpython-310-aarch64-linux-gnu.so
[2.175s] -- Up-to-date symlink: /home/aajaer/microros_ws/install/composition_interfaces/local/lib/python3.10/dist-packages/composition_interfaces/libcomposition_interfaces__rosidl_generator_py.so
[2.177s] -- Up-to-date symlink: /home/aajaer/microros_ws/install/composition_interfaces/local/lib/python3.10/dist-packages/composition_interfaces/srv/__init__.py
[2.178s] -- Up-to-date symlink: /home/aajaer/microros_ws/install/composition_interfaces/local/lib/python3.10/dist-packages/composition_interfaces/srv/_list_nodes.py
[2.181s] -- Up-to-date symlink: /home/aajaer/microros_ws/install/composition_interfaces/local/lib/python3.10/dist-packages/composition_interfaces/srv/_list_nodes_s.c
[2.181s] -- Up-to-date symlink: /home/aajaer/microros_ws/install/composition_interfaces/local/lib/python3.10/dist-packages/composition_interfaces/srv/_load_node.py
[2.182s] -- Up-to-date symlink: /home/aajaer/microros_ws/install/composition_interfaces/local/lib/python3.10/dist-packages/composition_interfaces/srv/_load_node_s.c
[2.182s] -- Up-to-date symlink: /home/aajaer/microros_ws/install/composition_interfaces/local/lib/python3.10/dist-packages/composition_interfaces/srv/_unload_node.py
[2.183s] -- Up-to-date symlink: /home/aajaer/microros_ws/install/composition_interfaces/local/lib/python3.10/dist-packages/composition_interfaces/srv/_unload_node_s.c
[2.183s] -- Up-to-date symlink: /home/aajaer/microros_ws/install/composition_interfaces/local/lib/python3.10/dist-packages/composition_interfaces/composition_interfaces_s__rosidl_typesupport_microxrcedds_c.cpython-310-aarch64-linux-gnu.so
[2.188s] -- Up-to-date symlink: /home/aajaer/microros_ws/install/composition_interfaces/local/lib/python3.10/dist-packages/composition_interfaces/composition_interfaces_s__rosidl_typesupport_fastrtps_c.cpython-310-aarch64-linux-gnu.so
[2.189s] -- Up-to-date symlink: /home/aajaer/microros_ws/install/composition_interfaces/local/lib/python3.10/dist-packages/composition_interfaces/composition_interfaces_s__rosidl_typesupport_introspection_c.cpython-310-aarch64-linux-gnu.so
[2.189s] -- Up-to-date symlink: /home/aajaer/microros_ws/install/composition_interfaces/local/lib/python3.10/dist-packages/composition_interfaces/composition_interfaces_s__rosidl_typesupport_c.cpython-310-aarch64-linux-gnu.so
[2.189s] -- Up-to-date symlink: /home/aajaer/microros_ws/install/composition_interfaces/share/composition_interfaces/srv/LoadNode.idl
[2.190s] -- Up-to-date symlink: /home/aajaer/microros_ws/install/composition_interfaces/share/composition_interfaces/srv/ListNodes.idl
[2.190s] -- Up-to-date symlink: /home/aajaer/microros_ws/install/composition_interfaces/share/composition_interfaces/srv/UnloadNode.idl
[2.190s] -- Up-to-date symlink: /home/aajaer/microros_ws/install/composition_interfaces/share/composition_interfaces/srv/LoadNode.srv
[2.190s] -- Up-to-date symlink: /home/aajaer/microros_ws/install/composition_interfaces/share/composition_interfaces/srv/LoadNode_Request.msg
[2.191s] -- Up-to-date symlink: /home/aajaer/microros_ws/install/composition_interfaces/share/composition_interfaces/srv/LoadNode_Response.msg
[2.191s] -- Up-to-date symlink: /home/aajaer/microros_ws/install/composition_interfaces/share/composition_interfaces/srv/ListNodes.srv
[2.191s] -- Up-to-date symlink: /home/aajaer/microros_ws/install/composition_interfaces/share/composition_interfaces/srv/ListNodes_Request.msg
[2.191s] -- Up-to-date symlink: /home/aajaer/microros_ws/install/composition_interfaces/share/composition_interfaces/srv/ListNodes_Response.msg
[2.191s] -- Up-to-date symlink: /home/aajaer/microros_ws/install/composition_interfaces/share/composition_interfaces/srv/UnloadNode.srv
[2.192s] -- Up-to-date symlink: /home/aajaer/microros_ws/install/composition_interfaces/share/composition_interfaces/srv/UnloadNode_Request.msg
[2.192s] -- Up-to-date symlink: /home/aajaer/microros_ws/install/composition_interfaces/share/composition_interfaces/srv/UnloadNode_Response.msg
[2.192s] -- Up-to-date symlink: /home/aajaer/microros_ws/install/composition_interfaces/share/ament_index/resource_index/package_run_dependencies/composition_interfaces
[2.192s] -- Up-to-date symlink: /home/aajaer/microros_ws/install/composition_interfaces/share/ament_index/resource_index/parent_prefix_path/composition_interfaces
[2.192s] -- Up-to-date symlink: /home/aajaer/microros_ws/install/composition_interfaces/share/composition_interfaces/environment/ament_prefix_path.sh
[2.192s] -- Up-to-date symlink: /home/aajaer/microros_ws/install/composition_interfaces/share/composition_interfaces/environment/ament_prefix_path.dsv
[2.193s] -- Up-to-date symlink: /home/aajaer/microros_ws/install/composition_interfaces/share/composition_interfaces/environment/path.sh
[2.193s] -- Up-to-date symlink: /home/aajaer/microros_ws/install/composition_interfaces/share/composition_interfaces/environment/path.dsv
[2.193s] -- Up-to-date symlink: /home/aajaer/microros_ws/install/composition_interfaces/share/composition_interfaces/local_setup.bash
[2.193s] -- Up-to-date symlink: /home/aajaer/microros_ws/install/composition_interfaces/share/composition_interfaces/local_setup.sh
[2.193s] -- Up-to-date symlink: /home/aajaer/microros_ws/install/composition_interfaces/share/composition_interfaces/local_setup.zsh
[2.194s] -- Up-to-date symlink: /home/aajaer/microros_ws/install/composition_interfaces/share/composition_interfaces/local_setup.dsv
[2.194s] -- Symlinking: /home/aajaer/microros_ws/install/composition_interfaces/share/composition_interfaces/package.dsv
[2.239s] -- Up-to-date symlink: /home/aajaer/microros_ws/install/composition_interfaces/share/ament_index/resource_index/packages/composition_interfaces
[2.240s] -- Up-to-date symlink: /home/aajaer/microros_ws/install/composition_interfaces/share/composition_interfaces/cmake/rosidl_cmake-extras.cmake
[2.242s] -- Up-to-date symlink: /home/aajaer/microros_ws/install/composition_interfaces/share/composition_interfaces/cmake/ament_cmake_export_dependencies-extras.cmake
[2.244s] -- Up-to-date symlink: /home/aajaer/microros_ws/install/composition_interfaces/share/composition_interfaces/cmake/ament_cmake_export_include_directories-extras.cmake
[2.245s] -- Up-to-date symlink: /home/aajaer/microros_ws/install/composition_interfaces/share/composition_interfaces/cmake/ament_cmake_export_libraries-extras.cmake
[2.246s] -- Up-to-date symlink: /home/aajaer/microros_ws/install/composition_interfaces/share/composition_interfaces/cmake/ament_cmake_export_targets-extras.cmake
[2.247s] -- Up-to-date symlink: /home/aajaer/microros_ws/install/composition_interfaces/share/composition_interfaces/cmake/rosidl_cmake_export_typesupport_targets-extras.cmake
[2.248s] -- Up-to-date symlink: /home/aajaer/microros_ws/install/composition_interfaces/share/composition_interfaces/cmake/rosidl_cmake_export_typesupport_libraries-extras.cmake
[2.250s] -- Up-to-date symlink: /home/aajaer/microros_ws/install/composition_interfaces/share/composition_interfaces/cmake/composition_interfacesConfig.cmake
[2.251s] -- Up-to-date symlink: /home/aajaer/microros_ws/install/composition_interfaces/share/composition_interfaces/cmake/composition_interfacesConfig-version.cmake
[2.251s] -- Up-to-date symlink: /home/aajaer/microros_ws/install/composition_interfaces/share/composition_interfaces/package.xml
[2.253s] -- Up-to-date: /home/aajaer/microros_ws/install/composition_interfaces/lib/libcomposition_interfaces__rosidl_generator_c.so
[2.253s] -- Up-to-date: /home/aajaer/microros_ws/install/composition_interfaces/lib/libcomposition_interfaces__rosidl_typesupport_fastrtps_c.so
[2.256s] -- Up-to-date: /home/aajaer/microros_ws/install/composition_interfaces/lib/libcomposition_interfaces__rosidl_typesupport_introspection_c.so
[2.257s] -- Up-to-date: /home/aajaer/microros_ws/install/composition_interfaces/lib/libcomposition_interfaces__rosidl_typesupport_c.so
[2.259s] -- Up-to-date: /home/aajaer/microros_ws/install/composition_interfaces/lib/libcomposition_interfaces__rosidl_typesupport_fastrtps_cpp.so
[2.259s] -- Up-to-date: /home/aajaer/microros_ws/install/composition_interfaces/lib/libcomposition_interfaces__rosidl_typesupport_introspection_cpp.so
[2.260s] -- Up-to-date: /home/aajaer/microros_ws/install/composition_interfaces/lib/libcomposition_interfaces__rosidl_typesupport_cpp.so
[2.456s] Listing '/home/aajaer/microros_ws/install/composition_interfaces/local/lib/python3.10/dist-packages/composition_interfaces'...
[2.457s] Listing '/home/aajaer/microros_ws/install/composition_interfaces/local/lib/python3.10/dist-packages/composition_interfaces/srv'...
[2.458s] -- Up-to-date: /home/aajaer/microros_ws/install/composition_interfaces/lib/libcomposition_interfaces__rosidl_generator_py.so
[2.458s] -- Up-to-date: /home/aajaer/microros_ws/install/composition_interfaces/share/composition_interfaces/cmake/export_composition_interfaces__rosidl_generator_cExport.cmake
[2.459s] -- Up-to-date: /home/aajaer/microros_ws/install/composition_interfaces/share/composition_interfaces/cmake/export_composition_interfaces__rosidl_generator_cExport-noconfig.cmake
[2.459s] -- Up-to-date: /home/aajaer/microros_ws/install/composition_interfaces/share/composition_interfaces/cmake/export_composition_interfaces__rosidl_typesupport_fastrtps_cExport.cmake
[2.459s] -- Up-to-date: /home/aajaer/microros_ws/install/composition_interfaces/share/composition_interfaces/cmake/export_composition_interfaces__rosidl_typesupport_fastrtps_cExport-noconfig.cmake
[2.460s] -- Up-to-date: /home/aajaer/microros_ws/install/composition_interfaces/share/composition_interfaces/cmake/composition_interfaces__rosidl_typesupport_introspection_cExport.cmake
[2.460s] -- Up-to-date: /home/aajaer/microros_ws/install/composition_interfaces/share/composition_interfaces/cmake/composition_interfaces__rosidl_typesupport_introspection_cExport-noconfig.cmake
[2.460s] -- Up-to-date: /home/aajaer/microros_ws/install/composition_interfaces/share/composition_interfaces/cmake/composition_interfaces__rosidl_typesupport_cExport.cmake
[2.461s] -- Up-to-date: /home/aajaer/microros_ws/install/composition_interfaces/share/composition_interfaces/cmake/composition_interfaces__rosidl_typesupport_cExport-noconfig.cmake
[2.461s] -- Up-to-date: /home/aajaer/microros_ws/install/composition_interfaces/share/composition_interfaces/cmake/export_composition_interfaces__rosidl_generator_cppExport.cmake
[2.461s] -- Up-to-date: /home/aajaer/microros_ws/install/composition_interfaces/share/composition_interfaces/cmake/export_composition_interfaces__rosidl_typesupport_fastrtps_cppExport.cmake
[2.462s] -- Up-to-date: /home/aajaer/microros_ws/install/composition_interfaces/share/composition_interfaces/cmake/export_composition_interfaces__rosidl_typesupport_fastrtps_cppExport-noconfig.cmake
[2.462s] -- Up-to-date: /home/aajaer/microros_ws/install/composition_interfaces/share/composition_interfaces/cmake/composition_interfaces__rosidl_typesupport_introspection_cppExport.cmake
[2.463s] -- Up-to-date: /home/aajaer/microros_ws/install/composition_interfaces/share/composition_interfaces/cmake/composition_interfaces__rosidl_typesupport_introspection_cppExport-noconfig.cmake
[2.463s] -- Up-to-date: /home/aajaer/microros_ws/install/composition_interfaces/share/composition_interfaces/cmake/composition_interfaces__rosidl_typesupport_cppExport.cmake
[2.463s] -- Up-to-date: /home/aajaer/microros_ws/install/composition_interfaces/share/composition_interfaces/cmake/composition_interfaces__rosidl_typesupport_cppExport-noconfig.cmake
[2.464s] -- Up-to-date: /home/aajaer/microros_ws/install/composition_interfaces/share/composition_interfaces/cmake/export_composition_interfaces__rosidl_generator_pyExport.cmake
[2.464s] -- Up-to-date: /home/aajaer/microros_ws/install/composition_interfaces/share/composition_interfaces/cmake/export_composition_interfaces__rosidl_generator_pyExport-noconfig.cmake
[2.472s] Invoked command in '/home/aajaer/microros_ws/build/composition_interfaces' returned '0': CMAKE_PREFIX_PATH=/home/aajaer/microros_ws/install/rcl_interfaces:/home/aajaer/microros_ws/install/builtin_interfaces:/home/aajaer/microros_ws/install/micro_ros_demos_rclc:/home/aajaer/microros_ws/install/common_interfaces:/home/aajaer/microros_ws/install/visualization_msgs:/home/aajaer/microros_ws/install/test_msgs:/home/aajaer/microros_ws/install/example_interfaces:/home/aajaer/microros_ws/install/action_msgs:/home/aajaer/microros_ws/install/unique_identifier_msgs:/home/aajaer/microros_ws/install/trajectory_msgs:/home/aajaer/microros_ws/install/stereo_msgs:/home/aajaer/microros_ws/install/sllidar_ros2:/home/aajaer/microros_ws/install/std_srvs:/home/aajaer/microros_ws/install/shape_msgs:/home/aajaer/microros_ws/install/sensor_msgs:/home/aajaer/microros_ws/install/nav_msgs:/home/aajaer/microros_ws/install/diagnostic_msgs:/home/aajaer/microros_ws/install/geometry_msgs:/home/aajaer/microros_ws/install/actionlib_msgs:/home/aajaer/microros_ws/install/std_msgs:/home/aajaer/microros_ws/install/statistics_msgs:/home/aajaer/microros_ws/install/rosidl_typesupport_microxrcedds_test_msg:/home/aajaer/microros_ws/install/rosidl_typesupport_microxrcedds_cpp_tests:/home/aajaer/microros_ws/install/rmw_microxrcedds:/home/aajaer/microros_ws/install/rosidl_typesupport_microxrcedds_cpp:/home/aajaer/microros_ws/install/rosidl_typesupport_microxrcedds_c_tests:/home/aajaer/microros_ws/install/rosidl_typesupport_microxrcedds_c:/home/aajaer/microros_ws/install/rosgraph_msgs:/home/aajaer/microros_ws/install/rclc_parameter:/home/aajaer/microros_ws/install/rclc:/home/aajaer/microros_ws/install/composition_interfaces:/home/aajaer/microros_ws/install/microxrcedds_client:/home/aajaer/microros_ws/install/microcdr:/home/aajaer/microros_ws/install/micro_ros_utilities:/home/aajaer/microros_ws/install/micro_ros_setup:/home/aajaer/microros_ws/install/micro_ros_agent:/home/aajaer/microros_ws/install/micro_ros_msgs:/home/aajaer/microros_ws/install/lifecycle_msgs:/home/aajaer/microros_ws/install/complex_msgs:/opt/ros/humble:/opt/ros/humble:/home/aajaer/microros_ws/install/sensor_msgs_py:/home/aajaer/microros_ws/install/motor_control_pkg LD_LIBRARY_PATH=/home/aajaer/microros_ws/install/rcl_interfaces/lib:/home/aajaer/microros_ws/install/builtin_interfaces/lib:/home/aajaer/microros_ws/install/visualization_msgs/lib:/home/aajaer/microros_ws/install/test_msgs/lib:/home/aajaer/microros_ws/install/example_interfaces/lib:/home/aajaer/microros_ws/install/action_msgs/lib:/home/aajaer/microros_ws/install/unique_identifier_msgs/lib:/home/aajaer/microros_ws/install/trajectory_msgs/lib:/home/aajaer/microros_ws/install/stereo_msgs/lib:/home/aajaer/microros_ws/install/std_srvs/lib:/home/aajaer/microros_ws/install/shape_msgs/lib:/home/aajaer/microros_ws/install/sensor_msgs/lib:/home/aajaer/microros_ws/install/nav_msgs/lib:/home/aajaer/microros_ws/install/diagnostic_msgs/lib:/home/aajaer/microros_ws/install/geometry_msgs/lib:/home/aajaer/microros_ws/install/actionlib_msgs/lib:/home/aajaer/microros_ws/install/std_msgs/lib:/home/aajaer/microros_ws/install/statistics_msgs/lib:/home/aajaer/microros_ws/install/rosidl_typesupport_microxrcedds_test_msg/lib:/home/aajaer/microros_ws/install/rmw_microxrcedds/lib:/home/aajaer/microros_ws/install/rosidl_typesupport_microxrcedds_cpp/lib:/home/aajaer/microros_ws/install/rosidl_typesupport_microxrcedds_c/lib:/home/aajaer/microros_ws/install/rosgraph_msgs/lib:/home/aajaer/microros_ws/install/rclc_parameter/lib:/home/aajaer/microros_ws/install/rclc/lib:/home/aajaer/microros_ws/install/composition_interfaces/lib:/home/aajaer/microros_ws/install/micro_ros_utilities/lib:/home/aajaer/microros_ws/install/micro_ros_agent/lib:/home/aajaer/microros_ws/install/micro_ros_msgs/lib:/home/aajaer/microros_ws/install/lifecycle_msgs/lib:/home/aajaer/microros_ws/install/complex_msgs/lib:/opt/ros/humble/opt/rviz_ogre_vendor/lib:/opt/ros/humble/lib/aarch64-linux-gnu:/opt/ros/humble/lib /usr/bin/cmake --install /home/aajaer/microros_ws/build/composition_interfaces
