[2.057s] Invoking command in '/home/aajaer/microros_ws/build/motor_control_pkg': AMENT_PREFIX_PATH=/home/aajaer/microros_ws/install/sensor_msgs:/home/aajaer/microros_ws/install/geometry_msgs:/home/aajaer/microros_ws/install/std_msgs:/home/aajaer/microros_ws/install/builtin_interfaces:${AMENT_PREFIX_PATH} CMAKE_PREFIX_PATH=/home/aajaer/microros_ws/install/sensor_msgs:/home/aajaer/microros_ws/install/geometry_msgs:/home/aajaer/microros_ws/install/std_msgs:/home/aajaer/microros_ws/install/builtin_interfaces:/opt/ros/humble:/opt/ros/humble LD_LIBRARY_PATH=/home/aajaer/microros_ws/install/sensor_msgs/lib:/home/aajaer/microros_ws/install/geometry_msgs/lib:/home/aajaer/microros_ws/install/std_msgs/lib:/home/aajaer/microros_ws/install/builtin_interfaces/lib:/opt/ros/humble/opt/rviz_ogre_vendor/lib:/opt/ros/humble/lib/aarch64-linux-gnu:/opt/ros/humble/lib PYTHONPATH=/home/aajaer/microros_ws/build/motor_control_pkg/prefix_override:/usr/lib/python3/dist-packages/colcon_core/task/python/colcon_distutils_commands:/home/aajaer/microros_ws/install/motor_control_pkg/lib/python3.10/site-packages:/home/aajaer/microros_ws/install/sensor_msgs/local/lib/python3.10/dist-packages:/home/aajaer/microros_ws/install/geometry_msgs/local/lib/python3.10/dist-packages:/home/aajaer/microros_ws/install/std_msgs/local/lib/python3.10/dist-packages:/home/aajaer/microros_ws/install/builtin_interfaces/local/lib/python3.10/dist-packages:${PYTHONPATH} /usr/bin/python3 -W ignore:setup.py install is deprecated -W ignore:easy_install command is deprecated setup.py develop --editable --build-directory /home/aajaer/microros_ws/build/motor_control_pkg/build --no-deps symlink_data
[2.645s] running develop
[3.016s] running egg_info
[3.016s] creating motor_control_pkg.egg-info
[3.017s] writing motor_control_pkg.egg-info/PKG-INFO
[3.017s] writing dependency_links to motor_control_pkg.egg-info/dependency_links.txt
[3.017s] writing entry points to motor_control_pkg.egg-info/entry_points.txt
[3.018s] writing requirements to motor_control_pkg.egg-info/requires.txt
[3.018s] writing top-level names to motor_control_pkg.egg-info/top_level.txt
[3.018s] writing manifest file 'motor_control_pkg.egg-info/SOURCES.txt'
[3.022s] reading manifest file 'motor_control_pkg.egg-info/SOURCES.txt'
[3.023s] writing manifest file 'motor_control_pkg.egg-info/SOURCES.txt'
[3.027s] running build_ext
[3.027s] Creating /home/aajaer/microros_ws/install/motor_control_pkg/lib/python3.10/site-packages/motor-control-pkg.egg-link (link to .)
[3.029s] Installing lidar_motor_control script to /home/aajaer/microros_ws/install/motor_control_pkg/lib/motor_control_pkg
[3.030s] 
[3.030s] Installed /home/aajaer/microros_ws/build/motor_control_pkg
[3.030s] running symlink_data
[3.030s] creating /home/aajaer/microros_ws/install/motor_control_pkg/share/ament_index
[3.030s] creating /home/aajaer/microros_ws/install/motor_control_pkg/share/ament_index/resource_index
[3.030s] creating /home/aajaer/microros_ws/install/motor_control_pkg/share/ament_index/resource_index/packages
[3.031s] symbolically linking /home/aajaer/microros_ws/build/motor_control_pkg/resource/motor_control_pkg -> /home/aajaer/microros_ws/install/motor_control_pkg/share/ament_index/resource_index/packages
[3.031s] symbolically linking /home/aajaer/microros_ws/build/motor_control_pkg/package.xml -> /home/aajaer/microros_ws/install/motor_control_pkg/share/motor_control_pkg
[3.031s] creating /home/aajaer/microros_ws/install/motor_control_pkg/share/motor_control_pkg/launch
[3.031s] symbolically linking /home/aajaer/microros_ws/build/motor_control_pkg/launch/motor_control_launch.py -> /home/aajaer/microros_ws/install/motor_control_pkg/share/motor_control_pkg/launch
[3.134s] Invoked command in '/home/aajaer/microros_ws/build/motor_control_pkg' returned '0': AMENT_PREFIX_PATH=/home/aajaer/microros_ws/install/sensor_msgs:/home/aajaer/microros_ws/install/geometry_msgs:/home/aajaer/microros_ws/install/std_msgs:/home/aajaer/microros_ws/install/builtin_interfaces:${AMENT_PREFIX_PATH} CMAKE_PREFIX_PATH=/home/aajaer/microros_ws/install/sensor_msgs:/home/aajaer/microros_ws/install/geometry_msgs:/home/aajaer/microros_ws/install/std_msgs:/home/aajaer/microros_ws/install/builtin_interfaces:/opt/ros/humble:/opt/ros/humble LD_LIBRARY_PATH=/home/aajaer/microros_ws/install/sensor_msgs/lib:/home/aajaer/microros_ws/install/geometry_msgs/lib:/home/aajaer/microros_ws/install/std_msgs/lib:/home/aajaer/microros_ws/install/builtin_interfaces/lib:/opt/ros/humble/opt/rviz_ogre_vendor/lib:/opt/ros/humble/lib/aarch64-linux-gnu:/opt/ros/humble/lib PYTHONPATH=/home/aajaer/microros_ws/build/motor_control_pkg/prefix_override:/usr/lib/python3/dist-packages/colcon_core/task/python/colcon_distutils_commands:/home/aajaer/microros_ws/install/motor_control_pkg/lib/python3.10/site-packages:/home/aajaer/microros_ws/install/sensor_msgs/local/lib/python3.10/dist-packages:/home/aajaer/microros_ws/install/geometry_msgs/local/lib/python3.10/dist-packages:/home/aajaer/microros_ws/install/std_msgs/local/lib/python3.10/dist-packages:/home/aajaer/microros_ws/install/builtin_interfaces/local/lib/python3.10/dist-packages:${PYTHONPATH} /usr/bin/python3 -W ignore:setup.py install is deprecated -W ignore:easy_install command is deprecated setup.py develop --editable --build-directory /home/aajaer/microros_ws/build/motor_control_pkg/build --no-deps symlink_data
