[0.039s] Invoking command in '/home/aajaer/microros_ws/build/actionlib_msgs': AMENT_PREFIX_PATH=/home/aajaer/microros_ws/install/std_msgs:/home/aajaer/microros_ws/install/builtin_interfaces:${AMENT_PREFIX_PATH} CMAKE_PREFIX_PATH=/home/aajaer/microros_ws/install/std_msgs:/home/aajaer/microros_ws/install/builtin_interfaces:/opt/ros/humble:/opt/ros/humble LD_LIBRARY_PATH=/home/aajaer/microros_ws/install/std_msgs/lib:/home/aajaer/microros_ws/install/builtin_interfaces/lib:/opt/ros/humble/opt/rviz_ogre_vendor/lib:/opt/ros/humble/lib/aarch64-linux-gnu:/opt/ros/humble/lib PYTHONPATH=/home/aajaer/microros_ws/install/std_msgs/local/lib/python3.10/dist-packages:/home/aajaer/microros_ws/install/builtin_interfaces/local/lib/python3.10/dist-packages:${PYTHONPATH} /usr/bin/cmake --build /home/aajaer/microros_ws/build/actionlib_msgs -- -j8 -l8
[0.158s] [  1%] Built target actionlib_msgs__cpp
[0.227s] [ 10%] Built target actionlib_msgs__rosidl_generator_c
[0.229s] [35m[1mConsolidate compiler generated dependencies of target actionlib_msgs__rosidl_typesupport_microxrcedds_cpp[0m
[0.234s] [35m[1mConsolidate compiler generated dependencies of target actionlib_msgs__rosidl_typesupport_cpp[0m
[0.390s] [ 18%] Built target actionlib_msgs__rosidl_typesupport_microxrcedds_cpp
[0.405s] [ 20%] Built target ament_cmake_python_symlink_actionlib_msgs
[0.415s] [ 38%] Built target actionlib_msgs__rosidl_typesupport_cpp
[0.415s] [ 44%] Built target actionlib_msgs__rosidl_typesupport_fastrtps_cpp
[0.415s] [ 32%] Built target actionlib_msgs__rosidl_typesupport_introspection_cpp
[0.439s] [35m[1mConsolidate compiler generated dependencies of target actionlib_msgs__rosidl_typesupport_microxrcedds_c[0m
[0.461s] [35m[1mConsolidate compiler generated dependencies of target actionlib_msgs__rosidl_typesupport_c[0m
[0.523s] [ 52%] Built target actionlib_msgs__rosidl_typesupport_microxrcedds_c
[0.541s] [ 61%] Built target actionlib_msgs__rosidl_typesupport_c
[0.558s] [ 69%] Built target actionlib_msgs__rosidl_typesupport_introspection_c
[0.561s] [ 77%] Built target actionlib_msgs__rosidl_typesupport_fastrtps_c
[0.705s] [ 77%] Built target actionlib_msgs
[0.781s] [ 79%] Built target actionlib_msgs__py
[0.805s] [35m[1mConsolidate compiler generated dependencies of target actionlib_msgs__rosidl_generator_py[0m
[0.840s] [ 86%] Built target actionlib_msgs__rosidl_generator_py
[0.902s] [35m[1mConsolidate compiler generated dependencies of target actionlib_msgs__rosidl_typesupport_c__pyext[0m
[0.907s] [35m[1mConsolidate compiler generated dependencies of target actionlib_msgs__rosidl_typesupport_microxrcedds_c__pyext[0m
[0.912s] [35m[1mConsolidate compiler generated dependencies of target actionlib_msgs__rosidl_typesupport_fastrtps_c__pyext[0m
[0.912s] [35m[1mConsolidate compiler generated dependencies of target actionlib_msgs__rosidl_typesupport_introspection_c__pyext[0m
[1.010s] [ 89%] Built target actionlib_msgs__rosidl_typesupport_microxrcedds_c__pyext
[1.010s] [ 93%] Built target actionlib_msgs__rosidl_typesupport_c__pyext
[1.034s] [ 96%] Built target actionlib_msgs__rosidl_typesupport_fastrtps_c__pyext
[1.040s] [100%] Built target actionlib_msgs__rosidl_typesupport_introspection_c__pyext
[1.505s] running egg_info
[1.507s] writing actionlib_msgs.egg-info/PKG-INFO
[1.508s] writing dependency_links to actionlib_msgs.egg-info/dependency_links.txt
[1.508s] writing top-level names to actionlib_msgs.egg-info/top_level.txt
[1.514s] reading manifest file 'actionlib_msgs.egg-info/SOURCES.txt'
[1.520s] writing manifest file 'actionlib_msgs.egg-info/SOURCES.txt'
[1.636s] [100%] Built target ament_cmake_python_build_actionlib_msgs_egg
[1.672s] Invoked command in '/home/aajaer/microros_ws/build/actionlib_msgs' returned '0': AMENT_PREFIX_PATH=/home/aajaer/microros_ws/install/std_msgs:/home/aajaer/microros_ws/install/builtin_interfaces:${AMENT_PREFIX_PATH} CMAKE_PREFIX_PATH=/home/aajaer/microros_ws/install/std_msgs:/home/aajaer/microros_ws/install/builtin_interfaces:/opt/ros/humble:/opt/ros/humble LD_LIBRARY_PATH=/home/aajaer/microros_ws/install/std_msgs/lib:/home/aajaer/microros_ws/install/builtin_interfaces/lib:/opt/ros/humble/opt/rviz_ogre_vendor/lib:/opt/ros/humble/lib/aarch64-linux-gnu:/opt/ros/humble/lib PYTHONPATH=/home/aajaer/microros_ws/install/std_msgs/local/lib/python3.10/dist-packages:/home/aajaer/microros_ws/install/builtin_interfaces/local/lib/python3.10/dist-packages:${PYTHONPATH} /usr/bin/cmake --build /home/aajaer/microros_ws/build/actionlib_msgs -- -j8 -l8
[1.677s] Invoking command in '/home/aajaer/microros_ws/build/actionlib_msgs': AMENT_PREFIX_PATH=/home/aajaer/microros_ws/install/std_msgs:/home/aajaer/microros_ws/install/builtin_interfaces:${AMENT_PREFIX_PATH} CMAKE_PREFIX_PATH=/home/aajaer/microros_ws/install/std_msgs:/home/aajaer/microros_ws/install/builtin_interfaces:/opt/ros/humble:/opt/ros/humble LD_LIBRARY_PATH=/home/aajaer/microros_ws/install/std_msgs/lib:/home/aajaer/microros_ws/install/builtin_interfaces/lib:/opt/ros/humble/opt/rviz_ogre_vendor/lib:/opt/ros/humble/lib/aarch64-linux-gnu:/opt/ros/humble/lib PYTHONPATH=/home/aajaer/microros_ws/install/std_msgs/local/lib/python3.10/dist-packages:/home/aajaer/microros_ws/install/builtin_interfaces/local/lib/python3.10/dist-packages:${PYTHONPATH} /usr/bin/cmake --install /home/aajaer/microros_ws/build/actionlib_msgs
[1.800s] -- Install configuration: ""
[1.826s] -- Execute custom install script
[1.830s] -- Up-to-date symlink: /home/aajaer/microros_ws/install/actionlib_msgs/share/ament_index/resource_index/rosidl_interfaces/actionlib_msgs
[1.834s] -- Up-to-date symlink: /home/aajaer/microros_ws/install/actionlib_msgs/include/actionlib_msgs/actionlib_msgs/msg/detail/goal_id__functions.h
[1.834s] -- Up-to-date symlink: /home/aajaer/microros_ws/install/actionlib_msgs/include/actionlib_msgs/actionlib_msgs/msg/detail/goal_id__struct.h
[1.835s] -- Up-to-date symlink: /home/aajaer/microros_ws/install/actionlib_msgs/include/actionlib_msgs/actionlib_msgs/msg/detail/goal_id__type_support.h
[1.836s] -- Up-to-date symlink: /home/aajaer/microros_ws/install/actionlib_msgs/include/actionlib_msgs/actionlib_msgs/msg/detail/goal_status__functions.h
[1.839s] -- Up-to-date symlink: /home/aajaer/microros_ws/install/actionlib_msgs/include/actionlib_msgs/actionlib_msgs/msg/detail/goal_status__struct.h
[1.840s] -- Up-to-date symlink: /home/aajaer/microros_ws/install/actionlib_msgs/include/actionlib_msgs/actionlib_msgs/msg/detail/goal_status__type_support.h
[1.841s] -- Up-to-date symlink: /home/aajaer/microros_ws/install/actionlib_msgs/include/actionlib_msgs/actionlib_msgs/msg/detail/goal_status_array__functions.h
[1.843s] -- Up-to-date symlink: /home/aajaer/microros_ws/install/actionlib_msgs/include/actionlib_msgs/actionlib_msgs/msg/detail/goal_status_array__struct.h
[1.845s] -- Up-to-date symlink: /home/aajaer/microros_ws/install/actionlib_msgs/include/actionlib_msgs/actionlib_msgs/msg/detail/goal_status_array__type_support.h
[1.847s] -- Up-to-date symlink: /home/aajaer/microros_ws/install/actionlib_msgs/include/actionlib_msgs/actionlib_msgs/msg/goal_id.h
[1.850s] -- Up-to-date symlink: /home/aajaer/microros_ws/install/actionlib_msgs/include/actionlib_msgs/actionlib_msgs/msg/goal_status.h
[1.867s] -- Up-to-date symlink: /home/aajaer/microros_ws/install/actionlib_msgs/include/actionlib_msgs/actionlib_msgs/msg/goal_status_array.h
[1.867s] -- Up-to-date symlink: /home/aajaer/microros_ws/install/actionlib_msgs/include/actionlib_msgs/actionlib_msgs/msg/rosidl_generator_c__visibility_control.h
[1.868s] -- Up-to-date symlink: /home/aajaer/microros_ws/install/actionlib_msgs/share/actionlib_msgs/environment/library_path.sh
[1.868s] -- Up-to-date symlink: /home/aajaer/microros_ws/install/actionlib_msgs/share/actionlib_msgs/environment/library_path.dsv
[1.869s] -- Up-to-date symlink: /home/aajaer/microros_ws/install/actionlib_msgs/include/actionlib_msgs/actionlib_msgs/msg/detail/goal_id__rosidl_typesupport_fastrtps_c.h
[1.869s] -- Up-to-date symlink: /home/aajaer/microros_ws/install/actionlib_msgs/include/actionlib_msgs/actionlib_msgs/msg/detail/goal_status__rosidl_typesupport_fastrtps_c.h
[1.870s] -- Up-to-date symlink: /home/aajaer/microros_ws/install/actionlib_msgs/include/actionlib_msgs/actionlib_msgs/msg/detail/goal_status_array__rosidl_typesupport_fastrtps_c.h
[1.871s] -- Up-to-date symlink: /home/aajaer/microros_ws/install/actionlib_msgs/include/actionlib_msgs/actionlib_msgs/msg/rosidl_typesupport_fastrtps_c__visibility_control.h
[1.876s] -- Up-to-date symlink: /home/aajaer/microros_ws/install/actionlib_msgs/include/actionlib_msgs/actionlib_msgs/msg/detail/goal_id__builder.hpp
[1.879s] -- Up-to-date symlink: /home/aajaer/microros_ws/install/actionlib_msgs/include/actionlib_msgs/actionlib_msgs/msg/detail/goal_id__struct.hpp
[1.883s] -- Up-to-date symlink: /home/aajaer/microros_ws/install/actionlib_msgs/include/actionlib_msgs/actionlib_msgs/msg/detail/goal_id__traits.hpp
[1.887s] -- Up-to-date symlink: /home/aajaer/microros_ws/install/actionlib_msgs/include/actionlib_msgs/actionlib_msgs/msg/detail/goal_id__type_support.hpp
[1.890s] -- Up-to-date symlink: /home/aajaer/microros_ws/install/actionlib_msgs/include/actionlib_msgs/actionlib_msgs/msg/detail/goal_status__builder.hpp
[1.891s] -- Up-to-date symlink: /home/aajaer/microros_ws/install/actionlib_msgs/include/actionlib_msgs/actionlib_msgs/msg/detail/goal_status__struct.hpp
[1.892s] -- Up-to-date symlink: /home/aajaer/microros_ws/install/actionlib_msgs/include/actionlib_msgs/actionlib_msgs/msg/detail/goal_status__traits.hpp
[1.893s] -- Up-to-date symlink: /home/aajaer/microros_ws/install/actionlib_msgs/include/actionlib_msgs/actionlib_msgs/msg/detail/goal_status__type_support.hpp
[1.894s] -- Up-to-date symlink: /home/aajaer/microros_ws/install/actionlib_msgs/include/actionlib_msgs/actionlib_msgs/msg/detail/goal_status_array__builder.hpp
[1.894s] -- Up-to-date symlink: /home/aajaer/microros_ws/install/actionlib_msgs/include/actionlib_msgs/actionlib_msgs/msg/detail/goal_status_array__struct.hpp
[1.894s] -- Up-to-date symlink: /home/aajaer/microros_ws/install/actionlib_msgs/include/actionlib_msgs/actionlib_msgs/msg/detail/goal_status_array__traits.hpp
[1.895s] -- Up-to-date symlink: /home/aajaer/microros_ws/install/actionlib_msgs/include/actionlib_msgs/actionlib_msgs/msg/detail/goal_status_array__type_support.hpp
[1.895s] -- Up-to-date symlink: /home/aajaer/microros_ws/install/actionlib_msgs/include/actionlib_msgs/actionlib_msgs/msg/goal_id.hpp
[1.896s] -- Up-to-date symlink: /home/aajaer/microros_ws/install/actionlib_msgs/include/actionlib_msgs/actionlib_msgs/msg/goal_status.hpp
[1.896s] -- Up-to-date symlink: /home/aajaer/microros_ws/install/actionlib_msgs/include/actionlib_msgs/actionlib_msgs/msg/goal_status_array.hpp
[1.897s] -- Up-to-date symlink: /home/aajaer/microros_ws/install/actionlib_msgs/include/actionlib_msgs/actionlib_msgs/msg/rosidl_generator_cpp__visibility_control.hpp
[1.898s] -- Up-to-date symlink: /home/aajaer/microros_ws/install/actionlib_msgs/include/actionlib_msgs/actionlib_msgs/msg/detail/goal_id__rosidl_typesupport_fastrtps_cpp.hpp
[1.899s] -- Up-to-date symlink: /home/aajaer/microros_ws/install/actionlib_msgs/include/actionlib_msgs/actionlib_msgs/msg/detail/goal_status__rosidl_typesupport_fastrtps_cpp.hpp
[1.905s] -- Up-to-date symlink: /home/aajaer/microros_ws/install/actionlib_msgs/include/actionlib_msgs/actionlib_msgs/msg/detail/goal_status_array__rosidl_typesupport_fastrtps_cpp.hpp
[1.906s] -- Up-to-date symlink: /home/aajaer/microros_ws/install/actionlib_msgs/include/actionlib_msgs/actionlib_msgs/msg/rosidl_typesupport_fastrtps_cpp__visibility_control.h
[1.913s] -- Up-to-date symlink: /home/aajaer/microros_ws/install/actionlib_msgs/include/actionlib_msgs/msg/detail/goal_id__rosidl_typesupport_microxrcedds_c.h
[1.917s] -- Up-to-date symlink: /home/aajaer/microros_ws/install/actionlib_msgs/include/actionlib_msgs/msg/detail/goal_status__rosidl_typesupport_microxrcedds_c.h
[1.917s] -- Up-to-date symlink: /home/aajaer/microros_ws/install/actionlib_msgs/include/actionlib_msgs/msg/detail/goal_status_array__rosidl_typesupport_microxrcedds_c.h
[1.918s] -- Up-to-date symlink: /home/aajaer/microros_ws/install/actionlib_msgs/include/actionlib_msgs/msg/rosidl_typesupport_microxrcedds_c__visibility_control.h
[1.919s] -- Up-to-date symlink: /home/aajaer/microros_ws/install/actionlib_msgs/lib/libactionlib_msgs__rosidl_typesupport_microxrcedds_c.a
[1.919s] -- Up-to-date symlink: /home/aajaer/microros_ws/install/actionlib_msgs/include/actionlib_msgs/actionlib_msgs/msg/detail/goal_id__rosidl_typesupport_introspection_c.h
[1.921s] -- Up-to-date symlink: /home/aajaer/microros_ws/install/actionlib_msgs/include/actionlib_msgs/actionlib_msgs/msg/detail/goal_status__rosidl_typesupport_introspection_c.h
[1.922s] -- Up-to-date symlink: /home/aajaer/microros_ws/install/actionlib_msgs/include/actionlib_msgs/actionlib_msgs/msg/detail/goal_status_array__rosidl_typesupport_introspection_c.h
[1.926s] -- Up-to-date symlink: /home/aajaer/microros_ws/install/actionlib_msgs/include/actionlib_msgs/actionlib_msgs/msg/rosidl_typesupport_introspection_c__visibility_control.h
[1.927s] -- Up-to-date symlink: /home/aajaer/microros_ws/install/actionlib_msgs/include/actionlib_msgs/msg/detail/goal_id__rosidl_typesupport_microxrcedds_cpp.hpp
[1.931s] -- Up-to-date symlink: /home/aajaer/microros_ws/install/actionlib_msgs/include/actionlib_msgs/msg/detail/goal_status__rosidl_typesupport_microxrcedds_cpp.hpp
[1.933s] -- Up-to-date symlink: /home/aajaer/microros_ws/install/actionlib_msgs/include/actionlib_msgs/msg/detail/goal_status_array__rosidl_typesupport_microxrcedds_cpp.hpp
[1.933s] -- Up-to-date symlink: /home/aajaer/microros_ws/install/actionlib_msgs/include/actionlib_msgs/msg/detail/microxrcedds/goal_id__type_support_cpp.cpp
[1.937s] -- Up-to-date symlink: /home/aajaer/microros_ws/install/actionlib_msgs/include/actionlib_msgs/msg/detail/microxrcedds/goal_status__type_support_cpp.cpp
[1.938s] -- Up-to-date symlink: /home/aajaer/microros_ws/install/actionlib_msgs/include/actionlib_msgs/msg/detail/microxrcedds/goal_status_array__type_support_cpp.cpp
[1.940s] -- Up-to-date symlink: /home/aajaer/microros_ws/install/actionlib_msgs/include/actionlib_msgs/msg/rosidl_typesupport_microxrcedds_cpp__visibility_control.h
[1.944s] -- Up-to-date symlink: /home/aajaer/microros_ws/install/actionlib_msgs/lib/libactionlib_msgs__rosidl_typesupport_microxrcedds_cpp.a
[1.948s] -- Up-to-date symlink: /home/aajaer/microros_ws/install/actionlib_msgs/include/actionlib_msgs/actionlib_msgs/msg/detail/goal_id__rosidl_typesupport_introspection_cpp.hpp
[1.957s] -- Up-to-date symlink: /home/aajaer/microros_ws/install/actionlib_msgs/include/actionlib_msgs/actionlib_msgs/msg/detail/goal_status__rosidl_typesupport_introspection_cpp.hpp
[1.986s] -- Up-to-date symlink: /home/aajaer/microros_ws/install/actionlib_msgs/include/actionlib_msgs/actionlib_msgs/msg/detail/goal_status_array__rosidl_typesupport_introspection_cpp.hpp
[1.986s] -- Up-to-date symlink: /home/aajaer/microros_ws/install/actionlib_msgs/share/actionlib_msgs/environment/pythonpath.sh
[1.986s] -- Up-to-date symlink: /home/aajaer/microros_ws/install/actionlib_msgs/share/actionlib_msgs/environment/pythonpath.dsv
[1.986s] -- Up-to-date symlink: /home/aajaer/microros_ws/install/actionlib_msgs/local/lib/python3.10/dist-packages/actionlib_msgs-4.2.4-py3.10.egg-info/PKG-INFO
[1.987s] -- Up-to-date symlink: /home/aajaer/microros_ws/install/actionlib_msgs/local/lib/python3.10/dist-packages/actionlib_msgs-4.2.4-py3.10.egg-info/SOURCES.txt
[1.987s] -- Up-to-date symlink: /home/aajaer/microros_ws/install/actionlib_msgs/local/lib/python3.10/dist-packages/actionlib_msgs-4.2.4-py3.10.egg-info/dependency_links.txt
[1.987s] -- Up-to-date symlink: /home/aajaer/microros_ws/install/actionlib_msgs/local/lib/python3.10/dist-packages/actionlib_msgs-4.2.4-py3.10.egg-info/top_level.txt
[1.987s] -- Up-to-date symlink: /home/aajaer/microros_ws/install/actionlib_msgs/local/lib/python3.10/dist-packages/actionlib_msgs/__init__.py
[1.987s] -- Up-to-date symlink: /home/aajaer/microros_ws/install/actionlib_msgs/local/lib/python3.10/dist-packages/actionlib_msgs/_actionlib_msgs_s.ep.rosidl_typesupport_c.c
[1.987s] -- Up-to-date symlink: /home/aajaer/microros_ws/install/actionlib_msgs/local/lib/python3.10/dist-packages/actionlib_msgs/_actionlib_msgs_s.ep.rosidl_typesupport_fastrtps_c.c
[1.988s] -- Up-to-date symlink: /home/aajaer/microros_ws/install/actionlib_msgs/local/lib/python3.10/dist-packages/actionlib_msgs/_actionlib_msgs_s.ep.rosidl_typesupport_introspection_c.c
[1.988s] -- Up-to-date symlink: /home/aajaer/microros_ws/install/actionlib_msgs/local/lib/python3.10/dist-packages/actionlib_msgs/_actionlib_msgs_s.ep.rosidl_typesupport_microxrcedds_c.c
[1.988s] -- Up-to-date symlink: /home/aajaer/microros_ws/install/actionlib_msgs/local/lib/python3.10/dist-packages/actionlib_msgs/actionlib_msgs_s__rosidl_typesupport_c.cpython-310-aarch64-linux-gnu.so
[1.988s] -- Up-to-date symlink: /home/aajaer/microros_ws/install/actionlib_msgs/local/lib/python3.10/dist-packages/actionlib_msgs/actionlib_msgs_s__rosidl_typesupport_fastrtps_c.cpython-310-aarch64-linux-gnu.so
[1.988s] -- Up-to-date symlink: /home/aajaer/microros_ws/install/actionlib_msgs/local/lib/python3.10/dist-packages/actionlib_msgs/actionlib_msgs_s__rosidl_typesupport_introspection_c.cpython-310-aarch64-linux-gnu.so
[1.988s] -- Up-to-date symlink: /home/aajaer/microros_ws/install/actionlib_msgs/local/lib/python3.10/dist-packages/actionlib_msgs/actionlib_msgs_s__rosidl_typesupport_microxrcedds_c.cpython-310-aarch64-linux-gnu.so
[1.988s] -- Up-to-date symlink: /home/aajaer/microros_ws/install/actionlib_msgs/local/lib/python3.10/dist-packages/actionlib_msgs/libactionlib_msgs__rosidl_generator_py.so
[1.988s] -- Up-to-date symlink: /home/aajaer/microros_ws/install/actionlib_msgs/local/lib/python3.10/dist-packages/actionlib_msgs/msg/__init__.py
[1.989s] -- Up-to-date symlink: /home/aajaer/microros_ws/install/actionlib_msgs/local/lib/python3.10/dist-packages/actionlib_msgs/msg/_goal_id.py
[1.989s] -- Up-to-date symlink: /home/aajaer/microros_ws/install/actionlib_msgs/local/lib/python3.10/dist-packages/actionlib_msgs/msg/_goal_id_s.c
[1.989s] -- Up-to-date symlink: /home/aajaer/microros_ws/install/actionlib_msgs/local/lib/python3.10/dist-packages/actionlib_msgs/msg/_goal_status.py
[1.989s] -- Up-to-date symlink: /home/aajaer/microros_ws/install/actionlib_msgs/local/lib/python3.10/dist-packages/actionlib_msgs/msg/_goal_status_array.py
[1.989s] -- Up-to-date symlink: /home/aajaer/microros_ws/install/actionlib_msgs/local/lib/python3.10/dist-packages/actionlib_msgs/msg/_goal_status_array_s.c
[1.989s] -- Up-to-date symlink: /home/aajaer/microros_ws/install/actionlib_msgs/local/lib/python3.10/dist-packages/actionlib_msgs/msg/_goal_status_s.c
[1.989s] -- Up-to-date symlink: /home/aajaer/microros_ws/install/actionlib_msgs/local/lib/python3.10/dist-packages/actionlib_msgs/actionlib_msgs_s__rosidl_typesupport_microxrcedds_c.cpython-310-aarch64-linux-gnu.so
[1.989s] -- Up-to-date symlink: /home/aajaer/microros_ws/install/actionlib_msgs/local/lib/python3.10/dist-packages/actionlib_msgs/actionlib_msgs_s__rosidl_typesupport_fastrtps_c.cpython-310-aarch64-linux-gnu.so
[1.990s] -- Up-to-date symlink: /home/aajaer/microros_ws/install/actionlib_msgs/local/lib/python3.10/dist-packages/actionlib_msgs/actionlib_msgs_s__rosidl_typesupport_introspection_c.cpython-310-aarch64-linux-gnu.so
[1.990s] -- Up-to-date symlink: /home/aajaer/microros_ws/install/actionlib_msgs/local/lib/python3.10/dist-packages/actionlib_msgs/actionlib_msgs_s__rosidl_typesupport_c.cpython-310-aarch64-linux-gnu.so
[1.990s] -- Up-to-date symlink: /home/aajaer/microros_ws/install/actionlib_msgs/share/actionlib_msgs/msg/GoalID.idl
[1.990s] -- Up-to-date symlink: /home/aajaer/microros_ws/install/actionlib_msgs/share/actionlib_msgs/msg/GoalStatus.idl
[1.991s] -- Up-to-date symlink: /home/aajaer/microros_ws/install/actionlib_msgs/share/actionlib_msgs/msg/GoalStatusArray.idl
[1.991s] -- Up-to-date symlink: /home/aajaer/microros_ws/install/actionlib_msgs/share/actionlib_msgs/msg/GoalID.msg
[1.991s] -- Up-to-date symlink: /home/aajaer/microros_ws/install/actionlib_msgs/share/actionlib_msgs/msg/GoalStatus.msg
[1.991s] -- Up-to-date symlink: /home/aajaer/microros_ws/install/actionlib_msgs/share/actionlib_msgs/msg/GoalStatusArray.msg
[1.991s] -- Up-to-date symlink: /home/aajaer/microros_ws/install/actionlib_msgs/share/ament_index/resource_index/package_run_dependencies/actionlib_msgs
[1.993s] -- Up-to-date symlink: /home/aajaer/microros_ws/install/actionlib_msgs/share/ament_index/resource_index/parent_prefix_path/actionlib_msgs
[1.994s] -- Up-to-date symlink: /home/aajaer/microros_ws/install/actionlib_msgs/share/actionlib_msgs/environment/ament_prefix_path.sh
[1.994s] -- Up-to-date symlink: /home/aajaer/microros_ws/install/actionlib_msgs/share/actionlib_msgs/environment/ament_prefix_path.dsv
[1.995s] -- Up-to-date symlink: /home/aajaer/microros_ws/install/actionlib_msgs/share/actionlib_msgs/environment/path.sh
[1.995s] -- Up-to-date symlink: /home/aajaer/microros_ws/install/actionlib_msgs/share/actionlib_msgs/environment/path.dsv
[1.995s] -- Up-to-date symlink: /home/aajaer/microros_ws/install/actionlib_msgs/share/actionlib_msgs/local_setup.bash
[1.996s] -- Up-to-date symlink: /home/aajaer/microros_ws/install/actionlib_msgs/share/actionlib_msgs/local_setup.sh
[1.996s] -- Up-to-date symlink: /home/aajaer/microros_ws/install/actionlib_msgs/share/actionlib_msgs/local_setup.zsh
[1.997s] -- Up-to-date symlink: /home/aajaer/microros_ws/install/actionlib_msgs/share/actionlib_msgs/local_setup.dsv
[1.997s] -- Symlinking: /home/aajaer/microros_ws/install/actionlib_msgs/share/actionlib_msgs/package.dsv
[2.135s] -- Up-to-date symlink: /home/aajaer/microros_ws/install/actionlib_msgs/share/ament_index/resource_index/packages/actionlib_msgs
[2.135s] -- Up-to-date symlink: /home/aajaer/microros_ws/install/actionlib_msgs/share/actionlib_msgs/cmake/rosidl_cmake-extras.cmake
[2.135s] -- Up-to-date symlink: /home/aajaer/microros_ws/install/actionlib_msgs/share/actionlib_msgs/cmake/ament_cmake_export_dependencies-extras.cmake
[2.136s] -- Up-to-date symlink: /home/aajaer/microros_ws/install/actionlib_msgs/share/actionlib_msgs/cmake/ament_cmake_export_include_directories-extras.cmake
[2.136s] -- Up-to-date symlink: /home/aajaer/microros_ws/install/actionlib_msgs/share/actionlib_msgs/cmake/ament_cmake_export_libraries-extras.cmake
[2.137s] -- Up-to-date symlink: /home/aajaer/microros_ws/install/actionlib_msgs/share/actionlib_msgs/cmake/ament_cmake_export_targets-extras.cmake
[2.137s] -- Up-to-date symlink: /home/aajaer/microros_ws/install/actionlib_msgs/share/actionlib_msgs/cmake/rosidl_cmake_export_typesupport_targets-extras.cmake
[2.138s] -- Up-to-date symlink: /home/aajaer/microros_ws/install/actionlib_msgs/share/actionlib_msgs/cmake/rosidl_cmake_export_typesupport_libraries-extras.cmake
[2.138s] -- Up-to-date symlink: /home/aajaer/microros_ws/install/actionlib_msgs/share/actionlib_msgs/cmake/actionlib_msgsConfig.cmake
[2.138s] -- Up-to-date symlink: /home/aajaer/microros_ws/install/actionlib_msgs/share/actionlib_msgs/cmake/actionlib_msgsConfig-version.cmake
[2.139s] -- Up-to-date symlink: /home/aajaer/microros_ws/install/actionlib_msgs/share/actionlib_msgs/package.xml
[2.139s] -- Up-to-date: /home/aajaer/microros_ws/install/actionlib_msgs/lib/libactionlib_msgs__rosidl_generator_c.so
[2.140s] -- Up-to-date: /home/aajaer/microros_ws/install/actionlib_msgs/lib/libactionlib_msgs__rosidl_typesupport_fastrtps_c.so
[2.140s] -- Up-to-date: /home/aajaer/microros_ws/install/actionlib_msgs/lib/libactionlib_msgs__rosidl_typesupport_fastrtps_cpp.so
[2.140s] -- Up-to-date: /home/aajaer/microros_ws/install/actionlib_msgs/lib/libactionlib_msgs__rosidl_typesupport_introspection_c.so
[2.141s] -- Up-to-date: /home/aajaer/microros_ws/install/actionlib_msgs/lib/libactionlib_msgs__rosidl_typesupport_c.so
[2.145s] -- Up-to-date: /home/aajaer/microros_ws/install/actionlib_msgs/lib/libactionlib_msgs__rosidl_typesupport_introspection_cpp.so
[2.146s] -- Up-to-date: /home/aajaer/microros_ws/install/actionlib_msgs/lib/libactionlib_msgs__rosidl_typesupport_cpp.so
[2.348s] Listing '/home/aajaer/microros_ws/install/actionlib_msgs/local/lib/python3.10/dist-packages/actionlib_msgs'...
[2.349s] Listing '/home/aajaer/microros_ws/install/actionlib_msgs/local/lib/python3.10/dist-packages/actionlib_msgs/msg'...
[2.398s] -- Up-to-date: /home/aajaer/microros_ws/install/actionlib_msgs/lib/libactionlib_msgs__rosidl_generator_py.so
[2.398s] -- Up-to-date: /home/aajaer/microros_ws/install/actionlib_msgs/share/actionlib_msgs/cmake/export_actionlib_msgs__rosidl_generator_cExport.cmake
[2.398s] -- Up-to-date: /home/aajaer/microros_ws/install/actionlib_msgs/share/actionlib_msgs/cmake/export_actionlib_msgs__rosidl_generator_cExport-noconfig.cmake
[2.398s] -- Up-to-date: /home/aajaer/microros_ws/install/actionlib_msgs/share/actionlib_msgs/cmake/export_actionlib_msgs__rosidl_typesupport_fastrtps_cExport.cmake
[2.398s] -- Up-to-date: /home/aajaer/microros_ws/install/actionlib_msgs/share/actionlib_msgs/cmake/export_actionlib_msgs__rosidl_typesupport_fastrtps_cExport-noconfig.cmake
[2.399s] -- Up-to-date: /home/aajaer/microros_ws/install/actionlib_msgs/share/actionlib_msgs/cmake/export_actionlib_msgs__rosidl_generator_cppExport.cmake
[2.400s] -- Up-to-date: /home/aajaer/microros_ws/install/actionlib_msgs/share/actionlib_msgs/cmake/export_actionlib_msgs__rosidl_typesupport_fastrtps_cppExport.cmake
[2.401s] -- Up-to-date: /home/aajaer/microros_ws/install/actionlib_msgs/share/actionlib_msgs/cmake/export_actionlib_msgs__rosidl_typesupport_fastrtps_cppExport-noconfig.cmake
[2.401s] -- Up-to-date: /home/aajaer/microros_ws/install/actionlib_msgs/share/actionlib_msgs/cmake/actionlib_msgs__rosidl_typesupport_introspection_cExport.cmake
[2.401s] -- Up-to-date: /home/aajaer/microros_ws/install/actionlib_msgs/share/actionlib_msgs/cmake/actionlib_msgs__rosidl_typesupport_introspection_cExport-noconfig.cmake
[2.402s] -- Up-to-date: /home/aajaer/microros_ws/install/actionlib_msgs/share/actionlib_msgs/cmake/actionlib_msgs__rosidl_typesupport_cExport.cmake
[2.402s] -- Up-to-date: /home/aajaer/microros_ws/install/actionlib_msgs/share/actionlib_msgs/cmake/actionlib_msgs__rosidl_typesupport_cExport-noconfig.cmake
[2.402s] -- Up-to-date: /home/aajaer/microros_ws/install/actionlib_msgs/share/actionlib_msgs/cmake/actionlib_msgs__rosidl_typesupport_introspection_cppExport.cmake
[2.403s] -- Up-to-date: /home/aajaer/microros_ws/install/actionlib_msgs/share/actionlib_msgs/cmake/actionlib_msgs__rosidl_typesupport_introspection_cppExport-noconfig.cmake
[2.403s] -- Up-to-date: /home/aajaer/microros_ws/install/actionlib_msgs/share/actionlib_msgs/cmake/actionlib_msgs__rosidl_typesupport_cppExport.cmake
[2.403s] -- Up-to-date: /home/aajaer/microros_ws/install/actionlib_msgs/share/actionlib_msgs/cmake/actionlib_msgs__rosidl_typesupport_cppExport-noconfig.cmake
[2.404s] -- Up-to-date: /home/aajaer/microros_ws/install/actionlib_msgs/share/actionlib_msgs/cmake/export_actionlib_msgs__rosidl_generator_pyExport.cmake
[2.405s] -- Up-to-date: /home/aajaer/microros_ws/install/actionlib_msgs/share/actionlib_msgs/cmake/export_actionlib_msgs__rosidl_generator_pyExport-noconfig.cmake
[2.475s] Invoked command in '/home/aajaer/microros_ws/build/actionlib_msgs' returned '0': AMENT_PREFIX_PATH=/home/aajaer/microros_ws/install/std_msgs:/home/aajaer/microros_ws/install/builtin_interfaces:${AMENT_PREFIX_PATH} CMAKE_PREFIX_PATH=/home/aajaer/microros_ws/install/std_msgs:/home/aajaer/microros_ws/install/builtin_interfaces:/opt/ros/humble:/opt/ros/humble LD_LIBRARY_PATH=/home/aajaer/microros_ws/install/std_msgs/lib:/home/aajaer/microros_ws/install/builtin_interfaces/lib:/opt/ros/humble/opt/rviz_ogre_vendor/lib:/opt/ros/humble/lib/aarch64-linux-gnu:/opt/ros/humble/lib PYTHONPATH=/home/aajaer/microros_ws/install/std_msgs/local/lib/python3.10/dist-packages:/home/aajaer/microros_ws/install/builtin_interfaces/local/lib/python3.10/dist-packages:${PYTHONPATH} /usr/bin/cmake --install /home/aajaer/microros_ws/build/actionlib_msgs
