[0.042s] Invoking command in '/home/aajaer/microros_ws/build/nav_msgs': AMENT_PREFIX_PATH=/home/aajaer/microros_ws/install/geometry_msgs:/home/aajaer/microros_ws/install/std_msgs:/home/aajaer/microros_ws/install/builtin_interfaces:${AMENT_PREFIX_PATH} CMAKE_PREFIX_PATH=/home/aajaer/microros_ws/install/geometry_msgs:/home/aajaer/microros_ws/install/std_msgs:/home/aajaer/microros_ws/install/builtin_interfaces:/opt/ros/humble:/opt/ros/humble LD_LIBRARY_PATH=/home/aajaer/microros_ws/install/geometry_msgs/lib:/home/aajaer/microros_ws/install/std_msgs/lib:/home/aajaer/microros_ws/install/builtin_interfaces/lib:/opt/ros/humble/opt/rviz_ogre_vendor/lib:/opt/ros/humble/lib/aarch64-linux-gnu:/opt/ros/humble/lib PYTHONPATH=/home/aajaer/microros_ws/install/geometry_msgs/local/lib/python3.10/dist-packages:/home/aajaer/microros_ws/install/std_msgs/local/lib/python3.10/dist-packages:/home/aajaer/microros_ws/install/builtin_interfaces/local/lib/python3.10/dist-packages:${PYTHONPATH} /usr/bin/cmake /home/aajaer/microros_ws/src/ros2/common_interfaces/nav_msgs -DCMAKE_INSTALL_PREFIX=/home/aajaer/microros_ws/install/nav_msgs
[0.069s] -- Found ament_cmake: 1.3.11 (/opt/ros/humble/share/ament_cmake/cmake)
[0.359s] -- Override CMake install command with custom implementation using symlinks instead of copying resources
[0.380s] -- Found builtin_interfaces: 1.2.1 (/home/aajaer/microros_ws/install/builtin_interfaces/share/builtin_interfaces/cmake)
[0.435s] -- Found rosidl_generator_c: 3.1.6 (/opt/ros/humble/share/rosidl_generator_c/cmake)
[0.439s] -- Found rosidl_adapter: 3.1.6 (/opt/ros/humble/share/rosidl_adapter/cmake)
[0.450s] -- Found rosidl_generator_cpp: 3.1.6 (/opt/ros/humble/share/rosidl_generator_cpp/cmake)
[0.469s] -- Using all available rosidl_typesupport_c: rosidl_typesupport_fastrtps_c;rosidl_typesupport_introspection_c
[0.493s] -- Using all available rosidl_typesupport_cpp: rosidl_typesupport_fastrtps_cpp;rosidl_typesupport_introspection_cpp
[0.515s] -- Found geometry_msgs: 4.2.4 (/home/aajaer/microros_ws/install/geometry_msgs/share/geometry_msgs/cmake)
[0.564s] -- Found rosidl_default_generators: 1.2.0 (/opt/ros/humble/share/rosidl_default_generators/cmake)
[1.363s] -- Found ament_cmake_cppcheck: 0.12.11 (/opt/ros/humble/share/ament_cmake_cppcheck/cmake)
[1.365s] -- Found ament_cmake_cpplint: 0.12.11 (/opt/ros/humble/share/ament_cmake_cpplint/cmake)
[1.367s] -- Found ament_cmake_uncrustify: 0.12.11 (/opt/ros/humble/share/ament_cmake_uncrustify/cmake)
[1.370s] -- Found ament_cmake_ros: 0.10.0 (/opt/ros/humble/share/ament_cmake_ros/cmake)
[2.311s] -- Using all available rosidl_typesupport_c: rosidl_typesupport_fastrtps_c;rosidl_typesupport_introspection_c
[2.684s] -- Using all available rosidl_typesupport_cpp: rosidl_typesupport_fastrtps_cpp;rosidl_typesupport_introspection_cpp
[2.738s] -- Found python_cmake_module: 0.10.0 (/opt/ros/humble/share/python_cmake_module/cmake)
[2.790s] -- Using PYTHON_EXECUTABLE: /usr/bin/python3
[2.790s] -- Using PYTHON_INCLUDE_DIRS: /usr/include/python3.10
[2.790s] -- Using PYTHON_LIBRARIES: /usr/lib/aarch64-linux-gnu/libpython3.10.so
[2.877s] -- Found ament_cmake_flake8: 0.12.11 (/opt/ros/humble/share/ament_cmake_flake8/cmake)
[2.879s] -- Found ament_cmake_pep257: 0.12.11 (/opt/ros/humble/share/ament_cmake_pep257/cmake)
[2.911s] -- Configuring done
[3.119s] -- Generating done
[3.153s] -- Build files have been written to: /home/aajaer/microros_ws/build/nav_msgs
[3.188s] Invoked command in '/home/aajaer/microros_ws/build/nav_msgs' returned '0': AMENT_PREFIX_PATH=/home/aajaer/microros_ws/install/geometry_msgs:/home/aajaer/microros_ws/install/std_msgs:/home/aajaer/microros_ws/install/builtin_interfaces:${AMENT_PREFIX_PATH} CMAKE_PREFIX_PATH=/home/aajaer/microros_ws/install/geometry_msgs:/home/aajaer/microros_ws/install/std_msgs:/home/aajaer/microros_ws/install/builtin_interfaces:/opt/ros/humble:/opt/ros/humble LD_LIBRARY_PATH=/home/aajaer/microros_ws/install/geometry_msgs/lib:/home/aajaer/microros_ws/install/std_msgs/lib:/home/aajaer/microros_ws/install/builtin_interfaces/lib:/opt/ros/humble/opt/rviz_ogre_vendor/lib:/opt/ros/humble/lib/aarch64-linux-gnu:/opt/ros/humble/lib PYTHONPATH=/home/aajaer/microros_ws/install/geometry_msgs/local/lib/python3.10/dist-packages:/home/aajaer/microros_ws/install/std_msgs/local/lib/python3.10/dist-packages:/home/aajaer/microros_ws/install/builtin_interfaces/local/lib/python3.10/dist-packages:${PYTHONPATH} /usr/bin/cmake /home/aajaer/microros_ws/src/ros2/common_interfaces/nav_msgs -DCMAKE_INSTALL_PREFIX=/home/aajaer/microros_ws/install/nav_msgs
[3.199s] Invoking command in '/home/aajaer/microros_ws/build/nav_msgs': AMENT_PREFIX_PATH=/home/aajaer/microros_ws/install/geometry_msgs:/home/aajaer/microros_ws/install/std_msgs:/home/aajaer/microros_ws/install/builtin_interfaces:${AMENT_PREFIX_PATH} CMAKE_PREFIX_PATH=/home/aajaer/microros_ws/install/geometry_msgs:/home/aajaer/microros_ws/install/std_msgs:/home/aajaer/microros_ws/install/builtin_interfaces:/opt/ros/humble:/opt/ros/humble LD_LIBRARY_PATH=/home/aajaer/microros_ws/install/geometry_msgs/lib:/home/aajaer/microros_ws/install/std_msgs/lib:/home/aajaer/microros_ws/install/builtin_interfaces/lib:/opt/ros/humble/opt/rviz_ogre_vendor/lib:/opt/ros/humble/lib/aarch64-linux-gnu:/opt/ros/humble/lib PYTHONPATH=/home/aajaer/microros_ws/install/geometry_msgs/local/lib/python3.10/dist-packages:/home/aajaer/microros_ws/install/std_msgs/local/lib/python3.10/dist-packages:/home/aajaer/microros_ws/install/builtin_interfaces/local/lib/python3.10/dist-packages:${PYTHONPATH} /usr/bin/cmake --build /home/aajaer/microros_ws/build/nav_msgs -- -j8 -l8
[3.454s] [35m[1mConsolidate compiler generated dependencies of target nav_msgs__rosidl_generator_c[0m
[3.486s] [  1%] Built target nav_msgs__cpp
[3.550s] [ 12%] Built target nav_msgs__rosidl_generator_c
[3.559s] [ 12%] Built target ament_cmake_python_symlink_nav_msgs
[3.589s] [ 13%] [34m[1mGenerating C++ type support dispatch for ROS interfaces[0m
[3.626s] [35m[1mConsolidate compiler generated dependencies of target nav_msgs__rosidl_typesupport_introspection_cpp[0m
[3.648s] [ 14%] [34m[1mGenerating C type support dispatch for ROS interfaces[0m
[3.651s] [35m[1mConsolidate compiler generated dependencies of target nav_msgs__rosidl_typesupport_fastrtps_cpp[0m
[3.665s] [35m[1mConsolidate compiler generated dependencies of target nav_msgs__rosidl_typesupport_introspection_c[0m
[3.675s] [35m[1mConsolidate compiler generated dependencies of target nav_msgs__rosidl_typesupport_fastrtps_c[0m
[3.792s] [ 26%] Built target nav_msgs__rosidl_typesupport_introspection_c
[3.796s] [ 37%] Built target nav_msgs__rosidl_typesupport_introspection_cpp
[3.803s] [ 49%] Built target nav_msgs__rosidl_typesupport_fastrtps_cpp
[3.819s] [ 61%] Built target nav_msgs__rosidl_typesupport_fastrtps_c
[4.939s] running egg_info
[4.948s] writing nav_msgs.egg-info/PKG-INFO
[4.949s] writing dependency_links to nav_msgs.egg-info/dependency_links.txt
[4.950s] writing top-level names to nav_msgs.egg-info/top_level.txt
[4.969s] reading manifest file 'nav_msgs.egg-info/SOURCES.txt'
[4.979s] writing manifest file 'nav_msgs.egg-info/SOURCES.txt'
[5.172s] [ 61%] Built target ament_cmake_python_build_nav_msgs_egg
[6.995s] [35m[1mConsolidate compiler generated dependencies of target nav_msgs__rosidl_typesupport_c[0m
[7.027s] [ 62%] [32mBuilding CXX object CMakeFiles/nav_msgs__rosidl_typesupport_c.dir/rosidl_typesupport_c/nav_msgs/msg/grid_cells__type_support.cpp.o[0m
[7.032s] [ 63%] [32mBuilding CXX object CMakeFiles/nav_msgs__rosidl_typesupport_c.dir/rosidl_typesupport_c/nav_msgs/msg/map_meta_data__type_support.cpp.o[0m
[7.050s] [ 64%] [32mBuilding CXX object CMakeFiles/nav_msgs__rosidl_typesupport_c.dir/rosidl_typesupport_c/nav_msgs/msg/occupancy_grid__type_support.cpp.o[0m
[7.161s] [ 65%] [32mBuilding CXX object CMakeFiles/nav_msgs__rosidl_typesupport_c.dir/rosidl_typesupport_c/nav_msgs/srv/get_plan__type_support.cpp.o[0m
[7.179s] [ 67%] [32mBuilding CXX object CMakeFiles/nav_msgs__rosidl_typesupport_c.dir/rosidl_typesupport_c/nav_msgs/msg/path__type_support.cpp.o[0m
[7.179s] [ 67%] [32mBuilding CXX object CMakeFiles/nav_msgs__rosidl_typesupport_c.dir/rosidl_typesupport_c/nav_msgs/srv/get_map__type_support.cpp.o[0m
[7.250s] [35m[1mConsolidate compiler generated dependencies of target nav_msgs__rosidl_typesupport_cpp[0m
[7.312s] [ 68%] [32mBuilding CXX object CMakeFiles/nav_msgs__rosidl_typesupport_c.dir/rosidl_typesupport_c/nav_msgs/srv/set_map__type_support.cpp.o[0m
[7.332s] [ 69%] [32mBuilding CXX object CMakeFiles/nav_msgs__rosidl_typesupport_cpp.dir/rosidl_typesupport_cpp/nav_msgs/msg/grid_cells__type_support.cpp.o[0m
[7.342s] [ 70%] [32mBuilding CXX object CMakeFiles/nav_msgs__rosidl_typesupport_c.dir/rosidl_typesupport_c/nav_msgs/srv/load_map__type_support.cpp.o[0m
[7.347s] [ 71%] [32mBuilding CXX object CMakeFiles/nav_msgs__rosidl_typesupport_cpp.dir/rosidl_typesupport_cpp/nav_msgs/msg/occupancy_grid__type_support.cpp.o[0m
[7.358s] [ 72%] [32mBuilding CXX object CMakeFiles/nav_msgs__rosidl_typesupport_cpp.dir/rosidl_typesupport_cpp/nav_msgs/msg/map_meta_data__type_support.cpp.o[0m
[7.370s] [ 73%] [32mBuilding CXX object CMakeFiles/nav_msgs__rosidl_typesupport_c.dir/rosidl_typesupport_c/nav_msgs/msg/odometry__type_support.cpp.o[0m
[7.539s] [ 74%] [32m[1mLinking CXX shared library libnav_msgs__rosidl_typesupport_c.so[0m
[7.727s] [ 74%] Built target nav_msgs__rosidl_typesupport_c
[8.205s] [ 75%] [32mBuilding CXX object CMakeFiles/nav_msgs__rosidl_typesupport_cpp.dir/rosidl_typesupport_cpp/nav_msgs/srv/load_map__type_support.cpp.o[0m
[8.216s] [ 76%] [32mBuilding CXX object CMakeFiles/nav_msgs__rosidl_typesupport_cpp.dir/rosidl_typesupport_cpp/nav_msgs/srv/set_map__type_support.cpp.o[0m
[8.299s] [ 77%] [32mBuilding CXX object CMakeFiles/nav_msgs__rosidl_typesupport_cpp.dir/rosidl_typesupport_cpp/nav_msgs/srv/get_map__type_support.cpp.o[0m
[8.313s] [ 78%] [32mBuilding CXX object CMakeFiles/nav_msgs__rosidl_typesupport_cpp.dir/rosidl_typesupport_cpp/nav_msgs/srv/get_plan__type_support.cpp.o[0m
[8.975s] [ 80%] [32mBuilding CXX object CMakeFiles/nav_msgs__rosidl_typesupport_cpp.dir/rosidl_typesupport_cpp/nav_msgs/msg/path__type_support.cpp.o[0m
[9.009s] [ 81%] [32mBuilding CXX object CMakeFiles/nav_msgs__rosidl_typesupport_cpp.dir/rosidl_typesupport_cpp/nav_msgs/msg/odometry__type_support.cpp.o[0m
[9.665s] [ 82%] [32m[1mLinking CXX shared library libnav_msgs__rosidl_typesupport_cpp.so[0m
[9.745s] [ 82%] Built target nav_msgs__rosidl_typesupport_cpp
[9.783s] [ 82%] Built target nav_msgs
[9.826s] [ 83%] Built target nav_msgs__py
[9.851s] [35m[1mConsolidate compiler generated dependencies of target nav_msgs__rosidl_generator_py[0m
[9.886s] [ 84%] [32m[1mLinking C shared library rosidl_generator_py/nav_msgs/libnav_msgs__rosidl_generator_py.so[0m
[9.973s] [ 93%] Built target nav_msgs__rosidl_generator_py
[9.994s] [35m[1mConsolidate compiler generated dependencies of target nav_msgs__rosidl_typesupport_c__pyext[0m
[9.995s] [35m[1mConsolidate compiler generated dependencies of target nav_msgs__rosidl_typesupport_fastrtps_c__pyext[0m
[9.996s] [35m[1mConsolidate compiler generated dependencies of target nav_msgs__rosidl_typesupport_introspection_c__pyext[0m
[10.021s] [ 95%] [32m[1mLinking C shared library rosidl_generator_py/nav_msgs/nav_msgs_s__rosidl_typesupport_c.cpython-310-aarch64-linux-gnu.so[0m
[10.021s] [ 95%] [32m[1mLinking C shared library rosidl_generator_py/nav_msgs/nav_msgs_s__rosidl_typesupport_fastrtps_c.cpython-310-aarch64-linux-gnu.so[0m
[10.021s] [ 96%] [32m[1mLinking C shared library rosidl_generator_py/nav_msgs/nav_msgs_s__rosidl_typesupport_introspection_c.cpython-310-aarch64-linux-gnu.so[0m
[10.108s] [100%] Built target nav_msgs__rosidl_typesupport_introspection_c__pyext
[10.109s] [100%] Built target nav_msgs__rosidl_typesupport_c__pyext
[10.109s] [100%] Built target nav_msgs__rosidl_typesupport_fastrtps_c__pyext
[10.134s] Invoked command in '/home/aajaer/microros_ws/build/nav_msgs' returned '0': AMENT_PREFIX_PATH=/home/aajaer/microros_ws/install/geometry_msgs:/home/aajaer/microros_ws/install/std_msgs:/home/aajaer/microros_ws/install/builtin_interfaces:${AMENT_PREFIX_PATH} CMAKE_PREFIX_PATH=/home/aajaer/microros_ws/install/geometry_msgs:/home/aajaer/microros_ws/install/std_msgs:/home/aajaer/microros_ws/install/builtin_interfaces:/opt/ros/humble:/opt/ros/humble LD_LIBRARY_PATH=/home/aajaer/microros_ws/install/geometry_msgs/lib:/home/aajaer/microros_ws/install/std_msgs/lib:/home/aajaer/microros_ws/install/builtin_interfaces/lib:/opt/ros/humble/opt/rviz_ogre_vendor/lib:/opt/ros/humble/lib/aarch64-linux-gnu:/opt/ros/humble/lib PYTHONPATH=/home/aajaer/microros_ws/install/geometry_msgs/local/lib/python3.10/dist-packages:/home/aajaer/microros_ws/install/std_msgs/local/lib/python3.10/dist-packages:/home/aajaer/microros_ws/install/builtin_interfaces/local/lib/python3.10/dist-packages:${PYTHONPATH} /usr/bin/cmake --build /home/aajaer/microros_ws/build/nav_msgs -- -j8 -l8
[10.137s] Invoking command in '/home/aajaer/microros_ws/build/nav_msgs': AMENT_PREFIX_PATH=/home/aajaer/microros_ws/install/geometry_msgs:/home/aajaer/microros_ws/install/std_msgs:/home/aajaer/microros_ws/install/builtin_interfaces:${AMENT_PREFIX_PATH} CMAKE_PREFIX_PATH=/home/aajaer/microros_ws/install/geometry_msgs:/home/aajaer/microros_ws/install/std_msgs:/home/aajaer/microros_ws/install/builtin_interfaces:/opt/ros/humble:/opt/ros/humble LD_LIBRARY_PATH=/home/aajaer/microros_ws/install/geometry_msgs/lib:/home/aajaer/microros_ws/install/std_msgs/lib:/home/aajaer/microros_ws/install/builtin_interfaces/lib:/opt/ros/humble/opt/rviz_ogre_vendor/lib:/opt/ros/humble/lib/aarch64-linux-gnu:/opt/ros/humble/lib PYTHONPATH=/home/aajaer/microros_ws/install/geometry_msgs/local/lib/python3.10/dist-packages:/home/aajaer/microros_ws/install/std_msgs/local/lib/python3.10/dist-packages:/home/aajaer/microros_ws/install/builtin_interfaces/local/lib/python3.10/dist-packages:${PYTHONPATH} /usr/bin/cmake --install /home/aajaer/microros_ws/build/nav_msgs
[10.152s] -- Install configuration: ""
[10.153s] -- Execute custom install script
[10.154s] -- Up-to-date symlink: /home/aajaer/microros_ws/install/nav_msgs/share/ament_index/resource_index/rosidl_interfaces/nav_msgs
[10.156s] -- Up-to-date symlink: /home/aajaer/microros_ws/install/nav_msgs/include/nav_msgs/nav_msgs/msg/detail/grid_cells__functions.h
[10.158s] -- Up-to-date symlink: /home/aajaer/microros_ws/install/nav_msgs/include/nav_msgs/nav_msgs/msg/detail/grid_cells__struct.h
[10.158s] -- Up-to-date symlink: /home/aajaer/microros_ws/install/nav_msgs/include/nav_msgs/nav_msgs/msg/detail/grid_cells__type_support.h
[10.158s] -- Up-to-date symlink: /home/aajaer/microros_ws/install/nav_msgs/include/nav_msgs/nav_msgs/msg/detail/map_meta_data__functions.h
[10.158s] -- Up-to-date symlink: /home/aajaer/microros_ws/install/nav_msgs/include/nav_msgs/nav_msgs/msg/detail/map_meta_data__struct.h
[10.158s] -- Up-to-date symlink: /home/aajaer/microros_ws/install/nav_msgs/include/nav_msgs/nav_msgs/msg/detail/map_meta_data__type_support.h
[10.159s] -- Up-to-date symlink: /home/aajaer/microros_ws/install/nav_msgs/include/nav_msgs/nav_msgs/msg/detail/occupancy_grid__functions.h
[10.159s] -- Up-to-date symlink: /home/aajaer/microros_ws/install/nav_msgs/include/nav_msgs/nav_msgs/msg/detail/occupancy_grid__struct.h
[10.159s] -- Up-to-date symlink: /home/aajaer/microros_ws/install/nav_msgs/include/nav_msgs/nav_msgs/msg/detail/occupancy_grid__type_support.h
[10.160s] -- Up-to-date symlink: /home/aajaer/microros_ws/install/nav_msgs/include/nav_msgs/nav_msgs/msg/detail/odometry__functions.h
[10.160s] -- Up-to-date symlink: /home/aajaer/microros_ws/install/nav_msgs/include/nav_msgs/nav_msgs/msg/detail/odometry__struct.h
[10.161s] -- Up-to-date symlink: /home/aajaer/microros_ws/install/nav_msgs/include/nav_msgs/nav_msgs/msg/detail/odometry__type_support.h
[10.161s] -- Up-to-date symlink: /home/aajaer/microros_ws/install/nav_msgs/include/nav_msgs/nav_msgs/msg/detail/path__functions.h
[10.161s] -- Up-to-date symlink: /home/aajaer/microros_ws/install/nav_msgs/include/nav_msgs/nav_msgs/msg/detail/path__struct.h
[10.161s] -- Up-to-date symlink: /home/aajaer/microros_ws/install/nav_msgs/include/nav_msgs/nav_msgs/msg/detail/path__type_support.h
[10.162s] -- Up-to-date symlink: /home/aajaer/microros_ws/install/nav_msgs/include/nav_msgs/nav_msgs/msg/grid_cells.h
[10.162s] -- Up-to-date symlink: /home/aajaer/microros_ws/install/nav_msgs/include/nav_msgs/nav_msgs/msg/map_meta_data.h
[10.162s] -- Up-to-date symlink: /home/aajaer/microros_ws/install/nav_msgs/include/nav_msgs/nav_msgs/msg/occupancy_grid.h
[10.163s] -- Up-to-date symlink: /home/aajaer/microros_ws/install/nav_msgs/include/nav_msgs/nav_msgs/msg/odometry.h
[10.163s] -- Up-to-date symlink: /home/aajaer/microros_ws/install/nav_msgs/include/nav_msgs/nav_msgs/msg/path.h
[10.163s] -- Up-to-date symlink: /home/aajaer/microros_ws/install/nav_msgs/include/nav_msgs/nav_msgs/msg/rosidl_generator_c__visibility_control.h
[10.163s] -- Up-to-date symlink: /home/aajaer/microros_ws/install/nav_msgs/include/nav_msgs/nav_msgs/srv/detail/get_map__functions.h
[10.164s] -- Up-to-date symlink: /home/aajaer/microros_ws/install/nav_msgs/include/nav_msgs/nav_msgs/srv/detail/get_map__struct.h
[10.164s] -- Up-to-date symlink: /home/aajaer/microros_ws/install/nav_msgs/include/nav_msgs/nav_msgs/srv/detail/get_map__type_support.h
[10.164s] -- Up-to-date symlink: /home/aajaer/microros_ws/install/nav_msgs/include/nav_msgs/nav_msgs/srv/detail/get_plan__functions.h
[10.165s] -- Up-to-date symlink: /home/aajaer/microros_ws/install/nav_msgs/include/nav_msgs/nav_msgs/srv/detail/get_plan__struct.h
[10.165s] -- Up-to-date symlink: /home/aajaer/microros_ws/install/nav_msgs/include/nav_msgs/nav_msgs/srv/detail/get_plan__type_support.h
[10.165s] -- Up-to-date symlink: /home/aajaer/microros_ws/install/nav_msgs/include/nav_msgs/nav_msgs/srv/detail/load_map__functions.h
[10.166s] -- Up-to-date symlink: /home/aajaer/microros_ws/install/nav_msgs/include/nav_msgs/nav_msgs/srv/detail/load_map__struct.h
[10.166s] -- Up-to-date symlink: /home/aajaer/microros_ws/install/nav_msgs/include/nav_msgs/nav_msgs/srv/detail/load_map__type_support.h
[10.166s] -- Up-to-date symlink: /home/aajaer/microros_ws/install/nav_msgs/include/nav_msgs/nav_msgs/srv/detail/set_map__functions.h
[10.167s] -- Up-to-date symlink: /home/aajaer/microros_ws/install/nav_msgs/include/nav_msgs/nav_msgs/srv/detail/set_map__struct.h
[10.167s] -- Up-to-date symlink: /home/aajaer/microros_ws/install/nav_msgs/include/nav_msgs/nav_msgs/srv/detail/set_map__type_support.h
[10.167s] -- Up-to-date symlink: /home/aajaer/microros_ws/install/nav_msgs/include/nav_msgs/nav_msgs/srv/get_map.h
[10.167s] -- Up-to-date symlink: /home/aajaer/microros_ws/install/nav_msgs/include/nav_msgs/nav_msgs/srv/get_plan.h
[10.168s] -- Up-to-date symlink: /home/aajaer/microros_ws/install/nav_msgs/include/nav_msgs/nav_msgs/srv/load_map.h
[10.168s] -- Up-to-date symlink: /home/aajaer/microros_ws/install/nav_msgs/include/nav_msgs/nav_msgs/srv/set_map.h
[10.168s] -- Up-to-date symlink: /home/aajaer/microros_ws/install/nav_msgs/share/nav_msgs/environment/library_path.sh
[10.169s] -- Up-to-date symlink: /home/aajaer/microros_ws/install/nav_msgs/share/nav_msgs/environment/library_path.dsv
[10.170s] -- Up-to-date symlink: /home/aajaer/microros_ws/install/nav_msgs/include/nav_msgs/nav_msgs/msg/detail/grid_cells__rosidl_typesupport_fastrtps_c.h
[10.170s] -- Up-to-date symlink: /home/aajaer/microros_ws/install/nav_msgs/include/nav_msgs/nav_msgs/msg/detail/map_meta_data__rosidl_typesupport_fastrtps_c.h
[10.171s] -- Up-to-date symlink: /home/aajaer/microros_ws/install/nav_msgs/include/nav_msgs/nav_msgs/msg/detail/occupancy_grid__rosidl_typesupport_fastrtps_c.h
[10.171s] -- Up-to-date symlink: /home/aajaer/microros_ws/install/nav_msgs/include/nav_msgs/nav_msgs/msg/detail/odometry__rosidl_typesupport_fastrtps_c.h
[10.171s] -- Up-to-date symlink: /home/aajaer/microros_ws/install/nav_msgs/include/nav_msgs/nav_msgs/msg/detail/path__rosidl_typesupport_fastrtps_c.h
[10.172s] -- Up-to-date symlink: /home/aajaer/microros_ws/install/nav_msgs/include/nav_msgs/nav_msgs/msg/rosidl_typesupport_fastrtps_c__visibility_control.h
[10.172s] -- Up-to-date symlink: /home/aajaer/microros_ws/install/nav_msgs/include/nav_msgs/nav_msgs/srv/detail/get_map__rosidl_typesupport_fastrtps_c.h
[10.172s] -- Up-to-date symlink: /home/aajaer/microros_ws/install/nav_msgs/include/nav_msgs/nav_msgs/srv/detail/get_plan__rosidl_typesupport_fastrtps_c.h
[10.173s] -- Up-to-date symlink: /home/aajaer/microros_ws/install/nav_msgs/include/nav_msgs/nav_msgs/srv/detail/load_map__rosidl_typesupport_fastrtps_c.h
[10.173s] -- Up-to-date symlink: /home/aajaer/microros_ws/install/nav_msgs/include/nav_msgs/nav_msgs/srv/detail/set_map__rosidl_typesupport_fastrtps_c.h
[10.175s] -- Up-to-date symlink: /home/aajaer/microros_ws/install/nav_msgs/include/nav_msgs/nav_msgs/msg/detail/grid_cells__builder.hpp
[10.175s] -- Up-to-date symlink: /home/aajaer/microros_ws/install/nav_msgs/include/nav_msgs/nav_msgs/msg/detail/grid_cells__struct.hpp
[10.175s] -- Up-to-date symlink: /home/aajaer/microros_ws/install/nav_msgs/include/nav_msgs/nav_msgs/msg/detail/grid_cells__traits.hpp
[10.175s] -- Up-to-date symlink: /home/aajaer/microros_ws/install/nav_msgs/include/nav_msgs/nav_msgs/msg/detail/grid_cells__type_support.hpp
[10.176s] -- Up-to-date symlink: /home/aajaer/microros_ws/install/nav_msgs/include/nav_msgs/nav_msgs/msg/detail/map_meta_data__builder.hpp
[10.176s] -- Up-to-date symlink: /home/aajaer/microros_ws/install/nav_msgs/include/nav_msgs/nav_msgs/msg/detail/map_meta_data__struct.hpp
[10.176s] -- Up-to-date symlink: /home/aajaer/microros_ws/install/nav_msgs/include/nav_msgs/nav_msgs/msg/detail/map_meta_data__traits.hpp
[10.177s] -- Up-to-date symlink: /home/aajaer/microros_ws/install/nav_msgs/include/nav_msgs/nav_msgs/msg/detail/map_meta_data__type_support.hpp
[10.177s] -- Up-to-date symlink: /home/aajaer/microros_ws/install/nav_msgs/include/nav_msgs/nav_msgs/msg/detail/occupancy_grid__builder.hpp
[10.177s] -- Up-to-date symlink: /home/aajaer/microros_ws/install/nav_msgs/include/nav_msgs/nav_msgs/msg/detail/occupancy_grid__struct.hpp
[10.178s] -- Up-to-date symlink: /home/aajaer/microros_ws/install/nav_msgs/include/nav_msgs/nav_msgs/msg/detail/occupancy_grid__traits.hpp
[10.178s] -- Up-to-date symlink: /home/aajaer/microros_ws/install/nav_msgs/include/nav_msgs/nav_msgs/msg/detail/occupancy_grid__type_support.hpp
[10.178s] -- Up-to-date symlink: /home/aajaer/microros_ws/install/nav_msgs/include/nav_msgs/nav_msgs/msg/detail/odometry__builder.hpp
[10.178s] -- Up-to-date symlink: /home/aajaer/microros_ws/install/nav_msgs/include/nav_msgs/nav_msgs/msg/detail/odometry__struct.hpp
[10.179s] -- Up-to-date symlink: /home/aajaer/microros_ws/install/nav_msgs/include/nav_msgs/nav_msgs/msg/detail/odometry__traits.hpp
[10.179s] -- Up-to-date symlink: /home/aajaer/microros_ws/install/nav_msgs/include/nav_msgs/nav_msgs/msg/detail/odometry__type_support.hpp
[10.179s] -- Up-to-date symlink: /home/aajaer/microros_ws/install/nav_msgs/include/nav_msgs/nav_msgs/msg/detail/path__builder.hpp
[10.180s] -- Up-to-date symlink: /home/aajaer/microros_ws/install/nav_msgs/include/nav_msgs/nav_msgs/msg/detail/path__struct.hpp
[10.180s] -- Up-to-date symlink: /home/aajaer/microros_ws/install/nav_msgs/include/nav_msgs/nav_msgs/msg/detail/path__traits.hpp
[10.180s] -- Up-to-date symlink: /home/aajaer/microros_ws/install/nav_msgs/include/nav_msgs/nav_msgs/msg/detail/path__type_support.hpp
[10.180s] -- Up-to-date symlink: /home/aajaer/microros_ws/install/nav_msgs/include/nav_msgs/nav_msgs/msg/grid_cells.hpp
[10.181s] -- Up-to-date symlink: /home/aajaer/microros_ws/install/nav_msgs/include/nav_msgs/nav_msgs/msg/map_meta_data.hpp
[10.181s] -- Up-to-date symlink: /home/aajaer/microros_ws/install/nav_msgs/include/nav_msgs/nav_msgs/msg/occupancy_grid.hpp
[10.181s] -- Up-to-date symlink: /home/aajaer/microros_ws/install/nav_msgs/include/nav_msgs/nav_msgs/msg/odometry.hpp
[10.182s] -- Up-to-date symlink: /home/aajaer/microros_ws/install/nav_msgs/include/nav_msgs/nav_msgs/msg/path.hpp
[10.182s] -- Up-to-date symlink: /home/aajaer/microros_ws/install/nav_msgs/include/nav_msgs/nav_msgs/msg/rosidl_generator_cpp__visibility_control.hpp
[10.182s] -- Up-to-date symlink: /home/aajaer/microros_ws/install/nav_msgs/include/nav_msgs/nav_msgs/srv/detail/get_map__builder.hpp
[10.183s] -- Up-to-date symlink: /home/aajaer/microros_ws/install/nav_msgs/include/nav_msgs/nav_msgs/srv/detail/get_map__struct.hpp
[10.183s] -- Up-to-date symlink: /home/aajaer/microros_ws/install/nav_msgs/include/nav_msgs/nav_msgs/srv/detail/get_map__traits.hpp
[10.183s] -- Up-to-date symlink: /home/aajaer/microros_ws/install/nav_msgs/include/nav_msgs/nav_msgs/srv/detail/get_map__type_support.hpp
[10.183s] -- Up-to-date symlink: /home/aajaer/microros_ws/install/nav_msgs/include/nav_msgs/nav_msgs/srv/detail/get_plan__builder.hpp
[10.184s] -- Up-to-date symlink: /home/aajaer/microros_ws/install/nav_msgs/include/nav_msgs/nav_msgs/srv/detail/get_plan__struct.hpp
[10.184s] -- Up-to-date symlink: /home/aajaer/microros_ws/install/nav_msgs/include/nav_msgs/nav_msgs/srv/detail/get_plan__traits.hpp
[10.184s] -- Up-to-date symlink: /home/aajaer/microros_ws/install/nav_msgs/include/nav_msgs/nav_msgs/srv/detail/get_plan__type_support.hpp
[10.185s] -- Up-to-date symlink: /home/aajaer/microros_ws/install/nav_msgs/include/nav_msgs/nav_msgs/srv/detail/load_map__builder.hpp
[10.185s] -- Up-to-date symlink: /home/aajaer/microros_ws/install/nav_msgs/include/nav_msgs/nav_msgs/srv/detail/load_map__struct.hpp
[10.185s] -- Up-to-date symlink: /home/aajaer/microros_ws/install/nav_msgs/include/nav_msgs/nav_msgs/srv/detail/load_map__traits.hpp
[10.185s] -- Up-to-date symlink: /home/aajaer/microros_ws/install/nav_msgs/include/nav_msgs/nav_msgs/srv/detail/load_map__type_support.hpp
[10.186s] -- Up-to-date symlink: /home/aajaer/microros_ws/install/nav_msgs/include/nav_msgs/nav_msgs/srv/detail/set_map__builder.hpp
[10.186s] -- Up-to-date symlink: /home/aajaer/microros_ws/install/nav_msgs/include/nav_msgs/nav_msgs/srv/detail/set_map__struct.hpp
[10.186s] -- Up-to-date symlink: /home/aajaer/microros_ws/install/nav_msgs/include/nav_msgs/nav_msgs/srv/detail/set_map__traits.hpp
[10.187s] -- Up-to-date symlink: /home/aajaer/microros_ws/install/nav_msgs/include/nav_msgs/nav_msgs/srv/detail/set_map__type_support.hpp
[10.187s] -- Up-to-date symlink: /home/aajaer/microros_ws/install/nav_msgs/include/nav_msgs/nav_msgs/srv/get_map.hpp
[10.187s] -- Up-to-date symlink: /home/aajaer/microros_ws/install/nav_msgs/include/nav_msgs/nav_msgs/srv/get_plan.hpp
[10.187s] -- Up-to-date symlink: /home/aajaer/microros_ws/install/nav_msgs/include/nav_msgs/nav_msgs/srv/load_map.hpp
[10.188s] -- Up-to-date symlink: /home/aajaer/microros_ws/install/nav_msgs/include/nav_msgs/nav_msgs/srv/set_map.hpp
[10.189s] -- Up-to-date symlink: /home/aajaer/microros_ws/install/nav_msgs/include/nav_msgs/nav_msgs/msg/detail/grid_cells__rosidl_typesupport_fastrtps_cpp.hpp
[10.189s] -- Up-to-date symlink: /home/aajaer/microros_ws/install/nav_msgs/include/nav_msgs/nav_msgs/msg/detail/map_meta_data__rosidl_typesupport_fastrtps_cpp.hpp
[10.190s] -- Up-to-date symlink: /home/aajaer/microros_ws/install/nav_msgs/include/nav_msgs/nav_msgs/msg/detail/occupancy_grid__rosidl_typesupport_fastrtps_cpp.hpp
[10.190s] -- Up-to-date symlink: /home/aajaer/microros_ws/install/nav_msgs/include/nav_msgs/nav_msgs/msg/detail/odometry__rosidl_typesupport_fastrtps_cpp.hpp
[10.190s] -- Up-to-date symlink: /home/aajaer/microros_ws/install/nav_msgs/include/nav_msgs/nav_msgs/msg/detail/path__rosidl_typesupport_fastrtps_cpp.hpp
[10.191s] -- Up-to-date symlink: /home/aajaer/microros_ws/install/nav_msgs/include/nav_msgs/nav_msgs/msg/rosidl_typesupport_fastrtps_cpp__visibility_control.h
[10.191s] -- Up-to-date symlink: /home/aajaer/microros_ws/install/nav_msgs/include/nav_msgs/nav_msgs/srv/detail/get_map__rosidl_typesupport_fastrtps_cpp.hpp
[10.191s] -- Up-to-date symlink: /home/aajaer/microros_ws/install/nav_msgs/include/nav_msgs/nav_msgs/srv/detail/get_plan__rosidl_typesupport_fastrtps_cpp.hpp
[10.191s] -- Up-to-date symlink: /home/aajaer/microros_ws/install/nav_msgs/include/nav_msgs/nav_msgs/srv/detail/load_map__rosidl_typesupport_fastrtps_cpp.hpp
[10.192s] -- Up-to-date symlink: /home/aajaer/microros_ws/install/nav_msgs/include/nav_msgs/nav_msgs/srv/detail/set_map__rosidl_typesupport_fastrtps_cpp.hpp
[10.193s] -- Up-to-date symlink: /home/aajaer/microros_ws/install/nav_msgs/include/nav_msgs/nav_msgs/msg/detail/grid_cells__rosidl_typesupport_introspection_c.h
[10.193s] -- Up-to-date symlink: /home/aajaer/microros_ws/install/nav_msgs/include/nav_msgs/nav_msgs/msg/detail/map_meta_data__rosidl_typesupport_introspection_c.h
[10.193s] -- Up-to-date symlink: /home/aajaer/microros_ws/install/nav_msgs/include/nav_msgs/nav_msgs/msg/detail/occupancy_grid__rosidl_typesupport_introspection_c.h
[10.194s] -- Up-to-date symlink: /home/aajaer/microros_ws/install/nav_msgs/include/nav_msgs/nav_msgs/msg/detail/odometry__rosidl_typesupport_introspection_c.h
[10.194s] -- Up-to-date symlink: /home/aajaer/microros_ws/install/nav_msgs/include/nav_msgs/nav_msgs/msg/detail/path__rosidl_typesupport_introspection_c.h
[10.194s] -- Up-to-date symlink: /home/aajaer/microros_ws/install/nav_msgs/include/nav_msgs/nav_msgs/msg/rosidl_typesupport_introspection_c__visibility_control.h
[10.195s] -- Up-to-date symlink: /home/aajaer/microros_ws/install/nav_msgs/include/nav_msgs/nav_msgs/srv/detail/get_map__rosidl_typesupport_introspection_c.h
[10.195s] -- Up-to-date symlink: /home/aajaer/microros_ws/install/nav_msgs/include/nav_msgs/nav_msgs/srv/detail/get_plan__rosidl_typesupport_introspection_c.h
[10.195s] -- Up-to-date symlink: /home/aajaer/microros_ws/install/nav_msgs/include/nav_msgs/nav_msgs/srv/detail/load_map__rosidl_typesupport_introspection_c.h
[10.195s] -- Up-to-date symlink: /home/aajaer/microros_ws/install/nav_msgs/include/nav_msgs/nav_msgs/srv/detail/set_map__rosidl_typesupport_introspection_c.h
[10.197s] -- Up-to-date symlink: /home/aajaer/microros_ws/install/nav_msgs/include/nav_msgs/nav_msgs/msg/detail/grid_cells__rosidl_typesupport_introspection_cpp.hpp
[10.197s] -- Up-to-date symlink: /home/aajaer/microros_ws/install/nav_msgs/include/nav_msgs/nav_msgs/msg/detail/map_meta_data__rosidl_typesupport_introspection_cpp.hpp
[10.197s] -- Up-to-date symlink: /home/aajaer/microros_ws/install/nav_msgs/include/nav_msgs/nav_msgs/msg/detail/occupancy_grid__rosidl_typesupport_introspection_cpp.hpp
[10.198s] -- Up-to-date symlink: /home/aajaer/microros_ws/install/nav_msgs/include/nav_msgs/nav_msgs/msg/detail/odometry__rosidl_typesupport_introspection_cpp.hpp
[10.198s] -- Up-to-date symlink: /home/aajaer/microros_ws/install/nav_msgs/include/nav_msgs/nav_msgs/msg/detail/path__rosidl_typesupport_introspection_cpp.hpp
[10.198s] -- Up-to-date symlink: /home/aajaer/microros_ws/install/nav_msgs/include/nav_msgs/nav_msgs/srv/detail/get_map__rosidl_typesupport_introspection_cpp.hpp
[10.198s] -- Up-to-date symlink: /home/aajaer/microros_ws/install/nav_msgs/include/nav_msgs/nav_msgs/srv/detail/get_plan__rosidl_typesupport_introspection_cpp.hpp
[10.199s] -- Up-to-date symlink: /home/aajaer/microros_ws/install/nav_msgs/include/nav_msgs/nav_msgs/srv/detail/load_map__rosidl_typesupport_introspection_cpp.hpp
[10.199s] -- Up-to-date symlink: /home/aajaer/microros_ws/install/nav_msgs/include/nav_msgs/nav_msgs/srv/detail/set_map__rosidl_typesupport_introspection_cpp.hpp
[10.199s] -- Up-to-date symlink: /home/aajaer/microros_ws/install/nav_msgs/share/nav_msgs/environment/pythonpath.sh
[10.200s] -- Up-to-date symlink: /home/aajaer/microros_ws/install/nav_msgs/share/nav_msgs/environment/pythonpath.dsv
[10.201s] -- Up-to-date symlink: /home/aajaer/microros_ws/install/nav_msgs/local/lib/python3.10/dist-packages/nav_msgs-4.2.4-py3.10.egg-info/PKG-INFO
[10.201s] -- Up-to-date symlink: /home/aajaer/microros_ws/install/nav_msgs/local/lib/python3.10/dist-packages/nav_msgs-4.2.4-py3.10.egg-info/SOURCES.txt
[10.201s] -- Up-to-date symlink: /home/aajaer/microros_ws/install/nav_msgs/local/lib/python3.10/dist-packages/nav_msgs-4.2.4-py3.10.egg-info/dependency_links.txt
[10.202s] -- Up-to-date symlink: /home/aajaer/microros_ws/install/nav_msgs/local/lib/python3.10/dist-packages/nav_msgs-4.2.4-py3.10.egg-info/top_level.txt
[10.205s] -- Up-to-date symlink: /home/aajaer/microros_ws/install/nav_msgs/local/lib/python3.10/dist-packages/nav_msgs/__init__.py
[10.205s] -- Up-to-date symlink: /home/aajaer/microros_ws/install/nav_msgs/local/lib/python3.10/dist-packages/nav_msgs/_nav_msgs_s.ep.rosidl_typesupport_c.c
[10.205s] -- Up-to-date symlink: /home/aajaer/microros_ws/install/nav_msgs/local/lib/python3.10/dist-packages/nav_msgs/_nav_msgs_s.ep.rosidl_typesupport_fastrtps_c.c
[10.205s] -- Up-to-date symlink: /home/aajaer/microros_ws/install/nav_msgs/local/lib/python3.10/dist-packages/nav_msgs/_nav_msgs_s.ep.rosidl_typesupport_introspection_c.c
[10.206s] -- Up-to-date symlink: /home/aajaer/microros_ws/install/nav_msgs/local/lib/python3.10/dist-packages/nav_msgs/_nav_msgs_s.ep.rosidl_typesupport_microxrcedds_c.c
[10.206s] -- Up-to-date symlink: /home/aajaer/microros_ws/install/nav_msgs/local/lib/python3.10/dist-packages/nav_msgs/libnav_msgs__rosidl_generator_py.so
[10.206s] -- Up-to-date symlink: /home/aajaer/microros_ws/install/nav_msgs/local/lib/python3.10/dist-packages/nav_msgs/msg/__init__.py
[10.206s] -- Up-to-date symlink: /home/aajaer/microros_ws/install/nav_msgs/local/lib/python3.10/dist-packages/nav_msgs/msg/_grid_cells.py
[10.206s] -- Up-to-date symlink: /home/aajaer/microros_ws/install/nav_msgs/local/lib/python3.10/dist-packages/nav_msgs/msg/_grid_cells_s.c
[10.206s] -- Up-to-date symlink: /home/aajaer/microros_ws/install/nav_msgs/local/lib/python3.10/dist-packages/nav_msgs/msg/_map_meta_data.py
[10.207s] -- Up-to-date symlink: /home/aajaer/microros_ws/install/nav_msgs/local/lib/python3.10/dist-packages/nav_msgs/msg/_map_meta_data_s.c
[10.207s] -- Up-to-date symlink: /home/aajaer/microros_ws/install/nav_msgs/local/lib/python3.10/dist-packages/nav_msgs/msg/_occupancy_grid.py
[10.207s] -- Up-to-date symlink: /home/aajaer/microros_ws/install/nav_msgs/local/lib/python3.10/dist-packages/nav_msgs/msg/_occupancy_grid_s.c
[10.207s] -- Up-to-date symlink: /home/aajaer/microros_ws/install/nav_msgs/local/lib/python3.10/dist-packages/nav_msgs/msg/_odometry.py
[10.207s] -- Up-to-date symlink: /home/aajaer/microros_ws/install/nav_msgs/local/lib/python3.10/dist-packages/nav_msgs/msg/_odometry_s.c
[10.208s] -- Up-to-date symlink: /home/aajaer/microros_ws/install/nav_msgs/local/lib/python3.10/dist-packages/nav_msgs/msg/_path.py
[10.208s] -- Up-to-date symlink: /home/aajaer/microros_ws/install/nav_msgs/local/lib/python3.10/dist-packages/nav_msgs/msg/_path_s.c
[10.208s] -- Up-to-date symlink: /home/aajaer/microros_ws/install/nav_msgs/local/lib/python3.10/dist-packages/nav_msgs/nav_msgs_s__rosidl_typesupport_c.cpython-310-aarch64-linux-gnu.so
[10.209s] -- Up-to-date symlink: /home/aajaer/microros_ws/install/nav_msgs/local/lib/python3.10/dist-packages/nav_msgs/nav_msgs_s__rosidl_typesupport_fastrtps_c.cpython-310-aarch64-linux-gnu.so
[10.209s] -- Up-to-date symlink: /home/aajaer/microros_ws/install/nav_msgs/local/lib/python3.10/dist-packages/nav_msgs/nav_msgs_s__rosidl_typesupport_introspection_c.cpython-310-aarch64-linux-gnu.so
[10.209s] -- Up-to-date symlink: /home/aajaer/microros_ws/install/nav_msgs/local/lib/python3.10/dist-packages/nav_msgs/nav_msgs_s__rosidl_typesupport_microxrcedds_c.cpython-310-aarch64-linux-gnu.so
[10.210s] -- Up-to-date symlink: /home/aajaer/microros_ws/install/nav_msgs/local/lib/python3.10/dist-packages/nav_msgs/srv/__init__.py
[10.210s] -- Up-to-date symlink: /home/aajaer/microros_ws/install/nav_msgs/local/lib/python3.10/dist-packages/nav_msgs/srv/_get_map.py
[10.210s] -- Up-to-date symlink: /home/aajaer/microros_ws/install/nav_msgs/local/lib/python3.10/dist-packages/nav_msgs/srv/_get_map_s.c
[10.210s] -- Up-to-date symlink: /home/aajaer/microros_ws/install/nav_msgs/local/lib/python3.10/dist-packages/nav_msgs/srv/_get_plan.py
[10.211s] -- Up-to-date symlink: /home/aajaer/microros_ws/install/nav_msgs/local/lib/python3.10/dist-packages/nav_msgs/srv/_get_plan_s.c
[10.211s] -- Up-to-date symlink: /home/aajaer/microros_ws/install/nav_msgs/local/lib/python3.10/dist-packages/nav_msgs/srv/_load_map.py
[10.211s] -- Up-to-date symlink: /home/aajaer/microros_ws/install/nav_msgs/local/lib/python3.10/dist-packages/nav_msgs/srv/_load_map_s.c
[10.211s] -- Up-to-date symlink: /home/aajaer/microros_ws/install/nav_msgs/local/lib/python3.10/dist-packages/nav_msgs/srv/_set_map.py
[10.212s] -- Up-to-date symlink: /home/aajaer/microros_ws/install/nav_msgs/local/lib/python3.10/dist-packages/nav_msgs/srv/_set_map_s.c
[10.212s] -- Up-to-date symlink: /home/aajaer/microros_ws/install/nav_msgs/local/lib/python3.10/dist-packages/nav_msgs/nav_msgs_s__rosidl_typesupport_fastrtps_c.cpython-310-aarch64-linux-gnu.so
[10.213s] -- Up-to-date symlink: /home/aajaer/microros_ws/install/nav_msgs/local/lib/python3.10/dist-packages/nav_msgs/nav_msgs_s__rosidl_typesupport_introspection_c.cpython-310-aarch64-linux-gnu.so
[10.213s] -- Up-to-date symlink: /home/aajaer/microros_ws/install/nav_msgs/local/lib/python3.10/dist-packages/nav_msgs/nav_msgs_s__rosidl_typesupport_c.cpython-310-aarch64-linux-gnu.so
[10.214s] -- Up-to-date symlink: /home/aajaer/microros_ws/install/nav_msgs/share/nav_msgs/msg/GridCells.idl
[10.214s] -- Up-to-date symlink: /home/aajaer/microros_ws/install/nav_msgs/share/nav_msgs/msg/MapMetaData.idl
[10.214s] -- Up-to-date symlink: /home/aajaer/microros_ws/install/nav_msgs/share/nav_msgs/msg/OccupancyGrid.idl
[10.215s] -- Up-to-date symlink: /home/aajaer/microros_ws/install/nav_msgs/share/nav_msgs/msg/Odometry.idl
[10.215s] -- Up-to-date symlink: /home/aajaer/microros_ws/install/nav_msgs/share/nav_msgs/msg/Path.idl
[10.216s] -- Up-to-date symlink: /home/aajaer/microros_ws/install/nav_msgs/share/nav_msgs/srv/GetMap.idl
[10.216s] -- Up-to-date symlink: /home/aajaer/microros_ws/install/nav_msgs/share/nav_msgs/srv/GetPlan.idl
[10.216s] -- Up-to-date symlink: /home/aajaer/microros_ws/install/nav_msgs/share/nav_msgs/srv/LoadMap.idl
[10.217s] -- Up-to-date symlink: /home/aajaer/microros_ws/install/nav_msgs/share/nav_msgs/srv/SetMap.idl
[10.217s] -- Up-to-date symlink: /home/aajaer/microros_ws/install/nav_msgs/share/nav_msgs/msg/GridCells.msg
[10.217s] -- Up-to-date symlink: /home/aajaer/microros_ws/install/nav_msgs/share/nav_msgs/msg/MapMetaData.msg
[10.218s] -- Up-to-date symlink: /home/aajaer/microros_ws/install/nav_msgs/share/nav_msgs/msg/OccupancyGrid.msg
[10.218s] -- Up-to-date symlink: /home/aajaer/microros_ws/install/nav_msgs/share/nav_msgs/msg/Odometry.msg
[10.218s] -- Up-to-date symlink: /home/aajaer/microros_ws/install/nav_msgs/share/nav_msgs/msg/Path.msg
[10.219s] -- Up-to-date symlink: /home/aajaer/microros_ws/install/nav_msgs/share/nav_msgs/srv/GetMap.srv
[10.219s] -- Up-to-date symlink: /home/aajaer/microros_ws/install/nav_msgs/share/nav_msgs/srv/GetMap_Request.msg
[10.219s] -- Up-to-date symlink: /home/aajaer/microros_ws/install/nav_msgs/share/nav_msgs/srv/GetMap_Response.msg
[10.220s] -- Up-to-date symlink: /home/aajaer/microros_ws/install/nav_msgs/share/nav_msgs/srv/GetPlan.srv
[10.220s] -- Up-to-date symlink: /home/aajaer/microros_ws/install/nav_msgs/share/nav_msgs/srv/GetPlan_Request.msg
[10.220s] -- Up-to-date symlink: /home/aajaer/microros_ws/install/nav_msgs/share/nav_msgs/srv/GetPlan_Response.msg
[10.221s] -- Up-to-date symlink: /home/aajaer/microros_ws/install/nav_msgs/share/nav_msgs/srv/LoadMap.srv
[10.221s] -- Up-to-date symlink: /home/aajaer/microros_ws/install/nav_msgs/share/nav_msgs/srv/LoadMap_Request.msg
[10.221s] -- Up-to-date symlink: /home/aajaer/microros_ws/install/nav_msgs/share/nav_msgs/srv/LoadMap_Response.msg
[10.222s] -- Up-to-date symlink: /home/aajaer/microros_ws/install/nav_msgs/share/nav_msgs/srv/SetMap.srv
[10.222s] -- Up-to-date symlink: /home/aajaer/microros_ws/install/nav_msgs/share/nav_msgs/srv/SetMap_Request.msg
[10.222s] -- Up-to-date symlink: /home/aajaer/microros_ws/install/nav_msgs/share/nav_msgs/srv/SetMap_Response.msg
[10.223s] -- Up-to-date symlink: /home/aajaer/microros_ws/install/nav_msgs/share/ament_index/resource_index/package_run_dependencies/nav_msgs
[10.223s] -- Up-to-date symlink: /home/aajaer/microros_ws/install/nav_msgs/share/ament_index/resource_index/parent_prefix_path/nav_msgs
[10.224s] -- Up-to-date symlink: /home/aajaer/microros_ws/install/nav_msgs/share/nav_msgs/environment/ament_prefix_path.sh
[10.224s] -- Up-to-date symlink: /home/aajaer/microros_ws/install/nav_msgs/share/nav_msgs/environment/ament_prefix_path.dsv
[10.224s] -- Up-to-date symlink: /home/aajaer/microros_ws/install/nav_msgs/share/nav_msgs/environment/path.sh
[10.225s] -- Up-to-date symlink: /home/aajaer/microros_ws/install/nav_msgs/share/nav_msgs/environment/path.dsv
[10.225s] -- Up-to-date symlink: /home/aajaer/microros_ws/install/nav_msgs/share/nav_msgs/local_setup.bash
[10.225s] -- Up-to-date symlink: /home/aajaer/microros_ws/install/nav_msgs/share/nav_msgs/local_setup.sh
[10.226s] -- Up-to-date symlink: /home/aajaer/microros_ws/install/nav_msgs/share/nav_msgs/local_setup.zsh
[10.226s] -- Up-to-date symlink: /home/aajaer/microros_ws/install/nav_msgs/share/nav_msgs/local_setup.dsv
[10.226s] -- Symlinking: /home/aajaer/microros_ws/install/nav_msgs/share/nav_msgs/package.dsv
[10.244s] -- Up-to-date symlink: /home/aajaer/microros_ws/install/nav_msgs/share/ament_index/resource_index/packages/nav_msgs
[10.244s] -- Up-to-date symlink: /home/aajaer/microros_ws/install/nav_msgs/share/nav_msgs/cmake/rosidl_cmake-extras.cmake
[10.245s] -- Up-to-date symlink: /home/aajaer/microros_ws/install/nav_msgs/share/nav_msgs/cmake/ament_cmake_export_dependencies-extras.cmake
[10.245s] -- Up-to-date symlink: /home/aajaer/microros_ws/install/nav_msgs/share/nav_msgs/cmake/ament_cmake_export_include_directories-extras.cmake
[10.245s] -- Up-to-date symlink: /home/aajaer/microros_ws/install/nav_msgs/share/nav_msgs/cmake/ament_cmake_export_libraries-extras.cmake
[10.246s] -- Up-to-date symlink: /home/aajaer/microros_ws/install/nav_msgs/share/nav_msgs/cmake/ament_cmake_export_targets-extras.cmake
[10.246s] -- Up-to-date symlink: /home/aajaer/microros_ws/install/nav_msgs/share/nav_msgs/cmake/rosidl_cmake_export_typesupport_targets-extras.cmake
[10.246s] -- Up-to-date symlink: /home/aajaer/microros_ws/install/nav_msgs/share/nav_msgs/cmake/rosidl_cmake_export_typesupport_libraries-extras.cmake
[10.247s] -- Up-to-date symlink: /home/aajaer/microros_ws/install/nav_msgs/share/nav_msgs/cmake/nav_msgsConfig.cmake
[10.247s] -- Up-to-date symlink: /home/aajaer/microros_ws/install/nav_msgs/share/nav_msgs/cmake/nav_msgsConfig-version.cmake
[10.247s] -- Up-to-date symlink: /home/aajaer/microros_ws/install/nav_msgs/share/nav_msgs/package.xml
[10.249s] -- Up-to-date: /home/aajaer/microros_ws/install/nav_msgs/lib/libnav_msgs__rosidl_generator_c.so
[10.250s] -- Up-to-date: /home/aajaer/microros_ws/install/nav_msgs/lib/libnav_msgs__rosidl_typesupport_fastrtps_c.so
[10.251s] -- Up-to-date: /home/aajaer/microros_ws/install/nav_msgs/lib/libnav_msgs__rosidl_typesupport_fastrtps_cpp.so
[10.251s] -- Up-to-date: /home/aajaer/microros_ws/install/nav_msgs/lib/libnav_msgs__rosidl_typesupport_introspection_c.so
[10.252s] -- Installing: /home/aajaer/microros_ws/install/nav_msgs/lib/libnav_msgs__rosidl_typesupport_c.so
[10.253s] -- Set runtime path of "/home/aajaer/microros_ws/install/nav_msgs/lib/libnav_msgs__rosidl_typesupport_c.so" to ""
[10.254s] -- Up-to-date: /home/aajaer/microros_ws/install/nav_msgs/lib/libnav_msgs__rosidl_typesupport_introspection_cpp.so
[10.254s] -- Installing: /home/aajaer/microros_ws/install/nav_msgs/lib/libnav_msgs__rosidl_typesupport_cpp.so
[10.255s] -- Set runtime path of "/home/aajaer/microros_ws/install/nav_msgs/lib/libnav_msgs__rosidl_typesupport_cpp.so" to ""
[10.331s] Listing '/home/aajaer/microros_ws/install/nav_msgs/local/lib/python3.10/dist-packages/nav_msgs'...
[10.331s] Compiling '/home/aajaer/microros_ws/install/nav_msgs/local/lib/python3.10/dist-packages/nav_msgs/__init__.py'...
[10.331s] Listing '/home/aajaer/microros_ws/install/nav_msgs/local/lib/python3.10/dist-packages/nav_msgs/msg'...
[10.331s] Listing '/home/aajaer/microros_ws/install/nav_msgs/local/lib/python3.10/dist-packages/nav_msgs/srv'...
[10.344s] -- Installing: /home/aajaer/microros_ws/install/nav_msgs/lib/libnav_msgs__rosidl_generator_py.so
[10.345s] -- Set runtime path of "/home/aajaer/microros_ws/install/nav_msgs/lib/libnav_msgs__rosidl_generator_py.so" to ""
[10.345s] -- Up-to-date: /home/aajaer/microros_ws/install/nav_msgs/share/nav_msgs/cmake/export_nav_msgs__rosidl_generator_cExport.cmake
[10.346s] -- Up-to-date: /home/aajaer/microros_ws/install/nav_msgs/share/nav_msgs/cmake/export_nav_msgs__rosidl_generator_cExport-noconfig.cmake
[10.346s] -- Up-to-date: /home/aajaer/microros_ws/install/nav_msgs/share/nav_msgs/cmake/export_nav_msgs__rosidl_typesupport_fastrtps_cExport.cmake
[10.346s] -- Up-to-date: /home/aajaer/microros_ws/install/nav_msgs/share/nav_msgs/cmake/export_nav_msgs__rosidl_typesupport_fastrtps_cExport-noconfig.cmake
[10.346s] -- Up-to-date: /home/aajaer/microros_ws/install/nav_msgs/share/nav_msgs/cmake/export_nav_msgs__rosidl_generator_cppExport.cmake
[10.347s] -- Up-to-date: /home/aajaer/microros_ws/install/nav_msgs/share/nav_msgs/cmake/export_nav_msgs__rosidl_typesupport_fastrtps_cppExport.cmake
[10.347s] -- Up-to-date: /home/aajaer/microros_ws/install/nav_msgs/share/nav_msgs/cmake/export_nav_msgs__rosidl_typesupport_fastrtps_cppExport-noconfig.cmake
[10.347s] -- Up-to-date: /home/aajaer/microros_ws/install/nav_msgs/share/nav_msgs/cmake/nav_msgs__rosidl_typesupport_introspection_cExport.cmake
[10.347s] -- Up-to-date: /home/aajaer/microros_ws/install/nav_msgs/share/nav_msgs/cmake/nav_msgs__rosidl_typesupport_introspection_cExport-noconfig.cmake
[10.348s] -- Up-to-date: /home/aajaer/microros_ws/install/nav_msgs/share/nav_msgs/cmake/nav_msgs__rosidl_typesupport_cExport.cmake
[10.348s] -- Up-to-date: /home/aajaer/microros_ws/install/nav_msgs/share/nav_msgs/cmake/nav_msgs__rosidl_typesupport_cExport-noconfig.cmake
[10.348s] -- Up-to-date: /home/aajaer/microros_ws/install/nav_msgs/share/nav_msgs/cmake/nav_msgs__rosidl_typesupport_introspection_cppExport.cmake
[10.348s] -- Up-to-date: /home/aajaer/microros_ws/install/nav_msgs/share/nav_msgs/cmake/nav_msgs__rosidl_typesupport_introspection_cppExport-noconfig.cmake
[10.348s] -- Up-to-date: /home/aajaer/microros_ws/install/nav_msgs/share/nav_msgs/cmake/nav_msgs__rosidl_typesupport_cppExport.cmake
[10.348s] -- Up-to-date: /home/aajaer/microros_ws/install/nav_msgs/share/nav_msgs/cmake/nav_msgs__rosidl_typesupport_cppExport-noconfig.cmake
[10.349s] -- Up-to-date: /home/aajaer/microros_ws/install/nav_msgs/share/nav_msgs/cmake/export_nav_msgs__rosidl_generator_pyExport.cmake
[10.349s] -- Up-to-date: /home/aajaer/microros_ws/install/nav_msgs/share/nav_msgs/cmake/export_nav_msgs__rosidl_generator_pyExport-noconfig.cmake
[10.355s] Invoked command in '/home/aajaer/microros_ws/build/nav_msgs' returned '0': AMENT_PREFIX_PATH=/home/aajaer/microros_ws/install/geometry_msgs:/home/aajaer/microros_ws/install/std_msgs:/home/aajaer/microros_ws/install/builtin_interfaces:${AMENT_PREFIX_PATH} CMAKE_PREFIX_PATH=/home/aajaer/microros_ws/install/geometry_msgs:/home/aajaer/microros_ws/install/std_msgs:/home/aajaer/microros_ws/install/builtin_interfaces:/opt/ros/humble:/opt/ros/humble LD_LIBRARY_PATH=/home/aajaer/microros_ws/install/geometry_msgs/lib:/home/aajaer/microros_ws/install/std_msgs/lib:/home/aajaer/microros_ws/install/builtin_interfaces/lib:/opt/ros/humble/opt/rviz_ogre_vendor/lib:/opt/ros/humble/lib/aarch64-linux-gnu:/opt/ros/humble/lib PYTHONPATH=/home/aajaer/microros_ws/install/geometry_msgs/local/lib/python3.10/dist-packages:/home/aajaer/microros_ws/install/std_msgs/local/lib/python3.10/dist-packages:/home/aajaer/microros_ws/install/builtin_interfaces/local/lib/python3.10/dist-packages:${PYTHONPATH} /usr/bin/cmake --install /home/aajaer/microros_ws/build/nav_msgs
