[0.155s] Invoking command in '/home/aajaer/microros_ws/build/composition_interfaces': AMENT_PREFIX_PATH=/home/aajaer/microros_ws/install/rcl_interfaces:/home/aajaer/microros_ws/install/builtin_interfaces:${AMENT_PREFIX_PATH} CMAKE_PREFIX_PATH=/home/aajaer/microros_ws/install/rcl_interfaces:/home/aajaer/microros_ws/install/builtin_interfaces:/opt/ros/humble:/opt/ros/humble LD_LIBRARY_PATH=/home/aajaer/microros_ws/install/rcl_interfaces/lib:/home/aajaer/microros_ws/install/builtin_interfaces/lib:/opt/ros/humble/opt/rviz_ogre_vendor/lib:/opt/ros/humble/lib/aarch64-linux-gnu:/opt/ros/humble/lib PYTHONPATH=/home/aajaer/microros_ws/install/rcl_interfaces/local/lib/python3.10/dist-packages:/home/aajaer/microros_ws/install/builtin_interfaces/local/lib/python3.10/dist-packages:${PYTHONPATH} /usr/bin/cmake /home/aajaer/microros_ws/src/ros2/rcl_interfaces/composition_interfaces -DAMENT_CMAKE_SYMLINK_INSTALL=1 -DCMAKE_INSTALL_PREFIX=/home/aajaer/microros_ws/install/composition_interfaces
[0.530s] -- The C compiler identification is GNU 11.4.0
[0.835s] -- The CXX compiler identification is GNU 11.4.0
[0.861s] -- Detecting C compiler ABI info
[1.265s] -- Detecting C compiler ABI info - done
[1.272s] -- Check for working C compiler: /usr/bin/cc - skipped
[1.272s] -- Detecting C compile features
[1.274s] -- Detecting C compile features - done
[1.280s] -- Detecting CXX compiler ABI info
[1.811s] -- Detecting CXX compiler ABI info - done
[1.825s] -- Check for working CXX compiler: /usr/bin/c++ - skipped
[1.825s] -- Detecting CXX compile features
[1.826s] -- Detecting CXX compile features - done
[1.847s] -- Found ament_cmake: 1.3.11 (/opt/ros/humble/share/ament_cmake/cmake)
[2.649s] -- Found Python3: /usr/bin/python3 (found version "3.10.12") found components: Interpreter 
[2.970s] -- Override CMake install command with custom implementation using symlinks instead of copying resources
[3.077s] -- Found rosidl_default_generators: 1.2.0 (/opt/ros/humble/share/rosidl_default_generators/cmake)
[3.086s] -- Using all available rosidl_typesupport_c: rosidl_typesupport_fastrtps_c;rosidl_typesupport_introspection_c
[3.108s] -- Found rosidl_adapter: 3.1.6 (/opt/ros/humble/share/rosidl_adapter/cmake)
[3.268s] -- Using all available rosidl_typesupport_cpp: rosidl_typesupport_fastrtps_cpp;rosidl_typesupport_introspection_cpp
[3.437s] -- Found rcl_interfaces: 1.2.1 (/home/aajaer/microros_ws/install/rcl_interfaces/share/rcl_interfaces/cmake)
[4.773s] -- Found ament_cmake_cppcheck: 0.12.11 (/opt/ros/humble/share/ament_cmake_cppcheck/cmake)
[4.779s] -- Found ament_cmake_cpplint: 0.12.11 (/opt/ros/humble/share/ament_cmake_cpplint/cmake)
[4.785s] -- Found ament_cmake_uncrustify: 0.12.11 (/opt/ros/humble/share/ament_cmake_uncrustify/cmake)
[4.792s] -- Found ament_cmake_ros: 0.10.0 (/opt/ros/humble/share/ament_cmake_ros/cmake)
[5.642s] -- Using all available rosidl_typesupport_c: rosidl_typesupport_fastrtps_c;rosidl_typesupport_introspection_c
[6.482s] -- Using all available rosidl_typesupport_cpp: rosidl_typesupport_fastrtps_cpp;rosidl_typesupport_introspection_cpp
[6.539s] -- Found PythonInterp: /usr/bin/python3 (found suitable version "3.10.12", minimum required is "3.6") 
[6.539s] -- Found python_cmake_module: 0.10.0 (/opt/ros/humble/share/python_cmake_module/cmake)
[6.605s] -- Found PythonLibs: /usr/lib/aarch64-linux-gnu/libpython3.10.so (found suitable version "3.10.12", minimum required is "3.5") 
[6.605s] -- Using PYTHON_EXECUTABLE: /usr/bin/python3
[6.606s] -- Using PYTHON_INCLUDE_DIRS: /usr/include/python3.10
[6.606s] -- Using PYTHON_LIBRARIES: /usr/lib/aarch64-linux-gnu/libpython3.10.so
[6.666s] -- Found PythonExtra: .so  
[6.804s] -- Found ament_cmake_flake8: 0.12.11 (/opt/ros/humble/share/ament_cmake_flake8/cmake)
[6.810s] -- Found ament_cmake_pep257: 0.12.11 (/opt/ros/humble/share/ament_cmake_pep257/cmake)
[6.917s] -- Configuring done
[7.155s] -- Generating done
[7.210s] -- Build files have been written to: /home/aajaer/microros_ws/build/composition_interfaces
[7.238s] Invoked command in '/home/aajaer/microros_ws/build/composition_interfaces' returned '0': AMENT_PREFIX_PATH=/home/aajaer/microros_ws/install/rcl_interfaces:/home/aajaer/microros_ws/install/builtin_interfaces:${AMENT_PREFIX_PATH} CMAKE_PREFIX_PATH=/home/aajaer/microros_ws/install/rcl_interfaces:/home/aajaer/microros_ws/install/builtin_interfaces:/opt/ros/humble:/opt/ros/humble LD_LIBRARY_PATH=/home/aajaer/microros_ws/install/rcl_interfaces/lib:/home/aajaer/microros_ws/install/builtin_interfaces/lib:/opt/ros/humble/opt/rviz_ogre_vendor/lib:/opt/ros/humble/lib/aarch64-linux-gnu:/opt/ros/humble/lib PYTHONPATH=/home/aajaer/microros_ws/install/rcl_interfaces/local/lib/python3.10/dist-packages:/home/aajaer/microros_ws/install/builtin_interfaces/local/lib/python3.10/dist-packages:${PYTHONPATH} /usr/bin/cmake /home/aajaer/microros_ws/src/ros2/rcl_interfaces/composition_interfaces -DAMENT_CMAKE_SYMLINK_INSTALL=1 -DCMAKE_INSTALL_PREFIX=/home/aajaer/microros_ws/install/composition_interfaces
[7.239s] Invoking command in '/home/aajaer/microros_ws/build/composition_interfaces': AMENT_PREFIX_PATH=/home/aajaer/microros_ws/install/rcl_interfaces:/home/aajaer/microros_ws/install/builtin_interfaces:${AMENT_PREFIX_PATH} CMAKE_PREFIX_PATH=/home/aajaer/microros_ws/install/rcl_interfaces:/home/aajaer/microros_ws/install/builtin_interfaces:/opt/ros/humble:/opt/ros/humble LD_LIBRARY_PATH=/home/aajaer/microros_ws/install/rcl_interfaces/lib:/home/aajaer/microros_ws/install/builtin_interfaces/lib:/opt/ros/humble/opt/rviz_ogre_vendor/lib:/opt/ros/humble/lib/aarch64-linux-gnu:/opt/ros/humble/lib PYTHONPATH=/home/aajaer/microros_ws/install/rcl_interfaces/local/lib/python3.10/dist-packages:/home/aajaer/microros_ws/install/builtin_interfaces/local/lib/python3.10/dist-packages:${PYTHONPATH} /usr/bin/cmake --build /home/aajaer/microros_ws/build/composition_interfaces -- -j8 -l8
[7.358s] [  2%] [34m[1mGenerating C++ code for ROS interfaces[0m
[9.059s] [  2%] Built target composition_interfaces__cpp
[9.112s] [  2%] Built target ament_cmake_python_symlink_composition_interfaces
[9.132s] [  4%] [34m[1mGenerating C++ introspection for ROS interfaces[0m
[10.419s] [  6%] [32mBuilding CXX object CMakeFiles/composition_interfaces__rosidl_typesupport_introspection_cpp.dir/rosidl_typesupport_introspection_cpp/composition_interfaces/srv/detail/load_node__type_support.cpp.o[0m
[12.062s] [  8%] [32mBuilding CXX object CMakeFiles/composition_interfaces__rosidl_typesupport_introspection_cpp.dir/rosidl_typesupport_introspection_cpp/composition_interfaces/srv/detail/unload_node__type_support.cpp.o[0m
[12.941s] [ 10%] [32mBuilding CXX object CMakeFiles/composition_interfaces__rosidl_typesupport_introspection_cpp.dir/rosidl_typesupport_introspection_cpp/composition_interfaces/srv/detail/list_nodes__type_support.cpp.o[0m
[14.026s] [ 12%] [32m[1mLinking CXX shared library libcomposition_interfaces__rosidl_typesupport_introspection_cpp.so[0m
[14.233s] [ 12%] Built target composition_interfaces__rosidl_typesupport_introspection_cpp
[14.816s] running egg_info
[14.817s] creating composition_interfaces.egg-info
[14.817s] writing composition_interfaces.egg-info/PKG-INFO
[14.817s] writing dependency_links to composition_interfaces.egg-info/dependency_links.txt
[14.817s] writing top-level names to composition_interfaces.egg-info/top_level.txt
[14.817s] writing manifest file 'composition_interfaces.egg-info/SOURCES.txt'
[14.818s] reading manifest file 'composition_interfaces.egg-info/SOURCES.txt'
[14.820s] writing manifest file 'composition_interfaces.egg-info/SOURCES.txt'
[14.914s] [ 12%] Built target ament_cmake_python_build_composition_interfaces_egg
[14.935s] [ 14%] [34m[1mGenerating C++ type support for eProsima Fast-RTPS[0m
[16.276s] [ 17%] [32mBuilding CXX object CMakeFiles/composition_interfaces__rosidl_typesupport_fastrtps_cpp.dir/rosidl_typesupport_fastrtps_cpp/composition_interfaces/srv/detail/dds_fastrtps/load_node__type_support.cpp.o[0m
[17.787s] [ 19%] [32mBuilding CXX object CMakeFiles/composition_interfaces__rosidl_typesupport_fastrtps_cpp.dir/rosidl_typesupport_fastrtps_cpp/composition_interfaces/srv/detail/dds_fastrtps/unload_node__type_support.cpp.o[0m
[18.777s] [ 21%] [32mBuilding CXX object CMakeFiles/composition_interfaces__rosidl_typesupport_fastrtps_cpp.dir/rosidl_typesupport_fastrtps_cpp/composition_interfaces/srv/detail/dds_fastrtps/list_nodes__type_support.cpp.o[0m
[20.084s] [ 23%] [32m[1mLinking CXX shared library libcomposition_interfaces__rosidl_typesupport_fastrtps_cpp.so[0m
[20.282s] [ 23%] Built target composition_interfaces__rosidl_typesupport_fastrtps_cpp
[20.305s] [ 25%] [34m[1mGenerating C++ type support dispatch for ROS interfaces[0m
[21.426s] [ 27%] [32mBuilding CXX object CMakeFiles/composition_interfaces__rosidl_typesupport_cpp.dir/rosidl_typesupport_cpp/composition_interfaces/srv/load_node__type_support.cpp.o[0m
[22.086s] [ 29%] [32mBuilding CXX object CMakeFiles/composition_interfaces__rosidl_typesupport_cpp.dir/rosidl_typesupport_cpp/composition_interfaces/srv/unload_node__type_support.cpp.o[0m
[22.715s] [ 31%] [32mBuilding CXX object CMakeFiles/composition_interfaces__rosidl_typesupport_cpp.dir/rosidl_typesupport_cpp/composition_interfaces/srv/list_nodes__type_support.cpp.o[0m
[23.378s] [ 34%] [32m[1mLinking CXX shared library libcomposition_interfaces__rosidl_typesupport_cpp.so[0m
[23.481s] [ 34%] Built target composition_interfaces__rosidl_typesupport_cpp
[23.503s] [ 36%] [34m[1mGenerating C code for ROS interfaces[0m
[25.043s] [ 38%] [32mBuilding C object CMakeFiles/composition_interfaces__rosidl_generator_c.dir/rosidl_generator_c/composition_interfaces/srv/detail/load_node__functions.c.o[0m
[25.211s] [ 40%] [32mBuilding C object CMakeFiles/composition_interfaces__rosidl_generator_c.dir/rosidl_generator_c/composition_interfaces/srv/detail/unload_node__functions.c.o[0m
[25.352s] [ 42%] [32mBuilding C object CMakeFiles/composition_interfaces__rosidl_generator_c.dir/rosidl_generator_c/composition_interfaces/srv/detail/list_nodes__functions.c.o[0m
[25.488s] [ 44%] [32m[1mLinking C shared library libcomposition_interfaces__rosidl_generator_c.so[0m
[25.569s] [ 44%] Built target composition_interfaces__rosidl_generator_c
[25.597s] [ 46%] [34m[1mGenerating C type support for eProsima Fast-RTPS[0m
[26.887s] [ 48%] [32mBuilding CXX object CMakeFiles/composition_interfaces__rosidl_typesupport_fastrtps_c.dir/rosidl_typesupport_fastrtps_c/composition_interfaces/srv/detail/load_node__type_support_c.cpp.o[0m
[27.749s] [ 51%] [32mBuilding CXX object CMakeFiles/composition_interfaces__rosidl_typesupport_fastrtps_c.dir/rosidl_typesupport_fastrtps_c/composition_interfaces/srv/detail/unload_node__type_support_c.cpp.o[0m
[28.575s] [ 53%] [32mBuilding CXX object CMakeFiles/composition_interfaces__rosidl_typesupport_fastrtps_c.dir/rosidl_typesupport_fastrtps_c/composition_interfaces/srv/detail/list_nodes__type_support_c.cpp.o[0m
[29.413s] [ 55%] [32m[1mLinking CXX shared library libcomposition_interfaces__rosidl_typesupport_fastrtps_c.so[0m
[29.585s] [ 55%] Built target composition_interfaces__rosidl_typesupport_fastrtps_c
[29.608s] [ 57%] [34m[1mGenerating C type support dispatch for ROS interfaces[0m
[30.681s] [ 59%] [32mBuilding CXX object CMakeFiles/composition_interfaces__rosidl_typesupport_c.dir/rosidl_typesupport_c/composition_interfaces/srv/load_node__type_support.cpp.o[0m
[30.762s] [ 61%] [32mBuilding CXX object CMakeFiles/composition_interfaces__rosidl_typesupport_c.dir/rosidl_typesupport_c/composition_interfaces/srv/unload_node__type_support.cpp.o[0m
[30.836s] [ 63%] [32mBuilding CXX object CMakeFiles/composition_interfaces__rosidl_typesupport_c.dir/rosidl_typesupport_c/composition_interfaces/srv/list_nodes__type_support.cpp.o[0m
[30.907s] [ 65%] [32m[1mLinking CXX shared library libcomposition_interfaces__rosidl_typesupport_c.so[0m
[30.988s] [ 65%] Built target composition_interfaces__rosidl_typesupport_c
[31.009s] [ 68%] [34m[1mGenerating C introspection for ROS interfaces[0m
[32.225s] [ 70%] [32mBuilding C object CMakeFiles/composition_interfaces__rosidl_typesupport_introspection_c.dir/rosidl_typesupport_introspection_c/composition_interfaces/srv/detail/load_node__type_support.c.o[0m
[32.328s] [ 72%] [32mBuilding C object CMakeFiles/composition_interfaces__rosidl_typesupport_introspection_c.dir/rosidl_typesupport_introspection_c/composition_interfaces/srv/detail/unload_node__type_support.c.o[0m
[32.411s] [ 74%] [32mBuilding C object CMakeFiles/composition_interfaces__rosidl_typesupport_introspection_c.dir/rosidl_typesupport_introspection_c/composition_interfaces/srv/detail/list_nodes__type_support.c.o[0m
[32.501s] [ 76%] [32m[1mLinking C shared library libcomposition_interfaces__rosidl_typesupport_introspection_c.so[0m
[32.560s] [ 76%] Built target composition_interfaces__rosidl_typesupport_introspection_c
[32.601s] [ 76%] Built target composition_interfaces
[32.642s] [ 78%] [34m[1mGenerating Python code for ROS interfaces[0m
[34.886s] [ 78%] Built target composition_interfaces__py
[34.920s] [ 80%] [32mBuilding C object CMakeFiles/composition_interfaces__rosidl_generator_py.dir/rosidl_generator_py/composition_interfaces/srv/_load_node_s.c.o[0m
[35.189s] [ 82%] [32mBuilding C object CMakeFiles/composition_interfaces__rosidl_generator_py.dir/rosidl_generator_py/composition_interfaces/srv/_unload_node_s.c.o[0m
[35.425s] [ 85%] [32mBuilding C object CMakeFiles/composition_interfaces__rosidl_generator_py.dir/rosidl_generator_py/composition_interfaces/srv/_list_nodes_s.c.o[0m
[35.679s] [ 87%] [32m[1mLinking C shared library rosidl_generator_py/composition_interfaces/libcomposition_interfaces__rosidl_generator_py.so[0m
[35.758s] [ 87%] Built target composition_interfaces__rosidl_generator_py
[35.796s] [ 89%] [32mBuilding C object CMakeFiles/composition_interfaces__rosidl_typesupport_fastrtps_c__pyext.dir/rosidl_generator_py/composition_interfaces/_composition_interfaces_s.ep.rosidl_typesupport_fastrtps_c.c.o[0m
[36.039s] [ 91%] [32m[1mLinking C shared library rosidl_generator_py/composition_interfaces/composition_interfaces_s__rosidl_typesupport_fastrtps_c.cpython-310-aarch64-linux-gnu.so[0m
[36.120s] [ 91%] Built target composition_interfaces__rosidl_typesupport_fastrtps_c__pyext
[36.161s] [ 93%] [32mBuilding C object CMakeFiles/composition_interfaces__rosidl_typesupport_c__pyext.dir/rosidl_generator_py/composition_interfaces/_composition_interfaces_s.ep.rosidl_typesupport_c.c.o[0m
[36.410s] [ 95%] [32m[1mLinking C shared library rosidl_generator_py/composition_interfaces/composition_interfaces_s__rosidl_typesupport_c.cpython-310-aarch64-linux-gnu.so[0m
[36.487s] [ 95%] Built target composition_interfaces__rosidl_typesupport_c__pyext
[36.526s] [ 97%] [32mBuilding C object CMakeFiles/composition_interfaces__rosidl_typesupport_introspection_c__pyext.dir/rosidl_generator_py/composition_interfaces/_composition_interfaces_s.ep.rosidl_typesupport_introspection_c.c.o[0m
[36.769s] [100%] [32m[1mLinking C shared library rosidl_generator_py/composition_interfaces/composition_interfaces_s__rosidl_typesupport_introspection_c.cpython-310-aarch64-linux-gnu.so[0m
[36.846s] [100%] Built target composition_interfaces__rosidl_typesupport_introspection_c__pyext
[36.868s] Invoked command in '/home/aajaer/microros_ws/build/composition_interfaces' returned '0': AMENT_PREFIX_PATH=/home/aajaer/microros_ws/install/rcl_interfaces:/home/aajaer/microros_ws/install/builtin_interfaces:${AMENT_PREFIX_PATH} CMAKE_PREFIX_PATH=/home/aajaer/microros_ws/install/rcl_interfaces:/home/aajaer/microros_ws/install/builtin_interfaces:/opt/ros/humble:/opt/ros/humble LD_LIBRARY_PATH=/home/aajaer/microros_ws/install/rcl_interfaces/lib:/home/aajaer/microros_ws/install/builtin_interfaces/lib:/opt/ros/humble/opt/rviz_ogre_vendor/lib:/opt/ros/humble/lib/aarch64-linux-gnu:/opt/ros/humble/lib PYTHONPATH=/home/aajaer/microros_ws/install/rcl_interfaces/local/lib/python3.10/dist-packages:/home/aajaer/microros_ws/install/builtin_interfaces/local/lib/python3.10/dist-packages:${PYTHONPATH} /usr/bin/cmake --build /home/aajaer/microros_ws/build/composition_interfaces -- -j8 -l8
[36.872s] Invoking command in '/home/aajaer/microros_ws/build/composition_interfaces': AMENT_PREFIX_PATH=/home/aajaer/microros_ws/install/rcl_interfaces:/home/aajaer/microros_ws/install/builtin_interfaces:${AMENT_PREFIX_PATH} CMAKE_PREFIX_PATH=/home/aajaer/microros_ws/install/rcl_interfaces:/home/aajaer/microros_ws/install/builtin_interfaces:/opt/ros/humble:/opt/ros/humble LD_LIBRARY_PATH=/home/aajaer/microros_ws/install/rcl_interfaces/lib:/home/aajaer/microros_ws/install/builtin_interfaces/lib:/opt/ros/humble/opt/rviz_ogre_vendor/lib:/opt/ros/humble/lib/aarch64-linux-gnu:/opt/ros/humble/lib PYTHONPATH=/home/aajaer/microros_ws/install/rcl_interfaces/local/lib/python3.10/dist-packages:/home/aajaer/microros_ws/install/builtin_interfaces/local/lib/python3.10/dist-packages:${PYTHONPATH} /usr/bin/cmake --install /home/aajaer/microros_ws/build/composition_interfaces
[36.887s] -- Install configuration: ""
[36.888s] -- Execute custom install script
[36.890s] -- Symlinking: /home/aajaer/microros_ws/install/composition_interfaces/share/ament_index/resource_index/rosidl_interfaces/composition_interfaces
[36.909s] -- Symlinking: /home/aajaer/microros_ws/install/composition_interfaces/include/composition_interfaces/composition_interfaces/msg/rosidl_generator_c__visibility_control.h
[36.928s] -- Symlinking: /home/aajaer/microros_ws/install/composition_interfaces/include/composition_interfaces/composition_interfaces/srv/detail/list_nodes__functions.h
[36.947s] -- Symlinking: /home/aajaer/microros_ws/install/composition_interfaces/include/composition_interfaces/composition_interfaces/srv/detail/list_nodes__struct.h
[36.964s] -- Symlinking: /home/aajaer/microros_ws/install/composition_interfaces/include/composition_interfaces/composition_interfaces/srv/detail/list_nodes__type_support.h
[36.981s] -- Symlinking: /home/aajaer/microros_ws/install/composition_interfaces/include/composition_interfaces/composition_interfaces/srv/detail/load_node__functions.h
[36.999s] -- Symlinking: /home/aajaer/microros_ws/install/composition_interfaces/include/composition_interfaces/composition_interfaces/srv/detail/load_node__struct.h
[37.015s] -- Symlinking: /home/aajaer/microros_ws/install/composition_interfaces/include/composition_interfaces/composition_interfaces/srv/detail/load_node__type_support.h
[37.033s] -- Symlinking: /home/aajaer/microros_ws/install/composition_interfaces/include/composition_interfaces/composition_interfaces/srv/detail/unload_node__functions.h
[37.050s] -- Symlinking: /home/aajaer/microros_ws/install/composition_interfaces/include/composition_interfaces/composition_interfaces/srv/detail/unload_node__struct.h
[37.068s] -- Symlinking: /home/aajaer/microros_ws/install/composition_interfaces/include/composition_interfaces/composition_interfaces/srv/detail/unload_node__type_support.h
[37.086s] -- Symlinking: /home/aajaer/microros_ws/install/composition_interfaces/include/composition_interfaces/composition_interfaces/srv/list_nodes.h
[37.103s] -- Symlinking: /home/aajaer/microros_ws/install/composition_interfaces/include/composition_interfaces/composition_interfaces/srv/load_node.h
[37.121s] -- Symlinking: /home/aajaer/microros_ws/install/composition_interfaces/include/composition_interfaces/composition_interfaces/srv/unload_node.h
[37.140s] -- Symlinking: /home/aajaer/microros_ws/install/composition_interfaces/share/composition_interfaces/environment/library_path.sh
[37.157s] -- Symlinking: /home/aajaer/microros_ws/install/composition_interfaces/share/composition_interfaces/environment/library_path.dsv
[37.175s] -- Symlinking: /home/aajaer/microros_ws/install/composition_interfaces/include/composition_interfaces/composition_interfaces/msg/rosidl_typesupport_fastrtps_c__visibility_control.h
[37.192s] -- Symlinking: /home/aajaer/microros_ws/install/composition_interfaces/include/composition_interfaces/composition_interfaces/srv/detail/list_nodes__rosidl_typesupport_fastrtps_c.h
[37.208s] -- Symlinking: /home/aajaer/microros_ws/install/composition_interfaces/include/composition_interfaces/composition_interfaces/srv/detail/load_node__rosidl_typesupport_fastrtps_c.h
[37.226s] -- Symlinking: /home/aajaer/microros_ws/install/composition_interfaces/include/composition_interfaces/composition_interfaces/srv/detail/unload_node__rosidl_typesupport_fastrtps_c.h
[37.243s] -- Symlinking: /home/aajaer/microros_ws/install/composition_interfaces/include/composition_interfaces/composition_interfaces/msg/rosidl_typesupport_introspection_c__visibility_control.h
[37.261s] -- Symlinking: /home/aajaer/microros_ws/install/composition_interfaces/include/composition_interfaces/composition_interfaces/srv/detail/list_nodes__rosidl_typesupport_introspection_c.h
[37.278s] -- Symlinking: /home/aajaer/microros_ws/install/composition_interfaces/include/composition_interfaces/composition_interfaces/srv/detail/load_node__rosidl_typesupport_introspection_c.h
[37.296s] -- Symlinking: /home/aajaer/microros_ws/install/composition_interfaces/include/composition_interfaces/composition_interfaces/srv/detail/unload_node__rosidl_typesupport_introspection_c.h
[37.313s] -- Symlinking: /home/aajaer/microros_ws/install/composition_interfaces/include/composition_interfaces/composition_interfaces/msg/rosidl_generator_cpp__visibility_control.hpp
[37.331s] -- Symlinking: /home/aajaer/microros_ws/install/composition_interfaces/include/composition_interfaces/composition_interfaces/srv/detail/list_nodes__builder.hpp
[37.347s] -- Symlinking: /home/aajaer/microros_ws/install/composition_interfaces/include/composition_interfaces/composition_interfaces/srv/detail/list_nodes__struct.hpp
[37.365s] -- Symlinking: /home/aajaer/microros_ws/install/composition_interfaces/include/composition_interfaces/composition_interfaces/srv/detail/list_nodes__traits.hpp
[37.383s] -- Symlinking: /home/aajaer/microros_ws/install/composition_interfaces/include/composition_interfaces/composition_interfaces/srv/detail/list_nodes__type_support.hpp
[37.399s] -- Symlinking: /home/aajaer/microros_ws/install/composition_interfaces/include/composition_interfaces/composition_interfaces/srv/detail/load_node__builder.hpp
[37.417s] -- Symlinking: /home/aajaer/microros_ws/install/composition_interfaces/include/composition_interfaces/composition_interfaces/srv/detail/load_node__struct.hpp
[37.436s] -- Symlinking: /home/aajaer/microros_ws/install/composition_interfaces/include/composition_interfaces/composition_interfaces/srv/detail/load_node__traits.hpp
[37.452s] -- Symlinking: /home/aajaer/microros_ws/install/composition_interfaces/include/composition_interfaces/composition_interfaces/srv/detail/load_node__type_support.hpp
[37.468s] -- Symlinking: /home/aajaer/microros_ws/install/composition_interfaces/include/composition_interfaces/composition_interfaces/srv/detail/unload_node__builder.hpp
[37.486s] -- Symlinking: /home/aajaer/microros_ws/install/composition_interfaces/include/composition_interfaces/composition_interfaces/srv/detail/unload_node__struct.hpp
[37.504s] -- Symlinking: /home/aajaer/microros_ws/install/composition_interfaces/include/composition_interfaces/composition_interfaces/srv/detail/unload_node__traits.hpp
[37.521s] -- Symlinking: /home/aajaer/microros_ws/install/composition_interfaces/include/composition_interfaces/composition_interfaces/srv/detail/unload_node__type_support.hpp
[37.538s] -- Symlinking: /home/aajaer/microros_ws/install/composition_interfaces/include/composition_interfaces/composition_interfaces/srv/list_nodes.hpp
[37.555s] -- Symlinking: /home/aajaer/microros_ws/install/composition_interfaces/include/composition_interfaces/composition_interfaces/srv/load_node.hpp
[37.573s] -- Symlinking: /home/aajaer/microros_ws/install/composition_interfaces/include/composition_interfaces/composition_interfaces/srv/unload_node.hpp
[37.591s] -- Symlinking: /home/aajaer/microros_ws/install/composition_interfaces/include/composition_interfaces/composition_interfaces/msg/rosidl_typesupport_fastrtps_cpp__visibility_control.h
[37.607s] -- Symlinking: /home/aajaer/microros_ws/install/composition_interfaces/include/composition_interfaces/composition_interfaces/srv/detail/list_nodes__rosidl_typesupport_fastrtps_cpp.hpp
[37.625s] -- Symlinking: /home/aajaer/microros_ws/install/composition_interfaces/include/composition_interfaces/composition_interfaces/srv/detail/load_node__rosidl_typesupport_fastrtps_cpp.hpp
[37.642s] -- Symlinking: /home/aajaer/microros_ws/install/composition_interfaces/include/composition_interfaces/composition_interfaces/srv/detail/unload_node__rosidl_typesupport_fastrtps_cpp.hpp
[37.660s] -- Symlinking: /home/aajaer/microros_ws/install/composition_interfaces/include/composition_interfaces/composition_interfaces/srv/detail/list_nodes__rosidl_typesupport_introspection_cpp.hpp
[37.678s] -- Symlinking: /home/aajaer/microros_ws/install/composition_interfaces/include/composition_interfaces/composition_interfaces/srv/detail/load_node__rosidl_typesupport_introspection_cpp.hpp
[37.695s] -- Symlinking: /home/aajaer/microros_ws/install/composition_interfaces/include/composition_interfaces/composition_interfaces/srv/detail/unload_node__rosidl_typesupport_introspection_cpp.hpp
[37.714s] -- Symlinking: /home/aajaer/microros_ws/install/composition_interfaces/share/composition_interfaces/environment/pythonpath.sh
[37.732s] -- Symlinking: /home/aajaer/microros_ws/install/composition_interfaces/share/composition_interfaces/environment/pythonpath.dsv
[37.751s] -- Symlinking: /home/aajaer/microros_ws/install/composition_interfaces/local/lib/python3.10/dist-packages/composition_interfaces-1.2.1-py3.10.egg-info/PKG-INFO
[37.768s] -- Symlinking: /home/aajaer/microros_ws/install/composition_interfaces/local/lib/python3.10/dist-packages/composition_interfaces-1.2.1-py3.10.egg-info/SOURCES.txt
[37.785s] -- Symlinking: /home/aajaer/microros_ws/install/composition_interfaces/local/lib/python3.10/dist-packages/composition_interfaces-1.2.1-py3.10.egg-info/dependency_links.txt
[37.802s] -- Symlinking: /home/aajaer/microros_ws/install/composition_interfaces/local/lib/python3.10/dist-packages/composition_interfaces-1.2.1-py3.10.egg-info/top_level.txt
[37.822s] -- Symlinking: /home/aajaer/microros_ws/install/composition_interfaces/local/lib/python3.10/dist-packages/composition_interfaces/__init__.py
[37.837s] -- Symlinking: /home/aajaer/microros_ws/install/composition_interfaces/local/lib/python3.10/dist-packages/composition_interfaces/_composition_interfaces_s.ep.rosidl_typesupport_c.c
[37.855s] -- Symlinking: /home/aajaer/microros_ws/install/composition_interfaces/local/lib/python3.10/dist-packages/composition_interfaces/_composition_interfaces_s.ep.rosidl_typesupport_fastrtps_c.c
[37.873s] -- Symlinking: /home/aajaer/microros_ws/install/composition_interfaces/local/lib/python3.10/dist-packages/composition_interfaces/_composition_interfaces_s.ep.rosidl_typesupport_introspection_c.c
[37.891s] -- Symlinking: /home/aajaer/microros_ws/install/composition_interfaces/local/lib/python3.10/dist-packages/composition_interfaces/composition_interfaces_s__rosidl_typesupport_c.cpython-310-aarch64-linux-gnu.so
[37.908s] -- Symlinking: /home/aajaer/microros_ws/install/composition_interfaces/local/lib/python3.10/dist-packages/composition_interfaces/composition_interfaces_s__rosidl_typesupport_fastrtps_c.cpython-310-aarch64-linux-gnu.so
[37.926s] -- Symlinking: /home/aajaer/microros_ws/install/composition_interfaces/local/lib/python3.10/dist-packages/composition_interfaces/composition_interfaces_s__rosidl_typesupport_introspection_c.cpython-310-aarch64-linux-gnu.so
[37.944s] -- Symlinking: /home/aajaer/microros_ws/install/composition_interfaces/local/lib/python3.10/dist-packages/composition_interfaces/libcomposition_interfaces__rosidl_generator_py.so
[37.962s] -- Symlinking: /home/aajaer/microros_ws/install/composition_interfaces/local/lib/python3.10/dist-packages/composition_interfaces/srv/__init__.py
[37.981s] -- Symlinking: /home/aajaer/microros_ws/install/composition_interfaces/local/lib/python3.10/dist-packages/composition_interfaces/srv/_list_nodes.py
[37.998s] -- Symlinking: /home/aajaer/microros_ws/install/composition_interfaces/local/lib/python3.10/dist-packages/composition_interfaces/srv/_list_nodes_s.c
[38.016s] -- Symlinking: /home/aajaer/microros_ws/install/composition_interfaces/local/lib/python3.10/dist-packages/composition_interfaces/srv/_load_node.py
[38.035s] -- Symlinking: /home/aajaer/microros_ws/install/composition_interfaces/local/lib/python3.10/dist-packages/composition_interfaces/srv/_load_node_s.c
[38.053s] -- Symlinking: /home/aajaer/microros_ws/install/composition_interfaces/local/lib/python3.10/dist-packages/composition_interfaces/srv/_unload_node.py
[38.072s] -- Symlinking: /home/aajaer/microros_ws/install/composition_interfaces/local/lib/python3.10/dist-packages/composition_interfaces/srv/_unload_node_s.c
[38.090s] -- Up-to-date symlink: /home/aajaer/microros_ws/install/composition_interfaces/local/lib/python3.10/dist-packages/composition_interfaces/composition_interfaces_s__rosidl_typesupport_fastrtps_c.cpython-310-aarch64-linux-gnu.so
[38.091s] -- Up-to-date symlink: /home/aajaer/microros_ws/install/composition_interfaces/local/lib/python3.10/dist-packages/composition_interfaces/composition_interfaces_s__rosidl_typesupport_introspection_c.cpython-310-aarch64-linux-gnu.so
[38.091s] -- Up-to-date symlink: /home/aajaer/microros_ws/install/composition_interfaces/local/lib/python3.10/dist-packages/composition_interfaces/composition_interfaces_s__rosidl_typesupport_c.cpython-310-aarch64-linux-gnu.so
[38.092s] -- Symlinking: /home/aajaer/microros_ws/install/composition_interfaces/share/composition_interfaces/srv/LoadNode.idl
[38.108s] -- Symlinking: /home/aajaer/microros_ws/install/composition_interfaces/share/composition_interfaces/srv/ListNodes.idl
[38.126s] -- Symlinking: /home/aajaer/microros_ws/install/composition_interfaces/share/composition_interfaces/srv/UnloadNode.idl
[38.145s] -- Symlinking: /home/aajaer/microros_ws/install/composition_interfaces/share/composition_interfaces/srv/LoadNode.srv
[38.163s] -- Symlinking: /home/aajaer/microros_ws/install/composition_interfaces/share/composition_interfaces/srv/LoadNode_Request.msg
[38.182s] -- Symlinking: /home/aajaer/microros_ws/install/composition_interfaces/share/composition_interfaces/srv/LoadNode_Response.msg
[38.199s] -- Symlinking: /home/aajaer/microros_ws/install/composition_interfaces/share/composition_interfaces/srv/ListNodes.srv
[38.216s] -- Symlinking: /home/aajaer/microros_ws/install/composition_interfaces/share/composition_interfaces/srv/ListNodes_Request.msg
[38.233s] -- Symlinking: /home/aajaer/microros_ws/install/composition_interfaces/share/composition_interfaces/srv/ListNodes_Response.msg
[38.250s] -- Symlinking: /home/aajaer/microros_ws/install/composition_interfaces/share/composition_interfaces/srv/UnloadNode.srv
[38.267s] -- Symlinking: /home/aajaer/microros_ws/install/composition_interfaces/share/composition_interfaces/srv/UnloadNode_Request.msg
[38.284s] -- Symlinking: /home/aajaer/microros_ws/install/composition_interfaces/share/composition_interfaces/srv/UnloadNode_Response.msg
[38.302s] -- Symlinking: /home/aajaer/microros_ws/install/composition_interfaces/share/ament_index/resource_index/package_run_dependencies/composition_interfaces
[38.318s] -- Symlinking: /home/aajaer/microros_ws/install/composition_interfaces/share/ament_index/resource_index/parent_prefix_path/composition_interfaces
[38.336s] -- Symlinking: /home/aajaer/microros_ws/install/composition_interfaces/share/composition_interfaces/environment/ament_prefix_path.sh
[38.354s] -- Symlinking: /home/aajaer/microros_ws/install/composition_interfaces/share/composition_interfaces/environment/ament_prefix_path.dsv
[38.371s] -- Symlinking: /home/aajaer/microros_ws/install/composition_interfaces/share/composition_interfaces/environment/path.sh
[38.389s] -- Symlinking: /home/aajaer/microros_ws/install/composition_interfaces/share/composition_interfaces/environment/path.dsv
[38.406s] -- Symlinking: /home/aajaer/microros_ws/install/composition_interfaces/share/composition_interfaces/local_setup.bash
[38.424s] -- Symlinking: /home/aajaer/microros_ws/install/composition_interfaces/share/composition_interfaces/local_setup.sh
[38.442s] -- Symlinking: /home/aajaer/microros_ws/install/composition_interfaces/share/composition_interfaces/local_setup.zsh
[38.459s] -- Symlinking: /home/aajaer/microros_ws/install/composition_interfaces/share/composition_interfaces/local_setup.dsv
[38.477s] -- Symlinking: /home/aajaer/microros_ws/install/composition_interfaces/share/composition_interfaces/package.dsv
[38.494s] -- Symlinking: /home/aajaer/microros_ws/install/composition_interfaces/share/ament_index/resource_index/packages/composition_interfaces
[38.512s] -- Symlinking: /home/aajaer/microros_ws/install/composition_interfaces/share/composition_interfaces/cmake/rosidl_cmake-extras.cmake
[38.530s] -- Symlinking: /home/aajaer/microros_ws/install/composition_interfaces/share/composition_interfaces/cmake/ament_cmake_export_dependencies-extras.cmake
[38.547s] -- Symlinking: /home/aajaer/microros_ws/install/composition_interfaces/share/composition_interfaces/cmake/ament_cmake_export_include_directories-extras.cmake
[38.566s] -- Symlinking: /home/aajaer/microros_ws/install/composition_interfaces/share/composition_interfaces/cmake/ament_cmake_export_libraries-extras.cmake
[38.583s] -- Symlinking: /home/aajaer/microros_ws/install/composition_interfaces/share/composition_interfaces/cmake/ament_cmake_export_targets-extras.cmake
[38.601s] -- Symlinking: /home/aajaer/microros_ws/install/composition_interfaces/share/composition_interfaces/cmake/rosidl_cmake_export_typesupport_targets-extras.cmake
[38.619s] -- Symlinking: /home/aajaer/microros_ws/install/composition_interfaces/share/composition_interfaces/cmake/rosidl_cmake_export_typesupport_libraries-extras.cmake
[38.637s] -- Symlinking: /home/aajaer/microros_ws/install/composition_interfaces/share/composition_interfaces/cmake/composition_interfacesConfig.cmake
[38.655s] -- Symlinking: /home/aajaer/microros_ws/install/composition_interfaces/share/composition_interfaces/cmake/composition_interfacesConfig-version.cmake
[38.673s] -- Symlinking: /home/aajaer/microros_ws/install/composition_interfaces/share/composition_interfaces/package.xml
[38.691s] -- Installing: /home/aajaer/microros_ws/install/composition_interfaces/lib/libcomposition_interfaces__rosidl_generator_c.so
[38.692s] -- Set runtime path of "/home/aajaer/microros_ws/install/composition_interfaces/lib/libcomposition_interfaces__rosidl_generator_c.so" to ""
[38.692s] -- Installing: /home/aajaer/microros_ws/install/composition_interfaces/lib/libcomposition_interfaces__rosidl_typesupport_fastrtps_c.so
[38.693s] -- Set runtime path of "/home/aajaer/microros_ws/install/composition_interfaces/lib/libcomposition_interfaces__rosidl_typesupport_fastrtps_c.so" to ""
[38.693s] -- Installing: /home/aajaer/microros_ws/install/composition_interfaces/lib/libcomposition_interfaces__rosidl_typesupport_introspection_c.so
[38.694s] -- Set runtime path of "/home/aajaer/microros_ws/install/composition_interfaces/lib/libcomposition_interfaces__rosidl_typesupport_introspection_c.so" to ""
[38.694s] -- Installing: /home/aajaer/microros_ws/install/composition_interfaces/lib/libcomposition_interfaces__rosidl_typesupport_c.so
[38.695s] -- Set runtime path of "/home/aajaer/microros_ws/install/composition_interfaces/lib/libcomposition_interfaces__rosidl_typesupport_c.so" to ""
[38.695s] -- Installing: /home/aajaer/microros_ws/install/composition_interfaces/lib/libcomposition_interfaces__rosidl_typesupport_fastrtps_cpp.so
[38.696s] -- Set runtime path of "/home/aajaer/microros_ws/install/composition_interfaces/lib/libcomposition_interfaces__rosidl_typesupport_fastrtps_cpp.so" to ""
[38.696s] -- Installing: /home/aajaer/microros_ws/install/composition_interfaces/lib/libcomposition_interfaces__rosidl_typesupport_introspection_cpp.so
[38.698s] -- Set runtime path of "/home/aajaer/microros_ws/install/composition_interfaces/lib/libcomposition_interfaces__rosidl_typesupport_introspection_cpp.so" to ""
[38.698s] -- Installing: /home/aajaer/microros_ws/install/composition_interfaces/lib/libcomposition_interfaces__rosidl_typesupport_cpp.so
[38.699s] -- Set runtime path of "/home/aajaer/microros_ws/install/composition_interfaces/lib/libcomposition_interfaces__rosidl_typesupport_cpp.so" to ""
[38.784s] Listing '/home/aajaer/microros_ws/install/composition_interfaces/local/lib/python3.10/dist-packages/composition_interfaces'...
[38.784s] Compiling '/home/aajaer/microros_ws/install/composition_interfaces/local/lib/python3.10/dist-packages/composition_interfaces/__init__.py'...
[38.784s] Listing '/home/aajaer/microros_ws/install/composition_interfaces/local/lib/python3.10/dist-packages/composition_interfaces/srv'...
[38.784s] Compiling '/home/aajaer/microros_ws/install/composition_interfaces/local/lib/python3.10/dist-packages/composition_interfaces/srv/__init__.py'...
[38.785s] Compiling '/home/aajaer/microros_ws/install/composition_interfaces/local/lib/python3.10/dist-packages/composition_interfaces/srv/_list_nodes.py'...
[38.785s] Compiling '/home/aajaer/microros_ws/install/composition_interfaces/local/lib/python3.10/dist-packages/composition_interfaces/srv/_load_node.py'...
[38.785s] Compiling '/home/aajaer/microros_ws/install/composition_interfaces/local/lib/python3.10/dist-packages/composition_interfaces/srv/_unload_node.py'...
[38.798s] -- Installing: /home/aajaer/microros_ws/install/composition_interfaces/lib/libcomposition_interfaces__rosidl_generator_py.so
[38.799s] -- Set runtime path of "/home/aajaer/microros_ws/install/composition_interfaces/lib/libcomposition_interfaces__rosidl_generator_py.so" to ""
[38.799s] -- Installing: /home/aajaer/microros_ws/install/composition_interfaces/share/composition_interfaces/cmake/export_composition_interfaces__rosidl_generator_cExport.cmake
[38.799s] -- Installing: /home/aajaer/microros_ws/install/composition_interfaces/share/composition_interfaces/cmake/export_composition_interfaces__rosidl_generator_cExport-noconfig.cmake
[38.799s] -- Installing: /home/aajaer/microros_ws/install/composition_interfaces/share/composition_interfaces/cmake/export_composition_interfaces__rosidl_typesupport_fastrtps_cExport.cmake
[38.800s] -- Installing: /home/aajaer/microros_ws/install/composition_interfaces/share/composition_interfaces/cmake/export_composition_interfaces__rosidl_typesupport_fastrtps_cExport-noconfig.cmake
[38.800s] -- Installing: /home/aajaer/microros_ws/install/composition_interfaces/share/composition_interfaces/cmake/composition_interfaces__rosidl_typesupport_introspection_cExport.cmake
[38.800s] -- Installing: /home/aajaer/microros_ws/install/composition_interfaces/share/composition_interfaces/cmake/composition_interfaces__rosidl_typesupport_introspection_cExport-noconfig.cmake
[38.801s] -- Installing: /home/aajaer/microros_ws/install/composition_interfaces/share/composition_interfaces/cmake/composition_interfaces__rosidl_typesupport_cExport.cmake
[38.801s] -- Installing: /home/aajaer/microros_ws/install/composition_interfaces/share/composition_interfaces/cmake/composition_interfaces__rosidl_typesupport_cExport-noconfig.cmake
[38.801s] -- Installing: /home/aajaer/microros_ws/install/composition_interfaces/share/composition_interfaces/cmake/export_composition_interfaces__rosidl_generator_cppExport.cmake
[38.802s] -- Installing: /home/aajaer/microros_ws/install/composition_interfaces/share/composition_interfaces/cmake/export_composition_interfaces__rosidl_typesupport_fastrtps_cppExport.cmake
[38.802s] -- Installing: /home/aajaer/microros_ws/install/composition_interfaces/share/composition_interfaces/cmake/export_composition_interfaces__rosidl_typesupport_fastrtps_cppExport-noconfig.cmake
[38.802s] -- Installing: /home/aajaer/microros_ws/install/composition_interfaces/share/composition_interfaces/cmake/composition_interfaces__rosidl_typesupport_introspection_cppExport.cmake
[38.802s] -- Installing: /home/aajaer/microros_ws/install/composition_interfaces/share/composition_interfaces/cmake/composition_interfaces__rosidl_typesupport_introspection_cppExport-noconfig.cmake
[38.803s] -- Installing: /home/aajaer/microros_ws/install/composition_interfaces/share/composition_interfaces/cmake/composition_interfaces__rosidl_typesupport_cppExport.cmake
[38.803s] -- Installing: /home/aajaer/microros_ws/install/composition_interfaces/share/composition_interfaces/cmake/composition_interfaces__rosidl_typesupport_cppExport-noconfig.cmake
[38.803s] -- Installing: /home/aajaer/microros_ws/install/composition_interfaces/share/composition_interfaces/cmake/export_composition_interfaces__rosidl_generator_pyExport.cmake
[38.804s] -- Installing: /home/aajaer/microros_ws/install/composition_interfaces/share/composition_interfaces/cmake/export_composition_interfaces__rosidl_generator_pyExport-noconfig.cmake
[38.810s] Invoked command in '/home/aajaer/microros_ws/build/composition_interfaces' returned '0': AMENT_PREFIX_PATH=/home/aajaer/microros_ws/install/rcl_interfaces:/home/aajaer/microros_ws/install/builtin_interfaces:${AMENT_PREFIX_PATH} CMAKE_PREFIX_PATH=/home/aajaer/microros_ws/install/rcl_interfaces:/home/aajaer/microros_ws/install/builtin_interfaces:/opt/ros/humble:/opt/ros/humble LD_LIBRARY_PATH=/home/aajaer/microros_ws/install/rcl_interfaces/lib:/home/aajaer/microros_ws/install/builtin_interfaces/lib:/opt/ros/humble/opt/rviz_ogre_vendor/lib:/opt/ros/humble/lib/aarch64-linux-gnu:/opt/ros/humble/lib PYTHONPATH=/home/aajaer/microros_ws/install/rcl_interfaces/local/lib/python3.10/dist-packages:/home/aajaer/microros_ws/install/builtin_interfaces/local/lib/python3.10/dist-packages:${PYTHONPATH} /usr/bin/cmake --install /home/aajaer/microros_ws/build/composition_interfaces
