[0.078s] Invoking command in '/home/aajaer/microros_ws/build/shape_msgs': CMAKE_PREFIX_PATH=/home/aajaer/microros_ws/install/geometry_msgs:/home/aajaer/microros_ws/install/std_msgs:/home/aajaer/microros_ws/install/builtin_interfaces:/home/aajaer/microros_ws/install/micro_ros_demos_rclc:/home/aajaer/microros_ws/install/common_interfaces:/home/aajaer/microros_ws/install/visualization_msgs:/home/aajaer/microros_ws/install/test_msgs:/home/aajaer/microros_ws/install/example_interfaces:/home/aajaer/microros_ws/install/action_msgs:/home/aajaer/microros_ws/install/unique_identifier_msgs:/home/aajaer/microros_ws/install/trajectory_msgs:/home/aajaer/microros_ws/install/stereo_msgs:/home/aajaer/microros_ws/install/sllidar_ros2:/home/aajaer/microros_ws/install/std_srvs:/home/aajaer/microros_ws/install/shape_msgs:/home/aajaer/microros_ws/install/sensor_msgs:/home/aajaer/microros_ws/install/nav_msgs:/home/aajaer/microros_ws/install/diagnostic_msgs:/home/aajaer/microros_ws/install/actionlib_msgs:/home/aajaer/microros_ws/install/statistics_msgs:/home/aajaer/microros_ws/install/rosidl_typesupport_microxrcedds_test_msg:/home/aajaer/microros_ws/install/rosidl_typesupport_microxrcedds_cpp_tests:/home/aajaer/microros_ws/install/rmw_microxrcedds:/home/aajaer/microros_ws/install/rosidl_typesupport_microxrcedds_cpp:/home/aajaer/microros_ws/install/rosidl_typesupport_microxrcedds_c_tests:/home/aajaer/microros_ws/install/rosidl_typesupport_microxrcedds_c:/home/aajaer/microros_ws/install/rosgraph_msgs:/home/aajaer/microros_ws/install/rclc_parameter:/home/aajaer/microros_ws/install/rclc:/home/aajaer/microros_ws/install/composition_interfaces:/home/aajaer/microros_ws/install/rcl_interfaces:/home/aajaer/microros_ws/install/microxrcedds_client:/home/aajaer/microros_ws/install/microcdr:/home/aajaer/microros_ws/install/micro_ros_utilities:/home/aajaer/microros_ws/install/micro_ros_setup:/home/aajaer/microros_ws/install/micro_ros_agent:/home/aajaer/microros_ws/install/micro_ros_msgs:/home/aajaer/microros_ws/install/lifecycle_msgs:/home/aajaer/microros_ws/install/complex_msgs:/opt/ros/humble:/opt/ros/humble:/home/aajaer/microros_ws/install/sensor_msgs_py:/home/aajaer/microros_ws/install/motor_control_pkg LD_LIBRARY_PATH=/home/aajaer/microros_ws/install/geometry_msgs/lib:/home/aajaer/microros_ws/install/std_msgs/lib:/home/aajaer/microros_ws/install/builtin_interfaces/lib:/home/aajaer/microros_ws/install/visualization_msgs/lib:/home/aajaer/microros_ws/install/test_msgs/lib:/home/aajaer/microros_ws/install/example_interfaces/lib:/home/aajaer/microros_ws/install/action_msgs/lib:/home/aajaer/microros_ws/install/unique_identifier_msgs/lib:/home/aajaer/microros_ws/install/trajectory_msgs/lib:/home/aajaer/microros_ws/install/stereo_msgs/lib:/home/aajaer/microros_ws/install/std_srvs/lib:/home/aajaer/microros_ws/install/shape_msgs/lib:/home/aajaer/microros_ws/install/sensor_msgs/lib:/home/aajaer/microros_ws/install/nav_msgs/lib:/home/aajaer/microros_ws/install/diagnostic_msgs/lib:/home/aajaer/microros_ws/install/actionlib_msgs/lib:/home/aajaer/microros_ws/install/statistics_msgs/lib:/home/aajaer/microros_ws/install/rosidl_typesupport_microxrcedds_test_msg/lib:/home/aajaer/microros_ws/install/rmw_microxrcedds/lib:/home/aajaer/microros_ws/install/rosidl_typesupport_microxrcedds_cpp/lib:/home/aajaer/microros_ws/install/rosidl_typesupport_microxrcedds_c/lib:/home/aajaer/microros_ws/install/rosgraph_msgs/lib:/home/aajaer/microros_ws/install/rclc_parameter/lib:/home/aajaer/microros_ws/install/rclc/lib:/home/aajaer/microros_ws/install/composition_interfaces/lib:/home/aajaer/microros_ws/install/rcl_interfaces/lib:/home/aajaer/microros_ws/install/micro_ros_utilities/lib:/home/aajaer/microros_ws/install/micro_ros_agent/lib:/home/aajaer/microros_ws/install/micro_ros_msgs/lib:/home/aajaer/microros_ws/install/lifecycle_msgs/lib:/home/aajaer/microros_ws/install/complex_msgs/lib:/opt/ros/humble/opt/rviz_ogre_vendor/lib:/opt/ros/humble/lib/aarch64-linux-gnu:/opt/ros/humble/lib /usr/bin/cmake --build /home/aajaer/microros_ws/build/shape_msgs -- -j8 -l8
[0.284s] [  1%] Built target shape_msgs__cpp
[0.453s] [ 10%] Built target shape_msgs__rosidl_generator_c
[0.458s] [ 10%] Built target ament_cmake_python_symlink_shape_msgs
[0.574s] [ 18%] Built target shape_msgs__rosidl_typesupport_fastrtps_cpp
[0.630s] [ 27%] Built target shape_msgs__rosidl_typesupport_cpp
[0.661s] [ 36%] Built target shape_msgs__rosidl_typesupport_introspection_cpp
[0.665s] [ 44%] Built target shape_msgs__rosidl_typesupport_microxrcedds_cpp
[0.786s] [ 53%] Built target shape_msgs__rosidl_typesupport_fastrtps_c
[0.802s] [ 62%] Built target shape_msgs__rosidl_typesupport_microxrcedds_c
[0.802s] [ 71%] Built target shape_msgs__rosidl_typesupport_introspection_c
[0.827s] [ 79%] Built target shape_msgs__rosidl_typesupport_c
[1.015s] [ 79%] Built target shape_msgs
[1.195s] [ 81%] Built target shape_msgs__py
[1.350s] [ 88%] Built target shape_msgs__rosidl_generator_py
[1.479s] [ 91%] Built target shape_msgs__rosidl_typesupport_microxrcedds_c__pyext
[1.495s] [ 94%] Built target shape_msgs__rosidl_typesupport_introspection_c__pyext
[1.529s] [ 97%] Built target shape_msgs__rosidl_typesupport_fastrtps_c__pyext
[1.534s] [100%] Built target shape_msgs__rosidl_typesupport_c__pyext
[1.774s] running egg_info
[1.774s] writing shape_msgs.egg-info/PKG-INFO
[1.775s] writing dependency_links to shape_msgs.egg-info/dependency_links.txt
[1.775s] writing top-level names to shape_msgs.egg-info/top_level.txt
[1.776s] reading manifest file 'shape_msgs.egg-info/SOURCES.txt'
[1.776s] writing manifest file 'shape_msgs.egg-info/SOURCES.txt'
[2.017s] [100%] Built target ament_cmake_python_build_shape_msgs_egg
[2.291s] Invoked command in '/home/aajaer/microros_ws/build/shape_msgs' returned '0': CMAKE_PREFIX_PATH=/home/aajaer/microros_ws/install/geometry_msgs:/home/aajaer/microros_ws/install/std_msgs:/home/aajaer/microros_ws/install/builtin_interfaces:/home/aajaer/microros_ws/install/micro_ros_demos_rclc:/home/aajaer/microros_ws/install/common_interfaces:/home/aajaer/microros_ws/install/visualization_msgs:/home/aajaer/microros_ws/install/test_msgs:/home/aajaer/microros_ws/install/example_interfaces:/home/aajaer/microros_ws/install/action_msgs:/home/aajaer/microros_ws/install/unique_identifier_msgs:/home/aajaer/microros_ws/install/trajectory_msgs:/home/aajaer/microros_ws/install/stereo_msgs:/home/aajaer/microros_ws/install/sllidar_ros2:/home/aajaer/microros_ws/install/std_srvs:/home/aajaer/microros_ws/install/shape_msgs:/home/aajaer/microros_ws/install/sensor_msgs:/home/aajaer/microros_ws/install/nav_msgs:/home/aajaer/microros_ws/install/diagnostic_msgs:/home/aajaer/microros_ws/install/actionlib_msgs:/home/aajaer/microros_ws/install/statistics_msgs:/home/aajaer/microros_ws/install/rosidl_typesupport_microxrcedds_test_msg:/home/aajaer/microros_ws/install/rosidl_typesupport_microxrcedds_cpp_tests:/home/aajaer/microros_ws/install/rmw_microxrcedds:/home/aajaer/microros_ws/install/rosidl_typesupport_microxrcedds_cpp:/home/aajaer/microros_ws/install/rosidl_typesupport_microxrcedds_c_tests:/home/aajaer/microros_ws/install/rosidl_typesupport_microxrcedds_c:/home/aajaer/microros_ws/install/rosgraph_msgs:/home/aajaer/microros_ws/install/rclc_parameter:/home/aajaer/microros_ws/install/rclc:/home/aajaer/microros_ws/install/composition_interfaces:/home/aajaer/microros_ws/install/rcl_interfaces:/home/aajaer/microros_ws/install/microxrcedds_client:/home/aajaer/microros_ws/install/microcdr:/home/aajaer/microros_ws/install/micro_ros_utilities:/home/aajaer/microros_ws/install/micro_ros_setup:/home/aajaer/microros_ws/install/micro_ros_agent:/home/aajaer/microros_ws/install/micro_ros_msgs:/home/aajaer/microros_ws/install/lifecycle_msgs:/home/aajaer/microros_ws/install/complex_msgs:/opt/ros/humble:/opt/ros/humble:/home/aajaer/microros_ws/install/sensor_msgs_py:/home/aajaer/microros_ws/install/motor_control_pkg LD_LIBRARY_PATH=/home/aajaer/microros_ws/install/geometry_msgs/lib:/home/aajaer/microros_ws/install/std_msgs/lib:/home/aajaer/microros_ws/install/builtin_interfaces/lib:/home/aajaer/microros_ws/install/visualization_msgs/lib:/home/aajaer/microros_ws/install/test_msgs/lib:/home/aajaer/microros_ws/install/example_interfaces/lib:/home/aajaer/microros_ws/install/action_msgs/lib:/home/aajaer/microros_ws/install/unique_identifier_msgs/lib:/home/aajaer/microros_ws/install/trajectory_msgs/lib:/home/aajaer/microros_ws/install/stereo_msgs/lib:/home/aajaer/microros_ws/install/std_srvs/lib:/home/aajaer/microros_ws/install/shape_msgs/lib:/home/aajaer/microros_ws/install/sensor_msgs/lib:/home/aajaer/microros_ws/install/nav_msgs/lib:/home/aajaer/microros_ws/install/diagnostic_msgs/lib:/home/aajaer/microros_ws/install/actionlib_msgs/lib:/home/aajaer/microros_ws/install/statistics_msgs/lib:/home/aajaer/microros_ws/install/rosidl_typesupport_microxrcedds_test_msg/lib:/home/aajaer/microros_ws/install/rmw_microxrcedds/lib:/home/aajaer/microros_ws/install/rosidl_typesupport_microxrcedds_cpp/lib:/home/aajaer/microros_ws/install/rosidl_typesupport_microxrcedds_c/lib:/home/aajaer/microros_ws/install/rosgraph_msgs/lib:/home/aajaer/microros_ws/install/rclc_parameter/lib:/home/aajaer/microros_ws/install/rclc/lib:/home/aajaer/microros_ws/install/composition_interfaces/lib:/home/aajaer/microros_ws/install/rcl_interfaces/lib:/home/aajaer/microros_ws/install/micro_ros_utilities/lib:/home/aajaer/microros_ws/install/micro_ros_agent/lib:/home/aajaer/microros_ws/install/micro_ros_msgs/lib:/home/aajaer/microros_ws/install/lifecycle_msgs/lib:/home/aajaer/microros_ws/install/complex_msgs/lib:/opt/ros/humble/opt/rviz_ogre_vendor/lib:/opt/ros/humble/lib/aarch64-linux-gnu:/opt/ros/humble/lib /usr/bin/cmake --build /home/aajaer/microros_ws/build/shape_msgs -- -j8 -l8
[2.295s] Invoking command in '/home/aajaer/microros_ws/build/shape_msgs': CMAKE_PREFIX_PATH=/home/aajaer/microros_ws/install/geometry_msgs:/home/aajaer/microros_ws/install/std_msgs:/home/aajaer/microros_ws/install/builtin_interfaces:/home/aajaer/microros_ws/install/micro_ros_demos_rclc:/home/aajaer/microros_ws/install/common_interfaces:/home/aajaer/microros_ws/install/visualization_msgs:/home/aajaer/microros_ws/install/test_msgs:/home/aajaer/microros_ws/install/example_interfaces:/home/aajaer/microros_ws/install/action_msgs:/home/aajaer/microros_ws/install/unique_identifier_msgs:/home/aajaer/microros_ws/install/trajectory_msgs:/home/aajaer/microros_ws/install/stereo_msgs:/home/aajaer/microros_ws/install/sllidar_ros2:/home/aajaer/microros_ws/install/std_srvs:/home/aajaer/microros_ws/install/shape_msgs:/home/aajaer/microros_ws/install/sensor_msgs:/home/aajaer/microros_ws/install/nav_msgs:/home/aajaer/microros_ws/install/diagnostic_msgs:/home/aajaer/microros_ws/install/actionlib_msgs:/home/aajaer/microros_ws/install/statistics_msgs:/home/aajaer/microros_ws/install/rosidl_typesupport_microxrcedds_test_msg:/home/aajaer/microros_ws/install/rosidl_typesupport_microxrcedds_cpp_tests:/home/aajaer/microros_ws/install/rmw_microxrcedds:/home/aajaer/microros_ws/install/rosidl_typesupport_microxrcedds_cpp:/home/aajaer/microros_ws/install/rosidl_typesupport_microxrcedds_c_tests:/home/aajaer/microros_ws/install/rosidl_typesupport_microxrcedds_c:/home/aajaer/microros_ws/install/rosgraph_msgs:/home/aajaer/microros_ws/install/rclc_parameter:/home/aajaer/microros_ws/install/rclc:/home/aajaer/microros_ws/install/composition_interfaces:/home/aajaer/microros_ws/install/rcl_interfaces:/home/aajaer/microros_ws/install/microxrcedds_client:/home/aajaer/microros_ws/install/microcdr:/home/aajaer/microros_ws/install/micro_ros_utilities:/home/aajaer/microros_ws/install/micro_ros_setup:/home/aajaer/microros_ws/install/micro_ros_agent:/home/aajaer/microros_ws/install/micro_ros_msgs:/home/aajaer/microros_ws/install/lifecycle_msgs:/home/aajaer/microros_ws/install/complex_msgs:/opt/ros/humble:/opt/ros/humble:/home/aajaer/microros_ws/install/sensor_msgs_py:/home/aajaer/microros_ws/install/motor_control_pkg LD_LIBRARY_PATH=/home/aajaer/microros_ws/install/geometry_msgs/lib:/home/aajaer/microros_ws/install/std_msgs/lib:/home/aajaer/microros_ws/install/builtin_interfaces/lib:/home/aajaer/microros_ws/install/visualization_msgs/lib:/home/aajaer/microros_ws/install/test_msgs/lib:/home/aajaer/microros_ws/install/example_interfaces/lib:/home/aajaer/microros_ws/install/action_msgs/lib:/home/aajaer/microros_ws/install/unique_identifier_msgs/lib:/home/aajaer/microros_ws/install/trajectory_msgs/lib:/home/aajaer/microros_ws/install/stereo_msgs/lib:/home/aajaer/microros_ws/install/std_srvs/lib:/home/aajaer/microros_ws/install/shape_msgs/lib:/home/aajaer/microros_ws/install/sensor_msgs/lib:/home/aajaer/microros_ws/install/nav_msgs/lib:/home/aajaer/microros_ws/install/diagnostic_msgs/lib:/home/aajaer/microros_ws/install/actionlib_msgs/lib:/home/aajaer/microros_ws/install/statistics_msgs/lib:/home/aajaer/microros_ws/install/rosidl_typesupport_microxrcedds_test_msg/lib:/home/aajaer/microros_ws/install/rmw_microxrcedds/lib:/home/aajaer/microros_ws/install/rosidl_typesupport_microxrcedds_cpp/lib:/home/aajaer/microros_ws/install/rosidl_typesupport_microxrcedds_c/lib:/home/aajaer/microros_ws/install/rosgraph_msgs/lib:/home/aajaer/microros_ws/install/rclc_parameter/lib:/home/aajaer/microros_ws/install/rclc/lib:/home/aajaer/microros_ws/install/composition_interfaces/lib:/home/aajaer/microros_ws/install/rcl_interfaces/lib:/home/aajaer/microros_ws/install/micro_ros_utilities/lib:/home/aajaer/microros_ws/install/micro_ros_agent/lib:/home/aajaer/microros_ws/install/micro_ros_msgs/lib:/home/aajaer/microros_ws/install/lifecycle_msgs/lib:/home/aajaer/microros_ws/install/complex_msgs/lib:/opt/ros/humble/opt/rviz_ogre_vendor/lib:/opt/ros/humble/lib/aarch64-linux-gnu:/opt/ros/humble/lib /usr/bin/cmake --install /home/aajaer/microros_ws/build/shape_msgs
[2.339s] -- Install configuration: ""
[2.342s] -- Execute custom install script
[2.344s] -- Up-to-date symlink: /home/aajaer/microros_ws/install/shape_msgs/share/ament_index/resource_index/rosidl_interfaces/shape_msgs
[2.346s] -- Up-to-date symlink: /home/aajaer/microros_ws/install/shape_msgs/include/shape_msgs/shape_msgs/msg/detail/mesh__functions.h
[2.346s] -- Up-to-date symlink: /home/aajaer/microros_ws/install/shape_msgs/include/shape_msgs/shape_msgs/msg/detail/mesh__struct.h
[2.347s] -- Up-to-date symlink: /home/aajaer/microros_ws/install/shape_msgs/include/shape_msgs/shape_msgs/msg/detail/mesh__type_support.h
[2.348s] -- Up-to-date symlink: /home/aajaer/microros_ws/install/shape_msgs/include/shape_msgs/shape_msgs/msg/detail/mesh_triangle__functions.h
[2.348s] -- Up-to-date symlink: /home/aajaer/microros_ws/install/shape_msgs/include/shape_msgs/shape_msgs/msg/detail/mesh_triangle__struct.h
[2.349s] -- Up-to-date symlink: /home/aajaer/microros_ws/install/shape_msgs/include/shape_msgs/shape_msgs/msg/detail/mesh_triangle__type_support.h
[2.350s] -- Up-to-date symlink: /home/aajaer/microros_ws/install/shape_msgs/include/shape_msgs/shape_msgs/msg/detail/plane__functions.h
[2.351s] -- Up-to-date symlink: /home/aajaer/microros_ws/install/shape_msgs/include/shape_msgs/shape_msgs/msg/detail/plane__struct.h
[2.352s] -- Up-to-date symlink: /home/aajaer/microros_ws/install/shape_msgs/include/shape_msgs/shape_msgs/msg/detail/plane__type_support.h
[2.353s] -- Up-to-date symlink: /home/aajaer/microros_ws/install/shape_msgs/include/shape_msgs/shape_msgs/msg/detail/solid_primitive__functions.h
[2.354s] -- Up-to-date symlink: /home/aajaer/microros_ws/install/shape_msgs/include/shape_msgs/shape_msgs/msg/detail/solid_primitive__struct.h
[2.354s] -- Up-to-date symlink: /home/aajaer/microros_ws/install/shape_msgs/include/shape_msgs/shape_msgs/msg/detail/solid_primitive__type_support.h
[2.354s] -- Up-to-date symlink: /home/aajaer/microros_ws/install/shape_msgs/include/shape_msgs/shape_msgs/msg/mesh.h
[2.355s] -- Up-to-date symlink: /home/aajaer/microros_ws/install/shape_msgs/include/shape_msgs/shape_msgs/msg/mesh_triangle.h
[2.355s] -- Up-to-date symlink: /home/aajaer/microros_ws/install/shape_msgs/include/shape_msgs/shape_msgs/msg/plane.h
[2.355s] -- Up-to-date symlink: /home/aajaer/microros_ws/install/shape_msgs/include/shape_msgs/shape_msgs/msg/rosidl_generator_c__visibility_control.h
[2.356s] -- Up-to-date symlink: /home/aajaer/microros_ws/install/shape_msgs/include/shape_msgs/shape_msgs/msg/solid_primitive.h
[2.356s] -- Up-to-date symlink: /home/aajaer/microros_ws/install/shape_msgs/share/shape_msgs/environment/library_path.sh
[2.356s] -- Up-to-date symlink: /home/aajaer/microros_ws/install/shape_msgs/share/shape_msgs/environment/library_path.dsv
[2.356s] -- Up-to-date symlink: /home/aajaer/microros_ws/install/shape_msgs/include/shape_msgs/shape_msgs/msg/detail/mesh__rosidl_typesupport_fastrtps_c.h
[2.357s] -- Up-to-date symlink: /home/aajaer/microros_ws/install/shape_msgs/include/shape_msgs/shape_msgs/msg/detail/mesh_triangle__rosidl_typesupport_fastrtps_c.h
[2.357s] -- Up-to-date symlink: /home/aajaer/microros_ws/install/shape_msgs/include/shape_msgs/shape_msgs/msg/detail/plane__rosidl_typesupport_fastrtps_c.h
[2.357s] -- Up-to-date symlink: /home/aajaer/microros_ws/install/shape_msgs/include/shape_msgs/shape_msgs/msg/detail/solid_primitive__rosidl_typesupport_fastrtps_c.h
[2.357s] -- Up-to-date symlink: /home/aajaer/microros_ws/install/shape_msgs/include/shape_msgs/shape_msgs/msg/rosidl_typesupport_fastrtps_c__visibility_control.h
[2.358s] -- Up-to-date symlink: /home/aajaer/microros_ws/install/shape_msgs/include/shape_msgs/shape_msgs/msg/detail/mesh__builder.hpp
[2.359s] -- Up-to-date symlink: /home/aajaer/microros_ws/install/shape_msgs/include/shape_msgs/shape_msgs/msg/detail/mesh__struct.hpp
[2.359s] -- Up-to-date symlink: /home/aajaer/microros_ws/install/shape_msgs/include/shape_msgs/shape_msgs/msg/detail/mesh__traits.hpp
[2.360s] -- Up-to-date symlink: /home/aajaer/microros_ws/install/shape_msgs/include/shape_msgs/shape_msgs/msg/detail/mesh__type_support.hpp
[2.360s] -- Up-to-date symlink: /home/aajaer/microros_ws/install/shape_msgs/include/shape_msgs/shape_msgs/msg/detail/mesh_triangle__builder.hpp
[2.360s] -- Up-to-date symlink: /home/aajaer/microros_ws/install/shape_msgs/include/shape_msgs/shape_msgs/msg/detail/mesh_triangle__struct.hpp
[2.361s] -- Up-to-date symlink: /home/aajaer/microros_ws/install/shape_msgs/include/shape_msgs/shape_msgs/msg/detail/mesh_triangle__traits.hpp
[2.361s] -- Up-to-date symlink: /home/aajaer/microros_ws/install/shape_msgs/include/shape_msgs/shape_msgs/msg/detail/mesh_triangle__type_support.hpp
[2.361s] -- Up-to-date symlink: /home/aajaer/microros_ws/install/shape_msgs/include/shape_msgs/shape_msgs/msg/detail/plane__builder.hpp
[2.362s] -- Up-to-date symlink: /home/aajaer/microros_ws/install/shape_msgs/include/shape_msgs/shape_msgs/msg/detail/plane__struct.hpp
[2.362s] -- Up-to-date symlink: /home/aajaer/microros_ws/install/shape_msgs/include/shape_msgs/shape_msgs/msg/detail/plane__traits.hpp
[2.363s] -- Up-to-date symlink: /home/aajaer/microros_ws/install/shape_msgs/include/shape_msgs/shape_msgs/msg/detail/plane__type_support.hpp
[2.363s] -- Up-to-date symlink: /home/aajaer/microros_ws/install/shape_msgs/include/shape_msgs/shape_msgs/msg/detail/solid_primitive__builder.hpp
[2.364s] -- Up-to-date symlink: /home/aajaer/microros_ws/install/shape_msgs/include/shape_msgs/shape_msgs/msg/detail/solid_primitive__struct.hpp
[2.364s] -- Up-to-date symlink: /home/aajaer/microros_ws/install/shape_msgs/include/shape_msgs/shape_msgs/msg/detail/solid_primitive__traits.hpp
[2.365s] -- Up-to-date symlink: /home/aajaer/microros_ws/install/shape_msgs/include/shape_msgs/shape_msgs/msg/detail/solid_primitive__type_support.hpp
[2.366s] -- Up-to-date symlink: /home/aajaer/microros_ws/install/shape_msgs/include/shape_msgs/shape_msgs/msg/mesh.hpp
[2.367s] -- Up-to-date symlink: /home/aajaer/microros_ws/install/shape_msgs/include/shape_msgs/shape_msgs/msg/mesh_triangle.hpp
[2.368s] -- Up-to-date symlink: /home/aajaer/microros_ws/install/shape_msgs/include/shape_msgs/shape_msgs/msg/plane.hpp
[2.368s] -- Up-to-date symlink: /home/aajaer/microros_ws/install/shape_msgs/include/shape_msgs/shape_msgs/msg/rosidl_generator_cpp__visibility_control.hpp
[2.369s] -- Up-to-date symlink: /home/aajaer/microros_ws/install/shape_msgs/include/shape_msgs/shape_msgs/msg/solid_primitive.hpp
[2.369s] -- Up-to-date symlink: /home/aajaer/microros_ws/install/shape_msgs/include/shape_msgs/shape_msgs/msg/detail/mesh__rosidl_typesupport_fastrtps_cpp.hpp
[2.370s] -- Up-to-date symlink: /home/aajaer/microros_ws/install/shape_msgs/include/shape_msgs/shape_msgs/msg/detail/mesh_triangle__rosidl_typesupport_fastrtps_cpp.hpp
[2.370s] -- Up-to-date symlink: /home/aajaer/microros_ws/install/shape_msgs/include/shape_msgs/shape_msgs/msg/detail/plane__rosidl_typesupport_fastrtps_cpp.hpp
[2.371s] -- Up-to-date symlink: /home/aajaer/microros_ws/install/shape_msgs/include/shape_msgs/shape_msgs/msg/detail/solid_primitive__rosidl_typesupport_fastrtps_cpp.hpp
[2.372s] -- Up-to-date symlink: /home/aajaer/microros_ws/install/shape_msgs/include/shape_msgs/shape_msgs/msg/rosidl_typesupport_fastrtps_cpp__visibility_control.h
[2.372s] -- Up-to-date symlink: /home/aajaer/microros_ws/install/shape_msgs/include/shape_msgs/msg/detail/mesh__rosidl_typesupport_microxrcedds_c.h
[2.373s] -- Up-to-date symlink: /home/aajaer/microros_ws/install/shape_msgs/include/shape_msgs/msg/detail/mesh_triangle__rosidl_typesupport_microxrcedds_c.h
[2.373s] -- Up-to-date symlink: /home/aajaer/microros_ws/install/shape_msgs/include/shape_msgs/msg/detail/plane__rosidl_typesupport_microxrcedds_c.h
[2.373s] -- Up-to-date symlink: /home/aajaer/microros_ws/install/shape_msgs/include/shape_msgs/msg/detail/solid_primitive__rosidl_typesupport_microxrcedds_c.h
[2.374s] -- Up-to-date symlink: /home/aajaer/microros_ws/install/shape_msgs/include/shape_msgs/msg/rosidl_typesupport_microxrcedds_c__visibility_control.h
[2.375s] -- Up-to-date symlink: /home/aajaer/microros_ws/install/shape_msgs/lib/libshape_msgs__rosidl_typesupport_microxrcedds_c.a
[2.375s] -- Up-to-date symlink: /home/aajaer/microros_ws/install/shape_msgs/include/shape_msgs/shape_msgs/msg/detail/mesh__rosidl_typesupport_introspection_c.h
[2.375s] -- Up-to-date symlink: /home/aajaer/microros_ws/install/shape_msgs/include/shape_msgs/shape_msgs/msg/detail/mesh_triangle__rosidl_typesupport_introspection_c.h
[2.376s] -- Up-to-date symlink: /home/aajaer/microros_ws/install/shape_msgs/include/shape_msgs/shape_msgs/msg/detail/plane__rosidl_typesupport_introspection_c.h
[2.376s] -- Up-to-date symlink: /home/aajaer/microros_ws/install/shape_msgs/include/shape_msgs/shape_msgs/msg/detail/solid_primitive__rosidl_typesupport_introspection_c.h
[2.377s] -- Up-to-date symlink: /home/aajaer/microros_ws/install/shape_msgs/include/shape_msgs/shape_msgs/msg/rosidl_typesupport_introspection_c__visibility_control.h
[2.378s] -- Up-to-date symlink: /home/aajaer/microros_ws/install/shape_msgs/include/shape_msgs/msg/detail/mesh__rosidl_typesupport_microxrcedds_cpp.hpp
[2.378s] -- Up-to-date symlink: /home/aajaer/microros_ws/install/shape_msgs/include/shape_msgs/msg/detail/mesh_triangle__rosidl_typesupport_microxrcedds_cpp.hpp
[2.379s] -- Up-to-date symlink: /home/aajaer/microros_ws/install/shape_msgs/include/shape_msgs/msg/detail/microxrcedds/mesh__type_support_cpp.cpp
[2.379s] -- Up-to-date symlink: /home/aajaer/microros_ws/install/shape_msgs/include/shape_msgs/msg/detail/microxrcedds/mesh_triangle__type_support_cpp.cpp
[2.379s] -- Up-to-date symlink: /home/aajaer/microros_ws/install/shape_msgs/include/shape_msgs/msg/detail/microxrcedds/plane__type_support_cpp.cpp
[2.380s] -- Up-to-date symlink: /home/aajaer/microros_ws/install/shape_msgs/include/shape_msgs/msg/detail/microxrcedds/solid_primitive__type_support_cpp.cpp
[2.380s] -- Up-to-date symlink: /home/aajaer/microros_ws/install/shape_msgs/include/shape_msgs/msg/detail/plane__rosidl_typesupport_microxrcedds_cpp.hpp
[2.380s] -- Up-to-date symlink: /home/aajaer/microros_ws/install/shape_msgs/include/shape_msgs/msg/detail/solid_primitive__rosidl_typesupport_microxrcedds_cpp.hpp
[2.380s] -- Up-to-date symlink: /home/aajaer/microros_ws/install/shape_msgs/include/shape_msgs/msg/rosidl_typesupport_microxrcedds_cpp__visibility_control.h
[2.381s] -- Up-to-date symlink: /home/aajaer/microros_ws/install/shape_msgs/lib/libshape_msgs__rosidl_typesupport_microxrcedds_cpp.a
[2.381s] -- Up-to-date symlink: /home/aajaer/microros_ws/install/shape_msgs/include/shape_msgs/shape_msgs/msg/detail/mesh__rosidl_typesupport_introspection_cpp.hpp
[2.381s] -- Up-to-date symlink: /home/aajaer/microros_ws/install/shape_msgs/include/shape_msgs/shape_msgs/msg/detail/mesh_triangle__rosidl_typesupport_introspection_cpp.hpp
[2.382s] -- Up-to-date symlink: /home/aajaer/microros_ws/install/shape_msgs/include/shape_msgs/shape_msgs/msg/detail/plane__rosidl_typesupport_introspection_cpp.hpp
[2.382s] -- Up-to-date symlink: /home/aajaer/microros_ws/install/shape_msgs/include/shape_msgs/shape_msgs/msg/detail/solid_primitive__rosidl_typesupport_introspection_cpp.hpp
[2.382s] -- Up-to-date symlink: /home/aajaer/microros_ws/install/shape_msgs/share/shape_msgs/environment/pythonpath.sh
[2.383s] -- Up-to-date symlink: /home/aajaer/microros_ws/install/shape_msgs/share/shape_msgs/environment/pythonpath.dsv
[2.383s] -- Up-to-date symlink: /home/aajaer/microros_ws/install/shape_msgs/local/lib/python3.10/dist-packages/shape_msgs-4.2.4-py3.10.egg-info/PKG-INFO
[2.383s] -- Up-to-date symlink: /home/aajaer/microros_ws/install/shape_msgs/local/lib/python3.10/dist-packages/shape_msgs-4.2.4-py3.10.egg-info/SOURCES.txt
[2.383s] -- Up-to-date symlink: /home/aajaer/microros_ws/install/shape_msgs/local/lib/python3.10/dist-packages/shape_msgs-4.2.4-py3.10.egg-info/dependency_links.txt
[2.384s] -- Up-to-date symlink: /home/aajaer/microros_ws/install/shape_msgs/local/lib/python3.10/dist-packages/shape_msgs-4.2.4-py3.10.egg-info/top_level.txt
[2.384s] -- Up-to-date symlink: /home/aajaer/microros_ws/install/shape_msgs/local/lib/python3.10/dist-packages/shape_msgs/__init__.py
[2.384s] -- Up-to-date symlink: /home/aajaer/microros_ws/install/shape_msgs/local/lib/python3.10/dist-packages/shape_msgs/_shape_msgs_s.ep.rosidl_typesupport_c.c
[2.385s] -- Up-to-date symlink: /home/aajaer/microros_ws/install/shape_msgs/local/lib/python3.10/dist-packages/shape_msgs/_shape_msgs_s.ep.rosidl_typesupport_fastrtps_c.c
[2.386s] -- Up-to-date symlink: /home/aajaer/microros_ws/install/shape_msgs/local/lib/python3.10/dist-packages/shape_msgs/_shape_msgs_s.ep.rosidl_typesupport_introspection_c.c
[2.386s] -- Up-to-date symlink: /home/aajaer/microros_ws/install/shape_msgs/local/lib/python3.10/dist-packages/shape_msgs/_shape_msgs_s.ep.rosidl_typesupport_microxrcedds_c.c
[2.386s] -- Up-to-date symlink: /home/aajaer/microros_ws/install/shape_msgs/local/lib/python3.10/dist-packages/shape_msgs/libshape_msgs__rosidl_generator_py.so
[2.387s] -- Up-to-date symlink: /home/aajaer/microros_ws/install/shape_msgs/local/lib/python3.10/dist-packages/shape_msgs/msg/__init__.py
[2.387s] -- Up-to-date symlink: /home/aajaer/microros_ws/install/shape_msgs/local/lib/python3.10/dist-packages/shape_msgs/msg/_mesh.py
[2.387s] -- Up-to-date symlink: /home/aajaer/microros_ws/install/shape_msgs/local/lib/python3.10/dist-packages/shape_msgs/msg/_mesh_s.c
[2.388s] -- Up-to-date symlink: /home/aajaer/microros_ws/install/shape_msgs/local/lib/python3.10/dist-packages/shape_msgs/msg/_mesh_triangle.py
[2.388s] -- Up-to-date symlink: /home/aajaer/microros_ws/install/shape_msgs/local/lib/python3.10/dist-packages/shape_msgs/msg/_mesh_triangle_s.c
[2.388s] -- Up-to-date symlink: /home/aajaer/microros_ws/install/shape_msgs/local/lib/python3.10/dist-packages/shape_msgs/msg/_plane.py
[2.389s] -- Up-to-date symlink: /home/aajaer/microros_ws/install/shape_msgs/local/lib/python3.10/dist-packages/shape_msgs/msg/_plane_s.c
[2.390s] -- Up-to-date symlink: /home/aajaer/microros_ws/install/shape_msgs/local/lib/python3.10/dist-packages/shape_msgs/msg/_solid_primitive.py
[2.395s] -- Up-to-date symlink: /home/aajaer/microros_ws/install/shape_msgs/local/lib/python3.10/dist-packages/shape_msgs/msg/_solid_primitive_s.c
[2.395s] -- Up-to-date symlink: /home/aajaer/microros_ws/install/shape_msgs/local/lib/python3.10/dist-packages/shape_msgs/shape_msgs_s__rosidl_typesupport_c.cpython-310-aarch64-linux-gnu.so
[2.396s] -- Up-to-date symlink: /home/aajaer/microros_ws/install/shape_msgs/local/lib/python3.10/dist-packages/shape_msgs/shape_msgs_s__rosidl_typesupport_fastrtps_c.cpython-310-aarch64-linux-gnu.so
[2.397s] -- Up-to-date symlink: /home/aajaer/microros_ws/install/shape_msgs/local/lib/python3.10/dist-packages/shape_msgs/shape_msgs_s__rosidl_typesupport_introspection_c.cpython-310-aarch64-linux-gnu.so
[2.397s] -- Up-to-date symlink: /home/aajaer/microros_ws/install/shape_msgs/local/lib/python3.10/dist-packages/shape_msgs/shape_msgs_s__rosidl_typesupport_microxrcedds_c.cpython-310-aarch64-linux-gnu.so
[2.398s] -- Up-to-date symlink: /home/aajaer/microros_ws/install/shape_msgs/local/lib/python3.10/dist-packages/shape_msgs/shape_msgs_s__rosidl_typesupport_microxrcedds_c.cpython-310-aarch64-linux-gnu.so
[2.399s] -- Up-to-date symlink: /home/aajaer/microros_ws/install/shape_msgs/local/lib/python3.10/dist-packages/shape_msgs/shape_msgs_s__rosidl_typesupport_fastrtps_c.cpython-310-aarch64-linux-gnu.so
[2.400s] -- Up-to-date symlink: /home/aajaer/microros_ws/install/shape_msgs/local/lib/python3.10/dist-packages/shape_msgs/shape_msgs_s__rosidl_typesupport_introspection_c.cpython-310-aarch64-linux-gnu.so
[2.401s] -- Up-to-date symlink: /home/aajaer/microros_ws/install/shape_msgs/local/lib/python3.10/dist-packages/shape_msgs/shape_msgs_s__rosidl_typesupport_c.cpython-310-aarch64-linux-gnu.so
[2.402s] -- Up-to-date symlink: /home/aajaer/microros_ws/install/shape_msgs/share/shape_msgs/msg/Mesh.idl
[2.403s] -- Up-to-date symlink: /home/aajaer/microros_ws/install/shape_msgs/share/shape_msgs/msg/MeshTriangle.idl
[2.404s] -- Up-to-date symlink: /home/aajaer/microros_ws/install/shape_msgs/share/shape_msgs/msg/Plane.idl
[2.404s] -- Up-to-date symlink: /home/aajaer/microros_ws/install/shape_msgs/share/shape_msgs/msg/SolidPrimitive.idl
[2.405s] -- Up-to-date symlink: /home/aajaer/microros_ws/install/shape_msgs/share/shape_msgs/msg/Mesh.msg
[2.406s] -- Up-to-date symlink: /home/aajaer/microros_ws/install/shape_msgs/share/shape_msgs/msg/MeshTriangle.msg
[2.406s] -- Up-to-date symlink: /home/aajaer/microros_ws/install/shape_msgs/share/shape_msgs/msg/Plane.msg
[2.407s] -- Up-to-date symlink: /home/aajaer/microros_ws/install/shape_msgs/share/shape_msgs/msg/SolidPrimitive.msg
[2.408s] -- Up-to-date symlink: /home/aajaer/microros_ws/install/shape_msgs/share/ament_index/resource_index/package_run_dependencies/shape_msgs
[2.408s] -- Up-to-date symlink: /home/aajaer/microros_ws/install/shape_msgs/share/ament_index/resource_index/parent_prefix_path/shape_msgs
[2.409s] -- Up-to-date symlink: /home/aajaer/microros_ws/install/shape_msgs/share/shape_msgs/environment/ament_prefix_path.sh
[2.410s] -- Up-to-date symlink: /home/aajaer/microros_ws/install/shape_msgs/share/shape_msgs/environment/ament_prefix_path.dsv
[2.410s] -- Up-to-date symlink: /home/aajaer/microros_ws/install/shape_msgs/share/shape_msgs/environment/path.sh
[2.411s] -- Up-to-date symlink: /home/aajaer/microros_ws/install/shape_msgs/share/shape_msgs/environment/path.dsv
[2.411s] -- Up-to-date symlink: /home/aajaer/microros_ws/install/shape_msgs/share/shape_msgs/local_setup.bash
[2.412s] -- Up-to-date symlink: /home/aajaer/microros_ws/install/shape_msgs/share/shape_msgs/local_setup.sh
[2.413s] -- Up-to-date symlink: /home/aajaer/microros_ws/install/shape_msgs/share/shape_msgs/local_setup.zsh
[2.414s] -- Up-to-date symlink: /home/aajaer/microros_ws/install/shape_msgs/share/shape_msgs/local_setup.dsv
[2.415s] -- Symlinking: /home/aajaer/microros_ws/install/shape_msgs/share/shape_msgs/package.dsv
[2.415s] -- Up-to-date symlink: /home/aajaer/microros_ws/install/shape_msgs/share/ament_index/resource_index/packages/shape_msgs
[2.416s] -- Up-to-date symlink: /home/aajaer/microros_ws/install/shape_msgs/share/shape_msgs/cmake/rosidl_cmake-extras.cmake
[2.416s] -- Up-to-date symlink: /home/aajaer/microros_ws/install/shape_msgs/share/shape_msgs/cmake/ament_cmake_export_dependencies-extras.cmake
[2.417s] -- Up-to-date symlink: /home/aajaer/microros_ws/install/shape_msgs/share/shape_msgs/cmake/ament_cmake_export_include_directories-extras.cmake
[2.417s] -- Up-to-date symlink: /home/aajaer/microros_ws/install/shape_msgs/share/shape_msgs/cmake/ament_cmake_export_libraries-extras.cmake
[2.418s] -- Up-to-date symlink: /home/aajaer/microros_ws/install/shape_msgs/share/shape_msgs/cmake/ament_cmake_export_targets-extras.cmake
[2.418s] -- Up-to-date symlink: /home/aajaer/microros_ws/install/shape_msgs/share/shape_msgs/cmake/rosidl_cmake_export_typesupport_targets-extras.cmake
[2.419s] -- Up-to-date symlink: /home/aajaer/microros_ws/install/shape_msgs/share/shape_msgs/cmake/rosidl_cmake_export_typesupport_libraries-extras.cmake
[2.419s] -- Up-to-date symlink: /home/aajaer/microros_ws/install/shape_msgs/share/shape_msgs/cmake/shape_msgsConfig.cmake
[2.419s] -- Up-to-date symlink: /home/aajaer/microros_ws/install/shape_msgs/share/shape_msgs/cmake/shape_msgsConfig-version.cmake
[2.420s] -- Up-to-date symlink: /home/aajaer/microros_ws/install/shape_msgs/share/shape_msgs/package.xml
[2.420s] -- Up-to-date: /home/aajaer/microros_ws/install/shape_msgs/lib/libshape_msgs__rosidl_generator_c.so
[2.421s] -- Up-to-date: /home/aajaer/microros_ws/install/shape_msgs/lib/libshape_msgs__rosidl_typesupport_fastrtps_c.so
[2.421s] -- Up-to-date: /home/aajaer/microros_ws/install/shape_msgs/lib/libshape_msgs__rosidl_typesupport_fastrtps_cpp.so
[2.421s] -- Up-to-date: /home/aajaer/microros_ws/install/shape_msgs/lib/libshape_msgs__rosidl_typesupport_introspection_c.so
[2.422s] -- Up-to-date: /home/aajaer/microros_ws/install/shape_msgs/lib/libshape_msgs__rosidl_typesupport_c.so
[2.422s] -- Up-to-date: /home/aajaer/microros_ws/install/shape_msgs/lib/libshape_msgs__rosidl_typesupport_introspection_cpp.so
[2.422s] -- Up-to-date: /home/aajaer/microros_ws/install/shape_msgs/lib/libshape_msgs__rosidl_typesupport_cpp.so
[2.450s] Listing '/home/aajaer/microros_ws/install/shape_msgs/local/lib/python3.10/dist-packages/shape_msgs'...
[2.451s] Listing '/home/aajaer/microros_ws/install/shape_msgs/local/lib/python3.10/dist-packages/shape_msgs/msg'...
[2.451s] -- Up-to-date: /home/aajaer/microros_ws/install/shape_msgs/lib/libshape_msgs__rosidl_generator_py.so
[2.451s] -- Up-to-date: /home/aajaer/microros_ws/install/shape_msgs/share/shape_msgs/cmake/export_shape_msgs__rosidl_generator_cExport.cmake
[2.452s] -- Up-to-date: /home/aajaer/microros_ws/install/shape_msgs/share/shape_msgs/cmake/export_shape_msgs__rosidl_generator_cExport-noconfig.cmake
[2.452s] -- Up-to-date: /home/aajaer/microros_ws/install/shape_msgs/share/shape_msgs/cmake/export_shape_msgs__rosidl_typesupport_fastrtps_cExport.cmake
[2.453s] -- Up-to-date: /home/aajaer/microros_ws/install/shape_msgs/share/shape_msgs/cmake/export_shape_msgs__rosidl_typesupport_fastrtps_cExport-noconfig.cmake
[2.453s] -- Up-to-date: /home/aajaer/microros_ws/install/shape_msgs/share/shape_msgs/cmake/export_shape_msgs__rosidl_generator_cppExport.cmake
[2.453s] -- Up-to-date: /home/aajaer/microros_ws/install/shape_msgs/share/shape_msgs/cmake/export_shape_msgs__rosidl_typesupport_fastrtps_cppExport.cmake
[2.454s] -- Up-to-date: /home/aajaer/microros_ws/install/shape_msgs/share/shape_msgs/cmake/export_shape_msgs__rosidl_typesupport_fastrtps_cppExport-noconfig.cmake
[2.454s] -- Up-to-date: /home/aajaer/microros_ws/install/shape_msgs/share/shape_msgs/cmake/shape_msgs__rosidl_typesupport_introspection_cExport.cmake
[2.455s] -- Up-to-date: /home/aajaer/microros_ws/install/shape_msgs/share/shape_msgs/cmake/shape_msgs__rosidl_typesupport_introspection_cExport-noconfig.cmake
[2.455s] -- Up-to-date: /home/aajaer/microros_ws/install/shape_msgs/share/shape_msgs/cmake/shape_msgs__rosidl_typesupport_cExport.cmake
[2.456s] -- Up-to-date: /home/aajaer/microros_ws/install/shape_msgs/share/shape_msgs/cmake/shape_msgs__rosidl_typesupport_cExport-noconfig.cmake
[2.456s] -- Up-to-date: /home/aajaer/microros_ws/install/shape_msgs/share/shape_msgs/cmake/shape_msgs__rosidl_typesupport_introspection_cppExport.cmake
[2.456s] -- Up-to-date: /home/aajaer/microros_ws/install/shape_msgs/share/shape_msgs/cmake/shape_msgs__rosidl_typesupport_introspection_cppExport-noconfig.cmake
[2.457s] -- Up-to-date: /home/aajaer/microros_ws/install/shape_msgs/share/shape_msgs/cmake/shape_msgs__rosidl_typesupport_cppExport.cmake
[2.457s] -- Up-to-date: /home/aajaer/microros_ws/install/shape_msgs/share/shape_msgs/cmake/shape_msgs__rosidl_typesupport_cppExport-noconfig.cmake
[2.458s] -- Up-to-date: /home/aajaer/microros_ws/install/shape_msgs/share/shape_msgs/cmake/export_shape_msgs__rosidl_generator_pyExport.cmake
[2.458s] -- Up-to-date: /home/aajaer/microros_ws/install/shape_msgs/share/shape_msgs/cmake/export_shape_msgs__rosidl_generator_pyExport-noconfig.cmake
[2.472s] Invoked command in '/home/aajaer/microros_ws/build/shape_msgs' returned '0': CMAKE_PREFIX_PATH=/home/aajaer/microros_ws/install/geometry_msgs:/home/aajaer/microros_ws/install/std_msgs:/home/aajaer/microros_ws/install/builtin_interfaces:/home/aajaer/microros_ws/install/micro_ros_demos_rclc:/home/aajaer/microros_ws/install/common_interfaces:/home/aajaer/microros_ws/install/visualization_msgs:/home/aajaer/microros_ws/install/test_msgs:/home/aajaer/microros_ws/install/example_interfaces:/home/aajaer/microros_ws/install/action_msgs:/home/aajaer/microros_ws/install/unique_identifier_msgs:/home/aajaer/microros_ws/install/trajectory_msgs:/home/aajaer/microros_ws/install/stereo_msgs:/home/aajaer/microros_ws/install/sllidar_ros2:/home/aajaer/microros_ws/install/std_srvs:/home/aajaer/microros_ws/install/shape_msgs:/home/aajaer/microros_ws/install/sensor_msgs:/home/aajaer/microros_ws/install/nav_msgs:/home/aajaer/microros_ws/install/diagnostic_msgs:/home/aajaer/microros_ws/install/actionlib_msgs:/home/aajaer/microros_ws/install/statistics_msgs:/home/aajaer/microros_ws/install/rosidl_typesupport_microxrcedds_test_msg:/home/aajaer/microros_ws/install/rosidl_typesupport_microxrcedds_cpp_tests:/home/aajaer/microros_ws/install/rmw_microxrcedds:/home/aajaer/microros_ws/install/rosidl_typesupport_microxrcedds_cpp:/home/aajaer/microros_ws/install/rosidl_typesupport_microxrcedds_c_tests:/home/aajaer/microros_ws/install/rosidl_typesupport_microxrcedds_c:/home/aajaer/microros_ws/install/rosgraph_msgs:/home/aajaer/microros_ws/install/rclc_parameter:/home/aajaer/microros_ws/install/rclc:/home/aajaer/microros_ws/install/composition_interfaces:/home/aajaer/microros_ws/install/rcl_interfaces:/home/aajaer/microros_ws/install/microxrcedds_client:/home/aajaer/microros_ws/install/microcdr:/home/aajaer/microros_ws/install/micro_ros_utilities:/home/aajaer/microros_ws/install/micro_ros_setup:/home/aajaer/microros_ws/install/micro_ros_agent:/home/aajaer/microros_ws/install/micro_ros_msgs:/home/aajaer/microros_ws/install/lifecycle_msgs:/home/aajaer/microros_ws/install/complex_msgs:/opt/ros/humble:/opt/ros/humble:/home/aajaer/microros_ws/install/sensor_msgs_py:/home/aajaer/microros_ws/install/motor_control_pkg LD_LIBRARY_PATH=/home/aajaer/microros_ws/install/geometry_msgs/lib:/home/aajaer/microros_ws/install/std_msgs/lib:/home/aajaer/microros_ws/install/builtin_interfaces/lib:/home/aajaer/microros_ws/install/visualization_msgs/lib:/home/aajaer/microros_ws/install/test_msgs/lib:/home/aajaer/microros_ws/install/example_interfaces/lib:/home/aajaer/microros_ws/install/action_msgs/lib:/home/aajaer/microros_ws/install/unique_identifier_msgs/lib:/home/aajaer/microros_ws/install/trajectory_msgs/lib:/home/aajaer/microros_ws/install/stereo_msgs/lib:/home/aajaer/microros_ws/install/std_srvs/lib:/home/aajaer/microros_ws/install/shape_msgs/lib:/home/aajaer/microros_ws/install/sensor_msgs/lib:/home/aajaer/microros_ws/install/nav_msgs/lib:/home/aajaer/microros_ws/install/diagnostic_msgs/lib:/home/aajaer/microros_ws/install/actionlib_msgs/lib:/home/aajaer/microros_ws/install/statistics_msgs/lib:/home/aajaer/microros_ws/install/rosidl_typesupport_microxrcedds_test_msg/lib:/home/aajaer/microros_ws/install/rmw_microxrcedds/lib:/home/aajaer/microros_ws/install/rosidl_typesupport_microxrcedds_cpp/lib:/home/aajaer/microros_ws/install/rosidl_typesupport_microxrcedds_c/lib:/home/aajaer/microros_ws/install/rosgraph_msgs/lib:/home/aajaer/microros_ws/install/rclc_parameter/lib:/home/aajaer/microros_ws/install/rclc/lib:/home/aajaer/microros_ws/install/composition_interfaces/lib:/home/aajaer/microros_ws/install/rcl_interfaces/lib:/home/aajaer/microros_ws/install/micro_ros_utilities/lib:/home/aajaer/microros_ws/install/micro_ros_agent/lib:/home/aajaer/microros_ws/install/micro_ros_msgs/lib:/home/aajaer/microros_ws/install/lifecycle_msgs/lib:/home/aajaer/microros_ws/install/complex_msgs/lib:/opt/ros/humble/opt/rviz_ogre_vendor/lib:/opt/ros/humble/lib/aarch64-linux-gnu:/opt/ros/humble/lib /usr/bin/cmake --install /home/aajaer/microros_ws/build/shape_msgs
