[0.106s] Invoking command in '/home/aajaer/microros_ws/build/rmw_microxrcedds': AMENT_PREFIX_PATH=/home/aajaer/microros_ws/install/rosidl_typesupport_microxrcedds_cpp:/home/aajaer/microros_ws/install/rosidl_typesupport_microxrcedds_c:/home/aajaer/microros_ws/install/micro_ros_msgs:${AMENT_PREFIX_PATH} CMAKE_PREFIX_PATH=/home/aajaer/microros_ws/install/rosidl_typesupport_microxrcedds_cpp:/home/aajaer/microros_ws/install/rosidl_typesupport_microxrcedds_c:/home/aajaer/microros_ws/install/microxrcedds_client:/home/aajaer/microros_ws/install/microcdr:/home/aajaer/microros_ws/install/micro_ros_msgs:/opt/ros/humble:/opt/ros/humble LD_LIBRARY_PATH=/home/aajaer/microros_ws/install/rosidl_typesupport_microxrcedds_cpp/lib:/home/aajaer/microros_ws/install/rosidl_typesupport_microxrcedds_c/lib:/home/aajaer/microros_ws/install/micro_ros_msgs/lib:/opt/ros/humble/opt/rviz_ogre_vendor/lib:/opt/ros/humble/lib/aarch64-linux-gnu:/opt/ros/humble/lib PYTHONPATH=/home/aajaer/microros_ws/install/rosidl_typesupport_microxrcedds_cpp/local/lib/python3.10/dist-packages:/home/aajaer/microros_ws/install/rosidl_typesupport_microxrcedds_c/local/lib/python3.10/dist-packages:/home/aajaer/microros_ws/install/micro_ros_msgs/local/lib/python3.10/dist-packages:${PYTHONPATH} /usr/bin/cmake /home/aajaer/microros_ws/src/uros/rmw_microxrcedds/rmw_microxrcedds_c -DCMAKE_INSTALL_PREFIX=/home/aajaer/microros_ws/install/rmw_microxrcedds
[1.129s] -- Found ament_cmake_ros: 0.10.0 (/opt/ros/humble/share/ament_cmake_ros/cmake)
[1.130s] -- Override CMake install command with custom implementation using symlinks instead of copying resources
[1.130s] -- Found rcutils: 5.1.6 (/opt/ros/humble/share/rcutils/cmake)
[1.131s] -- Found rosidl_runtime_c: 3.1.6 (/opt/ros/humble/share/rosidl_runtime_c/cmake)
[1.131s] -- Found rmw: 6.1.2 (/opt/ros/humble/share/rmw/cmake)
[1.131s] -- Found rosidl_typesupport_microxrcedds_c: 3.0.1 (/home/aajaer/microros_ws/install/rosidl_typesupport_microxrcedds_c/share/rosidl_typesupport_microxrcedds_c/cmake)
[1.131s] -- Found rosidl_adapter: 3.1.6 (/opt/ros/humble/share/rosidl_adapter/cmake)
[1.131s] -- Found ament_lint_auto: 0.12.11 (/opt/ros/humble/share/ament_lint_auto/cmake)
[1.131s] -- Found gtest sources under '/opt/ros/humble/src/gtest_vendor': C++ tests using 'Google Test' will be built
[1.131s] -- Added test 'copyright' to check source files copyright and LICENSE
[1.131s] -- Added test 'cppcheck' to perform static code analysis on C / C++ code
[1.132s] -- Configured cppcheck include dirs: $<BUILD_INTERFACE:/home/aajaer/microros_ws/src/uros/rmw_microxrcedds/rmw_microxrcedds_c/include>;$<BUILD_INTERFACE:/home/aajaer/microros_ws/src/uros/rmw_microxrcedds/rmw_microxrcedds_c/src>
[1.132s] -- Configured cppcheck exclude dirs and/or files: 
[1.133s] -- Added test 'cpplint' to check C / C++ code against the Google style
[1.136s] -- Configured cpplint exclude dirs and/or files: 
[1.137s] -- Added test 'lint_cmake' to check CMake code style
[1.140s] -- Added test 'uncrustify' to check C / C++ code style
[1.140s] -- Configured uncrustify additional arguments: 
[1.141s] -- Added test 'xmllint' to check XML markup files
[1.141s] -- Configuring done
[1.141s] -- Generating done
[1.141s] -- Build files have been written to: /home/aajaer/microros_ws/build/rmw_microxrcedds
[1.146s] Invoked command in '/home/aajaer/microros_ws/build/rmw_microxrcedds' returned '0': AMENT_PREFIX_PATH=/home/aajaer/microros_ws/install/rosidl_typesupport_microxrcedds_cpp:/home/aajaer/microros_ws/install/rosidl_typesupport_microxrcedds_c:/home/aajaer/microros_ws/install/micro_ros_msgs:${AMENT_PREFIX_PATH} CMAKE_PREFIX_PATH=/home/aajaer/microros_ws/install/rosidl_typesupport_microxrcedds_cpp:/home/aajaer/microros_ws/install/rosidl_typesupport_microxrcedds_c:/home/aajaer/microros_ws/install/microxrcedds_client:/home/aajaer/microros_ws/install/microcdr:/home/aajaer/microros_ws/install/micro_ros_msgs:/opt/ros/humble:/opt/ros/humble LD_LIBRARY_PATH=/home/aajaer/microros_ws/install/rosidl_typesupport_microxrcedds_cpp/lib:/home/aajaer/microros_ws/install/rosidl_typesupport_microxrcedds_c/lib:/home/aajaer/microros_ws/install/micro_ros_msgs/lib:/opt/ros/humble/opt/rviz_ogre_vendor/lib:/opt/ros/humble/lib/aarch64-linux-gnu:/opt/ros/humble/lib PYTHONPATH=/home/aajaer/microros_ws/install/rosidl_typesupport_microxrcedds_cpp/local/lib/python3.10/dist-packages:/home/aajaer/microros_ws/install/rosidl_typesupport_microxrcedds_c/local/lib/python3.10/dist-packages:/home/aajaer/microros_ws/install/micro_ros_msgs/local/lib/python3.10/dist-packages:${PYTHONPATH} /usr/bin/cmake /home/aajaer/microros_ws/src/uros/rmw_microxrcedds/rmw_microxrcedds_c -DCMAKE_INSTALL_PREFIX=/home/aajaer/microros_ws/install/rmw_microxrcedds
[1.147s] Invoking command in '/home/aajaer/microros_ws/build/rmw_microxrcedds': AMENT_PREFIX_PATH=/home/aajaer/microros_ws/install/rosidl_typesupport_microxrcedds_cpp:/home/aajaer/microros_ws/install/rosidl_typesupport_microxrcedds_c:/home/aajaer/microros_ws/install/micro_ros_msgs:${AMENT_PREFIX_PATH} CMAKE_PREFIX_PATH=/home/aajaer/microros_ws/install/rosidl_typesupport_microxrcedds_cpp:/home/aajaer/microros_ws/install/rosidl_typesupport_microxrcedds_c:/home/aajaer/microros_ws/install/microxrcedds_client:/home/aajaer/microros_ws/install/microcdr:/home/aajaer/microros_ws/install/micro_ros_msgs:/opt/ros/humble:/opt/ros/humble LD_LIBRARY_PATH=/home/aajaer/microros_ws/install/rosidl_typesupport_microxrcedds_cpp/lib:/home/aajaer/microros_ws/install/rosidl_typesupport_microxrcedds_c/lib:/home/aajaer/microros_ws/install/micro_ros_msgs/lib:/opt/ros/humble/opt/rviz_ogre_vendor/lib:/opt/ros/humble/lib/aarch64-linux-gnu:/opt/ros/humble/lib PYTHONPATH=/home/aajaer/microros_ws/install/rosidl_typesupport_microxrcedds_cpp/local/lib/python3.10/dist-packages:/home/aajaer/microros_ws/install/rosidl_typesupport_microxrcedds_c/local/lib/python3.10/dist-packages:/home/aajaer/microros_ws/install/micro_ros_msgs/local/lib/python3.10/dist-packages:${PYTHONPATH} /usr/bin/cmake --build /home/aajaer/microros_ws/build/rmw_microxrcedds -- -j8 -l8
[1.450s] [35m[1mConsolidate compiler generated dependencies of target gtest[0m
[1.450s] [35m[1mConsolidate compiler generated dependencies of target gtest_main[0m
[1.450s] [35m[1mConsolidate compiler generated dependencies of target rmw_microxrcedds[0m
[1.451s] [  2%] Built target gtest
[1.451s] [  4%] Built target gtest_main
[1.451s] [ 60%] Built target rmw_microxrcedds
[1.451s] [35m[1mConsolidate compiler generated dependencies of target test-publisher[0m
[1.456s] [35m[1mConsolidate compiler generated dependencies of target test-service[0m
[1.467s] [35m[1mConsolidate compiler generated dependencies of target test-node[0m
[1.490s] [35m[1mConsolidate compiler generated dependencies of target test-subscriber[0m
[1.493s] [35m[1mConsolidate compiler generated dependencies of target test-client[0m
[1.518s] [35m[1mConsolidate compiler generated dependencies of target test-pubsub[0m
[1.545s] [ 64%] Built target test-node
[1.549s] [ 67%] Built target test-publisher
[1.562s] [ 71%] Built target test-subscriber
[1.569s] [ 75%] Built target test-service
[1.590s] [ 78%] Built target test-client
[1.591s] [ 82%] Built target test-pubsub
[1.601s] [35m[1mConsolidate compiler generated dependencies of target test-topic[0m
[1.630s] [35m[1mConsolidate compiler generated dependencies of target test-reqres[0m
[1.633s] [35m[1mConsolidate compiler generated dependencies of target test-guardcond[0m
[1.634s] [35m[1mConsolidate compiler generated dependencies of target test-sizes[0m
[1.642s] [35m[1mConsolidate compiler generated dependencies of target test-rmw[0m
[1.673s] [ 85%] Built target test-topic
[1.687s] [ 89%] Built target test-reqres
[1.716s] [ 95%] Built target test-rmw
[1.716s] [ 96%] Built target test-guardcond
[1.729s] [100%] Built target test-sizes
[1.759s] Invoked command in '/home/aajaer/microros_ws/build/rmw_microxrcedds' returned '0': AMENT_PREFIX_PATH=/home/aajaer/microros_ws/install/rosidl_typesupport_microxrcedds_cpp:/home/aajaer/microros_ws/install/rosidl_typesupport_microxrcedds_c:/home/aajaer/microros_ws/install/micro_ros_msgs:${AMENT_PREFIX_PATH} CMAKE_PREFIX_PATH=/home/aajaer/microros_ws/install/rosidl_typesupport_microxrcedds_cpp:/home/aajaer/microros_ws/install/rosidl_typesupport_microxrcedds_c:/home/aajaer/microros_ws/install/microxrcedds_client:/home/aajaer/microros_ws/install/microcdr:/home/aajaer/microros_ws/install/micro_ros_msgs:/opt/ros/humble:/opt/ros/humble LD_LIBRARY_PATH=/home/aajaer/microros_ws/install/rosidl_typesupport_microxrcedds_cpp/lib:/home/aajaer/microros_ws/install/rosidl_typesupport_microxrcedds_c/lib:/home/aajaer/microros_ws/install/micro_ros_msgs/lib:/opt/ros/humble/opt/rviz_ogre_vendor/lib:/opt/ros/humble/lib/aarch64-linux-gnu:/opt/ros/humble/lib PYTHONPATH=/home/aajaer/microros_ws/install/rosidl_typesupport_microxrcedds_cpp/local/lib/python3.10/dist-packages:/home/aajaer/microros_ws/install/rosidl_typesupport_microxrcedds_c/local/lib/python3.10/dist-packages:/home/aajaer/microros_ws/install/micro_ros_msgs/local/lib/python3.10/dist-packages:${PYTHONPATH} /usr/bin/cmake --build /home/aajaer/microros_ws/build/rmw_microxrcedds -- -j8 -l8
[1.762s] Invoking command in '/home/aajaer/microros_ws/build/rmw_microxrcedds': AMENT_PREFIX_PATH=/home/aajaer/microros_ws/install/rosidl_typesupport_microxrcedds_cpp:/home/aajaer/microros_ws/install/rosidl_typesupport_microxrcedds_c:/home/aajaer/microros_ws/install/micro_ros_msgs:${AMENT_PREFIX_PATH} CMAKE_PREFIX_PATH=/home/aajaer/microros_ws/install/rosidl_typesupport_microxrcedds_cpp:/home/aajaer/microros_ws/install/rosidl_typesupport_microxrcedds_c:/home/aajaer/microros_ws/install/microxrcedds_client:/home/aajaer/microros_ws/install/microcdr:/home/aajaer/microros_ws/install/micro_ros_msgs:/opt/ros/humble:/opt/ros/humble LD_LIBRARY_PATH=/home/aajaer/microros_ws/install/rosidl_typesupport_microxrcedds_cpp/lib:/home/aajaer/microros_ws/install/rosidl_typesupport_microxrcedds_c/lib:/home/aajaer/microros_ws/install/micro_ros_msgs/lib:/opt/ros/humble/opt/rviz_ogre_vendor/lib:/opt/ros/humble/lib/aarch64-linux-gnu:/opt/ros/humble/lib PYTHONPATH=/home/aajaer/microros_ws/install/rosidl_typesupport_microxrcedds_cpp/local/lib/python3.10/dist-packages:/home/aajaer/microros_ws/install/rosidl_typesupport_microxrcedds_c/local/lib/python3.10/dist-packages:/home/aajaer/microros_ws/install/micro_ros_msgs/local/lib/python3.10/dist-packages:${PYTHONPATH} /usr/bin/cmake --install /home/aajaer/microros_ws/build/rmw_microxrcedds
[2.617s] -- Install configuration: ""
[2.617s] -- Execute custom install script
[2.618s] -- Up-to-date symlink: /home/aajaer/microros_ws/install/rmw_microxrcedds/share/rmw_microxrcedds/environment/library_path.sh
[2.618s] -- Up-to-date symlink: /home/aajaer/microros_ws/install/rmw_microxrcedds/share/rmw_microxrcedds/environment/library_path.dsv
[2.618s] -- Up-to-date symlink: /home/aajaer/microros_ws/install/rmw_microxrcedds/share/ament_index/resource_index/rmw_typesupport_c/rmw_microxrcedds
[2.618s] -- Up-to-date symlink: /home/aajaer/microros_ws/install/rmw_microxrcedds/share/ament_index/resource_index/rmw_typesupport/rmw_microxrcedds
[2.618s] -- Up-to-date symlink: /home/aajaer/microros_ws/install/rmw_microxrcedds/share/ament_index/resource_index/package_run_dependencies/rmw_microxrcedds
[2.618s] -- Up-to-date symlink: /home/aajaer/microros_ws/install/rmw_microxrcedds/share/ament_index/resource_index/parent_prefix_path/rmw_microxrcedds
[2.619s] -- Up-to-date symlink: /home/aajaer/microros_ws/install/rmw_microxrcedds/share/rmw_microxrcedds/environment/ament_prefix_path.sh
[2.619s] -- Up-to-date symlink: /home/aajaer/microros_ws/install/rmw_microxrcedds/share/rmw_microxrcedds/environment/ament_prefix_path.dsv
[2.619s] -- Up-to-date symlink: /home/aajaer/microros_ws/install/rmw_microxrcedds/share/rmw_microxrcedds/environment/path.sh
[2.619s] -- Up-to-date symlink: /home/aajaer/microros_ws/install/rmw_microxrcedds/share/rmw_microxrcedds/environment/path.dsv
[2.619s] -- Up-to-date symlink: /home/aajaer/microros_ws/install/rmw_microxrcedds/share/rmw_microxrcedds/local_setup.bash
[2.619s] -- Up-to-date symlink: /home/aajaer/microros_ws/install/rmw_microxrcedds/share/rmw_microxrcedds/local_setup.sh
[2.619s] -- Up-to-date symlink: /home/aajaer/microros_ws/install/rmw_microxrcedds/share/rmw_microxrcedds/local_setup.zsh
[2.620s] -- Up-to-date symlink: /home/aajaer/microros_ws/install/rmw_microxrcedds/share/rmw_microxrcedds/local_setup.dsv
[2.620s] -- Symlinking: /home/aajaer/microros_ws/install/rmw_microxrcedds/share/rmw_microxrcedds/package.dsv
[2.620s] -- Up-to-date symlink: /home/aajaer/microros_ws/install/rmw_microxrcedds/share/ament_index/resource_index/packages/rmw_microxrcedds
[2.621s] -- Up-to-date symlink: /home/aajaer/microros_ws/install/rmw_microxrcedds/share/rmw_microxrcedds/cmake/ament_cmake_export_include_directories-extras.cmake
[2.623s] -- Up-to-date symlink: /home/aajaer/microros_ws/install/rmw_microxrcedds/share/rmw_microxrcedds/cmake/ament_cmake_export_libraries-extras.cmake
[2.623s] -- Up-to-date symlink: /home/aajaer/microros_ws/install/rmw_microxrcedds/share/rmw_microxrcedds/cmake/ament_cmake_export_dependencies-extras.cmake
[2.624s] -- Up-to-date symlink: /home/aajaer/microros_ws/install/rmw_microxrcedds/share/rmw_microxrcedds/cmake/rmw_microxrceddsConfig.cmake
[2.624s] -- Up-to-date symlink: /home/aajaer/microros_ws/install/rmw_microxrcedds/share/rmw_microxrcedds/cmake/rmw_microxrceddsConfig-version.cmake
[2.624s] -- Up-to-date symlink: /home/aajaer/microros_ws/install/rmw_microxrcedds/share/rmw_microxrcedds/package.xml
[2.624s] -- Up-to-date symlink: /home/aajaer/microros_ws/install/rmw_microxrcedds/include/rmw_microros/continous_serialization.h
[2.624s] -- Up-to-date symlink: /home/aajaer/microros_ws/install/rmw_microxrcedds/include/rmw_microros/custom_transport.h
[2.624s] -- Up-to-date symlink: /home/aajaer/microros_ws/install/rmw_microxrcedds/include/rmw_microros/discovery.h
[2.624s] -- Up-to-date symlink: /home/aajaer/microros_ws/install/rmw_microxrcedds/include/rmw_microros/error_handling.h
[2.625s] -- Up-to-date symlink: /home/aajaer/microros_ws/install/rmw_microxrcedds/include/rmw_microros/init_options.h
[2.625s] -- Up-to-date symlink: /home/aajaer/microros_ws/install/rmw_microxrcedds/include/rmw_microros/ping.h
[2.625s] -- Up-to-date symlink: /home/aajaer/microros_ws/install/rmw_microxrcedds/include/rmw_microros/rmw_microros.h
[2.625s] -- Up-to-date symlink: /home/aajaer/microros_ws/install/rmw_microxrcedds/include/rmw_microros/time_sync.h
[2.625s] -- Up-to-date symlink: /home/aajaer/microros_ws/install/rmw_microxrcedds/include/rmw_microros/timing.h
[2.625s] -- Up-to-date symlink: /home/aajaer/microros_ws/install/rmw_microxrcedds/include/rmw_microxrcedds_c/rmw_c_macros.h
[2.625s] -- Up-to-date symlink: /home/aajaer/microros_ws/install/rmw_microxrcedds/include/rmw_microxrcedds_c/config.h
[2.625s] -- Up-to-date symlink: /home/aajaer/microros_ws/install/rmw_microxrcedds/lib/librmw_microxrcedds.so
[2.636s] Invoked command in '/home/aajaer/microros_ws/build/rmw_microxrcedds' returned '0': AMENT_PREFIX_PATH=/home/aajaer/microros_ws/install/rosidl_typesupport_microxrcedds_cpp:/home/aajaer/microros_ws/install/rosidl_typesupport_microxrcedds_c:/home/aajaer/microros_ws/install/micro_ros_msgs:${AMENT_PREFIX_PATH} CMAKE_PREFIX_PATH=/home/aajaer/microros_ws/install/rosidl_typesupport_microxrcedds_cpp:/home/aajaer/microros_ws/install/rosidl_typesupport_microxrcedds_c:/home/aajaer/microros_ws/install/microxrcedds_client:/home/aajaer/microros_ws/install/microcdr:/home/aajaer/microros_ws/install/micro_ros_msgs:/opt/ros/humble:/opt/ros/humble LD_LIBRARY_PATH=/home/aajaer/microros_ws/install/rosidl_typesupport_microxrcedds_cpp/lib:/home/aajaer/microros_ws/install/rosidl_typesupport_microxrcedds_c/lib:/home/aajaer/microros_ws/install/micro_ros_msgs/lib:/opt/ros/humble/opt/rviz_ogre_vendor/lib:/opt/ros/humble/lib/aarch64-linux-gnu:/opt/ros/humble/lib PYTHONPATH=/home/aajaer/microros_ws/install/rosidl_typesupport_microxrcedds_cpp/local/lib/python3.10/dist-packages:/home/aajaer/microros_ws/install/rosidl_typesupport_microxrcedds_c/local/lib/python3.10/dist-packages:/home/aajaer/microros_ws/install/micro_ros_msgs/local/lib/python3.10/dist-packages:${PYTHONPATH} /usr/bin/cmake --install /home/aajaer/microros_ws/build/rmw_microxrcedds
