[0.088s] Invoking command in '/home/aajaer/microros_ws/build/complex_msgs': AMENT_PREFIX_PATH=/home/aajaer/microros_ws/install/builtin_interfaces:${AMENT_PREFIX_PATH} CMAKE_PREFIX_PATH=/home/aajaer/microros_ws/install/builtin_interfaces:/opt/ros/humble:/opt/ros/humble LD_LIBRARY_PATH=/home/aajaer/microros_ws/install/builtin_interfaces/lib:/opt/ros/humble/opt/rviz_ogre_vendor/lib:/opt/ros/humble/lib/aarch64-linux-gnu:/opt/ros/humble/lib PYTHONPATH=/home/aajaer/microros_ws/install/builtin_interfaces/local/lib/python3.10/dist-packages:${PYTHONPATH} /usr/bin/cmake /home/aajaer/microros_ws/src/uros/micro-ROS-demos/messages/complex_msg -DAMENT_CMAKE_SYMLINK_INSTALL=1 -DCMAKE_INSTALL_PREFIX=/home/aajaer/microros_ws/install/complex_msgs
[0.692s] -- The C compiler identification is GNU 11.4.0
[0.692s] -- The CXX compiler identification is GNU 11.4.0
[0.693s] -- Detecting C compiler ABI info
[0.693s] -- Detecting C compiler ABI info - done
[0.693s] -- Check for working C compiler: /usr/bin/cc - skipped
[0.693s] -- Detecting C compile features
[0.693s] -- Detecting C compile features - done
[0.693s] -- Detecting CXX compiler ABI info
[0.823s] -- Detecting CXX compiler ABI info - done
[0.836s] -- Check for working CXX compiler: /usr/bin/c++ - skipped
[0.836s] -- Detecting CXX compile features
[0.837s] -- Detecting CXX compile features - done
[0.842s] -- Found ament_cmake: 1.3.11 (/opt/ros/humble/share/ament_cmake/cmake)
[1.236s] -- Found Python3: /usr/bin/python3 (found version "3.10.12") found components: Interpreter 
[1.405s] -- Override CMake install command with custom implementation using symlinks instead of copying resources
[1.455s] -- Found builtin_interfaces: 1.2.1 (/home/aajaer/microros_ws/install/builtin_interfaces/share/builtin_interfaces/cmake)
[1.520s] -- Found rosidl_generator_c: 3.1.6 (/opt/ros/humble/share/rosidl_generator_c/cmake)
[1.530s] -- Found rosidl_adapter: 3.1.6 (/opt/ros/humble/share/rosidl_adapter/cmake)
[1.548s] -- Found rosidl_generator_cpp: 3.1.6 (/opt/ros/humble/share/rosidl_generator_cpp/cmake)
[1.573s] -- Using all available rosidl_typesupport_c: rosidl_typesupport_fastrtps_c;rosidl_typesupport_introspection_c
[1.607s] -- Using all available rosidl_typesupport_cpp: rosidl_typesupport_fastrtps_cpp;rosidl_typesupport_introspection_cpp
[1.639s] -- Found rosidl_default_generators: 1.2.0 (/opt/ros/humble/share/rosidl_default_generators/cmake)
[2.327s] -- Found ament_cmake_cppcheck: 0.12.11 (/opt/ros/humble/share/ament_cmake_cppcheck/cmake)
[2.337s] -- Found ament_cmake_cpplint: 0.12.11 (/opt/ros/humble/share/ament_cmake_cpplint/cmake)
[2.347s] -- Found ament_cmake_uncrustify: 0.12.11 (/opt/ros/humble/share/ament_cmake_uncrustify/cmake)
[2.361s] -- Found ament_cmake_ros: 0.10.0 (/opt/ros/humble/share/ament_cmake_ros/cmake)
[3.137s] -- Using all available rosidl_typesupport_c: rosidl_typesupport_fastrtps_c;rosidl_typesupport_introspection_c
[3.424s] -- Using all available rosidl_typesupport_cpp: rosidl_typesupport_fastrtps_cpp;rosidl_typesupport_introspection_cpp
[3.478s] -- Found PythonInterp: /usr/bin/python3 (found suitable version "3.10.12", minimum required is "3.6") 
[3.480s] -- Found python_cmake_module: 0.10.0 (/opt/ros/humble/share/python_cmake_module/cmake)
[3.544s] -- Found PythonLibs: /usr/lib/aarch64-linux-gnu/libpython3.10.so (found suitable version "3.10.12", minimum required is "3.5") 
[3.544s] -- Using PYTHON_EXECUTABLE: /usr/bin/python3
[3.544s] -- Using PYTHON_INCLUDE_DIRS: /usr/include/python3.10
[3.544s] -- Using PYTHON_LIBRARIES: /usr/lib/aarch64-linux-gnu/libpython3.10.so
[3.600s] -- Found PythonExtra: .so  
[3.690s] -- Found ament_cmake_flake8: 0.12.11 (/opt/ros/humble/share/ament_cmake_flake8/cmake)
[3.700s] -- Found ament_cmake_pep257: 0.12.11 (/opt/ros/humble/share/ament_cmake_pep257/cmake)
[3.725s] -- Configuring done
[3.806s] -- Generating done
[3.831s] -- Build files have been written to: /home/aajaer/microros_ws/build/complex_msgs
[3.868s] Invoked command in '/home/aajaer/microros_ws/build/complex_msgs' returned '0': AMENT_PREFIX_PATH=/home/aajaer/microros_ws/install/builtin_interfaces:${AMENT_PREFIX_PATH} CMAKE_PREFIX_PATH=/home/aajaer/microros_ws/install/builtin_interfaces:/opt/ros/humble:/opt/ros/humble LD_LIBRARY_PATH=/home/aajaer/microros_ws/install/builtin_interfaces/lib:/opt/ros/humble/opt/rviz_ogre_vendor/lib:/opt/ros/humble/lib/aarch64-linux-gnu:/opt/ros/humble/lib PYTHONPATH=/home/aajaer/microros_ws/install/builtin_interfaces/local/lib/python3.10/dist-packages:${PYTHONPATH} /usr/bin/cmake /home/aajaer/microros_ws/src/uros/micro-ROS-demos/messages/complex_msg -DAMENT_CMAKE_SYMLINK_INSTALL=1 -DCMAKE_INSTALL_PREFIX=/home/aajaer/microros_ws/install/complex_msgs
[3.876s] Invoking command in '/home/aajaer/microros_ws/build/complex_msgs': AMENT_PREFIX_PATH=/home/aajaer/microros_ws/install/builtin_interfaces:${AMENT_PREFIX_PATH} CMAKE_PREFIX_PATH=/home/aajaer/microros_ws/install/builtin_interfaces:/opt/ros/humble:/opt/ros/humble LD_LIBRARY_PATH=/home/aajaer/microros_ws/install/builtin_interfaces/lib:/opt/ros/humble/opt/rviz_ogre_vendor/lib:/opt/ros/humble/lib/aarch64-linux-gnu:/opt/ros/humble/lib PYTHONPATH=/home/aajaer/microros_ws/install/builtin_interfaces/local/lib/python3.10/dist-packages:${PYTHONPATH} /usr/bin/cmake --build /home/aajaer/microros_ws/build/complex_msgs -- -j8 -l8
[35.621s] [  2%] [34m[1mGenerating C++ code for ROS interfaces[0m
[35.622s] [  2%] Built target complex_msgs__cpp
[35.622s] [  2%] Built target ament_cmake_python_symlink_complex_msgs
[35.623s] [  5%] [34m[1mGenerating C++ introspection for ROS interfaces[0m
[35.624s] [  7%] [32mBuilding CXX object CMakeFiles/complex_msgs__rosidl_typesupport_introspection_cpp.dir/rosidl_typesupport_introspection_cpp/complex_msgs/msg/detail/multi_string_test__type_support.cpp.o[0m
[35.624s] [ 10%] [32mBuilding CXX object CMakeFiles/complex_msgs__rosidl_typesupport_introspection_cpp.dir/rosidl_typesupport_introspection_cpp/complex_msgs/msg/detail/nested_msg_test__type_support.cpp.o[0m
[35.627s] [ 12%] [32m[1mLinking CXX shared library libcomplex_msgs__rosidl_typesupport_introspection_cpp.so[0m
[35.627s] [ 12%] Built target complex_msgs__rosidl_typesupport_introspection_cpp
[35.627s] running egg_info
[35.628s] creating complex_msgs.egg-info
[35.628s] writing complex_msgs.egg-info/PKG-INFO
[35.628s] writing dependency_links to complex_msgs.egg-info/dependency_links.txt
[35.628s] writing top-level names to complex_msgs.egg-info/top_level.txt
[35.628s] writing manifest file 'complex_msgs.egg-info/SOURCES.txt'
[35.628s] reading manifest file 'complex_msgs.egg-info/SOURCES.txt'
[35.629s] writing manifest file 'complex_msgs.egg-info/SOURCES.txt'
[35.629s] [ 12%] Built target ament_cmake_python_build_complex_msgs_egg
[35.629s] [ 15%] [34m[1mGenerating C++ type support for eProsima Fast-RTPS[0m
[35.629s] [ 17%] [32mBuilding CXX object CMakeFiles/complex_msgs__rosidl_typesupport_fastrtps_cpp.dir/rosidl_typesupport_fastrtps_cpp/complex_msgs/msg/detail/dds_fastrtps/multi_string_test__type_support.cpp.o[0m
[35.629s] [ 20%] [32mBuilding CXX object CMakeFiles/complex_msgs__rosidl_typesupport_fastrtps_cpp.dir/rosidl_typesupport_fastrtps_cpp/complex_msgs/msg/detail/dds_fastrtps/nested_msg_test__type_support.cpp.o[0m
[35.629s] [ 23%] [32m[1mLinking CXX shared library libcomplex_msgs__rosidl_typesupport_fastrtps_cpp.so[0m
[35.629s] [ 23%] Built target complex_msgs__rosidl_typesupport_fastrtps_cpp
[35.629s] [ 25%] [34m[1mGenerating C++ type support dispatch for ROS interfaces[0m
[35.630s] [ 28%] [32mBuilding CXX object CMakeFiles/complex_msgs__rosidl_typesupport_cpp.dir/rosidl_typesupport_cpp/complex_msgs/msg/multi_string_test__type_support.cpp.o[0m
[35.630s] [ 30%] [32mBuilding CXX object CMakeFiles/complex_msgs__rosidl_typesupport_cpp.dir/rosidl_typesupport_cpp/complex_msgs/msg/nested_msg_test__type_support.cpp.o[0m
[35.630s] [ 33%] [32m[1mLinking CXX shared library libcomplex_msgs__rosidl_typesupport_cpp.so[0m
[35.630s] [ 33%] Built target complex_msgs__rosidl_typesupport_cpp
[35.630s] [ 35%] [34m[1mGenerating C code for ROS interfaces[0m
[35.630s] [ 38%] [32mBuilding C object CMakeFiles/complex_msgs__rosidl_generator_c.dir/rosidl_generator_c/complex_msgs/msg/detail/multi_string_test__functions.c.o[0m
[35.630s] [ 41%] [32mBuilding C object CMakeFiles/complex_msgs__rosidl_generator_c.dir/rosidl_generator_c/complex_msgs/msg/detail/nested_msg_test__functions.c.o[0m
[35.630s] [ 43%] [32m[1mLinking C shared library libcomplex_msgs__rosidl_generator_c.so[0m
[35.631s] [ 43%] Built target complex_msgs__rosidl_generator_c
[35.631s] [ 46%] [34m[1mGenerating C type support for eProsima Fast-RTPS[0m
[35.631s] [ 48%] [32mBuilding CXX object CMakeFiles/complex_msgs__rosidl_typesupport_fastrtps_c.dir/rosidl_typesupport_fastrtps_c/complex_msgs/msg/detail/multi_string_test__type_support_c.cpp.o[0m
[35.631s] [ 51%] [32mBuilding CXX object CMakeFiles/complex_msgs__rosidl_typesupport_fastrtps_c.dir/rosidl_typesupport_fastrtps_c/complex_msgs/msg/detail/nested_msg_test__type_support_c.cpp.o[0m
[35.631s] [ 53%] [32m[1mLinking CXX shared library libcomplex_msgs__rosidl_typesupport_fastrtps_c.so[0m
[35.631s] [ 53%] Built target complex_msgs__rosidl_typesupport_fastrtps_c
[35.631s] [ 56%] [34m[1mGenerating C type support dispatch for ROS interfaces[0m
[35.631s] [ 58%] [32mBuilding CXX object CMakeFiles/complex_msgs__rosidl_typesupport_c.dir/rosidl_typesupport_c/complex_msgs/msg/multi_string_test__type_support.cpp.o[0m
[35.632s] [ 61%] [32mBuilding CXX object CMakeFiles/complex_msgs__rosidl_typesupport_c.dir/rosidl_typesupport_c/complex_msgs/msg/nested_msg_test__type_support.cpp.o[0m
[35.632s] [ 64%] [32m[1mLinking CXX shared library libcomplex_msgs__rosidl_typesupport_c.so[0m
[35.632s] [ 64%] Built target complex_msgs__rosidl_typesupport_c
[35.632s] [ 66%] [34m[1mGenerating C introspection for ROS interfaces[0m
[35.632s] [ 69%] [32mBuilding C object CMakeFiles/complex_msgs__rosidl_typesupport_introspection_c.dir/rosidl_typesupport_introspection_c/complex_msgs/msg/detail/multi_string_test__type_support.c.o[0m
[35.632s] [ 71%] [32mBuilding C object CMakeFiles/complex_msgs__rosidl_typesupport_introspection_c.dir/rosidl_typesupport_introspection_c/complex_msgs/msg/detail/nested_msg_test__type_support.c.o[0m
[35.632s] [ 74%] [32m[1mLinking C shared library libcomplex_msgs__rosidl_typesupport_introspection_c.so[0m
[35.632s] [ 74%] Built target complex_msgs__rosidl_typesupport_introspection_c
[35.633s] [ 74%] Built target complex_msgs
[35.633s] [ 76%] [34m[1mGenerating Python code for ROS interfaces[0m
[35.633s] [ 76%] Built target complex_msgs__py
[35.639s] [ 79%] [32mBuilding C object CMakeFiles/complex_msgs__rosidl_generator_py.dir/rosidl_generator_py/complex_msgs/msg/_multi_string_test_s.c.o[0m
[35.639s] [ 82%] [32mBuilding C object CMakeFiles/complex_msgs__rosidl_generator_py.dir/rosidl_generator_py/complex_msgs/msg/_nested_msg_test_s.c.o[0m
[35.639s] [ 84%] [32m[1mLinking C shared library rosidl_generator_py/complex_msgs/libcomplex_msgs__rosidl_generator_py.so[0m
[35.639s] [ 84%] Built target complex_msgs__rosidl_generator_py
[35.640s] [ 87%] [32mBuilding C object CMakeFiles/complex_msgs__rosidl_typesupport_fastrtps_c__pyext.dir/rosidl_generator_py/complex_msgs/_complex_msgs_s.ep.rosidl_typesupport_fastrtps_c.c.o[0m
[35.640s] [ 89%] [32m[1mLinking C shared library rosidl_generator_py/complex_msgs/complex_msgs_s__rosidl_typesupport_fastrtps_c.cpython-310-aarch64-linux-gnu.so[0m
[35.640s] [ 89%] Built target complex_msgs__rosidl_typesupport_fastrtps_c__pyext
[35.640s] [ 92%] [32mBuilding C object CMakeFiles/complex_msgs__rosidl_typesupport_c__pyext.dir/rosidl_generator_py/complex_msgs/_complex_msgs_s.ep.rosidl_typesupport_c.c.o[0m
[35.640s] [ 94%] [32m[1mLinking C shared library rosidl_generator_py/complex_msgs/complex_msgs_s__rosidl_typesupport_c.cpython-310-aarch64-linux-gnu.so[0m
[35.640s] [ 94%] Built target complex_msgs__rosidl_typesupport_c__pyext
[35.640s] [ 97%] [32mBuilding C object CMakeFiles/complex_msgs__rosidl_typesupport_introspection_c__pyext.dir/rosidl_generator_py/complex_msgs/_complex_msgs_s.ep.rosidl_typesupport_introspection_c.c.o[0m
[35.641s] [100%] [32m[1mLinking C shared library rosidl_generator_py/complex_msgs/complex_msgs_s__rosidl_typesupport_introspection_c.cpython-310-aarch64-linux-gnu.so[0m
[35.641s] [100%] Built target complex_msgs__rosidl_typesupport_introspection_c__pyext
[35.641s] Invoked command in '/home/aajaer/microros_ws/build/complex_msgs' returned '0': AMENT_PREFIX_PATH=/home/aajaer/microros_ws/install/builtin_interfaces:${AMENT_PREFIX_PATH} CMAKE_PREFIX_PATH=/home/aajaer/microros_ws/install/builtin_interfaces:/opt/ros/humble:/opt/ros/humble LD_LIBRARY_PATH=/home/aajaer/microros_ws/install/builtin_interfaces/lib:/opt/ros/humble/opt/rviz_ogre_vendor/lib:/opt/ros/humble/lib/aarch64-linux-gnu:/opt/ros/humble/lib PYTHONPATH=/home/aajaer/microros_ws/install/builtin_interfaces/local/lib/python3.10/dist-packages:${PYTHONPATH} /usr/bin/cmake --build /home/aajaer/microros_ws/build/complex_msgs -- -j8 -l8
[35.647s] Invoking command in '/home/aajaer/microros_ws/build/complex_msgs': AMENT_PREFIX_PATH=/home/aajaer/microros_ws/install/builtin_interfaces:${AMENT_PREFIX_PATH} CMAKE_PREFIX_PATH=/home/aajaer/microros_ws/install/builtin_interfaces:/opt/ros/humble:/opt/ros/humble LD_LIBRARY_PATH=/home/aajaer/microros_ws/install/builtin_interfaces/lib:/opt/ros/humble/opt/rviz_ogre_vendor/lib:/opt/ros/humble/lib/aarch64-linux-gnu:/opt/ros/humble/lib PYTHONPATH=/home/aajaer/microros_ws/install/builtin_interfaces/local/lib/python3.10/dist-packages:${PYTHONPATH} /usr/bin/cmake --install /home/aajaer/microros_ws/build/complex_msgs
[35.650s] -- Install configuration: ""
[35.650s] -- Execute custom install script
[35.651s] -- Symlinking: /home/aajaer/microros_ws/install/complex_msgs/share/ament_index/resource_index/rosidl_interfaces/complex_msgs
[35.678s] -- Symlinking: /home/aajaer/microros_ws/install/complex_msgs/include/complex_msgs/complex_msgs/msg/detail/multi_string_test__functions.h
[35.699s] -- Symlinking: /home/aajaer/microros_ws/install/complex_msgs/include/complex_msgs/complex_msgs/msg/detail/multi_string_test__struct.h
[35.720s] -- Symlinking: /home/aajaer/microros_ws/install/complex_msgs/include/complex_msgs/complex_msgs/msg/detail/multi_string_test__type_support.h
[35.743s] -- Symlinking: /home/aajaer/microros_ws/install/complex_msgs/include/complex_msgs/complex_msgs/msg/detail/nested_msg_test__functions.h
[35.764s] -- Symlinking: /home/aajaer/microros_ws/install/complex_msgs/include/complex_msgs/complex_msgs/msg/detail/nested_msg_test__struct.h
[35.785s] -- Symlinking: /home/aajaer/microros_ws/install/complex_msgs/include/complex_msgs/complex_msgs/msg/detail/nested_msg_test__type_support.h
[35.807s] -- Symlinking: /home/aajaer/microros_ws/install/complex_msgs/include/complex_msgs/complex_msgs/msg/multi_string_test.h
[35.827s] -- Symlinking: /home/aajaer/microros_ws/install/complex_msgs/include/complex_msgs/complex_msgs/msg/nested_msg_test.h
[35.846s] -- Symlinking: /home/aajaer/microros_ws/install/complex_msgs/include/complex_msgs/complex_msgs/msg/rosidl_generator_c__visibility_control.h
[35.867s] -- Symlinking: /home/aajaer/microros_ws/install/complex_msgs/share/complex_msgs/environment/library_path.sh
[35.887s] -- Symlinking: /home/aajaer/microros_ws/install/complex_msgs/share/complex_msgs/environment/library_path.dsv
[35.907s] -- Symlinking: /home/aajaer/microros_ws/install/complex_msgs/include/complex_msgs/complex_msgs/msg/detail/multi_string_test__rosidl_typesupport_fastrtps_c.h
[35.926s] -- Symlinking: /home/aajaer/microros_ws/install/complex_msgs/include/complex_msgs/complex_msgs/msg/detail/nested_msg_test__rosidl_typesupport_fastrtps_c.h
[35.946s] -- Symlinking: /home/aajaer/microros_ws/install/complex_msgs/include/complex_msgs/complex_msgs/msg/rosidl_typesupport_fastrtps_c__visibility_control.h
[35.966s] -- Symlinking: /home/aajaer/microros_ws/install/complex_msgs/include/complex_msgs/complex_msgs/msg/detail/multi_string_test__builder.hpp
[35.985s] -- Symlinking: /home/aajaer/microros_ws/install/complex_msgs/include/complex_msgs/complex_msgs/msg/detail/multi_string_test__struct.hpp
[36.005s] -- Symlinking: /home/aajaer/microros_ws/install/complex_msgs/include/complex_msgs/complex_msgs/msg/detail/multi_string_test__traits.hpp
[36.025s] -- Symlinking: /home/aajaer/microros_ws/install/complex_msgs/include/complex_msgs/complex_msgs/msg/detail/multi_string_test__type_support.hpp
[36.044s] -- Symlinking: /home/aajaer/microros_ws/install/complex_msgs/include/complex_msgs/complex_msgs/msg/detail/nested_msg_test__builder.hpp
[36.062s] -- Symlinking: /home/aajaer/microros_ws/install/complex_msgs/include/complex_msgs/complex_msgs/msg/detail/nested_msg_test__struct.hpp
[36.081s] -- Symlinking: /home/aajaer/microros_ws/install/complex_msgs/include/complex_msgs/complex_msgs/msg/detail/nested_msg_test__traits.hpp
[36.100s] -- Symlinking: /home/aajaer/microros_ws/install/complex_msgs/include/complex_msgs/complex_msgs/msg/detail/nested_msg_test__type_support.hpp
[36.119s] -- Symlinking: /home/aajaer/microros_ws/install/complex_msgs/include/complex_msgs/complex_msgs/msg/multi_string_test.hpp
[36.139s] -- Symlinking: /home/aajaer/microros_ws/install/complex_msgs/include/complex_msgs/complex_msgs/msg/nested_msg_test.hpp
[36.158s] -- Symlinking: /home/aajaer/microros_ws/install/complex_msgs/include/complex_msgs/complex_msgs/msg/rosidl_generator_cpp__visibility_control.hpp
[36.181s] -- Symlinking: /home/aajaer/microros_ws/install/complex_msgs/include/complex_msgs/complex_msgs/msg/detail/multi_string_test__rosidl_typesupport_fastrtps_cpp.hpp
[36.223s] -- Symlinking: /home/aajaer/microros_ws/install/complex_msgs/include/complex_msgs/complex_msgs/msg/detail/nested_msg_test__rosidl_typesupport_fastrtps_cpp.hpp
[36.243s] -- Symlinking: /home/aajaer/microros_ws/install/complex_msgs/include/complex_msgs/complex_msgs/msg/rosidl_typesupport_fastrtps_cpp__visibility_control.h
[36.263s] -- Symlinking: /home/aajaer/microros_ws/install/complex_msgs/include/complex_msgs/complex_msgs/msg/detail/multi_string_test__rosidl_typesupport_introspection_c.h
[36.283s] -- Symlinking: /home/aajaer/microros_ws/install/complex_msgs/include/complex_msgs/complex_msgs/msg/detail/nested_msg_test__rosidl_typesupport_introspection_c.h
[36.304s] -- Symlinking: /home/aajaer/microros_ws/install/complex_msgs/include/complex_msgs/complex_msgs/msg/rosidl_typesupport_introspection_c__visibility_control.h
[36.325s] -- Symlinking: /home/aajaer/microros_ws/install/complex_msgs/include/complex_msgs/complex_msgs/msg/detail/multi_string_test__rosidl_typesupport_introspection_cpp.hpp
[36.346s] -- Symlinking: /home/aajaer/microros_ws/install/complex_msgs/include/complex_msgs/complex_msgs/msg/detail/nested_msg_test__rosidl_typesupport_introspection_cpp.hpp
[36.366s] -- Symlinking: /home/aajaer/microros_ws/install/complex_msgs/share/complex_msgs/environment/pythonpath.sh
[36.386s] -- Symlinking: /home/aajaer/microros_ws/install/complex_msgs/share/complex_msgs/environment/pythonpath.dsv
[36.406s] -- Symlinking: /home/aajaer/microros_ws/install/complex_msgs/local/lib/python3.10/dist-packages/complex_msgs-3.0.2-py3.10.egg-info/PKG-INFO
[36.424s] -- Symlinking: /home/aajaer/microros_ws/install/complex_msgs/local/lib/python3.10/dist-packages/complex_msgs-3.0.2-py3.10.egg-info/SOURCES.txt
[36.457s] -- Symlinking: /home/aajaer/microros_ws/install/complex_msgs/local/lib/python3.10/dist-packages/complex_msgs-3.0.2-py3.10.egg-info/dependency_links.txt
[36.490s] -- Symlinking: /home/aajaer/microros_ws/install/complex_msgs/local/lib/python3.10/dist-packages/complex_msgs-3.0.2-py3.10.egg-info/top_level.txt
[36.515s] -- Symlinking: /home/aajaer/microros_ws/install/complex_msgs/local/lib/python3.10/dist-packages/complex_msgs/__init__.py
[36.534s] -- Symlinking: /home/aajaer/microros_ws/install/complex_msgs/local/lib/python3.10/dist-packages/complex_msgs/_complex_msgs_s.ep.rosidl_typesupport_c.c
[36.557s] -- Symlinking: /home/aajaer/microros_ws/install/complex_msgs/local/lib/python3.10/dist-packages/complex_msgs/_complex_msgs_s.ep.rosidl_typesupport_fastrtps_c.c
[36.574s] -- Symlinking: /home/aajaer/microros_ws/install/complex_msgs/local/lib/python3.10/dist-packages/complex_msgs/_complex_msgs_s.ep.rosidl_typesupport_introspection_c.c
[36.608s] -- Symlinking: /home/aajaer/microros_ws/install/complex_msgs/local/lib/python3.10/dist-packages/complex_msgs/complex_msgs_s__rosidl_typesupport_c.cpython-310-aarch64-linux-gnu.so
[36.627s] -- Symlinking: /home/aajaer/microros_ws/install/complex_msgs/local/lib/python3.10/dist-packages/complex_msgs/complex_msgs_s__rosidl_typesupport_fastrtps_c.cpython-310-aarch64-linux-gnu.so
[36.646s] -- Symlinking: /home/aajaer/microros_ws/install/complex_msgs/local/lib/python3.10/dist-packages/complex_msgs/complex_msgs_s__rosidl_typesupport_introspection_c.cpython-310-aarch64-linux-gnu.so
[36.677s] -- Symlinking: /home/aajaer/microros_ws/install/complex_msgs/local/lib/python3.10/dist-packages/complex_msgs/libcomplex_msgs__rosidl_generator_py.so
[36.732s] -- Symlinking: /home/aajaer/microros_ws/install/complex_msgs/local/lib/python3.10/dist-packages/complex_msgs/msg/__init__.py
[36.751s] -- Symlinking: /home/aajaer/microros_ws/install/complex_msgs/local/lib/python3.10/dist-packages/complex_msgs/msg/_multi_string_test.py
[36.772s] -- Symlinking: /home/aajaer/microros_ws/install/complex_msgs/local/lib/python3.10/dist-packages/complex_msgs/msg/_multi_string_test_s.c
[36.813s] -- Symlinking: /home/aajaer/microros_ws/install/complex_msgs/local/lib/python3.10/dist-packages/complex_msgs/msg/_nested_msg_test.py
[36.856s] -- Symlinking: /home/aajaer/microros_ws/install/complex_msgs/local/lib/python3.10/dist-packages/complex_msgs/msg/_nested_msg_test_s.c
[36.897s] -- Up-to-date symlink: /home/aajaer/microros_ws/install/complex_msgs/local/lib/python3.10/dist-packages/complex_msgs/complex_msgs_s__rosidl_typesupport_fastrtps_c.cpython-310-aarch64-linux-gnu.so
[36.898s] -- Up-to-date symlink: /home/aajaer/microros_ws/install/complex_msgs/local/lib/python3.10/dist-packages/complex_msgs/complex_msgs_s__rosidl_typesupport_introspection_c.cpython-310-aarch64-linux-gnu.so
[36.898s] -- Up-to-date symlink: /home/aajaer/microros_ws/install/complex_msgs/local/lib/python3.10/dist-packages/complex_msgs/complex_msgs_s__rosidl_typesupport_c.cpython-310-aarch64-linux-gnu.so
[36.899s] -- Symlinking: /home/aajaer/microros_ws/install/complex_msgs/share/complex_msgs/msg/MultiStringTest.idl
[36.940s] -- Symlinking: /home/aajaer/microros_ws/install/complex_msgs/share/complex_msgs/msg/NestedMsgTest.idl
[36.960s] -- Symlinking: /home/aajaer/microros_ws/install/complex_msgs/share/complex_msgs/msg/MultiStringTest.msg
[36.981s] -- Symlinking: /home/aajaer/microros_ws/install/complex_msgs/share/complex_msgs/msg/NestedMsgTest.msg
[37.006s] -- Symlinking: /home/aajaer/microros_ws/install/complex_msgs/share/ament_index/resource_index/package_run_dependencies/complex_msgs
[37.047s] -- Symlinking: /home/aajaer/microros_ws/install/complex_msgs/share/ament_index/resource_index/parent_prefix_path/complex_msgs
[37.084s] -- Symlinking: /home/aajaer/microros_ws/install/complex_msgs/share/complex_msgs/environment/ament_prefix_path.sh
[37.131s] -- Symlinking: /home/aajaer/microros_ws/install/complex_msgs/share/complex_msgs/environment/ament_prefix_path.dsv
[37.151s] -- Symlinking: /home/aajaer/microros_ws/install/complex_msgs/share/complex_msgs/environment/path.sh
[37.174s] -- Symlinking: /home/aajaer/microros_ws/install/complex_msgs/share/complex_msgs/environment/path.dsv
[37.217s] -- Symlinking: /home/aajaer/microros_ws/install/complex_msgs/share/complex_msgs/local_setup.bash
[37.266s] -- Symlinking: /home/aajaer/microros_ws/install/complex_msgs/share/complex_msgs/local_setup.sh
[37.293s] -- Symlinking: /home/aajaer/microros_ws/install/complex_msgs/share/complex_msgs/local_setup.zsh
[37.317s] -- Symlinking: /home/aajaer/microros_ws/install/complex_msgs/share/complex_msgs/local_setup.dsv
[37.341s] -- Symlinking: /home/aajaer/microros_ws/install/complex_msgs/share/complex_msgs/package.dsv
[37.360s] -- Symlinking: /home/aajaer/microros_ws/install/complex_msgs/share/ament_index/resource_index/packages/complex_msgs
[37.379s] -- Symlinking: /home/aajaer/microros_ws/install/complex_msgs/share/complex_msgs/cmake/rosidl_cmake-extras.cmake
[37.397s] -- Symlinking: /home/aajaer/microros_ws/install/complex_msgs/share/complex_msgs/cmake/ament_cmake_export_dependencies-extras.cmake
[37.414s] -- Symlinking: /home/aajaer/microros_ws/install/complex_msgs/share/complex_msgs/cmake/ament_cmake_export_include_directories-extras.cmake
[37.432s] -- Symlinking: /home/aajaer/microros_ws/install/complex_msgs/share/complex_msgs/cmake/ament_cmake_export_libraries-extras.cmake
[37.451s] -- Symlinking: /home/aajaer/microros_ws/install/complex_msgs/share/complex_msgs/cmake/ament_cmake_export_targets-extras.cmake
[37.469s] -- Symlinking: /home/aajaer/microros_ws/install/complex_msgs/share/complex_msgs/cmake/rosidl_cmake_export_typesupport_targets-extras.cmake
[37.487s] -- Symlinking: /home/aajaer/microros_ws/install/complex_msgs/share/complex_msgs/cmake/rosidl_cmake_export_typesupport_libraries-extras.cmake
[37.505s] -- Symlinking: /home/aajaer/microros_ws/install/complex_msgs/share/complex_msgs/cmake/complex_msgsConfig.cmake
[37.524s] -- Symlinking: /home/aajaer/microros_ws/install/complex_msgs/share/complex_msgs/cmake/complex_msgsConfig-version.cmake
[37.542s] -- Symlinking: /home/aajaer/microros_ws/install/complex_msgs/share/complex_msgs/package.xml
[37.559s] -- Installing: /home/aajaer/microros_ws/install/complex_msgs/lib/libcomplex_msgs__rosidl_generator_c.so
[37.560s] -- Set runtime path of "/home/aajaer/microros_ws/install/complex_msgs/lib/libcomplex_msgs__rosidl_generator_c.so" to ""
[37.560s] -- Installing: /home/aajaer/microros_ws/install/complex_msgs/lib/libcomplex_msgs__rosidl_typesupport_fastrtps_c.so
[37.560s] -- Set runtime path of "/home/aajaer/microros_ws/install/complex_msgs/lib/libcomplex_msgs__rosidl_typesupport_fastrtps_c.so" to ""
[37.560s] -- Installing: /home/aajaer/microros_ws/install/complex_msgs/lib/libcomplex_msgs__rosidl_typesupport_fastrtps_cpp.so
[37.561s] -- Set runtime path of "/home/aajaer/microros_ws/install/complex_msgs/lib/libcomplex_msgs__rosidl_typesupport_fastrtps_cpp.so" to ""
[37.561s] -- Installing: /home/aajaer/microros_ws/install/complex_msgs/lib/libcomplex_msgs__rosidl_typesupport_introspection_c.so
[37.562s] -- Set runtime path of "/home/aajaer/microros_ws/install/complex_msgs/lib/libcomplex_msgs__rosidl_typesupport_introspection_c.so" to ""
[37.562s] -- Installing: /home/aajaer/microros_ws/install/complex_msgs/lib/libcomplex_msgs__rosidl_typesupport_c.so
[37.562s] -- Set runtime path of "/home/aajaer/microros_ws/install/complex_msgs/lib/libcomplex_msgs__rosidl_typesupport_c.so" to ""
[37.563s] -- Installing: /home/aajaer/microros_ws/install/complex_msgs/lib/libcomplex_msgs__rosidl_typesupport_introspection_cpp.so
[37.563s] -- Set runtime path of "/home/aajaer/microros_ws/install/complex_msgs/lib/libcomplex_msgs__rosidl_typesupport_introspection_cpp.so" to ""
[37.563s] -- Installing: /home/aajaer/microros_ws/install/complex_msgs/lib/libcomplex_msgs__rosidl_typesupport_cpp.so
[37.564s] -- Set runtime path of "/home/aajaer/microros_ws/install/complex_msgs/lib/libcomplex_msgs__rosidl_typesupport_cpp.so" to ""
[37.651s] Listing '/home/aajaer/microros_ws/install/complex_msgs/local/lib/python3.10/dist-packages/complex_msgs'...
[37.651s] Compiling '/home/aajaer/microros_ws/install/complex_msgs/local/lib/python3.10/dist-packages/complex_msgs/__init__.py'...
[37.651s] Listing '/home/aajaer/microros_ws/install/complex_msgs/local/lib/python3.10/dist-packages/complex_msgs/msg'...
[37.651s] Compiling '/home/aajaer/microros_ws/install/complex_msgs/local/lib/python3.10/dist-packages/complex_msgs/msg/__init__.py'...
[37.652s] Compiling '/home/aajaer/microros_ws/install/complex_msgs/local/lib/python3.10/dist-packages/complex_msgs/msg/_multi_string_test.py'...
[37.652s] Compiling '/home/aajaer/microros_ws/install/complex_msgs/local/lib/python3.10/dist-packages/complex_msgs/msg/_nested_msg_test.py'...
[37.668s] -- Installing: /home/aajaer/microros_ws/install/complex_msgs/lib/libcomplex_msgs__rosidl_generator_py.so
[37.668s] -- Set runtime path of "/home/aajaer/microros_ws/install/complex_msgs/lib/libcomplex_msgs__rosidl_generator_py.so" to ""
[37.669s] -- Installing: /home/aajaer/microros_ws/install/complex_msgs/share/complex_msgs/cmake/export_complex_msgs__rosidl_generator_cExport.cmake
[37.669s] -- Installing: /home/aajaer/microros_ws/install/complex_msgs/share/complex_msgs/cmake/export_complex_msgs__rosidl_generator_cExport-noconfig.cmake
[37.669s] -- Installing: /home/aajaer/microros_ws/install/complex_msgs/share/complex_msgs/cmake/export_complex_msgs__rosidl_typesupport_fastrtps_cExport.cmake
[37.670s] -- Installing: /home/aajaer/microros_ws/install/complex_msgs/share/complex_msgs/cmake/export_complex_msgs__rosidl_typesupport_fastrtps_cExport-noconfig.cmake
[37.670s] -- Installing: /home/aajaer/microros_ws/install/complex_msgs/share/complex_msgs/cmake/export_complex_msgs__rosidl_generator_cppExport.cmake
[37.670s] -- Installing: /home/aajaer/microros_ws/install/complex_msgs/share/complex_msgs/cmake/export_complex_msgs__rosidl_typesupport_fastrtps_cppExport.cmake
[37.671s] -- Installing: /home/aajaer/microros_ws/install/complex_msgs/share/complex_msgs/cmake/export_complex_msgs__rosidl_typesupport_fastrtps_cppExport-noconfig.cmake
[37.671s] -- Installing: /home/aajaer/microros_ws/install/complex_msgs/share/complex_msgs/cmake/complex_msgs__rosidl_typesupport_introspection_cExport.cmake
[37.671s] -- Installing: /home/aajaer/microros_ws/install/complex_msgs/share/complex_msgs/cmake/complex_msgs__rosidl_typesupport_introspection_cExport-noconfig.cmake
[37.674s] -- Installing: /home/aajaer/microros_ws/install/complex_msgs/share/complex_msgs/cmake/complex_msgs__rosidl_typesupport_cExport.cmake
[37.674s] -- Installing: /home/aajaer/microros_ws/install/complex_msgs/share/complex_msgs/cmake/complex_msgs__rosidl_typesupport_cExport-noconfig.cmake
[37.674s] -- Installing: /home/aajaer/microros_ws/install/complex_msgs/share/complex_msgs/cmake/complex_msgs__rosidl_typesupport_introspection_cppExport.cmake
[37.674s] -- Installing: /home/aajaer/microros_ws/install/complex_msgs/share/complex_msgs/cmake/complex_msgs__rosidl_typesupport_introspection_cppExport-noconfig.cmake
[37.674s] -- Installing: /home/aajaer/microros_ws/install/complex_msgs/share/complex_msgs/cmake/complex_msgs__rosidl_typesupport_cppExport.cmake
[37.675s] -- Installing: /home/aajaer/microros_ws/install/complex_msgs/share/complex_msgs/cmake/complex_msgs__rosidl_typesupport_cppExport-noconfig.cmake
[37.675s] -- Installing: /home/aajaer/microros_ws/install/complex_msgs/share/complex_msgs/cmake/export_complex_msgs__rosidl_generator_pyExport.cmake
[37.675s] -- Installing: /home/aajaer/microros_ws/install/complex_msgs/share/complex_msgs/cmake/export_complex_msgs__rosidl_generator_pyExport-noconfig.cmake
[37.702s] Invoked command in '/home/aajaer/microros_ws/build/complex_msgs' returned '0': AMENT_PREFIX_PATH=/home/aajaer/microros_ws/install/builtin_interfaces:${AMENT_PREFIX_PATH} CMAKE_PREFIX_PATH=/home/aajaer/microros_ws/install/builtin_interfaces:/opt/ros/humble:/opt/ros/humble LD_LIBRARY_PATH=/home/aajaer/microros_ws/install/builtin_interfaces/lib:/opt/ros/humble/opt/rviz_ogre_vendor/lib:/opt/ros/humble/lib/aarch64-linux-gnu:/opt/ros/humble/lib PYTHONPATH=/home/aajaer/microros_ws/install/builtin_interfaces/local/lib/python3.10/dist-packages:${PYTHONPATH} /usr/bin/cmake --install /home/aajaer/microros_ws/build/complex_msgs
