-- Found ament_cmake_ros: 0.10.0 (/opt/ros/humble/share/ament_cmake_ros/cmake)
-- Override CMake install command with custom implementation using symlinks instead of copying resources
-- Found rcl: 5.3.9 (/opt/ros/humble/share/rcl/cmake)
-- Found rosidl_generator_c: 3.1.6 (/opt/ros/humble/share/rosidl_generator_c/cmake)
-- Found rosidl_adapter: 3.1.6 (/opt/ros/humble/share/rosidl_adapter/cmake)
-- Found rosidl_generator_cpp: 3.1.6 (/opt/ros/humble/share/rosidl_generator_cpp/cmake)
-- Using all available rosidl_typesupport_c: rosidl_typesupport_fastrtps_c;rosidl_typesupport_introspection_c
-- Using all available rosidl_typesupport_cpp: rosidl_typesupport_fastrtps_cpp;rosidl_typesupport_introspection_cpp
-- Found rmw_implementation_cmake: 6.1.2 (/opt/ros/humble/share/rmw_implementation_cmake/cmake)
-- Found rmw_fastrtps_cpp: 6.2.7 (/opt/ros/humble/share/rmw_fastrtps_cpp/cmake)
-- Using RMW implementation 'rmw_fastrtps_cpp' as default
-- Found rcl_action: 5.3.9 (/opt/ros/humble/share/rcl_action/cmake)
-- Found rcl version 5.3.9, which belongs to Foxy or later
-- Found ament_lint_auto: 0.12.11 (/opt/ros/humble/share/ament_lint_auto/cmake)
-- Found std_msgs: 4.2.4 (/home/aajaer/microros_ws/install/std_msgs/share/std_msgs/cmake)
-- Found example_interfaces: 0.9.3 (/home/aajaer/microros_ws/install/example_interfaces/share/example_interfaces/cmake)
-- Found rclcpp: 16.0.11 (/opt/ros/humble/share/rclcpp/cmake)
-- Found rclcpp_action: 16.0.11 (/opt/ros/humble/share/rclcpp_action/cmake)
-- Found gtest sources under '/opt/ros/humble/src/gtest_vendor': C++ tests using 'Google Test' will be built
-- Added test 'cppcheck' to perform static code analysis on C / C++ code
-- Configured cppcheck include dirs: $<BUILD_INTERFACE:/home/aajaer/microros_ws/src/uros/rclc/rclc/include>;$<BUILD_INTERFACE:/home/aajaer/microros_ws/src/uros/rclc/rclc/src>;/home/aajaer/microros_ws/src/uros/rclc/rclc/include;/home/aajaer/microros_ws/src/uros/rclc/rclc/src
-- Configured cppcheck exclude dirs and/or files: 
-- Added test 'cpplint' to check C / C++ code against the Google style
-- Configured cpplint exclude dirs and/or files: 
-- Added test 'lint_cmake' to check CMake code style
-- Added test 'uncrustify' to check C / C++ code style
-- Configured uncrustify additional arguments: 
-- Added test 'xmllint' to check XML markup files
-- Configuring done
-- Generating done
-- Build files have been written to: /home/aajaer/microros_ws/build/rclc
/usr/bin/cmake -S/home/aajaer/microros_ws/src/uros/rclc/rclc -B/home/aajaer/microros_ws/build/rclc --check-build-system CMakeFiles/Makefile.cmake 0
/usr/bin/cmake -E cmake_progress_start /home/aajaer/microros_ws/build/rclc/CMakeFiles /home/aajaer/microros_ws/build/rclc//CMakeFiles/progress.marks
/usr/bin/gmake  -f CMakeFiles/Makefile2 all
gmake[1]: Entering directory '/home/aajaer/microros_ws/build/rclc'
/usr/bin/gmake  -f CMakeFiles/rclc.dir/build.make CMakeFiles/rclc.dir/depend
/usr/bin/gmake  -f gtest/CMakeFiles/gtest_main.dir/build.make gtest/CMakeFiles/gtest_main.dir/depend
/usr/bin/gmake  -f gtest/CMakeFiles/gtest.dir/build.make gtest/CMakeFiles/gtest.dir/depend
gmake[2]: Entering directory '/home/aajaer/microros_ws/build/rclc'
cd /home/aajaer/microros_ws/build/rclc && /usr/bin/cmake -E cmake_depends "Unix Makefiles" /home/aajaer/microros_ws/src/uros/rclc/rclc /opt/ros/humble/src/gtest_vendor /home/aajaer/microros_ws/build/rclc /home/aajaer/microros_ws/build/rclc/gtest /home/aajaer/microros_ws/build/rclc/gtest/CMakeFiles/gtest_main.dir/DependInfo.cmake --color=
gmake[2]: Entering directory '/home/aajaer/microros_ws/build/rclc'
cd /home/aajaer/microros_ws/build/rclc && /usr/bin/cmake -E cmake_depends "Unix Makefiles" /home/aajaer/microros_ws/src/uros/rclc/rclc /home/aajaer/microros_ws/src/uros/rclc/rclc /home/aajaer/microros_ws/build/rclc /home/aajaer/microros_ws/build/rclc /home/aajaer/microros_ws/build/rclc/CMakeFiles/rclc.dir/DependInfo.cmake --color=
gmake[2]: Entering directory '/home/aajaer/microros_ws/build/rclc'
cd /home/aajaer/microros_ws/build/rclc && /usr/bin/cmake -E cmake_depends "Unix Makefiles" /home/aajaer/microros_ws/src/uros/rclc/rclc /opt/ros/humble/src/gtest_vendor /home/aajaer/microros_ws/build/rclc /home/aajaer/microros_ws/build/rclc/gtest /home/aajaer/microros_ws/build/rclc/gtest/CMakeFiles/gtest.dir/DependInfo.cmake --color=
[35m[1mConsolidate compiler generated dependencies of target gtest[0m
[35m[1mConsolidate compiler generated dependencies of target gtest_main[0m
[35m[1mConsolidate compiler generated dependencies of target rclc[0m
gmake[2]: Leaving directory '/home/aajaer/microros_ws/build/rclc'
/usr/bin/gmake  -f gtest/CMakeFiles/gtest.dir/build.make gtest/CMakeFiles/gtest.dir/build
gmake[2]: Leaving directory '/home/aajaer/microros_ws/build/rclc'
/usr/bin/gmake  -f gtest/CMakeFiles/gtest_main.dir/build.make gtest/CMakeFiles/gtest_main.dir/build
gmake[2]: Entering directory '/home/aajaer/microros_ws/build/rclc'
gmake[2]: Nothing to be done for 'gtest/CMakeFiles/gtest_main.dir/build'.
gmake[2]: Leaving directory '/home/aajaer/microros_ws/build/rclc'
gmake[2]: Entering directory '/home/aajaer/microros_ws/build/rclc'
gmake[2]: Nothing to be done for 'gtest/CMakeFiles/gtest.dir/build'.
gmake[2]: Leaving directory '/home/aajaer/microros_ws/build/rclc'
gmake[2]: Leaving directory '/home/aajaer/microros_ws/build/rclc'
/usr/bin/gmake  -f CMakeFiles/rclc.dir/build.make CMakeFiles/rclc.dir/build
gmake[2]: Entering directory '/home/aajaer/microros_ws/build/rclc'
[ 13%] Built target gtest
[ 13%] Built target gtest_main
[ 16%] [32m[1mLinking C shared library librclc.so[0m
/usr/bin/cmake -E cmake_link_script CMakeFiles/rclc.dir/link.txt --verbose=1
/usr/bin/cc -fPIC -shared -Wl,-soname,librclc.so -o librclc.so CMakeFiles/rclc.dir/src/rclc/init.c.o CMakeFiles/rclc.dir/src/rclc/publisher.c.o CMakeFiles/rclc.dir/src/rclc/subscription.c.o CMakeFiles/rclc.dir/src/rclc/client.c.o CMakeFiles/rclc.dir/src/rclc/service.c.o CMakeFiles/rclc.dir/src/rclc/timer.c.o CMakeFiles/rclc.dir/src/rclc/action_client.c.o CMakeFiles/rclc.dir/src/rclc/action_server.c.o CMakeFiles/rclc.dir/src/rclc/action_goal_handle.c.o CMakeFiles/rclc.dir/src/rclc/node.c.o CMakeFiles/rclc.dir/src/rclc/executor_handle.c.o CMakeFiles/rclc.dir/src/rclc/executor.c.o CMakeFiles/rclc.dir/src/rclc/sleep.c.o  -Wl,-rpath,/home/aajaer/microros_ws/install/action_msgs/lib:/home/aajaer/microros_ws/install/builtin_interfaces/lib:/home/aajaer/microros_ws/install/unique_identifier_msgs/lib:/opt/ros/humble/lib: /opt/ros/humble/lib/librcl_action.so /opt/ros/humble/lib/librcl.so /opt/ros/humble/lib/librcl_interfaces__rosidl_typesupport_fastrtps_c.so /opt/ros/humble/lib/librcl_interfaces__rosidl_typesupport_introspection_c.so /opt/ros/humble/lib/librcl_interfaces__rosidl_typesupport_fastrtps_cpp.so /opt/ros/humble/lib/librcl_interfaces__rosidl_typesupport_introspection_cpp.so /opt/ros/humble/lib/librcl_interfaces__rosidl_typesupport_cpp.so /opt/ros/humble/lib/librcl_interfaces__rosidl_generator_py.so /opt/ros/humble/lib/librcl_interfaces__rosidl_typesupport_c.so /opt/ros/humble/lib/librcl_interfaces__rosidl_generator_c.so /opt/ros/humble/lib/librcl_yaml_param_parser.so /opt/ros/humble/lib/libyaml.so /opt/ros/humble/lib/librmw_implementation.so /opt/ros/humble/lib/librcl_logging_spdlog.so /opt/ros/humble/lib/librcl_logging_interface.so /opt/ros/humble/lib/libtracetools.so /home/aajaer/microros_ws/install/action_msgs/lib/libaction_msgs__rosidl_typesupport_fastrtps_c.so /home/aajaer/microros_ws/install/builtin_interfaces/lib/libbuiltin_interfaces__rosidl_typesupport_fastrtps_c.so /home/aajaer/microros_ws/install/unique_identifier_msgs/lib/libunique_identifier_msgs__rosidl_typesupport_fastrtps_c.so /opt/ros/humble/lib/librosidl_typesupport_fastrtps_c.so /home/aajaer/microros_ws/install/action_msgs/lib/libaction_msgs__rosidl_typesupport_fastrtps_cpp.so /home/aajaer/microros_ws/install/builtin_interfaces/lib/libbuiltin_interfaces__rosidl_typesupport_fastrtps_cpp.so /home/aajaer/microros_ws/install/unique_identifier_msgs/lib/libunique_identifier_msgs__rosidl_typesupport_fastrtps_cpp.so /opt/ros/humble/lib/librosidl_typesupport_fastrtps_cpp.so /opt/ros/humble/lib/librmw.so /opt/ros/humble/lib/libfastcdr.so.1.0.24 /home/aajaer/microros_ws/install/action_msgs/lib/libaction_msgs__rosidl_typesupport_introspection_c.so /home/aajaer/microros_ws/install/builtin_interfaces/lib/libbuiltin_interfaces__rosidl_typesupport_introspection_c.so /home/aajaer/microros_ws/install/unique_identifier_msgs/lib/libunique_identifier_msgs__rosidl_typesupport_introspection_c.so /home/aajaer/microros_ws/install/action_msgs/lib/libaction_msgs__rosidl_typesupport_introspection_cpp.so /home/aajaer/microros_ws/install/builtin_interfaces/lib/libbuiltin_interfaces__rosidl_typesupport_introspection_cpp.so /home/aajaer/microros_ws/install/unique_identifier_msgs/lib/libunique_identifier_msgs__rosidl_typesupport_introspection_cpp.so /opt/ros/humble/lib/librosidl_typesupport_introspection_cpp.so /opt/ros/humble/lib/librosidl_typesupport_introspection_c.so /home/aajaer/microros_ws/install/action_msgs/lib/libaction_msgs__rosidl_typesupport_cpp.so /home/aajaer/microros_ws/install/builtin_interfaces/lib/libbuiltin_interfaces__rosidl_typesupport_cpp.so /home/aajaer/microros_ws/install/unique_identifier_msgs/lib/libunique_identifier_msgs__rosidl_typesupport_cpp.so /home/aajaer/microros_ws/install/action_msgs/lib/libaction_msgs__rosidl_generator_py.so /home/aajaer/microros_ws/install/action_msgs/lib/libaction_msgs__rosidl_typesupport_c.so /home/aajaer/microros_ws/install/action_msgs/lib/libaction_msgs__rosidl_generator_c.so /home/aajaer/microros_ws/install/builtin_interfaces/lib/libbuiltin_interfaces__rosidl_generator_py.so /home/aajaer/microros_ws/install/builtin_interfaces/lib/libbuiltin_interfaces__rosidl_typesupport_c.so /home/aajaer/microros_ws/install/builtin_interfaces/lib/libbuiltin_interfaces__rosidl_generator_c.so /home/aajaer/microros_ws/install/unique_identifier_msgs/lib/libunique_identifier_msgs__rosidl_generator_py.so /usr/lib/aarch64-linux-gnu/libpython3.10.so /home/aajaer/microros_ws/install/unique_identifier_msgs/lib/libunique_identifier_msgs__rosidl_typesupport_c.so /home/aajaer/microros_ws/install/unique_identifier_msgs/lib/libunique_identifier_msgs__rosidl_generator_c.so /opt/ros/humble/lib/librosidl_runtime_c.so /opt/ros/humble/lib/librcutils.so -ldl -Wl,-rpath-link,/opt/ros/humble/lib 
gmake[2]: Leaving directory '/home/aajaer/microros_ws/build/rclc'
[ 60%] Built target rclc
/usr/bin/gmake  -f CMakeFiles/rclc_test.dir/build.make CMakeFiles/rclc_test.dir/depend
gmake[2]: Entering directory '/home/aajaer/microros_ws/build/rclc'
cd /home/aajaer/microros_ws/build/rclc && /usr/bin/cmake -E cmake_depends "Unix Makefiles" /home/aajaer/microros_ws/src/uros/rclc/rclc /home/aajaer/microros_ws/src/uros/rclc/rclc /home/aajaer/microros_ws/build/rclc /home/aajaer/microros_ws/build/rclc /home/aajaer/microros_ws/build/rclc/CMakeFiles/rclc_test.dir/DependInfo.cmake --color=
[35m[1mConsolidate compiler generated dependencies of target rclc_test[0m
gmake[2]: Leaving directory '/home/aajaer/microros_ws/build/rclc'
/usr/bin/gmake  -f CMakeFiles/rclc_test.dir/build.make CMakeFiles/rclc_test.dir/build
gmake[2]: Entering directory '/home/aajaer/microros_ws/build/rclc'
[ 63%] [32m[1mLinking CXX executable rclc_test[0m
/usr/bin/cmake -E cmake_link_script CMakeFiles/rclc_test.dir/link.txt --verbose=1
/usr/bin/c++ CMakeFiles/rclc_test.dir/test/rclc/test_init.cpp.o CMakeFiles/rclc_test.dir/test/rclc/test_node.cpp.o CMakeFiles/rclc_test.dir/test/rclc/test_publisher.cpp.o CMakeFiles/rclc_test.dir/test/rclc/test_subscription.cpp.o CMakeFiles/rclc_test.dir/test/rclc/test_client.cpp.o CMakeFiles/rclc_test.dir/test/rclc/test_service.cpp.o CMakeFiles/rclc_test.dir/test/rclc/test_timer.cpp.o CMakeFiles/rclc_test.dir/test/rclc/test_executor_handle.cpp.o CMakeFiles/rclc_test.dir/test/rclc/test_executor.cpp.o CMakeFiles/rclc_test.dir/test/rclc/test_action_server.cpp.o CMakeFiles/rclc_test.dir/test/rclc/test_action_client.cpp.o -o rclc_test  -Wl,-rpath,/home/aajaer/microros_ws/build/rclc:/home/aajaer/microros_ws/install/std_msgs/lib:/home/aajaer/microros_ws/install/example_interfaces/lib:/home/aajaer/microros_ws/install/action_msgs/lib:/home/aajaer/microros_ws/install/builtin_interfaces/lib:/home/aajaer/microros_ws/install/unique_identifier_msgs/lib:/opt/ros/humble/lib:/home/aajaer/microros_ws/install/test_msgs/lib gtest/libgtest_main.a gtest/libgtest.a librclc.so /opt/ros/humble/lib/librclcpp_action.so /opt/ros/humble/lib/libmemory_tools_interpose.so /home/aajaer/microros_ws/install/std_msgs/lib/libstd_msgs__rosidl_typesupport_fastrtps_c.so /home/aajaer/microros_ws/install/std_msgs/lib/libstd_msgs__rosidl_typesupport_fastrtps_cpp.so /home/aajaer/microros_ws/install/std_msgs/lib/libstd_msgs__rosidl_typesupport_introspection_c.so /home/aajaer/microros_ws/install/std_msgs/lib/libstd_msgs__rosidl_typesupport_introspection_cpp.so /home/aajaer/microros_ws/install/std_msgs/lib/libstd_msgs__rosidl_typesupport_cpp.so /home/aajaer/microros_ws/install/std_msgs/lib/libstd_msgs__rosidl_generator_py.so /home/aajaer/microros_ws/install/test_msgs/lib/libtest_msgs__rosidl_typesupport_fastrtps_c.so /home/aajaer/microros_ws/install/test_msgs/lib/libtest_msgs__rosidl_typesupport_fastrtps_cpp.so /home/aajaer/microros_ws/install/test_msgs/lib/libtest_msgs__rosidl_typesupport_introspection_c.so /home/aajaer/microros_ws/install/test_msgs/lib/libtest_msgs__rosidl_typesupport_introspection_cpp.so /home/aajaer/microros_ws/install/test_msgs/lib/libtest_msgs__rosidl_typesupport_cpp.so /home/aajaer/microros_ws/install/test_msgs/lib/libtest_msgs__rosidl_generator_py.so /home/aajaer/microros_ws/install/example_interfaces/lib/libexample_interfaces__rosidl_typesupport_fastrtps_c.so /home/aajaer/microros_ws/install/example_interfaces/lib/libexample_interfaces__rosidl_typesupport_introspection_c.so /home/aajaer/microros_ws/install/example_interfaces/lib/libexample_interfaces__rosidl_typesupport_fastrtps_cpp.so /home/aajaer/microros_ws/install/example_interfaces/lib/libexample_interfaces__rosidl_typesupport_introspection_cpp.so /home/aajaer/microros_ws/install/example_interfaces/lib/libexample_interfaces__rosidl_typesupport_cpp.so /home/aajaer/microros_ws/install/example_interfaces/lib/libexample_interfaces__rosidl_generator_py.so -pthread /opt/ros/humble/lib/librclcpp.so /opt/ros/humble/lib/liblibstatistics_collector.so /opt/ros/humble/lib/librosgraph_msgs__rosidl_typesupport_fastrtps_c.so /opt/ros/humble/lib/librosgraph_msgs__rosidl_typesupport_fastrtps_cpp.so /opt/ros/humble/lib/librosgraph_msgs__rosidl_typesupport_introspection_c.so /opt/ros/humble/lib/librosgraph_msgs__rosidl_typesupport_introspection_cpp.so /opt/ros/humble/lib/librosgraph_msgs__rosidl_typesupport_cpp.so /opt/ros/humble/lib/librosgraph_msgs__rosidl_generator_py.so /opt/ros/humble/lib/librosgraph_msgs__rosidl_typesupport_c.so /opt/ros/humble/lib/librosgraph_msgs__rosidl_generator_c.so /opt/ros/humble/lib/libstatistics_msgs__rosidl_typesupport_fastrtps_c.so /opt/ros/humble/lib/libstatistics_msgs__rosidl_typesupport_fastrtps_cpp.so /opt/ros/humble/lib/libstatistics_msgs__rosidl_typesupport_introspection_c.so /opt/ros/humble/lib/libstatistics_msgs__rosidl_typesupport_introspection_cpp.so /opt/ros/humble/lib/libstatistics_msgs__rosidl_typesupport_cpp.so /opt/ros/humble/lib/libstatistics_msgs__rosidl_generator_py.so /opt/ros/humble/lib/libstatistics_msgs__rosidl_typesupport_c.so /opt/ros/humble/lib/libstatistics_msgs__rosidl_generator_c.so /opt/ros/humble/lib/librcl_action.so /opt/ros/humble/lib/librcl.so /opt/ros/humble/lib/librcl_interfaces__rosidl_typesupport_fastrtps_c.so /opt/ros/humble/lib/librcl_interfaces__rosidl_typesupport_introspection_c.so /opt/ros/humble/lib/librcl_interfaces__rosidl_typesupport_fastrtps_cpp.so /opt/ros/humble/lib/librcl_interfaces__rosidl_typesupport_introspection_cpp.so /opt/ros/humble/lib/librcl_interfaces__rosidl_typesupport_cpp.so /opt/ros/humble/lib/librcl_interfaces__rosidl_generator_py.so /opt/ros/humble/lib/librcl_interfaces__rosidl_typesupport_c.so /opt/ros/humble/lib/librcl_interfaces__rosidl_generator_c.so /opt/ros/humble/lib/librcl_yaml_param_parser.so /opt/ros/humble/lib/libyaml.so /opt/ros/humble/lib/libtracetools.so /opt/ros/humble/lib/librmw_implementation.so /opt/ros/humble/lib/libament_index_cpp.so /opt/ros/humble/lib/librcl_logging_spdlog.so /opt/ros/humble/lib/librcl_logging_interface.so /opt/ros/humble/lib/libmemory_tools.so /home/aajaer/microros_ws/install/std_msgs/lib/libstd_msgs__rosidl_typesupport_c.so /home/aajaer/microros_ws/install/std_msgs/lib/libstd_msgs__rosidl_generator_c.so /home/aajaer/microros_ws/install/test_msgs/lib/libtest_msgs__rosidl_typesupport_c.so /home/aajaer/microros_ws/install/test_msgs/lib/libtest_msgs__rosidl_generator_c.so /home/aajaer/microros_ws/install/action_msgs/lib/libaction_msgs__rosidl_typesupport_fastrtps_c.so /home/aajaer/microros_ws/install/builtin_interfaces/lib/libbuiltin_interfaces__rosidl_typesupport_fastrtps_c.so /home/aajaer/microros_ws/install/unique_identifier_msgs/lib/libunique_identifier_msgs__rosidl_typesupport_fastrtps_c.so /opt/ros/humble/lib/librosidl_typesupport_fastrtps_c.so /home/aajaer/microros_ws/install/action_msgs/lib/libaction_msgs__rosidl_typesupport_introspection_c.so /home/aajaer/microros_ws/install/builtin_interfaces/lib/libbuiltin_interfaces__rosidl_typesupport_introspection_c.so /home/aajaer/microros_ws/install/unique_identifier_msgs/lib/libunique_identifier_msgs__rosidl_typesupport_introspection_c.so /home/aajaer/microros_ws/install/action_msgs/lib/libaction_msgs__rosidl_typesupport_fastrtps_cpp.so /home/aajaer/microros_ws/install/builtin_interfaces/lib/libbuiltin_interfaces__rosidl_typesupport_fastrtps_cpp.so /home/aajaer/microros_ws/install/unique_identifier_msgs/lib/libunique_identifier_msgs__rosidl_typesupport_fastrtps_cpp.so /opt/ros/humble/lib/librosidl_typesupport_fastrtps_cpp.so /opt/ros/humble/lib/librmw.so /opt/ros/humble/lib/libfastcdr.so.1.0.24 /home/aajaer/microros_ws/install/action_msgs/lib/libaction_msgs__rosidl_typesupport_introspection_cpp.so /home/aajaer/microros_ws/install/builtin_interfaces/lib/libbuiltin_interfaces__rosidl_typesupport_introspection_cpp.so /home/aajaer/microros_ws/install/unique_identifier_msgs/lib/libunique_identifier_msgs__rosidl_typesupport_introspection_cpp.so /opt/ros/humble/lib/librosidl_typesupport_introspection_cpp.so /opt/ros/humble/lib/librosidl_typesupport_introspection_c.so /home/aajaer/microros_ws/install/action_msgs/lib/libaction_msgs__rosidl_typesupport_cpp.so /home/aajaer/microros_ws/install/builtin_interfaces/lib/libbuiltin_interfaces__rosidl_typesupport_cpp.so /home/aajaer/microros_ws/install/unique_identifier_msgs/lib/libunique_identifier_msgs__rosidl_typesupport_cpp.so /opt/ros/humble/lib/librosidl_typesupport_cpp.so /home/aajaer/microros_ws/install/example_interfaces/lib/libexample_interfaces__rosidl_typesupport_c.so /home/aajaer/microros_ws/install/example_interfaces/lib/libexample_interfaces__rosidl_generator_c.so /home/aajaer/microros_ws/install/action_msgs/lib/libaction_msgs__rosidl_generator_py.so /home/aajaer/microros_ws/install/builtin_interfaces/lib/libbuiltin_interfaces__rosidl_generator_py.so /home/aajaer/microros_ws/install/action_msgs/lib/libaction_msgs__rosidl_typesupport_c.so /home/aajaer/microros_ws/install/builtin_interfaces/lib/libbuiltin_interfaces__rosidl_typesupport_c.so /home/aajaer/microros_ws/install/action_msgs/lib/libaction_msgs__rosidl_generator_c.so /home/aajaer/microros_ws/install/builtin_interfaces/lib/libbuiltin_interfaces__rosidl_generator_c.so /home/aajaer/microros_ws/install/unique_identifier_msgs/lib/libunique_identifier_msgs__rosidl_generator_py.so /usr/lib/aarch64-linux-gnu/libpython3.10.so /home/aajaer/microros_ws/install/unique_identifier_msgs/lib/libunique_identifier_msgs__rosidl_typesupport_c.so /home/aajaer/microros_ws/install/unique_identifier_msgs/lib/libunique_identifier_msgs__rosidl_generator_c.so /opt/ros/humble/lib/librosidl_typesupport_c.so /opt/ros/humble/lib/librcpputils.so /opt/ros/humble/lib/librosidl_runtime_c.so /opt/ros/humble/lib/librcutils.so -ldl 
gmake[2]: Leaving directory '/home/aajaer/microros_ws/build/rclc'
[100%] Built target rclc_test
gmake[1]: Leaving directory '/home/aajaer/microros_ws/build/rclc'
/usr/bin/cmake -E cmake_progress_start /home/aajaer/microros_ws/build/rclc/CMakeFiles 0
-- Install configuration: ""
-- Execute custom install script
-- Up-to-date symlink: /home/aajaer/microros_ws/install/rclc/include/rclc/action_client.h
-- Up-to-date symlink: /home/aajaer/microros_ws/install/rclc/include/rclc/action_goal_handle.h
-- Up-to-date symlink: /home/aajaer/microros_ws/install/rclc/include/rclc/action_server.h
-- Up-to-date symlink: /home/aajaer/microros_ws/install/rclc/include/rclc/client.h
-- Up-to-date symlink: /home/aajaer/microros_ws/install/rclc/include/rclc/executor.h
-- Up-to-date symlink: /home/aajaer/microros_ws/install/rclc/include/rclc/executor_handle.h
-- Up-to-date symlink: /home/aajaer/microros_ws/install/rclc/include/rclc/init.h
-- Up-to-date symlink: /home/aajaer/microros_ws/install/rclc/include/rclc/node.h
-- Up-to-date symlink: /home/aajaer/microros_ws/install/rclc/include/rclc/publisher.h
-- Up-to-date symlink: /home/aajaer/microros_ws/install/rclc/include/rclc/rclc.h
-- Up-to-date symlink: /home/aajaer/microros_ws/install/rclc/include/rclc/service.h
-- Up-to-date symlink: /home/aajaer/microros_ws/install/rclc/include/rclc/sleep.h
-- Up-to-date symlink: /home/aajaer/microros_ws/install/rclc/include/rclc/subscription.h
-- Up-to-date symlink: /home/aajaer/microros_ws/install/rclc/include/rclc/timer.h
-- Up-to-date symlink: /home/aajaer/microros_ws/install/rclc/include/rclc/types.h
-- Up-to-date symlink: /home/aajaer/microros_ws/install/rclc/include/rclc/visibility_control.h
-- Up-to-date symlink: /home/aajaer/microros_ws/install/rclc/share/rclc/environment/library_path.sh
-- Up-to-date symlink: /home/aajaer/microros_ws/install/rclc/share/rclc/environment/library_path.dsv
-- Up-to-date symlink: /home/aajaer/microros_ws/install/rclc/share/ament_index/resource_index/package_run_dependencies/rclc
-- Up-to-date symlink: /home/aajaer/microros_ws/install/rclc/share/ament_index/resource_index/parent_prefix_path/rclc
-- Up-to-date symlink: /home/aajaer/microros_ws/install/rclc/share/rclc/environment/ament_prefix_path.sh
-- Up-to-date symlink: /home/aajaer/microros_ws/install/rclc/share/rclc/environment/ament_prefix_path.dsv
-- Up-to-date symlink: /home/aajaer/microros_ws/install/rclc/share/rclc/environment/path.sh
-- Up-to-date symlink: /home/aajaer/microros_ws/install/rclc/share/rclc/environment/path.dsv
-- Up-to-date symlink: /home/aajaer/microros_ws/install/rclc/share/rclc/local_setup.bash
-- Up-to-date symlink: /home/aajaer/microros_ws/install/rclc/share/rclc/local_setup.sh
-- Up-to-date symlink: /home/aajaer/microros_ws/install/rclc/share/rclc/local_setup.zsh
-- Up-to-date symlink: /home/aajaer/microros_ws/install/rclc/share/rclc/local_setup.dsv
-- Symlinking: /home/aajaer/microros_ws/install/rclc/share/rclc/package.dsv
-- Up-to-date symlink: /home/aajaer/microros_ws/install/rclc/share/ament_index/resource_index/packages/rclc
-- Up-to-date symlink: /home/aajaer/microros_ws/install/rclc/share/rclc/cmake/ament_cmake_export_include_directories-extras.cmake
-- Up-to-date symlink: /home/aajaer/microros_ws/install/rclc/share/rclc/cmake/ament_cmake_export_libraries-extras.cmake
-- Up-to-date symlink: /home/aajaer/microros_ws/install/rclc/share/rclc/cmake/ament_cmake_export_targets-extras.cmake
-- Up-to-date symlink: /home/aajaer/microros_ws/install/rclc/share/rclc/cmake/ament_cmake_export_dependencies-extras.cmake
-- Up-to-date symlink: /home/aajaer/microros_ws/install/rclc/share/rclc/cmake/rclcConfig.cmake
-- Up-to-date symlink: /home/aajaer/microros_ws/install/rclc/share/rclc/cmake/rclcConfig-version.cmake
-- Up-to-date symlink: /home/aajaer/microros_ws/install/rclc/share/rclc/package.xml
-- Installing: /home/aajaer/microros_ws/install/rclc/lib/librclc.so
-- Set runtime path of "/home/aajaer/microros_ws/install/rclc/lib/librclc.so" to ""
-- Up-to-date: /home/aajaer/microros_ws/install/rclc/share/rclc/cmake/rclcExport.cmake
-- Up-to-date: /home/aajaer/microros_ws/install/rclc/share/rclc/cmake/rclcExport-noconfig.cmake
