[0.094s] Invoking command in '/home/aajaer/microros_ws/build/rclc': AMENT_PREFIX_PATH=/home/aajaer/microros_ws/install/test_msgs:/home/aajaer/microros_ws/install/example_interfaces:/home/aajaer/microros_ws/install/std_msgs:/home/aajaer/microros_ws/install/action_msgs:/home/aajaer/microros_ws/install/unique_identifier_msgs:/home/aajaer/microros_ws/install/builtin_interfaces:${AMENT_PREFIX_PATH} CMAKE_PREFIX_PATH=/home/aajaer/microros_ws/install/test_msgs:/home/aajaer/microros_ws/install/example_interfaces:/home/aajaer/microros_ws/install/std_msgs:/home/aajaer/microros_ws/install/action_msgs:/home/aajaer/microros_ws/install/unique_identifier_msgs:/home/aajaer/microros_ws/install/builtin_interfaces:/opt/ros/humble:/opt/ros/humble LD_LIBRARY_PATH=/home/aajaer/microros_ws/install/test_msgs/lib:/home/aajaer/microros_ws/install/example_interfaces/lib:/home/aajaer/microros_ws/install/std_msgs/lib:/home/aajaer/microros_ws/install/action_msgs/lib:/home/aajaer/microros_ws/install/unique_identifier_msgs/lib:/home/aajaer/microros_ws/install/builtin_interfaces/lib:/opt/ros/humble/opt/rviz_ogre_vendor/lib:/opt/ros/humble/lib/aarch64-linux-gnu:/opt/ros/humble/lib PYTHONPATH=/home/aajaer/microros_ws/install/test_msgs/local/lib/python3.10/dist-packages:/home/aajaer/microros_ws/install/example_interfaces/local/lib/python3.10/dist-packages:/home/aajaer/microros_ws/install/std_msgs/local/lib/python3.10/dist-packages:/home/aajaer/microros_ws/install/action_msgs/local/lib/python3.10/dist-packages:/home/aajaer/microros_ws/install/unique_identifier_msgs/local/lib/python3.10/dist-packages:/home/aajaer/microros_ws/install/builtin_interfaces/local/lib/python3.10/dist-packages:${PYTHONPATH} /usr/bin/cmake /home/aajaer/microros_ws/src/uros/rclc/rclc -DCMAKE_INSTALL_PREFIX=/home/aajaer/microros_ws/install/rclc
[0.128s] -- Found ament_cmake_ros: 0.10.0 (/opt/ros/humble/share/ament_cmake_ros/cmake)
[0.512s] -- Override CMake install command with custom implementation using symlinks instead of copying resources
[0.530s] -- Found rcl: 5.3.9 (/opt/ros/humble/share/rcl/cmake)
[0.589s] -- Found rosidl_generator_c: 3.1.6 (/opt/ros/humble/share/rosidl_generator_c/cmake)
[0.594s] -- Found rosidl_adapter: 3.1.6 (/opt/ros/humble/share/rosidl_adapter/cmake)
[0.607s] -- Found rosidl_generator_cpp: 3.1.6 (/opt/ros/humble/share/rosidl_generator_cpp/cmake)
[0.636s] -- Using all available rosidl_typesupport_c: rosidl_typesupport_fastrtps_c;rosidl_typesupport_introspection_c
[0.675s] -- Using all available rosidl_typesupport_cpp: rosidl_typesupport_fastrtps_cpp;rosidl_typesupport_introspection_cpp
[0.761s] -- Found rmw_implementation_cmake: 6.1.2 (/opt/ros/humble/share/rmw_implementation_cmake/cmake)
[0.780s] -- Found rmw_fastrtps_cpp: 6.2.7 (/opt/ros/humble/share/rmw_fastrtps_cpp/cmake)
[1.062s] -- Using RMW implementation 'rmw_fastrtps_cpp' as default
[1.087s] -- Found rcl_action: 5.3.9 (/opt/ros/humble/share/rcl_action/cmake)
[1.166s] -- Found rcl version 5.3.9, which belongs to Foxy or later
[1.187s] -- Found ament_lint_auto: 0.12.11 (/opt/ros/humble/share/ament_lint_auto/cmake)
[1.206s] -- Found std_msgs: 4.2.4 (/home/aajaer/microros_ws/install/std_msgs/share/std_msgs/cmake)
[1.250s] -- Found example_interfaces: 0.9.3 (/home/aajaer/microros_ws/install/example_interfaces/share/example_interfaces/cmake)
[1.285s] -- Found rclcpp: 16.0.11 (/opt/ros/humble/share/rclcpp/cmake)
[1.398s] -- Found rclcpp_action: 16.0.11 (/opt/ros/humble/share/rclcpp_action/cmake)
[1.639s] -- Found gtest sources under '/opt/ros/humble/src/gtest_vendor': C++ tests using 'Google Test' will be built
[1.671s] -- Added test 'cppcheck' to perform static code analysis on C / C++ code
[1.671s] -- Configured cppcheck include dirs: $<BUILD_INTERFACE:/home/aajaer/microros_ws/src/uros/rclc/rclc/include>;$<BUILD_INTERFACE:/home/aajaer/microros_ws/src/uros/rclc/rclc/src>;/home/aajaer/microros_ws/src/uros/rclc/rclc/include;/home/aajaer/microros_ws/src/uros/rclc/rclc/src
[1.671s] -- Configured cppcheck exclude dirs and/or files: 
[1.677s] -- Added test 'cpplint' to check C / C++ code against the Google style
[1.677s] -- Configured cpplint exclude dirs and/or files: 
[1.680s] -- Added test 'lint_cmake' to check CMake code style
[1.686s] -- Added test 'uncrustify' to check C / C++ code style
[1.686s] -- Configured uncrustify additional arguments: 
[1.687s] -- Added test 'xmllint' to check XML markup files
[1.694s] -- Configuring done
[1.748s] -- Generating done
[1.761s] -- Build files have been written to: /home/aajaer/microros_ws/build/rclc
[1.787s] Invoked command in '/home/aajaer/microros_ws/build/rclc' returned '0': AMENT_PREFIX_PATH=/home/aajaer/microros_ws/install/test_msgs:/home/aajaer/microros_ws/install/example_interfaces:/home/aajaer/microros_ws/install/std_msgs:/home/aajaer/microros_ws/install/action_msgs:/home/aajaer/microros_ws/install/unique_identifier_msgs:/home/aajaer/microros_ws/install/builtin_interfaces:${AMENT_PREFIX_PATH} CMAKE_PREFIX_PATH=/home/aajaer/microros_ws/install/test_msgs:/home/aajaer/microros_ws/install/example_interfaces:/home/aajaer/microros_ws/install/std_msgs:/home/aajaer/microros_ws/install/action_msgs:/home/aajaer/microros_ws/install/unique_identifier_msgs:/home/aajaer/microros_ws/install/builtin_interfaces:/opt/ros/humble:/opt/ros/humble LD_LIBRARY_PATH=/home/aajaer/microros_ws/install/test_msgs/lib:/home/aajaer/microros_ws/install/example_interfaces/lib:/home/aajaer/microros_ws/install/std_msgs/lib:/home/aajaer/microros_ws/install/action_msgs/lib:/home/aajaer/microros_ws/install/unique_identifier_msgs/lib:/home/aajaer/microros_ws/install/builtin_interfaces/lib:/opt/ros/humble/opt/rviz_ogre_vendor/lib:/opt/ros/humble/lib/aarch64-linux-gnu:/opt/ros/humble/lib PYTHONPATH=/home/aajaer/microros_ws/install/test_msgs/local/lib/python3.10/dist-packages:/home/aajaer/microros_ws/install/example_interfaces/local/lib/python3.10/dist-packages:/home/aajaer/microros_ws/install/std_msgs/local/lib/python3.10/dist-packages:/home/aajaer/microros_ws/install/action_msgs/local/lib/python3.10/dist-packages:/home/aajaer/microros_ws/install/unique_identifier_msgs/local/lib/python3.10/dist-packages:/home/aajaer/microros_ws/install/builtin_interfaces/local/lib/python3.10/dist-packages:${PYTHONPATH} /usr/bin/cmake /home/aajaer/microros_ws/src/uros/rclc/rclc -DCMAKE_INSTALL_PREFIX=/home/aajaer/microros_ws/install/rclc
[1.791s] Invoking command in '/home/aajaer/microros_ws/build/rclc': AMENT_PREFIX_PATH=/home/aajaer/microros_ws/install/test_msgs:/home/aajaer/microros_ws/install/example_interfaces:/home/aajaer/microros_ws/install/std_msgs:/home/aajaer/microros_ws/install/action_msgs:/home/aajaer/microros_ws/install/unique_identifier_msgs:/home/aajaer/microros_ws/install/builtin_interfaces:${AMENT_PREFIX_PATH} CMAKE_PREFIX_PATH=/home/aajaer/microros_ws/install/test_msgs:/home/aajaer/microros_ws/install/example_interfaces:/home/aajaer/microros_ws/install/std_msgs:/home/aajaer/microros_ws/install/action_msgs:/home/aajaer/microros_ws/install/unique_identifier_msgs:/home/aajaer/microros_ws/install/builtin_interfaces:/opt/ros/humble:/opt/ros/humble LD_LIBRARY_PATH=/home/aajaer/microros_ws/install/test_msgs/lib:/home/aajaer/microros_ws/install/example_interfaces/lib:/home/aajaer/microros_ws/install/std_msgs/lib:/home/aajaer/microros_ws/install/action_msgs/lib:/home/aajaer/microros_ws/install/unique_identifier_msgs/lib:/home/aajaer/microros_ws/install/builtin_interfaces/lib:/opt/ros/humble/opt/rviz_ogre_vendor/lib:/opt/ros/humble/lib/aarch64-linux-gnu:/opt/ros/humble/lib PYTHONPATH=/home/aajaer/microros_ws/install/test_msgs/local/lib/python3.10/dist-packages:/home/aajaer/microros_ws/install/example_interfaces/local/lib/python3.10/dist-packages:/home/aajaer/microros_ws/install/std_msgs/local/lib/python3.10/dist-packages:/home/aajaer/microros_ws/install/action_msgs/local/lib/python3.10/dist-packages:/home/aajaer/microros_ws/install/unique_identifier_msgs/local/lib/python3.10/dist-packages:/home/aajaer/microros_ws/install/builtin_interfaces/local/lib/python3.10/dist-packages:${PYTHONPATH} /usr/bin/cmake --build /home/aajaer/microros_ws/build/rclc -- -j8 -l8
[1.811s] /usr/bin/cmake -S/home/aajaer/microros_ws/src/uros/rclc/rclc -B/home/aajaer/microros_ws/build/rclc --check-build-system CMakeFiles/Makefile.cmake 0
[1.834s] /usr/bin/cmake -E cmake_progress_start /home/aajaer/microros_ws/build/rclc/CMakeFiles /home/aajaer/microros_ws/build/rclc//CMakeFiles/progress.marks
[1.849s] /usr/bin/gmake  -f CMakeFiles/Makefile2 all
[1.851s] gmake[1]: Entering directory '/home/aajaer/microros_ws/build/rclc'
[1.851s] /usr/bin/gmake  -f CMakeFiles/rclc.dir/build.make CMakeFiles/rclc.dir/depend
[1.851s] /usr/bin/gmake  -f gtest/CMakeFiles/gtest_main.dir/build.make gtest/CMakeFiles/gtest_main.dir/depend
[1.852s] /usr/bin/gmake  -f gtest/CMakeFiles/gtest.dir/build.make gtest/CMakeFiles/gtest.dir/depend
[1.854s] gmake[2]: Entering directory '/home/aajaer/microros_ws/build/rclc'
[1.854s] cd /home/aajaer/microros_ws/build/rclc && /usr/bin/cmake -E cmake_depends "Unix Makefiles" /home/aajaer/microros_ws/src/uros/rclc/rclc /opt/ros/humble/src/gtest_vendor /home/aajaer/microros_ws/build/rclc /home/aajaer/microros_ws/build/rclc/gtest /home/aajaer/microros_ws/build/rclc/gtest/CMakeFiles/gtest_main.dir/DependInfo.cmake --color=
[1.854s] gmake[2]: Entering directory '/home/aajaer/microros_ws/build/rclc'
[1.854s] cd /home/aajaer/microros_ws/build/rclc && /usr/bin/cmake -E cmake_depends "Unix Makefiles" /home/aajaer/microros_ws/src/uros/rclc/rclc /home/aajaer/microros_ws/src/uros/rclc/rclc /home/aajaer/microros_ws/build/rclc /home/aajaer/microros_ws/build/rclc /home/aajaer/microros_ws/build/rclc/CMakeFiles/rclc.dir/DependInfo.cmake --color=
[1.855s] gmake[2]: Entering directory '/home/aajaer/microros_ws/build/rclc'
[1.855s] cd /home/aajaer/microros_ws/build/rclc && /usr/bin/cmake -E cmake_depends "Unix Makefiles" /home/aajaer/microros_ws/src/uros/rclc/rclc /opt/ros/humble/src/gtest_vendor /home/aajaer/microros_ws/build/rclc /home/aajaer/microros_ws/build/rclc/gtest /home/aajaer/microros_ws/build/rclc/gtest/CMakeFiles/gtest.dir/DependInfo.cmake --color=
[1.870s] [35m[1mConsolidate compiler generated dependencies of target gtest[0m
[1.870s] [35m[1mConsolidate compiler generated dependencies of target gtest_main[0m
[1.874s] [35m[1mConsolidate compiler generated dependencies of target rclc[0m
[1.876s] gmake[2]: Leaving directory '/home/aajaer/microros_ws/build/rclc'
[1.877s] /usr/bin/gmake  -f gtest/CMakeFiles/gtest.dir/build.make gtest/CMakeFiles/gtest.dir/build
[1.877s] gmake[2]: Leaving directory '/home/aajaer/microros_ws/build/rclc'
[1.877s] /usr/bin/gmake  -f gtest/CMakeFiles/gtest_main.dir/build.make gtest/CMakeFiles/gtest_main.dir/build
[1.882s] gmake[2]: Entering directory '/home/aajaer/microros_ws/build/rclc'
[1.882s] gmake[2]: Nothing to be done for 'gtest/CMakeFiles/gtest_main.dir/build'.
[1.882s] gmake[2]: Leaving directory '/home/aajaer/microros_ws/build/rclc'
[1.883s] gmake[2]: Entering directory '/home/aajaer/microros_ws/build/rclc'
[1.883s] gmake[2]: Nothing to be done for 'gtest/CMakeFiles/gtest.dir/build'.
[1.883s] gmake[2]: Leaving directory '/home/aajaer/microros_ws/build/rclc'
[1.885s] gmake[2]: Leaving directory '/home/aajaer/microros_ws/build/rclc'
[1.885s] /usr/bin/gmake  -f CMakeFiles/rclc.dir/build.make CMakeFiles/rclc.dir/build
[1.894s] gmake[2]: Entering directory '/home/aajaer/microros_ws/build/rclc'
[1.899s] [ 13%] Built target gtest
[1.899s] [ 13%] Built target gtest_main
[1.909s] [ 16%] [32m[1mLinking C shared library librclc.so[0m
[1.911s] /usr/bin/cmake -E cmake_link_script CMakeFiles/rclc.dir/link.txt --verbose=1
[1.924s] /usr/bin/cc -fPIC -shared -Wl,-soname,librclc.so -o librclc.so CMakeFiles/rclc.dir/src/rclc/init.c.o CMakeFiles/rclc.dir/src/rclc/publisher.c.o CMakeFiles/rclc.dir/src/rclc/subscription.c.o CMakeFiles/rclc.dir/src/rclc/client.c.o CMakeFiles/rclc.dir/src/rclc/service.c.o CMakeFiles/rclc.dir/src/rclc/timer.c.o CMakeFiles/rclc.dir/src/rclc/action_client.c.o CMakeFiles/rclc.dir/src/rclc/action_server.c.o CMakeFiles/rclc.dir/src/rclc/action_goal_handle.c.o CMakeFiles/rclc.dir/src/rclc/node.c.o CMakeFiles/rclc.dir/src/rclc/executor_handle.c.o CMakeFiles/rclc.dir/src/rclc/executor.c.o CMakeFiles/rclc.dir/src/rclc/sleep.c.o  -Wl,-rpath,/home/aajaer/microros_ws/install/action_msgs/lib:/home/aajaer/microros_ws/install/builtin_interfaces/lib:/home/aajaer/microros_ws/install/unique_identifier_msgs/lib:/opt/ros/humble/lib: /opt/ros/humble/lib/librcl_action.so /opt/ros/humble/lib/librcl.so /opt/ros/humble/lib/librcl_interfaces__rosidl_typesupport_fastrtps_c.so /opt/ros/humble/lib/librcl_interfaces__rosidl_typesupport_introspection_c.so /opt/ros/humble/lib/librcl_interfaces__rosidl_typesupport_fastrtps_cpp.so /opt/ros/humble/lib/librcl_interfaces__rosidl_typesupport_introspection_cpp.so /opt/ros/humble/lib/librcl_interfaces__rosidl_typesupport_cpp.so /opt/ros/humble/lib/librcl_interfaces__rosidl_generator_py.so /opt/ros/humble/lib/librcl_interfaces__rosidl_typesupport_c.so /opt/ros/humble/lib/librcl_interfaces__rosidl_generator_c.so /opt/ros/humble/lib/librcl_yaml_param_parser.so /opt/ros/humble/lib/libyaml.so /opt/ros/humble/lib/librmw_implementation.so /opt/ros/humble/lib/librcl_logging_spdlog.so /opt/ros/humble/lib/librcl_logging_interface.so /opt/ros/humble/lib/libtracetools.so /home/aajaer/microros_ws/install/action_msgs/lib/libaction_msgs__rosidl_typesupport_fastrtps_c.so /home/aajaer/microros_ws/install/builtin_interfaces/lib/libbuiltin_interfaces__rosidl_typesupport_fastrtps_c.so /home/aajaer/microros_ws/install/unique_identifier_msgs/lib/libunique_identifier_msgs__rosidl_typesupport_fastrtps_c.so /opt/ros/humble/lib/librosidl_typesupport_fastrtps_c.so /home/aajaer/microros_ws/install/action_msgs/lib/libaction_msgs__rosidl_typesupport_fastrtps_cpp.so /home/aajaer/microros_ws/install/builtin_interfaces/lib/libbuiltin_interfaces__rosidl_typesupport_fastrtps_cpp.so /home/aajaer/microros_ws/install/unique_identifier_msgs/lib/libunique_identifier_msgs__rosidl_typesupport_fastrtps_cpp.so /opt/ros/humble/lib/librosidl_typesupport_fastrtps_cpp.so /opt/ros/humble/lib/librmw.so /opt/ros/humble/lib/libfastcdr.so.1.0.24 /home/aajaer/microros_ws/install/action_msgs/lib/libaction_msgs__rosidl_typesupport_introspection_c.so /home/aajaer/microros_ws/install/builtin_interfaces/lib/libbuiltin_interfaces__rosidl_typesupport_introspection_c.so /home/aajaer/microros_ws/install/unique_identifier_msgs/lib/libunique_identifier_msgs__rosidl_typesupport_introspection_c.so /home/aajaer/microros_ws/install/action_msgs/lib/libaction_msgs__rosidl_typesupport_introspection_cpp.so /home/aajaer/microros_ws/install/builtin_interfaces/lib/libbuiltin_interfaces__rosidl_typesupport_introspection_cpp.so /home/aajaer/microros_ws/install/unique_identifier_msgs/lib/libunique_identifier_msgs__rosidl_typesupport_introspection_cpp.so /opt/ros/humble/lib/librosidl_typesupport_introspection_cpp.so /opt/ros/humble/lib/librosidl_typesupport_introspection_c.so /home/aajaer/microros_ws/install/action_msgs/lib/libaction_msgs__rosidl_typesupport_cpp.so /home/aajaer/microros_ws/install/builtin_interfaces/lib/libbuiltin_interfaces__rosidl_typesupport_cpp.so /home/aajaer/microros_ws/install/unique_identifier_msgs/lib/libunique_identifier_msgs__rosidl_typesupport_cpp.so /home/aajaer/microros_ws/install/action_msgs/lib/libaction_msgs__rosidl_generator_py.so /home/aajaer/microros_ws/install/action_msgs/lib/libaction_msgs__rosidl_typesupport_c.so /home/aajaer/microros_ws/install/action_msgs/lib/libaction_msgs__rosidl_generator_c.so /home/aajaer/microros_ws/install/builtin_interfaces/lib/libbuiltin_interfaces__rosidl_generator_py.so /home/aajaer/microros_ws/install/builtin_interfaces/lib/libbuiltin_interfaces__rosidl_typesupport_c.so /home/aajaer/microros_ws/install/builtin_interfaces/lib/libbuiltin_interfaces__rosidl_generator_c.so /home/aajaer/microros_ws/install/unique_identifier_msgs/lib/libunique_identifier_msgs__rosidl_generator_py.so /usr/lib/aarch64-linux-gnu/libpython3.10.so /home/aajaer/microros_ws/install/unique_identifier_msgs/lib/libunique_identifier_msgs__rosidl_typesupport_c.so /home/aajaer/microros_ws/install/unique_identifier_msgs/lib/libunique_identifier_msgs__rosidl_generator_c.so /opt/ros/humble/lib/librosidl_runtime_c.so /opt/ros/humble/lib/librcutils.so -ldl -Wl,-rpath-link,/opt/ros/humble/lib 
[1.989s] gmake[2]: Leaving directory '/home/aajaer/microros_ws/build/rclc'
[2.006s] [ 60%] Built target rclc
[2.009s] /usr/bin/gmake  -f CMakeFiles/rclc_test.dir/build.make CMakeFiles/rclc_test.dir/depend
[2.012s] gmake[2]: Entering directory '/home/aajaer/microros_ws/build/rclc'
[2.012s] cd /home/aajaer/microros_ws/build/rclc && /usr/bin/cmake -E cmake_depends "Unix Makefiles" /home/aajaer/microros_ws/src/uros/rclc/rclc /home/aajaer/microros_ws/src/uros/rclc/rclc /home/aajaer/microros_ws/build/rclc /home/aajaer/microros_ws/build/rclc /home/aajaer/microros_ws/build/rclc/CMakeFiles/rclc_test.dir/DependInfo.cmake --color=
[2.042s] [35m[1mConsolidate compiler generated dependencies of target rclc_test[0m
[2.070s] gmake[2]: Leaving directory '/home/aajaer/microros_ws/build/rclc'
[2.070s] /usr/bin/gmake  -f CMakeFiles/rclc_test.dir/build.make CMakeFiles/rclc_test.dir/build
[2.095s] gmake[2]: Entering directory '/home/aajaer/microros_ws/build/rclc'
[2.111s] [ 63%] [32m[1mLinking CXX executable rclc_test[0m
[2.113s] /usr/bin/cmake -E cmake_link_script CMakeFiles/rclc_test.dir/link.txt --verbose=1
[2.128s] /usr/bin/c++ CMakeFiles/rclc_test.dir/test/rclc/test_init.cpp.o CMakeFiles/rclc_test.dir/test/rclc/test_node.cpp.o CMakeFiles/rclc_test.dir/test/rclc/test_publisher.cpp.o CMakeFiles/rclc_test.dir/test/rclc/test_subscription.cpp.o CMakeFiles/rclc_test.dir/test/rclc/test_client.cpp.o CMakeFiles/rclc_test.dir/test/rclc/test_service.cpp.o CMakeFiles/rclc_test.dir/test/rclc/test_timer.cpp.o CMakeFiles/rclc_test.dir/test/rclc/test_executor_handle.cpp.o CMakeFiles/rclc_test.dir/test/rclc/test_executor.cpp.o CMakeFiles/rclc_test.dir/test/rclc/test_action_server.cpp.o CMakeFiles/rclc_test.dir/test/rclc/test_action_client.cpp.o -o rclc_test  -Wl,-rpath,/home/aajaer/microros_ws/build/rclc:/home/aajaer/microros_ws/install/std_msgs/lib:/home/aajaer/microros_ws/install/example_interfaces/lib:/home/aajaer/microros_ws/install/action_msgs/lib:/home/aajaer/microros_ws/install/builtin_interfaces/lib:/home/aajaer/microros_ws/install/unique_identifier_msgs/lib:/opt/ros/humble/lib:/home/aajaer/microros_ws/install/test_msgs/lib gtest/libgtest_main.a gtest/libgtest.a librclc.so /opt/ros/humble/lib/librclcpp_action.so /opt/ros/humble/lib/libmemory_tools_interpose.so /home/aajaer/microros_ws/install/std_msgs/lib/libstd_msgs__rosidl_typesupport_fastrtps_c.so /home/aajaer/microros_ws/install/std_msgs/lib/libstd_msgs__rosidl_typesupport_fastrtps_cpp.so /home/aajaer/microros_ws/install/std_msgs/lib/libstd_msgs__rosidl_typesupport_introspection_c.so /home/aajaer/microros_ws/install/std_msgs/lib/libstd_msgs__rosidl_typesupport_introspection_cpp.so /home/aajaer/microros_ws/install/std_msgs/lib/libstd_msgs__rosidl_typesupport_cpp.so /home/aajaer/microros_ws/install/std_msgs/lib/libstd_msgs__rosidl_generator_py.so /home/aajaer/microros_ws/install/test_msgs/lib/libtest_msgs__rosidl_typesupport_fastrtps_c.so /home/aajaer/microros_ws/install/test_msgs/lib/libtest_msgs__rosidl_typesupport_fastrtps_cpp.so /home/aajaer/microros_ws/install/test_msgs/lib/libtest_msgs__rosidl_typesupport_introspection_c.so /home/aajaer/microros_ws/install/test_msgs/lib/libtest_msgs__rosidl_typesupport_introspection_cpp.so /home/aajaer/microros_ws/install/test_msgs/lib/libtest_msgs__rosidl_typesupport_cpp.so /home/aajaer/microros_ws/install/test_msgs/lib/libtest_msgs__rosidl_generator_py.so /home/aajaer/microros_ws/install/example_interfaces/lib/libexample_interfaces__rosidl_typesupport_fastrtps_c.so /home/aajaer/microros_ws/install/example_interfaces/lib/libexample_interfaces__rosidl_typesupport_introspection_c.so /home/aajaer/microros_ws/install/example_interfaces/lib/libexample_interfaces__rosidl_typesupport_fastrtps_cpp.so /home/aajaer/microros_ws/install/example_interfaces/lib/libexample_interfaces__rosidl_typesupport_introspection_cpp.so /home/aajaer/microros_ws/install/example_interfaces/lib/libexample_interfaces__rosidl_typesupport_cpp.so /home/aajaer/microros_ws/install/example_interfaces/lib/libexample_interfaces__rosidl_generator_py.so -pthread /opt/ros/humble/lib/librclcpp.so /opt/ros/humble/lib/liblibstatistics_collector.so /opt/ros/humble/lib/librosgraph_msgs__rosidl_typesupport_fastrtps_c.so /opt/ros/humble/lib/librosgraph_msgs__rosidl_typesupport_fastrtps_cpp.so /opt/ros/humble/lib/librosgraph_msgs__rosidl_typesupport_introspection_c.so /opt/ros/humble/lib/librosgraph_msgs__rosidl_typesupport_introspection_cpp.so /opt/ros/humble/lib/librosgraph_msgs__rosidl_typesupport_cpp.so /opt/ros/humble/lib/librosgraph_msgs__rosidl_generator_py.so /opt/ros/humble/lib/librosgraph_msgs__rosidl_typesupport_c.so /opt/ros/humble/lib/librosgraph_msgs__rosidl_generator_c.so /opt/ros/humble/lib/libstatistics_msgs__rosidl_typesupport_fastrtps_c.so /opt/ros/humble/lib/libstatistics_msgs__rosidl_typesupport_fastrtps_cpp.so /opt/ros/humble/lib/libstatistics_msgs__rosidl_typesupport_introspection_c.so /opt/ros/humble/lib/libstatistics_msgs__rosidl_typesupport_introspection_cpp.so /opt/ros/humble/lib/libstatistics_msgs__rosidl_typesupport_cpp.so /opt/ros/humble/lib/libstatistics_msgs__rosidl_generator_py.so /opt/ros/humble/lib/libstatistics_msgs__rosidl_typesupport_c.so /opt/ros/humble/lib/libstatistics_msgs__rosidl_generator_c.so /opt/ros/humble/lib/librcl_action.so /opt/ros/humble/lib/librcl.so /opt/ros/humble/lib/librcl_interfaces__rosidl_typesupport_fastrtps_c.so /opt/ros/humble/lib/librcl_interfaces__rosidl_typesupport_introspection_c.so /opt/ros/humble/lib/librcl_interfaces__rosidl_typesupport_fastrtps_cpp.so /opt/ros/humble/lib/librcl_interfaces__rosidl_typesupport_introspection_cpp.so /opt/ros/humble/lib/librcl_interfaces__rosidl_typesupport_cpp.so /opt/ros/humble/lib/librcl_interfaces__rosidl_generator_py.so /opt/ros/humble/lib/librcl_interfaces__rosidl_typesupport_c.so /opt/ros/humble/lib/librcl_interfaces__rosidl_generator_c.so /opt/ros/humble/lib/librcl_yaml_param_parser.so /opt/ros/humble/lib/libyaml.so /opt/ros/humble/lib/libtracetools.so /opt/ros/humble/lib/librmw_implementation.so /opt/ros/humble/lib/libament_index_cpp.so /opt/ros/humble/lib/librcl_logging_spdlog.so /opt/ros/humble/lib/librcl_logging_interface.so /opt/ros/humble/lib/libmemory_tools.so /home/aajaer/microros_ws/install/std_msgs/lib/libstd_msgs__rosidl_typesupport_c.so /home/aajaer/microros_ws/install/std_msgs/lib/libstd_msgs__rosidl_generator_c.so /home/aajaer/microros_ws/install/test_msgs/lib/libtest_msgs__rosidl_typesupport_c.so /home/aajaer/microros_ws/install/test_msgs/lib/libtest_msgs__rosidl_generator_c.so /home/aajaer/microros_ws/install/action_msgs/lib/libaction_msgs__rosidl_typesupport_fastrtps_c.so /home/aajaer/microros_ws/install/builtin_interfaces/lib/libbuiltin_interfaces__rosidl_typesupport_fastrtps_c.so /home/aajaer/microros_ws/install/unique_identifier_msgs/lib/libunique_identifier_msgs__rosidl_typesupport_fastrtps_c.so /opt/ros/humble/lib/librosidl_typesupport_fastrtps_c.so /home/aajaer/microros_ws/install/action_msgs/lib/libaction_msgs__rosidl_typesupport_introspection_c.so /home/aajaer/microros_ws/install/builtin_interfaces/lib/libbuiltin_interfaces__rosidl_typesupport_introspection_c.so /home/aajaer/microros_ws/install/unique_identifier_msgs/lib/libunique_identifier_msgs__rosidl_typesupport_introspection_c.so /home/aajaer/microros_ws/install/action_msgs/lib/libaction_msgs__rosidl_typesupport_fastrtps_cpp.so /home/aajaer/microros_ws/install/builtin_interfaces/lib/libbuiltin_interfaces__rosidl_typesupport_fastrtps_cpp.so /home/aajaer/microros_ws/install/unique_identifier_msgs/lib/libunique_identifier_msgs__rosidl_typesupport_fastrtps_cpp.so /opt/ros/humble/lib/librosidl_typesupport_fastrtps_cpp.so /opt/ros/humble/lib/librmw.so /opt/ros/humble/lib/libfastcdr.so.1.0.24 /home/aajaer/microros_ws/install/action_msgs/lib/libaction_msgs__rosidl_typesupport_introspection_cpp.so /home/aajaer/microros_ws/install/builtin_interfaces/lib/libbuiltin_interfaces__rosidl_typesupport_introspection_cpp.so /home/aajaer/microros_ws/install/unique_identifier_msgs/lib/libunique_identifier_msgs__rosidl_typesupport_introspection_cpp.so /opt/ros/humble/lib/librosidl_typesupport_introspection_cpp.so /opt/ros/humble/lib/librosidl_typesupport_introspection_c.so /home/aajaer/microros_ws/install/action_msgs/lib/libaction_msgs__rosidl_typesupport_cpp.so /home/aajaer/microros_ws/install/builtin_interfaces/lib/libbuiltin_interfaces__rosidl_typesupport_cpp.so /home/aajaer/microros_ws/install/unique_identifier_msgs/lib/libunique_identifier_msgs__rosidl_typesupport_cpp.so /opt/ros/humble/lib/librosidl_typesupport_cpp.so /home/aajaer/microros_ws/install/example_interfaces/lib/libexample_interfaces__rosidl_typesupport_c.so /home/aajaer/microros_ws/install/example_interfaces/lib/libexample_interfaces__rosidl_generator_c.so /home/aajaer/microros_ws/install/action_msgs/lib/libaction_msgs__rosidl_generator_py.so /home/aajaer/microros_ws/install/builtin_interfaces/lib/libbuiltin_interfaces__rosidl_generator_py.so /home/aajaer/microros_ws/install/action_msgs/lib/libaction_msgs__rosidl_typesupport_c.so /home/aajaer/microros_ws/install/builtin_interfaces/lib/libbuiltin_interfaces__rosidl_typesupport_c.so /home/aajaer/microros_ws/install/action_msgs/lib/libaction_msgs__rosidl_generator_c.so /home/aajaer/microros_ws/install/builtin_interfaces/lib/libbuiltin_interfaces__rosidl_generator_c.so /home/aajaer/microros_ws/install/unique_identifier_msgs/lib/libunique_identifier_msgs__rosidl_generator_py.so /usr/lib/aarch64-linux-gnu/libpython3.10.so /home/aajaer/microros_ws/install/unique_identifier_msgs/lib/libunique_identifier_msgs__rosidl_typesupport_c.so /home/aajaer/microros_ws/install/unique_identifier_msgs/lib/libunique_identifier_msgs__rosidl_generator_c.so /opt/ros/humble/lib/librosidl_typesupport_c.so /opt/ros/humble/lib/librcpputils.so /opt/ros/humble/lib/librosidl_runtime_c.so /opt/ros/humble/lib/librcutils.so -ldl 
[3.159s] gmake[2]: Leaving directory '/home/aajaer/microros_ws/build/rclc'
[3.176s] [100%] Built target rclc_test
[3.179s] gmake[1]: Leaving directory '/home/aajaer/microros_ws/build/rclc'
[3.179s] /usr/bin/cmake -E cmake_progress_start /home/aajaer/microros_ws/build/rclc/CMakeFiles 0
[3.201s] Invoked command in '/home/aajaer/microros_ws/build/rclc' returned '0': AMENT_PREFIX_PATH=/home/aajaer/microros_ws/install/test_msgs:/home/aajaer/microros_ws/install/example_interfaces:/home/aajaer/microros_ws/install/std_msgs:/home/aajaer/microros_ws/install/action_msgs:/home/aajaer/microros_ws/install/unique_identifier_msgs:/home/aajaer/microros_ws/install/builtin_interfaces:${AMENT_PREFIX_PATH} CMAKE_PREFIX_PATH=/home/aajaer/microros_ws/install/test_msgs:/home/aajaer/microros_ws/install/example_interfaces:/home/aajaer/microros_ws/install/std_msgs:/home/aajaer/microros_ws/install/action_msgs:/home/aajaer/microros_ws/install/unique_identifier_msgs:/home/aajaer/microros_ws/install/builtin_interfaces:/opt/ros/humble:/opt/ros/humble LD_LIBRARY_PATH=/home/aajaer/microros_ws/install/test_msgs/lib:/home/aajaer/microros_ws/install/example_interfaces/lib:/home/aajaer/microros_ws/install/std_msgs/lib:/home/aajaer/microros_ws/install/action_msgs/lib:/home/aajaer/microros_ws/install/unique_identifier_msgs/lib:/home/aajaer/microros_ws/install/builtin_interfaces/lib:/opt/ros/humble/opt/rviz_ogre_vendor/lib:/opt/ros/humble/lib/aarch64-linux-gnu:/opt/ros/humble/lib PYTHONPATH=/home/aajaer/microros_ws/install/test_msgs/local/lib/python3.10/dist-packages:/home/aajaer/microros_ws/install/example_interfaces/local/lib/python3.10/dist-packages:/home/aajaer/microros_ws/install/std_msgs/local/lib/python3.10/dist-packages:/home/aajaer/microros_ws/install/action_msgs/local/lib/python3.10/dist-packages:/home/aajaer/microros_ws/install/unique_identifier_msgs/local/lib/python3.10/dist-packages:/home/aajaer/microros_ws/install/builtin_interfaces/local/lib/python3.10/dist-packages:${PYTHONPATH} /usr/bin/cmake --build /home/aajaer/microros_ws/build/rclc -- -j8 -l8
[3.205s] Invoking command in '/home/aajaer/microros_ws/build/rclc': AMENT_PREFIX_PATH=/home/aajaer/microros_ws/install/test_msgs:/home/aajaer/microros_ws/install/example_interfaces:/home/aajaer/microros_ws/install/std_msgs:/home/aajaer/microros_ws/install/action_msgs:/home/aajaer/microros_ws/install/unique_identifier_msgs:/home/aajaer/microros_ws/install/builtin_interfaces:${AMENT_PREFIX_PATH} CMAKE_PREFIX_PATH=/home/aajaer/microros_ws/install/test_msgs:/home/aajaer/microros_ws/install/example_interfaces:/home/aajaer/microros_ws/install/std_msgs:/home/aajaer/microros_ws/install/action_msgs:/home/aajaer/microros_ws/install/unique_identifier_msgs:/home/aajaer/microros_ws/install/builtin_interfaces:/opt/ros/humble:/opt/ros/humble LD_LIBRARY_PATH=/home/aajaer/microros_ws/install/test_msgs/lib:/home/aajaer/microros_ws/install/example_interfaces/lib:/home/aajaer/microros_ws/install/std_msgs/lib:/home/aajaer/microros_ws/install/action_msgs/lib:/home/aajaer/microros_ws/install/unique_identifier_msgs/lib:/home/aajaer/microros_ws/install/builtin_interfaces/lib:/opt/ros/humble/opt/rviz_ogre_vendor/lib:/opt/ros/humble/lib/aarch64-linux-gnu:/opt/ros/humble/lib PYTHONPATH=/home/aajaer/microros_ws/install/test_msgs/local/lib/python3.10/dist-packages:/home/aajaer/microros_ws/install/example_interfaces/local/lib/python3.10/dist-packages:/home/aajaer/microros_ws/install/std_msgs/local/lib/python3.10/dist-packages:/home/aajaer/microros_ws/install/action_msgs/local/lib/python3.10/dist-packages:/home/aajaer/microros_ws/install/unique_identifier_msgs/local/lib/python3.10/dist-packages:/home/aajaer/microros_ws/install/builtin_interfaces/local/lib/python3.10/dist-packages:${PYTHONPATH} /usr/bin/cmake --install /home/aajaer/microros_ws/build/rclc
[3.220s] -- Install configuration: ""
[3.221s] -- Execute custom install script
[3.222s] -- Up-to-date symlink: /home/aajaer/microros_ws/install/rclc/include/rclc/action_client.h
[3.223s] -- Up-to-date symlink: /home/aajaer/microros_ws/install/rclc/include/rclc/action_goal_handle.h
[3.223s] -- Up-to-date symlink: /home/aajaer/microros_ws/install/rclc/include/rclc/action_server.h
[3.224s] -- Up-to-date symlink: /home/aajaer/microros_ws/install/rclc/include/rclc/client.h
[3.224s] -- Up-to-date symlink: /home/aajaer/microros_ws/install/rclc/include/rclc/executor.h
[3.224s] -- Up-to-date symlink: /home/aajaer/microros_ws/install/rclc/include/rclc/executor_handle.h
[3.225s] -- Up-to-date symlink: /home/aajaer/microros_ws/install/rclc/include/rclc/init.h
[3.225s] -- Up-to-date symlink: /home/aajaer/microros_ws/install/rclc/include/rclc/node.h
[3.225s] -- Up-to-date symlink: /home/aajaer/microros_ws/install/rclc/include/rclc/publisher.h
[3.226s] -- Up-to-date symlink: /home/aajaer/microros_ws/install/rclc/include/rclc/rclc.h
[3.226s] -- Up-to-date symlink: /home/aajaer/microros_ws/install/rclc/include/rclc/service.h
[3.227s] -- Up-to-date symlink: /home/aajaer/microros_ws/install/rclc/include/rclc/sleep.h
[3.227s] -- Up-to-date symlink: /home/aajaer/microros_ws/install/rclc/include/rclc/subscription.h
[3.227s] -- Up-to-date symlink: /home/aajaer/microros_ws/install/rclc/include/rclc/timer.h
[3.228s] -- Up-to-date symlink: /home/aajaer/microros_ws/install/rclc/include/rclc/types.h
[3.228s] -- Up-to-date symlink: /home/aajaer/microros_ws/install/rclc/include/rclc/visibility_control.h
[3.228s] -- Up-to-date symlink: /home/aajaer/microros_ws/install/rclc/share/rclc/environment/library_path.sh
[3.229s] -- Up-to-date symlink: /home/aajaer/microros_ws/install/rclc/share/rclc/environment/library_path.dsv
[3.229s] -- Up-to-date symlink: /home/aajaer/microros_ws/install/rclc/share/ament_index/resource_index/package_run_dependencies/rclc
[3.230s] -- Up-to-date symlink: /home/aajaer/microros_ws/install/rclc/share/ament_index/resource_index/parent_prefix_path/rclc
[3.231s] -- Up-to-date symlink: /home/aajaer/microros_ws/install/rclc/share/rclc/environment/ament_prefix_path.sh
[3.231s] -- Up-to-date symlink: /home/aajaer/microros_ws/install/rclc/share/rclc/environment/ament_prefix_path.dsv
[3.231s] -- Up-to-date symlink: /home/aajaer/microros_ws/install/rclc/share/rclc/environment/path.sh
[3.232s] -- Up-to-date symlink: /home/aajaer/microros_ws/install/rclc/share/rclc/environment/path.dsv
[3.232s] -- Up-to-date symlink: /home/aajaer/microros_ws/install/rclc/share/rclc/local_setup.bash
[3.233s] -- Up-to-date symlink: /home/aajaer/microros_ws/install/rclc/share/rclc/local_setup.sh
[3.233s] -- Up-to-date symlink: /home/aajaer/microros_ws/install/rclc/share/rclc/local_setup.zsh
[3.233s] -- Up-to-date symlink: /home/aajaer/microros_ws/install/rclc/share/rclc/local_setup.dsv
[3.233s] -- Symlinking: /home/aajaer/microros_ws/install/rclc/share/rclc/package.dsv
[3.253s] -- Up-to-date symlink: /home/aajaer/microros_ws/install/rclc/share/ament_index/resource_index/packages/rclc
[3.253s] -- Up-to-date symlink: /home/aajaer/microros_ws/install/rclc/share/rclc/cmake/ament_cmake_export_include_directories-extras.cmake
[3.254s] -- Up-to-date symlink: /home/aajaer/microros_ws/install/rclc/share/rclc/cmake/ament_cmake_export_libraries-extras.cmake
[3.255s] -- Up-to-date symlink: /home/aajaer/microros_ws/install/rclc/share/rclc/cmake/ament_cmake_export_targets-extras.cmake
[3.255s] -- Up-to-date symlink: /home/aajaer/microros_ws/install/rclc/share/rclc/cmake/ament_cmake_export_dependencies-extras.cmake
[3.255s] -- Up-to-date symlink: /home/aajaer/microros_ws/install/rclc/share/rclc/cmake/rclcConfig.cmake
[3.256s] -- Up-to-date symlink: /home/aajaer/microros_ws/install/rclc/share/rclc/cmake/rclcConfig-version.cmake
[3.256s] -- Up-to-date symlink: /home/aajaer/microros_ws/install/rclc/share/rclc/package.xml
[3.257s] -- Installing: /home/aajaer/microros_ws/install/rclc/lib/librclc.so
[3.259s] -- Set runtime path of "/home/aajaer/microros_ws/install/rclc/lib/librclc.so" to ""
[3.259s] -- Up-to-date: /home/aajaer/microros_ws/install/rclc/share/rclc/cmake/rclcExport.cmake
[3.259s] -- Up-to-date: /home/aajaer/microros_ws/install/rclc/share/rclc/cmake/rclcExport-noconfig.cmake
[3.266s] Invoked command in '/home/aajaer/microros_ws/build/rclc' returned '0': AMENT_PREFIX_PATH=/home/aajaer/microros_ws/install/test_msgs:/home/aajaer/microros_ws/install/example_interfaces:/home/aajaer/microros_ws/install/std_msgs:/home/aajaer/microros_ws/install/action_msgs:/home/aajaer/microros_ws/install/unique_identifier_msgs:/home/aajaer/microros_ws/install/builtin_interfaces:${AMENT_PREFIX_PATH} CMAKE_PREFIX_PATH=/home/aajaer/microros_ws/install/test_msgs:/home/aajaer/microros_ws/install/example_interfaces:/home/aajaer/microros_ws/install/std_msgs:/home/aajaer/microros_ws/install/action_msgs:/home/aajaer/microros_ws/install/unique_identifier_msgs:/home/aajaer/microros_ws/install/builtin_interfaces:/opt/ros/humble:/opt/ros/humble LD_LIBRARY_PATH=/home/aajaer/microros_ws/install/test_msgs/lib:/home/aajaer/microros_ws/install/example_interfaces/lib:/home/aajaer/microros_ws/install/std_msgs/lib:/home/aajaer/microros_ws/install/action_msgs/lib:/home/aajaer/microros_ws/install/unique_identifier_msgs/lib:/home/aajaer/microros_ws/install/builtin_interfaces/lib:/opt/ros/humble/opt/rviz_ogre_vendor/lib:/opt/ros/humble/lib/aarch64-linux-gnu:/opt/ros/humble/lib PYTHONPATH=/home/aajaer/microros_ws/install/test_msgs/local/lib/python3.10/dist-packages:/home/aajaer/microros_ws/install/example_interfaces/local/lib/python3.10/dist-packages:/home/aajaer/microros_ws/install/std_msgs/local/lib/python3.10/dist-packages:/home/aajaer/microros_ws/install/action_msgs/local/lib/python3.10/dist-packages:/home/aajaer/microros_ws/install/unique_identifier_msgs/local/lib/python3.10/dist-packages:/home/aajaer/microros_ws/install/builtin_interfaces/local/lib/python3.10/dist-packages:${PYTHONPATH} /usr/bin/cmake --install /home/aajaer/microros_ws/build/rclc
