[0.070s] Invoking command in '/home/aajaer/microros_ws/build/rosgraph_msgs': CMAKE_PREFIX_PATH=/home/aajaer/microros_ws/install/builtin_interfaces:/home/aajaer/microros_ws/install/micro_ros_demos_rclc:/home/aajaer/microros_ws/install/common_interfaces:/home/aajaer/microros_ws/install/visualization_msgs:/home/aajaer/microros_ws/install/test_msgs:/home/aajaer/microros_ws/install/example_interfaces:/home/aajaer/microros_ws/install/action_msgs:/home/aajaer/microros_ws/install/unique_identifier_msgs:/home/aajaer/microros_ws/install/trajectory_msgs:/home/aajaer/microros_ws/install/stereo_msgs:/home/aajaer/microros_ws/install/sllidar_ros2:/home/aajaer/microros_ws/install/std_srvs:/home/aajaer/microros_ws/install/shape_msgs:/home/aajaer/microros_ws/install/sensor_msgs:/home/aajaer/microros_ws/install/nav_msgs:/home/aajaer/microros_ws/install/diagnostic_msgs:/home/aajaer/microros_ws/install/geometry_msgs:/home/aajaer/microros_ws/install/actionlib_msgs:/home/aajaer/microros_ws/install/std_msgs:/home/aajaer/microros_ws/install/statistics_msgs:/home/aajaer/microros_ws/install/rosidl_typesupport_microxrcedds_test_msg:/home/aajaer/microros_ws/install/rosidl_typesupport_microxrcedds_cpp_tests:/home/aajaer/microros_ws/install/rmw_microxrcedds:/home/aajaer/microros_ws/install/rosidl_typesupport_microxrcedds_cpp:/home/aajaer/microros_ws/install/rosidl_typesupport_microxrcedds_c_tests:/home/aajaer/microros_ws/install/rosidl_typesupport_microxrcedds_c:/home/aajaer/microros_ws/install/rosgraph_msgs:/home/aajaer/microros_ws/install/rclc_parameter:/home/aajaer/microros_ws/install/rclc:/home/aajaer/microros_ws/install/composition_interfaces:/home/aajaer/microros_ws/install/rcl_interfaces:/home/aajaer/microros_ws/install/microxrcedds_client:/home/aajaer/microros_ws/install/microcdr:/home/aajaer/microros_ws/install/micro_ros_utilities:/home/aajaer/microros_ws/install/micro_ros_setup:/home/aajaer/microros_ws/install/micro_ros_agent:/home/aajaer/microros_ws/install/micro_ros_msgs:/home/aajaer/microros_ws/install/lifecycle_msgs:/home/aajaer/microros_ws/install/complex_msgs:/opt/ros/humble:/opt/ros/humble:/home/aajaer/microros_ws/install/sensor_msgs_py:/home/aajaer/microros_ws/install/motor_control_pkg LD_LIBRARY_PATH=/home/aajaer/microros_ws/install/builtin_interfaces/lib:/home/aajaer/microros_ws/install/visualization_msgs/lib:/home/aajaer/microros_ws/install/test_msgs/lib:/home/aajaer/microros_ws/install/example_interfaces/lib:/home/aajaer/microros_ws/install/action_msgs/lib:/home/aajaer/microros_ws/install/unique_identifier_msgs/lib:/home/aajaer/microros_ws/install/trajectory_msgs/lib:/home/aajaer/microros_ws/install/stereo_msgs/lib:/home/aajaer/microros_ws/install/std_srvs/lib:/home/aajaer/microros_ws/install/shape_msgs/lib:/home/aajaer/microros_ws/install/sensor_msgs/lib:/home/aajaer/microros_ws/install/nav_msgs/lib:/home/aajaer/microros_ws/install/diagnostic_msgs/lib:/home/aajaer/microros_ws/install/geometry_msgs/lib:/home/aajaer/microros_ws/install/actionlib_msgs/lib:/home/aajaer/microros_ws/install/std_msgs/lib:/home/aajaer/microros_ws/install/statistics_msgs/lib:/home/aajaer/microros_ws/install/rosidl_typesupport_microxrcedds_test_msg/lib:/home/aajaer/microros_ws/install/rmw_microxrcedds/lib:/home/aajaer/microros_ws/install/rosidl_typesupport_microxrcedds_cpp/lib:/home/aajaer/microros_ws/install/rosidl_typesupport_microxrcedds_c/lib:/home/aajaer/microros_ws/install/rosgraph_msgs/lib:/home/aajaer/microros_ws/install/rclc_parameter/lib:/home/aajaer/microros_ws/install/rclc/lib:/home/aajaer/microros_ws/install/composition_interfaces/lib:/home/aajaer/microros_ws/install/rcl_interfaces/lib:/home/aajaer/microros_ws/install/micro_ros_utilities/lib:/home/aajaer/microros_ws/install/micro_ros_agent/lib:/home/aajaer/microros_ws/install/micro_ros_msgs/lib:/home/aajaer/microros_ws/install/lifecycle_msgs/lib:/home/aajaer/microros_ws/install/complex_msgs/lib:/opt/ros/humble/opt/rviz_ogre_vendor/lib:/opt/ros/humble/lib/aarch64-linux-gnu:/opt/ros/humble/lib /usr/bin/cmake --build /home/aajaer/microros_ws/build/rosgraph_msgs -- -j8 -l8
[0.283s] [  2%] Built target rosgraph_msgs__cpp
[0.347s] [ 10%] Built target rosgraph_msgs__rosidl_generator_c
[0.539s] [ 10%] Built target ament_cmake_python_symlink_rosgraph_msgs
[0.572s] [ 17%] Built target rosgraph_msgs__rosidl_typesupport_cpp
[0.575s] [ 25%] Built target rosgraph_msgs__rosidl_typesupport_fastrtps_cpp
[0.592s] [ 33%] Built target rosgraph_msgs__rosidl_typesupport_introspection_cpp
[0.679s] [ 43%] Built target rosgraph_msgs__rosidl_typesupport_microxrcedds_cpp
[0.684s] [ 48%] Built target rosgraph_msgs__rosidl_typesupport_microxrcedds_c
[0.703s] [ 56%] Built target rosgraph_msgs__rosidl_typesupport_introspection_c
[0.715s] [ 64%] Built target rosgraph_msgs__rosidl_typesupport_fastrtps_c
[0.874s] [ 71%] Built target rosgraph_msgs__rosidl_typesupport_c
[1.048s] [ 71%] Built target rosgraph_msgs
[1.188s] [ 74%] Built target rosgraph_msgs__py
[1.373s] [ 79%] Built target rosgraph_msgs__rosidl_generator_py
[1.528s] [ 84%] Built target rosgraph_msgs__rosidl_typesupport_microxrcedds_c__pyext
[1.538s] [ 89%] Built target rosgraph_msgs__rosidl_typesupport_fastrtps_c__pyext
[1.551s] [ 94%] Built target rosgraph_msgs__rosidl_typesupport_introspection_c__pyext
[1.575s] [100%] Built target rosgraph_msgs__rosidl_typesupport_c__pyext
[1.760s] running egg_info
[1.760s] writing rosgraph_msgs.egg-info/PKG-INFO
[1.760s] writing dependency_links to rosgraph_msgs.egg-info/dependency_links.txt
[1.761s] writing top-level names to rosgraph_msgs.egg-info/top_level.txt
[1.771s] reading manifest file 'rosgraph_msgs.egg-info/SOURCES.txt'
[1.771s] writing manifest file 'rosgraph_msgs.egg-info/SOURCES.txt'
[1.892s] [100%] Built target ament_cmake_python_build_rosgraph_msgs_egg
[2.042s] Invoked command in '/home/aajaer/microros_ws/build/rosgraph_msgs' returned '0': CMAKE_PREFIX_PATH=/home/aajaer/microros_ws/install/builtin_interfaces:/home/aajaer/microros_ws/install/micro_ros_demos_rclc:/home/aajaer/microros_ws/install/common_interfaces:/home/aajaer/microros_ws/install/visualization_msgs:/home/aajaer/microros_ws/install/test_msgs:/home/aajaer/microros_ws/install/example_interfaces:/home/aajaer/microros_ws/install/action_msgs:/home/aajaer/microros_ws/install/unique_identifier_msgs:/home/aajaer/microros_ws/install/trajectory_msgs:/home/aajaer/microros_ws/install/stereo_msgs:/home/aajaer/microros_ws/install/sllidar_ros2:/home/aajaer/microros_ws/install/std_srvs:/home/aajaer/microros_ws/install/shape_msgs:/home/aajaer/microros_ws/install/sensor_msgs:/home/aajaer/microros_ws/install/nav_msgs:/home/aajaer/microros_ws/install/diagnostic_msgs:/home/aajaer/microros_ws/install/geometry_msgs:/home/aajaer/microros_ws/install/actionlib_msgs:/home/aajaer/microros_ws/install/std_msgs:/home/aajaer/microros_ws/install/statistics_msgs:/home/aajaer/microros_ws/install/rosidl_typesupport_microxrcedds_test_msg:/home/aajaer/microros_ws/install/rosidl_typesupport_microxrcedds_cpp_tests:/home/aajaer/microros_ws/install/rmw_microxrcedds:/home/aajaer/microros_ws/install/rosidl_typesupport_microxrcedds_cpp:/home/aajaer/microros_ws/install/rosidl_typesupport_microxrcedds_c_tests:/home/aajaer/microros_ws/install/rosidl_typesupport_microxrcedds_c:/home/aajaer/microros_ws/install/rosgraph_msgs:/home/aajaer/microros_ws/install/rclc_parameter:/home/aajaer/microros_ws/install/rclc:/home/aajaer/microros_ws/install/composition_interfaces:/home/aajaer/microros_ws/install/rcl_interfaces:/home/aajaer/microros_ws/install/microxrcedds_client:/home/aajaer/microros_ws/install/microcdr:/home/aajaer/microros_ws/install/micro_ros_utilities:/home/aajaer/microros_ws/install/micro_ros_setup:/home/aajaer/microros_ws/install/micro_ros_agent:/home/aajaer/microros_ws/install/micro_ros_msgs:/home/aajaer/microros_ws/install/lifecycle_msgs:/home/aajaer/microros_ws/install/complex_msgs:/opt/ros/humble:/opt/ros/humble:/home/aajaer/microros_ws/install/sensor_msgs_py:/home/aajaer/microros_ws/install/motor_control_pkg LD_LIBRARY_PATH=/home/aajaer/microros_ws/install/builtin_interfaces/lib:/home/aajaer/microros_ws/install/visualization_msgs/lib:/home/aajaer/microros_ws/install/test_msgs/lib:/home/aajaer/microros_ws/install/example_interfaces/lib:/home/aajaer/microros_ws/install/action_msgs/lib:/home/aajaer/microros_ws/install/unique_identifier_msgs/lib:/home/aajaer/microros_ws/install/trajectory_msgs/lib:/home/aajaer/microros_ws/install/stereo_msgs/lib:/home/aajaer/microros_ws/install/std_srvs/lib:/home/aajaer/microros_ws/install/shape_msgs/lib:/home/aajaer/microros_ws/install/sensor_msgs/lib:/home/aajaer/microros_ws/install/nav_msgs/lib:/home/aajaer/microros_ws/install/diagnostic_msgs/lib:/home/aajaer/microros_ws/install/geometry_msgs/lib:/home/aajaer/microros_ws/install/actionlib_msgs/lib:/home/aajaer/microros_ws/install/std_msgs/lib:/home/aajaer/microros_ws/install/statistics_msgs/lib:/home/aajaer/microros_ws/install/rosidl_typesupport_microxrcedds_test_msg/lib:/home/aajaer/microros_ws/install/rmw_microxrcedds/lib:/home/aajaer/microros_ws/install/rosidl_typesupport_microxrcedds_cpp/lib:/home/aajaer/microros_ws/install/rosidl_typesupport_microxrcedds_c/lib:/home/aajaer/microros_ws/install/rosgraph_msgs/lib:/home/aajaer/microros_ws/install/rclc_parameter/lib:/home/aajaer/microros_ws/install/rclc/lib:/home/aajaer/microros_ws/install/composition_interfaces/lib:/home/aajaer/microros_ws/install/rcl_interfaces/lib:/home/aajaer/microros_ws/install/micro_ros_utilities/lib:/home/aajaer/microros_ws/install/micro_ros_agent/lib:/home/aajaer/microros_ws/install/micro_ros_msgs/lib:/home/aajaer/microros_ws/install/lifecycle_msgs/lib:/home/aajaer/microros_ws/install/complex_msgs/lib:/opt/ros/humble/opt/rviz_ogre_vendor/lib:/opt/ros/humble/lib/aarch64-linux-gnu:/opt/ros/humble/lib /usr/bin/cmake --build /home/aajaer/microros_ws/build/rosgraph_msgs -- -j8 -l8
[2.043s] Invoking command in '/home/aajaer/microros_ws/build/rosgraph_msgs': CMAKE_PREFIX_PATH=/home/aajaer/microros_ws/install/builtin_interfaces:/home/aajaer/microros_ws/install/micro_ros_demos_rclc:/home/aajaer/microros_ws/install/common_interfaces:/home/aajaer/microros_ws/install/visualization_msgs:/home/aajaer/microros_ws/install/test_msgs:/home/aajaer/microros_ws/install/example_interfaces:/home/aajaer/microros_ws/install/action_msgs:/home/aajaer/microros_ws/install/unique_identifier_msgs:/home/aajaer/microros_ws/install/trajectory_msgs:/home/aajaer/microros_ws/install/stereo_msgs:/home/aajaer/microros_ws/install/sllidar_ros2:/home/aajaer/microros_ws/install/std_srvs:/home/aajaer/microros_ws/install/shape_msgs:/home/aajaer/microros_ws/install/sensor_msgs:/home/aajaer/microros_ws/install/nav_msgs:/home/aajaer/microros_ws/install/diagnostic_msgs:/home/aajaer/microros_ws/install/geometry_msgs:/home/aajaer/microros_ws/install/actionlib_msgs:/home/aajaer/microros_ws/install/std_msgs:/home/aajaer/microros_ws/install/statistics_msgs:/home/aajaer/microros_ws/install/rosidl_typesupport_microxrcedds_test_msg:/home/aajaer/microros_ws/install/rosidl_typesupport_microxrcedds_cpp_tests:/home/aajaer/microros_ws/install/rmw_microxrcedds:/home/aajaer/microros_ws/install/rosidl_typesupport_microxrcedds_cpp:/home/aajaer/microros_ws/install/rosidl_typesupport_microxrcedds_c_tests:/home/aajaer/microros_ws/install/rosidl_typesupport_microxrcedds_c:/home/aajaer/microros_ws/install/rosgraph_msgs:/home/aajaer/microros_ws/install/rclc_parameter:/home/aajaer/microros_ws/install/rclc:/home/aajaer/microros_ws/install/composition_interfaces:/home/aajaer/microros_ws/install/rcl_interfaces:/home/aajaer/microros_ws/install/microxrcedds_client:/home/aajaer/microros_ws/install/microcdr:/home/aajaer/microros_ws/install/micro_ros_utilities:/home/aajaer/microros_ws/install/micro_ros_setup:/home/aajaer/microros_ws/install/micro_ros_agent:/home/aajaer/microros_ws/install/micro_ros_msgs:/home/aajaer/microros_ws/install/lifecycle_msgs:/home/aajaer/microros_ws/install/complex_msgs:/opt/ros/humble:/opt/ros/humble:/home/aajaer/microros_ws/install/sensor_msgs_py:/home/aajaer/microros_ws/install/motor_control_pkg LD_LIBRARY_PATH=/home/aajaer/microros_ws/install/builtin_interfaces/lib:/home/aajaer/microros_ws/install/visualization_msgs/lib:/home/aajaer/microros_ws/install/test_msgs/lib:/home/aajaer/microros_ws/install/example_interfaces/lib:/home/aajaer/microros_ws/install/action_msgs/lib:/home/aajaer/microros_ws/install/unique_identifier_msgs/lib:/home/aajaer/microros_ws/install/trajectory_msgs/lib:/home/aajaer/microros_ws/install/stereo_msgs/lib:/home/aajaer/microros_ws/install/std_srvs/lib:/home/aajaer/microros_ws/install/shape_msgs/lib:/home/aajaer/microros_ws/install/sensor_msgs/lib:/home/aajaer/microros_ws/install/nav_msgs/lib:/home/aajaer/microros_ws/install/diagnostic_msgs/lib:/home/aajaer/microros_ws/install/geometry_msgs/lib:/home/aajaer/microros_ws/install/actionlib_msgs/lib:/home/aajaer/microros_ws/install/std_msgs/lib:/home/aajaer/microros_ws/install/statistics_msgs/lib:/home/aajaer/microros_ws/install/rosidl_typesupport_microxrcedds_test_msg/lib:/home/aajaer/microros_ws/install/rmw_microxrcedds/lib:/home/aajaer/microros_ws/install/rosidl_typesupport_microxrcedds_cpp/lib:/home/aajaer/microros_ws/install/rosidl_typesupport_microxrcedds_c/lib:/home/aajaer/microros_ws/install/rosgraph_msgs/lib:/home/aajaer/microros_ws/install/rclc_parameter/lib:/home/aajaer/microros_ws/install/rclc/lib:/home/aajaer/microros_ws/install/composition_interfaces/lib:/home/aajaer/microros_ws/install/rcl_interfaces/lib:/home/aajaer/microros_ws/install/micro_ros_utilities/lib:/home/aajaer/microros_ws/install/micro_ros_agent/lib:/home/aajaer/microros_ws/install/micro_ros_msgs/lib:/home/aajaer/microros_ws/install/lifecycle_msgs/lib:/home/aajaer/microros_ws/install/complex_msgs/lib:/opt/ros/humble/opt/rviz_ogre_vendor/lib:/opt/ros/humble/lib/aarch64-linux-gnu:/opt/ros/humble/lib /usr/bin/cmake --install /home/aajaer/microros_ws/build/rosgraph_msgs
[2.108s] -- Install configuration: ""
[2.115s] -- Execute custom install script
[2.116s] -- Up-to-date symlink: /home/aajaer/microros_ws/install/rosgraph_msgs/share/ament_index/resource_index/rosidl_interfaces/rosgraph_msgs
[2.119s] -- Up-to-date symlink: /home/aajaer/microros_ws/install/rosgraph_msgs/include/rosgraph_msgs/rosgraph_msgs/msg/clock.h
[2.119s] -- Up-to-date symlink: /home/aajaer/microros_ws/install/rosgraph_msgs/include/rosgraph_msgs/rosgraph_msgs/msg/detail/clock__functions.h
[2.119s] -- Up-to-date symlink: /home/aajaer/microros_ws/install/rosgraph_msgs/include/rosgraph_msgs/rosgraph_msgs/msg/detail/clock__struct.h
[2.120s] -- Up-to-date symlink: /home/aajaer/microros_ws/install/rosgraph_msgs/include/rosgraph_msgs/rosgraph_msgs/msg/detail/clock__type_support.h
[2.120s] -- Up-to-date symlink: /home/aajaer/microros_ws/install/rosgraph_msgs/include/rosgraph_msgs/rosgraph_msgs/msg/rosidl_generator_c__visibility_control.h
[2.121s] -- Up-to-date symlink: /home/aajaer/microros_ws/install/rosgraph_msgs/share/rosgraph_msgs/environment/library_path.sh
[2.121s] -- Up-to-date symlink: /home/aajaer/microros_ws/install/rosgraph_msgs/share/rosgraph_msgs/environment/library_path.dsv
[2.132s] -- Up-to-date symlink: /home/aajaer/microros_ws/install/rosgraph_msgs/include/rosgraph_msgs/rosgraph_msgs/msg/detail/clock__rosidl_typesupport_fastrtps_c.h
[2.132s] -- Up-to-date symlink: /home/aajaer/microros_ws/install/rosgraph_msgs/include/rosgraph_msgs/rosgraph_msgs/msg/rosidl_typesupport_fastrtps_c__visibility_control.h
[2.135s] -- Up-to-date symlink: /home/aajaer/microros_ws/install/rosgraph_msgs/include/rosgraph_msgs/rosgraph_msgs/msg/clock.hpp
[2.140s] -- Up-to-date symlink: /home/aajaer/microros_ws/install/rosgraph_msgs/include/rosgraph_msgs/rosgraph_msgs/msg/detail/clock__builder.hpp
[2.144s] -- Up-to-date symlink: /home/aajaer/microros_ws/install/rosgraph_msgs/include/rosgraph_msgs/rosgraph_msgs/msg/detail/clock__struct.hpp
[2.145s] -- Up-to-date symlink: /home/aajaer/microros_ws/install/rosgraph_msgs/include/rosgraph_msgs/rosgraph_msgs/msg/detail/clock__traits.hpp
[2.153s] -- Up-to-date symlink: /home/aajaer/microros_ws/install/rosgraph_msgs/include/rosgraph_msgs/rosgraph_msgs/msg/detail/clock__type_support.hpp
[2.153s] -- Up-to-date symlink: /home/aajaer/microros_ws/install/rosgraph_msgs/include/rosgraph_msgs/rosgraph_msgs/msg/rosidl_generator_cpp__visibility_control.hpp
[2.156s] -- Up-to-date symlink: /home/aajaer/microros_ws/install/rosgraph_msgs/include/rosgraph_msgs/rosgraph_msgs/msg/detail/clock__rosidl_typesupport_fastrtps_cpp.hpp
[2.157s] -- Up-to-date symlink: /home/aajaer/microros_ws/install/rosgraph_msgs/include/rosgraph_msgs/rosgraph_msgs/msg/rosidl_typesupport_fastrtps_cpp__visibility_control.h
[2.161s] -- Up-to-date symlink: /home/aajaer/microros_ws/install/rosgraph_msgs/include/rosgraph_msgs/msg/detail/clock__rosidl_typesupport_microxrcedds_c.h
[2.162s] -- Up-to-date symlink: /home/aajaer/microros_ws/install/rosgraph_msgs/include/rosgraph_msgs/msg/rosidl_typesupport_microxrcedds_c__visibility_control.h
[2.162s] -- Up-to-date symlink: /home/aajaer/microros_ws/install/rosgraph_msgs/lib/librosgraph_msgs__rosidl_typesupport_microxrcedds_c.a
[2.164s] -- Up-to-date symlink: /home/aajaer/microros_ws/install/rosgraph_msgs/include/rosgraph_msgs/rosgraph_msgs/msg/detail/clock__rosidl_typesupport_introspection_c.h
[2.166s] -- Up-to-date symlink: /home/aajaer/microros_ws/install/rosgraph_msgs/include/rosgraph_msgs/rosgraph_msgs/msg/rosidl_typesupport_introspection_c__visibility_control.h
[2.170s] -- Up-to-date symlink: /home/aajaer/microros_ws/install/rosgraph_msgs/include/rosgraph_msgs/msg/detail/clock__rosidl_typesupport_microxrcedds_cpp.hpp
[2.172s] -- Up-to-date symlink: /home/aajaer/microros_ws/install/rosgraph_msgs/include/rosgraph_msgs/msg/detail/microxrcedds/clock__type_support_cpp.cpp
[2.174s] -- Up-to-date symlink: /home/aajaer/microros_ws/install/rosgraph_msgs/include/rosgraph_msgs/msg/rosidl_typesupport_microxrcedds_cpp__visibility_control.h
[2.175s] -- Up-to-date symlink: /home/aajaer/microros_ws/install/rosgraph_msgs/lib/librosgraph_msgs__rosidl_typesupport_microxrcedds_cpp.a
[2.176s] -- Up-to-date symlink: /home/aajaer/microros_ws/install/rosgraph_msgs/include/rosgraph_msgs/rosgraph_msgs/msg/detail/clock__rosidl_typesupport_introspection_cpp.hpp
[2.176s] -- Up-to-date symlink: /home/aajaer/microros_ws/install/rosgraph_msgs/share/rosgraph_msgs/environment/pythonpath.sh
[2.177s] -- Up-to-date symlink: /home/aajaer/microros_ws/install/rosgraph_msgs/share/rosgraph_msgs/environment/pythonpath.dsv
[2.177s] -- Up-to-date symlink: /home/aajaer/microros_ws/install/rosgraph_msgs/local/lib/python3.10/dist-packages/rosgraph_msgs-1.2.1-py3.10.egg-info/PKG-INFO
[2.177s] -- Up-to-date symlink: /home/aajaer/microros_ws/install/rosgraph_msgs/local/lib/python3.10/dist-packages/rosgraph_msgs-1.2.1-py3.10.egg-info/SOURCES.txt
[2.177s] -- Up-to-date symlink: /home/aajaer/microros_ws/install/rosgraph_msgs/local/lib/python3.10/dist-packages/rosgraph_msgs-1.2.1-py3.10.egg-info/dependency_links.txt
[2.178s] -- Up-to-date symlink: /home/aajaer/microros_ws/install/rosgraph_msgs/local/lib/python3.10/dist-packages/rosgraph_msgs-1.2.1-py3.10.egg-info/top_level.txt
[2.182s] -- Up-to-date symlink: /home/aajaer/microros_ws/install/rosgraph_msgs/local/lib/python3.10/dist-packages/rosgraph_msgs/__init__.py
[2.185s] -- Up-to-date symlink: /home/aajaer/microros_ws/install/rosgraph_msgs/local/lib/python3.10/dist-packages/rosgraph_msgs/_rosgraph_msgs_s.ep.rosidl_typesupport_c.c
[2.187s] -- Up-to-date symlink: /home/aajaer/microros_ws/install/rosgraph_msgs/local/lib/python3.10/dist-packages/rosgraph_msgs/_rosgraph_msgs_s.ep.rosidl_typesupport_fastrtps_c.c
[2.187s] -- Up-to-date symlink: /home/aajaer/microros_ws/install/rosgraph_msgs/local/lib/python3.10/dist-packages/rosgraph_msgs/_rosgraph_msgs_s.ep.rosidl_typesupport_introspection_c.c
[2.188s] -- Up-to-date symlink: /home/aajaer/microros_ws/install/rosgraph_msgs/local/lib/python3.10/dist-packages/rosgraph_msgs/_rosgraph_msgs_s.ep.rosidl_typesupport_microxrcedds_c.c
[2.190s] -- Up-to-date symlink: /home/aajaer/microros_ws/install/rosgraph_msgs/local/lib/python3.10/dist-packages/rosgraph_msgs/librosgraph_msgs__rosidl_generator_py.so
[2.191s] -- Up-to-date symlink: /home/aajaer/microros_ws/install/rosgraph_msgs/local/lib/python3.10/dist-packages/rosgraph_msgs/msg/__init__.py
[2.196s] -- Up-to-date symlink: /home/aajaer/microros_ws/install/rosgraph_msgs/local/lib/python3.10/dist-packages/rosgraph_msgs/msg/_clock.py
[2.196s] -- Up-to-date symlink: /home/aajaer/microros_ws/install/rosgraph_msgs/local/lib/python3.10/dist-packages/rosgraph_msgs/msg/_clock_s.c
[2.196s] -- Up-to-date symlink: /home/aajaer/microros_ws/install/rosgraph_msgs/local/lib/python3.10/dist-packages/rosgraph_msgs/rosgraph_msgs_s__rosidl_typesupport_c.cpython-310-aarch64-linux-gnu.so
[2.196s] -- Up-to-date symlink: /home/aajaer/microros_ws/install/rosgraph_msgs/local/lib/python3.10/dist-packages/rosgraph_msgs/rosgraph_msgs_s__rosidl_typesupport_fastrtps_c.cpython-310-aarch64-linux-gnu.so
[2.196s] -- Up-to-date symlink: /home/aajaer/microros_ws/install/rosgraph_msgs/local/lib/python3.10/dist-packages/rosgraph_msgs/rosgraph_msgs_s__rosidl_typesupport_introspection_c.cpython-310-aarch64-linux-gnu.so
[2.197s] -- Up-to-date symlink: /home/aajaer/microros_ws/install/rosgraph_msgs/local/lib/python3.10/dist-packages/rosgraph_msgs/rosgraph_msgs_s__rosidl_typesupport_microxrcedds_c.cpython-310-aarch64-linux-gnu.so
[2.198s] -- Up-to-date symlink: /home/aajaer/microros_ws/install/rosgraph_msgs/local/lib/python3.10/dist-packages/rosgraph_msgs/rosgraph_msgs_s__rosidl_typesupport_microxrcedds_c.cpython-310-aarch64-linux-gnu.so
[2.201s] -- Up-to-date symlink: /home/aajaer/microros_ws/install/rosgraph_msgs/local/lib/python3.10/dist-packages/rosgraph_msgs/rosgraph_msgs_s__rosidl_typesupport_fastrtps_c.cpython-310-aarch64-linux-gnu.so
[2.204s] -- Up-to-date symlink: /home/aajaer/microros_ws/install/rosgraph_msgs/local/lib/python3.10/dist-packages/rosgraph_msgs/rosgraph_msgs_s__rosidl_typesupport_introspection_c.cpython-310-aarch64-linux-gnu.so
[2.206s] -- Up-to-date symlink: /home/aajaer/microros_ws/install/rosgraph_msgs/local/lib/python3.10/dist-packages/rosgraph_msgs/rosgraph_msgs_s__rosidl_typesupport_c.cpython-310-aarch64-linux-gnu.so
[2.206s] -- Up-to-date symlink: /home/aajaer/microros_ws/install/rosgraph_msgs/share/rosgraph_msgs/msg/Clock.idl
[2.208s] -- Up-to-date symlink: /home/aajaer/microros_ws/install/rosgraph_msgs/share/rosgraph_msgs/msg/Clock.msg
[2.209s] -- Up-to-date symlink: /home/aajaer/microros_ws/install/rosgraph_msgs/share/ament_index/resource_index/package_run_dependencies/rosgraph_msgs
[2.210s] -- Up-to-date symlink: /home/aajaer/microros_ws/install/rosgraph_msgs/share/ament_index/resource_index/parent_prefix_path/rosgraph_msgs
[2.212s] -- Up-to-date symlink: /home/aajaer/microros_ws/install/rosgraph_msgs/share/rosgraph_msgs/environment/ament_prefix_path.sh
[2.212s] -- Up-to-date symlink: /home/aajaer/microros_ws/install/rosgraph_msgs/share/rosgraph_msgs/environment/ament_prefix_path.dsv
[2.214s] -- Up-to-date symlink: /home/aajaer/microros_ws/install/rosgraph_msgs/share/rosgraph_msgs/environment/path.sh
[2.216s] -- Up-to-date symlink: /home/aajaer/microros_ws/install/rosgraph_msgs/share/rosgraph_msgs/environment/path.dsv
[2.217s] -- Up-to-date symlink: /home/aajaer/microros_ws/install/rosgraph_msgs/share/rosgraph_msgs/local_setup.bash
[2.218s] -- Up-to-date symlink: /home/aajaer/microros_ws/install/rosgraph_msgs/share/rosgraph_msgs/local_setup.sh
[2.222s] -- Up-to-date symlink: /home/aajaer/microros_ws/install/rosgraph_msgs/share/rosgraph_msgs/local_setup.zsh
[2.228s] -- Up-to-date symlink: /home/aajaer/microros_ws/install/rosgraph_msgs/share/rosgraph_msgs/local_setup.dsv
[2.229s] -- Symlinking: /home/aajaer/microros_ws/install/rosgraph_msgs/share/rosgraph_msgs/package.dsv
[2.288s] -- Up-to-date symlink: /home/aajaer/microros_ws/install/rosgraph_msgs/share/ament_index/resource_index/packages/rosgraph_msgs
[2.288s] -- Up-to-date symlink: /home/aajaer/microros_ws/install/rosgraph_msgs/share/rosgraph_msgs/cmake/rosidl_cmake-extras.cmake
[2.289s] -- Up-to-date symlink: /home/aajaer/microros_ws/install/rosgraph_msgs/share/rosgraph_msgs/cmake/ament_cmake_export_dependencies-extras.cmake
[2.289s] -- Up-to-date symlink: /home/aajaer/microros_ws/install/rosgraph_msgs/share/rosgraph_msgs/cmake/ament_cmake_export_include_directories-extras.cmake
[2.290s] -- Up-to-date symlink: /home/aajaer/microros_ws/install/rosgraph_msgs/share/rosgraph_msgs/cmake/ament_cmake_export_libraries-extras.cmake
[2.290s] -- Up-to-date symlink: /home/aajaer/microros_ws/install/rosgraph_msgs/share/rosgraph_msgs/cmake/ament_cmake_export_targets-extras.cmake
[2.290s] -- Up-to-date symlink: /home/aajaer/microros_ws/install/rosgraph_msgs/share/rosgraph_msgs/cmake/rosidl_cmake_export_typesupport_targets-extras.cmake
[2.291s] -- Up-to-date symlink: /home/aajaer/microros_ws/install/rosgraph_msgs/share/rosgraph_msgs/cmake/rosidl_cmake_export_typesupport_libraries-extras.cmake
[2.291s] -- Up-to-date symlink: /home/aajaer/microros_ws/install/rosgraph_msgs/share/rosgraph_msgs/cmake/rosgraph_msgsConfig.cmake
[2.291s] -- Up-to-date symlink: /home/aajaer/microros_ws/install/rosgraph_msgs/share/rosgraph_msgs/cmake/rosgraph_msgsConfig-version.cmake
[2.293s] -- Up-to-date symlink: /home/aajaer/microros_ws/install/rosgraph_msgs/share/rosgraph_msgs/package.xml
[2.294s] -- Up-to-date: /home/aajaer/microros_ws/install/rosgraph_msgs/lib/librosgraph_msgs__rosidl_generator_c.so
[2.295s] -- Up-to-date: /home/aajaer/microros_ws/install/rosgraph_msgs/lib/librosgraph_msgs__rosidl_typesupport_fastrtps_c.so
[2.295s] -- Up-to-date: /home/aajaer/microros_ws/install/rosgraph_msgs/lib/librosgraph_msgs__rosidl_typesupport_fastrtps_cpp.so
[2.296s] -- Up-to-date: /home/aajaer/microros_ws/install/rosgraph_msgs/lib/librosgraph_msgs__rosidl_typesupport_introspection_c.so
[2.296s] -- Up-to-date: /home/aajaer/microros_ws/install/rosgraph_msgs/lib/librosgraph_msgs__rosidl_typesupport_c.so
[2.296s] -- Up-to-date: /home/aajaer/microros_ws/install/rosgraph_msgs/lib/librosgraph_msgs__rosidl_typesupport_introspection_cpp.so
[2.296s] -- Up-to-date: /home/aajaer/microros_ws/install/rosgraph_msgs/lib/librosgraph_msgs__rosidl_typesupport_cpp.so
[2.417s] Listing '/home/aajaer/microros_ws/install/rosgraph_msgs/local/lib/python3.10/dist-packages/rosgraph_msgs'...
[2.417s] Listing '/home/aajaer/microros_ws/install/rosgraph_msgs/local/lib/python3.10/dist-packages/rosgraph_msgs/msg'...
[2.426s] -- Up-to-date: /home/aajaer/microros_ws/install/rosgraph_msgs/lib/librosgraph_msgs__rosidl_generator_py.so
[2.426s] -- Up-to-date: /home/aajaer/microros_ws/install/rosgraph_msgs/share/rosgraph_msgs/cmake/export_rosgraph_msgs__rosidl_generator_cExport.cmake
[2.426s] -- Up-to-date: /home/aajaer/microros_ws/install/rosgraph_msgs/share/rosgraph_msgs/cmake/export_rosgraph_msgs__rosidl_generator_cExport-noconfig.cmake
[2.427s] -- Up-to-date: /home/aajaer/microros_ws/install/rosgraph_msgs/share/rosgraph_msgs/cmake/export_rosgraph_msgs__rosidl_typesupport_fastrtps_cExport.cmake
[2.427s] -- Up-to-date: /home/aajaer/microros_ws/install/rosgraph_msgs/share/rosgraph_msgs/cmake/export_rosgraph_msgs__rosidl_typesupport_fastrtps_cExport-noconfig.cmake
[2.427s] -- Up-to-date: /home/aajaer/microros_ws/install/rosgraph_msgs/share/rosgraph_msgs/cmake/export_rosgraph_msgs__rosidl_generator_cppExport.cmake
[2.428s] -- Up-to-date: /home/aajaer/microros_ws/install/rosgraph_msgs/share/rosgraph_msgs/cmake/export_rosgraph_msgs__rosidl_typesupport_fastrtps_cppExport.cmake
[2.428s] -- Up-to-date: /home/aajaer/microros_ws/install/rosgraph_msgs/share/rosgraph_msgs/cmake/export_rosgraph_msgs__rosidl_typesupport_fastrtps_cppExport-noconfig.cmake
[2.428s] -- Up-to-date: /home/aajaer/microros_ws/install/rosgraph_msgs/share/rosgraph_msgs/cmake/rosgraph_msgs__rosidl_typesupport_introspection_cExport.cmake
[2.428s] -- Up-to-date: /home/aajaer/microros_ws/install/rosgraph_msgs/share/rosgraph_msgs/cmake/rosgraph_msgs__rosidl_typesupport_introspection_cExport-noconfig.cmake
[2.429s] -- Up-to-date: /home/aajaer/microros_ws/install/rosgraph_msgs/share/rosgraph_msgs/cmake/rosgraph_msgs__rosidl_typesupport_cExport.cmake
[2.429s] -- Up-to-date: /home/aajaer/microros_ws/install/rosgraph_msgs/share/rosgraph_msgs/cmake/rosgraph_msgs__rosidl_typesupport_cExport-noconfig.cmake
[2.429s] -- Up-to-date: /home/aajaer/microros_ws/install/rosgraph_msgs/share/rosgraph_msgs/cmake/rosgraph_msgs__rosidl_typesupport_introspection_cppExport.cmake
[2.429s] -- Up-to-date: /home/aajaer/microros_ws/install/rosgraph_msgs/share/rosgraph_msgs/cmake/rosgraph_msgs__rosidl_typesupport_introspection_cppExport-noconfig.cmake
[2.431s] -- Up-to-date: /home/aajaer/microros_ws/install/rosgraph_msgs/share/rosgraph_msgs/cmake/rosgraph_msgs__rosidl_typesupport_cppExport.cmake
[2.431s] -- Up-to-date: /home/aajaer/microros_ws/install/rosgraph_msgs/share/rosgraph_msgs/cmake/rosgraph_msgs__rosidl_typesupport_cppExport-noconfig.cmake
[2.431s] -- Up-to-date: /home/aajaer/microros_ws/install/rosgraph_msgs/share/rosgraph_msgs/cmake/export_rosgraph_msgs__rosidl_generator_pyExport.cmake
[2.432s] -- Up-to-date: /home/aajaer/microros_ws/install/rosgraph_msgs/share/rosgraph_msgs/cmake/export_rosgraph_msgs__rosidl_generator_pyExport-noconfig.cmake
[2.457s] Invoked command in '/home/aajaer/microros_ws/build/rosgraph_msgs' returned '0': CMAKE_PREFIX_PATH=/home/aajaer/microros_ws/install/builtin_interfaces:/home/aajaer/microros_ws/install/micro_ros_demos_rclc:/home/aajaer/microros_ws/install/common_interfaces:/home/aajaer/microros_ws/install/visualization_msgs:/home/aajaer/microros_ws/install/test_msgs:/home/aajaer/microros_ws/install/example_interfaces:/home/aajaer/microros_ws/install/action_msgs:/home/aajaer/microros_ws/install/unique_identifier_msgs:/home/aajaer/microros_ws/install/trajectory_msgs:/home/aajaer/microros_ws/install/stereo_msgs:/home/aajaer/microros_ws/install/sllidar_ros2:/home/aajaer/microros_ws/install/std_srvs:/home/aajaer/microros_ws/install/shape_msgs:/home/aajaer/microros_ws/install/sensor_msgs:/home/aajaer/microros_ws/install/nav_msgs:/home/aajaer/microros_ws/install/diagnostic_msgs:/home/aajaer/microros_ws/install/geometry_msgs:/home/aajaer/microros_ws/install/actionlib_msgs:/home/aajaer/microros_ws/install/std_msgs:/home/aajaer/microros_ws/install/statistics_msgs:/home/aajaer/microros_ws/install/rosidl_typesupport_microxrcedds_test_msg:/home/aajaer/microros_ws/install/rosidl_typesupport_microxrcedds_cpp_tests:/home/aajaer/microros_ws/install/rmw_microxrcedds:/home/aajaer/microros_ws/install/rosidl_typesupport_microxrcedds_cpp:/home/aajaer/microros_ws/install/rosidl_typesupport_microxrcedds_c_tests:/home/aajaer/microros_ws/install/rosidl_typesupport_microxrcedds_c:/home/aajaer/microros_ws/install/rosgraph_msgs:/home/aajaer/microros_ws/install/rclc_parameter:/home/aajaer/microros_ws/install/rclc:/home/aajaer/microros_ws/install/composition_interfaces:/home/aajaer/microros_ws/install/rcl_interfaces:/home/aajaer/microros_ws/install/microxrcedds_client:/home/aajaer/microros_ws/install/microcdr:/home/aajaer/microros_ws/install/micro_ros_utilities:/home/aajaer/microros_ws/install/micro_ros_setup:/home/aajaer/microros_ws/install/micro_ros_agent:/home/aajaer/microros_ws/install/micro_ros_msgs:/home/aajaer/microros_ws/install/lifecycle_msgs:/home/aajaer/microros_ws/install/complex_msgs:/opt/ros/humble:/opt/ros/humble:/home/aajaer/microros_ws/install/sensor_msgs_py:/home/aajaer/microros_ws/install/motor_control_pkg LD_LIBRARY_PATH=/home/aajaer/microros_ws/install/builtin_interfaces/lib:/home/aajaer/microros_ws/install/visualization_msgs/lib:/home/aajaer/microros_ws/install/test_msgs/lib:/home/aajaer/microros_ws/install/example_interfaces/lib:/home/aajaer/microros_ws/install/action_msgs/lib:/home/aajaer/microros_ws/install/unique_identifier_msgs/lib:/home/aajaer/microros_ws/install/trajectory_msgs/lib:/home/aajaer/microros_ws/install/stereo_msgs/lib:/home/aajaer/microros_ws/install/std_srvs/lib:/home/aajaer/microros_ws/install/shape_msgs/lib:/home/aajaer/microros_ws/install/sensor_msgs/lib:/home/aajaer/microros_ws/install/nav_msgs/lib:/home/aajaer/microros_ws/install/diagnostic_msgs/lib:/home/aajaer/microros_ws/install/geometry_msgs/lib:/home/aajaer/microros_ws/install/actionlib_msgs/lib:/home/aajaer/microros_ws/install/std_msgs/lib:/home/aajaer/microros_ws/install/statistics_msgs/lib:/home/aajaer/microros_ws/install/rosidl_typesupport_microxrcedds_test_msg/lib:/home/aajaer/microros_ws/install/rmw_microxrcedds/lib:/home/aajaer/microros_ws/install/rosidl_typesupport_microxrcedds_cpp/lib:/home/aajaer/microros_ws/install/rosidl_typesupport_microxrcedds_c/lib:/home/aajaer/microros_ws/install/rosgraph_msgs/lib:/home/aajaer/microros_ws/install/rclc_parameter/lib:/home/aajaer/microros_ws/install/rclc/lib:/home/aajaer/microros_ws/install/composition_interfaces/lib:/home/aajaer/microros_ws/install/rcl_interfaces/lib:/home/aajaer/microros_ws/install/micro_ros_utilities/lib:/home/aajaer/microros_ws/install/micro_ros_agent/lib:/home/aajaer/microros_ws/install/micro_ros_msgs/lib:/home/aajaer/microros_ws/install/lifecycle_msgs/lib:/home/aajaer/microros_ws/install/complex_msgs/lib:/opt/ros/humble/opt/rviz_ogre_vendor/lib:/opt/ros/humble/lib/aarch64-linux-gnu:/opt/ros/humble/lib /usr/bin/cmake --install /home/aajaer/microros_ws/build/rosgraph_msgs
