[2.082s] Invoking command in '/home/aajaer/microros_ws/build/sensor_msgs_py': AMENT_PREFIX_PATH=/home/aajaer/microros_ws/install/sensor_msgs:/home/aajaer/microros_ws/install/geometry_msgs:/home/aajaer/microros_ws/install/std_msgs:/home/aajaer/microros_ws/install/builtin_interfaces:${AMENT_PREFIX_PATH} CMAKE_PREFIX_PATH=/home/aajaer/microros_ws/install/sensor_msgs:/home/aajaer/microros_ws/install/geometry_msgs:/home/aajaer/microros_ws/install/std_msgs:/home/aajaer/microros_ws/install/builtin_interfaces:/opt/ros/humble:/opt/ros/humble LD_LIBRARY_PATH=/home/aajaer/microros_ws/install/sensor_msgs/lib:/home/aajaer/microros_ws/install/geometry_msgs/lib:/home/aajaer/microros_ws/install/std_msgs/lib:/home/aajaer/microros_ws/install/builtin_interfaces/lib:/opt/ros/humble/opt/rviz_ogre_vendor/lib:/opt/ros/humble/lib/aarch64-linux-gnu:/opt/ros/humble/lib PYTHONPATH=/home/aajaer/microros_ws/build/sensor_msgs_py/prefix_override:/usr/lib/python3/dist-packages/colcon_core/task/python/colcon_distutils_commands:/home/aajaer/microros_ws/install/sensor_msgs_py/lib/python3.10/site-packages:/home/aajaer/microros_ws/install/sensor_msgs/local/lib/python3.10/dist-packages:/home/aajaer/microros_ws/install/geometry_msgs/local/lib/python3.10/dist-packages:/home/aajaer/microros_ws/install/std_msgs/local/lib/python3.10/dist-packages:/home/aajaer/microros_ws/install/builtin_interfaces/local/lib/python3.10/dist-packages:${PYTHONPATH} /usr/bin/python3 -W ignore:setup.py install is deprecated -W ignore:easy_install command is deprecated setup.py develop --editable --build-directory /home/aajaer/microros_ws/build/sensor_msgs_py/build --no-deps symlink_data
[2.662s] running develop
[3.028s] running egg_info
[3.028s] creating sensor_msgs_py.egg-info
[3.028s] writing sensor_msgs_py.egg-info/PKG-INFO
[3.029s] writing dependency_links to sensor_msgs_py.egg-info/dependency_links.txt
[3.029s] writing requirements to sensor_msgs_py.egg-info/requires.txt
[3.030s] writing top-level names to sensor_msgs_py.egg-info/top_level.txt
[3.030s] writing manifest file 'sensor_msgs_py.egg-info/SOURCES.txt'
[3.034s] reading manifest file 'sensor_msgs_py.egg-info/SOURCES.txt'
[3.036s] writing manifest file 'sensor_msgs_py.egg-info/SOURCES.txt'
[3.039s] running build_ext
[3.040s] Creating /home/aajaer/microros_ws/install/sensor_msgs_py/lib/python3.10/site-packages/sensor-msgs-py.egg-link (link to .)
[3.042s] 
[3.042s] Installed /home/aajaer/microros_ws/build/sensor_msgs_py
[3.042s] running symlink_data
[3.043s] creating /home/aajaer/microros_ws/install/sensor_msgs_py/share/ament_index
[3.043s] creating /home/aajaer/microros_ws/install/sensor_msgs_py/share/ament_index/resource_index
[3.043s] creating /home/aajaer/microros_ws/install/sensor_msgs_py/share/ament_index/resource_index/packages
[3.043s] symbolically linking /home/aajaer/microros_ws/build/sensor_msgs_py/resource/sensor_msgs_py -> /home/aajaer/microros_ws/install/sensor_msgs_py/share/ament_index/resource_index/packages
[3.043s] symbolically linking /home/aajaer/microros_ws/build/sensor_msgs_py/package.xml -> /home/aajaer/microros_ws/install/sensor_msgs_py/share/sensor_msgs_py
[3.146s] Invoked command in '/home/aajaer/microros_ws/build/sensor_msgs_py' returned '0': AMENT_PREFIX_PATH=/home/aajaer/microros_ws/install/sensor_msgs:/home/aajaer/microros_ws/install/geometry_msgs:/home/aajaer/microros_ws/install/std_msgs:/home/aajaer/microros_ws/install/builtin_interfaces:${AMENT_PREFIX_PATH} CMAKE_PREFIX_PATH=/home/aajaer/microros_ws/install/sensor_msgs:/home/aajaer/microros_ws/install/geometry_msgs:/home/aajaer/microros_ws/install/std_msgs:/home/aajaer/microros_ws/install/builtin_interfaces:/opt/ros/humble:/opt/ros/humble LD_LIBRARY_PATH=/home/aajaer/microros_ws/install/sensor_msgs/lib:/home/aajaer/microros_ws/install/geometry_msgs/lib:/home/aajaer/microros_ws/install/std_msgs/lib:/home/aajaer/microros_ws/install/builtin_interfaces/lib:/opt/ros/humble/opt/rviz_ogre_vendor/lib:/opt/ros/humble/lib/aarch64-linux-gnu:/opt/ros/humble/lib PYTHONPATH=/home/aajaer/microros_ws/build/sensor_msgs_py/prefix_override:/usr/lib/python3/dist-packages/colcon_core/task/python/colcon_distutils_commands:/home/aajaer/microros_ws/install/sensor_msgs_py/lib/python3.10/site-packages:/home/aajaer/microros_ws/install/sensor_msgs/local/lib/python3.10/dist-packages:/home/aajaer/microros_ws/install/geometry_msgs/local/lib/python3.10/dist-packages:/home/aajaer/microros_ws/install/std_msgs/local/lib/python3.10/dist-packages:/home/aajaer/microros_ws/install/builtin_interfaces/local/lib/python3.10/dist-packages:${PYTHONPATH} /usr/bin/python3 -W ignore:setup.py install is deprecated -W ignore:easy_install command is deprecated setup.py develop --editable --build-directory /home/aajaer/microros_ws/build/sensor_msgs_py/build --no-deps symlink_data
