[0.335s] Invoking command in '/home/aajaer/microros_ws/src/motor_control_pkg': PYTHONPATH=/home/aajaer/microros_ws/build/motor_control_pkg/prefix_override:/usr/lib/python3/dist-packages/colcon_core/task/python/colcon_distutils_commands:/home/aajaer/microros_ws/install/motor_control_pkg/lib/python3.10/site-packages:${PYTHONPATH} /usr/bin/python3 -W ignore:setup.py install is deprecated -W ignore:easy_install command is deprecated setup.py egg_info --egg-base ../../build/motor_control_pkg build --build-base /home/aajaer/microros_ws/build/motor_control_pkg/build install --record /home/aajaer/microros_ws/build/motor_control_pkg/install.log --single-version-externally-managed install_data
[0.446s] running egg_info
[0.447s] writing ../../build/motor_control_pkg/motor_control_pkg.egg-info/PKG-INFO
[0.447s] writing dependency_links to ../../build/motor_control_pkg/motor_control_pkg.egg-info/dependency_links.txt
[0.447s] writing entry points to ../../build/motor_control_pkg/motor_control_pkg.egg-info/entry_points.txt
[0.447s] writing requirements to ../../build/motor_control_pkg/motor_control_pkg.egg-info/requires.txt
[0.447s] writing top-level names to ../../build/motor_control_pkg/motor_control_pkg.egg-info/top_level.txt
[0.448s] reading manifest file '../../build/motor_control_pkg/motor_control_pkg.egg-info/SOURCES.txt'
[0.448s] writing manifest file '../../build/motor_control_pkg/motor_control_pkg.egg-info/SOURCES.txt'
[0.448s] running build
[0.448s] running build_py
[0.448s] copying motor_control_pkg/scan_filtered_node.py -> /home/aajaer/microros_ws/build/motor_control_pkg/build/lib/motor_control_pkg
[0.448s] copying motor_control_pkg/lidar_motor_control.py -> /home/aajaer/microros_ws/build/motor_control_pkg/build/lib/motor_control_pkg
[0.449s] running install
[0.449s] running install_lib
[0.449s] copying /home/aajaer/microros_ws/build/motor_control_pkg/build/lib/motor_control_pkg/scan_filtered_node.py -> /home/aajaer/microros_ws/install/motor_control_pkg/lib/python3.10/site-packages/motor_control_pkg
[0.449s] copying /home/aajaer/microros_ws/build/motor_control_pkg/build/lib/motor_control_pkg/lidar_motor_control.py -> /home/aajaer/microros_ws/install/motor_control_pkg/lib/python3.10/site-packages/motor_control_pkg
[0.449s] byte-compiling /home/aajaer/microros_ws/install/motor_control_pkg/lib/python3.10/site-packages/motor_control_pkg/scan_filtered_node.py to scan_filtered_node.cpython-310.pyc
[0.450s] byte-compiling /home/aajaer/microros_ws/install/motor_control_pkg/lib/python3.10/site-packages/motor_control_pkg/lidar_motor_control.py to lidar_motor_control.cpython-310.pyc
[0.450s] running install_data
[0.450s] copying launch/motor_control_launch.py -> /home/aajaer/microros_ws/install/motor_control_pkg/share/motor_control_pkg/launch
[0.450s] copying launch/slam_launch.py -> /home/aajaer/microros_ws/install/motor_control_pkg/share/motor_control_pkg/launch
[0.450s] running install_egg_info
[0.451s] removing '/home/aajaer/microros_ws/install/motor_control_pkg/lib/python3.10/site-packages/motor_control_pkg-0.0.0-py3.10.egg-info' (and everything under it)
[0.451s] Copying ../../build/motor_control_pkg/motor_control_pkg.egg-info to /home/aajaer/microros_ws/install/motor_control_pkg/lib/python3.10/site-packages/motor_control_pkg-0.0.0-py3.10.egg-info
[0.452s] running install_scripts
[0.461s] Installing lidar_motor_control script to /home/aajaer/microros_ws/install/motor_control_pkg/lib/motor_control_pkg
[0.461s] Installing scan_filter_node script to /home/aajaer/microros_ws/install/motor_control_pkg/lib/motor_control_pkg
[0.461s] writing list of installed files to '/home/aajaer/microros_ws/build/motor_control_pkg/install.log'
[0.471s] Invoked command in '/home/aajaer/microros_ws/src/motor_control_pkg' returned '0': PYTHONPATH=/home/aajaer/microros_ws/build/motor_control_pkg/prefix_override:/usr/lib/python3/dist-packages/colcon_core/task/python/colcon_distutils_commands:/home/aajaer/microros_ws/install/motor_control_pkg/lib/python3.10/site-packages:${PYTHONPATH} /usr/bin/python3 -W ignore:setup.py install is deprecated -W ignore:easy_install command is deprecated setup.py egg_info --egg-base ../../build/motor_control_pkg build --build-base /home/aajaer/microros_ws/build/motor_control_pkg/build install --record /home/aajaer/microros_ws/build/motor_control_pkg/install.log --single-version-externally-managed install_data
