[0.097s] Invoking command in '/home/aajaer/microros_ws/build/unique_identifier_msgs': CMAKE_PREFIX_PATH=${CMAKE_PREFIX_PATH}:/home/aajaer/microros_ws/install/sensor_msgs_py:/home/aajaer/microros_ws/install/motor_control_pkg /usr/bin/cmake /home/aajaer/microros_ws/src/ros2/unique_identifier_msgs -DAMENT_CMAKE_SYMLINK_INSTALL=1 -DCMAKE_INSTALL_PREFIX=/home/aajaer/microros_ws/install/unique_identifier_msgs
[0.137s] -- Found ament_cmake: 1.3.11 (/opt/ros/humble/share/ament_cmake/cmake)
[0.566s] -- Override CMake install command with custom implementation using symlinks instead of copying resources
[0.586s] -- Found rosidl_default_generators: 1.2.0 (/opt/ros/humble/share/rosidl_default_generators/cmake)
[0.602s] -- Using all available rosidl_typesupport_c: rosidl_typesupport_microxrcedds_c;rosidl_typesupport_fastrtps_c;rosidl_typesupport_introspection_c
[0.608s] -- Found rosidl_adapter: 3.1.6 (/opt/ros/humble/share/rosidl_adapter/cmake)
[0.686s] -- Using all available rosidl_typesupport_cpp: rosidl_typesupport_microxrcedds_cpp;rosidl_typesupport_fastrtps_cpp;rosidl_typesupport_introspection_cpp
[1.493s] -- Found ament_cmake_ros: 0.10.0 (/opt/ros/humble/share/ament_cmake_ros/cmake)
[2.219s] -- Using all available rosidl_typesupport_c: rosidl_typesupport_microxrcedds_c;rosidl_typesupport_fastrtps_c;rosidl_typesupport_introspection_c
[3.129s] -- Using all available rosidl_typesupport_cpp: rosidl_typesupport_microxrcedds_cpp;rosidl_typesupport_fastrtps_cpp;rosidl_typesupport_introspection_cpp
[3.199s] -- Found python_cmake_module: 0.10.0 (/opt/ros/humble/share/python_cmake_module/cmake)
[3.270s] -- Using PYTHON_EXECUTABLE: /usr/bin/python3
[3.271s] -- Using PYTHON_INCLUDE_DIRS: /usr/include/python3.10
[3.271s] -- Using PYTHON_LIBRARIES: /usr/lib/aarch64-linux-gnu/libpython3.10.so
[3.338s] -- Found ament_lint_auto: 0.12.11 (/opt/ros/humble/share/ament_lint_auto/cmake)
[3.363s] -- Added test 'copyright' to check source files copyright and LICENSE
[3.375s] -- Added test 'lint_cmake' to check CMake code style
[3.381s] -- Added test 'xmllint' to check XML markup files
[3.389s] -- Configuring done
[3.484s] -- Generating done
[3.535s] -- Build files have been written to: /home/aajaer/microros_ws/build/unique_identifier_msgs
[3.585s] Invoked command in '/home/aajaer/microros_ws/build/unique_identifier_msgs' returned '0': CMAKE_PREFIX_PATH=${CMAKE_PREFIX_PATH}:/home/aajaer/microros_ws/install/sensor_msgs_py:/home/aajaer/microros_ws/install/motor_control_pkg /usr/bin/cmake /home/aajaer/microros_ws/src/ros2/unique_identifier_msgs -DAMENT_CMAKE_SYMLINK_INSTALL=1 -DCMAKE_INSTALL_PREFIX=/home/aajaer/microros_ws/install/unique_identifier_msgs
[3.589s] Invoking command in '/home/aajaer/microros_ws/build/unique_identifier_msgs': CMAKE_PREFIX_PATH=${CMAKE_PREFIX_PATH}:/home/aajaer/microros_ws/install/sensor_msgs_py:/home/aajaer/microros_ws/install/motor_control_pkg /usr/bin/cmake --build /home/aajaer/microros_ws/build/unique_identifier_msgs -- -j8 -l8
[3.712s] [35m[1mConsolidate compiler generated dependencies of target unique_identifier_msgs__rosidl_generator_c[0m
[3.771s] [  0%] Built target ament_cmake_python_symlink_unique_identifier_msgs
[3.781s] [  7%] Built target unique_identifier_msgs__rosidl_generator_c
[3.818s] [ 10%] Built target unique_identifier_msgs__cpp
[3.868s] [35m[1mConsolidate compiler generated dependencies of target unique_identifier_msgs__rosidl_typesupport_introspection_c[0m
[3.870s] [35m[1mConsolidate compiler generated dependencies of target unique_identifier_msgs__rosidl_typesupport_cpp[0m
[3.872s] [35m[1mConsolidate compiler generated dependencies of target unique_identifier_msgs__rosidl_typesupport_fastrtps_c[0m
[3.887s] [35m[1mConsolidate compiler generated dependencies of target unique_identifier_msgs__rosidl_typesupport_microxrcedds_c[0m
[3.900s] [35m[1mConsolidate compiler generated dependencies of target unique_identifier_msgs__rosidl_typesupport_microxrcedds_cpp[0m
[3.945s] [35m[1mConsolidate compiler generated dependencies of target unique_identifier_msgs__rosidl_typesupport_c[0m
[3.954s] [35m[1mConsolidate compiler generated dependencies of target unique_identifier_msgs__rosidl_typesupport_fastrtps_cpp[0m
[3.992s] [ 17%] Built target unique_identifier_msgs__rosidl_typesupport_introspection_c
[4.035s] [ 25%] Built target unique_identifier_msgs__rosidl_typesupport_cpp
[4.055s] [ 33%] Built target unique_identifier_msgs__rosidl_typesupport_fastrtps_c
[4.077s] [ 41%] Built target unique_identifier_msgs__rosidl_typesupport_microxrcedds_cpp
[4.080s] [ 48%] Built target unique_identifier_msgs__rosidl_typesupport_microxrcedds_c
[4.118s] [ 56%] Built target unique_identifier_msgs__rosidl_typesupport_c
[4.124s] [35m[1mConsolidate compiler generated dependencies of target unique_identifier_msgs__rosidl_typesupport_introspection_cpp[0m
[4.134s] [ 64%] Built target unique_identifier_msgs__rosidl_typesupport_fastrtps_cpp
[4.207s] [ 71%] Built target unique_identifier_msgs__rosidl_typesupport_introspection_cpp
[4.352s] [ 71%] Built target unique_identifier_msgs
[4.487s] [ 74%] Built target unique_identifier_msgs__py
[4.546s] [35m[1mConsolidate compiler generated dependencies of target unique_identifier_msgs__rosidl_generator_py[0m
[4.638s] [ 79%] Built target unique_identifier_msgs__rosidl_generator_py
[4.724s] [35m[1mConsolidate compiler generated dependencies of target unique_identifier_msgs__rosidl_typesupport_fastrtps_c__pyext[0m
[4.740s] [35m[1mConsolidate compiler generated dependencies of target unique_identifier_msgs__rosidl_typesupport_introspection_c__pyext[0m
[4.780s] [35m[1mConsolidate compiler generated dependencies of target unique_identifier_msgs__rosidl_typesupport_c__pyext[0m
[4.781s] [35m[1mConsolidate compiler generated dependencies of target unique_identifier_msgs__rosidl_typesupport_microxrcedds_c__pyext[0m
[4.784s] [ 84%] Built target unique_identifier_msgs__rosidl_typesupport_fastrtps_c__pyext
[4.811s] [ 89%] Built target unique_identifier_msgs__rosidl_typesupport_introspection_c__pyext
[4.847s] [ 94%] Built target unique_identifier_msgs__rosidl_typesupport_c__pyext
[4.875s] [100%] Built target unique_identifier_msgs__rosidl_typesupport_microxrcedds_c__pyext
[5.109s] running egg_info
[5.111s] writing unique_identifier_msgs.egg-info/PKG-INFO
[5.112s] writing dependency_links to unique_identifier_msgs.egg-info/dependency_links.txt
[5.112s] writing top-level names to unique_identifier_msgs.egg-info/top_level.txt
[5.117s] reading manifest file 'unique_identifier_msgs.egg-info/SOURCES.txt'
[5.123s] writing manifest file 'unique_identifier_msgs.egg-info/SOURCES.txt'
[5.244s] [100%] Built target ament_cmake_python_build_unique_identifier_msgs_egg
[5.285s] Invoked command in '/home/aajaer/microros_ws/build/unique_identifier_msgs' returned '0': CMAKE_PREFIX_PATH=${CMAKE_PREFIX_PATH}:/home/aajaer/microros_ws/install/sensor_msgs_py:/home/aajaer/microros_ws/install/motor_control_pkg /usr/bin/cmake --build /home/aajaer/microros_ws/build/unique_identifier_msgs -- -j8 -l8
[5.286s] Invoking command in '/home/aajaer/microros_ws/build/unique_identifier_msgs': CMAKE_PREFIX_PATH=${CMAKE_PREFIX_PATH}:/home/aajaer/microros_ws/install/sensor_msgs_py:/home/aajaer/microros_ws/install/motor_control_pkg /usr/bin/cmake --install /home/aajaer/microros_ws/build/unique_identifier_msgs
[5.312s] -- Install configuration: ""
[5.313s] -- Execute custom install script
[5.314s] -- Up-to-date symlink: /home/aajaer/microros_ws/install/unique_identifier_msgs/share/ament_index/resource_index/rosidl_interfaces/unique_identifier_msgs
[5.315s] -- Up-to-date symlink: /home/aajaer/microros_ws/install/unique_identifier_msgs/include/unique_identifier_msgs/unique_identifier_msgs/msg/detail/uuid__functions.h
[5.316s] -- Up-to-date symlink: /home/aajaer/microros_ws/install/unique_identifier_msgs/include/unique_identifier_msgs/unique_identifier_msgs/msg/detail/uuid__struct.h
[5.316s] -- Up-to-date symlink: /home/aajaer/microros_ws/install/unique_identifier_msgs/include/unique_identifier_msgs/unique_identifier_msgs/msg/detail/uuid__type_support.h
[5.317s] -- Up-to-date symlink: /home/aajaer/microros_ws/install/unique_identifier_msgs/include/unique_identifier_msgs/unique_identifier_msgs/msg/rosidl_generator_c__visibility_control.h
[5.317s] -- Up-to-date symlink: /home/aajaer/microros_ws/install/unique_identifier_msgs/include/unique_identifier_msgs/unique_identifier_msgs/msg/uuid.h
[5.318s] -- Up-to-date symlink: /home/aajaer/microros_ws/install/unique_identifier_msgs/share/unique_identifier_msgs/environment/library_path.sh
[5.318s] -- Up-to-date symlink: /home/aajaer/microros_ws/install/unique_identifier_msgs/share/unique_identifier_msgs/environment/library_path.dsv
[5.319s] -- Up-to-date symlink: /home/aajaer/microros_ws/install/unique_identifier_msgs/include/unique_identifier_msgs/msg/detail/uuid__rosidl_typesupport_microxrcedds_c.h
[5.320s] -- Up-to-date symlink: /home/aajaer/microros_ws/install/unique_identifier_msgs/include/unique_identifier_msgs/msg/rosidl_typesupport_microxrcedds_c__visibility_control.h
[5.321s] -- Up-to-date symlink: /home/aajaer/microros_ws/install/unique_identifier_msgs/lib/libunique_identifier_msgs__rosidl_typesupport_microxrcedds_c.a
[5.322s] -- Up-to-date symlink: /home/aajaer/microros_ws/install/unique_identifier_msgs/include/unique_identifier_msgs/unique_identifier_msgs/msg/detail/uuid__rosidl_typesupport_fastrtps_c.h
[5.322s] -- Up-to-date symlink: /home/aajaer/microros_ws/install/unique_identifier_msgs/include/unique_identifier_msgs/unique_identifier_msgs/msg/rosidl_typesupport_fastrtps_c__visibility_control.h
[5.323s] -- Up-to-date symlink: /home/aajaer/microros_ws/install/unique_identifier_msgs/include/unique_identifier_msgs/unique_identifier_msgs/msg/detail/uuid__rosidl_typesupport_introspection_c.h
[5.324s] -- Up-to-date symlink: /home/aajaer/microros_ws/install/unique_identifier_msgs/include/unique_identifier_msgs/unique_identifier_msgs/msg/rosidl_typesupport_introspection_c__visibility_control.h
[5.325s] -- Up-to-date symlink: /home/aajaer/microros_ws/install/unique_identifier_msgs/include/unique_identifier_msgs/unique_identifier_msgs/msg/detail/uuid__builder.hpp
[5.325s] -- Up-to-date symlink: /home/aajaer/microros_ws/install/unique_identifier_msgs/include/unique_identifier_msgs/unique_identifier_msgs/msg/detail/uuid__struct.hpp
[5.326s] -- Up-to-date symlink: /home/aajaer/microros_ws/install/unique_identifier_msgs/include/unique_identifier_msgs/unique_identifier_msgs/msg/detail/uuid__traits.hpp
[5.326s] -- Up-to-date symlink: /home/aajaer/microros_ws/install/unique_identifier_msgs/include/unique_identifier_msgs/unique_identifier_msgs/msg/detail/uuid__type_support.hpp
[5.327s] -- Up-to-date symlink: /home/aajaer/microros_ws/install/unique_identifier_msgs/include/unique_identifier_msgs/unique_identifier_msgs/msg/rosidl_generator_cpp__visibility_control.hpp
[5.329s] -- Up-to-date symlink: /home/aajaer/microros_ws/install/unique_identifier_msgs/include/unique_identifier_msgs/unique_identifier_msgs/msg/uuid.hpp
[5.330s] -- Up-to-date symlink: /home/aajaer/microros_ws/install/unique_identifier_msgs/include/unique_identifier_msgs/msg/detail/microxrcedds/uuid__type_support_cpp.cpp
[5.330s] -- Up-to-date symlink: /home/aajaer/microros_ws/install/unique_identifier_msgs/include/unique_identifier_msgs/msg/detail/uuid__rosidl_typesupport_microxrcedds_cpp.hpp
[5.331s] -- Up-to-date symlink: /home/aajaer/microros_ws/install/unique_identifier_msgs/include/unique_identifier_msgs/msg/rosidl_typesupport_microxrcedds_cpp__visibility_control.h
[5.332s] -- Up-to-date symlink: /home/aajaer/microros_ws/install/unique_identifier_msgs/lib/libunique_identifier_msgs__rosidl_typesupport_microxrcedds_cpp.a
[5.333s] -- Up-to-date symlink: /home/aajaer/microros_ws/install/unique_identifier_msgs/include/unique_identifier_msgs/unique_identifier_msgs/msg/detail/uuid__rosidl_typesupport_fastrtps_cpp.hpp
[5.333s] -- Up-to-date symlink: /home/aajaer/microros_ws/install/unique_identifier_msgs/include/unique_identifier_msgs/unique_identifier_msgs/msg/rosidl_typesupport_fastrtps_cpp__visibility_control.h
[5.334s] -- Up-to-date symlink: /home/aajaer/microros_ws/install/unique_identifier_msgs/include/unique_identifier_msgs/unique_identifier_msgs/msg/detail/uuid__rosidl_typesupport_introspection_cpp.hpp
[5.335s] -- Up-to-date symlink: /home/aajaer/microros_ws/install/unique_identifier_msgs/share/unique_identifier_msgs/environment/pythonpath.sh
[5.336s] -- Up-to-date symlink: /home/aajaer/microros_ws/install/unique_identifier_msgs/share/unique_identifier_msgs/environment/pythonpath.dsv
[5.336s] -- Up-to-date symlink: /home/aajaer/microros_ws/install/unique_identifier_msgs/local/lib/python3.10/dist-packages/unique_identifier_msgs-2.2.1-py3.10.egg-info/PKG-INFO
[5.337s] -- Up-to-date symlink: /home/aajaer/microros_ws/install/unique_identifier_msgs/local/lib/python3.10/dist-packages/unique_identifier_msgs-2.2.1-py3.10.egg-info/SOURCES.txt
[5.337s] -- Up-to-date symlink: /home/aajaer/microros_ws/install/unique_identifier_msgs/local/lib/python3.10/dist-packages/unique_identifier_msgs-2.2.1-py3.10.egg-info/dependency_links.txt
[5.338s] -- Up-to-date symlink: /home/aajaer/microros_ws/install/unique_identifier_msgs/local/lib/python3.10/dist-packages/unique_identifier_msgs-2.2.1-py3.10.egg-info/top_level.txt
[5.339s] -- Up-to-date symlink: /home/aajaer/microros_ws/install/unique_identifier_msgs/local/lib/python3.10/dist-packages/unique_identifier_msgs/__init__.py
[5.340s] -- Up-to-date symlink: /home/aajaer/microros_ws/install/unique_identifier_msgs/local/lib/python3.10/dist-packages/unique_identifier_msgs/_unique_identifier_msgs_s.ep.rosidl_typesupport_c.c
[5.340s] -- Up-to-date symlink: /home/aajaer/microros_ws/install/unique_identifier_msgs/local/lib/python3.10/dist-packages/unique_identifier_msgs/_unique_identifier_msgs_s.ep.rosidl_typesupport_fastrtps_c.c
[5.341s] -- Up-to-date symlink: /home/aajaer/microros_ws/install/unique_identifier_msgs/local/lib/python3.10/dist-packages/unique_identifier_msgs/_unique_identifier_msgs_s.ep.rosidl_typesupport_introspection_c.c
[5.341s] -- Up-to-date symlink: /home/aajaer/microros_ws/install/unique_identifier_msgs/local/lib/python3.10/dist-packages/unique_identifier_msgs/_unique_identifier_msgs_s.ep.rosidl_typesupport_microxrcedds_c.c
[5.342s] -- Up-to-date symlink: /home/aajaer/microros_ws/install/unique_identifier_msgs/local/lib/python3.10/dist-packages/unique_identifier_msgs/libunique_identifier_msgs__rosidl_generator_py.so
[5.342s] -- Up-to-date symlink: /home/aajaer/microros_ws/install/unique_identifier_msgs/local/lib/python3.10/dist-packages/unique_identifier_msgs/msg/__init__.py
[5.343s] -- Up-to-date symlink: /home/aajaer/microros_ws/install/unique_identifier_msgs/local/lib/python3.10/dist-packages/unique_identifier_msgs/msg/_uuid.py
[5.343s] -- Up-to-date symlink: /home/aajaer/microros_ws/install/unique_identifier_msgs/local/lib/python3.10/dist-packages/unique_identifier_msgs/msg/_uuid_s.c
[5.344s] -- Up-to-date symlink: /home/aajaer/microros_ws/install/unique_identifier_msgs/local/lib/python3.10/dist-packages/unique_identifier_msgs/unique_identifier_msgs_s__rosidl_typesupport_c.cpython-310-aarch64-linux-gnu.so
[5.344s] -- Up-to-date symlink: /home/aajaer/microros_ws/install/unique_identifier_msgs/local/lib/python3.10/dist-packages/unique_identifier_msgs/unique_identifier_msgs_s__rosidl_typesupport_fastrtps_c.cpython-310-aarch64-linux-gnu.so
[5.345s] -- Up-to-date symlink: /home/aajaer/microros_ws/install/unique_identifier_msgs/local/lib/python3.10/dist-packages/unique_identifier_msgs/unique_identifier_msgs_s__rosidl_typesupport_introspection_c.cpython-310-aarch64-linux-gnu.so
[5.345s] -- Up-to-date symlink: /home/aajaer/microros_ws/install/unique_identifier_msgs/local/lib/python3.10/dist-packages/unique_identifier_msgs/unique_identifier_msgs_s__rosidl_typesupport_microxrcedds_c.cpython-310-aarch64-linux-gnu.so
[5.346s] -- Up-to-date symlink: /home/aajaer/microros_ws/install/unique_identifier_msgs/local/lib/python3.10/dist-packages/unique_identifier_msgs/unique_identifier_msgs_s__rosidl_typesupport_microxrcedds_c.cpython-310-aarch64-linux-gnu.so
[5.346s] -- Up-to-date symlink: /home/aajaer/microros_ws/install/unique_identifier_msgs/local/lib/python3.10/dist-packages/unique_identifier_msgs/unique_identifier_msgs_s__rosidl_typesupport_fastrtps_c.cpython-310-aarch64-linux-gnu.so
[5.347s] -- Up-to-date symlink: /home/aajaer/microros_ws/install/unique_identifier_msgs/local/lib/python3.10/dist-packages/unique_identifier_msgs/unique_identifier_msgs_s__rosidl_typesupport_introspection_c.cpython-310-aarch64-linux-gnu.so
[5.348s] -- Up-to-date symlink: /home/aajaer/microros_ws/install/unique_identifier_msgs/local/lib/python3.10/dist-packages/unique_identifier_msgs/unique_identifier_msgs_s__rosidl_typesupport_c.cpython-310-aarch64-linux-gnu.so
[5.348s] -- Up-to-date symlink: /home/aajaer/microros_ws/install/unique_identifier_msgs/share/unique_identifier_msgs/msg/UUID.idl
[5.349s] -- Up-to-date symlink: /home/aajaer/microros_ws/install/unique_identifier_msgs/share/unique_identifier_msgs/msg/UUID.msg
[5.350s] -- Up-to-date symlink: /home/aajaer/microros_ws/install/unique_identifier_msgs/share/ament_index/resource_index/package_run_dependencies/unique_identifier_msgs
[5.351s] -- Up-to-date symlink: /home/aajaer/microros_ws/install/unique_identifier_msgs/share/ament_index/resource_index/parent_prefix_path/unique_identifier_msgs
[5.351s] -- Up-to-date symlink: /home/aajaer/microros_ws/install/unique_identifier_msgs/share/unique_identifier_msgs/environment/ament_prefix_path.sh
[5.351s] -- Up-to-date symlink: /home/aajaer/microros_ws/install/unique_identifier_msgs/share/unique_identifier_msgs/environment/ament_prefix_path.dsv
[5.352s] -- Up-to-date symlink: /home/aajaer/microros_ws/install/unique_identifier_msgs/share/unique_identifier_msgs/environment/path.sh
[5.352s] -- Up-to-date symlink: /home/aajaer/microros_ws/install/unique_identifier_msgs/share/unique_identifier_msgs/environment/path.dsv
[5.352s] -- Up-to-date symlink: /home/aajaer/microros_ws/install/unique_identifier_msgs/share/unique_identifier_msgs/local_setup.bash
[5.353s] -- Up-to-date symlink: /home/aajaer/microros_ws/install/unique_identifier_msgs/share/unique_identifier_msgs/local_setup.sh
[5.353s] -- Up-to-date symlink: /home/aajaer/microros_ws/install/unique_identifier_msgs/share/unique_identifier_msgs/local_setup.zsh
[5.353s] -- Up-to-date symlink: /home/aajaer/microros_ws/install/unique_identifier_msgs/share/unique_identifier_msgs/local_setup.dsv
[5.354s] -- Symlinking: /home/aajaer/microros_ws/install/unique_identifier_msgs/share/unique_identifier_msgs/package.dsv
[5.385s] -- Up-to-date symlink: /home/aajaer/microros_ws/install/unique_identifier_msgs/share/ament_index/resource_index/packages/unique_identifier_msgs
[5.386s] -- Up-to-date symlink: /home/aajaer/microros_ws/install/unique_identifier_msgs/share/unique_identifier_msgs/cmake/rosidl_cmake-extras.cmake
[5.386s] -- Up-to-date symlink: /home/aajaer/microros_ws/install/unique_identifier_msgs/share/unique_identifier_msgs/cmake/ament_cmake_export_include_directories-extras.cmake
[5.387s] -- Up-to-date symlink: /home/aajaer/microros_ws/install/unique_identifier_msgs/share/unique_identifier_msgs/cmake/ament_cmake_export_libraries-extras.cmake
[5.388s] -- Up-to-date symlink: /home/aajaer/microros_ws/install/unique_identifier_msgs/share/unique_identifier_msgs/cmake/ament_cmake_export_targets-extras.cmake
[5.388s] -- Up-to-date symlink: /home/aajaer/microros_ws/install/unique_identifier_msgs/share/unique_identifier_msgs/cmake/rosidl_cmake_export_typesupport_targets-extras.cmake
[5.388s] -- Up-to-date symlink: /home/aajaer/microros_ws/install/unique_identifier_msgs/share/unique_identifier_msgs/cmake/ament_cmake_export_dependencies-extras.cmake
[5.389s] -- Up-to-date symlink: /home/aajaer/microros_ws/install/unique_identifier_msgs/share/unique_identifier_msgs/cmake/rosidl_cmake_export_typesupport_libraries-extras.cmake
[5.390s] -- Up-to-date symlink: /home/aajaer/microros_ws/install/unique_identifier_msgs/share/unique_identifier_msgs/cmake/unique_identifier_msgsConfig.cmake
[5.390s] -- Up-to-date symlink: /home/aajaer/microros_ws/install/unique_identifier_msgs/share/unique_identifier_msgs/cmake/unique_identifier_msgsConfig-version.cmake
[5.392s] -- Up-to-date symlink: /home/aajaer/microros_ws/install/unique_identifier_msgs/share/unique_identifier_msgs/package.xml
[5.392s] -- Up-to-date symlink: /home/aajaer/microros_ws/install/unique_identifier_msgs/share/unique_identifier_msgs/mapping_rules.yaml
[5.394s] -- Up-to-date: /home/aajaer/microros_ws/install/unique_identifier_msgs/lib/libunique_identifier_msgs__rosidl_generator_c.so
[5.394s] -- Up-to-date: /home/aajaer/microros_ws/install/unique_identifier_msgs/lib/libunique_identifier_msgs__rosidl_typesupport_fastrtps_c.so
[5.395s] -- Up-to-date: /home/aajaer/microros_ws/install/unique_identifier_msgs/lib/libunique_identifier_msgs__rosidl_typesupport_introspection_c.so
[5.395s] -- Up-to-date: /home/aajaer/microros_ws/install/unique_identifier_msgs/lib/libunique_identifier_msgs__rosidl_typesupport_c.so
[5.395s] -- Up-to-date: /home/aajaer/microros_ws/install/unique_identifier_msgs/lib/libunique_identifier_msgs__rosidl_typesupport_fastrtps_cpp.so
[5.396s] -- Up-to-date: /home/aajaer/microros_ws/install/unique_identifier_msgs/lib/libunique_identifier_msgs__rosidl_typesupport_introspection_cpp.so
[5.396s] -- Up-to-date: /home/aajaer/microros_ws/install/unique_identifier_msgs/lib/libunique_identifier_msgs__rosidl_typesupport_cpp.so
[5.502s] Listing '/home/aajaer/microros_ws/install/unique_identifier_msgs/local/lib/python3.10/dist-packages/unique_identifier_msgs'...
[5.502s] Compiling '/home/aajaer/microros_ws/install/unique_identifier_msgs/local/lib/python3.10/dist-packages/unique_identifier_msgs/__init__.py'...
[5.503s] Listing '/home/aajaer/microros_ws/install/unique_identifier_msgs/local/lib/python3.10/dist-packages/unique_identifier_msgs/msg'...
[5.517s] -- Up-to-date: /home/aajaer/microros_ws/install/unique_identifier_msgs/lib/libunique_identifier_msgs__rosidl_generator_py.so
[5.517s] -- Up-to-date: /home/aajaer/microros_ws/install/unique_identifier_msgs/share/unique_identifier_msgs/cmake/export_unique_identifier_msgs__rosidl_generator_cExport.cmake
[5.518s] -- Up-to-date: /home/aajaer/microros_ws/install/unique_identifier_msgs/share/unique_identifier_msgs/cmake/export_unique_identifier_msgs__rosidl_generator_cExport-noconfig.cmake
[5.518s] -- Up-to-date: /home/aajaer/microros_ws/install/unique_identifier_msgs/share/unique_identifier_msgs/cmake/export_unique_identifier_msgs__rosidl_typesupport_fastrtps_cExport.cmake
[5.518s] -- Up-to-date: /home/aajaer/microros_ws/install/unique_identifier_msgs/share/unique_identifier_msgs/cmake/export_unique_identifier_msgs__rosidl_typesupport_fastrtps_cExport-noconfig.cmake
[5.518s] -- Up-to-date: /home/aajaer/microros_ws/install/unique_identifier_msgs/share/unique_identifier_msgs/cmake/unique_identifier_msgs__rosidl_typesupport_introspection_cExport.cmake
[5.519s] -- Up-to-date: /home/aajaer/microros_ws/install/unique_identifier_msgs/share/unique_identifier_msgs/cmake/unique_identifier_msgs__rosidl_typesupport_introspection_cExport-noconfig.cmake
[5.519s] -- Up-to-date: /home/aajaer/microros_ws/install/unique_identifier_msgs/share/unique_identifier_msgs/cmake/unique_identifier_msgs__rosidl_typesupport_cExport.cmake
[5.520s] -- Up-to-date: /home/aajaer/microros_ws/install/unique_identifier_msgs/share/unique_identifier_msgs/cmake/unique_identifier_msgs__rosidl_typesupport_cExport-noconfig.cmake
[5.521s] -- Up-to-date: /home/aajaer/microros_ws/install/unique_identifier_msgs/share/unique_identifier_msgs/cmake/export_unique_identifier_msgs__rosidl_generator_cppExport.cmake
[5.521s] -- Up-to-date: /home/aajaer/microros_ws/install/unique_identifier_msgs/share/unique_identifier_msgs/cmake/export_unique_identifier_msgs__rosidl_typesupport_fastrtps_cppExport.cmake
[5.521s] -- Up-to-date: /home/aajaer/microros_ws/install/unique_identifier_msgs/share/unique_identifier_msgs/cmake/export_unique_identifier_msgs__rosidl_typesupport_fastrtps_cppExport-noconfig.cmake
[5.521s] -- Up-to-date: /home/aajaer/microros_ws/install/unique_identifier_msgs/share/unique_identifier_msgs/cmake/unique_identifier_msgs__rosidl_typesupport_introspection_cppExport.cmake
[5.522s] -- Up-to-date: /home/aajaer/microros_ws/install/unique_identifier_msgs/share/unique_identifier_msgs/cmake/unique_identifier_msgs__rosidl_typesupport_introspection_cppExport-noconfig.cmake
[5.522s] -- Up-to-date: /home/aajaer/microros_ws/install/unique_identifier_msgs/share/unique_identifier_msgs/cmake/unique_identifier_msgs__rosidl_typesupport_cppExport.cmake
[5.522s] -- Up-to-date: /home/aajaer/microros_ws/install/unique_identifier_msgs/share/unique_identifier_msgs/cmake/unique_identifier_msgs__rosidl_typesupport_cppExport-noconfig.cmake
[5.523s] -- Up-to-date: /home/aajaer/microros_ws/install/unique_identifier_msgs/share/unique_identifier_msgs/cmake/export_unique_identifier_msgs__rosidl_generator_pyExport.cmake
[5.524s] -- Up-to-date: /home/aajaer/microros_ws/install/unique_identifier_msgs/share/unique_identifier_msgs/cmake/export_unique_identifier_msgs__rosidl_generator_pyExport-noconfig.cmake
[5.577s] Invoked command in '/home/aajaer/microros_ws/build/unique_identifier_msgs' returned '0': CMAKE_PREFIX_PATH=${CMAKE_PREFIX_PATH}:/home/aajaer/microros_ws/install/sensor_msgs_py:/home/aajaer/microros_ws/install/motor_control_pkg /usr/bin/cmake --install /home/aajaer/microros_ws/build/unique_identifier_msgs
