[0.066s] Invoking command in '/home/aajaer/microros_ws/build/visualization_msgs': AMENT_PREFIX_PATH=/home/aajaer/microros_ws/install/sensor_msgs:/home/aajaer/microros_ws/install/geometry_msgs:/home/aajaer/microros_ws/install/std_msgs:/home/aajaer/microros_ws/install/builtin_interfaces:${AMENT_PREFIX_PATH} CMAKE_PREFIX_PATH=/home/aajaer/microros_ws/install/sensor_msgs:/home/aajaer/microros_ws/install/geometry_msgs:/home/aajaer/microros_ws/install/std_msgs:/home/aajaer/microros_ws/install/builtin_interfaces:/opt/ros/humble:/opt/ros/humble LD_LIBRARY_PATH=/home/aajaer/microros_ws/install/sensor_msgs/lib:/home/aajaer/microros_ws/install/geometry_msgs/lib:/home/aajaer/microros_ws/install/std_msgs/lib:/home/aajaer/microros_ws/install/builtin_interfaces/lib:/opt/ros/humble/opt/rviz_ogre_vendor/lib:/opt/ros/humble/lib/aarch64-linux-gnu:/opt/ros/humble/lib PYTHONPATH=/home/aajaer/microros_ws/install/sensor_msgs/local/lib/python3.10/dist-packages:/home/aajaer/microros_ws/install/geometry_msgs/local/lib/python3.10/dist-packages:/home/aajaer/microros_ws/install/std_msgs/local/lib/python3.10/dist-packages:/home/aajaer/microros_ws/install/builtin_interfaces/local/lib/python3.10/dist-packages:${PYTHONPATH} /usr/bin/cmake /home/aajaer/microros_ws/src/ros2/common_interfaces/visualization_msgs -DCMAKE_INSTALL_PREFIX=/home/aajaer/microros_ws/install/visualization_msgs
[1.267s] -- Found ament_cmake: 1.3.11 (/opt/ros/humble/share/ament_cmake/cmake)
[1.268s] -- Override CMake install command with custom implementation using symlinks instead of copying resources
[1.269s] -- Found builtin_interfaces: 1.2.1 (/home/aajaer/microros_ws/install/builtin_interfaces/share/builtin_interfaces/cmake)
[1.269s] -- Found rosidl_generator_c: 3.1.6 (/opt/ros/humble/share/rosidl_generator_c/cmake)
[1.269s] -- Found rosidl_adapter: 3.1.6 (/opt/ros/humble/share/rosidl_adapter/cmake)
[1.270s] -- Found rosidl_generator_cpp: 3.1.6 (/opt/ros/humble/share/rosidl_generator_cpp/cmake)
[1.270s] -- Using all available rosidl_typesupport_c: rosidl_typesupport_fastrtps_c;rosidl_typesupport_introspection_c
[1.270s] -- Using all available rosidl_typesupport_cpp: rosidl_typesupport_fastrtps_cpp;rosidl_typesupport_introspection_cpp
[1.270s] -- Found geometry_msgs: 4.2.4 (/home/aajaer/microros_ws/install/geometry_msgs/share/geometry_msgs/cmake)
[1.270s] -- Found rosidl_default_generators: 1.2.0 (/opt/ros/humble/share/rosidl_default_generators/cmake)
[1.270s] -- Found sensor_msgs: 4.2.4 (/home/aajaer/microros_ws/install/sensor_msgs/share/sensor_msgs/cmake)
[1.534s] -- Found ament_cmake_cppcheck: 0.12.11 (/opt/ros/humble/share/ament_cmake_cppcheck/cmake)
[1.535s] -- Found ament_cmake_cpplint: 0.12.11 (/opt/ros/humble/share/ament_cmake_cpplint/cmake)
[1.536s] -- Found ament_cmake_uncrustify: 0.12.11 (/opt/ros/humble/share/ament_cmake_uncrustify/cmake)
[1.538s] -- Found ament_cmake_ros: 0.10.0 (/opt/ros/humble/share/ament_cmake_ros/cmake)
[2.633s] -- Using all available rosidl_typesupport_c: rosidl_typesupport_fastrtps_c;rosidl_typesupport_introspection_c
[3.069s] -- Using all available rosidl_typesupport_cpp: rosidl_typesupport_fastrtps_cpp;rosidl_typesupport_introspection_cpp
[3.124s] -- Found python_cmake_module: 0.10.0 (/opt/ros/humble/share/python_cmake_module/cmake)
[3.185s] -- Using PYTHON_EXECUTABLE: /usr/bin/python3
[3.185s] -- Using PYTHON_INCLUDE_DIRS: /usr/include/python3.10
[3.185s] -- Using PYTHON_LIBRARIES: /usr/lib/aarch64-linux-gnu/libpython3.10.so
[3.340s] -- Found ament_cmake_flake8: 0.12.11 (/opt/ros/humble/share/ament_cmake_flake8/cmake)
[3.342s] -- Found ament_cmake_pep257: 0.12.11 (/opt/ros/humble/share/ament_cmake_pep257/cmake)
[3.426s] -- Configuring done
[3.846s] -- Generating done
[3.927s] -- Build files have been written to: /home/aajaer/microros_ws/build/visualization_msgs
[3.992s] Invoked command in '/home/aajaer/microros_ws/build/visualization_msgs' returned '0': AMENT_PREFIX_PATH=/home/aajaer/microros_ws/install/sensor_msgs:/home/aajaer/microros_ws/install/geometry_msgs:/home/aajaer/microros_ws/install/std_msgs:/home/aajaer/microros_ws/install/builtin_interfaces:${AMENT_PREFIX_PATH} CMAKE_PREFIX_PATH=/home/aajaer/microros_ws/install/sensor_msgs:/home/aajaer/microros_ws/install/geometry_msgs:/home/aajaer/microros_ws/install/std_msgs:/home/aajaer/microros_ws/install/builtin_interfaces:/opt/ros/humble:/opt/ros/humble LD_LIBRARY_PATH=/home/aajaer/microros_ws/install/sensor_msgs/lib:/home/aajaer/microros_ws/install/geometry_msgs/lib:/home/aajaer/microros_ws/install/std_msgs/lib:/home/aajaer/microros_ws/install/builtin_interfaces/lib:/opt/ros/humble/opt/rviz_ogre_vendor/lib:/opt/ros/humble/lib/aarch64-linux-gnu:/opt/ros/humble/lib PYTHONPATH=/home/aajaer/microros_ws/install/sensor_msgs/local/lib/python3.10/dist-packages:/home/aajaer/microros_ws/install/geometry_msgs/local/lib/python3.10/dist-packages:/home/aajaer/microros_ws/install/std_msgs/local/lib/python3.10/dist-packages:/home/aajaer/microros_ws/install/builtin_interfaces/local/lib/python3.10/dist-packages:${PYTHONPATH} /usr/bin/cmake /home/aajaer/microros_ws/src/ros2/common_interfaces/visualization_msgs -DCMAKE_INSTALL_PREFIX=/home/aajaer/microros_ws/install/visualization_msgs
[4.006s] Invoking command in '/home/aajaer/microros_ws/build/visualization_msgs': AMENT_PREFIX_PATH=/home/aajaer/microros_ws/install/sensor_msgs:/home/aajaer/microros_ws/install/geometry_msgs:/home/aajaer/microros_ws/install/std_msgs:/home/aajaer/microros_ws/install/builtin_interfaces:${AMENT_PREFIX_PATH} CMAKE_PREFIX_PATH=/home/aajaer/microros_ws/install/sensor_msgs:/home/aajaer/microros_ws/install/geometry_msgs:/home/aajaer/microros_ws/install/std_msgs:/home/aajaer/microros_ws/install/builtin_interfaces:/opt/ros/humble:/opt/ros/humble LD_LIBRARY_PATH=/home/aajaer/microros_ws/install/sensor_msgs/lib:/home/aajaer/microros_ws/install/geometry_msgs/lib:/home/aajaer/microros_ws/install/std_msgs/lib:/home/aajaer/microros_ws/install/builtin_interfaces/lib:/opt/ros/humble/opt/rviz_ogre_vendor/lib:/opt/ros/humble/lib/aarch64-linux-gnu:/opt/ros/humble/lib PYTHONPATH=/home/aajaer/microros_ws/install/sensor_msgs/local/lib/python3.10/dist-packages:/home/aajaer/microros_ws/install/geometry_msgs/local/lib/python3.10/dist-packages:/home/aajaer/microros_ws/install/std_msgs/local/lib/python3.10/dist-packages:/home/aajaer/microros_ws/install/builtin_interfaces/local/lib/python3.10/dist-packages:${PYTHONPATH} /usr/bin/cmake --build /home/aajaer/microros_ws/build/visualization_msgs -- -j8 -l8
[4.359s] [35m[1mConsolidate compiler generated dependencies of target visualization_msgs__rosidl_generator_c[0m
[4.426s] [  0%] Built target visualization_msgs__cpp
[4.475s] [ 12%] Built target visualization_msgs__rosidl_generator_c
[4.516s] [ 13%] [34m[1mGenerating C++ type support dispatch for ROS interfaces[0m
[4.538s] [ 13%] Built target ament_cmake_python_symlink_visualization_msgs
[4.594s] [35m[1mConsolidate compiler generated dependencies of target visualization_msgs__rosidl_typesupport_fastrtps_cpp[0m
[4.685s] [35m[1mConsolidate compiler generated dependencies of target visualization_msgs__rosidl_typesupport_introspection_cpp[0m
[4.770s] [ 25%] Built target visualization_msgs__rosidl_typesupport_fastrtps_cpp
[4.794s] [ 37%] Built target visualization_msgs__rosidl_typesupport_introspection_cpp
[4.947s] [35m[1mConsolidate compiler generated dependencies of target visualization_msgs__rosidl_typesupport_fastrtps_c[0m
[5.041s] [ 49%] Built target visualization_msgs__rosidl_typesupport_fastrtps_c
[5.125s] [ 50%] [34m[1mGenerating C type support dispatch for ROS interfaces[0m
[6.089s] running egg_info
[6.091s] writing visualization_msgs.egg-info/PKG-INFO
[6.092s] writing dependency_links to visualization_msgs.egg-info/dependency_links.txt
[6.093s] writing top-level names to visualization_msgs.egg-info/top_level.txt
[6.108s] reading manifest file 'visualization_msgs.egg-info/SOURCES.txt'
[6.115s] writing manifest file 'visualization_msgs.egg-info/SOURCES.txt'
[6.233s] [ 50%] Built target ament_cmake_python_build_visualization_msgs_egg
[6.272s] [35m[1mConsolidate compiler generated dependencies of target visualization_msgs__rosidl_typesupport_introspection_c[0m
[6.308s] [ 62%] Built target visualization_msgs__rosidl_typesupport_introspection_c
[9.969s] [35m[1mConsolidate compiler generated dependencies of target visualization_msgs__rosidl_typesupport_c[0m
[9.997s] [ 63%] [32mBuilding CXX object CMakeFiles/visualization_msgs__rosidl_typesupport_c.dir/rosidl_typesupport_c/visualization_msgs/msg/image_marker__type_support.cpp.o[0m
[9.998s] [ 63%] [32mBuilding CXX object CMakeFiles/visualization_msgs__rosidl_typesupport_c.dir/rosidl_typesupport_c/visualization_msgs/msg/interactive_marker__type_support.cpp.o[0m
[10.069s] [ 64%] [32mBuilding CXX object CMakeFiles/visualization_msgs__rosidl_typesupport_c.dir/rosidl_typesupport_c/visualization_msgs/msg/interactive_marker_update__type_support.cpp.o[0m
[10.071s] [ 65%] [32mBuilding CXX object CMakeFiles/visualization_msgs__rosidl_typesupport_c.dir/rosidl_typesupport_c/visualization_msgs/msg/marker__type_support.cpp.o[0m
[10.142s] [ 67%] [32mBuilding CXX object CMakeFiles/visualization_msgs__rosidl_typesupport_c.dir/rosidl_typesupport_c/visualization_msgs/msg/marker_array__type_support.cpp.o[0m
[10.142s] [ 67%] [32mBuilding CXX object CMakeFiles/visualization_msgs__rosidl_typesupport_c.dir/rosidl_typesupport_c/visualization_msgs/msg/menu_entry__type_support.cpp.o[0m
[10.213s] [ 67%] [32mBuilding CXX object CMakeFiles/visualization_msgs__rosidl_typesupport_c.dir/rosidl_typesupport_c/visualization_msgs/msg/mesh_file__type_support.cpp.o[0m
[10.213s] [ 67%] [32mBuilding CXX object CMakeFiles/visualization_msgs__rosidl_typesupport_c.dir/rosidl_typesupport_c/visualization_msgs/msg/interactive_marker_pose__type_support.cpp.o[0m
[10.283s] [ 69%] [32mBuilding CXX object CMakeFiles/visualization_msgs__rosidl_typesupport_c.dir/rosidl_typesupport_c/visualization_msgs/msg/uv_coordinate__type_support.cpp.o[0m
[10.284s] [ 69%] [32mBuilding CXX object CMakeFiles/visualization_msgs__rosidl_typesupport_c.dir/rosidl_typesupport_c/visualization_msgs/srv/get_interactive_markers__type_support.cpp.o[0m
[10.352s] [ 70%] [32mBuilding CXX object CMakeFiles/visualization_msgs__rosidl_typesupport_c.dir/rosidl_typesupport_c/visualization_msgs/msg/interactive_marker_init__type_support.cpp.o[0m
[10.362s] [ 71%] [32mBuilding CXX object CMakeFiles/visualization_msgs__rosidl_typesupport_c.dir/rosidl_typesupport_c/visualization_msgs/msg/interactive_marker_feedback__type_support.cpp.o[0m
[10.425s] [ 72%] [32mBuilding CXX object CMakeFiles/visualization_msgs__rosidl_typesupport_c.dir/rosidl_typesupport_c/visualization_msgs/msg/interactive_marker_control__type_support.cpp.o[0m
[10.479s] [35m[1mConsolidate compiler generated dependencies of target visualization_msgs__rosidl_typesupport_cpp[0m
[10.495s] [ 73%] [32m[1mLinking CXX shared library libvisualization_msgs__rosidl_typesupport_c.so[0m
[10.519s] [ 75%] [32mBuilding CXX object CMakeFiles/visualization_msgs__rosidl_typesupport_cpp.dir/rosidl_typesupport_cpp/visualization_msgs/msg/image_marker__type_support.cpp.o[0m
[10.519s] [ 75%] [32mBuilding CXX object CMakeFiles/visualization_msgs__rosidl_typesupport_cpp.dir/rosidl_typesupport_cpp/visualization_msgs/msg/interactive_marker__type_support.cpp.o[0m
[10.588s] [ 75%] Built target visualization_msgs__rosidl_typesupport_c
[11.137s] [ 75%] [32mBuilding CXX object CMakeFiles/visualization_msgs__rosidl_typesupport_cpp.dir/rosidl_typesupport_cpp/visualization_msgs/msg/marker__type_support.cpp.o[0m
[11.141s] [ 76%] [32mBuilding CXX object CMakeFiles/visualization_msgs__rosidl_typesupport_cpp.dir/rosidl_typesupport_cpp/visualization_msgs/msg/marker_array__type_support.cpp.o[0m
[11.754s] [ 77%] [32mBuilding CXX object CMakeFiles/visualization_msgs__rosidl_typesupport_cpp.dir/rosidl_typesupport_cpp/visualization_msgs/msg/menu_entry__type_support.cpp.o[0m
[11.778s] [ 78%] [32mBuilding CXX object CMakeFiles/visualization_msgs__rosidl_typesupport_cpp.dir/rosidl_typesupport_cpp/visualization_msgs/msg/mesh_file__type_support.cpp.o[0m
[12.350s] [ 79%] [32mBuilding CXX object CMakeFiles/visualization_msgs__rosidl_typesupport_cpp.dir/rosidl_typesupport_cpp/visualization_msgs/msg/uv_coordinate__type_support.cpp.o[0m
[12.388s] [ 79%] [32mBuilding CXX object CMakeFiles/visualization_msgs__rosidl_typesupport_cpp.dir/rosidl_typesupport_cpp/visualization_msgs/srv/get_interactive_markers__type_support.cpp.o[0m
[12.973s] [ 80%] [32mBuilding CXX object CMakeFiles/visualization_msgs__rosidl_typesupport_cpp.dir/rosidl_typesupport_cpp/visualization_msgs/msg/interactive_marker_update__type_support.cpp.o[0m
[13.009s] [ 81%] [32mBuilding CXX object CMakeFiles/visualization_msgs__rosidl_typesupport_cpp.dir/rosidl_typesupport_cpp/visualization_msgs/msg/interactive_marker_pose__type_support.cpp.o[0m
[13.609s] [ 82%] [32mBuilding CXX object CMakeFiles/visualization_msgs__rosidl_typesupport_cpp.dir/rosidl_typesupport_cpp/visualization_msgs/msg/interactive_marker_init__type_support.cpp.o[0m
[13.624s] [ 83%] [32mBuilding CXX object CMakeFiles/visualization_msgs__rosidl_typesupport_cpp.dir/rosidl_typesupport_cpp/visualization_msgs/msg/interactive_marker_feedback__type_support.cpp.o[0m
[14.226s] [ 83%] [32mBuilding CXX object CMakeFiles/visualization_msgs__rosidl_typesupport_cpp.dir/rosidl_typesupport_cpp/visualization_msgs/msg/interactive_marker_control__type_support.cpp.o[0m
[14.840s] [ 84%] [32m[1mLinking CXX shared library libvisualization_msgs__rosidl_typesupport_cpp.so[0m
[14.924s] [ 84%] Built target visualization_msgs__rosidl_typesupport_cpp
[14.967s] [ 84%] Built target visualization_msgs
[15.224s] [ 85%] Built target visualization_msgs__py
[15.253s] [35m[1mConsolidate compiler generated dependencies of target visualization_msgs__rosidl_generator_py[0m
[15.295s] [ 86%] [32mBuilding C object CMakeFiles/visualization_msgs__rosidl_generator_py.dir/rosidl_generator_py/visualization_msgs/msg/_interactive_marker_s.c.o[0m
[15.296s] [ 87%] [32mBuilding C object CMakeFiles/visualization_msgs__rosidl_generator_py.dir/rosidl_generator_py/visualization_msgs/msg/_image_marker_s.c.o[0m
[15.296s] [ 87%] [32mBuilding C object CMakeFiles/visualization_msgs__rosidl_generator_py.dir/rosidl_generator_py/visualization_msgs/msg/_interactive_marker_control_s.c.o[0m
[15.548s] [ 88%] [32mBuilding C object CMakeFiles/visualization_msgs__rosidl_generator_py.dir/rosidl_generator_py/visualization_msgs/msg/_interactive_marker_update_s.c.o[0m
[15.549s] [ 88%] [32mBuilding C object CMakeFiles/visualization_msgs__rosidl_generator_py.dir/rosidl_generator_py/visualization_msgs/msg/_marker_s.c.o[0m
[15.558s] [ 89%] [32mBuilding C object CMakeFiles/visualization_msgs__rosidl_generator_py.dir/rosidl_generator_py/visualization_msgs/msg/_menu_entry_s.c.o[0m
[15.804s] [ 90%] [32mBuilding C object CMakeFiles/visualization_msgs__rosidl_generator_py.dir/rosidl_generator_py/visualization_msgs/msg/_mesh_file_s.c.o[0m
[15.807s] [ 90%] [32mBuilding C object CMakeFiles/visualization_msgs__rosidl_generator_py.dir/rosidl_generator_py/visualization_msgs/msg/_uv_coordinate_s.c.o[0m
[15.827s] [ 91%] [32mBuilding C object CMakeFiles/visualization_msgs__rosidl_generator_py.dir/rosidl_generator_py/visualization_msgs/srv/_get_interactive_markers_s.c.o[0m
[16.028s] [ 92%] [32mBuilding C object CMakeFiles/visualization_msgs__rosidl_generator_py.dir/rosidl_generator_py/visualization_msgs/msg/_marker_array_s.c.o[0m
[16.047s] [ 93%] [32mBuilding C object CMakeFiles/visualization_msgs__rosidl_generator_py.dir/rosidl_generator_py/visualization_msgs/msg/_interactive_marker_pose_s.c.o[0m
[16.081s] [ 94%] [32mBuilding C object CMakeFiles/visualization_msgs__rosidl_generator_py.dir/rosidl_generator_py/visualization_msgs/msg/_interactive_marker_init_s.c.o[0m
[16.267s] [ 95%] [32mBuilding C object CMakeFiles/visualization_msgs__rosidl_generator_py.dir/rosidl_generator_py/visualization_msgs/msg/_interactive_marker_feedback_s.c.o[0m
[16.504s] [ 96%] [32m[1mLinking C shared library rosidl_generator_py/visualization_msgs/libvisualization_msgs__rosidl_generator_py.so[0m
[16.601s] [ 96%] Built target visualization_msgs__rosidl_generator_py
[16.624s] [35m[1mConsolidate compiler generated dependencies of target visualization_msgs__rosidl_typesupport_fastrtps_c__pyext[0m
[16.624s] [35m[1mConsolidate compiler generated dependencies of target visualization_msgs__rosidl_typesupport_introspection_c__pyext[0m
[16.624s] [35m[1mConsolidate compiler generated dependencies of target visualization_msgs__rosidl_typesupport_c__pyext[0m
[16.653s] [ 98%] [32m[1mLinking C shared library rosidl_generator_py/visualization_msgs/visualization_msgs_s__rosidl_typesupport_fastrtps_c.cpython-310-aarch64-linux-gnu.so[0m
[16.653s] [ 98%] [32mBuilding C object CMakeFiles/visualization_msgs__rosidl_typesupport_introspection_c__pyext.dir/rosidl_generator_py/visualization_msgs/_visualization_msgs_s.ep.rosidl_typesupport_introspection_c.c.o[0m
[16.654s] [ 98%] [32mBuilding C object CMakeFiles/visualization_msgs__rosidl_typesupport_c__pyext.dir/rosidl_generator_py/visualization_msgs/_visualization_msgs_s.ep.rosidl_typesupport_c.c.o[0m
[16.752s] [ 99%] Built target visualization_msgs__rosidl_typesupport_fastrtps_c__pyext
[16.974s] [ 99%] [32m[1mLinking C shared library rosidl_generator_py/visualization_msgs/visualization_msgs_s__rosidl_typesupport_c.cpython-310-aarch64-linux-gnu.so[0m
[16.981s] [100%] [32m[1mLinking C shared library rosidl_generator_py/visualization_msgs/visualization_msgs_s__rosidl_typesupport_introspection_c.cpython-310-aarch64-linux-gnu.so[0m
[17.078s] [100%] Built target visualization_msgs__rosidl_typesupport_c__pyext
[17.087s] [100%] Built target visualization_msgs__rosidl_typesupport_introspection_c__pyext
[17.115s] Invoked command in '/home/aajaer/microros_ws/build/visualization_msgs' returned '0': AMENT_PREFIX_PATH=/home/aajaer/microros_ws/install/sensor_msgs:/home/aajaer/microros_ws/install/geometry_msgs:/home/aajaer/microros_ws/install/std_msgs:/home/aajaer/microros_ws/install/builtin_interfaces:${AMENT_PREFIX_PATH} CMAKE_PREFIX_PATH=/home/aajaer/microros_ws/install/sensor_msgs:/home/aajaer/microros_ws/install/geometry_msgs:/home/aajaer/microros_ws/install/std_msgs:/home/aajaer/microros_ws/install/builtin_interfaces:/opt/ros/humble:/opt/ros/humble LD_LIBRARY_PATH=/home/aajaer/microros_ws/install/sensor_msgs/lib:/home/aajaer/microros_ws/install/geometry_msgs/lib:/home/aajaer/microros_ws/install/std_msgs/lib:/home/aajaer/microros_ws/install/builtin_interfaces/lib:/opt/ros/humble/opt/rviz_ogre_vendor/lib:/opt/ros/humble/lib/aarch64-linux-gnu:/opt/ros/humble/lib PYTHONPATH=/home/aajaer/microros_ws/install/sensor_msgs/local/lib/python3.10/dist-packages:/home/aajaer/microros_ws/install/geometry_msgs/local/lib/python3.10/dist-packages:/home/aajaer/microros_ws/install/std_msgs/local/lib/python3.10/dist-packages:/home/aajaer/microros_ws/install/builtin_interfaces/local/lib/python3.10/dist-packages:${PYTHONPATH} /usr/bin/cmake --build /home/aajaer/microros_ws/build/visualization_msgs -- -j8 -l8
[17.119s] Invoking command in '/home/aajaer/microros_ws/build/visualization_msgs': AMENT_PREFIX_PATH=/home/aajaer/microros_ws/install/sensor_msgs:/home/aajaer/microros_ws/install/geometry_msgs:/home/aajaer/microros_ws/install/std_msgs:/home/aajaer/microros_ws/install/builtin_interfaces:${AMENT_PREFIX_PATH} CMAKE_PREFIX_PATH=/home/aajaer/microros_ws/install/sensor_msgs:/home/aajaer/microros_ws/install/geometry_msgs:/home/aajaer/microros_ws/install/std_msgs:/home/aajaer/microros_ws/install/builtin_interfaces:/opt/ros/humble:/opt/ros/humble LD_LIBRARY_PATH=/home/aajaer/microros_ws/install/sensor_msgs/lib:/home/aajaer/microros_ws/install/geometry_msgs/lib:/home/aajaer/microros_ws/install/std_msgs/lib:/home/aajaer/microros_ws/install/builtin_interfaces/lib:/opt/ros/humble/opt/rviz_ogre_vendor/lib:/opt/ros/humble/lib/aarch64-linux-gnu:/opt/ros/humble/lib PYTHONPATH=/home/aajaer/microros_ws/install/sensor_msgs/local/lib/python3.10/dist-packages:/home/aajaer/microros_ws/install/geometry_msgs/local/lib/python3.10/dist-packages:/home/aajaer/microros_ws/install/std_msgs/local/lib/python3.10/dist-packages:/home/aajaer/microros_ws/install/builtin_interfaces/local/lib/python3.10/dist-packages:${PYTHONPATH} /usr/bin/cmake --install /home/aajaer/microros_ws/build/visualization_msgs
[17.135s] -- Install configuration: ""
[17.136s] -- Execute custom install script
[17.137s] -- Up-to-date symlink: /home/aajaer/microros_ws/install/visualization_msgs/share/ament_index/resource_index/rosidl_interfaces/visualization_msgs
[17.140s] -- Up-to-date symlink: /home/aajaer/microros_ws/install/visualization_msgs/include/visualization_msgs/visualization_msgs/msg/detail/image_marker__functions.h
[17.140s] -- Up-to-date symlink: /home/aajaer/microros_ws/install/visualization_msgs/include/visualization_msgs/visualization_msgs/msg/detail/image_marker__struct.h
[17.141s] -- Up-to-date symlink: /home/aajaer/microros_ws/install/visualization_msgs/include/visualization_msgs/visualization_msgs/msg/detail/image_marker__type_support.h
[17.141s] -- Up-to-date symlink: /home/aajaer/microros_ws/install/visualization_msgs/include/visualization_msgs/visualization_msgs/msg/detail/interactive_marker__functions.h
[17.141s] -- Up-to-date symlink: /home/aajaer/microros_ws/install/visualization_msgs/include/visualization_msgs/visualization_msgs/msg/detail/interactive_marker__struct.h
[17.142s] -- Up-to-date symlink: /home/aajaer/microros_ws/install/visualization_msgs/include/visualization_msgs/visualization_msgs/msg/detail/interactive_marker__type_support.h
[17.142s] -- Up-to-date symlink: /home/aajaer/microros_ws/install/visualization_msgs/include/visualization_msgs/visualization_msgs/msg/detail/interactive_marker_control__functions.h
[17.143s] -- Up-to-date symlink: /home/aajaer/microros_ws/install/visualization_msgs/include/visualization_msgs/visualization_msgs/msg/detail/interactive_marker_control__struct.h
[17.143s] -- Up-to-date symlink: /home/aajaer/microros_ws/install/visualization_msgs/include/visualization_msgs/visualization_msgs/msg/detail/interactive_marker_control__type_support.h
[17.143s] -- Up-to-date symlink: /home/aajaer/microros_ws/install/visualization_msgs/include/visualization_msgs/visualization_msgs/msg/detail/interactive_marker_feedback__functions.h
[17.144s] -- Up-to-date symlink: /home/aajaer/microros_ws/install/visualization_msgs/include/visualization_msgs/visualization_msgs/msg/detail/interactive_marker_feedback__struct.h
[17.144s] -- Up-to-date symlink: /home/aajaer/microros_ws/install/visualization_msgs/include/visualization_msgs/visualization_msgs/msg/detail/interactive_marker_feedback__type_support.h
[17.144s] -- Up-to-date symlink: /home/aajaer/microros_ws/install/visualization_msgs/include/visualization_msgs/visualization_msgs/msg/detail/interactive_marker_init__functions.h
[17.145s] -- Up-to-date symlink: /home/aajaer/microros_ws/install/visualization_msgs/include/visualization_msgs/visualization_msgs/msg/detail/interactive_marker_init__struct.h
[17.145s] -- Up-to-date symlink: /home/aajaer/microros_ws/install/visualization_msgs/include/visualization_msgs/visualization_msgs/msg/detail/interactive_marker_init__type_support.h
[17.146s] -- Up-to-date symlink: /home/aajaer/microros_ws/install/visualization_msgs/include/visualization_msgs/visualization_msgs/msg/detail/interactive_marker_pose__functions.h
[17.146s] -- Up-to-date symlink: /home/aajaer/microros_ws/install/visualization_msgs/include/visualization_msgs/visualization_msgs/msg/detail/interactive_marker_pose__struct.h
[17.146s] -- Up-to-date symlink: /home/aajaer/microros_ws/install/visualization_msgs/include/visualization_msgs/visualization_msgs/msg/detail/interactive_marker_pose__type_support.h
[17.147s] -- Up-to-date symlink: /home/aajaer/microros_ws/install/visualization_msgs/include/visualization_msgs/visualization_msgs/msg/detail/interactive_marker_update__functions.h
[17.147s] -- Up-to-date symlink: /home/aajaer/microros_ws/install/visualization_msgs/include/visualization_msgs/visualization_msgs/msg/detail/interactive_marker_update__struct.h
[17.148s] -- Up-to-date symlink: /home/aajaer/microros_ws/install/visualization_msgs/include/visualization_msgs/visualization_msgs/msg/detail/interactive_marker_update__type_support.h
[17.148s] -- Up-to-date symlink: /home/aajaer/microros_ws/install/visualization_msgs/include/visualization_msgs/visualization_msgs/msg/detail/marker__functions.h
[17.148s] -- Up-to-date symlink: /home/aajaer/microros_ws/install/visualization_msgs/include/visualization_msgs/visualization_msgs/msg/detail/marker__struct.h
[17.149s] -- Up-to-date symlink: /home/aajaer/microros_ws/install/visualization_msgs/include/visualization_msgs/visualization_msgs/msg/detail/marker__type_support.h
[17.149s] -- Up-to-date symlink: /home/aajaer/microros_ws/install/visualization_msgs/include/visualization_msgs/visualization_msgs/msg/detail/marker_array__functions.h
[17.149s] -- Up-to-date symlink: /home/aajaer/microros_ws/install/visualization_msgs/include/visualization_msgs/visualization_msgs/msg/detail/marker_array__struct.h
[17.149s] -- Up-to-date symlink: /home/aajaer/microros_ws/install/visualization_msgs/include/visualization_msgs/visualization_msgs/msg/detail/marker_array__type_support.h
[17.150s] -- Up-to-date symlink: /home/aajaer/microros_ws/install/visualization_msgs/include/visualization_msgs/visualization_msgs/msg/detail/menu_entry__functions.h
[17.150s] -- Up-to-date symlink: /home/aajaer/microros_ws/install/visualization_msgs/include/visualization_msgs/visualization_msgs/msg/detail/menu_entry__struct.h
[17.150s] -- Up-to-date symlink: /home/aajaer/microros_ws/install/visualization_msgs/include/visualization_msgs/visualization_msgs/msg/detail/menu_entry__type_support.h
[17.151s] -- Up-to-date symlink: /home/aajaer/microros_ws/install/visualization_msgs/include/visualization_msgs/visualization_msgs/msg/detail/mesh_file__functions.h
[17.151s] -- Up-to-date symlink: /home/aajaer/microros_ws/install/visualization_msgs/include/visualization_msgs/visualization_msgs/msg/detail/mesh_file__struct.h
[17.152s] -- Up-to-date symlink: /home/aajaer/microros_ws/install/visualization_msgs/include/visualization_msgs/visualization_msgs/msg/detail/mesh_file__type_support.h
[17.152s] -- Up-to-date symlink: /home/aajaer/microros_ws/install/visualization_msgs/include/visualization_msgs/visualization_msgs/msg/detail/uv_coordinate__functions.h
[17.152s] -- Up-to-date symlink: /home/aajaer/microros_ws/install/visualization_msgs/include/visualization_msgs/visualization_msgs/msg/detail/uv_coordinate__struct.h
[17.152s] -- Up-to-date symlink: /home/aajaer/microros_ws/install/visualization_msgs/include/visualization_msgs/visualization_msgs/msg/detail/uv_coordinate__type_support.h
[17.153s] -- Up-to-date symlink: /home/aajaer/microros_ws/install/visualization_msgs/include/visualization_msgs/visualization_msgs/msg/image_marker.h
[17.153s] -- Up-to-date symlink: /home/aajaer/microros_ws/install/visualization_msgs/include/visualization_msgs/visualization_msgs/msg/interactive_marker.h
[17.153s] -- Up-to-date symlink: /home/aajaer/microros_ws/install/visualization_msgs/include/visualization_msgs/visualization_msgs/msg/interactive_marker_control.h
[17.153s] -- Up-to-date symlink: /home/aajaer/microros_ws/install/visualization_msgs/include/visualization_msgs/visualization_msgs/msg/interactive_marker_feedback.h
[17.154s] -- Up-to-date symlink: /home/aajaer/microros_ws/install/visualization_msgs/include/visualization_msgs/visualization_msgs/msg/interactive_marker_init.h
[17.154s] -- Up-to-date symlink: /home/aajaer/microros_ws/install/visualization_msgs/include/visualization_msgs/visualization_msgs/msg/interactive_marker_pose.h
[17.154s] -- Up-to-date symlink: /home/aajaer/microros_ws/install/visualization_msgs/include/visualization_msgs/visualization_msgs/msg/interactive_marker_update.h
[17.155s] -- Up-to-date symlink: /home/aajaer/microros_ws/install/visualization_msgs/include/visualization_msgs/visualization_msgs/msg/marker.h
[17.155s] -- Up-to-date symlink: /home/aajaer/microros_ws/install/visualization_msgs/include/visualization_msgs/visualization_msgs/msg/marker_array.h
[17.155s] -- Up-to-date symlink: /home/aajaer/microros_ws/install/visualization_msgs/include/visualization_msgs/visualization_msgs/msg/menu_entry.h
[17.155s] -- Up-to-date symlink: /home/aajaer/microros_ws/install/visualization_msgs/include/visualization_msgs/visualization_msgs/msg/mesh_file.h
[17.156s] -- Up-to-date symlink: /home/aajaer/microros_ws/install/visualization_msgs/include/visualization_msgs/visualization_msgs/msg/rosidl_generator_c__visibility_control.h
[17.156s] -- Up-to-date symlink: /home/aajaer/microros_ws/install/visualization_msgs/include/visualization_msgs/visualization_msgs/msg/uv_coordinate.h
[17.157s] -- Up-to-date symlink: /home/aajaer/microros_ws/install/visualization_msgs/include/visualization_msgs/visualization_msgs/srv/detail/get_interactive_markers__functions.h
[17.157s] -- Up-to-date symlink: /home/aajaer/microros_ws/install/visualization_msgs/include/visualization_msgs/visualization_msgs/srv/detail/get_interactive_markers__struct.h
[17.157s] -- Up-to-date symlink: /home/aajaer/microros_ws/install/visualization_msgs/include/visualization_msgs/visualization_msgs/srv/detail/get_interactive_markers__type_support.h
[17.157s] -- Up-to-date symlink: /home/aajaer/microros_ws/install/visualization_msgs/include/visualization_msgs/visualization_msgs/srv/get_interactive_markers.h
[17.158s] -- Up-to-date symlink: /home/aajaer/microros_ws/install/visualization_msgs/share/visualization_msgs/environment/library_path.sh
[17.158s] -- Up-to-date symlink: /home/aajaer/microros_ws/install/visualization_msgs/share/visualization_msgs/environment/library_path.dsv
[17.160s] -- Up-to-date symlink: /home/aajaer/microros_ws/install/visualization_msgs/include/visualization_msgs/visualization_msgs/msg/detail/image_marker__rosidl_typesupport_fastrtps_c.h
[17.161s] -- Up-to-date symlink: /home/aajaer/microros_ws/install/visualization_msgs/include/visualization_msgs/visualization_msgs/msg/detail/interactive_marker__rosidl_typesupport_fastrtps_c.h
[17.161s] -- Up-to-date symlink: /home/aajaer/microros_ws/install/visualization_msgs/include/visualization_msgs/visualization_msgs/msg/detail/interactive_marker_control__rosidl_typesupport_fastrtps_c.h
[17.161s] -- Up-to-date symlink: /home/aajaer/microros_ws/install/visualization_msgs/include/visualization_msgs/visualization_msgs/msg/detail/interactive_marker_feedback__rosidl_typesupport_fastrtps_c.h
[17.161s] -- Up-to-date symlink: /home/aajaer/microros_ws/install/visualization_msgs/include/visualization_msgs/visualization_msgs/msg/detail/interactive_marker_init__rosidl_typesupport_fastrtps_c.h
[17.162s] -- Up-to-date symlink: /home/aajaer/microros_ws/install/visualization_msgs/include/visualization_msgs/visualization_msgs/msg/detail/interactive_marker_pose__rosidl_typesupport_fastrtps_c.h
[17.162s] -- Up-to-date symlink: /home/aajaer/microros_ws/install/visualization_msgs/include/visualization_msgs/visualization_msgs/msg/detail/interactive_marker_update__rosidl_typesupport_fastrtps_c.h
[17.162s] -- Up-to-date symlink: /home/aajaer/microros_ws/install/visualization_msgs/include/visualization_msgs/visualization_msgs/msg/detail/marker__rosidl_typesupport_fastrtps_c.h
[17.163s] -- Up-to-date symlink: /home/aajaer/microros_ws/install/visualization_msgs/include/visualization_msgs/visualization_msgs/msg/detail/marker_array__rosidl_typesupport_fastrtps_c.h
[17.163s] -- Up-to-date symlink: /home/aajaer/microros_ws/install/visualization_msgs/include/visualization_msgs/visualization_msgs/msg/detail/menu_entry__rosidl_typesupport_fastrtps_c.h
[17.163s] -- Up-to-date symlink: /home/aajaer/microros_ws/install/visualization_msgs/include/visualization_msgs/visualization_msgs/msg/detail/mesh_file__rosidl_typesupport_fastrtps_c.h
[17.164s] -- Up-to-date symlink: /home/aajaer/microros_ws/install/visualization_msgs/include/visualization_msgs/visualization_msgs/msg/detail/uv_coordinate__rosidl_typesupport_fastrtps_c.h
[17.164s] -- Up-to-date symlink: /home/aajaer/microros_ws/install/visualization_msgs/include/visualization_msgs/visualization_msgs/msg/rosidl_typesupport_fastrtps_c__visibility_control.h
[17.164s] -- Up-to-date symlink: /home/aajaer/microros_ws/install/visualization_msgs/include/visualization_msgs/visualization_msgs/srv/detail/get_interactive_markers__rosidl_typesupport_fastrtps_c.h
[17.166s] -- Up-to-date symlink: /home/aajaer/microros_ws/install/visualization_msgs/include/visualization_msgs/visualization_msgs/msg/detail/image_marker__builder.hpp
[17.167s] -- Up-to-date symlink: /home/aajaer/microros_ws/install/visualization_msgs/include/visualization_msgs/visualization_msgs/msg/detail/image_marker__struct.hpp
[17.167s] -- Up-to-date symlink: /home/aajaer/microros_ws/install/visualization_msgs/include/visualization_msgs/visualization_msgs/msg/detail/image_marker__traits.hpp
[17.167s] -- Up-to-date symlink: /home/aajaer/microros_ws/install/visualization_msgs/include/visualization_msgs/visualization_msgs/msg/detail/image_marker__type_support.hpp
[17.167s] -- Up-to-date symlink: /home/aajaer/microros_ws/install/visualization_msgs/include/visualization_msgs/visualization_msgs/msg/detail/interactive_marker__builder.hpp
[17.168s] -- Up-to-date symlink: /home/aajaer/microros_ws/install/visualization_msgs/include/visualization_msgs/visualization_msgs/msg/detail/interactive_marker__struct.hpp
[17.168s] -- Up-to-date symlink: /home/aajaer/microros_ws/install/visualization_msgs/include/visualization_msgs/visualization_msgs/msg/detail/interactive_marker__traits.hpp
[17.168s] -- Up-to-date symlink: /home/aajaer/microros_ws/install/visualization_msgs/include/visualization_msgs/visualization_msgs/msg/detail/interactive_marker__type_support.hpp
[17.169s] -- Up-to-date symlink: /home/aajaer/microros_ws/install/visualization_msgs/include/visualization_msgs/visualization_msgs/msg/detail/interactive_marker_control__builder.hpp
[17.169s] -- Up-to-date symlink: /home/aajaer/microros_ws/install/visualization_msgs/include/visualization_msgs/visualization_msgs/msg/detail/interactive_marker_control__struct.hpp
[17.169s] -- Up-to-date symlink: /home/aajaer/microros_ws/install/visualization_msgs/include/visualization_msgs/visualization_msgs/msg/detail/interactive_marker_control__traits.hpp
[17.170s] -- Up-to-date symlink: /home/aajaer/microros_ws/install/visualization_msgs/include/visualization_msgs/visualization_msgs/msg/detail/interactive_marker_control__type_support.hpp
[17.170s] -- Up-to-date symlink: /home/aajaer/microros_ws/install/visualization_msgs/include/visualization_msgs/visualization_msgs/msg/detail/interactive_marker_feedback__builder.hpp
[17.170s] -- Up-to-date symlink: /home/aajaer/microros_ws/install/visualization_msgs/include/visualization_msgs/visualization_msgs/msg/detail/interactive_marker_feedback__struct.hpp
[17.170s] -- Up-to-date symlink: /home/aajaer/microros_ws/install/visualization_msgs/include/visualization_msgs/visualization_msgs/msg/detail/interactive_marker_feedback__traits.hpp
[17.171s] -- Up-to-date symlink: /home/aajaer/microros_ws/install/visualization_msgs/include/visualization_msgs/visualization_msgs/msg/detail/interactive_marker_feedback__type_support.hpp
[17.171s] -- Up-to-date symlink: /home/aajaer/microros_ws/install/visualization_msgs/include/visualization_msgs/visualization_msgs/msg/detail/interactive_marker_init__builder.hpp
[17.172s] -- Up-to-date symlink: /home/aajaer/microros_ws/install/visualization_msgs/include/visualization_msgs/visualization_msgs/msg/detail/interactive_marker_init__struct.hpp
[17.172s] -- Up-to-date symlink: /home/aajaer/microros_ws/install/visualization_msgs/include/visualization_msgs/visualization_msgs/msg/detail/interactive_marker_init__traits.hpp
[17.172s] -- Up-to-date symlink: /home/aajaer/microros_ws/install/visualization_msgs/include/visualization_msgs/visualization_msgs/msg/detail/interactive_marker_init__type_support.hpp
[17.173s] -- Up-to-date symlink: /home/aajaer/microros_ws/install/visualization_msgs/include/visualization_msgs/visualization_msgs/msg/detail/interactive_marker_pose__builder.hpp
[17.173s] -- Up-to-date symlink: /home/aajaer/microros_ws/install/visualization_msgs/include/visualization_msgs/visualization_msgs/msg/detail/interactive_marker_pose__struct.hpp
[17.173s] -- Up-to-date symlink: /home/aajaer/microros_ws/install/visualization_msgs/include/visualization_msgs/visualization_msgs/msg/detail/interactive_marker_pose__traits.hpp
[17.174s] -- Up-to-date symlink: /home/aajaer/microros_ws/install/visualization_msgs/include/visualization_msgs/visualization_msgs/msg/detail/interactive_marker_pose__type_support.hpp
[17.174s] -- Up-to-date symlink: /home/aajaer/microros_ws/install/visualization_msgs/include/visualization_msgs/visualization_msgs/msg/detail/interactive_marker_update__builder.hpp
[17.174s] -- Up-to-date symlink: /home/aajaer/microros_ws/install/visualization_msgs/include/visualization_msgs/visualization_msgs/msg/detail/interactive_marker_update__struct.hpp
[17.174s] -- Up-to-date symlink: /home/aajaer/microros_ws/install/visualization_msgs/include/visualization_msgs/visualization_msgs/msg/detail/interactive_marker_update__traits.hpp
[17.175s] -- Up-to-date symlink: /home/aajaer/microros_ws/install/visualization_msgs/include/visualization_msgs/visualization_msgs/msg/detail/interactive_marker_update__type_support.hpp
[17.175s] -- Up-to-date symlink: /home/aajaer/microros_ws/install/visualization_msgs/include/visualization_msgs/visualization_msgs/msg/detail/marker__builder.hpp
[17.175s] -- Up-to-date symlink: /home/aajaer/microros_ws/install/visualization_msgs/include/visualization_msgs/visualization_msgs/msg/detail/marker__struct.hpp
[17.176s] -- Up-to-date symlink: /home/aajaer/microros_ws/install/visualization_msgs/include/visualization_msgs/visualization_msgs/msg/detail/marker__traits.hpp
[17.176s] -- Up-to-date symlink: /home/aajaer/microros_ws/install/visualization_msgs/include/visualization_msgs/visualization_msgs/msg/detail/marker__type_support.hpp
[17.176s] -- Up-to-date symlink: /home/aajaer/microros_ws/install/visualization_msgs/include/visualization_msgs/visualization_msgs/msg/detail/marker_array__builder.hpp
[17.177s] -- Up-to-date symlink: /home/aajaer/microros_ws/install/visualization_msgs/include/visualization_msgs/visualization_msgs/msg/detail/marker_array__struct.hpp
[17.177s] -- Up-to-date symlink: /home/aajaer/microros_ws/install/visualization_msgs/include/visualization_msgs/visualization_msgs/msg/detail/marker_array__traits.hpp
[17.177s] -- Up-to-date symlink: /home/aajaer/microros_ws/install/visualization_msgs/include/visualization_msgs/visualization_msgs/msg/detail/marker_array__type_support.hpp
[17.177s] -- Up-to-date symlink: /home/aajaer/microros_ws/install/visualization_msgs/include/visualization_msgs/visualization_msgs/msg/detail/menu_entry__builder.hpp
[17.178s] -- Up-to-date symlink: /home/aajaer/microros_ws/install/visualization_msgs/include/visualization_msgs/visualization_msgs/msg/detail/menu_entry__struct.hpp
[17.178s] -- Up-to-date symlink: /home/aajaer/microros_ws/install/visualization_msgs/include/visualization_msgs/visualization_msgs/msg/detail/menu_entry__traits.hpp
[17.178s] -- Up-to-date symlink: /home/aajaer/microros_ws/install/visualization_msgs/include/visualization_msgs/visualization_msgs/msg/detail/menu_entry__type_support.hpp
[17.179s] -- Up-to-date symlink: /home/aajaer/microros_ws/install/visualization_msgs/include/visualization_msgs/visualization_msgs/msg/detail/mesh_file__builder.hpp
[17.179s] -- Up-to-date symlink: /home/aajaer/microros_ws/install/visualization_msgs/include/visualization_msgs/visualization_msgs/msg/detail/mesh_file__struct.hpp
[17.179s] -- Up-to-date symlink: /home/aajaer/microros_ws/install/visualization_msgs/include/visualization_msgs/visualization_msgs/msg/detail/mesh_file__traits.hpp
[17.180s] -- Up-to-date symlink: /home/aajaer/microros_ws/install/visualization_msgs/include/visualization_msgs/visualization_msgs/msg/detail/mesh_file__type_support.hpp
[17.180s] -- Up-to-date symlink: /home/aajaer/microros_ws/install/visualization_msgs/include/visualization_msgs/visualization_msgs/msg/detail/uv_coordinate__builder.hpp
[17.180s] -- Up-to-date symlink: /home/aajaer/microros_ws/install/visualization_msgs/include/visualization_msgs/visualization_msgs/msg/detail/uv_coordinate__struct.hpp
[17.180s] -- Up-to-date symlink: /home/aajaer/microros_ws/install/visualization_msgs/include/visualization_msgs/visualization_msgs/msg/detail/uv_coordinate__traits.hpp
[17.181s] -- Up-to-date symlink: /home/aajaer/microros_ws/install/visualization_msgs/include/visualization_msgs/visualization_msgs/msg/detail/uv_coordinate__type_support.hpp
[17.181s] -- Up-to-date symlink: /home/aajaer/microros_ws/install/visualization_msgs/include/visualization_msgs/visualization_msgs/msg/image_marker.hpp
[17.181s] -- Up-to-date symlink: /home/aajaer/microros_ws/install/visualization_msgs/include/visualization_msgs/visualization_msgs/msg/interactive_marker.hpp
[17.182s] -- Up-to-date symlink: /home/aajaer/microros_ws/install/visualization_msgs/include/visualization_msgs/visualization_msgs/msg/interactive_marker_control.hpp
[17.182s] -- Up-to-date symlink: /home/aajaer/microros_ws/install/visualization_msgs/include/visualization_msgs/visualization_msgs/msg/interactive_marker_feedback.hpp
[17.182s] -- Up-to-date symlink: /home/aajaer/microros_ws/install/visualization_msgs/include/visualization_msgs/visualization_msgs/msg/interactive_marker_init.hpp
[17.182s] -- Up-to-date symlink: /home/aajaer/microros_ws/install/visualization_msgs/include/visualization_msgs/visualization_msgs/msg/interactive_marker_pose.hpp
[17.183s] -- Up-to-date symlink: /home/aajaer/microros_ws/install/visualization_msgs/include/visualization_msgs/visualization_msgs/msg/interactive_marker_update.hpp
[17.183s] -- Up-to-date symlink: /home/aajaer/microros_ws/install/visualization_msgs/include/visualization_msgs/visualization_msgs/msg/marker.hpp
[17.183s] -- Up-to-date symlink: /home/aajaer/microros_ws/install/visualization_msgs/include/visualization_msgs/visualization_msgs/msg/marker_array.hpp
[17.184s] -- Up-to-date symlink: /home/aajaer/microros_ws/install/visualization_msgs/include/visualization_msgs/visualization_msgs/msg/menu_entry.hpp
[17.184s] -- Up-to-date symlink: /home/aajaer/microros_ws/install/visualization_msgs/include/visualization_msgs/visualization_msgs/msg/mesh_file.hpp
[17.184s] -- Up-to-date symlink: /home/aajaer/microros_ws/install/visualization_msgs/include/visualization_msgs/visualization_msgs/msg/rosidl_generator_cpp__visibility_control.hpp
[17.184s] -- Up-to-date symlink: /home/aajaer/microros_ws/install/visualization_msgs/include/visualization_msgs/visualization_msgs/msg/uv_coordinate.hpp
[17.185s] -- Up-to-date symlink: /home/aajaer/microros_ws/install/visualization_msgs/include/visualization_msgs/visualization_msgs/srv/detail/get_interactive_markers__builder.hpp
[17.185s] -- Up-to-date symlink: /home/aajaer/microros_ws/install/visualization_msgs/include/visualization_msgs/visualization_msgs/srv/detail/get_interactive_markers__struct.hpp
[17.185s] -- Up-to-date symlink: /home/aajaer/microros_ws/install/visualization_msgs/include/visualization_msgs/visualization_msgs/srv/detail/get_interactive_markers__traits.hpp
[17.186s] -- Up-to-date symlink: /home/aajaer/microros_ws/install/visualization_msgs/include/visualization_msgs/visualization_msgs/srv/detail/get_interactive_markers__type_support.hpp
[17.186s] -- Up-to-date symlink: /home/aajaer/microros_ws/install/visualization_msgs/include/visualization_msgs/visualization_msgs/srv/get_interactive_markers.hpp
[17.189s] -- Up-to-date symlink: /home/aajaer/microros_ws/install/visualization_msgs/include/visualization_msgs/visualization_msgs/msg/detail/image_marker__rosidl_typesupport_fastrtps_cpp.hpp
[17.189s] -- Up-to-date symlink: /home/aajaer/microros_ws/install/visualization_msgs/include/visualization_msgs/visualization_msgs/msg/detail/interactive_marker__rosidl_typesupport_fastrtps_cpp.hpp
[17.189s] -- Up-to-date symlink: /home/aajaer/microros_ws/install/visualization_msgs/include/visualization_msgs/visualization_msgs/msg/detail/interactive_marker_control__rosidl_typesupport_fastrtps_cpp.hpp
[17.190s] -- Up-to-date symlink: /home/aajaer/microros_ws/install/visualization_msgs/include/visualization_msgs/visualization_msgs/msg/detail/interactive_marker_feedback__rosidl_typesupport_fastrtps_cpp.hpp
[17.190s] -- Up-to-date symlink: /home/aajaer/microros_ws/install/visualization_msgs/include/visualization_msgs/visualization_msgs/msg/detail/interactive_marker_init__rosidl_typesupport_fastrtps_cpp.hpp
[17.191s] -- Up-to-date symlink: /home/aajaer/microros_ws/install/visualization_msgs/include/visualization_msgs/visualization_msgs/msg/detail/interactive_marker_pose__rosidl_typesupport_fastrtps_cpp.hpp
[17.191s] -- Up-to-date symlink: /home/aajaer/microros_ws/install/visualization_msgs/include/visualization_msgs/visualization_msgs/msg/detail/interactive_marker_update__rosidl_typesupport_fastrtps_cpp.hpp
[17.191s] -- Up-to-date symlink: /home/aajaer/microros_ws/install/visualization_msgs/include/visualization_msgs/visualization_msgs/msg/detail/marker__rosidl_typesupport_fastrtps_cpp.hpp
[17.191s] -- Up-to-date symlink: /home/aajaer/microros_ws/install/visualization_msgs/include/visualization_msgs/visualization_msgs/msg/detail/marker_array__rosidl_typesupport_fastrtps_cpp.hpp
[17.192s] -- Up-to-date symlink: /home/aajaer/microros_ws/install/visualization_msgs/include/visualization_msgs/visualization_msgs/msg/detail/menu_entry__rosidl_typesupport_fastrtps_cpp.hpp
[17.193s] -- Up-to-date symlink: /home/aajaer/microros_ws/install/visualization_msgs/include/visualization_msgs/visualization_msgs/msg/detail/mesh_file__rosidl_typesupport_fastrtps_cpp.hpp
[17.193s] -- Up-to-date symlink: /home/aajaer/microros_ws/install/visualization_msgs/include/visualization_msgs/visualization_msgs/msg/detail/uv_coordinate__rosidl_typesupport_fastrtps_cpp.hpp
[17.193s] -- Up-to-date symlink: /home/aajaer/microros_ws/install/visualization_msgs/include/visualization_msgs/visualization_msgs/msg/rosidl_typesupport_fastrtps_cpp__visibility_control.h
[17.194s] -- Up-to-date symlink: /home/aajaer/microros_ws/install/visualization_msgs/include/visualization_msgs/visualization_msgs/srv/detail/get_interactive_markers__rosidl_typesupport_fastrtps_cpp.hpp
[17.194s] -- Up-to-date symlink: /home/aajaer/microros_ws/install/visualization_msgs/include/visualization_msgs/visualization_msgs/msg/detail/image_marker__rosidl_typesupport_introspection_c.h
[17.195s] -- Up-to-date symlink: /home/aajaer/microros_ws/install/visualization_msgs/include/visualization_msgs/visualization_msgs/msg/detail/interactive_marker__rosidl_typesupport_introspection_c.h
[17.195s] -- Up-to-date symlink: /home/aajaer/microros_ws/install/visualization_msgs/include/visualization_msgs/visualization_msgs/msg/detail/interactive_marker_control__rosidl_typesupport_introspection_c.h
[17.195s] -- Up-to-date symlink: /home/aajaer/microros_ws/install/visualization_msgs/include/visualization_msgs/visualization_msgs/msg/detail/interactive_marker_feedback__rosidl_typesupport_introspection_c.h
[17.195s] -- Up-to-date symlink: /home/aajaer/microros_ws/install/visualization_msgs/include/visualization_msgs/visualization_msgs/msg/detail/interactive_marker_init__rosidl_typesupport_introspection_c.h
[17.198s] -- Up-to-date symlink: /home/aajaer/microros_ws/install/visualization_msgs/include/visualization_msgs/visualization_msgs/msg/detail/interactive_marker_pose__rosidl_typesupport_introspection_c.h
[17.198s] -- Up-to-date symlink: /home/aajaer/microros_ws/install/visualization_msgs/include/visualization_msgs/visualization_msgs/msg/detail/interactive_marker_update__rosidl_typesupport_introspection_c.h
[17.199s] -- Up-to-date symlink: /home/aajaer/microros_ws/install/visualization_msgs/include/visualization_msgs/visualization_msgs/msg/detail/marker__rosidl_typesupport_introspection_c.h
[17.199s] -- Up-to-date symlink: /home/aajaer/microros_ws/install/visualization_msgs/include/visualization_msgs/visualization_msgs/msg/detail/marker_array__rosidl_typesupport_introspection_c.h
[17.199s] -- Up-to-date symlink: /home/aajaer/microros_ws/install/visualization_msgs/include/visualization_msgs/visualization_msgs/msg/detail/menu_entry__rosidl_typesupport_introspection_c.h
[17.199s] -- Up-to-date symlink: /home/aajaer/microros_ws/install/visualization_msgs/include/visualization_msgs/visualization_msgs/msg/detail/mesh_file__rosidl_typesupport_introspection_c.h
[17.199s] -- Up-to-date symlink: /home/aajaer/microros_ws/install/visualization_msgs/include/visualization_msgs/visualization_msgs/msg/detail/uv_coordinate__rosidl_typesupport_introspection_c.h
[17.199s] -- Up-to-date symlink: /home/aajaer/microros_ws/install/visualization_msgs/include/visualization_msgs/visualization_msgs/msg/rosidl_typesupport_introspection_c__visibility_control.h
[17.199s] -- Up-to-date symlink: /home/aajaer/microros_ws/install/visualization_msgs/include/visualization_msgs/visualization_msgs/srv/detail/get_interactive_markers__rosidl_typesupport_introspection_c.h
[17.199s] -- Up-to-date symlink: /home/aajaer/microros_ws/install/visualization_msgs/include/visualization_msgs/visualization_msgs/msg/detail/image_marker__rosidl_typesupport_introspection_cpp.hpp
[17.200s] -- Up-to-date symlink: /home/aajaer/microros_ws/install/visualization_msgs/include/visualization_msgs/visualization_msgs/msg/detail/interactive_marker__rosidl_typesupport_introspection_cpp.hpp
[17.200s] -- Up-to-date symlink: /home/aajaer/microros_ws/install/visualization_msgs/include/visualization_msgs/visualization_msgs/msg/detail/interactive_marker_control__rosidl_typesupport_introspection_cpp.hpp
[17.200s] -- Up-to-date symlink: /home/aajaer/microros_ws/install/visualization_msgs/include/visualization_msgs/visualization_msgs/msg/detail/interactive_marker_feedback__rosidl_typesupport_introspection_cpp.hpp
[17.201s] -- Up-to-date symlink: /home/aajaer/microros_ws/install/visualization_msgs/include/visualization_msgs/visualization_msgs/msg/detail/interactive_marker_init__rosidl_typesupport_introspection_cpp.hpp
[17.201s] -- Up-to-date symlink: /home/aajaer/microros_ws/install/visualization_msgs/include/visualization_msgs/visualization_msgs/msg/detail/interactive_marker_pose__rosidl_typesupport_introspection_cpp.hpp
[17.201s] -- Up-to-date symlink: /home/aajaer/microros_ws/install/visualization_msgs/include/visualization_msgs/visualization_msgs/msg/detail/interactive_marker_update__rosidl_typesupport_introspection_cpp.hpp
[17.202s] -- Up-to-date symlink: /home/aajaer/microros_ws/install/visualization_msgs/include/visualization_msgs/visualization_msgs/msg/detail/marker__rosidl_typesupport_introspection_cpp.hpp
[17.202s] -- Up-to-date symlink: /home/aajaer/microros_ws/install/visualization_msgs/include/visualization_msgs/visualization_msgs/msg/detail/marker_array__rosidl_typesupport_introspection_cpp.hpp
[17.202s] -- Up-to-date symlink: /home/aajaer/microros_ws/install/visualization_msgs/include/visualization_msgs/visualization_msgs/msg/detail/menu_entry__rosidl_typesupport_introspection_cpp.hpp
[17.202s] -- Up-to-date symlink: /home/aajaer/microros_ws/install/visualization_msgs/include/visualization_msgs/visualization_msgs/msg/detail/mesh_file__rosidl_typesupport_introspection_cpp.hpp
[17.203s] -- Up-to-date symlink: /home/aajaer/microros_ws/install/visualization_msgs/include/visualization_msgs/visualization_msgs/msg/detail/uv_coordinate__rosidl_typesupport_introspection_cpp.hpp
[17.203s] -- Up-to-date symlink: /home/aajaer/microros_ws/install/visualization_msgs/include/visualization_msgs/visualization_msgs/srv/detail/get_interactive_markers__rosidl_typesupport_introspection_cpp.hpp
[17.203s] -- Up-to-date symlink: /home/aajaer/microros_ws/install/visualization_msgs/share/visualization_msgs/environment/pythonpath.sh
[17.204s] -- Up-to-date symlink: /home/aajaer/microros_ws/install/visualization_msgs/share/visualization_msgs/environment/pythonpath.dsv
[17.204s] -- Up-to-date symlink: /home/aajaer/microros_ws/install/visualization_msgs/local/lib/python3.10/dist-packages/visualization_msgs-4.2.4-py3.10.egg-info/PKG-INFO
[17.205s] -- Up-to-date symlink: /home/aajaer/microros_ws/install/visualization_msgs/local/lib/python3.10/dist-packages/visualization_msgs-4.2.4-py3.10.egg-info/SOURCES.txt
[17.205s] -- Up-to-date symlink: /home/aajaer/microros_ws/install/visualization_msgs/local/lib/python3.10/dist-packages/visualization_msgs-4.2.4-py3.10.egg-info/dependency_links.txt
[17.205s] -- Up-to-date symlink: /home/aajaer/microros_ws/install/visualization_msgs/local/lib/python3.10/dist-packages/visualization_msgs-4.2.4-py3.10.egg-info/top_level.txt
[17.207s] -- Up-to-date symlink: /home/aajaer/microros_ws/install/visualization_msgs/local/lib/python3.10/dist-packages/visualization_msgs/__init__.py
[17.208s] -- Up-to-date symlink: /home/aajaer/microros_ws/install/visualization_msgs/local/lib/python3.10/dist-packages/visualization_msgs/_visualization_msgs_s.ep.rosidl_typesupport_c.c
[17.208s] -- Up-to-date symlink: /home/aajaer/microros_ws/install/visualization_msgs/local/lib/python3.10/dist-packages/visualization_msgs/_visualization_msgs_s.ep.rosidl_typesupport_fastrtps_c.c
[17.208s] -- Up-to-date symlink: /home/aajaer/microros_ws/install/visualization_msgs/local/lib/python3.10/dist-packages/visualization_msgs/_visualization_msgs_s.ep.rosidl_typesupport_introspection_c.c
[17.209s] -- Up-to-date symlink: /home/aajaer/microros_ws/install/visualization_msgs/local/lib/python3.10/dist-packages/visualization_msgs/_visualization_msgs_s.ep.rosidl_typesupport_microxrcedds_c.c
[17.209s] -- Up-to-date symlink: /home/aajaer/microros_ws/install/visualization_msgs/local/lib/python3.10/dist-packages/visualization_msgs/libvisualization_msgs__rosidl_generator_py.so
[17.209s] -- Up-to-date symlink: /home/aajaer/microros_ws/install/visualization_msgs/local/lib/python3.10/dist-packages/visualization_msgs/msg/__init__.py
[17.209s] -- Up-to-date symlink: /home/aajaer/microros_ws/install/visualization_msgs/local/lib/python3.10/dist-packages/visualization_msgs/msg/_image_marker.py
[17.210s] -- Up-to-date symlink: /home/aajaer/microros_ws/install/visualization_msgs/local/lib/python3.10/dist-packages/visualization_msgs/msg/_image_marker_s.c
[17.210s] -- Up-to-date symlink: /home/aajaer/microros_ws/install/visualization_msgs/local/lib/python3.10/dist-packages/visualization_msgs/msg/_interactive_marker.py
[17.210s] -- Up-to-date symlink: /home/aajaer/microros_ws/install/visualization_msgs/local/lib/python3.10/dist-packages/visualization_msgs/msg/_interactive_marker_control.py
[17.211s] -- Up-to-date symlink: /home/aajaer/microros_ws/install/visualization_msgs/local/lib/python3.10/dist-packages/visualization_msgs/msg/_interactive_marker_control_s.c
[17.211s] -- Up-to-date symlink: /home/aajaer/microros_ws/install/visualization_msgs/local/lib/python3.10/dist-packages/visualization_msgs/msg/_interactive_marker_feedback.py
[17.211s] -- Up-to-date symlink: /home/aajaer/microros_ws/install/visualization_msgs/local/lib/python3.10/dist-packages/visualization_msgs/msg/_interactive_marker_feedback_s.c
[17.211s] -- Up-to-date symlink: /home/aajaer/microros_ws/install/visualization_msgs/local/lib/python3.10/dist-packages/visualization_msgs/msg/_interactive_marker_init.py
[17.212s] -- Up-to-date symlink: /home/aajaer/microros_ws/install/visualization_msgs/local/lib/python3.10/dist-packages/visualization_msgs/msg/_interactive_marker_init_s.c
[17.212s] -- Up-to-date symlink: /home/aajaer/microros_ws/install/visualization_msgs/local/lib/python3.10/dist-packages/visualization_msgs/msg/_interactive_marker_pose.py
[17.212s] -- Up-to-date symlink: /home/aajaer/microros_ws/install/visualization_msgs/local/lib/python3.10/dist-packages/visualization_msgs/msg/_interactive_marker_pose_s.c
[17.213s] -- Up-to-date symlink: /home/aajaer/microros_ws/install/visualization_msgs/local/lib/python3.10/dist-packages/visualization_msgs/msg/_interactive_marker_s.c
[17.213s] -- Up-to-date symlink: /home/aajaer/microros_ws/install/visualization_msgs/local/lib/python3.10/dist-packages/visualization_msgs/msg/_interactive_marker_update.py
[17.213s] -- Up-to-date symlink: /home/aajaer/microros_ws/install/visualization_msgs/local/lib/python3.10/dist-packages/visualization_msgs/msg/_interactive_marker_update_s.c
[17.213s] -- Up-to-date symlink: /home/aajaer/microros_ws/install/visualization_msgs/local/lib/python3.10/dist-packages/visualization_msgs/msg/_marker.py
[17.214s] -- Up-to-date symlink: /home/aajaer/microros_ws/install/visualization_msgs/local/lib/python3.10/dist-packages/visualization_msgs/msg/_marker_array.py
[17.214s] -- Up-to-date symlink: /home/aajaer/microros_ws/install/visualization_msgs/local/lib/python3.10/dist-packages/visualization_msgs/msg/_marker_array_s.c
[17.214s] -- Up-to-date symlink: /home/aajaer/microros_ws/install/visualization_msgs/local/lib/python3.10/dist-packages/visualization_msgs/msg/_marker_s.c
[17.215s] -- Up-to-date symlink: /home/aajaer/microros_ws/install/visualization_msgs/local/lib/python3.10/dist-packages/visualization_msgs/msg/_menu_entry.py
[17.215s] -- Up-to-date symlink: /home/aajaer/microros_ws/install/visualization_msgs/local/lib/python3.10/dist-packages/visualization_msgs/msg/_menu_entry_s.c
[17.215s] -- Up-to-date symlink: /home/aajaer/microros_ws/install/visualization_msgs/local/lib/python3.10/dist-packages/visualization_msgs/msg/_mesh_file.py
[17.215s] -- Up-to-date symlink: /home/aajaer/microros_ws/install/visualization_msgs/local/lib/python3.10/dist-packages/visualization_msgs/msg/_mesh_file_s.c
[17.216s] -- Up-to-date symlink: /home/aajaer/microros_ws/install/visualization_msgs/local/lib/python3.10/dist-packages/visualization_msgs/msg/_uv_coordinate.py
[17.216s] -- Up-to-date symlink: /home/aajaer/microros_ws/install/visualization_msgs/local/lib/python3.10/dist-packages/visualization_msgs/msg/_uv_coordinate_s.c
[17.216s] -- Up-to-date symlink: /home/aajaer/microros_ws/install/visualization_msgs/local/lib/python3.10/dist-packages/visualization_msgs/srv/__init__.py
[17.217s] -- Up-to-date symlink: /home/aajaer/microros_ws/install/visualization_msgs/local/lib/python3.10/dist-packages/visualization_msgs/srv/_get_interactive_markers.py
[17.217s] -- Up-to-date symlink: /home/aajaer/microros_ws/install/visualization_msgs/local/lib/python3.10/dist-packages/visualization_msgs/srv/_get_interactive_markers_s.c
[17.217s] -- Up-to-date symlink: /home/aajaer/microros_ws/install/visualization_msgs/local/lib/python3.10/dist-packages/visualization_msgs/visualization_msgs_s__rosidl_typesupport_c.cpython-310-aarch64-linux-gnu.so
[17.217s] -- Up-to-date symlink: /home/aajaer/microros_ws/install/visualization_msgs/local/lib/python3.10/dist-packages/visualization_msgs/visualization_msgs_s__rosidl_typesupport_fastrtps_c.cpython-310-aarch64-linux-gnu.so
[17.218s] -- Up-to-date symlink: /home/aajaer/microros_ws/install/visualization_msgs/local/lib/python3.10/dist-packages/visualization_msgs/visualization_msgs_s__rosidl_typesupport_introspection_c.cpython-310-aarch64-linux-gnu.so
[17.218s] -- Up-to-date symlink: /home/aajaer/microros_ws/install/visualization_msgs/local/lib/python3.10/dist-packages/visualization_msgs/visualization_msgs_s__rosidl_typesupport_microxrcedds_c.cpython-310-aarch64-linux-gnu.so
[17.219s] -- Up-to-date symlink: /home/aajaer/microros_ws/install/visualization_msgs/local/lib/python3.10/dist-packages/visualization_msgs/visualization_msgs_s__rosidl_typesupport_fastrtps_c.cpython-310-aarch64-linux-gnu.so
[17.219s] -- Up-to-date symlink: /home/aajaer/microros_ws/install/visualization_msgs/local/lib/python3.10/dist-packages/visualization_msgs/visualization_msgs_s__rosidl_typesupport_introspection_c.cpython-310-aarch64-linux-gnu.so
[17.220s] -- Up-to-date symlink: /home/aajaer/microros_ws/install/visualization_msgs/local/lib/python3.10/dist-packages/visualization_msgs/visualization_msgs_s__rosidl_typesupport_c.cpython-310-aarch64-linux-gnu.so
[17.220s] -- Up-to-date symlink: /home/aajaer/microros_ws/install/visualization_msgs/share/visualization_msgs/msg/ImageMarker.idl
[17.220s] -- Up-to-date symlink: /home/aajaer/microros_ws/install/visualization_msgs/share/visualization_msgs/msg/InteractiveMarker.idl
[17.221s] -- Up-to-date symlink: /home/aajaer/microros_ws/install/visualization_msgs/share/visualization_msgs/msg/InteractiveMarkerControl.idl
[17.221s] -- Up-to-date symlink: /home/aajaer/microros_ws/install/visualization_msgs/share/visualization_msgs/msg/InteractiveMarkerFeedback.idl
[17.222s] -- Up-to-date symlink: /home/aajaer/microros_ws/install/visualization_msgs/share/visualization_msgs/msg/InteractiveMarkerInit.idl
[17.222s] -- Up-to-date symlink: /home/aajaer/microros_ws/install/visualization_msgs/share/visualization_msgs/msg/InteractiveMarkerPose.idl
[17.222s] -- Up-to-date symlink: /home/aajaer/microros_ws/install/visualization_msgs/share/visualization_msgs/msg/InteractiveMarkerUpdate.idl
[17.223s] -- Up-to-date symlink: /home/aajaer/microros_ws/install/visualization_msgs/share/visualization_msgs/msg/Marker.idl
[17.223s] -- Up-to-date symlink: /home/aajaer/microros_ws/install/visualization_msgs/share/visualization_msgs/msg/MarkerArray.idl
[17.223s] -- Up-to-date symlink: /home/aajaer/microros_ws/install/visualization_msgs/share/visualization_msgs/msg/MenuEntry.idl
[17.224s] -- Up-to-date symlink: /home/aajaer/microros_ws/install/visualization_msgs/share/visualization_msgs/msg/MeshFile.idl
[17.224s] -- Up-to-date symlink: /home/aajaer/microros_ws/install/visualization_msgs/share/visualization_msgs/msg/UVCoordinate.idl
[17.224s] -- Up-to-date symlink: /home/aajaer/microros_ws/install/visualization_msgs/share/visualization_msgs/srv/GetInteractiveMarkers.idl
[17.225s] -- Up-to-date symlink: /home/aajaer/microros_ws/install/visualization_msgs/share/visualization_msgs/msg/ImageMarker.msg
[17.225s] -- Up-to-date symlink: /home/aajaer/microros_ws/install/visualization_msgs/share/visualization_msgs/msg/InteractiveMarker.msg
[17.226s] -- Up-to-date symlink: /home/aajaer/microros_ws/install/visualization_msgs/share/visualization_msgs/msg/InteractiveMarkerControl.msg
[17.226s] -- Up-to-date symlink: /home/aajaer/microros_ws/install/visualization_msgs/share/visualization_msgs/msg/InteractiveMarkerFeedback.msg
[17.226s] -- Up-to-date symlink: /home/aajaer/microros_ws/install/visualization_msgs/share/visualization_msgs/msg/InteractiveMarkerInit.msg
[17.227s] -- Up-to-date symlink: /home/aajaer/microros_ws/install/visualization_msgs/share/visualization_msgs/msg/InteractiveMarkerPose.msg
[17.227s] -- Up-to-date symlink: /home/aajaer/microros_ws/install/visualization_msgs/share/visualization_msgs/msg/InteractiveMarkerUpdate.msg
[17.227s] -- Up-to-date symlink: /home/aajaer/microros_ws/install/visualization_msgs/share/visualization_msgs/msg/Marker.msg
[17.228s] -- Up-to-date symlink: /home/aajaer/microros_ws/install/visualization_msgs/share/visualization_msgs/msg/MarkerArray.msg
[17.228s] -- Up-to-date symlink: /home/aajaer/microros_ws/install/visualization_msgs/share/visualization_msgs/msg/MenuEntry.msg
[17.228s] -- Up-to-date symlink: /home/aajaer/microros_ws/install/visualization_msgs/share/visualization_msgs/msg/MeshFile.msg
[17.229s] -- Up-to-date symlink: /home/aajaer/microros_ws/install/visualization_msgs/share/visualization_msgs/msg/UVCoordinate.msg
[17.229s] -- Up-to-date symlink: /home/aajaer/microros_ws/install/visualization_msgs/share/visualization_msgs/srv/GetInteractiveMarkers.srv
[17.229s] -- Up-to-date symlink: /home/aajaer/microros_ws/install/visualization_msgs/share/visualization_msgs/srv/GetInteractiveMarkers_Request.msg
[17.230s] -- Up-to-date symlink: /home/aajaer/microros_ws/install/visualization_msgs/share/visualization_msgs/srv/GetInteractiveMarkers_Response.msg
[17.230s] -- Up-to-date symlink: /home/aajaer/microros_ws/install/visualization_msgs/share/ament_index/resource_index/package_run_dependencies/visualization_msgs
[17.231s] -- Up-to-date symlink: /home/aajaer/microros_ws/install/visualization_msgs/share/ament_index/resource_index/parent_prefix_path/visualization_msgs
[17.231s] -- Up-to-date symlink: /home/aajaer/microros_ws/install/visualization_msgs/share/visualization_msgs/environment/ament_prefix_path.sh
[17.231s] -- Up-to-date symlink: /home/aajaer/microros_ws/install/visualization_msgs/share/visualization_msgs/environment/ament_prefix_path.dsv
[17.232s] -- Up-to-date symlink: /home/aajaer/microros_ws/install/visualization_msgs/share/visualization_msgs/environment/path.sh
[17.232s] -- Up-to-date symlink: /home/aajaer/microros_ws/install/visualization_msgs/share/visualization_msgs/environment/path.dsv
[17.232s] -- Up-to-date symlink: /home/aajaer/microros_ws/install/visualization_msgs/share/visualization_msgs/local_setup.bash
[17.233s] -- Up-to-date symlink: /home/aajaer/microros_ws/install/visualization_msgs/share/visualization_msgs/local_setup.sh
[17.233s] -- Up-to-date symlink: /home/aajaer/microros_ws/install/visualization_msgs/share/visualization_msgs/local_setup.zsh
[17.233s] -- Up-to-date symlink: /home/aajaer/microros_ws/install/visualization_msgs/share/visualization_msgs/local_setup.dsv
[17.233s] -- Symlinking: /home/aajaer/microros_ws/install/visualization_msgs/share/visualization_msgs/package.dsv
[17.252s] -- Up-to-date symlink: /home/aajaer/microros_ws/install/visualization_msgs/share/ament_index/resource_index/packages/visualization_msgs
[17.253s] -- Up-to-date symlink: /home/aajaer/microros_ws/install/visualization_msgs/share/visualization_msgs/cmake/rosidl_cmake-extras.cmake
[17.253s] -- Up-to-date symlink: /home/aajaer/microros_ws/install/visualization_msgs/share/visualization_msgs/cmake/ament_cmake_export_dependencies-extras.cmake
[17.253s] -- Up-to-date symlink: /home/aajaer/microros_ws/install/visualization_msgs/share/visualization_msgs/cmake/ament_cmake_export_include_directories-extras.cmake
[17.254s] -- Up-to-date symlink: /home/aajaer/microros_ws/install/visualization_msgs/share/visualization_msgs/cmake/ament_cmake_export_libraries-extras.cmake
[17.254s] -- Up-to-date symlink: /home/aajaer/microros_ws/install/visualization_msgs/share/visualization_msgs/cmake/ament_cmake_export_targets-extras.cmake
[17.254s] -- Up-to-date symlink: /home/aajaer/microros_ws/install/visualization_msgs/share/visualization_msgs/cmake/rosidl_cmake_export_typesupport_targets-extras.cmake
[17.255s] -- Up-to-date symlink: /home/aajaer/microros_ws/install/visualization_msgs/share/visualization_msgs/cmake/rosidl_cmake_export_typesupport_libraries-extras.cmake
[17.255s] -- Up-to-date symlink: /home/aajaer/microros_ws/install/visualization_msgs/share/visualization_msgs/cmake/visualization_msgsConfig.cmake
[17.255s] -- Up-to-date symlink: /home/aajaer/microros_ws/install/visualization_msgs/share/visualization_msgs/cmake/visualization_msgsConfig-version.cmake
[17.256s] -- Up-to-date symlink: /home/aajaer/microros_ws/install/visualization_msgs/share/visualization_msgs/package.xml
[17.257s] -- Up-to-date: /home/aajaer/microros_ws/install/visualization_msgs/lib/libvisualization_msgs__rosidl_generator_c.so
[17.258s] -- Up-to-date: /home/aajaer/microros_ws/install/visualization_msgs/lib/libvisualization_msgs__rosidl_typesupport_fastrtps_c.so
[17.260s] -- Up-to-date: /home/aajaer/microros_ws/install/visualization_msgs/lib/libvisualization_msgs__rosidl_typesupport_fastrtps_cpp.so
[17.261s] -- Up-to-date: /home/aajaer/microros_ws/install/visualization_msgs/lib/libvisualization_msgs__rosidl_typesupport_introspection_c.so
[17.262s] -- Installing: /home/aajaer/microros_ws/install/visualization_msgs/lib/libvisualization_msgs__rosidl_typesupport_c.so
[17.262s] -- Set runtime path of "/home/aajaer/microros_ws/install/visualization_msgs/lib/libvisualization_msgs__rosidl_typesupport_c.so" to ""
[17.263s] -- Up-to-date: /home/aajaer/microros_ws/install/visualization_msgs/lib/libvisualization_msgs__rosidl_typesupport_introspection_cpp.so
[17.264s] -- Installing: /home/aajaer/microros_ws/install/visualization_msgs/lib/libvisualization_msgs__rosidl_typesupport_cpp.so
[17.264s] -- Set runtime path of "/home/aajaer/microros_ws/install/visualization_msgs/lib/libvisualization_msgs__rosidl_typesupport_cpp.so" to ""
[17.399s] Listing '/home/aajaer/microros_ws/install/visualization_msgs/local/lib/python3.10/dist-packages/visualization_msgs'...
[17.399s] Compiling '/home/aajaer/microros_ws/install/visualization_msgs/local/lib/python3.10/dist-packages/visualization_msgs/__init__.py'...
[17.399s] Listing '/home/aajaer/microros_ws/install/visualization_msgs/local/lib/python3.10/dist-packages/visualization_msgs/msg'...
[17.400s] Compiling '/home/aajaer/microros_ws/install/visualization_msgs/local/lib/python3.10/dist-packages/visualization_msgs/msg/__init__.py'...
[17.400s] Compiling '/home/aajaer/microros_ws/install/visualization_msgs/local/lib/python3.10/dist-packages/visualization_msgs/msg/_image_marker.py'...
[17.400s] Compiling '/home/aajaer/microros_ws/install/visualization_msgs/local/lib/python3.10/dist-packages/visualization_msgs/msg/_interactive_marker.py'...
[17.400s] Compiling '/home/aajaer/microros_ws/install/visualization_msgs/local/lib/python3.10/dist-packages/visualization_msgs/msg/_interactive_marker_control.py'...
[17.400s] Compiling '/home/aajaer/microros_ws/install/visualization_msgs/local/lib/python3.10/dist-packages/visualization_msgs/msg/_interactive_marker_feedback.py'...
[17.400s] Compiling '/home/aajaer/microros_ws/install/visualization_msgs/local/lib/python3.10/dist-packages/visualization_msgs/msg/_interactive_marker_init.py'...
[17.400s] Compiling '/home/aajaer/microros_ws/install/visualization_msgs/local/lib/python3.10/dist-packages/visualization_msgs/msg/_interactive_marker_pose.py'...
[17.401s] Compiling '/home/aajaer/microros_ws/install/visualization_msgs/local/lib/python3.10/dist-packages/visualization_msgs/msg/_interactive_marker_update.py'...
[17.401s] Compiling '/home/aajaer/microros_ws/install/visualization_msgs/local/lib/python3.10/dist-packages/visualization_msgs/msg/_marker.py'...
[17.401s] Compiling '/home/aajaer/microros_ws/install/visualization_msgs/local/lib/python3.10/dist-packages/visualization_msgs/msg/_marker_array.py'...
[17.401s] Compiling '/home/aajaer/microros_ws/install/visualization_msgs/local/lib/python3.10/dist-packages/visualization_msgs/msg/_menu_entry.py'...
[17.401s] Compiling '/home/aajaer/microros_ws/install/visualization_msgs/local/lib/python3.10/dist-packages/visualization_msgs/msg/_mesh_file.py'...
[17.401s] Compiling '/home/aajaer/microros_ws/install/visualization_msgs/local/lib/python3.10/dist-packages/visualization_msgs/msg/_uv_coordinate.py'...
[17.401s] Listing '/home/aajaer/microros_ws/install/visualization_msgs/local/lib/python3.10/dist-packages/visualization_msgs/srv'...
[17.401s] Compiling '/home/aajaer/microros_ws/install/visualization_msgs/local/lib/python3.10/dist-packages/visualization_msgs/srv/__init__.py'...
[17.401s] Compiling '/home/aajaer/microros_ws/install/visualization_msgs/local/lib/python3.10/dist-packages/visualization_msgs/srv/_get_interactive_markers.py'...
[17.415s] -- Installing: /home/aajaer/microros_ws/install/visualization_msgs/lib/libvisualization_msgs__rosidl_generator_py.so
[17.416s] -- Set runtime path of "/home/aajaer/microros_ws/install/visualization_msgs/lib/libvisualization_msgs__rosidl_generator_py.so" to ""
[17.416s] -- Up-to-date: /home/aajaer/microros_ws/install/visualization_msgs/share/visualization_msgs/cmake/export_visualization_msgs__rosidl_generator_cExport.cmake
[17.416s] -- Up-to-date: /home/aajaer/microros_ws/install/visualization_msgs/share/visualization_msgs/cmake/export_visualization_msgs__rosidl_generator_cExport-noconfig.cmake
[17.417s] -- Up-to-date: /home/aajaer/microros_ws/install/visualization_msgs/share/visualization_msgs/cmake/export_visualization_msgs__rosidl_typesupport_fastrtps_cExport.cmake
[17.417s] -- Up-to-date: /home/aajaer/microros_ws/install/visualization_msgs/share/visualization_msgs/cmake/export_visualization_msgs__rosidl_typesupport_fastrtps_cExport-noconfig.cmake
[17.417s] -- Up-to-date: /home/aajaer/microros_ws/install/visualization_msgs/share/visualization_msgs/cmake/export_visualization_msgs__rosidl_generator_cppExport.cmake
[17.418s] -- Up-to-date: /home/aajaer/microros_ws/install/visualization_msgs/share/visualization_msgs/cmake/export_visualization_msgs__rosidl_typesupport_fastrtps_cppExport.cmake
[17.418s] -- Up-to-date: /home/aajaer/microros_ws/install/visualization_msgs/share/visualization_msgs/cmake/export_visualization_msgs__rosidl_typesupport_fastrtps_cppExport-noconfig.cmake
[17.418s] -- Up-to-date: /home/aajaer/microros_ws/install/visualization_msgs/share/visualization_msgs/cmake/visualization_msgs__rosidl_typesupport_introspection_cExport.cmake
[17.418s] -- Up-to-date: /home/aajaer/microros_ws/install/visualization_msgs/share/visualization_msgs/cmake/visualization_msgs__rosidl_typesupport_introspection_cExport-noconfig.cmake
[17.418s] -- Up-to-date: /home/aajaer/microros_ws/install/visualization_msgs/share/visualization_msgs/cmake/visualization_msgs__rosidl_typesupport_cExport.cmake
[17.419s] -- Up-to-date: /home/aajaer/microros_ws/install/visualization_msgs/share/visualization_msgs/cmake/visualization_msgs__rosidl_typesupport_cExport-noconfig.cmake
[17.419s] -- Up-to-date: /home/aajaer/microros_ws/install/visualization_msgs/share/visualization_msgs/cmake/visualization_msgs__rosidl_typesupport_introspection_cppExport.cmake
[17.419s] -- Up-to-date: /home/aajaer/microros_ws/install/visualization_msgs/share/visualization_msgs/cmake/visualization_msgs__rosidl_typesupport_introspection_cppExport-noconfig.cmake
[17.419s] -- Up-to-date: /home/aajaer/microros_ws/install/visualization_msgs/share/visualization_msgs/cmake/visualization_msgs__rosidl_typesupport_cppExport.cmake
[17.419s] -- Up-to-date: /home/aajaer/microros_ws/install/visualization_msgs/share/visualization_msgs/cmake/visualization_msgs__rosidl_typesupport_cppExport-noconfig.cmake
[17.420s] -- Up-to-date: /home/aajaer/microros_ws/install/visualization_msgs/share/visualization_msgs/cmake/export_visualization_msgs__rosidl_generator_pyExport.cmake
[17.420s] -- Up-to-date: /home/aajaer/microros_ws/install/visualization_msgs/share/visualization_msgs/cmake/export_visualization_msgs__rosidl_generator_pyExport-noconfig.cmake
[17.426s] Invoked command in '/home/aajaer/microros_ws/build/visualization_msgs' returned '0': AMENT_PREFIX_PATH=/home/aajaer/microros_ws/install/sensor_msgs:/home/aajaer/microros_ws/install/geometry_msgs:/home/aajaer/microros_ws/install/std_msgs:/home/aajaer/microros_ws/install/builtin_interfaces:${AMENT_PREFIX_PATH} CMAKE_PREFIX_PATH=/home/aajaer/microros_ws/install/sensor_msgs:/home/aajaer/microros_ws/install/geometry_msgs:/home/aajaer/microros_ws/install/std_msgs:/home/aajaer/microros_ws/install/builtin_interfaces:/opt/ros/humble:/opt/ros/humble LD_LIBRARY_PATH=/home/aajaer/microros_ws/install/sensor_msgs/lib:/home/aajaer/microros_ws/install/geometry_msgs/lib:/home/aajaer/microros_ws/install/std_msgs/lib:/home/aajaer/microros_ws/install/builtin_interfaces/lib:/opt/ros/humble/opt/rviz_ogre_vendor/lib:/opt/ros/humble/lib/aarch64-linux-gnu:/opt/ros/humble/lib PYTHONPATH=/home/aajaer/microros_ws/install/sensor_msgs/local/lib/python3.10/dist-packages:/home/aajaer/microros_ws/install/geometry_msgs/local/lib/python3.10/dist-packages:/home/aajaer/microros_ws/install/std_msgs/local/lib/python3.10/dist-packages:/home/aajaer/microros_ws/install/builtin_interfaces/local/lib/python3.10/dist-packages:${PYTHONPATH} /usr/bin/cmake --install /home/aajaer/microros_ws/build/visualization_msgs
