[0.106s] Invoking command in '/home/aajaer/microros_ws/build/micro_ros_msgs': CMAKE_PREFIX_PATH=${CMAKE_PREFIX_PATH}:/home/aajaer/microros_ws/install/sensor_msgs_py:/home/aajaer/microros_ws/install/motor_control_pkg /usr/bin/cmake /home/aajaer/microros_ws/src/uros/micro_ros_msgs -DCMAKE_INSTALL_PREFIX=/home/aajaer/microros_ws/install/micro_ros_msgs
[0.149s] -- Found ament_cmake: 1.3.11 (/opt/ros/humble/share/ament_cmake/cmake)
[0.543s] -- Override CMake install command with custom implementation using symlinks instead of copying resources
[0.558s] -- Found rosidl_default_generators: 1.2.0 (/opt/ros/humble/share/rosidl_default_generators/cmake)
[0.571s] -- Using all available rosidl_typesupport_c: rosidl_typesupport_microxrcedds_c;rosidl_typesupport_fastrtps_c;rosidl_typesupport_introspection_c
[0.576s] -- Found rosidl_adapter: 3.1.6 (/opt/ros/humble/share/rosidl_adapter/cmake)
[0.665s] -- Using all available rosidl_typesupport_cpp: rosidl_typesupport_microxrcedds_cpp;rosidl_typesupport_fastrtps_cpp;rosidl_typesupport_introspection_cpp
[0.724s] -- Found ament_lint_auto: 0.12.11 (/opt/ros/humble/share/ament_lint_auto/cmake)
[1.511s] -- Found ament_cmake_ros: 0.10.0 (/opt/ros/humble/share/ament_cmake_ros/cmake)
[2.285s] -- Using all available rosidl_typesupport_c: rosidl_typesupport_microxrcedds_c;rosidl_typesupport_fastrtps_c;rosidl_typesupport_introspection_c
[3.205s] -- Using all available rosidl_typesupport_cpp: rosidl_typesupport_microxrcedds_cpp;rosidl_typesupport_fastrtps_cpp;rosidl_typesupport_introspection_cpp
[3.279s] -- Found python_cmake_module: 0.10.0 (/opt/ros/humble/share/python_cmake_module/cmake)
[3.350s] -- Using PYTHON_EXECUTABLE: /usr/bin/python3
[3.350s] -- Using PYTHON_INCLUDE_DIRS: /usr/include/python3.10
[3.350s] -- Using PYTHON_LIBRARIES: /usr/lib/aarch64-linux-gnu/libpython3.10.so
[3.426s] -- Added test 'copyright' to check source files copyright and LICENSE
[3.439s] -- Added test 'lint_cmake' to check CMake code style
[3.446s] -- Added test 'xmllint' to check XML markup files
[3.457s] -- Configuring done
[3.556s] -- Generating done
[3.577s] -- Build files have been written to: /home/aajaer/microros_ws/build/micro_ros_msgs
[3.598s] Invoked command in '/home/aajaer/microros_ws/build/micro_ros_msgs' returned '0': CMAKE_PREFIX_PATH=${CMAKE_PREFIX_PATH}:/home/aajaer/microros_ws/install/sensor_msgs_py:/home/aajaer/microros_ws/install/motor_control_pkg /usr/bin/cmake /home/aajaer/microros_ws/src/uros/micro_ros_msgs -DCMAKE_INSTALL_PREFIX=/home/aajaer/microros_ws/install/micro_ros_msgs
[3.602s] Invoking command in '/home/aajaer/microros_ws/build/micro_ros_msgs': CMAKE_PREFIX_PATH=${CMAKE_PREFIX_PATH}:/home/aajaer/microros_ws/install/sensor_msgs_py:/home/aajaer/microros_ws/install/motor_control_pkg /usr/bin/cmake --build /home/aajaer/microros_ws/build/micro_ros_msgs -- -j8 -l8
[3.744s] [35m[1mConsolidate compiler generated dependencies of target micro_ros_msgs__rosidl_generator_c[0m
[3.805s] [  8%] Built target micro_ros_msgs__rosidl_generator_c
[3.850s] [ 10%] Built target micro_ros_msgs__cpp
[3.909s] [ 10%] Built target ament_cmake_python_symlink_micro_ros_msgs
[3.919s] [ 11%] [34m[1mGenerating C type support for eProsima Micro XRCE-DDS[0m
[3.962s] [35m[1mConsolidate compiler generated dependencies of target micro_ros_msgs__rosidl_typesupport_fastrtps_c[0m
[3.980s] [ 13%] [34m[1mGenerating C++ type support for eProsima Micro XRCE-DDS[0m
[3.998s] [35m[1mConsolidate compiler generated dependencies of target micro_ros_msgs__rosidl_typesupport_introspection_c[0m
[4.000s] [ 15%] [34m[1mGenerating C type support dispatch for ROS interfaces[0m
[4.039s] [35m[1mConsolidate compiler generated dependencies of target micro_ros_msgs__rosidl_typesupport_fastrtps_cpp[0m
[4.063s] [35m[1mConsolidate compiler generated dependencies of target micro_ros_msgs__rosidl_typesupport_introspection_cpp[0m
[4.151s] [ 23%] Built target micro_ros_msgs__rosidl_typesupport_fastrtps_c
[4.181s] [ 32%] Built target micro_ros_msgs__rosidl_typesupport_introspection_c
[4.211s] [ 40%] Built target micro_ros_msgs__rosidl_typesupport_fastrtps_cpp
[4.241s] [ 49%] Built target micro_ros_msgs__rosidl_typesupport_introspection_cpp
[4.316s] [ 50%] [34m[1mGenerating C++ type support dispatch for ROS interfaces[0m
[6.073s] running egg_info
[6.087s] writing micro_ros_msgs.egg-info/PKG-INFO
[6.089s] writing dependency_links to micro_ros_msgs.egg-info/dependency_links.txt
[6.090s] writing top-level names to micro_ros_msgs.egg-info/top_level.txt
[6.102s] reading manifest file 'micro_ros_msgs.egg-info/SOURCES.txt'
[6.105s] writing manifest file 'micro_ros_msgs.egg-info/SOURCES.txt'
[6.400s] [ 50%] Built target ament_cmake_python_build_micro_ros_msgs_egg
[6.506s] [35m[1mConsolidate compiler generated dependencies of target micro_ros_msgs__rosidl_typesupport_c[0m
[6.673s] [ 52%] [32mBuilding CXX object CMakeFiles/micro_ros_msgs__rosidl_typesupport_c.dir/rosidl_typesupport_c/micro_ros_msgs/msg/graph__type_support.cpp.o[0m
[6.711s] [ 54%] [32mBuilding CXX object CMakeFiles/micro_ros_msgs__rosidl_typesupport_c.dir/rosidl_typesupport_c/micro_ros_msgs/msg/node__type_support.cpp.o[0m
[6.824s] [ 55%] [32mBuilding CXX object CMakeFiles/micro_ros_msgs__rosidl_typesupport_c.dir/rosidl_typesupport_c/micro_ros_msgs/msg/entity__type_support.cpp.o[0m
[6.997s] [ 57%] [32mBuilding CXX object CMakeFiles/micro_ros_msgs__rosidl_typesupport_microxrcedds_cpp.dir/rosidl_typesupport_microxrcedds_cpp/micro_ros_msgs/msg/detail/microxrcedds/entity__type_support_cpp.cpp.o[0m
[7.026s] [ 59%] [32mBuilding CXX object CMakeFiles/micro_ros_msgs__rosidl_typesupport_microxrcedds_cpp.dir/rosidl_typesupport_microxrcedds_cpp/micro_ros_msgs/msg/detail/microxrcedds/node__type_support_cpp.cpp.o[0m
[7.068s] [35m[1mConsolidate compiler generated dependencies of target micro_ros_msgs__rosidl_typesupport_cpp[0m
[7.077s] [ 61%] [32mBuilding CXX object CMakeFiles/micro_ros_msgs__rosidl_typesupport_microxrcedds_cpp.dir/rosidl_typesupport_microxrcedds_cpp/micro_ros_msgs/msg/detail/microxrcedds/graph__type_support_cpp.cpp.o[0m
[7.206s] [ 62%] [32m[1mLinking CXX shared library libmicro_ros_msgs__rosidl_typesupport_c.so[0m
[7.219s] [ 64%] [32mBuilding C object CMakeFiles/micro_ros_msgs__rosidl_typesupport_microxrcedds_c.dir/rosidl_typesupport_microxrcedds_c/micro_ros_msgs/msg/detail/microxrcedds/graph__type_support_c.c.o[0m
[7.261s] [ 66%] [32mBuilding C object CMakeFiles/micro_ros_msgs__rosidl_typesupport_microxrcedds_c.dir/rosidl_typesupport_microxrcedds_c/micro_ros_msgs/msg/detail/microxrcedds/node__type_support_c.c.o[0m
[7.265s] [ 67%] [32mBuilding CXX object CMakeFiles/micro_ros_msgs__rosidl_typesupport_cpp.dir/rosidl_typesupport_cpp/micro_ros_msgs/msg/graph__type_support.cpp.o[0m
[7.266s] [ 69%] [32mBuilding CXX object CMakeFiles/micro_ros_msgs__rosidl_typesupport_cpp.dir/rosidl_typesupport_cpp/micro_ros_msgs/msg/node__type_support.cpp.o[0m
[7.670s] [ 69%] Built target micro_ros_msgs__rosidl_typesupport_c
[7.683s] [ 71%] [32mBuilding C object CMakeFiles/micro_ros_msgs__rosidl_typesupport_microxrcedds_c.dir/rosidl_typesupport_microxrcedds_c/micro_ros_msgs/msg/detail/microxrcedds/entity__type_support_c.c.o[0m
[7.766s] [ 72%] [32mBuilding CXX object CMakeFiles/micro_ros_msgs__rosidl_typesupport_cpp.dir/rosidl_typesupport_cpp/micro_ros_msgs/msg/entity__type_support.cpp.o[0m
[8.190s] [ 74%] [32m[1mLinking C static library libmicro_ros_msgs__rosidl_typesupport_microxrcedds_c.a[0m
[8.724s] [ 74%] Built target micro_ros_msgs__rosidl_typesupport_microxrcedds_c
[9.629s] [ 76%] [32m[1mLinking CXX shared library libmicro_ros_msgs__rosidl_typesupport_cpp.so[0m
[9.806s] [ 77%] [32m[1mLinking CXX static library libmicro_ros_msgs__rosidl_typesupport_microxrcedds_cpp.a[0m
[9.844s] [ 77%] Built target micro_ros_msgs__rosidl_typesupport_cpp
[10.067s] [ 77%] Built target micro_ros_msgs__rosidl_typesupport_microxrcedds_cpp
[10.125s] [ 77%] Built target micro_ros_msgs
[10.188s] [ 79%] [34m[1mGenerating Python code for ROS interfaces[0m
[12.025s] [ 79%] Built target micro_ros_msgs__py
[12.111s] [35m[1mConsolidate compiler generated dependencies of target micro_ros_msgs__rosidl_generator_py[0m
[12.237s] [ 81%] [32mBuilding C object CMakeFiles/micro_ros_msgs__rosidl_generator_py.dir/rosidl_generator_py/micro_ros_msgs/msg/_graph_s.c.o[0m
[12.252s] [ 83%] [32mBuilding C object CMakeFiles/micro_ros_msgs__rosidl_generator_py.dir/rosidl_generator_py/micro_ros_msgs/msg/_node_s.c.o[0m
[12.279s] [ 84%] [32mBuilding C object CMakeFiles/micro_ros_msgs__rosidl_generator_py.dir/rosidl_generator_py/micro_ros_msgs/msg/_entity_s.c.o[0m
[12.871s] [ 86%] [32m[1mLinking C shared library rosidl_generator_py/micro_ros_msgs/libmicro_ros_msgs__rosidl_generator_py.so[0m
[13.070s] [ 86%] Built target micro_ros_msgs__rosidl_generator_py
[13.151s] [35m[1mConsolidate compiler generated dependencies of target micro_ros_msgs__rosidl_typesupport_introspection_c__pyext[0m
[13.159s] [35m[1mConsolidate compiler generated dependencies of target micro_ros_msgs__rosidl_typesupport_fastrtps_c__pyext[0m
[13.187s] [ 88%] [32mBuilding C object CMakeFiles/micro_ros_msgs__rosidl_typesupport_microxrcedds_c__pyext.dir/rosidl_generator_py/micro_ros_msgs/_micro_ros_msgs_s.ep.rosidl_typesupport_microxrcedds_c.c.o[0m
[13.192s] [35m[1mConsolidate compiler generated dependencies of target micro_ros_msgs__rosidl_typesupport_c__pyext[0m
[13.266s] [ 89%] [32mBuilding C object CMakeFiles/micro_ros_msgs__rosidl_typesupport_fastrtps_c__pyext.dir/rosidl_generator_py/micro_ros_msgs/_micro_ros_msgs_s.ep.rosidl_typesupport_fastrtps_c.c.o[0m
[13.268s] [ 91%] [32mBuilding C object CMakeFiles/micro_ros_msgs__rosidl_typesupport_introspection_c__pyext.dir/rosidl_generator_py/micro_ros_msgs/_micro_ros_msgs_s.ep.rosidl_typesupport_introspection_c.c.o[0m
[13.346s] [ 93%] [32mBuilding C object CMakeFiles/micro_ros_msgs__rosidl_typesupport_c__pyext.dir/rosidl_generator_py/micro_ros_msgs/_micro_ros_msgs_s.ep.rosidl_typesupport_c.c.o[0m
[13.770s] [ 94%] [32m[1mLinking C shared library rosidl_generator_py/micro_ros_msgs/micro_ros_msgs_s__rosidl_typesupport_microxrcedds_c.cpython-310-aarch64-linux-gnu.so[0m
[13.805s] [ 96%] [32m[1mLinking C shared library rosidl_generator_py/micro_ros_msgs/micro_ros_msgs_s__rosidl_typesupport_fastrtps_c.cpython-310-aarch64-linux-gnu.so[0m
[13.831s] [ 98%] [32m[1mLinking C shared library rosidl_generator_py/micro_ros_msgs/micro_ros_msgs_s__rosidl_typesupport_introspection_c.cpython-310-aarch64-linux-gnu.so[0m
[13.936s] [100%] [32m[1mLinking C shared library rosidl_generator_py/micro_ros_msgs/micro_ros_msgs_s__rosidl_typesupport_c.cpython-310-aarch64-linux-gnu.so[0m
[13.944s] [100%] Built target micro_ros_msgs__rosidl_typesupport_microxrcedds_c__pyext
[14.003s] [100%] Built target micro_ros_msgs__rosidl_typesupport_fastrtps_c__pyext
[14.030s] [100%] Built target micro_ros_msgs__rosidl_typesupport_introspection_c__pyext
[14.111s] [100%] Built target micro_ros_msgs__rosidl_typesupport_c__pyext
[14.331s] Invoked command in '/home/aajaer/microros_ws/build/micro_ros_msgs' returned '0': CMAKE_PREFIX_PATH=${CMAKE_PREFIX_PATH}:/home/aajaer/microros_ws/install/sensor_msgs_py:/home/aajaer/microros_ws/install/motor_control_pkg /usr/bin/cmake --build /home/aajaer/microros_ws/build/micro_ros_msgs -- -j8 -l8
[14.332s] Invoking command in '/home/aajaer/microros_ws/build/micro_ros_msgs': CMAKE_PREFIX_PATH=${CMAKE_PREFIX_PATH}:/home/aajaer/microros_ws/install/sensor_msgs_py:/home/aajaer/microros_ws/install/motor_control_pkg /usr/bin/cmake --install /home/aajaer/microros_ws/build/micro_ros_msgs
[14.370s] -- Install configuration: ""
[14.370s] -- Execute custom install script
[14.370s] -- Up-to-date symlink: /home/aajaer/microros_ws/install/micro_ros_msgs/share/ament_index/resource_index/rosidl_interfaces/micro_ros_msgs
[14.371s] -- Up-to-date symlink: /home/aajaer/microros_ws/install/micro_ros_msgs/include/micro_ros_msgs/micro_ros_msgs/msg/detail/entity__functions.h
[14.371s] -- Up-to-date symlink: /home/aajaer/microros_ws/install/micro_ros_msgs/include/micro_ros_msgs/micro_ros_msgs/msg/detail/entity__struct.h
[14.371s] -- Up-to-date symlink: /home/aajaer/microros_ws/install/micro_ros_msgs/include/micro_ros_msgs/micro_ros_msgs/msg/detail/entity__type_support.h
[14.371s] -- Up-to-date symlink: /home/aajaer/microros_ws/install/micro_ros_msgs/include/micro_ros_msgs/micro_ros_msgs/msg/detail/graph__functions.h
[14.371s] -- Up-to-date symlink: /home/aajaer/microros_ws/install/micro_ros_msgs/include/micro_ros_msgs/micro_ros_msgs/msg/detail/graph__struct.h
[14.371s] -- Up-to-date symlink: /home/aajaer/microros_ws/install/micro_ros_msgs/include/micro_ros_msgs/micro_ros_msgs/msg/detail/graph__type_support.h
[14.371s] -- Up-to-date symlink: /home/aajaer/microros_ws/install/micro_ros_msgs/include/micro_ros_msgs/micro_ros_msgs/msg/detail/node__functions.h
[14.372s] -- Up-to-date symlink: /home/aajaer/microros_ws/install/micro_ros_msgs/include/micro_ros_msgs/micro_ros_msgs/msg/detail/node__struct.h
[14.372s] -- Up-to-date symlink: /home/aajaer/microros_ws/install/micro_ros_msgs/include/micro_ros_msgs/micro_ros_msgs/msg/detail/node__type_support.h
[14.380s] -- Up-to-date symlink: /home/aajaer/microros_ws/install/micro_ros_msgs/include/micro_ros_msgs/micro_ros_msgs/msg/entity.h
[14.381s] -- Up-to-date symlink: /home/aajaer/microros_ws/install/micro_ros_msgs/include/micro_ros_msgs/micro_ros_msgs/msg/graph.h
[14.381s] -- Up-to-date symlink: /home/aajaer/microros_ws/install/micro_ros_msgs/include/micro_ros_msgs/micro_ros_msgs/msg/node.h
[14.381s] -- Up-to-date symlink: /home/aajaer/microros_ws/install/micro_ros_msgs/include/micro_ros_msgs/micro_ros_msgs/msg/rosidl_generator_c__visibility_control.h
[14.381s] -- Up-to-date symlink: /home/aajaer/microros_ws/install/micro_ros_msgs/share/micro_ros_msgs/environment/library_path.sh
[14.382s] -- Up-to-date symlink: /home/aajaer/microros_ws/install/micro_ros_msgs/share/micro_ros_msgs/environment/library_path.dsv
[14.382s] -- Symlinking: /home/aajaer/microros_ws/install/micro_ros_msgs/include/micro_ros_msgs/msg/detail/entity__rosidl_typesupport_microxrcedds_c.h
[14.435s] -- Symlinking: /home/aajaer/microros_ws/install/micro_ros_msgs/include/micro_ros_msgs/msg/detail/graph__rosidl_typesupport_microxrcedds_c.h
[14.485s] -- Symlinking: /home/aajaer/microros_ws/install/micro_ros_msgs/include/micro_ros_msgs/msg/detail/node__rosidl_typesupport_microxrcedds_c.h
[14.553s] -- Symlinking: /home/aajaer/microros_ws/install/micro_ros_msgs/include/micro_ros_msgs/msg/rosidl_typesupport_microxrcedds_c__visibility_control.h
[14.609s] -- Symlinking: /home/aajaer/microros_ws/install/micro_ros_msgs/lib/libmicro_ros_msgs__rosidl_typesupport_microxrcedds_c.a
[14.670s] -- Up-to-date symlink: /home/aajaer/microros_ws/install/micro_ros_msgs/include/micro_ros_msgs/micro_ros_msgs/msg/detail/entity__rosidl_typesupport_fastrtps_c.h
[14.670s] -- Up-to-date symlink: /home/aajaer/microros_ws/install/micro_ros_msgs/include/micro_ros_msgs/micro_ros_msgs/msg/detail/graph__rosidl_typesupport_fastrtps_c.h
[14.670s] -- Up-to-date symlink: /home/aajaer/microros_ws/install/micro_ros_msgs/include/micro_ros_msgs/micro_ros_msgs/msg/detail/node__rosidl_typesupport_fastrtps_c.h
[14.671s] -- Up-to-date symlink: /home/aajaer/microros_ws/install/micro_ros_msgs/include/micro_ros_msgs/micro_ros_msgs/msg/rosidl_typesupport_fastrtps_c__visibility_control.h
[14.671s] -- Up-to-date symlink: /home/aajaer/microros_ws/install/micro_ros_msgs/include/micro_ros_msgs/micro_ros_msgs/msg/detail/entity__rosidl_typesupport_introspection_c.h
[14.671s] -- Up-to-date symlink: /home/aajaer/microros_ws/install/micro_ros_msgs/include/micro_ros_msgs/micro_ros_msgs/msg/detail/graph__rosidl_typesupport_introspection_c.h
[14.671s] -- Up-to-date symlink: /home/aajaer/microros_ws/install/micro_ros_msgs/include/micro_ros_msgs/micro_ros_msgs/msg/detail/node__rosidl_typesupport_introspection_c.h
[14.671s] -- Up-to-date symlink: /home/aajaer/microros_ws/install/micro_ros_msgs/include/micro_ros_msgs/micro_ros_msgs/msg/rosidl_typesupport_introspection_c__visibility_control.h
[14.672s] -- Up-to-date symlink: /home/aajaer/microros_ws/install/micro_ros_msgs/include/micro_ros_msgs/micro_ros_msgs/msg/detail/entity__builder.hpp
[14.673s] -- Up-to-date symlink: /home/aajaer/microros_ws/install/micro_ros_msgs/include/micro_ros_msgs/micro_ros_msgs/msg/detail/entity__struct.hpp
[14.673s] -- Up-to-date symlink: /home/aajaer/microros_ws/install/micro_ros_msgs/include/micro_ros_msgs/micro_ros_msgs/msg/detail/entity__traits.hpp
[14.673s] -- Up-to-date symlink: /home/aajaer/microros_ws/install/micro_ros_msgs/include/micro_ros_msgs/micro_ros_msgs/msg/detail/entity__type_support.hpp
[14.674s] -- Up-to-date symlink: /home/aajaer/microros_ws/install/micro_ros_msgs/include/micro_ros_msgs/micro_ros_msgs/msg/detail/graph__builder.hpp
[14.674s] -- Up-to-date symlink: /home/aajaer/microros_ws/install/micro_ros_msgs/include/micro_ros_msgs/micro_ros_msgs/msg/detail/graph__struct.hpp
[14.674s] -- Up-to-date symlink: /home/aajaer/microros_ws/install/micro_ros_msgs/include/micro_ros_msgs/micro_ros_msgs/msg/detail/graph__traits.hpp
[14.675s] -- Up-to-date symlink: /home/aajaer/microros_ws/install/micro_ros_msgs/include/micro_ros_msgs/micro_ros_msgs/msg/detail/graph__type_support.hpp
[14.675s] -- Up-to-date symlink: /home/aajaer/microros_ws/install/micro_ros_msgs/include/micro_ros_msgs/micro_ros_msgs/msg/detail/node__builder.hpp
[14.675s] -- Up-to-date symlink: /home/aajaer/microros_ws/install/micro_ros_msgs/include/micro_ros_msgs/micro_ros_msgs/msg/detail/node__struct.hpp
[14.676s] -- Up-to-date symlink: /home/aajaer/microros_ws/install/micro_ros_msgs/include/micro_ros_msgs/micro_ros_msgs/msg/detail/node__traits.hpp
[14.676s] -- Up-to-date symlink: /home/aajaer/microros_ws/install/micro_ros_msgs/include/micro_ros_msgs/micro_ros_msgs/msg/detail/node__type_support.hpp
[14.676s] -- Up-to-date symlink: /home/aajaer/microros_ws/install/micro_ros_msgs/include/micro_ros_msgs/micro_ros_msgs/msg/entity.hpp
[14.677s] -- Up-to-date symlink: /home/aajaer/microros_ws/install/micro_ros_msgs/include/micro_ros_msgs/micro_ros_msgs/msg/graph.hpp
[14.677s] -- Up-to-date symlink: /home/aajaer/microros_ws/install/micro_ros_msgs/include/micro_ros_msgs/micro_ros_msgs/msg/node.hpp
[14.678s] -- Up-to-date symlink: /home/aajaer/microros_ws/install/micro_ros_msgs/include/micro_ros_msgs/micro_ros_msgs/msg/rosidl_generator_cpp__visibility_control.hpp
[14.679s] -- Symlinking: /home/aajaer/microros_ws/install/micro_ros_msgs/include/micro_ros_msgs/msg/detail/entity__rosidl_typesupport_microxrcedds_cpp.hpp
[14.732s] -- Symlinking: /home/aajaer/microros_ws/install/micro_ros_msgs/include/micro_ros_msgs/msg/detail/graph__rosidl_typesupport_microxrcedds_cpp.hpp
[14.790s] -- Symlinking: /home/aajaer/microros_ws/install/micro_ros_msgs/include/micro_ros_msgs/msg/detail/microxrcedds/entity__type_support_cpp.cpp
[14.826s] -- Symlinking: /home/aajaer/microros_ws/install/micro_ros_msgs/include/micro_ros_msgs/msg/detail/microxrcedds/graph__type_support_cpp.cpp
[14.876s] -- Symlinking: /home/aajaer/microros_ws/install/micro_ros_msgs/include/micro_ros_msgs/msg/detail/microxrcedds/node__type_support_cpp.cpp
[14.902s] -- Symlinking: /home/aajaer/microros_ws/install/micro_ros_msgs/include/micro_ros_msgs/msg/detail/node__rosidl_typesupport_microxrcedds_cpp.hpp
[14.947s] -- Symlinking: /home/aajaer/microros_ws/install/micro_ros_msgs/include/micro_ros_msgs/msg/rosidl_typesupport_microxrcedds_cpp__visibility_control.h
[14.969s] -- Symlinking: /home/aajaer/microros_ws/install/micro_ros_msgs/lib/libmicro_ros_msgs__rosidl_typesupport_microxrcedds_cpp.a
[15.016s] -- Up-to-date symlink: /home/aajaer/microros_ws/install/micro_ros_msgs/include/micro_ros_msgs/micro_ros_msgs/msg/detail/entity__rosidl_typesupport_fastrtps_cpp.hpp
[15.016s] -- Up-to-date symlink: /home/aajaer/microros_ws/install/micro_ros_msgs/include/micro_ros_msgs/micro_ros_msgs/msg/detail/graph__rosidl_typesupport_fastrtps_cpp.hpp
[15.017s] -- Up-to-date symlink: /home/aajaer/microros_ws/install/micro_ros_msgs/include/micro_ros_msgs/micro_ros_msgs/msg/detail/node__rosidl_typesupport_fastrtps_cpp.hpp
[15.017s] -- Up-to-date symlink: /home/aajaer/microros_ws/install/micro_ros_msgs/include/micro_ros_msgs/micro_ros_msgs/msg/rosidl_typesupport_fastrtps_cpp__visibility_control.h
[15.017s] -- Up-to-date symlink: /home/aajaer/microros_ws/install/micro_ros_msgs/include/micro_ros_msgs/micro_ros_msgs/msg/detail/entity__rosidl_typesupport_introspection_cpp.hpp
[15.018s] -- Up-to-date symlink: /home/aajaer/microros_ws/install/micro_ros_msgs/include/micro_ros_msgs/micro_ros_msgs/msg/detail/graph__rosidl_typesupport_introspection_cpp.hpp
[15.018s] -- Up-to-date symlink: /home/aajaer/microros_ws/install/micro_ros_msgs/include/micro_ros_msgs/micro_ros_msgs/msg/detail/node__rosidl_typesupport_introspection_cpp.hpp
[15.018s] -- Up-to-date symlink: /home/aajaer/microros_ws/install/micro_ros_msgs/share/micro_ros_msgs/environment/pythonpath.sh
[15.019s] -- Up-to-date symlink: /home/aajaer/microros_ws/install/micro_ros_msgs/share/micro_ros_msgs/environment/pythonpath.dsv
[15.019s] -- Up-to-date symlink: /home/aajaer/microros_ws/install/micro_ros_msgs/local/lib/python3.10/dist-packages/micro_ros_msgs-3.0.1-py3.10.egg-info/PKG-INFO
[15.019s] -- Up-to-date symlink: /home/aajaer/microros_ws/install/micro_ros_msgs/local/lib/python3.10/dist-packages/micro_ros_msgs-3.0.1-py3.10.egg-info/SOURCES.txt
[15.019s] -- Up-to-date symlink: /home/aajaer/microros_ws/install/micro_ros_msgs/local/lib/python3.10/dist-packages/micro_ros_msgs-3.0.1-py3.10.egg-info/dependency_links.txt
[15.020s] -- Up-to-date symlink: /home/aajaer/microros_ws/install/micro_ros_msgs/local/lib/python3.10/dist-packages/micro_ros_msgs-3.0.1-py3.10.egg-info/top_level.txt
[15.020s] -- Up-to-date symlink: /home/aajaer/microros_ws/install/micro_ros_msgs/local/lib/python3.10/dist-packages/micro_ros_msgs/__init__.py
[15.020s] -- Up-to-date symlink: /home/aajaer/microros_ws/install/micro_ros_msgs/local/lib/python3.10/dist-packages/micro_ros_msgs/_micro_ros_msgs_s.ep.rosidl_typesupport_c.c
[15.021s] -- Up-to-date symlink: /home/aajaer/microros_ws/install/micro_ros_msgs/local/lib/python3.10/dist-packages/micro_ros_msgs/_micro_ros_msgs_s.ep.rosidl_typesupport_fastrtps_c.c
[15.021s] -- Up-to-date symlink: /home/aajaer/microros_ws/install/micro_ros_msgs/local/lib/python3.10/dist-packages/micro_ros_msgs/_micro_ros_msgs_s.ep.rosidl_typesupport_introspection_c.c
[15.021s] -- Symlinking: /home/aajaer/microros_ws/install/micro_ros_msgs/local/lib/python3.10/dist-packages/micro_ros_msgs/_micro_ros_msgs_s.ep.rosidl_typesupport_microxrcedds_c.c
[15.062s] -- Up-to-date symlink: /home/aajaer/microros_ws/install/micro_ros_msgs/local/lib/python3.10/dist-packages/micro_ros_msgs/libmicro_ros_msgs__rosidl_generator_py.so
[15.063s] -- Up-to-date symlink: /home/aajaer/microros_ws/install/micro_ros_msgs/local/lib/python3.10/dist-packages/micro_ros_msgs/micro_ros_msgs_s__rosidl_typesupport_c.cpython-310-aarch64-linux-gnu.so
[15.063s] -- Up-to-date symlink: /home/aajaer/microros_ws/install/micro_ros_msgs/local/lib/python3.10/dist-packages/micro_ros_msgs/micro_ros_msgs_s__rosidl_typesupport_fastrtps_c.cpython-310-aarch64-linux-gnu.so
[15.063s] -- Up-to-date symlink: /home/aajaer/microros_ws/install/micro_ros_msgs/local/lib/python3.10/dist-packages/micro_ros_msgs/micro_ros_msgs_s__rosidl_typesupport_introspection_c.cpython-310-aarch64-linux-gnu.so
[15.063s] -- Symlinking: /home/aajaer/microros_ws/install/micro_ros_msgs/local/lib/python3.10/dist-packages/micro_ros_msgs/micro_ros_msgs_s__rosidl_typesupport_microxrcedds_c.cpython-310-aarch64-linux-gnu.so
[15.122s] -- Up-to-date symlink: /home/aajaer/microros_ws/install/micro_ros_msgs/local/lib/python3.10/dist-packages/micro_ros_msgs/msg/__init__.py
[15.123s] -- Up-to-date symlink: /home/aajaer/microros_ws/install/micro_ros_msgs/local/lib/python3.10/dist-packages/micro_ros_msgs/msg/_entity.py
[15.124s] -- Up-to-date symlink: /home/aajaer/microros_ws/install/micro_ros_msgs/local/lib/python3.10/dist-packages/micro_ros_msgs/msg/_entity_s.c
[15.124s] -- Up-to-date symlink: /home/aajaer/microros_ws/install/micro_ros_msgs/local/lib/python3.10/dist-packages/micro_ros_msgs/msg/_graph.py
[15.124s] -- Up-to-date symlink: /home/aajaer/microros_ws/install/micro_ros_msgs/local/lib/python3.10/dist-packages/micro_ros_msgs/msg/_graph_s.c
[15.124s] -- Up-to-date symlink: /home/aajaer/microros_ws/install/micro_ros_msgs/local/lib/python3.10/dist-packages/micro_ros_msgs/msg/_node.py
[15.124s] -- Up-to-date symlink: /home/aajaer/microros_ws/install/micro_ros_msgs/local/lib/python3.10/dist-packages/micro_ros_msgs/msg/_node_s.c
[15.127s] -- Up-to-date symlink: /home/aajaer/microros_ws/install/micro_ros_msgs/local/lib/python3.10/dist-packages/micro_ros_msgs/micro_ros_msgs_s__rosidl_typesupport_microxrcedds_c.cpython-310-aarch64-linux-gnu.so
[15.128s] -- Up-to-date symlink: /home/aajaer/microros_ws/install/micro_ros_msgs/local/lib/python3.10/dist-packages/micro_ros_msgs/micro_ros_msgs_s__rosidl_typesupport_fastrtps_c.cpython-310-aarch64-linux-gnu.so
[15.128s] -- Up-to-date symlink: /home/aajaer/microros_ws/install/micro_ros_msgs/local/lib/python3.10/dist-packages/micro_ros_msgs/micro_ros_msgs_s__rosidl_typesupport_introspection_c.cpython-310-aarch64-linux-gnu.so
[15.128s] -- Up-to-date symlink: /home/aajaer/microros_ws/install/micro_ros_msgs/local/lib/python3.10/dist-packages/micro_ros_msgs/micro_ros_msgs_s__rosidl_typesupport_c.cpython-310-aarch64-linux-gnu.so
[15.128s] -- Up-to-date symlink: /home/aajaer/microros_ws/install/micro_ros_msgs/share/micro_ros_msgs/msg/Graph.idl
[15.128s] -- Up-to-date symlink: /home/aajaer/microros_ws/install/micro_ros_msgs/share/micro_ros_msgs/msg/Node.idl
[15.128s] -- Up-to-date symlink: /home/aajaer/microros_ws/install/micro_ros_msgs/share/micro_ros_msgs/msg/Entity.idl
[15.128s] -- Up-to-date symlink: /home/aajaer/microros_ws/install/micro_ros_msgs/share/micro_ros_msgs/msg/Graph.msg
[15.128s] -- Up-to-date symlink: /home/aajaer/microros_ws/install/micro_ros_msgs/share/micro_ros_msgs/msg/Node.msg
[15.129s] -- Up-to-date symlink: /home/aajaer/microros_ws/install/micro_ros_msgs/share/micro_ros_msgs/msg/Entity.msg
[15.129s] -- Up-to-date symlink: /home/aajaer/microros_ws/install/micro_ros_msgs/share/ament_index/resource_index/package_run_dependencies/micro_ros_msgs
[15.129s] -- Up-to-date symlink: /home/aajaer/microros_ws/install/micro_ros_msgs/share/ament_index/resource_index/parent_prefix_path/micro_ros_msgs
[15.129s] -- Up-to-date symlink: /home/aajaer/microros_ws/install/micro_ros_msgs/share/micro_ros_msgs/environment/ament_prefix_path.sh
[15.129s] -- Up-to-date symlink: /home/aajaer/microros_ws/install/micro_ros_msgs/share/micro_ros_msgs/environment/ament_prefix_path.dsv
[15.129s] -- Up-to-date symlink: /home/aajaer/microros_ws/install/micro_ros_msgs/share/micro_ros_msgs/environment/path.sh
[15.133s] -- Up-to-date symlink: /home/aajaer/microros_ws/install/micro_ros_msgs/share/micro_ros_msgs/environment/path.dsv
[15.134s] -- Up-to-date symlink: /home/aajaer/microros_ws/install/micro_ros_msgs/share/micro_ros_msgs/local_setup.bash
[15.134s] -- Up-to-date symlink: /home/aajaer/microros_ws/install/micro_ros_msgs/share/micro_ros_msgs/local_setup.sh
[15.134s] -- Up-to-date symlink: /home/aajaer/microros_ws/install/micro_ros_msgs/share/micro_ros_msgs/local_setup.zsh
[15.134s] -- Up-to-date symlink: /home/aajaer/microros_ws/install/micro_ros_msgs/share/micro_ros_msgs/local_setup.dsv
[15.135s] -- Symlinking: /home/aajaer/microros_ws/install/micro_ros_msgs/share/micro_ros_msgs/package.dsv
[15.168s] -- Up-to-date symlink: /home/aajaer/microros_ws/install/micro_ros_msgs/share/ament_index/resource_index/packages/micro_ros_msgs
[15.168s] -- Up-to-date symlink: /home/aajaer/microros_ws/install/micro_ros_msgs/share/micro_ros_msgs/cmake/rosidl_cmake-extras.cmake
[15.168s] -- Up-to-date symlink: /home/aajaer/microros_ws/install/micro_ros_msgs/share/micro_ros_msgs/cmake/ament_cmake_export_include_directories-extras.cmake
[15.169s] -- Up-to-date symlink: /home/aajaer/microros_ws/install/micro_ros_msgs/share/micro_ros_msgs/cmake/ament_cmake_export_libraries-extras.cmake
[15.169s] -- Up-to-date symlink: /home/aajaer/microros_ws/install/micro_ros_msgs/share/micro_ros_msgs/cmake/ament_cmake_export_targets-extras.cmake
[15.169s] -- Up-to-date symlink: /home/aajaer/microros_ws/install/micro_ros_msgs/share/micro_ros_msgs/cmake/rosidl_cmake_export_typesupport_targets-extras.cmake
[15.169s] -- Up-to-date symlink: /home/aajaer/microros_ws/install/micro_ros_msgs/share/micro_ros_msgs/cmake/ament_cmake_export_dependencies-extras.cmake
[15.170s] -- Up-to-date symlink: /home/aajaer/microros_ws/install/micro_ros_msgs/share/micro_ros_msgs/cmake/rosidl_cmake_export_typesupport_libraries-extras.cmake
[15.170s] -- Up-to-date symlink: /home/aajaer/microros_ws/install/micro_ros_msgs/share/micro_ros_msgs/cmake/micro_ros_msgsConfig.cmake
[15.170s] -- Up-to-date symlink: /home/aajaer/microros_ws/install/micro_ros_msgs/share/micro_ros_msgs/cmake/micro_ros_msgsConfig-version.cmake
[15.170s] -- Up-to-date symlink: /home/aajaer/microros_ws/install/micro_ros_msgs/share/micro_ros_msgs/package.xml
[15.171s] -- Up-to-date: /home/aajaer/microros_ws/install/micro_ros_msgs/lib/libmicro_ros_msgs__rosidl_generator_c.so
[15.171s] -- Up-to-date: /home/aajaer/microros_ws/install/micro_ros_msgs/lib/libmicro_ros_msgs__rosidl_typesupport_fastrtps_c.so
[15.172s] -- Up-to-date: /home/aajaer/microros_ws/install/micro_ros_msgs/lib/libmicro_ros_msgs__rosidl_typesupport_introspection_c.so
[15.172s] -- Installing: /home/aajaer/microros_ws/install/micro_ros_msgs/lib/libmicro_ros_msgs__rosidl_typesupport_c.so
[15.173s] -- Set runtime path of "/home/aajaer/microros_ws/install/micro_ros_msgs/lib/libmicro_ros_msgs__rosidl_typesupport_c.so" to ""
[15.174s] -- Up-to-date: /home/aajaer/microros_ws/install/micro_ros_msgs/lib/libmicro_ros_msgs__rosidl_typesupport_fastrtps_cpp.so
[15.174s] -- Up-to-date: /home/aajaer/microros_ws/install/micro_ros_msgs/lib/libmicro_ros_msgs__rosidl_typesupport_introspection_cpp.so
[15.175s] -- Installing: /home/aajaer/microros_ws/install/micro_ros_msgs/lib/libmicro_ros_msgs__rosidl_typesupport_cpp.so
[15.175s] -- Set runtime path of "/home/aajaer/microros_ws/install/micro_ros_msgs/lib/libmicro_ros_msgs__rosidl_typesupport_cpp.so" to ""
[15.322s] Listing '/home/aajaer/microros_ws/install/micro_ros_msgs/local/lib/python3.10/dist-packages/micro_ros_msgs'...
[15.322s] Compiling '/home/aajaer/microros_ws/install/micro_ros_msgs/local/lib/python3.10/dist-packages/micro_ros_msgs/__init__.py'...
[15.322s] Listing '/home/aajaer/microros_ws/install/micro_ros_msgs/local/lib/python3.10/dist-packages/micro_ros_msgs/msg'...
[15.322s] Compiling '/home/aajaer/microros_ws/install/micro_ros_msgs/local/lib/python3.10/dist-packages/micro_ros_msgs/msg/__init__.py'...
[15.322s] Compiling '/home/aajaer/microros_ws/install/micro_ros_msgs/local/lib/python3.10/dist-packages/micro_ros_msgs/msg/_entity.py'...
[15.323s] Compiling '/home/aajaer/microros_ws/install/micro_ros_msgs/local/lib/python3.10/dist-packages/micro_ros_msgs/msg/_graph.py'...
[15.323s] Compiling '/home/aajaer/microros_ws/install/micro_ros_msgs/local/lib/python3.10/dist-packages/micro_ros_msgs/msg/_node.py'...
[15.363s] -- Installing: /home/aajaer/microros_ws/install/micro_ros_msgs/lib/libmicro_ros_msgs__rosidl_generator_py.so
[15.364s] -- Set runtime path of "/home/aajaer/microros_ws/install/micro_ros_msgs/lib/libmicro_ros_msgs__rosidl_generator_py.so" to ""
[15.364s] -- Up-to-date: /home/aajaer/microros_ws/install/micro_ros_msgs/share/micro_ros_msgs/cmake/export_micro_ros_msgs__rosidl_generator_cExport.cmake
[15.364s] -- Up-to-date: /home/aajaer/microros_ws/install/micro_ros_msgs/share/micro_ros_msgs/cmake/export_micro_ros_msgs__rosidl_generator_cExport-noconfig.cmake
[15.364s] -- Up-to-date: /home/aajaer/microros_ws/install/micro_ros_msgs/share/micro_ros_msgs/cmake/export_micro_ros_msgs__rosidl_typesupport_fastrtps_cExport.cmake
[15.364s] -- Up-to-date: /home/aajaer/microros_ws/install/micro_ros_msgs/share/micro_ros_msgs/cmake/export_micro_ros_msgs__rosidl_typesupport_fastrtps_cExport-noconfig.cmake
[15.364s] -- Up-to-date: /home/aajaer/microros_ws/install/micro_ros_msgs/share/micro_ros_msgs/cmake/micro_ros_msgs__rosidl_typesupport_introspection_cExport.cmake
[15.365s] -- Up-to-date: /home/aajaer/microros_ws/install/micro_ros_msgs/share/micro_ros_msgs/cmake/micro_ros_msgs__rosidl_typesupport_introspection_cExport-noconfig.cmake
[15.365s] -- Up-to-date: /home/aajaer/microros_ws/install/micro_ros_msgs/share/micro_ros_msgs/cmake/micro_ros_msgs__rosidl_typesupport_cExport.cmake
[15.365s] -- Up-to-date: /home/aajaer/microros_ws/install/micro_ros_msgs/share/micro_ros_msgs/cmake/micro_ros_msgs__rosidl_typesupport_cExport-noconfig.cmake
[15.373s] -- Up-to-date: /home/aajaer/microros_ws/install/micro_ros_msgs/share/micro_ros_msgs/cmake/export_micro_ros_msgs__rosidl_generator_cppExport.cmake
[15.373s] -- Up-to-date: /home/aajaer/microros_ws/install/micro_ros_msgs/share/micro_ros_msgs/cmake/export_micro_ros_msgs__rosidl_typesupport_fastrtps_cppExport.cmake
[15.373s] -- Up-to-date: /home/aajaer/microros_ws/install/micro_ros_msgs/share/micro_ros_msgs/cmake/export_micro_ros_msgs__rosidl_typesupport_fastrtps_cppExport-noconfig.cmake
[15.374s] -- Up-to-date: /home/aajaer/microros_ws/install/micro_ros_msgs/share/micro_ros_msgs/cmake/micro_ros_msgs__rosidl_typesupport_introspection_cppExport.cmake
[15.374s] -- Up-to-date: /home/aajaer/microros_ws/install/micro_ros_msgs/share/micro_ros_msgs/cmake/micro_ros_msgs__rosidl_typesupport_introspection_cppExport-noconfig.cmake
[15.374s] -- Up-to-date: /home/aajaer/microros_ws/install/micro_ros_msgs/share/micro_ros_msgs/cmake/micro_ros_msgs__rosidl_typesupport_cppExport.cmake
[15.374s] -- Up-to-date: /home/aajaer/microros_ws/install/micro_ros_msgs/share/micro_ros_msgs/cmake/micro_ros_msgs__rosidl_typesupport_cppExport-noconfig.cmake
[15.374s] -- Up-to-date: /home/aajaer/microros_ws/install/micro_ros_msgs/share/micro_ros_msgs/cmake/export_micro_ros_msgs__rosidl_generator_pyExport.cmake
[15.374s] -- Up-to-date: /home/aajaer/microros_ws/install/micro_ros_msgs/share/micro_ros_msgs/cmake/export_micro_ros_msgs__rosidl_generator_pyExport-noconfig.cmake
[15.376s] Invoked command in '/home/aajaer/microros_ws/build/micro_ros_msgs' returned '0': CMAKE_PREFIX_PATH=${CMAKE_PREFIX_PATH}:/home/aajaer/microros_ws/install/sensor_msgs_py:/home/aajaer/microros_ws/install/motor_control_pkg /usr/bin/cmake --install /home/aajaer/microros_ws/build/micro_ros_msgs
