[0.100s] Invoking command in '/home/aajaer/microros_ws/build/micro_ros_msgs': CMAKE_PREFIX_PATH=${CMAKE_PREFIX_PATH}:/home/aajaer/microros_ws/install/sensor_msgs_py:/home/aajaer/microros_ws/install/motor_control_pkg /usr/bin/cmake --build /home/aajaer/microros_ws/build/micro_ros_msgs -- -j8 -l8
[0.301s] [  1%] Built target micro_ros_msgs__cpp
[0.330s] [ 10%] Built target micro_ros_msgs__rosidl_generator_c
[0.393s] [ 10%] Built target ament_cmake_python_symlink_micro_ros_msgs
[0.493s] [ 18%] Built target micro_ros_msgs__rosidl_typesupport_fastrtps_cpp
[0.521s] [ 27%] Built target micro_ros_msgs__rosidl_typesupport_microxrcedds_cpp
[0.560s] [ 35%] Built target micro_ros_msgs__rosidl_typesupport_introspection_cpp
[0.580s] [ 44%] Built target micro_ros_msgs__rosidl_typesupport_cpp
[0.641s] [ 52%] Built target micro_ros_msgs__rosidl_typesupport_microxrcedds_c
[0.653s] [ 61%] Built target micro_ros_msgs__rosidl_typesupport_introspection_c
[0.699s] [ 69%] Built target micro_ros_msgs__rosidl_typesupport_fastrtps_c
[0.724s] [ 77%] Built target micro_ros_msgs__rosidl_typesupport_c
[0.810s] [ 77%] Built target micro_ros_msgs
[0.967s] [ 79%] Built target micro_ros_msgs__py
[1.123s] [ 86%] Built target micro_ros_msgs__rosidl_generator_py
[1.286s] [ 89%] Built target micro_ros_msgs__rosidl_typesupport_microxrcedds_c__pyext
[1.344s] [ 93%] Built target micro_ros_msgs__rosidl_typesupport_introspection_c__pyext
[1.361s] [ 96%] Built target micro_ros_msgs__rosidl_typesupport_fastrtps_c__pyext
[1.379s] [100%] Built target micro_ros_msgs__rosidl_typesupport_c__pyext
[1.627s] running egg_info
[1.629s] writing micro_ros_msgs.egg-info/PKG-INFO
[1.630s] writing dependency_links to micro_ros_msgs.egg-info/dependency_links.txt
[1.630s] writing top-level names to micro_ros_msgs.egg-info/top_level.txt
[1.636s] reading manifest file 'micro_ros_msgs.egg-info/SOURCES.txt'
[1.637s] writing manifest file 'micro_ros_msgs.egg-info/SOURCES.txt'
[1.761s] [100%] Built target ament_cmake_python_build_micro_ros_msgs_egg
[1.800s] Invoked command in '/home/aajaer/microros_ws/build/micro_ros_msgs' returned '0': CMAKE_PREFIX_PATH=${CMAKE_PREFIX_PATH}:/home/aajaer/microros_ws/install/sensor_msgs_py:/home/aajaer/microros_ws/install/motor_control_pkg /usr/bin/cmake --build /home/aajaer/microros_ws/build/micro_ros_msgs -- -j8 -l8
[1.801s] Invoking command in '/home/aajaer/microros_ws/build/micro_ros_msgs': CMAKE_PREFIX_PATH=${CMAKE_PREFIX_PATH}:/home/aajaer/microros_ws/install/sensor_msgs_py:/home/aajaer/microros_ws/install/motor_control_pkg /usr/bin/cmake --install /home/aajaer/microros_ws/build/micro_ros_msgs
[1.852s] -- Install configuration: ""
[1.852s] -- Execute custom install script
[1.853s] -- Up-to-date symlink: /home/aajaer/microros_ws/install/micro_ros_msgs/share/ament_index/resource_index/rosidl_interfaces/micro_ros_msgs
[1.853s] -- Up-to-date symlink: /home/aajaer/microros_ws/install/micro_ros_msgs/include/micro_ros_msgs/micro_ros_msgs/msg/detail/entity__functions.h
[1.853s] -- Up-to-date symlink: /home/aajaer/microros_ws/install/micro_ros_msgs/include/micro_ros_msgs/micro_ros_msgs/msg/detail/entity__struct.h
[1.864s] -- Up-to-date symlink: /home/aajaer/microros_ws/install/micro_ros_msgs/include/micro_ros_msgs/micro_ros_msgs/msg/detail/entity__type_support.h
[1.880s] -- Up-to-date symlink: /home/aajaer/microros_ws/install/micro_ros_msgs/include/micro_ros_msgs/micro_ros_msgs/msg/detail/graph__functions.h
[1.888s] -- Up-to-date symlink: /home/aajaer/microros_ws/install/micro_ros_msgs/include/micro_ros_msgs/micro_ros_msgs/msg/detail/graph__struct.h
[1.895s] -- Up-to-date symlink: /home/aajaer/microros_ws/install/micro_ros_msgs/include/micro_ros_msgs/micro_ros_msgs/msg/detail/graph__type_support.h
[1.902s] -- Up-to-date symlink: /home/aajaer/microros_ws/install/micro_ros_msgs/include/micro_ros_msgs/micro_ros_msgs/msg/detail/node__functions.h
[1.902s] -- Up-to-date symlink: /home/aajaer/microros_ws/install/micro_ros_msgs/include/micro_ros_msgs/micro_ros_msgs/msg/detail/node__struct.h
[1.903s] -- Up-to-date symlink: /home/aajaer/microros_ws/install/micro_ros_msgs/include/micro_ros_msgs/micro_ros_msgs/msg/detail/node__type_support.h
[1.903s] -- Up-to-date symlink: /home/aajaer/microros_ws/install/micro_ros_msgs/include/micro_ros_msgs/micro_ros_msgs/msg/entity.h
[1.903s] -- Up-to-date symlink: /home/aajaer/microros_ws/install/micro_ros_msgs/include/micro_ros_msgs/micro_ros_msgs/msg/graph.h
[1.903s] -- Up-to-date symlink: /home/aajaer/microros_ws/install/micro_ros_msgs/include/micro_ros_msgs/micro_ros_msgs/msg/node.h
[1.904s] -- Up-to-date symlink: /home/aajaer/microros_ws/install/micro_ros_msgs/include/micro_ros_msgs/micro_ros_msgs/msg/rosidl_generator_c__visibility_control.h
[1.904s] -- Up-to-date symlink: /home/aajaer/microros_ws/install/micro_ros_msgs/share/micro_ros_msgs/environment/library_path.sh
[1.904s] -- Up-to-date symlink: /home/aajaer/microros_ws/install/micro_ros_msgs/share/micro_ros_msgs/environment/library_path.dsv
[1.904s] -- Up-to-date symlink: /home/aajaer/microros_ws/install/micro_ros_msgs/include/micro_ros_msgs/msg/detail/entity__rosidl_typesupport_microxrcedds_c.h
[1.904s] -- Up-to-date symlink: /home/aajaer/microros_ws/install/micro_ros_msgs/include/micro_ros_msgs/msg/detail/graph__rosidl_typesupport_microxrcedds_c.h
[1.905s] -- Up-to-date symlink: /home/aajaer/microros_ws/install/micro_ros_msgs/include/micro_ros_msgs/msg/detail/node__rosidl_typesupport_microxrcedds_c.h
[1.905s] -- Up-to-date symlink: /home/aajaer/microros_ws/install/micro_ros_msgs/include/micro_ros_msgs/msg/rosidl_typesupport_microxrcedds_c__visibility_control.h
[1.905s] -- Up-to-date symlink: /home/aajaer/microros_ws/install/micro_ros_msgs/lib/libmicro_ros_msgs__rosidl_typesupport_microxrcedds_c.a
[1.913s] -- Up-to-date symlink: /home/aajaer/microros_ws/install/micro_ros_msgs/include/micro_ros_msgs/micro_ros_msgs/msg/detail/entity__rosidl_typesupport_fastrtps_c.h
[1.913s] -- Up-to-date symlink: /home/aajaer/microros_ws/install/micro_ros_msgs/include/micro_ros_msgs/micro_ros_msgs/msg/detail/graph__rosidl_typesupport_fastrtps_c.h
[1.913s] -- Up-to-date symlink: /home/aajaer/microros_ws/install/micro_ros_msgs/include/micro_ros_msgs/micro_ros_msgs/msg/detail/node__rosidl_typesupport_fastrtps_c.h
[1.913s] -- Up-to-date symlink: /home/aajaer/microros_ws/install/micro_ros_msgs/include/micro_ros_msgs/micro_ros_msgs/msg/rosidl_typesupport_fastrtps_c__visibility_control.h
[1.913s] -- Up-to-date symlink: /home/aajaer/microros_ws/install/micro_ros_msgs/include/micro_ros_msgs/micro_ros_msgs/msg/detail/entity__rosidl_typesupport_introspection_c.h
[1.920s] -- Up-to-date symlink: /home/aajaer/microros_ws/install/micro_ros_msgs/include/micro_ros_msgs/micro_ros_msgs/msg/detail/graph__rosidl_typesupport_introspection_c.h
[1.922s] -- Up-to-date symlink: /home/aajaer/microros_ws/install/micro_ros_msgs/include/micro_ros_msgs/micro_ros_msgs/msg/detail/node__rosidl_typesupport_introspection_c.h
[1.922s] -- Up-to-date symlink: /home/aajaer/microros_ws/install/micro_ros_msgs/include/micro_ros_msgs/micro_ros_msgs/msg/rosidl_typesupport_introspection_c__visibility_control.h
[1.922s] -- Up-to-date symlink: /home/aajaer/microros_ws/install/micro_ros_msgs/include/micro_ros_msgs/micro_ros_msgs/msg/detail/entity__builder.hpp
[1.922s] -- Up-to-date symlink: /home/aajaer/microros_ws/install/micro_ros_msgs/include/micro_ros_msgs/micro_ros_msgs/msg/detail/entity__struct.hpp
[1.923s] -- Up-to-date symlink: /home/aajaer/microros_ws/install/micro_ros_msgs/include/micro_ros_msgs/micro_ros_msgs/msg/detail/entity__traits.hpp
[1.923s] -- Up-to-date symlink: /home/aajaer/microros_ws/install/micro_ros_msgs/include/micro_ros_msgs/micro_ros_msgs/msg/detail/entity__type_support.hpp
[1.924s] -- Up-to-date symlink: /home/aajaer/microros_ws/install/micro_ros_msgs/include/micro_ros_msgs/micro_ros_msgs/msg/detail/graph__builder.hpp
[1.925s] -- Up-to-date symlink: /home/aajaer/microros_ws/install/micro_ros_msgs/include/micro_ros_msgs/micro_ros_msgs/msg/detail/graph__struct.hpp
[1.925s] -- Up-to-date symlink: /home/aajaer/microros_ws/install/micro_ros_msgs/include/micro_ros_msgs/micro_ros_msgs/msg/detail/graph__traits.hpp
[1.925s] -- Up-to-date symlink: /home/aajaer/microros_ws/install/micro_ros_msgs/include/micro_ros_msgs/micro_ros_msgs/msg/detail/graph__type_support.hpp
[1.925s] -- Up-to-date symlink: /home/aajaer/microros_ws/install/micro_ros_msgs/include/micro_ros_msgs/micro_ros_msgs/msg/detail/node__builder.hpp
[1.925s] -- Up-to-date symlink: /home/aajaer/microros_ws/install/micro_ros_msgs/include/micro_ros_msgs/micro_ros_msgs/msg/detail/node__struct.hpp
[1.925s] -- Up-to-date symlink: /home/aajaer/microros_ws/install/micro_ros_msgs/include/micro_ros_msgs/micro_ros_msgs/msg/detail/node__traits.hpp
[1.926s] -- Up-to-date symlink: /home/aajaer/microros_ws/install/micro_ros_msgs/include/micro_ros_msgs/micro_ros_msgs/msg/detail/node__type_support.hpp
[1.926s] -- Up-to-date symlink: /home/aajaer/microros_ws/install/micro_ros_msgs/include/micro_ros_msgs/micro_ros_msgs/msg/entity.hpp
[1.928s] -- Up-to-date symlink: /home/aajaer/microros_ws/install/micro_ros_msgs/include/micro_ros_msgs/micro_ros_msgs/msg/graph.hpp
[1.929s] -- Up-to-date symlink: /home/aajaer/microros_ws/install/micro_ros_msgs/include/micro_ros_msgs/micro_ros_msgs/msg/node.hpp
[1.930s] -- Up-to-date symlink: /home/aajaer/microros_ws/install/micro_ros_msgs/include/micro_ros_msgs/micro_ros_msgs/msg/rosidl_generator_cpp__visibility_control.hpp
[1.931s] -- Up-to-date symlink: /home/aajaer/microros_ws/install/micro_ros_msgs/include/micro_ros_msgs/msg/detail/entity__rosidl_typesupport_microxrcedds_cpp.hpp
[1.933s] -- Up-to-date symlink: /home/aajaer/microros_ws/install/micro_ros_msgs/include/micro_ros_msgs/msg/detail/graph__rosidl_typesupport_microxrcedds_cpp.hpp
[1.933s] -- Up-to-date symlink: /home/aajaer/microros_ws/install/micro_ros_msgs/include/micro_ros_msgs/msg/detail/microxrcedds/entity__type_support_cpp.cpp
[1.933s] -- Up-to-date symlink: /home/aajaer/microros_ws/install/micro_ros_msgs/include/micro_ros_msgs/msg/detail/microxrcedds/graph__type_support_cpp.cpp
[1.934s] -- Up-to-date symlink: /home/aajaer/microros_ws/install/micro_ros_msgs/include/micro_ros_msgs/msg/detail/microxrcedds/node__type_support_cpp.cpp
[1.934s] -- Up-to-date symlink: /home/aajaer/microros_ws/install/micro_ros_msgs/include/micro_ros_msgs/msg/detail/node__rosidl_typesupport_microxrcedds_cpp.hpp
[1.934s] -- Up-to-date symlink: /home/aajaer/microros_ws/install/micro_ros_msgs/include/micro_ros_msgs/msg/rosidl_typesupport_microxrcedds_cpp__visibility_control.h
[1.937s] -- Up-to-date symlink: /home/aajaer/microros_ws/install/micro_ros_msgs/lib/libmicro_ros_msgs__rosidl_typesupport_microxrcedds_cpp.a
[1.939s] -- Up-to-date symlink: /home/aajaer/microros_ws/install/micro_ros_msgs/include/micro_ros_msgs/micro_ros_msgs/msg/detail/entity__rosidl_typesupport_fastrtps_cpp.hpp
[1.940s] -- Up-to-date symlink: /home/aajaer/microros_ws/install/micro_ros_msgs/include/micro_ros_msgs/micro_ros_msgs/msg/detail/graph__rosidl_typesupport_fastrtps_cpp.hpp
[1.941s] -- Up-to-date symlink: /home/aajaer/microros_ws/install/micro_ros_msgs/include/micro_ros_msgs/micro_ros_msgs/msg/detail/node__rosidl_typesupport_fastrtps_cpp.hpp
[1.941s] -- Up-to-date symlink: /home/aajaer/microros_ws/install/micro_ros_msgs/include/micro_ros_msgs/micro_ros_msgs/msg/rosidl_typesupport_fastrtps_cpp__visibility_control.h
[1.943s] -- Up-to-date symlink: /home/aajaer/microros_ws/install/micro_ros_msgs/include/micro_ros_msgs/micro_ros_msgs/msg/detail/entity__rosidl_typesupport_introspection_cpp.hpp
[1.944s] -- Up-to-date symlink: /home/aajaer/microros_ws/install/micro_ros_msgs/include/micro_ros_msgs/micro_ros_msgs/msg/detail/graph__rosidl_typesupport_introspection_cpp.hpp
[1.944s] -- Up-to-date symlink: /home/aajaer/microros_ws/install/micro_ros_msgs/include/micro_ros_msgs/micro_ros_msgs/msg/detail/node__rosidl_typesupport_introspection_cpp.hpp
[1.944s] -- Up-to-date symlink: /home/aajaer/microros_ws/install/micro_ros_msgs/share/micro_ros_msgs/environment/pythonpath.sh
[1.945s] -- Up-to-date symlink: /home/aajaer/microros_ws/install/micro_ros_msgs/share/micro_ros_msgs/environment/pythonpath.dsv
[1.946s] -- Up-to-date symlink: /home/aajaer/microros_ws/install/micro_ros_msgs/local/lib/python3.10/dist-packages/micro_ros_msgs-3.0.1-py3.10.egg-info/PKG-INFO
[1.946s] -- Up-to-date symlink: /home/aajaer/microros_ws/install/micro_ros_msgs/local/lib/python3.10/dist-packages/micro_ros_msgs-3.0.1-py3.10.egg-info/SOURCES.txt
[1.947s] -- Up-to-date symlink: /home/aajaer/microros_ws/install/micro_ros_msgs/local/lib/python3.10/dist-packages/micro_ros_msgs-3.0.1-py3.10.egg-info/dependency_links.txt
[1.947s] -- Up-to-date symlink: /home/aajaer/microros_ws/install/micro_ros_msgs/local/lib/python3.10/dist-packages/micro_ros_msgs-3.0.1-py3.10.egg-info/top_level.txt
[1.950s] -- Up-to-date symlink: /home/aajaer/microros_ws/install/micro_ros_msgs/local/lib/python3.10/dist-packages/micro_ros_msgs/__init__.py
[1.951s] -- Up-to-date symlink: /home/aajaer/microros_ws/install/micro_ros_msgs/local/lib/python3.10/dist-packages/micro_ros_msgs/_micro_ros_msgs_s.ep.rosidl_typesupport_c.c
[1.952s] -- Up-to-date symlink: /home/aajaer/microros_ws/install/micro_ros_msgs/local/lib/python3.10/dist-packages/micro_ros_msgs/_micro_ros_msgs_s.ep.rosidl_typesupport_fastrtps_c.c
[1.953s] -- Up-to-date symlink: /home/aajaer/microros_ws/install/micro_ros_msgs/local/lib/python3.10/dist-packages/micro_ros_msgs/_micro_ros_msgs_s.ep.rosidl_typesupport_introspection_c.c
[1.956s] -- Up-to-date symlink: /home/aajaer/microros_ws/install/micro_ros_msgs/local/lib/python3.10/dist-packages/micro_ros_msgs/_micro_ros_msgs_s.ep.rosidl_typesupport_microxrcedds_c.c
[1.956s] -- Up-to-date symlink: /home/aajaer/microros_ws/install/micro_ros_msgs/local/lib/python3.10/dist-packages/micro_ros_msgs/libmicro_ros_msgs__rosidl_generator_py.so
[1.957s] -- Up-to-date symlink: /home/aajaer/microros_ws/install/micro_ros_msgs/local/lib/python3.10/dist-packages/micro_ros_msgs/micro_ros_msgs_s__rosidl_typesupport_c.cpython-310-aarch64-linux-gnu.so
[1.957s] -- Up-to-date symlink: /home/aajaer/microros_ws/install/micro_ros_msgs/local/lib/python3.10/dist-packages/micro_ros_msgs/micro_ros_msgs_s__rosidl_typesupport_fastrtps_c.cpython-310-aarch64-linux-gnu.so
[1.957s] -- Up-to-date symlink: /home/aajaer/microros_ws/install/micro_ros_msgs/local/lib/python3.10/dist-packages/micro_ros_msgs/micro_ros_msgs_s__rosidl_typesupport_introspection_c.cpython-310-aarch64-linux-gnu.so
[1.958s] -- Up-to-date symlink: /home/aajaer/microros_ws/install/micro_ros_msgs/local/lib/python3.10/dist-packages/micro_ros_msgs/micro_ros_msgs_s__rosidl_typesupport_microxrcedds_c.cpython-310-aarch64-linux-gnu.so
[1.958s] -- Up-to-date symlink: /home/aajaer/microros_ws/install/micro_ros_msgs/local/lib/python3.10/dist-packages/micro_ros_msgs/msg/__init__.py
[1.958s] -- Up-to-date symlink: /home/aajaer/microros_ws/install/micro_ros_msgs/local/lib/python3.10/dist-packages/micro_ros_msgs/msg/_entity.py
[1.958s] -- Up-to-date symlink: /home/aajaer/microros_ws/install/micro_ros_msgs/local/lib/python3.10/dist-packages/micro_ros_msgs/msg/_entity_s.c
[1.959s] -- Up-to-date symlink: /home/aajaer/microros_ws/install/micro_ros_msgs/local/lib/python3.10/dist-packages/micro_ros_msgs/msg/_graph.py
[1.959s] -- Up-to-date symlink: /home/aajaer/microros_ws/install/micro_ros_msgs/local/lib/python3.10/dist-packages/micro_ros_msgs/msg/_graph_s.c
[1.960s] -- Up-to-date symlink: /home/aajaer/microros_ws/install/micro_ros_msgs/local/lib/python3.10/dist-packages/micro_ros_msgs/msg/_node.py
[1.960s] -- Up-to-date symlink: /home/aajaer/microros_ws/install/micro_ros_msgs/local/lib/python3.10/dist-packages/micro_ros_msgs/msg/_node_s.c
[1.960s] -- Up-to-date symlink: /home/aajaer/microros_ws/install/micro_ros_msgs/local/lib/python3.10/dist-packages/micro_ros_msgs/micro_ros_msgs_s__rosidl_typesupport_microxrcedds_c.cpython-310-aarch64-linux-gnu.so
[1.960s] -- Up-to-date symlink: /home/aajaer/microros_ws/install/micro_ros_msgs/local/lib/python3.10/dist-packages/micro_ros_msgs/micro_ros_msgs_s__rosidl_typesupport_fastrtps_c.cpython-310-aarch64-linux-gnu.so
[1.961s] -- Up-to-date symlink: /home/aajaer/microros_ws/install/micro_ros_msgs/local/lib/python3.10/dist-packages/micro_ros_msgs/micro_ros_msgs_s__rosidl_typesupport_introspection_c.cpython-310-aarch64-linux-gnu.so
[1.961s] -- Up-to-date symlink: /home/aajaer/microros_ws/install/micro_ros_msgs/local/lib/python3.10/dist-packages/micro_ros_msgs/micro_ros_msgs_s__rosidl_typesupport_c.cpython-310-aarch64-linux-gnu.so
[1.961s] -- Up-to-date symlink: /home/aajaer/microros_ws/install/micro_ros_msgs/share/micro_ros_msgs/msg/Graph.idl
[1.961s] -- Up-to-date symlink: /home/aajaer/microros_ws/install/micro_ros_msgs/share/micro_ros_msgs/msg/Node.idl
[1.961s] -- Up-to-date symlink: /home/aajaer/microros_ws/install/micro_ros_msgs/share/micro_ros_msgs/msg/Entity.idl
[1.961s] -- Up-to-date symlink: /home/aajaer/microros_ws/install/micro_ros_msgs/share/micro_ros_msgs/msg/Graph.msg
[1.961s] -- Up-to-date symlink: /home/aajaer/microros_ws/install/micro_ros_msgs/share/micro_ros_msgs/msg/Node.msg
[1.961s] -- Up-to-date symlink: /home/aajaer/microros_ws/install/micro_ros_msgs/share/micro_ros_msgs/msg/Entity.msg
[1.962s] -- Up-to-date symlink: /home/aajaer/microros_ws/install/micro_ros_msgs/share/ament_index/resource_index/package_run_dependencies/micro_ros_msgs
[1.962s] -- Up-to-date symlink: /home/aajaer/microros_ws/install/micro_ros_msgs/share/ament_index/resource_index/parent_prefix_path/micro_ros_msgs
[1.966s] -- Up-to-date symlink: /home/aajaer/microros_ws/install/micro_ros_msgs/share/micro_ros_msgs/environment/ament_prefix_path.sh
[1.966s] -- Up-to-date symlink: /home/aajaer/microros_ws/install/micro_ros_msgs/share/micro_ros_msgs/environment/ament_prefix_path.dsv
[1.967s] -- Up-to-date symlink: /home/aajaer/microros_ws/install/micro_ros_msgs/share/micro_ros_msgs/environment/path.sh
[1.969s] -- Up-to-date symlink: /home/aajaer/microros_ws/install/micro_ros_msgs/share/micro_ros_msgs/environment/path.dsv
[1.969s] -- Up-to-date symlink: /home/aajaer/microros_ws/install/micro_ros_msgs/share/micro_ros_msgs/local_setup.bash
[1.969s] -- Up-to-date symlink: /home/aajaer/microros_ws/install/micro_ros_msgs/share/micro_ros_msgs/local_setup.sh
[1.969s] -- Up-to-date symlink: /home/aajaer/microros_ws/install/micro_ros_msgs/share/micro_ros_msgs/local_setup.zsh
[1.969s] -- Up-to-date symlink: /home/aajaer/microros_ws/install/micro_ros_msgs/share/micro_ros_msgs/local_setup.dsv
[1.970s] -- Symlinking: /home/aajaer/microros_ws/install/micro_ros_msgs/share/micro_ros_msgs/package.dsv
[1.994s] -- Up-to-date symlink: /home/aajaer/microros_ws/install/micro_ros_msgs/share/ament_index/resource_index/packages/micro_ros_msgs
[1.995s] -- Up-to-date symlink: /home/aajaer/microros_ws/install/micro_ros_msgs/share/micro_ros_msgs/cmake/rosidl_cmake-extras.cmake
[1.995s] -- Up-to-date symlink: /home/aajaer/microros_ws/install/micro_ros_msgs/share/micro_ros_msgs/cmake/ament_cmake_export_include_directories-extras.cmake
[1.995s] -- Up-to-date symlink: /home/aajaer/microros_ws/install/micro_ros_msgs/share/micro_ros_msgs/cmake/ament_cmake_export_libraries-extras.cmake
[1.995s] -- Up-to-date symlink: /home/aajaer/microros_ws/install/micro_ros_msgs/share/micro_ros_msgs/cmake/ament_cmake_export_targets-extras.cmake
[1.995s] -- Up-to-date symlink: /home/aajaer/microros_ws/install/micro_ros_msgs/share/micro_ros_msgs/cmake/rosidl_cmake_export_typesupport_targets-extras.cmake
[1.995s] -- Up-to-date symlink: /home/aajaer/microros_ws/install/micro_ros_msgs/share/micro_ros_msgs/cmake/ament_cmake_export_dependencies-extras.cmake
[1.995s] -- Up-to-date symlink: /home/aajaer/microros_ws/install/micro_ros_msgs/share/micro_ros_msgs/cmake/rosidl_cmake_export_typesupport_libraries-extras.cmake
[1.996s] -- Up-to-date symlink: /home/aajaer/microros_ws/install/micro_ros_msgs/share/micro_ros_msgs/cmake/micro_ros_msgsConfig.cmake
[1.996s] -- Up-to-date symlink: /home/aajaer/microros_ws/install/micro_ros_msgs/share/micro_ros_msgs/cmake/micro_ros_msgsConfig-version.cmake
[1.996s] -- Up-to-date symlink: /home/aajaer/microros_ws/install/micro_ros_msgs/share/micro_ros_msgs/package.xml
[1.996s] -- Up-to-date: /home/aajaer/microros_ws/install/micro_ros_msgs/lib/libmicro_ros_msgs__rosidl_generator_c.so
[1.996s] -- Up-to-date: /home/aajaer/microros_ws/install/micro_ros_msgs/lib/libmicro_ros_msgs__rosidl_typesupport_fastrtps_c.so
[1.996s] -- Up-to-date: /home/aajaer/microros_ws/install/micro_ros_msgs/lib/libmicro_ros_msgs__rosidl_typesupport_introspection_c.so
[1.996s] -- Up-to-date: /home/aajaer/microros_ws/install/micro_ros_msgs/lib/libmicro_ros_msgs__rosidl_typesupport_c.so
[1.996s] -- Up-to-date: /home/aajaer/microros_ws/install/micro_ros_msgs/lib/libmicro_ros_msgs__rosidl_typesupport_fastrtps_cpp.so
[1.997s] -- Up-to-date: /home/aajaer/microros_ws/install/micro_ros_msgs/lib/libmicro_ros_msgs__rosidl_typesupport_introspection_cpp.so
[1.997s] -- Up-to-date: /home/aajaer/microros_ws/install/micro_ros_msgs/lib/libmicro_ros_msgs__rosidl_typesupport_cpp.so
[2.048s] Listing '/home/aajaer/microros_ws/install/micro_ros_msgs/local/lib/python3.10/dist-packages/micro_ros_msgs'...
[2.048s] Listing '/home/aajaer/microros_ws/install/micro_ros_msgs/local/lib/python3.10/dist-packages/micro_ros_msgs/msg'...
[2.052s] -- Up-to-date: /home/aajaer/microros_ws/install/micro_ros_msgs/lib/libmicro_ros_msgs__rosidl_generator_py.so
[2.053s] -- Up-to-date: /home/aajaer/microros_ws/install/micro_ros_msgs/share/micro_ros_msgs/cmake/export_micro_ros_msgs__rosidl_generator_cExport.cmake
[2.053s] -- Up-to-date: /home/aajaer/microros_ws/install/micro_ros_msgs/share/micro_ros_msgs/cmake/export_micro_ros_msgs__rosidl_generator_cExport-noconfig.cmake
[2.054s] -- Up-to-date: /home/aajaer/microros_ws/install/micro_ros_msgs/share/micro_ros_msgs/cmake/export_micro_ros_msgs__rosidl_typesupport_fastrtps_cExport.cmake
[2.054s] -- Up-to-date: /home/aajaer/microros_ws/install/micro_ros_msgs/share/micro_ros_msgs/cmake/export_micro_ros_msgs__rosidl_typesupport_fastrtps_cExport-noconfig.cmake
[2.054s] -- Up-to-date: /home/aajaer/microros_ws/install/micro_ros_msgs/share/micro_ros_msgs/cmake/micro_ros_msgs__rosidl_typesupport_introspection_cExport.cmake
[2.054s] -- Up-to-date: /home/aajaer/microros_ws/install/micro_ros_msgs/share/micro_ros_msgs/cmake/micro_ros_msgs__rosidl_typesupport_introspection_cExport-noconfig.cmake
[2.054s] -- Up-to-date: /home/aajaer/microros_ws/install/micro_ros_msgs/share/micro_ros_msgs/cmake/micro_ros_msgs__rosidl_typesupport_cExport.cmake
[2.054s] -- Up-to-date: /home/aajaer/microros_ws/install/micro_ros_msgs/share/micro_ros_msgs/cmake/micro_ros_msgs__rosidl_typesupport_cExport-noconfig.cmake
[2.054s] -- Up-to-date: /home/aajaer/microros_ws/install/micro_ros_msgs/share/micro_ros_msgs/cmake/export_micro_ros_msgs__rosidl_generator_cppExport.cmake
[2.054s] -- Up-to-date: /home/aajaer/microros_ws/install/micro_ros_msgs/share/micro_ros_msgs/cmake/export_micro_ros_msgs__rosidl_typesupport_fastrtps_cppExport.cmake
[2.055s] -- Up-to-date: /home/aajaer/microros_ws/install/micro_ros_msgs/share/micro_ros_msgs/cmake/export_micro_ros_msgs__rosidl_typesupport_fastrtps_cppExport-noconfig.cmake
[2.055s] -- Up-to-date: /home/aajaer/microros_ws/install/micro_ros_msgs/share/micro_ros_msgs/cmake/micro_ros_msgs__rosidl_typesupport_introspection_cppExport.cmake
[2.055s] -- Up-to-date: /home/aajaer/microros_ws/install/micro_ros_msgs/share/micro_ros_msgs/cmake/micro_ros_msgs__rosidl_typesupport_introspection_cppExport-noconfig.cmake
[2.055s] -- Up-to-date: /home/aajaer/microros_ws/install/micro_ros_msgs/share/micro_ros_msgs/cmake/micro_ros_msgs__rosidl_typesupport_cppExport.cmake
[2.055s] -- Up-to-date: /home/aajaer/microros_ws/install/micro_ros_msgs/share/micro_ros_msgs/cmake/micro_ros_msgs__rosidl_typesupport_cppExport-noconfig.cmake
[2.056s] -- Up-to-date: /home/aajaer/microros_ws/install/micro_ros_msgs/share/micro_ros_msgs/cmake/export_micro_ros_msgs__rosidl_generator_pyExport.cmake
[2.057s] -- Up-to-date: /home/aajaer/microros_ws/install/micro_ros_msgs/share/micro_ros_msgs/cmake/export_micro_ros_msgs__rosidl_generator_pyExport-noconfig.cmake
[2.185s] Invoked command in '/home/aajaer/microros_ws/build/micro_ros_msgs' returned '0': CMAKE_PREFIX_PATH=${CMAKE_PREFIX_PATH}:/home/aajaer/microros_ws/install/sensor_msgs_py:/home/aajaer/microros_ws/install/motor_control_pkg /usr/bin/cmake --install /home/aajaer/microros_ws/build/micro_ros_msgs
