[0.016s] Invoking command in '/home/aajaer/microros_ws/build/microxrcedds_client': CMAKE_PREFIX_PATH=/home/aajaer/microros_ws/install/microcdr:/home/aajaer/microros_ws/install/micro_ros_demos_rclc:/home/aajaer/microros_ws/install/common_interfaces:/home/aajaer/microros_ws/install/visualization_msgs:/home/aajaer/microros_ws/install/test_msgs:/home/aajaer/microros_ws/install/example_interfaces:/home/aajaer/microros_ws/install/action_msgs:/home/aajaer/microros_ws/install/unique_identifier_msgs:/home/aajaer/microros_ws/install/trajectory_msgs:/home/aajaer/microros_ws/install/stereo_msgs:/home/aajaer/microros_ws/install/sllidar_ros2:/home/aajaer/microros_ws/install/std_srvs:/home/aajaer/microros_ws/install/shape_msgs:/home/aajaer/microros_ws/install/sensor_msgs:/home/aajaer/microros_ws/install/nav_msgs:/home/aajaer/microros_ws/install/diagnostic_msgs:/home/aajaer/microros_ws/install/geometry_msgs:/home/aajaer/microros_ws/install/actionlib_msgs:/home/aajaer/microros_ws/install/std_msgs:/home/aajaer/microros_ws/install/statistics_msgs:/home/aajaer/microros_ws/install/rosidl_typesupport_microxrcedds_test_msg:/home/aajaer/microros_ws/install/rosidl_typesupport_microxrcedds_cpp_tests:/home/aajaer/microros_ws/install/rmw_microxrcedds:/home/aajaer/microros_ws/install/rosidl_typesupport_microxrcedds_cpp:/home/aajaer/microros_ws/install/rosidl_typesupport_microxrcedds_c_tests:/home/aajaer/microros_ws/install/rosidl_typesupport_microxrcedds_c:/home/aajaer/microros_ws/install/rosgraph_msgs:/home/aajaer/microros_ws/install/rclc_parameter:/home/aajaer/microros_ws/install/rclc:/home/aajaer/microros_ws/install/composition_interfaces:/home/aajaer/microros_ws/install/rcl_interfaces:/home/aajaer/microros_ws/install/microxrcedds_client:/home/aajaer/microros_ws/install/micro_ros_utilities:/home/aajaer/microros_ws/install/micro_ros_setup:/home/aajaer/microros_ws/install/micro_ros_agent:/home/aajaer/microros_ws/install/micro_ros_msgs:/home/aajaer/microros_ws/install/lifecycle_msgs:/home/aajaer/microros_ws/install/complex_msgs:/home/aajaer/microros_ws/install/builtin_interfaces:/opt/ros/humble:/opt/ros/humble /usr/bin/cmake --build /home/aajaer/microros_ws/build/microxrcedds_client -- -j8 -l8
[0.858s] [100%] Built target microxrcedds_client
[0.866s] Invoked command in '/home/aajaer/microros_ws/build/microxrcedds_client' returned '0': CMAKE_PREFIX_PATH=/home/aajaer/microros_ws/install/microcdr:/home/aajaer/microros_ws/install/micro_ros_demos_rclc:/home/aajaer/microros_ws/install/common_interfaces:/home/aajaer/microros_ws/install/visualization_msgs:/home/aajaer/microros_ws/install/test_msgs:/home/aajaer/microros_ws/install/example_interfaces:/home/aajaer/microros_ws/install/action_msgs:/home/aajaer/microros_ws/install/unique_identifier_msgs:/home/aajaer/microros_ws/install/trajectory_msgs:/home/aajaer/microros_ws/install/stereo_msgs:/home/aajaer/microros_ws/install/sllidar_ros2:/home/aajaer/microros_ws/install/std_srvs:/home/aajaer/microros_ws/install/shape_msgs:/home/aajaer/microros_ws/install/sensor_msgs:/home/aajaer/microros_ws/install/nav_msgs:/home/aajaer/microros_ws/install/diagnostic_msgs:/home/aajaer/microros_ws/install/geometry_msgs:/home/aajaer/microros_ws/install/actionlib_msgs:/home/aajaer/microros_ws/install/std_msgs:/home/aajaer/microros_ws/install/statistics_msgs:/home/aajaer/microros_ws/install/rosidl_typesupport_microxrcedds_test_msg:/home/aajaer/microros_ws/install/rosidl_typesupport_microxrcedds_cpp_tests:/home/aajaer/microros_ws/install/rmw_microxrcedds:/home/aajaer/microros_ws/install/rosidl_typesupport_microxrcedds_cpp:/home/aajaer/microros_ws/install/rosidl_typesupport_microxrcedds_c_tests:/home/aajaer/microros_ws/install/rosidl_typesupport_microxrcedds_c:/home/aajaer/microros_ws/install/rosgraph_msgs:/home/aajaer/microros_ws/install/rclc_parameter:/home/aajaer/microros_ws/install/rclc:/home/aajaer/microros_ws/install/composition_interfaces:/home/aajaer/microros_ws/install/rcl_interfaces:/home/aajaer/microros_ws/install/microxrcedds_client:/home/aajaer/microros_ws/install/micro_ros_utilities:/home/aajaer/microros_ws/install/micro_ros_setup:/home/aajaer/microros_ws/install/micro_ros_agent:/home/aajaer/microros_ws/install/micro_ros_msgs:/home/aajaer/microros_ws/install/lifecycle_msgs:/home/aajaer/microros_ws/install/complex_msgs:/home/aajaer/microros_ws/install/builtin_interfaces:/opt/ros/humble:/opt/ros/humble /usr/bin/cmake --build /home/aajaer/microros_ws/build/microxrcedds_client -- -j8 -l8
[0.871s] Invoking command in '/home/aajaer/microros_ws/build/microxrcedds_client': CMAKE_PREFIX_PATH=/home/aajaer/microros_ws/install/microcdr:/home/aajaer/microros_ws/install/micro_ros_demos_rclc:/home/aajaer/microros_ws/install/common_interfaces:/home/aajaer/microros_ws/install/visualization_msgs:/home/aajaer/microros_ws/install/test_msgs:/home/aajaer/microros_ws/install/example_interfaces:/home/aajaer/microros_ws/install/action_msgs:/home/aajaer/microros_ws/install/unique_identifier_msgs:/home/aajaer/microros_ws/install/trajectory_msgs:/home/aajaer/microros_ws/install/stereo_msgs:/home/aajaer/microros_ws/install/sllidar_ros2:/home/aajaer/microros_ws/install/std_srvs:/home/aajaer/microros_ws/install/shape_msgs:/home/aajaer/microros_ws/install/sensor_msgs:/home/aajaer/microros_ws/install/nav_msgs:/home/aajaer/microros_ws/install/diagnostic_msgs:/home/aajaer/microros_ws/install/geometry_msgs:/home/aajaer/microros_ws/install/actionlib_msgs:/home/aajaer/microros_ws/install/std_msgs:/home/aajaer/microros_ws/install/statistics_msgs:/home/aajaer/microros_ws/install/rosidl_typesupport_microxrcedds_test_msg:/home/aajaer/microros_ws/install/rosidl_typesupport_microxrcedds_cpp_tests:/home/aajaer/microros_ws/install/rmw_microxrcedds:/home/aajaer/microros_ws/install/rosidl_typesupport_microxrcedds_cpp:/home/aajaer/microros_ws/install/rosidl_typesupport_microxrcedds_c_tests:/home/aajaer/microros_ws/install/rosidl_typesupport_microxrcedds_c:/home/aajaer/microros_ws/install/rosgraph_msgs:/home/aajaer/microros_ws/install/rclc_parameter:/home/aajaer/microros_ws/install/rclc:/home/aajaer/microros_ws/install/composition_interfaces:/home/aajaer/microros_ws/install/rcl_interfaces:/home/aajaer/microros_ws/install/microxrcedds_client:/home/aajaer/microros_ws/install/micro_ros_utilities:/home/aajaer/microros_ws/install/micro_ros_setup:/home/aajaer/microros_ws/install/micro_ros_agent:/home/aajaer/microros_ws/install/micro_ros_msgs:/home/aajaer/microros_ws/install/lifecycle_msgs:/home/aajaer/microros_ws/install/complex_msgs:/home/aajaer/microros_ws/install/builtin_interfaces:/opt/ros/humble:/opt/ros/humble /usr/bin/cmake --install /home/aajaer/microros_ws/build/microxrcedds_client
[1.051s] -- Install configuration: "Release"
[1.051s] -- Up-to-date: /home/aajaer/microros_ws/install/microxrcedds_client/lib/libmicroxrcedds_client.a
[1.051s] -- Up-to-date: /home/aajaer/microros_ws/install/microxrcedds_client/include/uxr/client
[1.051s] -- Up-to-date: /home/aajaer/microros_ws/install/microxrcedds_client/include/uxr/client/profile
[1.052s] -- Up-to-date: /home/aajaer/microros_ws/install/microxrcedds_client/include/uxr/client/profile/multithread
[1.052s] -- Up-to-date: /home/aajaer/microros_ws/install/microxrcedds_client/include/uxr/client/profile/multithread/multithread.h
[1.052s] -- Up-to-date: /home/aajaer/microros_ws/install/microxrcedds_client/include/uxr/client/profile/transport
[1.053s] -- Up-to-date: /home/aajaer/microros_ws/install/microxrcedds_client/include/uxr/client/profile/transport/serial
[1.053s] -- Up-to-date: /home/aajaer/microros_ws/install/microxrcedds_client/include/uxr/client/profile/transport/serial/serial_transport_rtems_bsd_net.h
[1.053s] -- Up-to-date: /home/aajaer/microros_ws/install/microxrcedds_client/include/uxr/client/profile/transport/serial/serial_transport.h
[1.053s] -- Up-to-date: /home/aajaer/microros_ws/install/microxrcedds_client/include/uxr/client/profile/transport/serial/serial_transport_posix.h
[1.054s] -- Up-to-date: /home/aajaer/microros_ws/install/microxrcedds_client/include/uxr/client/profile/transport/serial/serial_transport_platform.h
[1.054s] -- Up-to-date: /home/aajaer/microros_ws/install/microxrcedds_client/include/uxr/client/profile/transport/stream_framing
[1.054s] -- Up-to-date: /home/aajaer/microros_ws/install/microxrcedds_client/include/uxr/client/profile/transport/stream_framing/stream_framing_protocol.h
[1.054s] -- Up-to-date: /home/aajaer/microros_ws/install/microxrcedds_client/include/uxr/client/profile/transport/can
[1.055s] -- Up-to-date: /home/aajaer/microros_ws/install/microxrcedds_client/include/uxr/client/profile/transport/can/can_transport_posix.h
[1.055s] -- Up-to-date: /home/aajaer/microros_ws/install/microxrcedds_client/include/uxr/client/profile/transport/can/can_transport.h
[1.055s] -- Up-to-date: /home/aajaer/microros_ws/install/microxrcedds_client/include/uxr/client/profile/transport/ip
[1.055s] -- Up-to-date: /home/aajaer/microros_ws/install/microxrcedds_client/include/uxr/client/profile/transport/ip/udp
[1.055s] -- Up-to-date: /home/aajaer/microros_ws/install/microxrcedds_client/include/uxr/client/profile/transport/ip/udp/udp_transport_freertos_plus_tcp.h
[1.056s] -- Up-to-date: /home/aajaer/microros_ws/install/microxrcedds_client/include/uxr/client/profile/transport/ip/udp/udp_transport_windows.h
[1.056s] -- Up-to-date: /home/aajaer/microros_ws/install/microxrcedds_client/include/uxr/client/profile/transport/ip/udp/udp_transport_posix_nopoll.h
[1.056s] -- Up-to-date: /home/aajaer/microros_ws/install/microxrcedds_client/include/uxr/client/profile/transport/ip/udp/udp_transport_rtems_bsd_net.h
[1.056s] -- Up-to-date: /home/aajaer/microros_ws/install/microxrcedds_client/include/uxr/client/profile/transport/ip/udp/udp_transport_posix.h
[1.056s] -- Up-to-date: /home/aajaer/microros_ws/install/microxrcedds_client/include/uxr/client/profile/transport/ip/udp/udp_transport.h
[1.057s] -- Up-to-date: /home/aajaer/microros_ws/install/microxrcedds_client/include/uxr/client/profile/transport/ip/tcp
[1.057s] -- Up-to-date: /home/aajaer/microros_ws/install/microxrcedds_client/include/uxr/client/profile/transport/ip/tcp/tcp_transport_rtems_bsd_net.h
[1.057s] -- Up-to-date: /home/aajaer/microros_ws/install/microxrcedds_client/include/uxr/client/profile/transport/ip/tcp/tcp_transport.h
[1.058s] -- Up-to-date: /home/aajaer/microros_ws/install/microxrcedds_client/include/uxr/client/profile/transport/ip/tcp/tcp_transport_freertos_plus_tcp.h
[1.059s] -- Up-to-date: /home/aajaer/microros_ws/install/microxrcedds_client/include/uxr/client/profile/transport/ip/tcp/tcp_transport_posix_nopoll.h
[1.059s] -- Up-to-date: /home/aajaer/microros_ws/install/microxrcedds_client/include/uxr/client/profile/transport/ip/tcp/tcp_transport_windows.h
[1.060s] -- Up-to-date: /home/aajaer/microros_ws/install/microxrcedds_client/include/uxr/client/profile/transport/ip/tcp/tcp_transport_posix.h
[1.066s] -- Up-to-date: /home/aajaer/microros_ws/install/microxrcedds_client/include/uxr/client/profile/transport/ip/ip.h
[1.067s] -- Up-to-date: /home/aajaer/microros_ws/install/microxrcedds_client/include/uxr/client/profile/transport/custom
[1.067s] -- Up-to-date: /home/aajaer/microros_ws/install/microxrcedds_client/include/uxr/client/profile/transport/custom/custom_transport.h
[1.067s] -- Up-to-date: /home/aajaer/microros_ws/install/microxrcedds_client/include/uxr/client/profile/discovery
[1.068s] -- Up-to-date: /home/aajaer/microros_ws/install/microxrcedds_client/include/uxr/client/profile/discovery/discovery.h
[1.068s] -- Up-to-date: /home/aajaer/microros_ws/install/microxrcedds_client/include/uxr/client/defines.h
[1.069s] -- Up-to-date: /home/aajaer/microros_ws/install/microxrcedds_client/include/uxr/client/core
[1.069s] -- Up-to-date: /home/aajaer/microros_ws/install/microxrcedds_client/include/uxr/client/core/type
[1.070s] -- Up-to-date: /home/aajaer/microros_ws/install/microxrcedds_client/include/uxr/client/core/type/xrce_types.h
[1.070s] -- Up-to-date: /home/aajaer/microros_ws/install/microxrcedds_client/include/uxr/client/core/communication
[1.070s] -- Up-to-date: /home/aajaer/microros_ws/install/microxrcedds_client/include/uxr/client/core/communication/communication.h
[1.071s] -- Up-to-date: /home/aajaer/microros_ws/install/microxrcedds_client/include/uxr/client/core/session
[1.071s] -- Up-to-date: /home/aajaer/microros_ws/install/microxrcedds_client/include/uxr/client/core/session/write_access.h
[1.071s] -- Up-to-date: /home/aajaer/microros_ws/install/microxrcedds_client/include/uxr/client/core/session/create_entities_ref.h
[1.072s] -- Up-to-date: /home/aajaer/microros_ws/install/microxrcedds_client/include/uxr/client/core/session/create_entities_bin.h
[1.072s] -- Up-to-date: /home/aajaer/microros_ws/install/microxrcedds_client/include/uxr/client/core/session/read_access.h
[1.072s] -- Up-to-date: /home/aajaer/microros_ws/install/microxrcedds_client/include/uxr/client/core/session/session_info.h
[1.072s] -- Up-to-date: /home/aajaer/microros_ws/install/microxrcedds_client/include/uxr/client/core/session/common_create_entities.h
[1.073s] -- Up-to-date: /home/aajaer/microros_ws/install/microxrcedds_client/include/uxr/client/core/session/stream
[1.073s] -- Up-to-date: /home/aajaer/microros_ws/install/microxrcedds_client/include/uxr/client/core/session/stream/reliable_stream.h
[1.073s] -- Up-to-date: /home/aajaer/microros_ws/install/microxrcedds_client/include/uxr/client/core/session/stream/stream_id.h
[1.073s] -- Up-to-date: /home/aajaer/microros_ws/install/microxrcedds_client/include/uxr/client/core/session/stream/seq_num.h
[1.074s] -- Up-to-date: /home/aajaer/microros_ws/install/microxrcedds_client/include/uxr/client/core/session/stream/output_reliable_stream.h
[1.075s] -- Up-to-date: /home/aajaer/microros_ws/install/microxrcedds_client/include/uxr/client/core/session/stream/input_reliable_stream.h
[1.076s] -- Up-to-date: /home/aajaer/microros_ws/install/microxrcedds_client/include/uxr/client/core/session/stream/output_best_effort_stream.h
[1.076s] -- Up-to-date: /home/aajaer/microros_ws/install/microxrcedds_client/include/uxr/client/core/session/stream/input_best_effort_stream.h
[1.076s] -- Up-to-date: /home/aajaer/microros_ws/install/microxrcedds_client/include/uxr/client/core/session/stream/stream_storage.h
[1.076s] -- Up-to-date: /home/aajaer/microros_ws/install/microxrcedds_client/include/uxr/client/core/session/session.h
[1.077s] -- Up-to-date: /home/aajaer/microros_ws/install/microxrcedds_client/include/uxr/client/core/session/create_entities_xml.h
[1.077s] -- Up-to-date: /home/aajaer/microros_ws/install/microxrcedds_client/include/uxr/client/core/session/time_sync.h
[1.077s] -- Up-to-date: /home/aajaer/microros_ws/install/microxrcedds_client/include/uxr/client/core/session/object_id.h
[1.077s] -- Up-to-date: /home/aajaer/microros_ws/install/microxrcedds_client/include/uxr/client/client.h
[1.078s] -- Up-to-date: /home/aajaer/microros_ws/install/microxrcedds_client/include/uxr/client/util
[1.078s] -- Up-to-date: /home/aajaer/microros_ws/install/microxrcedds_client/include/uxr/client/util/time.h
[1.078s] -- Up-to-date: /home/aajaer/microros_ws/install/microxrcedds_client/include/uxr/client/util/ping.h
[1.078s] -- Up-to-date: /home/aajaer/microros_ws/install/microxrcedds_client/include/uxr/client/visibility.h
[1.079s] -- Up-to-date: /home/aajaer/microros_ws/install/microxrcedds_client/include/uxr/client/transport.h
[1.079s] -- Up-to-date: /home/aajaer/microros_ws/install/microxrcedds_client/include/uxr/client/config.h
[1.079s] -- Up-to-date: /home/aajaer/microros_ws/install/microxrcedds_client/share/microxrcedds_client/cmake/microxrcedds_clientTargets.cmake
[1.079s] -- Up-to-date: /home/aajaer/microros_ws/install/microxrcedds_client/share/microxrcedds_client/cmake/microxrcedds_clientTargets-release.cmake
[1.079s] -- Up-to-date: /home/aajaer/microros_ws/install/microxrcedds_client/share/microxrcedds_client/cmake/microxrcedds_clientConfig.cmake
[1.080s] -- Up-to-date: /home/aajaer/microros_ws/install/microxrcedds_client/share/microxrcedds_client/cmake/microxrcedds_clientConfigVersion.cmake
[1.097s] Invoked command in '/home/aajaer/microros_ws/build/microxrcedds_client' returned '0': CMAKE_PREFIX_PATH=/home/aajaer/microros_ws/install/microcdr:/home/aajaer/microros_ws/install/micro_ros_demos_rclc:/home/aajaer/microros_ws/install/common_interfaces:/home/aajaer/microros_ws/install/visualization_msgs:/home/aajaer/microros_ws/install/test_msgs:/home/aajaer/microros_ws/install/example_interfaces:/home/aajaer/microros_ws/install/action_msgs:/home/aajaer/microros_ws/install/unique_identifier_msgs:/home/aajaer/microros_ws/install/trajectory_msgs:/home/aajaer/microros_ws/install/stereo_msgs:/home/aajaer/microros_ws/install/sllidar_ros2:/home/aajaer/microros_ws/install/std_srvs:/home/aajaer/microros_ws/install/shape_msgs:/home/aajaer/microros_ws/install/sensor_msgs:/home/aajaer/microros_ws/install/nav_msgs:/home/aajaer/microros_ws/install/diagnostic_msgs:/home/aajaer/microros_ws/install/geometry_msgs:/home/aajaer/microros_ws/install/actionlib_msgs:/home/aajaer/microros_ws/install/std_msgs:/home/aajaer/microros_ws/install/statistics_msgs:/home/aajaer/microros_ws/install/rosidl_typesupport_microxrcedds_test_msg:/home/aajaer/microros_ws/install/rosidl_typesupport_microxrcedds_cpp_tests:/home/aajaer/microros_ws/install/rmw_microxrcedds:/home/aajaer/microros_ws/install/rosidl_typesupport_microxrcedds_cpp:/home/aajaer/microros_ws/install/rosidl_typesupport_microxrcedds_c_tests:/home/aajaer/microros_ws/install/rosidl_typesupport_microxrcedds_c:/home/aajaer/microros_ws/install/rosgraph_msgs:/home/aajaer/microros_ws/install/rclc_parameter:/home/aajaer/microros_ws/install/rclc:/home/aajaer/microros_ws/install/composition_interfaces:/home/aajaer/microros_ws/install/rcl_interfaces:/home/aajaer/microros_ws/install/microxrcedds_client:/home/aajaer/microros_ws/install/micro_ros_utilities:/home/aajaer/microros_ws/install/micro_ros_setup:/home/aajaer/microros_ws/install/micro_ros_agent:/home/aajaer/microros_ws/install/micro_ros_msgs:/home/aajaer/microros_ws/install/lifecycle_msgs:/home/aajaer/microros_ws/install/complex_msgs:/home/aajaer/microros_ws/install/builtin_interfaces:/opt/ros/humble:/opt/ros/humble /usr/bin/cmake --install /home/aajaer/microros_ws/build/microxrcedds_client
