[2.699s] Invoking command in '/home/aajaer/microros_ws/build/motor_control_pkg': AMENT_PREFIX_PATH=/home/aajaer/microros_ws/install/sensor_msgs:/home/aajaer/microros_ws/install/geometry_msgs:/home/aajaer/microros_ws/install/std_msgs:/home/aajaer/microros_ws/install/builtin_interfaces:${AMENT_PREFIX_PATH} CMAKE_PREFIX_PATH=/home/aajaer/microros_ws/install/sensor_msgs:/home/aajaer/microros_ws/install/geometry_msgs:/home/aajaer/microros_ws/install/std_msgs:/home/aajaer/microros_ws/install/builtin_interfaces:/opt/ros/humble:/opt/ros/humble LD_LIBRARY_PATH=/home/aajaer/microros_ws/install/sensor_msgs/lib:/home/aajaer/microros_ws/install/geometry_msgs/lib:/home/aajaer/microros_ws/install/std_msgs/lib:/home/aajaer/microros_ws/install/builtin_interfaces/lib:/opt/ros/humble/opt/rviz_ogre_vendor/lib:/opt/ros/humble/lib/aarch64-linux-gnu:/opt/ros/humble/lib PYTHONPATH=/home/aajaer/microros_ws/build/motor_control_pkg/prefix_override:/usr/lib/python3/dist-packages/colcon_core/task/python/colcon_distutils_commands:/home/aajaer/microros_ws/install/motor_control_pkg/lib/python3.10/site-packages:/home/aajaer/microros_ws/install/sensor_msgs/local/lib/python3.10/dist-packages:/home/aajaer/microros_ws/install/geometry_msgs/local/lib/python3.10/dist-packages:/home/aajaer/microros_ws/install/std_msgs/local/lib/python3.10/dist-packages:/home/aajaer/microros_ws/install/builtin_interfaces/local/lib/python3.10/dist-packages:${PYTHONPATH} /usr/bin/python3 -W ignore:setup.py install is deprecated -W ignore:easy_install command is deprecated setup.py develop --uninstall --editable --build-directory /home/aajaer/microros_ws/build/motor_control_pkg/build
[3.306s] running develop
[4.161s] Removing /home/aajaer/microros_ws/install/motor_control_pkg/lib/python3.10/site-packages/motor-control-pkg.egg-link (link to .)
[4.447s] Invoked command in '/home/aajaer/microros_ws/build/motor_control_pkg' returned '0': AMENT_PREFIX_PATH=/home/aajaer/microros_ws/install/sensor_msgs:/home/aajaer/microros_ws/install/geometry_msgs:/home/aajaer/microros_ws/install/std_msgs:/home/aajaer/microros_ws/install/builtin_interfaces:${AMENT_PREFIX_PATH} CMAKE_PREFIX_PATH=/home/aajaer/microros_ws/install/sensor_msgs:/home/aajaer/microros_ws/install/geometry_msgs:/home/aajaer/microros_ws/install/std_msgs:/home/aajaer/microros_ws/install/builtin_interfaces:/opt/ros/humble:/opt/ros/humble LD_LIBRARY_PATH=/home/aajaer/microros_ws/install/sensor_msgs/lib:/home/aajaer/microros_ws/install/geometry_msgs/lib:/home/aajaer/microros_ws/install/std_msgs/lib:/home/aajaer/microros_ws/install/builtin_interfaces/lib:/opt/ros/humble/opt/rviz_ogre_vendor/lib:/opt/ros/humble/lib/aarch64-linux-gnu:/opt/ros/humble/lib PYTHONPATH=/home/aajaer/microros_ws/build/motor_control_pkg/prefix_override:/usr/lib/python3/dist-packages/colcon_core/task/python/colcon_distutils_commands:/home/aajaer/microros_ws/install/motor_control_pkg/lib/python3.10/site-packages:/home/aajaer/microros_ws/install/sensor_msgs/local/lib/python3.10/dist-packages:/home/aajaer/microros_ws/install/geometry_msgs/local/lib/python3.10/dist-packages:/home/aajaer/microros_ws/install/std_msgs/local/lib/python3.10/dist-packages:/home/aajaer/microros_ws/install/builtin_interfaces/local/lib/python3.10/dist-packages:${PYTHONPATH} /usr/bin/python3 -W ignore:setup.py install is deprecated -W ignore:easy_install command is deprecated setup.py develop --uninstall --editable --build-directory /home/aajaer/microros_ws/build/motor_control_pkg/build
[4.448s] Invoking command in '/home/aajaer/microros_ws/src/motor_control_pkg': AMENT_PREFIX_PATH=/home/aajaer/microros_ws/install/sensor_msgs:/home/aajaer/microros_ws/install/geometry_msgs:/home/aajaer/microros_ws/install/std_msgs:/home/aajaer/microros_ws/install/builtin_interfaces:${AMENT_PREFIX_PATH} CMAKE_PREFIX_PATH=/home/aajaer/microros_ws/install/sensor_msgs:/home/aajaer/microros_ws/install/geometry_msgs:/home/aajaer/microros_ws/install/std_msgs:/home/aajaer/microros_ws/install/builtin_interfaces:/opt/ros/humble:/opt/ros/humble LD_LIBRARY_PATH=/home/aajaer/microros_ws/install/sensor_msgs/lib:/home/aajaer/microros_ws/install/geometry_msgs/lib:/home/aajaer/microros_ws/install/std_msgs/lib:/home/aajaer/microros_ws/install/builtin_interfaces/lib:/opt/ros/humble/opt/rviz_ogre_vendor/lib:/opt/ros/humble/lib/aarch64-linux-gnu:/opt/ros/humble/lib PYTHONPATH=/home/aajaer/microros_ws/build/motor_control_pkg/prefix_override:/usr/lib/python3/dist-packages/colcon_core/task/python/colcon_distutils_commands:/home/aajaer/microros_ws/install/motor_control_pkg/lib/python3.10/site-packages:/home/aajaer/microros_ws/install/sensor_msgs/local/lib/python3.10/dist-packages:/home/aajaer/microros_ws/install/geometry_msgs/local/lib/python3.10/dist-packages:/home/aajaer/microros_ws/install/std_msgs/local/lib/python3.10/dist-packages:/home/aajaer/microros_ws/install/builtin_interfaces/local/lib/python3.10/dist-packages:${PYTHONPATH} /usr/bin/python3 -W ignore:setup.py install is deprecated -W ignore:easy_install command is deprecated setup.py egg_info --egg-base ../../build/motor_control_pkg build --build-base /home/aajaer/microros_ws/build/motor_control_pkg/build install --record /home/aajaer/microros_ws/build/motor_control_pkg/install.log --single-version-externally-managed install_data --force
[5.702s] running egg_info
[5.721s] writing ../../build/motor_control_pkg/motor_control_pkg.egg-info/PKG-INFO
[5.721s] writing dependency_links to ../../build/motor_control_pkg/motor_control_pkg.egg-info/dependency_links.txt
[5.722s] writing entry points to ../../build/motor_control_pkg/motor_control_pkg.egg-info/entry_points.txt
[5.722s] writing requirements to ../../build/motor_control_pkg/motor_control_pkg.egg-info/requires.txt
[5.722s] writing top-level names to ../../build/motor_control_pkg/motor_control_pkg.egg-info/top_level.txt
[5.728s] reading manifest file '../../build/motor_control_pkg/motor_control_pkg.egg-info/SOURCES.txt'
[5.733s] writing manifest file '../../build/motor_control_pkg/motor_control_pkg.egg-info/SOURCES.txt'
[5.733s] running build
[5.733s] running build_py
[5.743s] running install
[5.744s] running install_lib
[5.749s] creating /home/aajaer/microros_ws/install/motor_control_pkg/lib/python3.10/site-packages/motor_control_pkg
[5.750s] copying /home/aajaer/microros_ws/build/motor_control_pkg/build/lib/motor_control_pkg/lidar_motor_control.py -> /home/aajaer/microros_ws/install/motor_control_pkg/lib/python3.10/site-packages/motor_control_pkg
[5.751s] copying /home/aajaer/microros_ws/build/motor_control_pkg/build/lib/motor_control_pkg/__init__.py -> /home/aajaer/microros_ws/install/motor_control_pkg/lib/python3.10/site-packages/motor_control_pkg
[5.752s] byte-compiling /home/aajaer/microros_ws/install/motor_control_pkg/lib/python3.10/site-packages/motor_control_pkg/lidar_motor_control.py to lidar_motor_control.cpython-310.pyc
[5.754s] byte-compiling /home/aajaer/microros_ws/install/motor_control_pkg/lib/python3.10/site-packages/motor_control_pkg/__init__.py to __init__.cpython-310.pyc
[5.754s] running install_data
[5.754s] copying resource/motor_control_pkg -> /home/aajaer/microros_ws/install/motor_control_pkg/share/ament_index/resource_index/packages
[5.755s] copying package.xml -> /home/aajaer/microros_ws/install/motor_control_pkg/share/motor_control_pkg
[5.755s] copying launch/motor_control_launch.py -> /home/aajaer/microros_ws/install/motor_control_pkg/share/motor_control_pkg/launch
[5.755s] copying launch/slam_launch.py -> /home/aajaer/microros_ws/install/motor_control_pkg/share/motor_control_pkg/launch
[5.756s] running install_egg_info
[5.767s] Copying ../../build/motor_control_pkg/motor_control_pkg.egg-info to /home/aajaer/microros_ws/install/motor_control_pkg/lib/python3.10/site-packages/motor_control_pkg-0.0.0-py3.10.egg-info
[5.776s] running install_scripts
[5.869s] Installing lidar_motor_control script to /home/aajaer/microros_ws/install/motor_control_pkg/lib/motor_control_pkg
[5.887s] writing list of installed files to '/home/aajaer/microros_ws/build/motor_control_pkg/install.log'
[6.038s] Invoked command in '/home/aajaer/microros_ws/src/motor_control_pkg' returned '0': AMENT_PREFIX_PATH=/home/aajaer/microros_ws/install/sensor_msgs:/home/aajaer/microros_ws/install/geometry_msgs:/home/aajaer/microros_ws/install/std_msgs:/home/aajaer/microros_ws/install/builtin_interfaces:${AMENT_PREFIX_PATH} CMAKE_PREFIX_PATH=/home/aajaer/microros_ws/install/sensor_msgs:/home/aajaer/microros_ws/install/geometry_msgs:/home/aajaer/microros_ws/install/std_msgs:/home/aajaer/microros_ws/install/builtin_interfaces:/opt/ros/humble:/opt/ros/humble LD_LIBRARY_PATH=/home/aajaer/microros_ws/install/sensor_msgs/lib:/home/aajaer/microros_ws/install/geometry_msgs/lib:/home/aajaer/microros_ws/install/std_msgs/lib:/home/aajaer/microros_ws/install/builtin_interfaces/lib:/opt/ros/humble/opt/rviz_ogre_vendor/lib:/opt/ros/humble/lib/aarch64-linux-gnu:/opt/ros/humble/lib PYTHONPATH=/home/aajaer/microros_ws/build/motor_control_pkg/prefix_override:/usr/lib/python3/dist-packages/colcon_core/task/python/colcon_distutils_commands:/home/aajaer/microros_ws/install/motor_control_pkg/lib/python3.10/site-packages:/home/aajaer/microros_ws/install/sensor_msgs/local/lib/python3.10/dist-packages:/home/aajaer/microros_ws/install/geometry_msgs/local/lib/python3.10/dist-packages:/home/aajaer/microros_ws/install/std_msgs/local/lib/python3.10/dist-packages:/home/aajaer/microros_ws/install/builtin_interfaces/local/lib/python3.10/dist-packages:${PYTHONPATH} /usr/bin/python3 -W ignore:setup.py install is deprecated -W ignore:easy_install command is deprecated setup.py egg_info --egg-base ../../build/motor_control_pkg build --build-base /home/aajaer/microros_ws/build/motor_control_pkg/build install --record /home/aajaer/microros_ws/build/motor_control_pkg/install.log --single-version-externally-managed install_data --force
