[0.044s] Invoking command in '/home/aajaer/microros_ws/build/statistics_msgs': AMENT_PREFIX_PATH=/home/aajaer/microros_ws/install/builtin_interfaces:${AMENT_PREFIX_PATH} CMAKE_PREFIX_PATH=/home/aajaer/microros_ws/install/builtin_interfaces:/opt/ros/humble:/opt/ros/humble LD_LIBRARY_PATH=/home/aajaer/microros_ws/install/builtin_interfaces/lib:/opt/ros/humble/opt/rviz_ogre_vendor/lib:/opt/ros/humble/lib/aarch64-linux-gnu:/opt/ros/humble/lib PYTHONPATH=/home/aajaer/microros_ws/install/builtin_interfaces/local/lib/python3.10/dist-packages:${PYTHONPATH} /usr/bin/cmake /home/aajaer/microros_ws/src/ros2/rcl_interfaces/statistics_msgs -DCMAKE_INSTALL_PREFIX=/home/aajaer/microros_ws/install/statistics_msgs
[0.848s] -- Found ament_cmake: 1.3.11 (/opt/ros/humble/share/ament_cmake/cmake)
[0.848s] -- Override CMake install command with custom implementation using symlinks instead of copying resources
[0.849s] -- Found builtin_interfaces: 1.2.1 (/home/aajaer/microros_ws/install/builtin_interfaces/share/builtin_interfaces/cmake)
[0.849s] -- Found rosidl_generator_c: 3.1.6 (/opt/ros/humble/share/rosidl_generator_c/cmake)
[0.849s] -- Found rosidl_adapter: 3.1.6 (/opt/ros/humble/share/rosidl_adapter/cmake)
[0.850s] -- Found rosidl_generator_cpp: 3.1.6 (/opt/ros/humble/share/rosidl_generator_cpp/cmake)
[0.852s] -- Using all available rosidl_typesupport_c: rosidl_typesupport_fastrtps_c;rosidl_typesupport_introspection_c
[0.852s] -- Using all available rosidl_typesupport_cpp: rosidl_typesupport_fastrtps_cpp;rosidl_typesupport_introspection_cpp
[0.853s] -- Found rosidl_default_generators: 1.2.0 (/opt/ros/humble/share/rosidl_default_generators/cmake)
[1.178s] -- Found ament_cmake_ros: 0.10.0 (/opt/ros/humble/share/ament_cmake_ros/cmake)
[2.220s] -- Using all available rosidl_typesupport_c: rosidl_typesupport_fastrtps_c;rosidl_typesupport_introspection_c
[2.731s] -- Using all available rosidl_typesupport_cpp: rosidl_typesupport_fastrtps_cpp;rosidl_typesupport_introspection_cpp
[2.839s] -- Found python_cmake_module: 0.10.0 (/opt/ros/humble/share/python_cmake_module/cmake)
[2.950s] -- Using PYTHON_EXECUTABLE: /usr/bin/python3
[2.950s] -- Using PYTHON_INCLUDE_DIRS: /usr/include/python3.10
[2.950s] -- Using PYTHON_LIBRARIES: /usr/lib/aarch64-linux-gnu/libpython3.10.so
[3.055s] -- Configuring done
[3.280s] -- Generating done
[3.330s] -- Build files have been written to: /home/aajaer/microros_ws/build/statistics_msgs
[3.400s] Invoked command in '/home/aajaer/microros_ws/build/statistics_msgs' returned '0': AMENT_PREFIX_PATH=/home/aajaer/microros_ws/install/builtin_interfaces:${AMENT_PREFIX_PATH} CMAKE_PREFIX_PATH=/home/aajaer/microros_ws/install/builtin_interfaces:/opt/ros/humble:/opt/ros/humble LD_LIBRARY_PATH=/home/aajaer/microros_ws/install/builtin_interfaces/lib:/opt/ros/humble/opt/rviz_ogre_vendor/lib:/opt/ros/humble/lib/aarch64-linux-gnu:/opt/ros/humble/lib PYTHONPATH=/home/aajaer/microros_ws/install/builtin_interfaces/local/lib/python3.10/dist-packages:${PYTHONPATH} /usr/bin/cmake /home/aajaer/microros_ws/src/ros2/rcl_interfaces/statistics_msgs -DCMAKE_INSTALL_PREFIX=/home/aajaer/microros_ws/install/statistics_msgs
[3.401s] Invoking command in '/home/aajaer/microros_ws/build/statistics_msgs': AMENT_PREFIX_PATH=/home/aajaer/microros_ws/install/builtin_interfaces:${AMENT_PREFIX_PATH} CMAKE_PREFIX_PATH=/home/aajaer/microros_ws/install/builtin_interfaces:/opt/ros/humble:/opt/ros/humble LD_LIBRARY_PATH=/home/aajaer/microros_ws/install/builtin_interfaces/lib:/opt/ros/humble/opt/rviz_ogre_vendor/lib:/opt/ros/humble/lib/aarch64-linux-gnu:/opt/ros/humble/lib PYTHONPATH=/home/aajaer/microros_ws/install/builtin_interfaces/local/lib/python3.10/dist-packages:${PYTHONPATH} /usr/bin/cmake --build /home/aajaer/microros_ws/build/statistics_msgs -- -j8 -l8
[4.643s] [  2%] Built target statistics_msgs__cpp
[4.643s] [35m[1mConsolidate compiler generated dependencies of target statistics_msgs__rosidl_generator_c[0m
[4.643s] [35m[1mConsolidate compiler generated dependencies of target statistics_msgs__rosidl_typesupport_fastrtps_cpp[0m
[4.643s] [35m[1mConsolidate compiler generated dependencies of target statistics_msgs__rosidl_typesupport_introspection_cpp[0m
[4.644s] [  4%] [34m[1mGenerating C++ type support dispatch for ROS interfaces[0m
[4.648s] [ 14%] Built target statistics_msgs__rosidl_generator_c
[4.649s] [ 14%] Built target ament_cmake_python_symlink_statistics_msgs
[4.649s] [ 25%] Built target statistics_msgs__rosidl_typesupport_fastrtps_cpp
[4.650s] [ 36%] Built target statistics_msgs__rosidl_typesupport_introspection_cpp
[4.650s] [35m[1mConsolidate compiler generated dependencies of target statistics_msgs__rosidl_typesupport_introspection_c[0m
[4.650s] [ 40%] [34m[1mGenerating C type support dispatch for ROS interfaces[0m
[4.650s] [ 48%] Built target statistics_msgs__rosidl_typesupport_introspection_c
[4.650s] [35m[1mConsolidate compiler generated dependencies of target statistics_msgs__rosidl_typesupport_fastrtps_c[0m
[4.650s] [ 59%] Built target statistics_msgs__rosidl_typesupport_fastrtps_c
[4.776s] running egg_info
[4.777s] writing statistics_msgs.egg-info/PKG-INFO
[4.778s] writing dependency_links to statistics_msgs.egg-info/dependency_links.txt
[4.779s] writing top-level names to statistics_msgs.egg-info/top_level.txt
[4.787s] reading manifest file 'statistics_msgs.egg-info/SOURCES.txt'
[4.796s] writing manifest file 'statistics_msgs.egg-info/SOURCES.txt'
[4.917s] [ 59%] Built target ament_cmake_python_build_statistics_msgs_egg
[5.391s] [35m[1mConsolidate compiler generated dependencies of target statistics_msgs__rosidl_typesupport_cpp[0m
[5.433s] [ 61%] [32mBuilding CXX object CMakeFiles/statistics_msgs__rosidl_typesupport_cpp.dir/rosidl_typesupport_cpp/statistics_msgs/msg/metrics_message__type_support.cpp.o[0m
[5.441s] [ 63%] [32mBuilding CXX object CMakeFiles/statistics_msgs__rosidl_typesupport_cpp.dir/rosidl_typesupport_cpp/statistics_msgs/msg/statistic_data_type__type_support.cpp.o[0m
[5.450s] [ 65%] [32mBuilding CXX object CMakeFiles/statistics_msgs__rosidl_typesupport_cpp.dir/rosidl_typesupport_cpp/statistics_msgs/msg/statistic_data_point__type_support.cpp.o[0m
[5.571s] [35m[1mConsolidate compiler generated dependencies of target statistics_msgs__rosidl_typesupport_c[0m
[5.611s] [ 68%] [32mBuilding CXX object CMakeFiles/statistics_msgs__rosidl_typesupport_c.dir/rosidl_typesupport_c/statistics_msgs/msg/metrics_message__type_support.cpp.o[0m
[5.629s] [ 70%] [32mBuilding CXX object CMakeFiles/statistics_msgs__rosidl_typesupport_c.dir/rosidl_typesupport_c/statistics_msgs/msg/statistic_data_point__type_support.cpp.o[0m
[5.688s] [ 72%] [32mBuilding CXX object CMakeFiles/statistics_msgs__rosidl_typesupport_c.dir/rosidl_typesupport_c/statistics_msgs/msg/statistic_data_type__type_support.cpp.o[0m
[5.870s] [ 74%] [32m[1mLinking CXX shared library libstatistics_msgs__rosidl_typesupport_c.so[0m
[6.102s] [ 74%] Built target statistics_msgs__rosidl_typesupport_c
[6.237s] [ 76%] [32m[1mLinking CXX shared library libstatistics_msgs__rosidl_typesupport_cpp.so[0m
[6.315s] [ 76%] Built target statistics_msgs__rosidl_typesupport_cpp
[6.356s] [ 76%] Built target statistics_msgs
[6.464s] [ 78%] Built target statistics_msgs__py
[6.487s] [35m[1mConsolidate compiler generated dependencies of target statistics_msgs__rosidl_generator_py[0m
[6.545s] [ 80%] [32mBuilding C object CMakeFiles/statistics_msgs__rosidl_generator_py.dir/rosidl_generator_py/statistics_msgs/msg/_metrics_message_s.c.o[0m
[6.550s] [ 82%] [32mBuilding C object CMakeFiles/statistics_msgs__rosidl_generator_py.dir/rosidl_generator_py/statistics_msgs/msg/_statistic_data_point_s.c.o[0m
[6.582s] [ 85%] [32mBuilding C object CMakeFiles/statistics_msgs__rosidl_generator_py.dir/rosidl_generator_py/statistics_msgs/msg/_statistic_data_type_s.c.o[0m
[7.070s] [ 87%] [32m[1mLinking C shared library rosidl_generator_py/statistics_msgs/libstatistics_msgs__rosidl_generator_py.so[0m
[7.278s] [ 87%] Built target statistics_msgs__rosidl_generator_py
[7.376s] [35m[1mConsolidate compiler generated dependencies of target statistics_msgs__rosidl_typesupport_fastrtps_c__pyext[0m
[7.388s] [35m[1mConsolidate compiler generated dependencies of target statistics_msgs__rosidl_typesupport_introspection_c__pyext[0m
[7.448s] [35m[1mConsolidate compiler generated dependencies of target statistics_msgs__rosidl_typesupport_c__pyext[0m
[7.505s] [ 89%] [32m[1mLinking C shared library rosidl_generator_py/statistics_msgs/statistics_msgs_s__rosidl_typesupport_fastrtps_c.cpython-310-aarch64-linux-gnu.so[0m
[7.509s] [ 91%] [32mBuilding C object CMakeFiles/statistics_msgs__rosidl_typesupport_introspection_c__pyext.dir/rosidl_generator_py/statistics_msgs/_statistics_msgs_s.ep.rosidl_typesupport_introspection_c.c.o[0m
[7.542s] [ 93%] [32mBuilding C object CMakeFiles/statistics_msgs__rosidl_typesupport_c__pyext.dir/rosidl_generator_py/statistics_msgs/_statistics_msgs_s.ep.rosidl_typesupport_c.c.o[0m
[7.807s] [ 95%] Built target statistics_msgs__rosidl_typesupport_fastrtps_c__pyext
[8.282s] [ 97%] [32m[1mLinking C shared library rosidl_generator_py/statistics_msgs/statistics_msgs_s__rosidl_typesupport_introspection_c.cpython-310-aarch64-linux-gnu.so[0m
[8.306s] [100%] [32m[1mLinking C shared library rosidl_generator_py/statistics_msgs/statistics_msgs_s__rosidl_typesupport_c.cpython-310-aarch64-linux-gnu.so[0m
[8.622s] [100%] Built target statistics_msgs__rosidl_typesupport_c__pyext
[8.640s] [100%] Built target statistics_msgs__rosidl_typesupport_introspection_c__pyext
[8.736s] Invoked command in '/home/aajaer/microros_ws/build/statistics_msgs' returned '0': AMENT_PREFIX_PATH=/home/aajaer/microros_ws/install/builtin_interfaces:${AMENT_PREFIX_PATH} CMAKE_PREFIX_PATH=/home/aajaer/microros_ws/install/builtin_interfaces:/opt/ros/humble:/opt/ros/humble LD_LIBRARY_PATH=/home/aajaer/microros_ws/install/builtin_interfaces/lib:/opt/ros/humble/opt/rviz_ogre_vendor/lib:/opt/ros/humble/lib/aarch64-linux-gnu:/opt/ros/humble/lib PYTHONPATH=/home/aajaer/microros_ws/install/builtin_interfaces/local/lib/python3.10/dist-packages:${PYTHONPATH} /usr/bin/cmake --build /home/aajaer/microros_ws/build/statistics_msgs -- -j8 -l8
[8.738s] Invoking command in '/home/aajaer/microros_ws/build/statistics_msgs': AMENT_PREFIX_PATH=/home/aajaer/microros_ws/install/builtin_interfaces:${AMENT_PREFIX_PATH} CMAKE_PREFIX_PATH=/home/aajaer/microros_ws/install/builtin_interfaces:/opt/ros/humble:/opt/ros/humble LD_LIBRARY_PATH=/home/aajaer/microros_ws/install/builtin_interfaces/lib:/opt/ros/humble/opt/rviz_ogre_vendor/lib:/opt/ros/humble/lib/aarch64-linux-gnu:/opt/ros/humble/lib PYTHONPATH=/home/aajaer/microros_ws/install/builtin_interfaces/local/lib/python3.10/dist-packages:${PYTHONPATH} /usr/bin/cmake --install /home/aajaer/microros_ws/build/statistics_msgs
[8.769s] -- Install configuration: ""
[8.774s] -- Execute custom install script
[8.782s] -- Up-to-date symlink: /home/aajaer/microros_ws/install/statistics_msgs/share/ament_index/resource_index/rosidl_interfaces/statistics_msgs
[8.786s] -- Up-to-date symlink: /home/aajaer/microros_ws/install/statistics_msgs/include/statistics_msgs/statistics_msgs/msg/detail/metrics_message__functions.h
[8.787s] -- Up-to-date symlink: /home/aajaer/microros_ws/install/statistics_msgs/include/statistics_msgs/statistics_msgs/msg/detail/metrics_message__struct.h
[8.790s] -- Up-to-date symlink: /home/aajaer/microros_ws/install/statistics_msgs/include/statistics_msgs/statistics_msgs/msg/detail/metrics_message__type_support.h
[8.795s] -- Up-to-date symlink: /home/aajaer/microros_ws/install/statistics_msgs/include/statistics_msgs/statistics_msgs/msg/detail/statistic_data_point__functions.h
[8.795s] -- Up-to-date symlink: /home/aajaer/microros_ws/install/statistics_msgs/include/statistics_msgs/statistics_msgs/msg/detail/statistic_data_point__struct.h
[8.795s] -- Up-to-date symlink: /home/aajaer/microros_ws/install/statistics_msgs/include/statistics_msgs/statistics_msgs/msg/detail/statistic_data_point__type_support.h
[8.795s] -- Up-to-date symlink: /home/aajaer/microros_ws/install/statistics_msgs/include/statistics_msgs/statistics_msgs/msg/detail/statistic_data_type__functions.h
[8.795s] -- Up-to-date symlink: /home/aajaer/microros_ws/install/statistics_msgs/include/statistics_msgs/statistics_msgs/msg/detail/statistic_data_type__struct.h
[8.796s] -- Up-to-date symlink: /home/aajaer/microros_ws/install/statistics_msgs/include/statistics_msgs/statistics_msgs/msg/detail/statistic_data_type__type_support.h
[8.796s] -- Up-to-date symlink: /home/aajaer/microros_ws/install/statistics_msgs/include/statistics_msgs/statistics_msgs/msg/metrics_message.h
[8.797s] -- Up-to-date symlink: /home/aajaer/microros_ws/install/statistics_msgs/include/statistics_msgs/statistics_msgs/msg/rosidl_generator_c__visibility_control.h
[8.798s] -- Up-to-date symlink: /home/aajaer/microros_ws/install/statistics_msgs/include/statistics_msgs/statistics_msgs/msg/statistic_data_point.h
[8.799s] -- Up-to-date symlink: /home/aajaer/microros_ws/install/statistics_msgs/include/statistics_msgs/statistics_msgs/msg/statistic_data_type.h
[8.800s] -- Up-to-date symlink: /home/aajaer/microros_ws/install/statistics_msgs/share/statistics_msgs/environment/library_path.sh
[8.801s] -- Up-to-date symlink: /home/aajaer/microros_ws/install/statistics_msgs/share/statistics_msgs/environment/library_path.dsv
[8.808s] -- Up-to-date symlink: /home/aajaer/microros_ws/install/statistics_msgs/include/statistics_msgs/statistics_msgs/msg/detail/metrics_message__rosidl_typesupport_fastrtps_c.h
[8.810s] -- Up-to-date symlink: /home/aajaer/microros_ws/install/statistics_msgs/include/statistics_msgs/statistics_msgs/msg/detail/statistic_data_point__rosidl_typesupport_fastrtps_c.h
[8.811s] -- Up-to-date symlink: /home/aajaer/microros_ws/install/statistics_msgs/include/statistics_msgs/statistics_msgs/msg/detail/statistic_data_type__rosidl_typesupport_fastrtps_c.h
[8.812s] -- Up-to-date symlink: /home/aajaer/microros_ws/install/statistics_msgs/include/statistics_msgs/statistics_msgs/msg/rosidl_typesupport_fastrtps_c__visibility_control.h
[8.814s] -- Up-to-date symlink: /home/aajaer/microros_ws/install/statistics_msgs/include/statistics_msgs/statistics_msgs/msg/detail/metrics_message__builder.hpp
[8.815s] -- Up-to-date symlink: /home/aajaer/microros_ws/install/statistics_msgs/include/statistics_msgs/statistics_msgs/msg/detail/metrics_message__struct.hpp
[8.816s] -- Up-to-date symlink: /home/aajaer/microros_ws/install/statistics_msgs/include/statistics_msgs/statistics_msgs/msg/detail/metrics_message__traits.hpp
[8.817s] -- Up-to-date symlink: /home/aajaer/microros_ws/install/statistics_msgs/include/statistics_msgs/statistics_msgs/msg/detail/metrics_message__type_support.hpp
[8.818s] -- Up-to-date symlink: /home/aajaer/microros_ws/install/statistics_msgs/include/statistics_msgs/statistics_msgs/msg/detail/statistic_data_point__builder.hpp
[8.823s] -- Up-to-date symlink: /home/aajaer/microros_ws/install/statistics_msgs/include/statistics_msgs/statistics_msgs/msg/detail/statistic_data_point__struct.hpp
[8.824s] -- Up-to-date symlink: /home/aajaer/microros_ws/install/statistics_msgs/include/statistics_msgs/statistics_msgs/msg/detail/statistic_data_point__traits.hpp
[8.825s] -- Up-to-date symlink: /home/aajaer/microros_ws/install/statistics_msgs/include/statistics_msgs/statistics_msgs/msg/detail/statistic_data_point__type_support.hpp
[8.826s] -- Up-to-date symlink: /home/aajaer/microros_ws/install/statistics_msgs/include/statistics_msgs/statistics_msgs/msg/detail/statistic_data_type__builder.hpp
[8.827s] -- Up-to-date symlink: /home/aajaer/microros_ws/install/statistics_msgs/include/statistics_msgs/statistics_msgs/msg/detail/statistic_data_type__struct.hpp
[8.828s] -- Up-to-date symlink: /home/aajaer/microros_ws/install/statistics_msgs/include/statistics_msgs/statistics_msgs/msg/detail/statistic_data_type__traits.hpp
[8.829s] -- Up-to-date symlink: /home/aajaer/microros_ws/install/statistics_msgs/include/statistics_msgs/statistics_msgs/msg/detail/statistic_data_type__type_support.hpp
[8.835s] -- Up-to-date symlink: /home/aajaer/microros_ws/install/statistics_msgs/include/statistics_msgs/statistics_msgs/msg/metrics_message.hpp
[8.836s] -- Up-to-date symlink: /home/aajaer/microros_ws/install/statistics_msgs/include/statistics_msgs/statistics_msgs/msg/rosidl_generator_cpp__visibility_control.hpp
[8.838s] -- Up-to-date symlink: /home/aajaer/microros_ws/install/statistics_msgs/include/statistics_msgs/statistics_msgs/msg/statistic_data_point.hpp
[8.839s] -- Up-to-date symlink: /home/aajaer/microros_ws/install/statistics_msgs/include/statistics_msgs/statistics_msgs/msg/statistic_data_type.hpp
[8.841s] -- Up-to-date symlink: /home/aajaer/microros_ws/install/statistics_msgs/include/statistics_msgs/statistics_msgs/msg/detail/metrics_message__rosidl_typesupport_fastrtps_cpp.hpp
[8.842s] -- Up-to-date symlink: /home/aajaer/microros_ws/install/statistics_msgs/include/statistics_msgs/statistics_msgs/msg/detail/statistic_data_point__rosidl_typesupport_fastrtps_cpp.hpp
[8.843s] -- Up-to-date symlink: /home/aajaer/microros_ws/install/statistics_msgs/include/statistics_msgs/statistics_msgs/msg/detail/statistic_data_type__rosidl_typesupport_fastrtps_cpp.hpp
[8.844s] -- Up-to-date symlink: /home/aajaer/microros_ws/install/statistics_msgs/include/statistics_msgs/statistics_msgs/msg/rosidl_typesupport_fastrtps_cpp__visibility_control.h
[8.849s] -- Up-to-date symlink: /home/aajaer/microros_ws/install/statistics_msgs/include/statistics_msgs/statistics_msgs/msg/detail/metrics_message__rosidl_typesupport_introspection_c.h
[8.850s] -- Up-to-date symlink: /home/aajaer/microros_ws/install/statistics_msgs/include/statistics_msgs/statistics_msgs/msg/detail/statistic_data_point__rosidl_typesupport_introspection_c.h
[8.856s] -- Up-to-date symlink: /home/aajaer/microros_ws/install/statistics_msgs/include/statistics_msgs/statistics_msgs/msg/detail/statistic_data_type__rosidl_typesupport_introspection_c.h
[8.858s] -- Up-to-date symlink: /home/aajaer/microros_ws/install/statistics_msgs/include/statistics_msgs/statistics_msgs/msg/rosidl_typesupport_introspection_c__visibility_control.h
[8.860s] -- Up-to-date symlink: /home/aajaer/microros_ws/install/statistics_msgs/include/statistics_msgs/statistics_msgs/msg/detail/metrics_message__rosidl_typesupport_introspection_cpp.hpp
[8.860s] -- Up-to-date symlink: /home/aajaer/microros_ws/install/statistics_msgs/include/statistics_msgs/statistics_msgs/msg/detail/statistic_data_point__rosidl_typesupport_introspection_cpp.hpp
[8.880s] -- Up-to-date symlink: /home/aajaer/microros_ws/install/statistics_msgs/include/statistics_msgs/statistics_msgs/msg/detail/statistic_data_type__rosidl_typesupport_introspection_cpp.hpp
[8.881s] -- Up-to-date symlink: /home/aajaer/microros_ws/install/statistics_msgs/share/statistics_msgs/environment/pythonpath.sh
[8.881s] -- Up-to-date symlink: /home/aajaer/microros_ws/install/statistics_msgs/share/statistics_msgs/environment/pythonpath.dsv
[8.882s] -- Up-to-date symlink: /home/aajaer/microros_ws/install/statistics_msgs/local/lib/python3.10/dist-packages/statistics_msgs-1.2.1-py3.10.egg-info/PKG-INFO
[8.883s] -- Up-to-date symlink: /home/aajaer/microros_ws/install/statistics_msgs/local/lib/python3.10/dist-packages/statistics_msgs-1.2.1-py3.10.egg-info/SOURCES.txt
[8.883s] -- Up-to-date symlink: /home/aajaer/microros_ws/install/statistics_msgs/local/lib/python3.10/dist-packages/statistics_msgs-1.2.1-py3.10.egg-info/dependency_links.txt
[8.883s] -- Up-to-date symlink: /home/aajaer/microros_ws/install/statistics_msgs/local/lib/python3.10/dist-packages/statistics_msgs-1.2.1-py3.10.egg-info/top_level.txt
[8.884s] -- Up-to-date symlink: /home/aajaer/microros_ws/install/statistics_msgs/local/lib/python3.10/dist-packages/statistics_msgs/__init__.py
[8.884s] -- Up-to-date symlink: /home/aajaer/microros_ws/install/statistics_msgs/local/lib/python3.10/dist-packages/statistics_msgs/_statistics_msgs_s.ep.rosidl_typesupport_c.c
[8.884s] -- Up-to-date symlink: /home/aajaer/microros_ws/install/statistics_msgs/local/lib/python3.10/dist-packages/statistics_msgs/_statistics_msgs_s.ep.rosidl_typesupport_fastrtps_c.c
[8.884s] -- Up-to-date symlink: /home/aajaer/microros_ws/install/statistics_msgs/local/lib/python3.10/dist-packages/statistics_msgs/_statistics_msgs_s.ep.rosidl_typesupport_introspection_c.c
[8.884s] -- Up-to-date symlink: /home/aajaer/microros_ws/install/statistics_msgs/local/lib/python3.10/dist-packages/statistics_msgs/_statistics_msgs_s.ep.rosidl_typesupport_microxrcedds_c.c
[8.884s] -- Up-to-date symlink: /home/aajaer/microros_ws/install/statistics_msgs/local/lib/python3.10/dist-packages/statistics_msgs/libstatistics_msgs__rosidl_generator_py.so
[8.884s] -- Up-to-date symlink: /home/aajaer/microros_ws/install/statistics_msgs/local/lib/python3.10/dist-packages/statistics_msgs/msg/__init__.py
[8.884s] -- Up-to-date symlink: /home/aajaer/microros_ws/install/statistics_msgs/local/lib/python3.10/dist-packages/statistics_msgs/msg/_metrics_message.py
[8.885s] -- Up-to-date symlink: /home/aajaer/microros_ws/install/statistics_msgs/local/lib/python3.10/dist-packages/statistics_msgs/msg/_metrics_message_s.c
[8.885s] -- Up-to-date symlink: /home/aajaer/microros_ws/install/statistics_msgs/local/lib/python3.10/dist-packages/statistics_msgs/msg/_statistic_data_point.py
[8.885s] -- Up-to-date symlink: /home/aajaer/microros_ws/install/statistics_msgs/local/lib/python3.10/dist-packages/statistics_msgs/msg/_statistic_data_point_s.c
[8.885s] -- Up-to-date symlink: /home/aajaer/microros_ws/install/statistics_msgs/local/lib/python3.10/dist-packages/statistics_msgs/msg/_statistic_data_type.py
[8.892s] -- Up-to-date symlink: /home/aajaer/microros_ws/install/statistics_msgs/local/lib/python3.10/dist-packages/statistics_msgs/msg/_statistic_data_type_s.c
[8.892s] -- Up-to-date symlink: /home/aajaer/microros_ws/install/statistics_msgs/local/lib/python3.10/dist-packages/statistics_msgs/statistics_msgs_s__rosidl_typesupport_c.cpython-310-aarch64-linux-gnu.so
[8.893s] -- Up-to-date symlink: /home/aajaer/microros_ws/install/statistics_msgs/local/lib/python3.10/dist-packages/statistics_msgs/statistics_msgs_s__rosidl_typesupport_fastrtps_c.cpython-310-aarch64-linux-gnu.so
[8.894s] -- Up-to-date symlink: /home/aajaer/microros_ws/install/statistics_msgs/local/lib/python3.10/dist-packages/statistics_msgs/statistics_msgs_s__rosidl_typesupport_introspection_c.cpython-310-aarch64-linux-gnu.so
[8.894s] -- Up-to-date symlink: /home/aajaer/microros_ws/install/statistics_msgs/local/lib/python3.10/dist-packages/statistics_msgs/statistics_msgs_s__rosidl_typesupport_microxrcedds_c.cpython-310-aarch64-linux-gnu.so
[8.895s] -- Up-to-date symlink: /home/aajaer/microros_ws/install/statistics_msgs/local/lib/python3.10/dist-packages/statistics_msgs/statistics_msgs_s__rosidl_typesupport_fastrtps_c.cpython-310-aarch64-linux-gnu.so
[8.896s] -- Up-to-date symlink: /home/aajaer/microros_ws/install/statistics_msgs/local/lib/python3.10/dist-packages/statistics_msgs/statistics_msgs_s__rosidl_typesupport_introspection_c.cpython-310-aarch64-linux-gnu.so
[8.897s] -- Up-to-date symlink: /home/aajaer/microros_ws/install/statistics_msgs/local/lib/python3.10/dist-packages/statistics_msgs/statistics_msgs_s__rosidl_typesupport_c.cpython-310-aarch64-linux-gnu.so
[8.898s] -- Up-to-date symlink: /home/aajaer/microros_ws/install/statistics_msgs/share/statistics_msgs/msg/MetricsMessage.idl
[8.900s] -- Up-to-date symlink: /home/aajaer/microros_ws/install/statistics_msgs/share/statistics_msgs/msg/StatisticDataPoint.idl
[8.911s] -- Up-to-date symlink: /home/aajaer/microros_ws/install/statistics_msgs/share/statistics_msgs/msg/StatisticDataType.idl
[8.913s] -- Up-to-date symlink: /home/aajaer/microros_ws/install/statistics_msgs/share/statistics_msgs/msg/MetricsMessage.msg
[8.913s] -- Up-to-date symlink: /home/aajaer/microros_ws/install/statistics_msgs/share/statistics_msgs/msg/StatisticDataPoint.msg
[8.914s] -- Up-to-date symlink: /home/aajaer/microros_ws/install/statistics_msgs/share/statistics_msgs/msg/StatisticDataType.msg
[8.915s] -- Up-to-date symlink: /home/aajaer/microros_ws/install/statistics_msgs/share/ament_index/resource_index/package_run_dependencies/statistics_msgs
[8.916s] -- Up-to-date symlink: /home/aajaer/microros_ws/install/statistics_msgs/share/ament_index/resource_index/parent_prefix_path/statistics_msgs
[8.917s] -- Up-to-date symlink: /home/aajaer/microros_ws/install/statistics_msgs/share/statistics_msgs/environment/ament_prefix_path.sh
[8.917s] -- Up-to-date symlink: /home/aajaer/microros_ws/install/statistics_msgs/share/statistics_msgs/environment/ament_prefix_path.dsv
[8.918s] -- Up-to-date symlink: /home/aajaer/microros_ws/install/statistics_msgs/share/statistics_msgs/environment/path.sh
[8.919s] -- Up-to-date symlink: /home/aajaer/microros_ws/install/statistics_msgs/share/statistics_msgs/environment/path.dsv
[8.919s] -- Up-to-date symlink: /home/aajaer/microros_ws/install/statistics_msgs/share/statistics_msgs/local_setup.bash
[8.920s] -- Up-to-date symlink: /home/aajaer/microros_ws/install/statistics_msgs/share/statistics_msgs/local_setup.sh
[8.921s] -- Up-to-date symlink: /home/aajaer/microros_ws/install/statistics_msgs/share/statistics_msgs/local_setup.zsh
[8.922s] -- Up-to-date symlink: /home/aajaer/microros_ws/install/statistics_msgs/share/statistics_msgs/local_setup.dsv
[8.923s] -- Symlinking: /home/aajaer/microros_ws/install/statistics_msgs/share/statistics_msgs/package.dsv
[8.949s] -- Up-to-date symlink: /home/aajaer/microros_ws/install/statistics_msgs/share/ament_index/resource_index/packages/statistics_msgs
[8.952s] -- Up-to-date symlink: /home/aajaer/microros_ws/install/statistics_msgs/share/statistics_msgs/cmake/rosidl_cmake-extras.cmake
[8.953s] -- Up-to-date symlink: /home/aajaer/microros_ws/install/statistics_msgs/share/statistics_msgs/cmake/ament_cmake_export_dependencies-extras.cmake
[8.953s] -- Up-to-date symlink: /home/aajaer/microros_ws/install/statistics_msgs/share/statistics_msgs/cmake/ament_cmake_export_include_directories-extras.cmake
[8.955s] -- Up-to-date symlink: /home/aajaer/microros_ws/install/statistics_msgs/share/statistics_msgs/cmake/ament_cmake_export_libraries-extras.cmake
[8.955s] -- Up-to-date symlink: /home/aajaer/microros_ws/install/statistics_msgs/share/statistics_msgs/cmake/ament_cmake_export_targets-extras.cmake
[8.956s] -- Up-to-date symlink: /home/aajaer/microros_ws/install/statistics_msgs/share/statistics_msgs/cmake/rosidl_cmake_export_typesupport_targets-extras.cmake
[8.957s] -- Up-to-date symlink: /home/aajaer/microros_ws/install/statistics_msgs/share/statistics_msgs/cmake/rosidl_cmake_export_typesupport_libraries-extras.cmake
[8.957s] -- Up-to-date symlink: /home/aajaer/microros_ws/install/statistics_msgs/share/statistics_msgs/cmake/statistics_msgsConfig.cmake
[8.958s] -- Up-to-date symlink: /home/aajaer/microros_ws/install/statistics_msgs/share/statistics_msgs/cmake/statistics_msgsConfig-version.cmake
[8.959s] -- Up-to-date symlink: /home/aajaer/microros_ws/install/statistics_msgs/share/statistics_msgs/package.xml
[8.962s] -- Up-to-date: /home/aajaer/microros_ws/install/statistics_msgs/lib/libstatistics_msgs__rosidl_generator_c.so
[8.965s] -- Up-to-date: /home/aajaer/microros_ws/install/statistics_msgs/lib/libstatistics_msgs__rosidl_typesupport_fastrtps_c.so
[8.968s] -- Up-to-date: /home/aajaer/microros_ws/install/statistics_msgs/lib/libstatistics_msgs__rosidl_typesupport_fastrtps_cpp.so
[8.971s] -- Up-to-date: /home/aajaer/microros_ws/install/statistics_msgs/lib/libstatistics_msgs__rosidl_typesupport_introspection_c.so
[8.975s] -- Installing: /home/aajaer/microros_ws/install/statistics_msgs/lib/libstatistics_msgs__rosidl_typesupport_c.so
[8.977s] -- Set runtime path of "/home/aajaer/microros_ws/install/statistics_msgs/lib/libstatistics_msgs__rosidl_typesupport_c.so" to ""
[8.979s] -- Up-to-date: /home/aajaer/microros_ws/install/statistics_msgs/lib/libstatistics_msgs__rosidl_typesupport_introspection_cpp.so
[8.980s] -- Installing: /home/aajaer/microros_ws/install/statistics_msgs/lib/libstatistics_msgs__rosidl_typesupport_cpp.so
[8.982s] -- Set runtime path of "/home/aajaer/microros_ws/install/statistics_msgs/lib/libstatistics_msgs__rosidl_typesupport_cpp.so" to ""
[9.170s] Listing '/home/aajaer/microros_ws/install/statistics_msgs/local/lib/python3.10/dist-packages/statistics_msgs'...
[9.170s] Compiling '/home/aajaer/microros_ws/install/statistics_msgs/local/lib/python3.10/dist-packages/statistics_msgs/__init__.py'...
[9.170s] Listing '/home/aajaer/microros_ws/install/statistics_msgs/local/lib/python3.10/dist-packages/statistics_msgs/msg'...
[9.170s] Compiling '/home/aajaer/microros_ws/install/statistics_msgs/local/lib/python3.10/dist-packages/statistics_msgs/msg/__init__.py'...
[9.170s] Compiling '/home/aajaer/microros_ws/install/statistics_msgs/local/lib/python3.10/dist-packages/statistics_msgs/msg/_metrics_message.py'...
[9.171s] Compiling '/home/aajaer/microros_ws/install/statistics_msgs/local/lib/python3.10/dist-packages/statistics_msgs/msg/_statistic_data_point.py'...
[9.171s] Compiling '/home/aajaer/microros_ws/install/statistics_msgs/local/lib/python3.10/dist-packages/statistics_msgs/msg/_statistic_data_type.py'...
[9.199s] -- Installing: /home/aajaer/microros_ws/install/statistics_msgs/lib/libstatistics_msgs__rosidl_generator_py.so
[9.200s] -- Set runtime path of "/home/aajaer/microros_ws/install/statistics_msgs/lib/libstatistics_msgs__rosidl_generator_py.so" to ""
[9.201s] -- Up-to-date: /home/aajaer/microros_ws/install/statistics_msgs/share/statistics_msgs/cmake/export_statistics_msgs__rosidl_generator_cExport.cmake
[9.201s] -- Up-to-date: /home/aajaer/microros_ws/install/statistics_msgs/share/statistics_msgs/cmake/export_statistics_msgs__rosidl_generator_cExport-noconfig.cmake
[9.201s] -- Up-to-date: /home/aajaer/microros_ws/install/statistics_msgs/share/statistics_msgs/cmake/export_statistics_msgs__rosidl_typesupport_fastrtps_cExport.cmake
[9.201s] -- Up-to-date: /home/aajaer/microros_ws/install/statistics_msgs/share/statistics_msgs/cmake/export_statistics_msgs__rosidl_typesupport_fastrtps_cExport-noconfig.cmake
[9.202s] -- Up-to-date: /home/aajaer/microros_ws/install/statistics_msgs/share/statistics_msgs/cmake/export_statistics_msgs__rosidl_generator_cppExport.cmake
[9.202s] -- Up-to-date: /home/aajaer/microros_ws/install/statistics_msgs/share/statistics_msgs/cmake/export_statistics_msgs__rosidl_typesupport_fastrtps_cppExport.cmake
[9.203s] -- Up-to-date: /home/aajaer/microros_ws/install/statistics_msgs/share/statistics_msgs/cmake/export_statistics_msgs__rosidl_typesupport_fastrtps_cppExport-noconfig.cmake
[9.203s] -- Up-to-date: /home/aajaer/microros_ws/install/statistics_msgs/share/statistics_msgs/cmake/statistics_msgs__rosidl_typesupport_introspection_cExport.cmake
[9.203s] -- Up-to-date: /home/aajaer/microros_ws/install/statistics_msgs/share/statistics_msgs/cmake/statistics_msgs__rosidl_typesupport_introspection_cExport-noconfig.cmake
[9.204s] -- Up-to-date: /home/aajaer/microros_ws/install/statistics_msgs/share/statistics_msgs/cmake/statistics_msgs__rosidl_typesupport_cExport.cmake
[9.204s] -- Up-to-date: /home/aajaer/microros_ws/install/statistics_msgs/share/statistics_msgs/cmake/statistics_msgs__rosidl_typesupport_cExport-noconfig.cmake
[9.204s] -- Up-to-date: /home/aajaer/microros_ws/install/statistics_msgs/share/statistics_msgs/cmake/statistics_msgs__rosidl_typesupport_introspection_cppExport.cmake
[9.204s] -- Up-to-date: /home/aajaer/microros_ws/install/statistics_msgs/share/statistics_msgs/cmake/statistics_msgs__rosidl_typesupport_introspection_cppExport-noconfig.cmake
[9.205s] -- Up-to-date: /home/aajaer/microros_ws/install/statistics_msgs/share/statistics_msgs/cmake/statistics_msgs__rosidl_typesupport_cppExport.cmake
[9.205s] -- Up-to-date: /home/aajaer/microros_ws/install/statistics_msgs/share/statistics_msgs/cmake/statistics_msgs__rosidl_typesupport_cppExport-noconfig.cmake
[9.205s] -- Up-to-date: /home/aajaer/microros_ws/install/statistics_msgs/share/statistics_msgs/cmake/export_statistics_msgs__rosidl_generator_pyExport.cmake
[9.205s] -- Up-to-date: /home/aajaer/microros_ws/install/statistics_msgs/share/statistics_msgs/cmake/export_statistics_msgs__rosidl_generator_pyExport-noconfig.cmake
[9.217s] Invoked command in '/home/aajaer/microros_ws/build/statistics_msgs' returned '0': AMENT_PREFIX_PATH=/home/aajaer/microros_ws/install/builtin_interfaces:${AMENT_PREFIX_PATH} CMAKE_PREFIX_PATH=/home/aajaer/microros_ws/install/builtin_interfaces:/opt/ros/humble:/opt/ros/humble LD_LIBRARY_PATH=/home/aajaer/microros_ws/install/builtin_interfaces/lib:/opt/ros/humble/opt/rviz_ogre_vendor/lib:/opt/ros/humble/lib/aarch64-linux-gnu:/opt/ros/humble/lib PYTHONPATH=/home/aajaer/microros_ws/install/builtin_interfaces/local/lib/python3.10/dist-packages:${PYTHONPATH} /usr/bin/cmake --install /home/aajaer/microros_ws/build/statistics_msgs
