[0.058s] Invoking command in '/home/aajaer/microros_ws/build/builtin_interfaces': /usr/bin/cmake --build /home/aajaer/microros_ws/build/builtin_interfaces -- -j8 -l8
[0.191s] [  2%] Built target builtin_interfaces__cpp
[0.207s] [ 10%] Built target builtin_interfaces__rosidl_generator_c
[0.217s] [ 10%] Built target ament_cmake_python_symlink_builtin_interfaces
[0.266s] [35m[1mConsolidate compiler generated dependencies of target builtin_interfaces__rosidl_typesupport_cpp[0m
[0.320s] [35m[1mConsolidate compiler generated dependencies of target builtin_interfaces__rosidl_typesupport_microxrcedds_cpp[0m
[0.372s] [35m[1mConsolidate compiler generated dependencies of target builtin_interfaces__rosidl_typesupport_c[0m
[0.393s] [35m[1mConsolidate compiler generated dependencies of target builtin_interfaces__rosidl_typesupport_microxrcedds_c[0m
[0.402s] [ 18%] Built target builtin_interfaces__rosidl_typesupport_cpp
[0.409s] [ 26%] Built target builtin_interfaces__rosidl_typesupport_introspection_cpp
[0.411s] [ 34%] Built target builtin_interfaces__rosidl_typesupport_fastrtps_cpp
[0.449s] [ 48%] Built target builtin_interfaces__rosidl_typesupport_fastrtps_c
[0.450s] [ 51%] Built target builtin_interfaces__rosidl_typesupport_microxrcedds_cpp
[0.472s] [ 59%] Built target builtin_interfaces__rosidl_typesupport_microxrcedds_c
[0.494s] [ 67%] Built target builtin_interfaces__rosidl_typesupport_c
[0.494s] [ 75%] Built target builtin_interfaces__rosidl_typesupport_introspection_c
[0.606s] [ 75%] Built target builtin_interfaces
[0.745s] [ 77%] Built target builtin_interfaces__py
[0.769s] [35m[1mConsolidate compiler generated dependencies of target builtin_interfaces__rosidl_generator_py[0m
[0.833s] [ 83%] Built target builtin_interfaces__rosidl_generator_py
[0.897s] [35m[1mConsolidate compiler generated dependencies of target builtin_interfaces__rosidl_typesupport_microxrcedds_c__pyext[0m
[0.903s] [35m[1mConsolidate compiler generated dependencies of target builtin_interfaces__rosidl_typesupport_fastrtps_c__pyext[0m
[0.945s] [35m[1mConsolidate compiler generated dependencies of target builtin_interfaces__rosidl_typesupport_introspection_c__pyext[0m
[0.976s] [35m[1mConsolidate compiler generated dependencies of target builtin_interfaces__rosidl_typesupport_c__pyext[0m
[0.981s] [ 87%] Built target builtin_interfaces__rosidl_typesupport_microxrcedds_c__pyext
[0.992s] [ 91%] Built target builtin_interfaces__rosidl_typesupport_fastrtps_c__pyext
[1.005s] [ 95%] Built target builtin_interfaces__rosidl_typesupport_introspection_c__pyext
[1.048s] [100%] Built target builtin_interfaces__rosidl_typesupport_c__pyext
[1.304s] running egg_info
[1.306s] writing builtin_interfaces.egg-info/PKG-INFO
[1.306s] writing dependency_links to builtin_interfaces.egg-info/dependency_links.txt
[1.307s] writing top-level names to builtin_interfaces.egg-info/top_level.txt
[1.313s] reading manifest file 'builtin_interfaces.egg-info/SOURCES.txt'
[1.314s] writing manifest file 'builtin_interfaces.egg-info/SOURCES.txt'
[1.454s] [100%] Built target ament_cmake_python_build_builtin_interfaces_egg
[1.475s] Invoked command in '/home/aajaer/microros_ws/build/builtin_interfaces' returned '0': /usr/bin/cmake --build /home/aajaer/microros_ws/build/builtin_interfaces -- -j8 -l8
[1.480s] Invoking command in '/home/aajaer/microros_ws/build/builtin_interfaces': /usr/bin/cmake --install /home/aajaer/microros_ws/build/builtin_interfaces
[1.484s] -- Install configuration: ""
[1.484s] -- Execute custom install script
[1.484s] -- Up-to-date symlink: /home/aajaer/microros_ws/install/builtin_interfaces/share/ament_index/resource_index/rosidl_interfaces/builtin_interfaces
[1.484s] -- Up-to-date symlink: /home/aajaer/microros_ws/install/builtin_interfaces/include/builtin_interfaces/builtin_interfaces/msg/detail/duration__functions.h
[1.484s] -- Up-to-date symlink: /home/aajaer/microros_ws/install/builtin_interfaces/include/builtin_interfaces/builtin_interfaces/msg/detail/duration__struct.h
[1.484s] -- Up-to-date symlink: /home/aajaer/microros_ws/install/builtin_interfaces/include/builtin_interfaces/builtin_interfaces/msg/detail/duration__type_support.h
[1.485s] -- Up-to-date symlink: /home/aajaer/microros_ws/install/builtin_interfaces/include/builtin_interfaces/builtin_interfaces/msg/detail/time__functions.h
[1.485s] -- Up-to-date symlink: /home/aajaer/microros_ws/install/builtin_interfaces/include/builtin_interfaces/builtin_interfaces/msg/detail/time__struct.h
[1.485s] -- Up-to-date symlink: /home/aajaer/microros_ws/install/builtin_interfaces/include/builtin_interfaces/builtin_interfaces/msg/detail/time__type_support.h
[1.485s] -- Up-to-date symlink: /home/aajaer/microros_ws/install/builtin_interfaces/include/builtin_interfaces/builtin_interfaces/msg/duration.h
[1.485s] -- Up-to-date symlink: /home/aajaer/microros_ws/install/builtin_interfaces/include/builtin_interfaces/builtin_interfaces/msg/rosidl_generator_c__visibility_control.h
[1.486s] -- Up-to-date symlink: /home/aajaer/microros_ws/install/builtin_interfaces/include/builtin_interfaces/builtin_interfaces/msg/time.h
[1.486s] -- Up-to-date symlink: /home/aajaer/microros_ws/install/builtin_interfaces/share/builtin_interfaces/environment/library_path.sh
[1.486s] -- Up-to-date symlink: /home/aajaer/microros_ws/install/builtin_interfaces/share/builtin_interfaces/environment/library_path.dsv
[1.486s] -- Up-to-date symlink: /home/aajaer/microros_ws/install/builtin_interfaces/include/builtin_interfaces/msg/detail/duration__rosidl_typesupport_microxrcedds_c.h
[1.486s] -- Up-to-date symlink: /home/aajaer/microros_ws/install/builtin_interfaces/include/builtin_interfaces/msg/detail/time__rosidl_typesupport_microxrcedds_c.h
[1.486s] -- Up-to-date symlink: /home/aajaer/microros_ws/install/builtin_interfaces/include/builtin_interfaces/msg/rosidl_typesupport_microxrcedds_c__visibility_control.h
[1.486s] -- Up-to-date symlink: /home/aajaer/microros_ws/install/builtin_interfaces/lib/libbuiltin_interfaces__rosidl_typesupport_microxrcedds_c.a
[1.487s] -- Up-to-date symlink: /home/aajaer/microros_ws/install/builtin_interfaces/include/builtin_interfaces/builtin_interfaces/msg/detail/duration__rosidl_typesupport_fastrtps_c.h
[1.487s] -- Up-to-date symlink: /home/aajaer/microros_ws/install/builtin_interfaces/include/builtin_interfaces/builtin_interfaces/msg/detail/time__rosidl_typesupport_fastrtps_c.h
[1.487s] -- Up-to-date symlink: /home/aajaer/microros_ws/install/builtin_interfaces/include/builtin_interfaces/builtin_interfaces/msg/rosidl_typesupport_fastrtps_c__visibility_control.h
[1.487s] -- Up-to-date symlink: /home/aajaer/microros_ws/install/builtin_interfaces/include/builtin_interfaces/builtin_interfaces/msg/detail/duration__rosidl_typesupport_introspection_c.h
[1.488s] -- Up-to-date symlink: /home/aajaer/microros_ws/install/builtin_interfaces/include/builtin_interfaces/builtin_interfaces/msg/detail/time__rosidl_typesupport_introspection_c.h
[1.488s] -- Up-to-date symlink: /home/aajaer/microros_ws/install/builtin_interfaces/include/builtin_interfaces/builtin_interfaces/msg/rosidl_typesupport_introspection_c__visibility_control.h
[1.488s] -- Up-to-date symlink: /home/aajaer/microros_ws/install/builtin_interfaces/include/builtin_interfaces/builtin_interfaces/msg/detail/duration__builder.hpp
[1.488s] -- Up-to-date symlink: /home/aajaer/microros_ws/install/builtin_interfaces/include/builtin_interfaces/builtin_interfaces/msg/detail/duration__struct.hpp
[1.488s] -- Up-to-date symlink: /home/aajaer/microros_ws/install/builtin_interfaces/include/builtin_interfaces/builtin_interfaces/msg/detail/duration__traits.hpp
[1.489s] -- Up-to-date symlink: /home/aajaer/microros_ws/install/builtin_interfaces/include/builtin_interfaces/builtin_interfaces/msg/detail/duration__type_support.hpp
[1.489s] -- Up-to-date symlink: /home/aajaer/microros_ws/install/builtin_interfaces/include/builtin_interfaces/builtin_interfaces/msg/detail/time__builder.hpp
[1.489s] -- Up-to-date symlink: /home/aajaer/microros_ws/install/builtin_interfaces/include/builtin_interfaces/builtin_interfaces/msg/detail/time__struct.hpp
[1.489s] -- Up-to-date symlink: /home/aajaer/microros_ws/install/builtin_interfaces/include/builtin_interfaces/builtin_interfaces/msg/detail/time__traits.hpp
[1.490s] -- Up-to-date symlink: /home/aajaer/microros_ws/install/builtin_interfaces/include/builtin_interfaces/builtin_interfaces/msg/detail/time__type_support.hpp
[1.490s] -- Up-to-date symlink: /home/aajaer/microros_ws/install/builtin_interfaces/include/builtin_interfaces/builtin_interfaces/msg/duration.hpp
[1.490s] -- Up-to-date symlink: /home/aajaer/microros_ws/install/builtin_interfaces/include/builtin_interfaces/builtin_interfaces/msg/rosidl_generator_cpp__visibility_control.hpp
[1.490s] -- Up-to-date symlink: /home/aajaer/microros_ws/install/builtin_interfaces/include/builtin_interfaces/builtin_interfaces/msg/time.hpp
[1.490s] -- Up-to-date symlink: /home/aajaer/microros_ws/install/builtin_interfaces/include/builtin_interfaces/msg/detail/duration__rosidl_typesupport_microxrcedds_cpp.hpp
[1.490s] -- Up-to-date symlink: /home/aajaer/microros_ws/install/builtin_interfaces/include/builtin_interfaces/msg/detail/microxrcedds/duration__type_support_cpp.cpp
[1.491s] -- Up-to-date symlink: /home/aajaer/microros_ws/install/builtin_interfaces/include/builtin_interfaces/msg/detail/microxrcedds/time__type_support_cpp.cpp
[1.491s] -- Up-to-date symlink: /home/aajaer/microros_ws/install/builtin_interfaces/include/builtin_interfaces/msg/detail/time__rosidl_typesupport_microxrcedds_cpp.hpp
[1.491s] -- Up-to-date symlink: /home/aajaer/microros_ws/install/builtin_interfaces/include/builtin_interfaces/msg/rosidl_typesupport_microxrcedds_cpp__visibility_control.h
[1.491s] -- Up-to-date symlink: /home/aajaer/microros_ws/install/builtin_interfaces/lib/libbuiltin_interfaces__rosidl_typesupport_microxrcedds_cpp.a
[1.491s] -- Up-to-date symlink: /home/aajaer/microros_ws/install/builtin_interfaces/include/builtin_interfaces/builtin_interfaces/msg/detail/duration__rosidl_typesupport_fastrtps_cpp.hpp
[1.491s] -- Up-to-date symlink: /home/aajaer/microros_ws/install/builtin_interfaces/include/builtin_interfaces/builtin_interfaces/msg/detail/time__rosidl_typesupport_fastrtps_cpp.hpp
[1.492s] -- Up-to-date symlink: /home/aajaer/microros_ws/install/builtin_interfaces/include/builtin_interfaces/builtin_interfaces/msg/rosidl_typesupport_fastrtps_cpp__visibility_control.h
[1.492s] -- Up-to-date symlink: /home/aajaer/microros_ws/install/builtin_interfaces/include/builtin_interfaces/builtin_interfaces/msg/detail/duration__rosidl_typesupport_introspection_cpp.hpp
[1.492s] -- Up-to-date symlink: /home/aajaer/microros_ws/install/builtin_interfaces/include/builtin_interfaces/builtin_interfaces/msg/detail/time__rosidl_typesupport_introspection_cpp.hpp
[1.492s] -- Up-to-date symlink: /home/aajaer/microros_ws/install/builtin_interfaces/share/builtin_interfaces/environment/pythonpath.sh
[1.492s] -- Up-to-date symlink: /home/aajaer/microros_ws/install/builtin_interfaces/share/builtin_interfaces/environment/pythonpath.dsv
[1.493s] -- Up-to-date symlink: /home/aajaer/microros_ws/install/builtin_interfaces/local/lib/python3.10/dist-packages/builtin_interfaces-1.2.1-py3.10.egg-info/PKG-INFO
[1.493s] -- Up-to-date symlink: /home/aajaer/microros_ws/install/builtin_interfaces/local/lib/python3.10/dist-packages/builtin_interfaces-1.2.1-py3.10.egg-info/SOURCES.txt
[1.493s] -- Up-to-date symlink: /home/aajaer/microros_ws/install/builtin_interfaces/local/lib/python3.10/dist-packages/builtin_interfaces-1.2.1-py3.10.egg-info/dependency_links.txt
[1.493s] -- Up-to-date symlink: /home/aajaer/microros_ws/install/builtin_interfaces/local/lib/python3.10/dist-packages/builtin_interfaces-1.2.1-py3.10.egg-info/top_level.txt
[1.493s] -- Up-to-date symlink: /home/aajaer/microros_ws/install/builtin_interfaces/local/lib/python3.10/dist-packages/builtin_interfaces/__init__.py
[1.494s] -- Up-to-date symlink: /home/aajaer/microros_ws/install/builtin_interfaces/local/lib/python3.10/dist-packages/builtin_interfaces/_builtin_interfaces_s.ep.rosidl_typesupport_c.c
[1.494s] -- Up-to-date symlink: /home/aajaer/microros_ws/install/builtin_interfaces/local/lib/python3.10/dist-packages/builtin_interfaces/_builtin_interfaces_s.ep.rosidl_typesupport_fastrtps_c.c
[1.494s] -- Up-to-date symlink: /home/aajaer/microros_ws/install/builtin_interfaces/local/lib/python3.10/dist-packages/builtin_interfaces/_builtin_interfaces_s.ep.rosidl_typesupport_introspection_c.c
[1.494s] -- Up-to-date symlink: /home/aajaer/microros_ws/install/builtin_interfaces/local/lib/python3.10/dist-packages/builtin_interfaces/_builtin_interfaces_s.ep.rosidl_typesupport_microxrcedds_c.c
[1.494s] -- Up-to-date symlink: /home/aajaer/microros_ws/install/builtin_interfaces/local/lib/python3.10/dist-packages/builtin_interfaces/builtin_interfaces_s__rosidl_typesupport_c.cpython-310-aarch64-linux-gnu.so
[1.495s] -- Up-to-date symlink: /home/aajaer/microros_ws/install/builtin_interfaces/local/lib/python3.10/dist-packages/builtin_interfaces/builtin_interfaces_s__rosidl_typesupport_fastrtps_c.cpython-310-aarch64-linux-gnu.so
[1.495s] -- Up-to-date symlink: /home/aajaer/microros_ws/install/builtin_interfaces/local/lib/python3.10/dist-packages/builtin_interfaces/builtin_interfaces_s__rosidl_typesupport_introspection_c.cpython-310-aarch64-linux-gnu.so
[1.495s] -- Up-to-date symlink: /home/aajaer/microros_ws/install/builtin_interfaces/local/lib/python3.10/dist-packages/builtin_interfaces/builtin_interfaces_s__rosidl_typesupport_microxrcedds_c.cpython-310-aarch64-linux-gnu.so
[1.495s] -- Up-to-date symlink: /home/aajaer/microros_ws/install/builtin_interfaces/local/lib/python3.10/dist-packages/builtin_interfaces/libbuiltin_interfaces__rosidl_generator_py.so
[1.496s] -- Up-to-date symlink: /home/aajaer/microros_ws/install/builtin_interfaces/local/lib/python3.10/dist-packages/builtin_interfaces/msg/__init__.py
[1.496s] -- Up-to-date symlink: /home/aajaer/microros_ws/install/builtin_interfaces/local/lib/python3.10/dist-packages/builtin_interfaces/msg/_duration.py
[1.496s] -- Up-to-date symlink: /home/aajaer/microros_ws/install/builtin_interfaces/local/lib/python3.10/dist-packages/builtin_interfaces/msg/_duration_s.c
[1.496s] -- Up-to-date symlink: /home/aajaer/microros_ws/install/builtin_interfaces/local/lib/python3.10/dist-packages/builtin_interfaces/msg/_time.py
[1.496s] -- Up-to-date symlink: /home/aajaer/microros_ws/install/builtin_interfaces/local/lib/python3.10/dist-packages/builtin_interfaces/msg/_time_s.c
[1.496s] -- Up-to-date symlink: /home/aajaer/microros_ws/install/builtin_interfaces/local/lib/python3.10/dist-packages/builtin_interfaces/builtin_interfaces_s__rosidl_typesupport_microxrcedds_c.cpython-310-aarch64-linux-gnu.so
[1.496s] -- Up-to-date symlink: /home/aajaer/microros_ws/install/builtin_interfaces/local/lib/python3.10/dist-packages/builtin_interfaces/builtin_interfaces_s__rosidl_typesupport_fastrtps_c.cpython-310-aarch64-linux-gnu.so
[1.497s] -- Up-to-date symlink: /home/aajaer/microros_ws/install/builtin_interfaces/local/lib/python3.10/dist-packages/builtin_interfaces/builtin_interfaces_s__rosidl_typesupport_introspection_c.cpython-310-aarch64-linux-gnu.so
[1.497s] -- Up-to-date symlink: /home/aajaer/microros_ws/install/builtin_interfaces/local/lib/python3.10/dist-packages/builtin_interfaces/builtin_interfaces_s__rosidl_typesupport_c.cpython-310-aarch64-linux-gnu.so
[1.497s] -- Up-to-date symlink: /home/aajaer/microros_ws/install/builtin_interfaces/share/builtin_interfaces/msg/Duration.idl
[1.497s] -- Up-to-date symlink: /home/aajaer/microros_ws/install/builtin_interfaces/share/builtin_interfaces/msg/Time.idl
[1.497s] -- Up-to-date symlink: /home/aajaer/microros_ws/install/builtin_interfaces/share/builtin_interfaces/msg/Duration.msg
[1.497s] -- Up-to-date symlink: /home/aajaer/microros_ws/install/builtin_interfaces/share/builtin_interfaces/msg/Time.msg
[1.497s] -- Up-to-date symlink: /home/aajaer/microros_ws/install/builtin_interfaces/share/ament_index/resource_index/package_run_dependencies/builtin_interfaces
[1.498s] -- Up-to-date symlink: /home/aajaer/microros_ws/install/builtin_interfaces/share/ament_index/resource_index/parent_prefix_path/builtin_interfaces
[1.498s] -- Up-to-date symlink: /home/aajaer/microros_ws/install/builtin_interfaces/share/builtin_interfaces/environment/ament_prefix_path.sh
[1.498s] -- Up-to-date symlink: /home/aajaer/microros_ws/install/builtin_interfaces/share/builtin_interfaces/environment/ament_prefix_path.dsv
[1.498s] -- Up-to-date symlink: /home/aajaer/microros_ws/install/builtin_interfaces/share/builtin_interfaces/environment/path.sh
[1.498s] -- Up-to-date symlink: /home/aajaer/microros_ws/install/builtin_interfaces/share/builtin_interfaces/environment/path.dsv
[1.498s] -- Up-to-date symlink: /home/aajaer/microros_ws/install/builtin_interfaces/share/builtin_interfaces/local_setup.bash
[1.498s] -- Up-to-date symlink: /home/aajaer/microros_ws/install/builtin_interfaces/share/builtin_interfaces/local_setup.sh
[1.499s] -- Up-to-date symlink: /home/aajaer/microros_ws/install/builtin_interfaces/share/builtin_interfaces/local_setup.zsh
[1.499s] -- Up-to-date symlink: /home/aajaer/microros_ws/install/builtin_interfaces/share/builtin_interfaces/local_setup.dsv
[1.499s] -- Symlinking: /home/aajaer/microros_ws/install/builtin_interfaces/share/builtin_interfaces/package.dsv
[1.516s] -- Up-to-date symlink: /home/aajaer/microros_ws/install/builtin_interfaces/share/ament_index/resource_index/packages/builtin_interfaces
[1.517s] -- Up-to-date symlink: /home/aajaer/microros_ws/install/builtin_interfaces/share/builtin_interfaces/cmake/rosidl_cmake-extras.cmake
[1.517s] -- Up-to-date symlink: /home/aajaer/microros_ws/install/builtin_interfaces/share/builtin_interfaces/cmake/ament_cmake_export_include_directories-extras.cmake
[1.517s] -- Up-to-date symlink: /home/aajaer/microros_ws/install/builtin_interfaces/share/builtin_interfaces/cmake/ament_cmake_export_libraries-extras.cmake
[1.517s] -- Up-to-date symlink: /home/aajaer/microros_ws/install/builtin_interfaces/share/builtin_interfaces/cmake/ament_cmake_export_targets-extras.cmake
[1.518s] -- Up-to-date symlink: /home/aajaer/microros_ws/install/builtin_interfaces/share/builtin_interfaces/cmake/rosidl_cmake_export_typesupport_targets-extras.cmake
[1.518s] -- Up-to-date symlink: /home/aajaer/microros_ws/install/builtin_interfaces/share/builtin_interfaces/cmake/ament_cmake_export_dependencies-extras.cmake
[1.518s] -- Up-to-date symlink: /home/aajaer/microros_ws/install/builtin_interfaces/share/builtin_interfaces/cmake/rosidl_cmake_export_typesupport_libraries-extras.cmake
[1.518s] -- Up-to-date symlink: /home/aajaer/microros_ws/install/builtin_interfaces/share/builtin_interfaces/cmake/builtin_interfacesConfig.cmake
[1.518s] -- Up-to-date symlink: /home/aajaer/microros_ws/install/builtin_interfaces/share/builtin_interfaces/cmake/builtin_interfacesConfig-version.cmake
[1.519s] -- Up-to-date symlink: /home/aajaer/microros_ws/install/builtin_interfaces/share/builtin_interfaces/package.xml
[1.519s] -- Up-to-date: /home/aajaer/microros_ws/install/builtin_interfaces/lib/libbuiltin_interfaces__rosidl_generator_c.so
[1.520s] -- Up-to-date: /home/aajaer/microros_ws/install/builtin_interfaces/lib/libbuiltin_interfaces__rosidl_typesupport_fastrtps_c.so
[1.520s] -- Up-to-date: /home/aajaer/microros_ws/install/builtin_interfaces/lib/libbuiltin_interfaces__rosidl_typesupport_introspection_c.so
[1.521s] -- Up-to-date: /home/aajaer/microros_ws/install/builtin_interfaces/lib/libbuiltin_interfaces__rosidl_typesupport_c.so
[1.521s] -- Up-to-date: /home/aajaer/microros_ws/install/builtin_interfaces/lib/libbuiltin_interfaces__rosidl_typesupport_fastrtps_cpp.so
[1.522s] -- Up-to-date: /home/aajaer/microros_ws/install/builtin_interfaces/lib/libbuiltin_interfaces__rosidl_typesupport_introspection_cpp.so
[1.522s] -- Up-to-date: /home/aajaer/microros_ws/install/builtin_interfaces/lib/libbuiltin_interfaces__rosidl_typesupport_cpp.so
[1.607s] Listing '/home/aajaer/microros_ws/install/builtin_interfaces/local/lib/python3.10/dist-packages/builtin_interfaces'...
[1.607s] Listing '/home/aajaer/microros_ws/install/builtin_interfaces/local/lib/python3.10/dist-packages/builtin_interfaces/msg'...
[1.616s] -- Up-to-date: /home/aajaer/microros_ws/install/builtin_interfaces/lib/libbuiltin_interfaces__rosidl_generator_py.so
[1.617s] -- Up-to-date: /home/aajaer/microros_ws/install/builtin_interfaces/share/builtin_interfaces/cmake/export_builtin_interfaces__rosidl_generator_cExport.cmake
[1.617s] -- Up-to-date: /home/aajaer/microros_ws/install/builtin_interfaces/share/builtin_interfaces/cmake/export_builtin_interfaces__rosidl_generator_cExport-noconfig.cmake
[1.618s] -- Up-to-date: /home/aajaer/microros_ws/install/builtin_interfaces/share/builtin_interfaces/cmake/export_builtin_interfaces__rosidl_typesupport_fastrtps_cExport.cmake
[1.619s] -- Up-to-date: /home/aajaer/microros_ws/install/builtin_interfaces/share/builtin_interfaces/cmake/export_builtin_interfaces__rosidl_typesupport_fastrtps_cExport-noconfig.cmake
[1.619s] -- Up-to-date: /home/aajaer/microros_ws/install/builtin_interfaces/share/builtin_interfaces/cmake/builtin_interfaces__rosidl_typesupport_introspection_cExport.cmake
[1.619s] -- Up-to-date: /home/aajaer/microros_ws/install/builtin_interfaces/share/builtin_interfaces/cmake/builtin_interfaces__rosidl_typesupport_introspection_cExport-noconfig.cmake
[1.619s] -- Up-to-date: /home/aajaer/microros_ws/install/builtin_interfaces/share/builtin_interfaces/cmake/builtin_interfaces__rosidl_typesupport_cExport.cmake
[1.620s] -- Up-to-date: /home/aajaer/microros_ws/install/builtin_interfaces/share/builtin_interfaces/cmake/builtin_interfaces__rosidl_typesupport_cExport-noconfig.cmake
[1.621s] -- Up-to-date: /home/aajaer/microros_ws/install/builtin_interfaces/share/builtin_interfaces/cmake/export_builtin_interfaces__rosidl_generator_cppExport.cmake
[1.621s] -- Up-to-date: /home/aajaer/microros_ws/install/builtin_interfaces/share/builtin_interfaces/cmake/export_builtin_interfaces__rosidl_typesupport_fastrtps_cppExport.cmake
[1.622s] -- Up-to-date: /home/aajaer/microros_ws/install/builtin_interfaces/share/builtin_interfaces/cmake/export_builtin_interfaces__rosidl_typesupport_fastrtps_cppExport-noconfig.cmake
[1.622s] -- Up-to-date: /home/aajaer/microros_ws/install/builtin_interfaces/share/builtin_interfaces/cmake/builtin_interfaces__rosidl_typesupport_introspection_cppExport.cmake
[1.623s] -- Up-to-date: /home/aajaer/microros_ws/install/builtin_interfaces/share/builtin_interfaces/cmake/builtin_interfaces__rosidl_typesupport_introspection_cppExport-noconfig.cmake
[1.624s] -- Up-to-date: /home/aajaer/microros_ws/install/builtin_interfaces/share/builtin_interfaces/cmake/builtin_interfaces__rosidl_typesupport_cppExport.cmake
[1.625s] -- Up-to-date: /home/aajaer/microros_ws/install/builtin_interfaces/share/builtin_interfaces/cmake/builtin_interfaces__rosidl_typesupport_cppExport-noconfig.cmake
[1.625s] -- Up-to-date: /home/aajaer/microros_ws/install/builtin_interfaces/share/builtin_interfaces/cmake/export_builtin_interfaces__rosidl_generator_pyExport.cmake
[1.625s] -- Up-to-date: /home/aajaer/microros_ws/install/builtin_interfaces/share/builtin_interfaces/cmake/export_builtin_interfaces__rosidl_generator_pyExport-noconfig.cmake
[1.689s] Invoked command in '/home/aajaer/microros_ws/build/builtin_interfaces' returned '0': /usr/bin/cmake --install /home/aajaer/microros_ws/build/builtin_interfaces
