[0.089s] Invoking command in '/home/aajaer/microros_ws/build/rosidl_typesupport_microxrcedds_c': CMAKE_PREFIX_PATH=/home/aajaer/microros_ws/install/microcdr:/opt/ros/humble:/opt/ros/humble /usr/bin/cmake /home/aajaer/microros_ws/src/uros/rosidl_typesupport_microxrcedds/rosidl_typesupport_microxrcedds_c -DAMENT_CMAKE_SYMLINK_INSTALL=1 -DCMAKE_INSTALL_PREFIX=/home/aajaer/microros_ws/install/rosidl_typesupport_microxrcedds_c
[0.380s] -- The C compiler identification is GNU 11.4.0
[0.426s] -- Detecting C compiler ABI info
[1.100s] -- Detecting C compiler ABI info - done
[1.129s] -- Check for working C compiler: /usr/bin/cc - skipped
[1.130s] -- Detecting C compile features
[1.141s] -- Detecting C compile features - done
[1.148s] -- Found ament_cmake: 1.3.11 (/opt/ros/humble/share/ament_cmake/cmake)
[2.124s] -- Found Python3: /usr/bin/python3 (found version "3.10.12") found components: Interpreter 
[2.605s] -- Override CMake install command with custom implementation using symlinks instead of copying resources
[2.708s] -- Found rosidl_runtime_c: 3.1.6 (/opt/ros/humble/share/rosidl_runtime_c/cmake)
[3.303s] -- Found ament_lint_auto: 0.12.11 (/opt/ros/humble/share/ament_lint_auto/cmake)
[3.966s] -- Added test 'copyright' to check source files copyright and LICENSE
[3.976s] -- Added test 'cppcheck' to perform static code analysis on C / C++ code
[3.989s] -- Configured cppcheck include dirs: $<BUILD_INTERFACE:/home/aajaer/microros_ws/src/uros/rosidl_typesupport_microxrcedds/rosidl_typesupport_microxrcedds_c/include>
[3.989s] -- Configured cppcheck exclude dirs and/or files: 
[4.003s] -- Added test 'cpplint' to check C / C++ code against the Google style
[4.003s] -- Configured cpplint exclude dirs and/or files: 
[4.018s] -- Added test 'flake8' to check Python code syntax and style conventions
[4.021s] -- Added test 'lint_cmake' to check CMake code style
[4.026s] -- Added test 'pep257' to check Python code against some of the docstring style conventions in PEP 257
[4.031s] -- Added test 'uncrustify' to check C / C++ code style
[4.044s] -- Configured uncrustify additional arguments: 
[4.051s] -- Added test 'xmllint' to check XML markup files
[4.081s] -- Configuring done
[4.116s] -- Generating done
[4.148s] -- Build files have been written to: /home/aajaer/microros_ws/build/rosidl_typesupport_microxrcedds_c
[4.198s] Invoked command in '/home/aajaer/microros_ws/build/rosidl_typesupport_microxrcedds_c' returned '0': CMAKE_PREFIX_PATH=/home/aajaer/microros_ws/install/microcdr:/opt/ros/humble:/opt/ros/humble /usr/bin/cmake /home/aajaer/microros_ws/src/uros/rosidl_typesupport_microxrcedds/rosidl_typesupport_microxrcedds_c -DAMENT_CMAKE_SYMLINK_INSTALL=1 -DCMAKE_INSTALL_PREFIX=/home/aajaer/microros_ws/install/rosidl_typesupport_microxrcedds_c
[4.199s] Invoking command in '/home/aajaer/microros_ws/build/rosidl_typesupport_microxrcedds_c': CMAKE_PREFIX_PATH=/home/aajaer/microros_ws/install/microcdr:/opt/ros/humble:/opt/ros/humble /usr/bin/cmake --build /home/aajaer/microros_ws/build/rosidl_typesupport_microxrcedds_c -- -j8 -l8
[12.411s] [ 50%] [32mBuilding C object CMakeFiles/rosidl_typesupport_microxrcedds_c.dir/src/identifier.c.o[0m
[12.411s] [ 50%] Built target ament_cmake_python_symlink_rosidl_typesupport_microxrcedds_c
[12.411s] [100%] [32m[1mLinking C static library librosidl_typesupport_microxrcedds_c.a[0m
[12.411s] [100%] Built target rosidl_typesupport_microxrcedds_c
[12.411s] running egg_info
[12.412s] creating rosidl_typesupport_microxrcedds_c.egg-info
[12.412s] writing rosidl_typesupport_microxrcedds_c.egg-info/PKG-INFO
[12.412s] writing dependency_links to rosidl_typesupport_microxrcedds_c.egg-info/dependency_links.txt
[12.412s] writing top-level names to rosidl_typesupport_microxrcedds_c.egg-info/top_level.txt
[12.412s] writing manifest file 'rosidl_typesupport_microxrcedds_c.egg-info/SOURCES.txt'
[12.412s] reading manifest file 'rosidl_typesupport_microxrcedds_c.egg-info/SOURCES.txt'
[12.412s] writing manifest file 'rosidl_typesupport_microxrcedds_c.egg-info/SOURCES.txt'
[12.412s] [100%] Built target ament_cmake_python_build_rosidl_typesupport_microxrcedds_c_egg
[12.423s] Invoked command in '/home/aajaer/microros_ws/build/rosidl_typesupport_microxrcedds_c' returned '0': CMAKE_PREFIX_PATH=/home/aajaer/microros_ws/install/microcdr:/opt/ros/humble:/opt/ros/humble /usr/bin/cmake --build /home/aajaer/microros_ws/build/rosidl_typesupport_microxrcedds_c -- -j8 -l8
[12.424s] Invoking command in '/home/aajaer/microros_ws/build/rosidl_typesupport_microxrcedds_c': CMAKE_PREFIX_PATH=/home/aajaer/microros_ws/install/microcdr:/opt/ros/humble:/opt/ros/humble /usr/bin/cmake --install /home/aajaer/microros_ws/build/rosidl_typesupport_microxrcedds_c
[14.200s] -- Install configuration: ""
[14.211s] -- Execute custom install script
[14.211s] -- Symlinking: /home/aajaer/microros_ws/install/rosidl_typesupport_microxrcedds_c/share/rosidl_typesupport_microxrcedds_c/environment/pythonpath.sh
[14.211s] -- Symlinking: /home/aajaer/microros_ws/install/rosidl_typesupport_microxrcedds_c/share/rosidl_typesupport_microxrcedds_c/environment/pythonpath.dsv
[14.212s] -- Symlinking: /home/aajaer/microros_ws/install/rosidl_typesupport_microxrcedds_c/local/lib/python3.10/dist-packages/rosidl_typesupport_microxrcedds_c-3.0.1-py3.10.egg-info/PKG-INFO
[14.213s] -- Symlinking: /home/aajaer/microros_ws/install/rosidl_typesupport_microxrcedds_c/local/lib/python3.10/dist-packages/rosidl_typesupport_microxrcedds_c-3.0.1-py3.10.egg-info/SOURCES.txt
[14.213s] -- Symlinking: /home/aajaer/microros_ws/install/rosidl_typesupport_microxrcedds_c/local/lib/python3.10/dist-packages/rosidl_typesupport_microxrcedds_c-3.0.1-py3.10.egg-info/dependency_links.txt
[14.214s] -- Symlinking: /home/aajaer/microros_ws/install/rosidl_typesupport_microxrcedds_c/local/lib/python3.10/dist-packages/rosidl_typesupport_microxrcedds_c-3.0.1-py3.10.egg-info/top_level.txt
[14.214s] -- Symlinking: /home/aajaer/microros_ws/install/rosidl_typesupport_microxrcedds_c/local/lib/python3.10/dist-packages/rosidl_typesupport_microxrcedds_c/__init__.py
[14.214s] -- Symlinking: /home/aajaer/microros_ws/install/rosidl_typesupport_microxrcedds_c/share/rosidl_typesupport_microxrcedds_c/environment/library_path.sh
[14.214s] -- Symlinking: /home/aajaer/microros_ws/install/rosidl_typesupport_microxrcedds_c/share/rosidl_typesupport_microxrcedds_c/environment/library_path.dsv
[14.214s] -- Symlinking: /home/aajaer/microros_ws/install/rosidl_typesupport_microxrcedds_c/share/ament_index/resource_index/rosidl_typesupport_c/rosidl_typesupport_microxrcedds_c
[14.215s] -- Symlinking: /home/aajaer/microros_ws/install/rosidl_typesupport_microxrcedds_c/share/ament_index/resource_index/package_run_dependencies/rosidl_typesupport_microxrcedds_c
[14.215s] -- Symlinking: /home/aajaer/microros_ws/install/rosidl_typesupport_microxrcedds_c/share/ament_index/resource_index/parent_prefix_path/rosidl_typesupport_microxrcedds_c
[14.215s] -- Symlinking: /home/aajaer/microros_ws/install/rosidl_typesupport_microxrcedds_c/share/rosidl_typesupport_microxrcedds_c/environment/ament_prefix_path.sh
[14.215s] -- Symlinking: /home/aajaer/microros_ws/install/rosidl_typesupport_microxrcedds_c/share/rosidl_typesupport_microxrcedds_c/environment/ament_prefix_path.dsv
[14.216s] -- Symlinking: /home/aajaer/microros_ws/install/rosidl_typesupport_microxrcedds_c/share/rosidl_typesupport_microxrcedds_c/environment/path.sh
[14.216s] -- Symlinking: /home/aajaer/microros_ws/install/rosidl_typesupport_microxrcedds_c/share/rosidl_typesupport_microxrcedds_c/environment/path.dsv
[14.217s] -- Symlinking: /home/aajaer/microros_ws/install/rosidl_typesupport_microxrcedds_c/share/rosidl_typesupport_microxrcedds_c/local_setup.bash
[14.217s] -- Symlinking: /home/aajaer/microros_ws/install/rosidl_typesupport_microxrcedds_c/share/rosidl_typesupport_microxrcedds_c/local_setup.sh
[14.217s] -- Symlinking: /home/aajaer/microros_ws/install/rosidl_typesupport_microxrcedds_c/share/rosidl_typesupport_microxrcedds_c/local_setup.zsh
[14.217s] -- Symlinking: /home/aajaer/microros_ws/install/rosidl_typesupport_microxrcedds_c/share/rosidl_typesupport_microxrcedds_c/local_setup.dsv
[14.217s] -- Symlinking: /home/aajaer/microros_ws/install/rosidl_typesupport_microxrcedds_c/share/rosidl_typesupport_microxrcedds_c/package.dsv
[14.218s] -- Symlinking: /home/aajaer/microros_ws/install/rosidl_typesupport_microxrcedds_c/share/ament_index/resource_index/packages/rosidl_typesupport_microxrcedds_c
[14.219s] -- Symlinking: /home/aajaer/microros_ws/install/rosidl_typesupport_microxrcedds_c/share/rosidl_typesupport_microxrcedds_c/cmake/rosidl_typesupport_microxrcedds_c-extras.cmake
[14.219s] -- Symlinking: /home/aajaer/microros_ws/install/rosidl_typesupport_microxrcedds_c/share/rosidl_typesupport_microxrcedds_c/cmake/ament_cmake_export_dependencies-extras.cmake
[14.220s] -- Symlinking: /home/aajaer/microros_ws/install/rosidl_typesupport_microxrcedds_c/share/rosidl_typesupport_microxrcedds_c/cmake/ament_cmake_export_include_directories-extras.cmake
[14.220s] -- Symlinking: /home/aajaer/microros_ws/install/rosidl_typesupport_microxrcedds_c/share/rosidl_typesupport_microxrcedds_c/cmake/ament_cmake_export_libraries-extras.cmake
[14.225s] -- Symlinking: /home/aajaer/microros_ws/install/rosidl_typesupport_microxrcedds_c/share/rosidl_typesupport_microxrcedds_c/cmake/ament_cmake_export_targets-extras.cmake
[14.225s] -- Symlinking: /home/aajaer/microros_ws/install/rosidl_typesupport_microxrcedds_c/share/rosidl_typesupport_microxrcedds_c/cmake/rosidl_typesupport_microxrcedds_cConfig.cmake
[14.238s] -- Symlinking: /home/aajaer/microros_ws/install/rosidl_typesupport_microxrcedds_c/share/rosidl_typesupport_microxrcedds_c/cmake/rosidl_typesupport_microxrcedds_cConfig-version.cmake
[14.242s] -- Symlinking: /home/aajaer/microros_ws/install/rosidl_typesupport_microxrcedds_c/share/rosidl_typesupport_microxrcedds_c/package.xml
[14.242s] -- Symlinking: /home/aajaer/microros_ws/install/rosidl_typesupport_microxrcedds_c/lib/rosidl_typesupport_microxrcedds_c/rosidl_typesupport_microxrcedds_c
[14.242s] -- Symlinking: /home/aajaer/microros_ws/install/rosidl_typesupport_microxrcedds_c/share/rosidl_typesupport_microxrcedds_c/cmake/rosidl_typesupport_microxrcedds_c_generate_interfaces.cmake
[14.242s] -- Symlinking: /home/aajaer/microros_ws/install/rosidl_typesupport_microxrcedds_c/share/rosidl_typesupport_microxrcedds_c/resource/idl__rosidl_typesupport_microxrcedds_c.h.em
[14.242s] -- Symlinking: /home/aajaer/microros_ws/install/rosidl_typesupport_microxrcedds_c/share/rosidl_typesupport_microxrcedds_c/resource/idl__type_support_c.c.em
[14.243s] -- Symlinking: /home/aajaer/microros_ws/install/rosidl_typesupport_microxrcedds_c/share/rosidl_typesupport_microxrcedds_c/resource/msg__rosidl_typesupport_microxrcedds_c.h.em
[14.243s] -- Symlinking: /home/aajaer/microros_ws/install/rosidl_typesupport_microxrcedds_c/share/rosidl_typesupport_microxrcedds_c/resource/msg__type_support_c.c.em
[14.243s] -- Symlinking: /home/aajaer/microros_ws/install/rosidl_typesupport_microxrcedds_c/share/rosidl_typesupport_microxrcedds_c/resource/rosidl_typesupport_microxrcedds_c__visibility_control.h.in
[14.243s] -- Symlinking: /home/aajaer/microros_ws/install/rosidl_typesupport_microxrcedds_c/share/rosidl_typesupport_microxrcedds_c/resource/srv__rosidl_typesupport_microxrcedds_c.h.em
[14.247s] -- Symlinking: /home/aajaer/microros_ws/install/rosidl_typesupport_microxrcedds_c/share/rosidl_typesupport_microxrcedds_c/resource/srv__type_support_c.c.em
[14.247s] -- Symlinking: /home/aajaer/microros_ws/install/rosidl_typesupport_microxrcedds_c/include/rosidl_typesupport_microxrcedds_c/identifier.h
[14.247s] -- Symlinking: /home/aajaer/microros_ws/install/rosidl_typesupport_microxrcedds_c/include/rosidl_typesupport_microxrcedds_c/message_type_support.h
[14.252s] -- Symlinking: /home/aajaer/microros_ws/install/rosidl_typesupport_microxrcedds_c/include/rosidl_typesupport_microxrcedds_c/service_type_support.h
[14.253s] -- Symlinking: /home/aajaer/microros_ws/install/rosidl_typesupport_microxrcedds_c/include/rosidl_typesupport_microxrcedds_c/visibility_control.h
[14.253s] Listing '/home/aajaer/microros_ws/install/rosidl_typesupport_microxrcedds_c/local/lib/python3.10/dist-packages/rosidl_typesupport_microxrcedds_c'...
[14.253s] Compiling '/home/aajaer/microros_ws/install/rosidl_typesupport_microxrcedds_c/local/lib/python3.10/dist-packages/rosidl_typesupport_microxrcedds_c/__init__.py'...
[14.254s] -- Installing: /home/aajaer/microros_ws/install/rosidl_typesupport_microxrcedds_c/share/rosidl_typesupport_microxrcedds_c/cmake/rosidl_typesupport_microxrcedds_cExport.cmake
[14.254s] -- Installing: /home/aajaer/microros_ws/install/rosidl_typesupport_microxrcedds_c/share/rosidl_typesupport_microxrcedds_c/cmake/rosidl_typesupport_microxrcedds_cExport-noconfig.cmake
[14.254s] -- Installing: /home/aajaer/microros_ws/install/rosidl_typesupport_microxrcedds_c/lib/librosidl_typesupport_microxrcedds_c.a
[14.258s] Invoked command in '/home/aajaer/microros_ws/build/rosidl_typesupport_microxrcedds_c' returned '0': CMAKE_PREFIX_PATH=/home/aajaer/microros_ws/install/microcdr:/opt/ros/humble:/opt/ros/humble /usr/bin/cmake --install /home/aajaer/microros_ws/build/rosidl_typesupport_microxrcedds_c
