[0.084s] Invoking command in '/home/aajaer/microros_ws/build/micro_ros_utilities': CMAKE_PREFIX_PATH=${CMAKE_PREFIX_PATH}:/home/aajaer/microros_ws/install/sensor_msgs_py:/home/aajaer/microros_ws/install/motor_control_pkg /usr/bin/cmake --build /home/aajaer/microros_ws/build/micro_ros_utilities -- -j8 -l8
[0.331s] [ 30%] Built target micro_ros_utilities
[0.382s] [ 50%] Built target gtest
[0.438s] [ 70%] Built target gtest_main
[0.676s] [100%] Built target micro_ros_utilities_test
[0.820s] Invoked command in '/home/aajaer/microros_ws/build/micro_ros_utilities' returned '0': CMAKE_PREFIX_PATH=${CMAKE_PREFIX_PATH}:/home/aajaer/microros_ws/install/sensor_msgs_py:/home/aajaer/microros_ws/install/motor_control_pkg /usr/bin/cmake --build /home/aajaer/microros_ws/build/micro_ros_utilities -- -j8 -l8
[0.824s] Invoking command in '/home/aajaer/microros_ws/build/micro_ros_utilities': CMAKE_PREFIX_PATH=${CMAKE_PREFIX_PATH}:/home/aajaer/microros_ws/install/sensor_msgs_py:/home/aajaer/microros_ws/install/motor_control_pkg /usr/bin/cmake --install /home/aajaer/microros_ws/build/micro_ros_utilities
[0.931s] -- Install configuration: ""
[0.931s] -- Execute custom install script
[0.931s] -- Up-to-date symlink: /home/aajaer/microros_ws/install/micro_ros_utilities/include/micro_ros_utilities/string_utilities.h
[0.931s] -- Up-to-date symlink: /home/aajaer/microros_ws/install/micro_ros_utilities/include/micro_ros_utilities/type_utilities.h
[0.931s] -- Up-to-date symlink: /home/aajaer/microros_ws/install/micro_ros_utilities/include/micro_ros_utilities/visibility_control.h
[0.931s] -- Up-to-date symlink: /home/aajaer/microros_ws/install/micro_ros_utilities/lib/libmicro_ros_utilities.a
[0.946s] -- Up-to-date symlink: /home/aajaer/microros_ws/install/micro_ros_utilities/share/micro_ros_utilities/environment/library_path.sh
[0.947s] -- Up-to-date symlink: /home/aajaer/microros_ws/install/micro_ros_utilities/share/micro_ros_utilities/environment/library_path.dsv
[0.947s] -- Up-to-date symlink: /home/aajaer/microros_ws/install/micro_ros_utilities/share/ament_index/resource_index/package_run_dependencies/micro_ros_utilities
[0.947s] -- Up-to-date symlink: /home/aajaer/microros_ws/install/micro_ros_utilities/share/ament_index/resource_index/parent_prefix_path/micro_ros_utilities
[0.947s] -- Up-to-date symlink: /home/aajaer/microros_ws/install/micro_ros_utilities/share/micro_ros_utilities/environment/ament_prefix_path.sh
[0.948s] -- Up-to-date symlink: /home/aajaer/microros_ws/install/micro_ros_utilities/share/micro_ros_utilities/environment/ament_prefix_path.dsv
[0.948s] -- Up-to-date symlink: /home/aajaer/microros_ws/install/micro_ros_utilities/share/micro_ros_utilities/environment/path.sh
[0.948s] -- Up-to-date symlink: /home/aajaer/microros_ws/install/micro_ros_utilities/share/micro_ros_utilities/environment/path.dsv
[0.948s] -- Up-to-date symlink: /home/aajaer/microros_ws/install/micro_ros_utilities/share/micro_ros_utilities/local_setup.bash
[0.948s] -- Up-to-date symlink: /home/aajaer/microros_ws/install/micro_ros_utilities/share/micro_ros_utilities/local_setup.sh
[0.948s] -- Up-to-date symlink: /home/aajaer/microros_ws/install/micro_ros_utilities/share/micro_ros_utilities/local_setup.zsh
[0.948s] -- Up-to-date symlink: /home/aajaer/microros_ws/install/micro_ros_utilities/share/micro_ros_utilities/local_setup.dsv
[0.948s] -- Symlinking: /home/aajaer/microros_ws/install/micro_ros_utilities/share/micro_ros_utilities/package.dsv
[0.949s] -- Up-to-date symlink: /home/aajaer/microros_ws/install/micro_ros_utilities/share/ament_index/resource_index/packages/micro_ros_utilities
[0.949s] -- Up-to-date symlink: /home/aajaer/microros_ws/install/micro_ros_utilities/share/micro_ros_utilities/cmake/ament_cmake_export_include_directories-extras.cmake
[0.949s] -- Up-to-date symlink: /home/aajaer/microros_ws/install/micro_ros_utilities/share/micro_ros_utilities/cmake/ament_cmake_export_libraries-extras.cmake
[0.949s] -- Up-to-date symlink: /home/aajaer/microros_ws/install/micro_ros_utilities/share/micro_ros_utilities/cmake/ament_cmake_export_dependencies-extras.cmake
[0.949s] -- Up-to-date symlink: /home/aajaer/microros_ws/install/micro_ros_utilities/share/micro_ros_utilities/cmake/micro_ros_utilitiesConfig.cmake
[0.949s] -- Up-to-date symlink: /home/aajaer/microros_ws/install/micro_ros_utilities/share/micro_ros_utilities/cmake/micro_ros_utilitiesConfig-version.cmake
[0.949s] -- Up-to-date symlink: /home/aajaer/microros_ws/install/micro_ros_utilities/share/micro_ros_utilities/package.xml
[1.040s] Invoked command in '/home/aajaer/microros_ws/build/micro_ros_utilities' returned '0': CMAKE_PREFIX_PATH=${CMAKE_PREFIX_PATH}:/home/aajaer/microros_ws/install/sensor_msgs_py:/home/aajaer/microros_ws/install/motor_control_pkg /usr/bin/cmake --install /home/aajaer/microros_ws/build/micro_ros_utilities
