[0.044s] Invoking command in '/home/aajaer/microros_ws/build/statistics_msgs': AMENT_PREFIX_PATH=/home/aajaer/microros_ws/install/builtin_interfaces:${AMENT_PREFIX_PATH} CMAKE_PREFIX_PATH=/home/aajaer/microros_ws/install/builtin_interfaces:/opt/ros/humble:/opt/ros/humble LD_LIBRARY_PATH=/home/aajaer/microros_ws/install/builtin_interfaces/lib:/opt/ros/humble/opt/rviz_ogre_vendor/lib:/opt/ros/humble/lib/aarch64-linux-gnu:/opt/ros/humble/lib PYTHONPATH=/home/aajaer/microros_ws/install/builtin_interfaces/local/lib/python3.10/dist-packages:${PYTHONPATH} /usr/bin/cmake /home/aajaer/microros_ws/src/ros2/rcl_interfaces/statistics_msgs -DAMENT_CMAKE_SYMLINK_INSTALL=1 -DCMAKE_INSTALL_PREFIX=/home/aajaer/microros_ws/install/statistics_msgs
[9.792s] -- The C compiler identification is GNU 11.4.0
[9.793s] -- The CXX compiler identification is GNU 11.4.0
[9.794s] -- Detecting C compiler ABI info
[9.794s] -- Detecting C compiler ABI info - done
[9.796s] -- Check for working C compiler: /usr/bin/cc - skipped
[9.799s] -- Detecting C compile features
[9.799s] -- Detecting C compile features - done
[9.799s] -- Detecting CXX compiler ABI info
[9.801s] -- Detecting CXX compiler ABI info - done
[9.802s] -- Check for working CXX compiler: /usr/bin/c++ - skipped
[9.802s] -- Detecting CXX compile features
[9.804s] -- Detecting CXX compile features - done
[9.805s] -- Found ament_cmake: 1.3.11 (/opt/ros/humble/share/ament_cmake/cmake)
[9.805s] -- Found Python3: /usr/bin/python3 (found version "3.10.12") found components: Interpreter 
[9.806s] -- Override CMake install command with custom implementation using symlinks instead of copying resources
[9.806s] -- Found builtin_interfaces: 1.2.1 (/home/aajaer/microros_ws/install/builtin_interfaces/share/builtin_interfaces/cmake)
[9.806s] -- Found rosidl_generator_c: 3.1.6 (/opt/ros/humble/share/rosidl_generator_c/cmake)
[9.806s] -- Found rosidl_adapter: 3.1.6 (/opt/ros/humble/share/rosidl_adapter/cmake)
[9.806s] -- Found rosidl_generator_cpp: 3.1.6 (/opt/ros/humble/share/rosidl_generator_cpp/cmake)
[9.806s] -- Using all available rosidl_typesupport_c: rosidl_typesupport_fastrtps_c;rosidl_typesupport_introspection_c
[9.806s] -- Using all available rosidl_typesupport_cpp: rosidl_typesupport_fastrtps_cpp;rosidl_typesupport_introspection_cpp
[9.806s] -- Found rosidl_default_generators: 1.2.0 (/opt/ros/humble/share/rosidl_default_generators/cmake)
[9.807s] -- Found ament_cmake_ros: 0.10.0 (/opt/ros/humble/share/ament_cmake_ros/cmake)
[9.807s] -- Using all available rosidl_typesupport_c: rosidl_typesupport_fastrtps_c;rosidl_typesupport_introspection_c
[9.807s] -- Using all available rosidl_typesupport_cpp: rosidl_typesupport_fastrtps_cpp;rosidl_typesupport_introspection_cpp
[9.807s] -- Found PythonInterp: /usr/bin/python3 (found suitable version "3.10.12", minimum required is "3.6") 
[9.807s] -- Found python_cmake_module: 0.10.0 (/opt/ros/humble/share/python_cmake_module/cmake)
[9.807s] -- Found PythonLibs: /usr/lib/aarch64-linux-gnu/libpython3.10.so (found suitable version "3.10.12", minimum required is "3.5") 
[9.807s] -- Using PYTHON_EXECUTABLE: /usr/bin/python3
[9.807s] -- Using PYTHON_INCLUDE_DIRS: /usr/include/python3.10
[9.808s] -- Using PYTHON_LIBRARIES: /usr/lib/aarch64-linux-gnu/libpython3.10.so
[9.808s] -- Found PythonExtra: .so  
[9.808s] -- Configuring done
[9.808s] -- Generating done
[9.808s] -- Build files have been written to: /home/aajaer/microros_ws/build/statistics_msgs
[9.818s] Invoked command in '/home/aajaer/microros_ws/build/statistics_msgs' returned '0': AMENT_PREFIX_PATH=/home/aajaer/microros_ws/install/builtin_interfaces:${AMENT_PREFIX_PATH} CMAKE_PREFIX_PATH=/home/aajaer/microros_ws/install/builtin_interfaces:/opt/ros/humble:/opt/ros/humble LD_LIBRARY_PATH=/home/aajaer/microros_ws/install/builtin_interfaces/lib:/opt/ros/humble/opt/rviz_ogre_vendor/lib:/opt/ros/humble/lib/aarch64-linux-gnu:/opt/ros/humble/lib PYTHONPATH=/home/aajaer/microros_ws/install/builtin_interfaces/local/lib/python3.10/dist-packages:${PYTHONPATH} /usr/bin/cmake /home/aajaer/microros_ws/src/ros2/rcl_interfaces/statistics_msgs -DAMENT_CMAKE_SYMLINK_INSTALL=1 -DCMAKE_INSTALL_PREFIX=/home/aajaer/microros_ws/install/statistics_msgs
[9.819s] Invoking command in '/home/aajaer/microros_ws/build/statistics_msgs': AMENT_PREFIX_PATH=/home/aajaer/microros_ws/install/builtin_interfaces:${AMENT_PREFIX_PATH} CMAKE_PREFIX_PATH=/home/aajaer/microros_ws/install/builtin_interfaces:/opt/ros/humble:/opt/ros/humble LD_LIBRARY_PATH=/home/aajaer/microros_ws/install/builtin_interfaces/lib:/opt/ros/humble/opt/rviz_ogre_vendor/lib:/opt/ros/humble/lib/aarch64-linux-gnu:/opt/ros/humble/lib PYTHONPATH=/home/aajaer/microros_ws/install/builtin_interfaces/local/lib/python3.10/dist-packages:${PYTHONPATH} /usr/bin/cmake --build /home/aajaer/microros_ws/build/statistics_msgs -- -j8 -l8
[11.071s] [  2%] [34m[1mGenerating C++ code for ROS interfaces[0m
[11.345s] [  2%] Built target statistics_msgs__cpp
[11.404s] [  2%] Built target ament_cmake_python_symlink_statistics_msgs
[11.425s] [  4%] [34m[1mGenerating C++ introspection for ROS interfaces[0m
[12.654s] [  6%] [32mBuilding CXX object CMakeFiles/statistics_msgs__rosidl_typesupport_introspection_cpp.dir/rosidl_typesupport_introspection_cpp/statistics_msgs/msg/detail/metrics_message__type_support.cpp.o[0m
[13.629s] [  8%] [32mBuilding CXX object CMakeFiles/statistics_msgs__rosidl_typesupport_introspection_cpp.dir/rosidl_typesupport_introspection_cpp/statistics_msgs/msg/detail/statistic_data_type__type_support.cpp.o[0m
[14.668s] [ 10%] [32mBuilding CXX object CMakeFiles/statistics_msgs__rosidl_typesupport_introspection_cpp.dir/rosidl_typesupport_introspection_cpp/statistics_msgs/msg/detail/statistic_data_point__type_support.cpp.o[0m
[15.693s] [ 12%] [32m[1mLinking CXX shared library libstatistics_msgs__rosidl_typesupport_introspection_cpp.so[0m
[15.916s] [ 12%] Built target statistics_msgs__rosidl_typesupport_introspection_cpp
[16.504s] running egg_info
[16.506s] creating statistics_msgs.egg-info
[16.506s] writing statistics_msgs.egg-info/PKG-INFO
[16.507s] writing dependency_links to statistics_msgs.egg-info/dependency_links.txt
[16.508s] writing top-level names to statistics_msgs.egg-info/top_level.txt
[16.508s] writing manifest file 'statistics_msgs.egg-info/SOURCES.txt'
[16.513s] reading manifest file 'statistics_msgs.egg-info/SOURCES.txt'
[16.514s] writing manifest file 'statistics_msgs.egg-info/SOURCES.txt'
[16.606s] [ 12%] Built target ament_cmake_python_build_statistics_msgs_egg
[16.629s] [ 14%] [34m[1mGenerating C++ type support for eProsima Fast-RTPS[0m
[17.755s] [ 17%] [32mBuilding CXX object CMakeFiles/statistics_msgs__rosidl_typesupport_fastrtps_cpp.dir/rosidl_typesupport_fastrtps_cpp/statistics_msgs/msg/detail/dds_fastrtps/metrics_message__type_support.cpp.o[0m
[18.782s] [ 19%] [32mBuilding CXX object CMakeFiles/statistics_msgs__rosidl_typesupport_fastrtps_cpp.dir/rosidl_typesupport_fastrtps_cpp/statistics_msgs/msg/detail/dds_fastrtps/statistic_data_type__type_support.cpp.o[0m
[19.696s] [ 21%] [32mBuilding CXX object CMakeFiles/statistics_msgs__rosidl_typesupport_fastrtps_cpp.dir/rosidl_typesupport_fastrtps_cpp/statistics_msgs/msg/detail/dds_fastrtps/statistic_data_point__type_support.cpp.o[0m
[20.617s] [ 23%] [32m[1mLinking CXX shared library libstatistics_msgs__rosidl_typesupport_fastrtps_cpp.so[0m
[20.797s] [ 23%] Built target statistics_msgs__rosidl_typesupport_fastrtps_cpp
[20.818s] [ 25%] [34m[1mGenerating C++ type support dispatch for ROS interfaces[0m
[21.778s] [ 27%] [32mBuilding CXX object CMakeFiles/statistics_msgs__rosidl_typesupport_cpp.dir/rosidl_typesupport_cpp/statistics_msgs/msg/metrics_message__type_support.cpp.o[0m
[22.397s] [ 29%] [32mBuilding CXX object CMakeFiles/statistics_msgs__rosidl_typesupport_cpp.dir/rosidl_typesupport_cpp/statistics_msgs/msg/statistic_data_type__type_support.cpp.o[0m
[23.040s] [ 31%] [32mBuilding CXX object CMakeFiles/statistics_msgs__rosidl_typesupport_cpp.dir/rosidl_typesupport_cpp/statistics_msgs/msg/statistic_data_point__type_support.cpp.o[0m
[23.657s] [ 34%] [32m[1mLinking CXX shared library libstatistics_msgs__rosidl_typesupport_cpp.so[0m
[23.738s] [ 34%] Built target statistics_msgs__rosidl_typesupport_cpp
[23.761s] [ 36%] [34m[1mGenerating C code for ROS interfaces[0m
[25.132s] [ 38%] [32mBuilding C object CMakeFiles/statistics_msgs__rosidl_generator_c.dir/rosidl_generator_c/statistics_msgs/msg/detail/metrics_message__functions.c.o[0m
[25.249s] [ 40%] [32mBuilding C object CMakeFiles/statistics_msgs__rosidl_generator_c.dir/rosidl_generator_c/statistics_msgs/msg/detail/statistic_data_type__functions.c.o[0m
[25.355s] [ 42%] [32mBuilding C object CMakeFiles/statistics_msgs__rosidl_generator_c.dir/rosidl_generator_c/statistics_msgs/msg/detail/statistic_data_point__functions.c.o[0m
[25.464s] [ 44%] [32m[1mLinking C shared library libstatistics_msgs__rosidl_generator_c.so[0m
[25.553s] [ 44%] Built target statistics_msgs__rosidl_generator_c
[25.579s] [ 46%] [34m[1mGenerating C type support for eProsima Fast-RTPS[0m
[26.688s] [ 48%] [32mBuilding CXX object CMakeFiles/statistics_msgs__rosidl_typesupport_fastrtps_c.dir/rosidl_typesupport_fastrtps_c/statistics_msgs/msg/detail/metrics_message__type_support_c.cpp.o[0m
[27.515s] [ 51%] [32mBuilding CXX object CMakeFiles/statistics_msgs__rosidl_typesupport_fastrtps_c.dir/rosidl_typesupport_fastrtps_c/statistics_msgs/msg/detail/statistic_data_type__type_support_c.cpp.o[0m
[28.271s] [ 53%] [32mBuilding CXX object CMakeFiles/statistics_msgs__rosidl_typesupport_fastrtps_c.dir/rosidl_typesupport_fastrtps_c/statistics_msgs/msg/detail/statistic_data_point__type_support_c.cpp.o[0m
[29.041s] [ 55%] [32m[1mLinking CXX shared library libstatistics_msgs__rosidl_typesupport_fastrtps_c.so[0m
[29.219s] [ 55%] Built target statistics_msgs__rosidl_typesupport_fastrtps_c
[29.242s] [ 57%] [34m[1mGenerating C type support dispatch for ROS interfaces[0m
[30.193s] [ 59%] [32mBuilding CXX object CMakeFiles/statistics_msgs__rosidl_typesupport_c.dir/rosidl_typesupport_c/statistics_msgs/msg/metrics_message__type_support.cpp.o[0m
[30.258s] [ 61%] [32mBuilding CXX object CMakeFiles/statistics_msgs__rosidl_typesupport_c.dir/rosidl_typesupport_c/statistics_msgs/msg/statistic_data_type__type_support.cpp.o[0m
[30.321s] [ 63%] [32mBuilding CXX object CMakeFiles/statistics_msgs__rosidl_typesupport_c.dir/rosidl_typesupport_c/statistics_msgs/msg/statistic_data_point__type_support.cpp.o[0m
[30.385s] [ 65%] [32m[1mLinking CXX shared library libstatistics_msgs__rosidl_typesupport_c.so[0m
[30.473s] [ 65%] Built target statistics_msgs__rosidl_typesupport_c
[30.494s] [ 68%] [34m[1mGenerating C introspection for ROS interfaces[0m
[31.560s] [ 70%] [32mBuilding C object CMakeFiles/statistics_msgs__rosidl_typesupport_introspection_c.dir/rosidl_typesupport_introspection_c/statistics_msgs/msg/detail/metrics_message__type_support.c.o[0m
[31.657s] [ 72%] [32mBuilding C object CMakeFiles/statistics_msgs__rosidl_typesupport_introspection_c.dir/rosidl_typesupport_introspection_c/statistics_msgs/msg/detail/statistic_data_type__type_support.c.o[0m
[31.731s] [ 74%] [32mBuilding C object CMakeFiles/statistics_msgs__rosidl_typesupport_introspection_c.dir/rosidl_typesupport_introspection_c/statistics_msgs/msg/detail/statistic_data_point__type_support.c.o[0m
[31.805s] [ 76%] [32m[1mLinking C shared library libstatistics_msgs__rosidl_typesupport_introspection_c.so[0m
[31.881s] [ 76%] Built target statistics_msgs__rosidl_typesupport_introspection_c
[31.923s] [ 76%] Built target statistics_msgs
[31.967s] [ 78%] [34m[1mGenerating Python code for ROS interfaces[0m
[33.801s] [ 78%] Built target statistics_msgs__py
[33.842s] [ 80%] [32mBuilding C object CMakeFiles/statistics_msgs__rosidl_generator_py.dir/rosidl_generator_py/statistics_msgs/msg/_metrics_message_s.c.o[0m
[34.080s] [ 82%] [32mBuilding C object CMakeFiles/statistics_msgs__rosidl_generator_py.dir/rosidl_generator_py/statistics_msgs/msg/_statistic_data_type_s.c.o[0m
[34.295s] [ 85%] [32mBuilding C object CMakeFiles/statistics_msgs__rosidl_generator_py.dir/rosidl_generator_py/statistics_msgs/msg/_statistic_data_point_s.c.o[0m
[34.512s] [ 87%] [32m[1mLinking C shared library rosidl_generator_py/statistics_msgs/libstatistics_msgs__rosidl_generator_py.so[0m
[34.595s] [ 87%] Built target statistics_msgs__rosidl_generator_py
[34.638s] [ 89%] [32mBuilding C object CMakeFiles/statistics_msgs__rosidl_typesupport_fastrtps_c__pyext.dir/rosidl_generator_py/statistics_msgs/_statistics_msgs_s.ep.rosidl_typesupport_fastrtps_c.c.o[0m
[34.895s] [ 91%] [32m[1mLinking C shared library rosidl_generator_py/statistics_msgs/statistics_msgs_s__rosidl_typesupport_fastrtps_c.cpython-310-aarch64-linux-gnu.so[0m
[35.002s] [ 91%] Built target statistics_msgs__rosidl_typesupport_fastrtps_c__pyext
[35.043s] [ 93%] [32mBuilding C object CMakeFiles/statistics_msgs__rosidl_typesupport_c__pyext.dir/rosidl_generator_py/statistics_msgs/_statistics_msgs_s.ep.rosidl_typesupport_c.c.o[0m
[35.268s] [ 95%] [32m[1mLinking C shared library rosidl_generator_py/statistics_msgs/statistics_msgs_s__rosidl_typesupport_c.cpython-310-aarch64-linux-gnu.so[0m
[35.341s] [ 95%] Built target statistics_msgs__rosidl_typesupport_c__pyext
[35.386s] [ 97%] [32mBuilding C object CMakeFiles/statistics_msgs__rosidl_typesupport_introspection_c__pyext.dir/rosidl_generator_py/statistics_msgs/_statistics_msgs_s.ep.rosidl_typesupport_introspection_c.c.o[0m
[35.610s] [100%] [32m[1mLinking C shared library rosidl_generator_py/statistics_msgs/statistics_msgs_s__rosidl_typesupport_introspection_c.cpython-310-aarch64-linux-gnu.so[0m
[35.690s] [100%] Built target statistics_msgs__rosidl_typesupport_introspection_c__pyext
[35.728s] Invoked command in '/home/aajaer/microros_ws/build/statistics_msgs' returned '0': AMENT_PREFIX_PATH=/home/aajaer/microros_ws/install/builtin_interfaces:${AMENT_PREFIX_PATH} CMAKE_PREFIX_PATH=/home/aajaer/microros_ws/install/builtin_interfaces:/opt/ros/humble:/opt/ros/humble LD_LIBRARY_PATH=/home/aajaer/microros_ws/install/builtin_interfaces/lib:/opt/ros/humble/opt/rviz_ogre_vendor/lib:/opt/ros/humble/lib/aarch64-linux-gnu:/opt/ros/humble/lib PYTHONPATH=/home/aajaer/microros_ws/install/builtin_interfaces/local/lib/python3.10/dist-packages:${PYTHONPATH} /usr/bin/cmake --build /home/aajaer/microros_ws/build/statistics_msgs -- -j8 -l8
[35.729s] Invoking command in '/home/aajaer/microros_ws/build/statistics_msgs': AMENT_PREFIX_PATH=/home/aajaer/microros_ws/install/builtin_interfaces:${AMENT_PREFIX_PATH} CMAKE_PREFIX_PATH=/home/aajaer/microros_ws/install/builtin_interfaces:/opt/ros/humble:/opt/ros/humble LD_LIBRARY_PATH=/home/aajaer/microros_ws/install/builtin_interfaces/lib:/opt/ros/humble/opt/rviz_ogre_vendor/lib:/opt/ros/humble/lib/aarch64-linux-gnu:/opt/ros/humble/lib PYTHONPATH=/home/aajaer/microros_ws/install/builtin_interfaces/local/lib/python3.10/dist-packages:${PYTHONPATH} /usr/bin/cmake --install /home/aajaer/microros_ws/build/statistics_msgs
[35.739s] -- Install configuration: ""
[35.740s] -- Execute custom install script
[35.741s] -- Symlinking: /home/aajaer/microros_ws/install/statistics_msgs/share/ament_index/resource_index/rosidl_interfaces/statistics_msgs
[35.760s] -- Symlinking: /home/aajaer/microros_ws/install/statistics_msgs/include/statistics_msgs/statistics_msgs/msg/detail/metrics_message__functions.h
[35.780s] -- Symlinking: /home/aajaer/microros_ws/install/statistics_msgs/include/statistics_msgs/statistics_msgs/msg/detail/metrics_message__struct.h
[35.801s] -- Symlinking: /home/aajaer/microros_ws/install/statistics_msgs/include/statistics_msgs/statistics_msgs/msg/detail/metrics_message__type_support.h
[35.820s] -- Symlinking: /home/aajaer/microros_ws/install/statistics_msgs/include/statistics_msgs/statistics_msgs/msg/detail/statistic_data_point__functions.h
[35.835s] -- Symlinking: /home/aajaer/microros_ws/install/statistics_msgs/include/statistics_msgs/statistics_msgs/msg/detail/statistic_data_point__struct.h
[35.856s] -- Symlinking: /home/aajaer/microros_ws/install/statistics_msgs/include/statistics_msgs/statistics_msgs/msg/detail/statistic_data_point__type_support.h
[35.875s] -- Symlinking: /home/aajaer/microros_ws/install/statistics_msgs/include/statistics_msgs/statistics_msgs/msg/detail/statistic_data_type__functions.h
[35.894s] -- Symlinking: /home/aajaer/microros_ws/install/statistics_msgs/include/statistics_msgs/statistics_msgs/msg/detail/statistic_data_type__struct.h
[35.912s] -- Symlinking: /home/aajaer/microros_ws/install/statistics_msgs/include/statistics_msgs/statistics_msgs/msg/detail/statistic_data_type__type_support.h
[35.932s] -- Symlinking: /home/aajaer/microros_ws/install/statistics_msgs/include/statistics_msgs/statistics_msgs/msg/metrics_message.h
[35.956s] -- Symlinking: /home/aajaer/microros_ws/install/statistics_msgs/include/statistics_msgs/statistics_msgs/msg/rosidl_generator_c__visibility_control.h
[35.976s] -- Symlinking: /home/aajaer/microros_ws/install/statistics_msgs/include/statistics_msgs/statistics_msgs/msg/statistic_data_point.h
[35.995s] -- Symlinking: /home/aajaer/microros_ws/install/statistics_msgs/include/statistics_msgs/statistics_msgs/msg/statistic_data_type.h
[36.014s] -- Symlinking: /home/aajaer/microros_ws/install/statistics_msgs/share/statistics_msgs/environment/library_path.sh
[36.037s] -- Symlinking: /home/aajaer/microros_ws/install/statistics_msgs/share/statistics_msgs/environment/library_path.dsv
[36.057s] -- Symlinking: /home/aajaer/microros_ws/install/statistics_msgs/include/statistics_msgs/statistics_msgs/msg/detail/metrics_message__rosidl_typesupport_fastrtps_c.h
[36.073s] -- Symlinking: /home/aajaer/microros_ws/install/statistics_msgs/include/statistics_msgs/statistics_msgs/msg/detail/statistic_data_point__rosidl_typesupport_fastrtps_c.h
[36.092s] -- Symlinking: /home/aajaer/microros_ws/install/statistics_msgs/include/statistics_msgs/statistics_msgs/msg/detail/statistic_data_type__rosidl_typesupport_fastrtps_c.h
[36.110s] -- Symlinking: /home/aajaer/microros_ws/install/statistics_msgs/include/statistics_msgs/statistics_msgs/msg/rosidl_typesupport_fastrtps_c__visibility_control.h
[36.130s] -- Symlinking: /home/aajaer/microros_ws/install/statistics_msgs/include/statistics_msgs/statistics_msgs/msg/detail/metrics_message__builder.hpp
[36.154s] -- Symlinking: /home/aajaer/microros_ws/install/statistics_msgs/include/statistics_msgs/statistics_msgs/msg/detail/metrics_message__struct.hpp
[36.173s] -- Symlinking: /home/aajaer/microros_ws/install/statistics_msgs/include/statistics_msgs/statistics_msgs/msg/detail/metrics_message__traits.hpp
[36.190s] -- Symlinking: /home/aajaer/microros_ws/install/statistics_msgs/include/statistics_msgs/statistics_msgs/msg/detail/metrics_message__type_support.hpp
[36.208s] -- Symlinking: /home/aajaer/microros_ws/install/statistics_msgs/include/statistics_msgs/statistics_msgs/msg/detail/statistic_data_point__builder.hpp
[36.227s] -- Symlinking: /home/aajaer/microros_ws/install/statistics_msgs/include/statistics_msgs/statistics_msgs/msg/detail/statistic_data_point__struct.hpp
[36.246s] -- Symlinking: /home/aajaer/microros_ws/install/statistics_msgs/include/statistics_msgs/statistics_msgs/msg/detail/statistic_data_point__traits.hpp
[36.272s] -- Symlinking: /home/aajaer/microros_ws/install/statistics_msgs/include/statistics_msgs/statistics_msgs/msg/detail/statistic_data_point__type_support.hpp
[36.292s] -- Symlinking: /home/aajaer/microros_ws/install/statistics_msgs/include/statistics_msgs/statistics_msgs/msg/detail/statistic_data_type__builder.hpp
[36.309s] -- Symlinking: /home/aajaer/microros_ws/install/statistics_msgs/include/statistics_msgs/statistics_msgs/msg/detail/statistic_data_type__struct.hpp
[36.326s] -- Symlinking: /home/aajaer/microros_ws/install/statistics_msgs/include/statistics_msgs/statistics_msgs/msg/detail/statistic_data_type__traits.hpp
[36.344s] -- Symlinking: /home/aajaer/microros_ws/install/statistics_msgs/include/statistics_msgs/statistics_msgs/msg/detail/statistic_data_type__type_support.hpp
[36.363s] -- Symlinking: /home/aajaer/microros_ws/install/statistics_msgs/include/statistics_msgs/statistics_msgs/msg/metrics_message.hpp
[36.382s] -- Symlinking: /home/aajaer/microros_ws/install/statistics_msgs/include/statistics_msgs/statistics_msgs/msg/rosidl_generator_cpp__visibility_control.hpp
[36.399s] -- Symlinking: /home/aajaer/microros_ws/install/statistics_msgs/include/statistics_msgs/statistics_msgs/msg/statistic_data_point.hpp
[36.418s] -- Symlinking: /home/aajaer/microros_ws/install/statistics_msgs/include/statistics_msgs/statistics_msgs/msg/statistic_data_type.hpp
[36.444s] -- Symlinking: /home/aajaer/microros_ws/install/statistics_msgs/include/statistics_msgs/statistics_msgs/msg/detail/metrics_message__rosidl_typesupport_fastrtps_cpp.hpp
[36.466s] -- Symlinking: /home/aajaer/microros_ws/install/statistics_msgs/include/statistics_msgs/statistics_msgs/msg/detail/statistic_data_point__rosidl_typesupport_fastrtps_cpp.hpp
[36.486s] -- Symlinking: /home/aajaer/microros_ws/install/statistics_msgs/include/statistics_msgs/statistics_msgs/msg/detail/statistic_data_type__rosidl_typesupport_fastrtps_cpp.hpp
[36.504s] -- Symlinking: /home/aajaer/microros_ws/install/statistics_msgs/include/statistics_msgs/statistics_msgs/msg/rosidl_typesupport_fastrtps_cpp__visibility_control.h
[36.524s] -- Symlinking: /home/aajaer/microros_ws/install/statistics_msgs/include/statistics_msgs/statistics_msgs/msg/detail/metrics_message__rosidl_typesupport_introspection_c.h
[36.547s] -- Symlinking: /home/aajaer/microros_ws/install/statistics_msgs/include/statistics_msgs/statistics_msgs/msg/detail/statistic_data_point__rosidl_typesupport_introspection_c.h
[36.565s] -- Symlinking: /home/aajaer/microros_ws/install/statistics_msgs/include/statistics_msgs/statistics_msgs/msg/detail/statistic_data_type__rosidl_typesupport_introspection_c.h
[36.583s] -- Symlinking: /home/aajaer/microros_ws/install/statistics_msgs/include/statistics_msgs/statistics_msgs/msg/rosidl_typesupport_introspection_c__visibility_control.h
[36.602s] -- Symlinking: /home/aajaer/microros_ws/install/statistics_msgs/include/statistics_msgs/statistics_msgs/msg/detail/metrics_message__rosidl_typesupport_introspection_cpp.hpp
[36.619s] -- Symlinking: /home/aajaer/microros_ws/install/statistics_msgs/include/statistics_msgs/statistics_msgs/msg/detail/statistic_data_point__rosidl_typesupport_introspection_cpp.hpp
[36.637s] -- Symlinking: /home/aajaer/microros_ws/install/statistics_msgs/include/statistics_msgs/statistics_msgs/msg/detail/statistic_data_type__rosidl_typesupport_introspection_cpp.hpp
[36.655s] -- Symlinking: /home/aajaer/microros_ws/install/statistics_msgs/share/statistics_msgs/environment/pythonpath.sh
[36.673s] -- Symlinking: /home/aajaer/microros_ws/install/statistics_msgs/share/statistics_msgs/environment/pythonpath.dsv
[36.693s] -- Symlinking: /home/aajaer/microros_ws/install/statistics_msgs/local/lib/python3.10/dist-packages/statistics_msgs-1.2.1-py3.10.egg-info/PKG-INFO
[36.712s] -- Symlinking: /home/aajaer/microros_ws/install/statistics_msgs/local/lib/python3.10/dist-packages/statistics_msgs-1.2.1-py3.10.egg-info/SOURCES.txt
[36.729s] -- Symlinking: /home/aajaer/microros_ws/install/statistics_msgs/local/lib/python3.10/dist-packages/statistics_msgs-1.2.1-py3.10.egg-info/dependency_links.txt
[36.755s] -- Symlinking: /home/aajaer/microros_ws/install/statistics_msgs/local/lib/python3.10/dist-packages/statistics_msgs-1.2.1-py3.10.egg-info/top_level.txt
[36.774s] -- Symlinking: /home/aajaer/microros_ws/install/statistics_msgs/local/lib/python3.10/dist-packages/statistics_msgs/__init__.py
[36.794s] -- Symlinking: /home/aajaer/microros_ws/install/statistics_msgs/local/lib/python3.10/dist-packages/statistics_msgs/_statistics_msgs_s.ep.rosidl_typesupport_c.c
[36.813s] -- Symlinking: /home/aajaer/microros_ws/install/statistics_msgs/local/lib/python3.10/dist-packages/statistics_msgs/_statistics_msgs_s.ep.rosidl_typesupport_fastrtps_c.c
[36.833s] -- Symlinking: /home/aajaer/microros_ws/install/statistics_msgs/local/lib/python3.10/dist-packages/statistics_msgs/_statistics_msgs_s.ep.rosidl_typesupport_introspection_c.c
[36.854s] -- Symlinking: /home/aajaer/microros_ws/install/statistics_msgs/local/lib/python3.10/dist-packages/statistics_msgs/libstatistics_msgs__rosidl_generator_py.so
[36.874s] -- Symlinking: /home/aajaer/microros_ws/install/statistics_msgs/local/lib/python3.10/dist-packages/statistics_msgs/msg/__init__.py
[36.893s] -- Symlinking: /home/aajaer/microros_ws/install/statistics_msgs/local/lib/python3.10/dist-packages/statistics_msgs/msg/_metrics_message.py
[36.912s] -- Symlinking: /home/aajaer/microros_ws/install/statistics_msgs/local/lib/python3.10/dist-packages/statistics_msgs/msg/_metrics_message_s.c
[36.930s] -- Symlinking: /home/aajaer/microros_ws/install/statistics_msgs/local/lib/python3.10/dist-packages/statistics_msgs/msg/_statistic_data_point.py
[36.950s] -- Symlinking: /home/aajaer/microros_ws/install/statistics_msgs/local/lib/python3.10/dist-packages/statistics_msgs/msg/_statistic_data_point_s.c
[36.968s] -- Symlinking: /home/aajaer/microros_ws/install/statistics_msgs/local/lib/python3.10/dist-packages/statistics_msgs/msg/_statistic_data_type.py
[36.987s] -- Symlinking: /home/aajaer/microros_ws/install/statistics_msgs/local/lib/python3.10/dist-packages/statistics_msgs/msg/_statistic_data_type_s.c
[37.005s] -- Symlinking: /home/aajaer/microros_ws/install/statistics_msgs/local/lib/python3.10/dist-packages/statistics_msgs/statistics_msgs_s__rosidl_typesupport_c.cpython-310-aarch64-linux-gnu.so
[37.023s] -- Symlinking: /home/aajaer/microros_ws/install/statistics_msgs/local/lib/python3.10/dist-packages/statistics_msgs/statistics_msgs_s__rosidl_typesupport_fastrtps_c.cpython-310-aarch64-linux-gnu.so
[37.042s] -- Symlinking: /home/aajaer/microros_ws/install/statistics_msgs/local/lib/python3.10/dist-packages/statistics_msgs/statistics_msgs_s__rosidl_typesupport_introspection_c.cpython-310-aarch64-linux-gnu.so
[37.065s] -- Up-to-date symlink: /home/aajaer/microros_ws/install/statistics_msgs/local/lib/python3.10/dist-packages/statistics_msgs/statistics_msgs_s__rosidl_typesupport_fastrtps_c.cpython-310-aarch64-linux-gnu.so
[37.066s] -- Up-to-date symlink: /home/aajaer/microros_ws/install/statistics_msgs/local/lib/python3.10/dist-packages/statistics_msgs/statistics_msgs_s__rosidl_typesupport_introspection_c.cpython-310-aarch64-linux-gnu.so
[37.066s] -- Up-to-date symlink: /home/aajaer/microros_ws/install/statistics_msgs/local/lib/python3.10/dist-packages/statistics_msgs/statistics_msgs_s__rosidl_typesupport_c.cpython-310-aarch64-linux-gnu.so
[37.067s] -- Symlinking: /home/aajaer/microros_ws/install/statistics_msgs/share/statistics_msgs/msg/MetricsMessage.idl
[37.086s] -- Symlinking: /home/aajaer/microros_ws/install/statistics_msgs/share/statistics_msgs/msg/StatisticDataPoint.idl
[37.104s] -- Symlinking: /home/aajaer/microros_ws/install/statistics_msgs/share/statistics_msgs/msg/StatisticDataType.idl
[37.123s] -- Symlinking: /home/aajaer/microros_ws/install/statistics_msgs/share/statistics_msgs/msg/MetricsMessage.msg
[37.143s] -- Symlinking: /home/aajaer/microros_ws/install/statistics_msgs/share/statistics_msgs/msg/StatisticDataPoint.msg
[37.162s] -- Symlinking: /home/aajaer/microros_ws/install/statistics_msgs/share/statistics_msgs/msg/StatisticDataType.msg
[37.182s] -- Symlinking: /home/aajaer/microros_ws/install/statistics_msgs/share/ament_index/resource_index/package_run_dependencies/statistics_msgs
[37.200s] -- Symlinking: /home/aajaer/microros_ws/install/statistics_msgs/share/ament_index/resource_index/parent_prefix_path/statistics_msgs
[37.220s] -- Symlinking: /home/aajaer/microros_ws/install/statistics_msgs/share/statistics_msgs/environment/ament_prefix_path.sh
[37.238s] -- Symlinking: /home/aajaer/microros_ws/install/statistics_msgs/share/statistics_msgs/environment/ament_prefix_path.dsv
[37.264s] -- Symlinking: /home/aajaer/microros_ws/install/statistics_msgs/share/statistics_msgs/environment/path.sh
[37.283s] -- Symlinking: /home/aajaer/microros_ws/install/statistics_msgs/share/statistics_msgs/environment/path.dsv
[37.302s] -- Symlinking: /home/aajaer/microros_ws/install/statistics_msgs/share/statistics_msgs/local_setup.bash
[37.321s] -- Symlinking: /home/aajaer/microros_ws/install/statistics_msgs/share/statistics_msgs/local_setup.sh
[37.344s] -- Symlinking: /home/aajaer/microros_ws/install/statistics_msgs/share/statistics_msgs/local_setup.zsh
[37.363s] -- Symlinking: /home/aajaer/microros_ws/install/statistics_msgs/share/statistics_msgs/local_setup.dsv
[37.383s] -- Symlinking: /home/aajaer/microros_ws/install/statistics_msgs/share/statistics_msgs/package.dsv
[37.402s] -- Symlinking: /home/aajaer/microros_ws/install/statistics_msgs/share/ament_index/resource_index/packages/statistics_msgs
[37.423s] -- Symlinking: /home/aajaer/microros_ws/install/statistics_msgs/share/statistics_msgs/cmake/rosidl_cmake-extras.cmake
[37.440s] -- Symlinking: /home/aajaer/microros_ws/install/statistics_msgs/share/statistics_msgs/cmake/ament_cmake_export_dependencies-extras.cmake
[37.460s] -- Symlinking: /home/aajaer/microros_ws/install/statistics_msgs/share/statistics_msgs/cmake/ament_cmake_export_include_directories-extras.cmake
[37.479s] -- Symlinking: /home/aajaer/microros_ws/install/statistics_msgs/share/statistics_msgs/cmake/ament_cmake_export_libraries-extras.cmake
[37.497s] -- Symlinking: /home/aajaer/microros_ws/install/statistics_msgs/share/statistics_msgs/cmake/ament_cmake_export_targets-extras.cmake
[37.514s] -- Symlinking: /home/aajaer/microros_ws/install/statistics_msgs/share/statistics_msgs/cmake/rosidl_cmake_export_typesupport_targets-extras.cmake
[37.532s] -- Symlinking: /home/aajaer/microros_ws/install/statistics_msgs/share/statistics_msgs/cmake/rosidl_cmake_export_typesupport_libraries-extras.cmake
[37.551s] -- Symlinking: /home/aajaer/microros_ws/install/statistics_msgs/share/statistics_msgs/cmake/statistics_msgsConfig.cmake
[37.570s] -- Symlinking: /home/aajaer/microros_ws/install/statistics_msgs/share/statistics_msgs/cmake/statistics_msgsConfig-version.cmake
[37.593s] -- Symlinking: /home/aajaer/microros_ws/install/statistics_msgs/share/statistics_msgs/package.xml
[37.611s] -- Installing: /home/aajaer/microros_ws/install/statistics_msgs/lib/libstatistics_msgs__rosidl_generator_c.so
[37.612s] -- Set runtime path of "/home/aajaer/microros_ws/install/statistics_msgs/lib/libstatistics_msgs__rosidl_generator_c.so" to ""
[37.612s] -- Installing: /home/aajaer/microros_ws/install/statistics_msgs/lib/libstatistics_msgs__rosidl_typesupport_fastrtps_c.so
[37.613s] -- Set runtime path of "/home/aajaer/microros_ws/install/statistics_msgs/lib/libstatistics_msgs__rosidl_typesupport_fastrtps_c.so" to ""
[37.613s] -- Installing: /home/aajaer/microros_ws/install/statistics_msgs/lib/libstatistics_msgs__rosidl_typesupport_fastrtps_cpp.so
[37.614s] -- Set runtime path of "/home/aajaer/microros_ws/install/statistics_msgs/lib/libstatistics_msgs__rosidl_typesupport_fastrtps_cpp.so" to ""
[37.614s] -- Installing: /home/aajaer/microros_ws/install/statistics_msgs/lib/libstatistics_msgs__rosidl_typesupport_introspection_c.so
[37.615s] -- Set runtime path of "/home/aajaer/microros_ws/install/statistics_msgs/lib/libstatistics_msgs__rosidl_typesupport_introspection_c.so" to ""
[37.615s] -- Installing: /home/aajaer/microros_ws/install/statistics_msgs/lib/libstatistics_msgs__rosidl_typesupport_c.so
[37.615s] -- Set runtime path of "/home/aajaer/microros_ws/install/statistics_msgs/lib/libstatistics_msgs__rosidl_typesupport_c.so" to ""
[37.616s] -- Installing: /home/aajaer/microros_ws/install/statistics_msgs/lib/libstatistics_msgs__rosidl_typesupport_introspection_cpp.so
[37.616s] -- Set runtime path of "/home/aajaer/microros_ws/install/statistics_msgs/lib/libstatistics_msgs__rosidl_typesupport_introspection_cpp.so" to ""
[37.616s] -- Installing: /home/aajaer/microros_ws/install/statistics_msgs/lib/libstatistics_msgs__rosidl_typesupport_cpp.so
[37.617s] -- Set runtime path of "/home/aajaer/microros_ws/install/statistics_msgs/lib/libstatistics_msgs__rosidl_typesupport_cpp.so" to ""
[37.706s] Listing '/home/aajaer/microros_ws/install/statistics_msgs/local/lib/python3.10/dist-packages/statistics_msgs'...
[37.706s] Compiling '/home/aajaer/microros_ws/install/statistics_msgs/local/lib/python3.10/dist-packages/statistics_msgs/__init__.py'...
[37.706s] Listing '/home/aajaer/microros_ws/install/statistics_msgs/local/lib/python3.10/dist-packages/statistics_msgs/msg'...
[37.706s] Compiling '/home/aajaer/microros_ws/install/statistics_msgs/local/lib/python3.10/dist-packages/statistics_msgs/msg/__init__.py'...
[37.706s] Compiling '/home/aajaer/microros_ws/install/statistics_msgs/local/lib/python3.10/dist-packages/statistics_msgs/msg/_metrics_message.py'...
[37.706s] Compiling '/home/aajaer/microros_ws/install/statistics_msgs/local/lib/python3.10/dist-packages/statistics_msgs/msg/_statistic_data_point.py'...
[37.706s] Compiling '/home/aajaer/microros_ws/install/statistics_msgs/local/lib/python3.10/dist-packages/statistics_msgs/msg/_statistic_data_type.py'...
[37.729s] -- Installing: /home/aajaer/microros_ws/install/statistics_msgs/lib/libstatistics_msgs__rosidl_generator_py.so
[37.729s] -- Set runtime path of "/home/aajaer/microros_ws/install/statistics_msgs/lib/libstatistics_msgs__rosidl_generator_py.so" to ""
[37.729s] -- Installing: /home/aajaer/microros_ws/install/statistics_msgs/share/statistics_msgs/cmake/export_statistics_msgs__rosidl_generator_cExport.cmake
[37.729s] -- Installing: /home/aajaer/microros_ws/install/statistics_msgs/share/statistics_msgs/cmake/export_statistics_msgs__rosidl_generator_cExport-noconfig.cmake
[37.730s] -- Installing: /home/aajaer/microros_ws/install/statistics_msgs/share/statistics_msgs/cmake/export_statistics_msgs__rosidl_typesupport_fastrtps_cExport.cmake
[37.730s] -- Installing: /home/aajaer/microros_ws/install/statistics_msgs/share/statistics_msgs/cmake/export_statistics_msgs__rosidl_typesupport_fastrtps_cExport-noconfig.cmake
[37.730s] -- Installing: /home/aajaer/microros_ws/install/statistics_msgs/share/statistics_msgs/cmake/export_statistics_msgs__rosidl_generator_cppExport.cmake
[37.730s] -- Installing: /home/aajaer/microros_ws/install/statistics_msgs/share/statistics_msgs/cmake/export_statistics_msgs__rosidl_typesupport_fastrtps_cppExport.cmake
[37.730s] -- Installing: /home/aajaer/microros_ws/install/statistics_msgs/share/statistics_msgs/cmake/export_statistics_msgs__rosidl_typesupport_fastrtps_cppExport-noconfig.cmake
[37.730s] -- Installing: /home/aajaer/microros_ws/install/statistics_msgs/share/statistics_msgs/cmake/statistics_msgs__rosidl_typesupport_introspection_cExport.cmake
[37.730s] -- Installing: /home/aajaer/microros_ws/install/statistics_msgs/share/statistics_msgs/cmake/statistics_msgs__rosidl_typesupport_introspection_cExport-noconfig.cmake
[37.730s] -- Installing: /home/aajaer/microros_ws/install/statistics_msgs/share/statistics_msgs/cmake/statistics_msgs__rosidl_typesupport_cExport.cmake
[37.731s] -- Installing: /home/aajaer/microros_ws/install/statistics_msgs/share/statistics_msgs/cmake/statistics_msgs__rosidl_typesupport_cExport-noconfig.cmake
[37.731s] -- Installing: /home/aajaer/microros_ws/install/statistics_msgs/share/statistics_msgs/cmake/statistics_msgs__rosidl_typesupport_introspection_cppExport.cmake
[37.731s] -- Installing: /home/aajaer/microros_ws/install/statistics_msgs/share/statistics_msgs/cmake/statistics_msgs__rosidl_typesupport_introspection_cppExport-noconfig.cmake
[37.731s] -- Installing: /home/aajaer/microros_ws/install/statistics_msgs/share/statistics_msgs/cmake/statistics_msgs__rosidl_typesupport_cppExport.cmake
[37.731s] -- Installing: /home/aajaer/microros_ws/install/statistics_msgs/share/statistics_msgs/cmake/statistics_msgs__rosidl_typesupport_cppExport-noconfig.cmake
[37.731s] -- Installing: /home/aajaer/microros_ws/install/statistics_msgs/share/statistics_msgs/cmake/export_statistics_msgs__rosidl_generator_pyExport.cmake
[37.731s] -- Installing: /home/aajaer/microros_ws/install/statistics_msgs/share/statistics_msgs/cmake/export_statistics_msgs__rosidl_generator_pyExport-noconfig.cmake
[37.737s] Invoked command in '/home/aajaer/microros_ws/build/statistics_msgs' returned '0': AMENT_PREFIX_PATH=/home/aajaer/microros_ws/install/builtin_interfaces:${AMENT_PREFIX_PATH} CMAKE_PREFIX_PATH=/home/aajaer/microros_ws/install/builtin_interfaces:/opt/ros/humble:/opt/ros/humble LD_LIBRARY_PATH=/home/aajaer/microros_ws/install/builtin_interfaces/lib:/opt/ros/humble/opt/rviz_ogre_vendor/lib:/opt/ros/humble/lib/aarch64-linux-gnu:/opt/ros/humble/lib PYTHONPATH=/home/aajaer/microros_ws/install/builtin_interfaces/local/lib/python3.10/dist-packages:${PYTHONPATH} /usr/bin/cmake --install /home/aajaer/microros_ws/build/statistics_msgs
