-- Found ament_cmake_ros: 0.10.0 (/opt/ros/humble/share/ament_cmake_ros/cmake)
-- Override CMake install command with custom implementation using symlinks instead of copying resources
-- Found rcl: 5.3.9 (/opt/ros/humble/share/rcl/cmake)
-- Found rosidl_generator_c: 3.1.6 (/opt/ros/humble/share/rosidl_generator_c/cmake)
-- Found rosidl_adapter: 3.1.6 (/opt/ros/humble/share/rosidl_adapter/cmake)
-- Found rosidl_generator_cpp: 3.1.6 (/opt/ros/humble/share/rosidl_generator_cpp/cmake)
-- Using all available rosidl_typesupport_c: rosidl_typesupport_microxrcedds_c;rosidl_typesupport_fastrtps_c;rosidl_typesupport_introspection_c
-- Using all available rosidl_typesupport_cpp: rosidl_typesupport_microxrcedds_cpp;rosidl_typesupport_fastrtps_cpp;rosidl_typesupport_introspection_cpp
-- Found rmw_implementation_cmake: 6.1.2 (/opt/ros/humble/share/rmw_implementation_cmake/cmake)
-- Found rmw_fastrtps_cpp: 6.2.7 (/opt/ros/humble/share/rmw_fastrtps_cpp/cmake)
-- Using RMW implementation 'rmw_fastrtps_cpp' as default
-- Found rcl_action: 5.3.9 (/opt/ros/humble/share/rcl_action/cmake)
-- Found rcl version 5.3.9, which belongs to Foxy or later
-- Found ament_lint_auto: 0.12.11 (/opt/ros/humble/share/ament_lint_auto/cmake)
-- Found std_msgs: 4.2.4 (/home/aajaer/microros_ws/install/std_msgs/share/std_msgs/cmake)
-- Found example_interfaces: 0.9.3 (/home/aajaer/microros_ws/install/example_interfaces/share/example_interfaces/cmake)
-- Found rclcpp: 16.0.11 (/opt/ros/humble/share/rclcpp/cmake)
-- Found rclcpp_action: 16.0.11 (/opt/ros/humble/share/rclcpp_action/cmake)
-- Found gtest sources under '/opt/ros/humble/src/gtest_vendor': C++ tests using 'Google Test' will be built
-- Added test 'cppcheck' to perform static code analysis on C / C++ code
-- Configured cppcheck include dirs: $<BUILD_INTERFACE:/home/aajaer/microros_ws/src/uros/rclc/rclc/include>;$<BUILD_INTERFACE:/home/aajaer/microros_ws/src/uros/rclc/rclc/src>;/home/aajaer/microros_ws/src/uros/rclc/rclc/include;/home/aajaer/microros_ws/src/uros/rclc/rclc/src
-- Configured cppcheck exclude dirs and/or files: 
-- Added test 'cpplint' to check C / C++ code against the Google style
-- Configured cpplint exclude dirs and/or files: 
-- Added test 'lint_cmake' to check CMake code style
-- Added test 'uncrustify' to check C / C++ code style
-- Configured uncrustify additional arguments: 
-- Added test 'xmllint' to check XML markup files
-- Configuring done
-- Generating done
-- Build files have been written to: /home/aajaer/microros_ws/build/rclc
/usr/bin/cmake -S/home/aajaer/microros_ws/src/uros/rclc/rclc -B/home/aajaer/microros_ws/build/rclc --check-build-system CMakeFiles/Makefile.cmake 0
/usr/bin/cmake -E cmake_progress_start /home/aajaer/microros_ws/build/rclc/CMakeFiles /home/aajaer/microros_ws/build/rclc//CMakeFiles/progress.marks
/usr/bin/gmake  -f CMakeFiles/Makefile2 all
gmake[1]: Entering directory '/home/aajaer/microros_ws/build/rclc'
/usr/bin/gmake  -f CMakeFiles/rclc.dir/build.make CMakeFiles/rclc.dir/depend
/usr/bin/gmake  -f gtest/CMakeFiles/gtest_main.dir/build.make gtest/CMakeFiles/gtest_main.dir/depend
/usr/bin/gmake  -f gtest/CMakeFiles/gtest.dir/build.make gtest/CMakeFiles/gtest.dir/depend
gmake[2]: Entering directory '/home/aajaer/microros_ws/build/rclc'
cd /home/aajaer/microros_ws/build/rclc && /usr/bin/cmake -E cmake_depends "Unix Makefiles" /home/aajaer/microros_ws/src/uros/rclc/rclc /home/aajaer/microros_ws/src/uros/rclc/rclc /home/aajaer/microros_ws/build/rclc /home/aajaer/microros_ws/build/rclc /home/aajaer/microros_ws/build/rclc/CMakeFiles/rclc.dir/DependInfo.cmake --color=
gmake[2]: Entering directory '/home/aajaer/microros_ws/build/rclc'
cd /home/aajaer/microros_ws/build/rclc && /usr/bin/cmake -E cmake_depends "Unix Makefiles" /home/aajaer/microros_ws/src/uros/rclc/rclc /opt/ros/humble/src/gtest_vendor /home/aajaer/microros_ws/build/rclc /home/aajaer/microros_ws/build/rclc/gtest /home/aajaer/microros_ws/build/rclc/gtest/CMakeFiles/gtest_main.dir/DependInfo.cmake --color=
gmake[2]: Entering directory '/home/aajaer/microros_ws/build/rclc'
cd /home/aajaer/microros_ws/build/rclc && /usr/bin/cmake -E cmake_depends "Unix Makefiles" /home/aajaer/microros_ws/src/uros/rclc/rclc /opt/ros/humble/src/gtest_vendor /home/aajaer/microros_ws/build/rclc /home/aajaer/microros_ws/build/rclc/gtest /home/aajaer/microros_ws/build/rclc/gtest/CMakeFiles/gtest.dir/DependInfo.cmake --color=
[35m[1mConsolidate compiler generated dependencies of target gtest_main[0m
[35m[1mConsolidate compiler generated dependencies of target gtest[0m
gmake[2]: Leaving directory '/home/aajaer/microros_ws/build/rclc'
/usr/bin/gmake  -f gtest/CMakeFiles/gtest.dir/build.make gtest/CMakeFiles/gtest.dir/build
gmake[2]: Leaving directory '/home/aajaer/microros_ws/build/rclc'
/usr/bin/gmake  -f gtest/CMakeFiles/gtest_main.dir/build.make gtest/CMakeFiles/gtest_main.dir/build
[35m[1mConsolidate compiler generated dependencies of target rclc[0m
gmake[2]: Entering directory '/home/aajaer/microros_ws/build/rclc'
gmake[2]: Nothing to be done for 'gtest/CMakeFiles/gtest.dir/build'.
gmake[2]: Leaving directory '/home/aajaer/microros_ws/build/rclc'
gmake[2]: Entering directory '/home/aajaer/microros_ws/build/rclc'
gmake[2]: Nothing to be done for 'gtest/CMakeFiles/gtest_main.dir/build'.
gmake[2]: Leaving directory '/home/aajaer/microros_ws/build/rclc'
gmake[2]: Leaving directory '/home/aajaer/microros_ws/build/rclc'
/usr/bin/gmake  -f CMakeFiles/rclc.dir/build.make CMakeFiles/rclc.dir/build
[  6%] Built target gtest_main
gmake[2]: Entering directory '/home/aajaer/microros_ws/build/rclc'
gmake[2]: Nothing to be done for 'CMakeFiles/rclc.dir/build'.
gmake[2]: Leaving directory '/home/aajaer/microros_ws/build/rclc'
[ 13%] Built target gtest
[ 60%] Built target rclc
/usr/bin/gmake  -f CMakeFiles/rclc_test.dir/build.make CMakeFiles/rclc_test.dir/depend
gmake[2]: Entering directory '/home/aajaer/microros_ws/build/rclc'
cd /home/aajaer/microros_ws/build/rclc && /usr/bin/cmake -E cmake_depends "Unix Makefiles" /home/aajaer/microros_ws/src/uros/rclc/rclc /home/aajaer/microros_ws/src/uros/rclc/rclc /home/aajaer/microros_ws/build/rclc /home/aajaer/microros_ws/build/rclc /home/aajaer/microros_ws/build/rclc/CMakeFiles/rclc_test.dir/DependInfo.cmake --color=
[35m[1mConsolidate compiler generated dependencies of target rclc_test[0m
gmake[2]: Leaving directory '/home/aajaer/microros_ws/build/rclc'
/usr/bin/gmake  -f CMakeFiles/rclc_test.dir/build.make CMakeFiles/rclc_test.dir/build
gmake[2]: Entering directory '/home/aajaer/microros_ws/build/rclc'
gmake[2]: Nothing to be done for 'CMakeFiles/rclc_test.dir/build'.
gmake[2]: Leaving directory '/home/aajaer/microros_ws/build/rclc'
[100%] Built target rclc_test
gmake[1]: Leaving directory '/home/aajaer/microros_ws/build/rclc'
/usr/bin/cmake -E cmake_progress_start /home/aajaer/microros_ws/build/rclc/CMakeFiles 0
-- Install configuration: ""
-- Execute custom install script
-- Up-to-date symlink: /home/aajaer/microros_ws/install/rclc/include/rclc/action_client.h
-- Up-to-date symlink: /home/aajaer/microros_ws/install/rclc/include/rclc/action_goal_handle.h
-- Up-to-date symlink: /home/aajaer/microros_ws/install/rclc/include/rclc/action_server.h
-- Up-to-date symlink: /home/aajaer/microros_ws/install/rclc/include/rclc/client.h
-- Up-to-date symlink: /home/aajaer/microros_ws/install/rclc/include/rclc/executor.h
-- Up-to-date symlink: /home/aajaer/microros_ws/install/rclc/include/rclc/executor_handle.h
-- Up-to-date symlink: /home/aajaer/microros_ws/install/rclc/include/rclc/init.h
-- Up-to-date symlink: /home/aajaer/microros_ws/install/rclc/include/rclc/node.h
-- Up-to-date symlink: /home/aajaer/microros_ws/install/rclc/include/rclc/publisher.h
-- Up-to-date symlink: /home/aajaer/microros_ws/install/rclc/include/rclc/rclc.h
-- Up-to-date symlink: /home/aajaer/microros_ws/install/rclc/include/rclc/service.h
-- Up-to-date symlink: /home/aajaer/microros_ws/install/rclc/include/rclc/sleep.h
-- Up-to-date symlink: /home/aajaer/microros_ws/install/rclc/include/rclc/subscription.h
-- Up-to-date symlink: /home/aajaer/microros_ws/install/rclc/include/rclc/timer.h
-- Up-to-date symlink: /home/aajaer/microros_ws/install/rclc/include/rclc/types.h
-- Up-to-date symlink: /home/aajaer/microros_ws/install/rclc/include/rclc/visibility_control.h
-- Up-to-date symlink: /home/aajaer/microros_ws/install/rclc/share/rclc/environment/library_path.sh
-- Up-to-date symlink: /home/aajaer/microros_ws/install/rclc/share/rclc/environment/library_path.dsv
-- Up-to-date symlink: /home/aajaer/microros_ws/install/rclc/share/ament_index/resource_index/package_run_dependencies/rclc
-- Up-to-date symlink: /home/aajaer/microros_ws/install/rclc/share/ament_index/resource_index/parent_prefix_path/rclc
-- Up-to-date symlink: /home/aajaer/microros_ws/install/rclc/share/rclc/environment/ament_prefix_path.sh
-- Up-to-date symlink: /home/aajaer/microros_ws/install/rclc/share/rclc/environment/ament_prefix_path.dsv
-- Up-to-date symlink: /home/aajaer/microros_ws/install/rclc/share/rclc/environment/path.sh
-- Up-to-date symlink: /home/aajaer/microros_ws/install/rclc/share/rclc/environment/path.dsv
-- Up-to-date symlink: /home/aajaer/microros_ws/install/rclc/share/rclc/local_setup.bash
-- Up-to-date symlink: /home/aajaer/microros_ws/install/rclc/share/rclc/local_setup.sh
-- Up-to-date symlink: /home/aajaer/microros_ws/install/rclc/share/rclc/local_setup.zsh
-- Up-to-date symlink: /home/aajaer/microros_ws/install/rclc/share/rclc/local_setup.dsv
-- Symlinking: /home/aajaer/microros_ws/install/rclc/share/rclc/package.dsv
-- Up-to-date symlink: /home/aajaer/microros_ws/install/rclc/share/ament_index/resource_index/packages/rclc
-- Up-to-date symlink: /home/aajaer/microros_ws/install/rclc/share/rclc/cmake/ament_cmake_export_include_directories-extras.cmake
-- Up-to-date symlink: /home/aajaer/microros_ws/install/rclc/share/rclc/cmake/ament_cmake_export_libraries-extras.cmake
-- Up-to-date symlink: /home/aajaer/microros_ws/install/rclc/share/rclc/cmake/ament_cmake_export_targets-extras.cmake
-- Up-to-date symlink: /home/aajaer/microros_ws/install/rclc/share/rclc/cmake/ament_cmake_export_dependencies-extras.cmake
-- Up-to-date symlink: /home/aajaer/microros_ws/install/rclc/share/rclc/cmake/rclcConfig.cmake
-- Up-to-date symlink: /home/aajaer/microros_ws/install/rclc/share/rclc/cmake/rclcConfig-version.cmake
-- Up-to-date symlink: /home/aajaer/microros_ws/install/rclc/share/rclc/package.xml
-- Up-to-date: /home/aajaer/microros_ws/install/rclc/lib/librclc.so
-- Up-to-date: /home/aajaer/microros_ws/install/rclc/share/rclc/cmake/rclcExport.cmake
-- Up-to-date: /home/aajaer/microros_ws/install/rclc/share/rclc/cmake/rclcExport-noconfig.cmake
