[0.206s] Invoking command in '/home/aajaer/microros_ws/build/complex_msgs': CMAKE_PREFIX_PATH=/home/aajaer/microros_ws/install/builtin_interfaces:/home/aajaer/microros_ws/install/micro_ros_demos_rclc:/home/aajaer/microros_ws/install/common_interfaces:/home/aajaer/microros_ws/install/visualization_msgs:/home/aajaer/microros_ws/install/test_msgs:/home/aajaer/microros_ws/install/example_interfaces:/home/aajaer/microros_ws/install/action_msgs:/home/aajaer/microros_ws/install/unique_identifier_msgs:/home/aajaer/microros_ws/install/trajectory_msgs:/home/aajaer/microros_ws/install/stereo_msgs:/home/aajaer/microros_ws/install/sllidar_ros2:/home/aajaer/microros_ws/install/std_srvs:/home/aajaer/microros_ws/install/shape_msgs:/home/aajaer/microros_ws/install/sensor_msgs:/home/aajaer/microros_ws/install/nav_msgs:/home/aajaer/microros_ws/install/diagnostic_msgs:/home/aajaer/microros_ws/install/geometry_msgs:/home/aajaer/microros_ws/install/actionlib_msgs:/home/aajaer/microros_ws/install/std_msgs:/home/aajaer/microros_ws/install/statistics_msgs:/home/aajaer/microros_ws/install/rosidl_typesupport_microxrcedds_test_msg:/home/aajaer/microros_ws/install/rosidl_typesupport_microxrcedds_cpp_tests:/home/aajaer/microros_ws/install/rmw_microxrcedds:/home/aajaer/microros_ws/install/rosidl_typesupport_microxrcedds_cpp:/home/aajaer/microros_ws/install/rosidl_typesupport_microxrcedds_c_tests:/home/aajaer/microros_ws/install/rosidl_typesupport_microxrcedds_c:/home/aajaer/microros_ws/install/rosgraph_msgs:/home/aajaer/microros_ws/install/rclc_parameter:/home/aajaer/microros_ws/install/rclc:/home/aajaer/microros_ws/install/composition_interfaces:/home/aajaer/microros_ws/install/rcl_interfaces:/home/aajaer/microros_ws/install/microxrcedds_client:/home/aajaer/microros_ws/install/microcdr:/home/aajaer/microros_ws/install/micro_ros_utilities:/home/aajaer/microros_ws/install/micro_ros_setup:/home/aajaer/microros_ws/install/micro_ros_agent:/home/aajaer/microros_ws/install/micro_ros_msgs:/home/aajaer/microros_ws/install/lifecycle_msgs:/home/aajaer/microros_ws/install/complex_msgs:/opt/ros/humble:/opt/ros/humble:/home/aajaer/microros_ws/install/sensor_msgs_py:/home/aajaer/microros_ws/install/motor_control_pkg LD_LIBRARY_PATH=/home/aajaer/microros_ws/install/builtin_interfaces/lib:/home/aajaer/microros_ws/install/visualization_msgs/lib:/home/aajaer/microros_ws/install/test_msgs/lib:/home/aajaer/microros_ws/install/example_interfaces/lib:/home/aajaer/microros_ws/install/action_msgs/lib:/home/aajaer/microros_ws/install/unique_identifier_msgs/lib:/home/aajaer/microros_ws/install/trajectory_msgs/lib:/home/aajaer/microros_ws/install/stereo_msgs/lib:/home/aajaer/microros_ws/install/std_srvs/lib:/home/aajaer/microros_ws/install/shape_msgs/lib:/home/aajaer/microros_ws/install/sensor_msgs/lib:/home/aajaer/microros_ws/install/nav_msgs/lib:/home/aajaer/microros_ws/install/diagnostic_msgs/lib:/home/aajaer/microros_ws/install/geometry_msgs/lib:/home/aajaer/microros_ws/install/actionlib_msgs/lib:/home/aajaer/microros_ws/install/std_msgs/lib:/home/aajaer/microros_ws/install/statistics_msgs/lib:/home/aajaer/microros_ws/install/rosidl_typesupport_microxrcedds_test_msg/lib:/home/aajaer/microros_ws/install/rmw_microxrcedds/lib:/home/aajaer/microros_ws/install/rosidl_typesupport_microxrcedds_cpp/lib:/home/aajaer/microros_ws/install/rosidl_typesupport_microxrcedds_c/lib:/home/aajaer/microros_ws/install/rosgraph_msgs/lib:/home/aajaer/microros_ws/install/rclc_parameter/lib:/home/aajaer/microros_ws/install/rclc/lib:/home/aajaer/microros_ws/install/composition_interfaces/lib:/home/aajaer/microros_ws/install/rcl_interfaces/lib:/home/aajaer/microros_ws/install/micro_ros_utilities/lib:/home/aajaer/microros_ws/install/micro_ros_agent/lib:/home/aajaer/microros_ws/install/micro_ros_msgs/lib:/home/aajaer/microros_ws/install/lifecycle_msgs/lib:/home/aajaer/microros_ws/install/complex_msgs/lib:/opt/ros/humble/opt/rviz_ogre_vendor/lib:/opt/ros/humble/lib/aarch64-linux-gnu:/opt/ros/humble/lib /usr/bin/cmake --build /home/aajaer/microros_ws/build/complex_msgs -- -j8 -l8
[0.422s] [  8%] Built target complex_msgs__rosidl_generator_c
[0.488s] [ 10%] Built target complex_msgs__cpp
[0.578s] [ 10%] Built target ament_cmake_python_symlink_complex_msgs
[0.689s] [ 18%] Built target complex_msgs__rosidl_typesupport_microxrcedds_c
[0.728s] [ 26%] Built target complex_msgs__rosidl_typesupport_fastrtps_c
[0.729s] [ 34%] Built target complex_msgs__rosidl_typesupport_fastrtps_cpp
[0.790s] [ 42%] Built target complex_msgs__rosidl_typesupport_c
[0.832s] [ 51%] Built target complex_msgs__rosidl_typesupport_introspection_c
[0.848s] [ 59%] Built target complex_msgs__rosidl_typesupport_cpp
[0.986s] [ 67%] Built target complex_msgs__rosidl_typesupport_microxrcedds_cpp
[0.990s] [ 75%] Built target complex_msgs__rosidl_typesupport_introspection_cpp
[1.123s] [ 75%] Built target complex_msgs
[1.279s] [ 77%] Built target complex_msgs__py
[1.458s] [ 83%] Built target complex_msgs__rosidl_generator_py
[1.632s] [ 87%] Built target complex_msgs__rosidl_typesupport_microxrcedds_c__pyext
[1.634s] [ 91%] Built target complex_msgs__rosidl_typesupport_fastrtps_c__pyext
[1.692s] [100%] Built target complex_msgs__rosidl_typesupport_c__pyext
[1.702s] [100%] Built target complex_msgs__rosidl_typesupport_introspection_c__pyext
[2.019s] running egg_info
[2.023s] writing complex_msgs.egg-info/PKG-INFO
[2.025s] writing dependency_links to complex_msgs.egg-info/dependency_links.txt
[2.026s] writing top-level names to complex_msgs.egg-info/top_level.txt
[2.034s] reading manifest file 'complex_msgs.egg-info/SOURCES.txt'
[2.037s] writing manifest file 'complex_msgs.egg-info/SOURCES.txt'
[2.154s] [100%] Built target ament_cmake_python_build_complex_msgs_egg
[2.326s] Invoked command in '/home/aajaer/microros_ws/build/complex_msgs' returned '0': CMAKE_PREFIX_PATH=/home/aajaer/microros_ws/install/builtin_interfaces:/home/aajaer/microros_ws/install/micro_ros_demos_rclc:/home/aajaer/microros_ws/install/common_interfaces:/home/aajaer/microros_ws/install/visualization_msgs:/home/aajaer/microros_ws/install/test_msgs:/home/aajaer/microros_ws/install/example_interfaces:/home/aajaer/microros_ws/install/action_msgs:/home/aajaer/microros_ws/install/unique_identifier_msgs:/home/aajaer/microros_ws/install/trajectory_msgs:/home/aajaer/microros_ws/install/stereo_msgs:/home/aajaer/microros_ws/install/sllidar_ros2:/home/aajaer/microros_ws/install/std_srvs:/home/aajaer/microros_ws/install/shape_msgs:/home/aajaer/microros_ws/install/sensor_msgs:/home/aajaer/microros_ws/install/nav_msgs:/home/aajaer/microros_ws/install/diagnostic_msgs:/home/aajaer/microros_ws/install/geometry_msgs:/home/aajaer/microros_ws/install/actionlib_msgs:/home/aajaer/microros_ws/install/std_msgs:/home/aajaer/microros_ws/install/statistics_msgs:/home/aajaer/microros_ws/install/rosidl_typesupport_microxrcedds_test_msg:/home/aajaer/microros_ws/install/rosidl_typesupport_microxrcedds_cpp_tests:/home/aajaer/microros_ws/install/rmw_microxrcedds:/home/aajaer/microros_ws/install/rosidl_typesupport_microxrcedds_cpp:/home/aajaer/microros_ws/install/rosidl_typesupport_microxrcedds_c_tests:/home/aajaer/microros_ws/install/rosidl_typesupport_microxrcedds_c:/home/aajaer/microros_ws/install/rosgraph_msgs:/home/aajaer/microros_ws/install/rclc_parameter:/home/aajaer/microros_ws/install/rclc:/home/aajaer/microros_ws/install/composition_interfaces:/home/aajaer/microros_ws/install/rcl_interfaces:/home/aajaer/microros_ws/install/microxrcedds_client:/home/aajaer/microros_ws/install/microcdr:/home/aajaer/microros_ws/install/micro_ros_utilities:/home/aajaer/microros_ws/install/micro_ros_setup:/home/aajaer/microros_ws/install/micro_ros_agent:/home/aajaer/microros_ws/install/micro_ros_msgs:/home/aajaer/microros_ws/install/lifecycle_msgs:/home/aajaer/microros_ws/install/complex_msgs:/opt/ros/humble:/opt/ros/humble:/home/aajaer/microros_ws/install/sensor_msgs_py:/home/aajaer/microros_ws/install/motor_control_pkg LD_LIBRARY_PATH=/home/aajaer/microros_ws/install/builtin_interfaces/lib:/home/aajaer/microros_ws/install/visualization_msgs/lib:/home/aajaer/microros_ws/install/test_msgs/lib:/home/aajaer/microros_ws/install/example_interfaces/lib:/home/aajaer/microros_ws/install/action_msgs/lib:/home/aajaer/microros_ws/install/unique_identifier_msgs/lib:/home/aajaer/microros_ws/install/trajectory_msgs/lib:/home/aajaer/microros_ws/install/stereo_msgs/lib:/home/aajaer/microros_ws/install/std_srvs/lib:/home/aajaer/microros_ws/install/shape_msgs/lib:/home/aajaer/microros_ws/install/sensor_msgs/lib:/home/aajaer/microros_ws/install/nav_msgs/lib:/home/aajaer/microros_ws/install/diagnostic_msgs/lib:/home/aajaer/microros_ws/install/geometry_msgs/lib:/home/aajaer/microros_ws/install/actionlib_msgs/lib:/home/aajaer/microros_ws/install/std_msgs/lib:/home/aajaer/microros_ws/install/statistics_msgs/lib:/home/aajaer/microros_ws/install/rosidl_typesupport_microxrcedds_test_msg/lib:/home/aajaer/microros_ws/install/rmw_microxrcedds/lib:/home/aajaer/microros_ws/install/rosidl_typesupport_microxrcedds_cpp/lib:/home/aajaer/microros_ws/install/rosidl_typesupport_microxrcedds_c/lib:/home/aajaer/microros_ws/install/rosgraph_msgs/lib:/home/aajaer/microros_ws/install/rclc_parameter/lib:/home/aajaer/microros_ws/install/rclc/lib:/home/aajaer/microros_ws/install/composition_interfaces/lib:/home/aajaer/microros_ws/install/rcl_interfaces/lib:/home/aajaer/microros_ws/install/micro_ros_utilities/lib:/home/aajaer/microros_ws/install/micro_ros_agent/lib:/home/aajaer/microros_ws/install/micro_ros_msgs/lib:/home/aajaer/microros_ws/install/lifecycle_msgs/lib:/home/aajaer/microros_ws/install/complex_msgs/lib:/opt/ros/humble/opt/rviz_ogre_vendor/lib:/opt/ros/humble/lib/aarch64-linux-gnu:/opt/ros/humble/lib /usr/bin/cmake --build /home/aajaer/microros_ws/build/complex_msgs -- -j8 -l8
[2.329s] Invoking command in '/home/aajaer/microros_ws/build/complex_msgs': CMAKE_PREFIX_PATH=/home/aajaer/microros_ws/install/builtin_interfaces:/home/aajaer/microros_ws/install/micro_ros_demos_rclc:/home/aajaer/microros_ws/install/common_interfaces:/home/aajaer/microros_ws/install/visualization_msgs:/home/aajaer/microros_ws/install/test_msgs:/home/aajaer/microros_ws/install/example_interfaces:/home/aajaer/microros_ws/install/action_msgs:/home/aajaer/microros_ws/install/unique_identifier_msgs:/home/aajaer/microros_ws/install/trajectory_msgs:/home/aajaer/microros_ws/install/stereo_msgs:/home/aajaer/microros_ws/install/sllidar_ros2:/home/aajaer/microros_ws/install/std_srvs:/home/aajaer/microros_ws/install/shape_msgs:/home/aajaer/microros_ws/install/sensor_msgs:/home/aajaer/microros_ws/install/nav_msgs:/home/aajaer/microros_ws/install/diagnostic_msgs:/home/aajaer/microros_ws/install/geometry_msgs:/home/aajaer/microros_ws/install/actionlib_msgs:/home/aajaer/microros_ws/install/std_msgs:/home/aajaer/microros_ws/install/statistics_msgs:/home/aajaer/microros_ws/install/rosidl_typesupport_microxrcedds_test_msg:/home/aajaer/microros_ws/install/rosidl_typesupport_microxrcedds_cpp_tests:/home/aajaer/microros_ws/install/rmw_microxrcedds:/home/aajaer/microros_ws/install/rosidl_typesupport_microxrcedds_cpp:/home/aajaer/microros_ws/install/rosidl_typesupport_microxrcedds_c_tests:/home/aajaer/microros_ws/install/rosidl_typesupport_microxrcedds_c:/home/aajaer/microros_ws/install/rosgraph_msgs:/home/aajaer/microros_ws/install/rclc_parameter:/home/aajaer/microros_ws/install/rclc:/home/aajaer/microros_ws/install/composition_interfaces:/home/aajaer/microros_ws/install/rcl_interfaces:/home/aajaer/microros_ws/install/microxrcedds_client:/home/aajaer/microros_ws/install/microcdr:/home/aajaer/microros_ws/install/micro_ros_utilities:/home/aajaer/microros_ws/install/micro_ros_setup:/home/aajaer/microros_ws/install/micro_ros_agent:/home/aajaer/microros_ws/install/micro_ros_msgs:/home/aajaer/microros_ws/install/lifecycle_msgs:/home/aajaer/microros_ws/install/complex_msgs:/opt/ros/humble:/opt/ros/humble:/home/aajaer/microros_ws/install/sensor_msgs_py:/home/aajaer/microros_ws/install/motor_control_pkg LD_LIBRARY_PATH=/home/aajaer/microros_ws/install/builtin_interfaces/lib:/home/aajaer/microros_ws/install/visualization_msgs/lib:/home/aajaer/microros_ws/install/test_msgs/lib:/home/aajaer/microros_ws/install/example_interfaces/lib:/home/aajaer/microros_ws/install/action_msgs/lib:/home/aajaer/microros_ws/install/unique_identifier_msgs/lib:/home/aajaer/microros_ws/install/trajectory_msgs/lib:/home/aajaer/microros_ws/install/stereo_msgs/lib:/home/aajaer/microros_ws/install/std_srvs/lib:/home/aajaer/microros_ws/install/shape_msgs/lib:/home/aajaer/microros_ws/install/sensor_msgs/lib:/home/aajaer/microros_ws/install/nav_msgs/lib:/home/aajaer/microros_ws/install/diagnostic_msgs/lib:/home/aajaer/microros_ws/install/geometry_msgs/lib:/home/aajaer/microros_ws/install/actionlib_msgs/lib:/home/aajaer/microros_ws/install/std_msgs/lib:/home/aajaer/microros_ws/install/statistics_msgs/lib:/home/aajaer/microros_ws/install/rosidl_typesupport_microxrcedds_test_msg/lib:/home/aajaer/microros_ws/install/rmw_microxrcedds/lib:/home/aajaer/microros_ws/install/rosidl_typesupport_microxrcedds_cpp/lib:/home/aajaer/microros_ws/install/rosidl_typesupport_microxrcedds_c/lib:/home/aajaer/microros_ws/install/rosgraph_msgs/lib:/home/aajaer/microros_ws/install/rclc_parameter/lib:/home/aajaer/microros_ws/install/rclc/lib:/home/aajaer/microros_ws/install/composition_interfaces/lib:/home/aajaer/microros_ws/install/rcl_interfaces/lib:/home/aajaer/microros_ws/install/micro_ros_utilities/lib:/home/aajaer/microros_ws/install/micro_ros_agent/lib:/home/aajaer/microros_ws/install/micro_ros_msgs/lib:/home/aajaer/microros_ws/install/lifecycle_msgs/lib:/home/aajaer/microros_ws/install/complex_msgs/lib:/opt/ros/humble/opt/rviz_ogre_vendor/lib:/opt/ros/humble/lib/aarch64-linux-gnu:/opt/ros/humble/lib /usr/bin/cmake --install /home/aajaer/microros_ws/build/complex_msgs
[2.592s] -- Install configuration: ""
[2.593s] -- Execute custom install script
[2.593s] -- Up-to-date symlink: /home/aajaer/microros_ws/install/complex_msgs/share/ament_index/resource_index/rosidl_interfaces/complex_msgs
[2.593s] -- Up-to-date symlink: /home/aajaer/microros_ws/install/complex_msgs/include/complex_msgs/complex_msgs/msg/detail/multi_string_test__functions.h
[2.593s] -- Up-to-date symlink: /home/aajaer/microros_ws/install/complex_msgs/include/complex_msgs/complex_msgs/msg/detail/multi_string_test__struct.h
[2.594s] -- Up-to-date symlink: /home/aajaer/microros_ws/install/complex_msgs/include/complex_msgs/complex_msgs/msg/detail/multi_string_test__type_support.h
[2.594s] -- Up-to-date symlink: /home/aajaer/microros_ws/install/complex_msgs/include/complex_msgs/complex_msgs/msg/detail/nested_msg_test__functions.h
[2.594s] -- Up-to-date symlink: /home/aajaer/microros_ws/install/complex_msgs/include/complex_msgs/complex_msgs/msg/detail/nested_msg_test__struct.h
[2.595s] -- Up-to-date symlink: /home/aajaer/microros_ws/install/complex_msgs/include/complex_msgs/complex_msgs/msg/detail/nested_msg_test__type_support.h
[2.595s] -- Up-to-date symlink: /home/aajaer/microros_ws/install/complex_msgs/include/complex_msgs/complex_msgs/msg/multi_string_test.h
[2.595s] -- Up-to-date symlink: /home/aajaer/microros_ws/install/complex_msgs/include/complex_msgs/complex_msgs/msg/nested_msg_test.h
[2.596s] -- Up-to-date symlink: /home/aajaer/microros_ws/install/complex_msgs/include/complex_msgs/complex_msgs/msg/rosidl_generator_c__visibility_control.h
[2.596s] -- Up-to-date symlink: /home/aajaer/microros_ws/install/complex_msgs/share/complex_msgs/environment/library_path.sh
[2.596s] -- Up-to-date symlink: /home/aajaer/microros_ws/install/complex_msgs/share/complex_msgs/environment/library_path.dsv
[2.596s] -- Up-to-date symlink: /home/aajaer/microros_ws/install/complex_msgs/include/complex_msgs/complex_msgs/msg/detail/multi_string_test__rosidl_typesupport_fastrtps_c.h
[2.599s] -- Up-to-date symlink: /home/aajaer/microros_ws/install/complex_msgs/include/complex_msgs/complex_msgs/msg/detail/nested_msg_test__rosidl_typesupport_fastrtps_c.h
[2.599s] -- Up-to-date symlink: /home/aajaer/microros_ws/install/complex_msgs/include/complex_msgs/complex_msgs/msg/rosidl_typesupport_fastrtps_c__visibility_control.h
[2.599s] -- Up-to-date symlink: /home/aajaer/microros_ws/install/complex_msgs/include/complex_msgs/complex_msgs/msg/detail/multi_string_test__builder.hpp
[2.600s] -- Up-to-date symlink: /home/aajaer/microros_ws/install/complex_msgs/include/complex_msgs/complex_msgs/msg/detail/multi_string_test__struct.hpp
[2.600s] -- Up-to-date symlink: /home/aajaer/microros_ws/install/complex_msgs/include/complex_msgs/complex_msgs/msg/detail/multi_string_test__traits.hpp
[2.600s] -- Up-to-date symlink: /home/aajaer/microros_ws/install/complex_msgs/include/complex_msgs/complex_msgs/msg/detail/multi_string_test__type_support.hpp
[2.601s] -- Up-to-date symlink: /home/aajaer/microros_ws/install/complex_msgs/include/complex_msgs/complex_msgs/msg/detail/nested_msg_test__builder.hpp
[2.601s] -- Up-to-date symlink: /home/aajaer/microros_ws/install/complex_msgs/include/complex_msgs/complex_msgs/msg/detail/nested_msg_test__struct.hpp
[2.601s] -- Up-to-date symlink: /home/aajaer/microros_ws/install/complex_msgs/include/complex_msgs/complex_msgs/msg/detail/nested_msg_test__traits.hpp
[2.601s] -- Up-to-date symlink: /home/aajaer/microros_ws/install/complex_msgs/include/complex_msgs/complex_msgs/msg/detail/nested_msg_test__type_support.hpp
[2.601s] -- Up-to-date symlink: /home/aajaer/microros_ws/install/complex_msgs/include/complex_msgs/complex_msgs/msg/multi_string_test.hpp
[2.602s] -- Up-to-date symlink: /home/aajaer/microros_ws/install/complex_msgs/include/complex_msgs/complex_msgs/msg/nested_msg_test.hpp
[2.602s] -- Up-to-date symlink: /home/aajaer/microros_ws/install/complex_msgs/include/complex_msgs/complex_msgs/msg/rosidl_generator_cpp__visibility_control.hpp
[2.602s] -- Up-to-date symlink: /home/aajaer/microros_ws/install/complex_msgs/include/complex_msgs/complex_msgs/msg/detail/multi_string_test__rosidl_typesupport_fastrtps_cpp.hpp
[2.609s] -- Up-to-date symlink: /home/aajaer/microros_ws/install/complex_msgs/include/complex_msgs/complex_msgs/msg/detail/nested_msg_test__rosidl_typesupport_fastrtps_cpp.hpp
[2.609s] -- Up-to-date symlink: /home/aajaer/microros_ws/install/complex_msgs/include/complex_msgs/complex_msgs/msg/rosidl_typesupport_fastrtps_cpp__visibility_control.h
[2.610s] -- Up-to-date symlink: /home/aajaer/microros_ws/install/complex_msgs/include/complex_msgs/msg/detail/multi_string_test__rosidl_typesupport_microxrcedds_c.h
[2.611s] -- Up-to-date symlink: /home/aajaer/microros_ws/install/complex_msgs/include/complex_msgs/msg/detail/nested_msg_test__rosidl_typesupport_microxrcedds_c.h
[2.611s] -- Up-to-date symlink: /home/aajaer/microros_ws/install/complex_msgs/include/complex_msgs/msg/rosidl_typesupport_microxrcedds_c__visibility_control.h
[2.612s] -- Up-to-date symlink: /home/aajaer/microros_ws/install/complex_msgs/lib/libcomplex_msgs__rosidl_typesupport_microxrcedds_c.a
[2.612s] -- Up-to-date symlink: /home/aajaer/microros_ws/install/complex_msgs/include/complex_msgs/complex_msgs/msg/detail/multi_string_test__rosidl_typesupport_introspection_c.h
[2.612s] -- Up-to-date symlink: /home/aajaer/microros_ws/install/complex_msgs/include/complex_msgs/complex_msgs/msg/detail/nested_msg_test__rosidl_typesupport_introspection_c.h
[2.613s] -- Up-to-date symlink: /home/aajaer/microros_ws/install/complex_msgs/include/complex_msgs/complex_msgs/msg/rosidl_typesupport_introspection_c__visibility_control.h
[2.613s] -- Up-to-date symlink: /home/aajaer/microros_ws/install/complex_msgs/include/complex_msgs/msg/detail/microxrcedds/multi_string_test__type_support_cpp.cpp
[2.613s] -- Up-to-date symlink: /home/aajaer/microros_ws/install/complex_msgs/include/complex_msgs/msg/detail/microxrcedds/nested_msg_test__type_support_cpp.cpp
[2.614s] -- Up-to-date symlink: /home/aajaer/microros_ws/install/complex_msgs/include/complex_msgs/msg/detail/multi_string_test__rosidl_typesupport_microxrcedds_cpp.hpp
[2.614s] -- Up-to-date symlink: /home/aajaer/microros_ws/install/complex_msgs/include/complex_msgs/msg/detail/nested_msg_test__rosidl_typesupport_microxrcedds_cpp.hpp
[2.615s] -- Up-to-date symlink: /home/aajaer/microros_ws/install/complex_msgs/include/complex_msgs/msg/rosidl_typesupport_microxrcedds_cpp__visibility_control.h
[2.615s] -- Up-to-date symlink: /home/aajaer/microros_ws/install/complex_msgs/lib/libcomplex_msgs__rosidl_typesupport_microxrcedds_cpp.a
[2.615s] -- Up-to-date symlink: /home/aajaer/microros_ws/install/complex_msgs/include/complex_msgs/complex_msgs/msg/detail/multi_string_test__rosidl_typesupport_introspection_cpp.hpp
[2.616s] -- Up-to-date symlink: /home/aajaer/microros_ws/install/complex_msgs/include/complex_msgs/complex_msgs/msg/detail/nested_msg_test__rosidl_typesupport_introspection_cpp.hpp
[2.616s] -- Up-to-date symlink: /home/aajaer/microros_ws/install/complex_msgs/share/complex_msgs/environment/pythonpath.sh
[2.616s] -- Up-to-date symlink: /home/aajaer/microros_ws/install/complex_msgs/share/complex_msgs/environment/pythonpath.dsv
[2.617s] -- Up-to-date symlink: /home/aajaer/microros_ws/install/complex_msgs/local/lib/python3.10/dist-packages/complex_msgs-3.0.2-py3.10.egg-info/PKG-INFO
[2.618s] -- Up-to-date symlink: /home/aajaer/microros_ws/install/complex_msgs/local/lib/python3.10/dist-packages/complex_msgs-3.0.2-py3.10.egg-info/SOURCES.txt
[2.618s] -- Up-to-date symlink: /home/aajaer/microros_ws/install/complex_msgs/local/lib/python3.10/dist-packages/complex_msgs-3.0.2-py3.10.egg-info/dependency_links.txt
[2.618s] -- Up-to-date symlink: /home/aajaer/microros_ws/install/complex_msgs/local/lib/python3.10/dist-packages/complex_msgs-3.0.2-py3.10.egg-info/top_level.txt
[2.619s] -- Up-to-date symlink: /home/aajaer/microros_ws/install/complex_msgs/local/lib/python3.10/dist-packages/complex_msgs/__init__.py
[2.619s] -- Up-to-date symlink: /home/aajaer/microros_ws/install/complex_msgs/local/lib/python3.10/dist-packages/complex_msgs/_complex_msgs_s.ep.rosidl_typesupport_c.c
[2.620s] -- Up-to-date symlink: /home/aajaer/microros_ws/install/complex_msgs/local/lib/python3.10/dist-packages/complex_msgs/_complex_msgs_s.ep.rosidl_typesupport_fastrtps_c.c
[2.620s] -- Up-to-date symlink: /home/aajaer/microros_ws/install/complex_msgs/local/lib/python3.10/dist-packages/complex_msgs/_complex_msgs_s.ep.rosidl_typesupport_introspection_c.c
[2.620s] -- Up-to-date symlink: /home/aajaer/microros_ws/install/complex_msgs/local/lib/python3.10/dist-packages/complex_msgs/_complex_msgs_s.ep.rosidl_typesupport_microxrcedds_c.c
[2.621s] -- Up-to-date symlink: /home/aajaer/microros_ws/install/complex_msgs/local/lib/python3.10/dist-packages/complex_msgs/complex_msgs_s__rosidl_typesupport_c.cpython-310-aarch64-linux-gnu.so
[2.621s] -- Up-to-date symlink: /home/aajaer/microros_ws/install/complex_msgs/local/lib/python3.10/dist-packages/complex_msgs/complex_msgs_s__rosidl_typesupport_fastrtps_c.cpython-310-aarch64-linux-gnu.so
[2.621s] -- Up-to-date symlink: /home/aajaer/microros_ws/install/complex_msgs/local/lib/python3.10/dist-packages/complex_msgs/complex_msgs_s__rosidl_typesupport_introspection_c.cpython-310-aarch64-linux-gnu.so
[2.622s] -- Up-to-date symlink: /home/aajaer/microros_ws/install/complex_msgs/local/lib/python3.10/dist-packages/complex_msgs/complex_msgs_s__rosidl_typesupport_microxrcedds_c.cpython-310-aarch64-linux-gnu.so
[2.622s] -- Up-to-date symlink: /home/aajaer/microros_ws/install/complex_msgs/local/lib/python3.10/dist-packages/complex_msgs/libcomplex_msgs__rosidl_generator_py.so
[2.623s] -- Up-to-date symlink: /home/aajaer/microros_ws/install/complex_msgs/local/lib/python3.10/dist-packages/complex_msgs/msg/__init__.py
[2.624s] -- Up-to-date symlink: /home/aajaer/microros_ws/install/complex_msgs/local/lib/python3.10/dist-packages/complex_msgs/msg/_multi_string_test.py
[2.625s] -- Up-to-date symlink: /home/aajaer/microros_ws/install/complex_msgs/local/lib/python3.10/dist-packages/complex_msgs/msg/_multi_string_test_s.c
[2.626s] -- Up-to-date symlink: /home/aajaer/microros_ws/install/complex_msgs/local/lib/python3.10/dist-packages/complex_msgs/msg/_nested_msg_test.py
[2.626s] -- Up-to-date symlink: /home/aajaer/microros_ws/install/complex_msgs/local/lib/python3.10/dist-packages/complex_msgs/msg/_nested_msg_test_s.c
[2.626s] -- Up-to-date symlink: /home/aajaer/microros_ws/install/complex_msgs/local/lib/python3.10/dist-packages/complex_msgs/complex_msgs_s__rosidl_typesupport_microxrcedds_c.cpython-310-aarch64-linux-gnu.so
[2.626s] -- Up-to-date symlink: /home/aajaer/microros_ws/install/complex_msgs/local/lib/python3.10/dist-packages/complex_msgs/complex_msgs_s__rosidl_typesupport_fastrtps_c.cpython-310-aarch64-linux-gnu.so
[2.627s] -- Up-to-date symlink: /home/aajaer/microros_ws/install/complex_msgs/local/lib/python3.10/dist-packages/complex_msgs/complex_msgs_s__rosidl_typesupport_introspection_c.cpython-310-aarch64-linux-gnu.so
[2.627s] -- Up-to-date symlink: /home/aajaer/microros_ws/install/complex_msgs/local/lib/python3.10/dist-packages/complex_msgs/complex_msgs_s__rosidl_typesupport_c.cpython-310-aarch64-linux-gnu.so
[2.628s] -- Up-to-date symlink: /home/aajaer/microros_ws/install/complex_msgs/share/complex_msgs/msg/MultiStringTest.idl
[2.629s] -- Up-to-date symlink: /home/aajaer/microros_ws/install/complex_msgs/share/complex_msgs/msg/NestedMsgTest.idl
[2.629s] -- Up-to-date symlink: /home/aajaer/microros_ws/install/complex_msgs/share/complex_msgs/msg/MultiStringTest.msg
[2.629s] -- Up-to-date symlink: /home/aajaer/microros_ws/install/complex_msgs/share/complex_msgs/msg/NestedMsgTest.msg
[2.630s] -- Up-to-date symlink: /home/aajaer/microros_ws/install/complex_msgs/share/ament_index/resource_index/package_run_dependencies/complex_msgs
[2.630s] -- Up-to-date symlink: /home/aajaer/microros_ws/install/complex_msgs/share/ament_index/resource_index/parent_prefix_path/complex_msgs
[2.631s] -- Up-to-date symlink: /home/aajaer/microros_ws/install/complex_msgs/share/complex_msgs/environment/ament_prefix_path.sh
[2.631s] -- Up-to-date symlink: /home/aajaer/microros_ws/install/complex_msgs/share/complex_msgs/environment/ament_prefix_path.dsv
[2.631s] -- Up-to-date symlink: /home/aajaer/microros_ws/install/complex_msgs/share/complex_msgs/environment/path.sh
[2.631s] -- Up-to-date symlink: /home/aajaer/microros_ws/install/complex_msgs/share/complex_msgs/environment/path.dsv
[2.632s] -- Up-to-date symlink: /home/aajaer/microros_ws/install/complex_msgs/share/complex_msgs/local_setup.bash
[2.632s] -- Up-to-date symlink: /home/aajaer/microros_ws/install/complex_msgs/share/complex_msgs/local_setup.sh
[2.633s] -- Up-to-date symlink: /home/aajaer/microros_ws/install/complex_msgs/share/complex_msgs/local_setup.zsh
[2.635s] -- Up-to-date symlink: /home/aajaer/microros_ws/install/complex_msgs/share/complex_msgs/local_setup.dsv
[2.636s] -- Symlinking: /home/aajaer/microros_ws/install/complex_msgs/share/complex_msgs/package.dsv
[2.648s] -- Up-to-date symlink: /home/aajaer/microros_ws/install/complex_msgs/share/ament_index/resource_index/packages/complex_msgs
[2.649s] -- Up-to-date symlink: /home/aajaer/microros_ws/install/complex_msgs/share/complex_msgs/cmake/rosidl_cmake-extras.cmake
[2.649s] -- Up-to-date symlink: /home/aajaer/microros_ws/install/complex_msgs/share/complex_msgs/cmake/ament_cmake_export_dependencies-extras.cmake
[2.650s] -- Up-to-date symlink: /home/aajaer/microros_ws/install/complex_msgs/share/complex_msgs/cmake/ament_cmake_export_include_directories-extras.cmake
[2.650s] -- Up-to-date symlink: /home/aajaer/microros_ws/install/complex_msgs/share/complex_msgs/cmake/ament_cmake_export_libraries-extras.cmake
[2.651s] -- Up-to-date symlink: /home/aajaer/microros_ws/install/complex_msgs/share/complex_msgs/cmake/ament_cmake_export_targets-extras.cmake
[2.652s] -- Up-to-date symlink: /home/aajaer/microros_ws/install/complex_msgs/share/complex_msgs/cmake/rosidl_cmake_export_typesupport_targets-extras.cmake
[2.652s] -- Up-to-date symlink: /home/aajaer/microros_ws/install/complex_msgs/share/complex_msgs/cmake/rosidl_cmake_export_typesupport_libraries-extras.cmake
[2.654s] -- Up-to-date symlink: /home/aajaer/microros_ws/install/complex_msgs/share/complex_msgs/cmake/complex_msgsConfig.cmake
[2.654s] -- Up-to-date symlink: /home/aajaer/microros_ws/install/complex_msgs/share/complex_msgs/cmake/complex_msgsConfig-version.cmake
[2.655s] -- Up-to-date symlink: /home/aajaer/microros_ws/install/complex_msgs/share/complex_msgs/package.xml
[2.657s] -- Up-to-date: /home/aajaer/microros_ws/install/complex_msgs/lib/libcomplex_msgs__rosidl_generator_c.so
[2.658s] -- Up-to-date: /home/aajaer/microros_ws/install/complex_msgs/lib/libcomplex_msgs__rosidl_typesupport_fastrtps_c.so
[2.660s] -- Up-to-date: /home/aajaer/microros_ws/install/complex_msgs/lib/libcomplex_msgs__rosidl_typesupport_fastrtps_cpp.so
[2.661s] -- Up-to-date: /home/aajaer/microros_ws/install/complex_msgs/lib/libcomplex_msgs__rosidl_typesupport_introspection_c.so
[2.663s] -- Up-to-date: /home/aajaer/microros_ws/install/complex_msgs/lib/libcomplex_msgs__rosidl_typesupport_c.so
[2.665s] -- Up-to-date: /home/aajaer/microros_ws/install/complex_msgs/lib/libcomplex_msgs__rosidl_typesupport_introspection_cpp.so
[2.665s] -- Up-to-date: /home/aajaer/microros_ws/install/complex_msgs/lib/libcomplex_msgs__rosidl_typesupport_cpp.so
[2.759s] Listing '/home/aajaer/microros_ws/install/complex_msgs/local/lib/python3.10/dist-packages/complex_msgs'...
[2.759s] Listing '/home/aajaer/microros_ws/install/complex_msgs/local/lib/python3.10/dist-packages/complex_msgs/msg'...
[2.759s] -- Up-to-date: /home/aajaer/microros_ws/install/complex_msgs/lib/libcomplex_msgs__rosidl_generator_py.so
[2.759s] -- Up-to-date: /home/aajaer/microros_ws/install/complex_msgs/share/complex_msgs/cmake/export_complex_msgs__rosidl_generator_cExport.cmake
[2.760s] -- Up-to-date: /home/aajaer/microros_ws/install/complex_msgs/share/complex_msgs/cmake/export_complex_msgs__rosidl_generator_cExport-noconfig.cmake
[2.760s] -- Up-to-date: /home/aajaer/microros_ws/install/complex_msgs/share/complex_msgs/cmake/export_complex_msgs__rosidl_typesupport_fastrtps_cExport.cmake
[2.760s] -- Up-to-date: /home/aajaer/microros_ws/install/complex_msgs/share/complex_msgs/cmake/export_complex_msgs__rosidl_typesupport_fastrtps_cExport-noconfig.cmake
[2.761s] -- Up-to-date: /home/aajaer/microros_ws/install/complex_msgs/share/complex_msgs/cmake/export_complex_msgs__rosidl_generator_cppExport.cmake
[2.761s] -- Up-to-date: /home/aajaer/microros_ws/install/complex_msgs/share/complex_msgs/cmake/export_complex_msgs__rosidl_typesupport_fastrtps_cppExport.cmake
[2.761s] -- Up-to-date: /home/aajaer/microros_ws/install/complex_msgs/share/complex_msgs/cmake/export_complex_msgs__rosidl_typesupport_fastrtps_cppExport-noconfig.cmake
[2.762s] -- Up-to-date: /home/aajaer/microros_ws/install/complex_msgs/share/complex_msgs/cmake/complex_msgs__rosidl_typesupport_introspection_cExport.cmake
[2.762s] -- Up-to-date: /home/aajaer/microros_ws/install/complex_msgs/share/complex_msgs/cmake/complex_msgs__rosidl_typesupport_introspection_cExport-noconfig.cmake
[2.762s] -- Up-to-date: /home/aajaer/microros_ws/install/complex_msgs/share/complex_msgs/cmake/complex_msgs__rosidl_typesupport_cExport.cmake
[2.762s] -- Up-to-date: /home/aajaer/microros_ws/install/complex_msgs/share/complex_msgs/cmake/complex_msgs__rosidl_typesupport_cExport-noconfig.cmake
[2.763s] -- Up-to-date: /home/aajaer/microros_ws/install/complex_msgs/share/complex_msgs/cmake/complex_msgs__rosidl_typesupport_introspection_cppExport.cmake
[2.763s] -- Up-to-date: /home/aajaer/microros_ws/install/complex_msgs/share/complex_msgs/cmake/complex_msgs__rosidl_typesupport_introspection_cppExport-noconfig.cmake
[2.763s] -- Up-to-date: /home/aajaer/microros_ws/install/complex_msgs/share/complex_msgs/cmake/complex_msgs__rosidl_typesupport_cppExport.cmake
[2.764s] -- Up-to-date: /home/aajaer/microros_ws/install/complex_msgs/share/complex_msgs/cmake/complex_msgs__rosidl_typesupport_cppExport-noconfig.cmake
[2.764s] -- Up-to-date: /home/aajaer/microros_ws/install/complex_msgs/share/complex_msgs/cmake/export_complex_msgs__rosidl_generator_pyExport.cmake
[2.764s] -- Up-to-date: /home/aajaer/microros_ws/install/complex_msgs/share/complex_msgs/cmake/export_complex_msgs__rosidl_generator_pyExport-noconfig.cmake
[2.804s] Invoked command in '/home/aajaer/microros_ws/build/complex_msgs' returned '0': CMAKE_PREFIX_PATH=/home/aajaer/microros_ws/install/builtin_interfaces:/home/aajaer/microros_ws/install/micro_ros_demos_rclc:/home/aajaer/microros_ws/install/common_interfaces:/home/aajaer/microros_ws/install/visualization_msgs:/home/aajaer/microros_ws/install/test_msgs:/home/aajaer/microros_ws/install/example_interfaces:/home/aajaer/microros_ws/install/action_msgs:/home/aajaer/microros_ws/install/unique_identifier_msgs:/home/aajaer/microros_ws/install/trajectory_msgs:/home/aajaer/microros_ws/install/stereo_msgs:/home/aajaer/microros_ws/install/sllidar_ros2:/home/aajaer/microros_ws/install/std_srvs:/home/aajaer/microros_ws/install/shape_msgs:/home/aajaer/microros_ws/install/sensor_msgs:/home/aajaer/microros_ws/install/nav_msgs:/home/aajaer/microros_ws/install/diagnostic_msgs:/home/aajaer/microros_ws/install/geometry_msgs:/home/aajaer/microros_ws/install/actionlib_msgs:/home/aajaer/microros_ws/install/std_msgs:/home/aajaer/microros_ws/install/statistics_msgs:/home/aajaer/microros_ws/install/rosidl_typesupport_microxrcedds_test_msg:/home/aajaer/microros_ws/install/rosidl_typesupport_microxrcedds_cpp_tests:/home/aajaer/microros_ws/install/rmw_microxrcedds:/home/aajaer/microros_ws/install/rosidl_typesupport_microxrcedds_cpp:/home/aajaer/microros_ws/install/rosidl_typesupport_microxrcedds_c_tests:/home/aajaer/microros_ws/install/rosidl_typesupport_microxrcedds_c:/home/aajaer/microros_ws/install/rosgraph_msgs:/home/aajaer/microros_ws/install/rclc_parameter:/home/aajaer/microros_ws/install/rclc:/home/aajaer/microros_ws/install/composition_interfaces:/home/aajaer/microros_ws/install/rcl_interfaces:/home/aajaer/microros_ws/install/microxrcedds_client:/home/aajaer/microros_ws/install/microcdr:/home/aajaer/microros_ws/install/micro_ros_utilities:/home/aajaer/microros_ws/install/micro_ros_setup:/home/aajaer/microros_ws/install/micro_ros_agent:/home/aajaer/microros_ws/install/micro_ros_msgs:/home/aajaer/microros_ws/install/lifecycle_msgs:/home/aajaer/microros_ws/install/complex_msgs:/opt/ros/humble:/opt/ros/humble:/home/aajaer/microros_ws/install/sensor_msgs_py:/home/aajaer/microros_ws/install/motor_control_pkg LD_LIBRARY_PATH=/home/aajaer/microros_ws/install/builtin_interfaces/lib:/home/aajaer/microros_ws/install/visualization_msgs/lib:/home/aajaer/microros_ws/install/test_msgs/lib:/home/aajaer/microros_ws/install/example_interfaces/lib:/home/aajaer/microros_ws/install/action_msgs/lib:/home/aajaer/microros_ws/install/unique_identifier_msgs/lib:/home/aajaer/microros_ws/install/trajectory_msgs/lib:/home/aajaer/microros_ws/install/stereo_msgs/lib:/home/aajaer/microros_ws/install/std_srvs/lib:/home/aajaer/microros_ws/install/shape_msgs/lib:/home/aajaer/microros_ws/install/sensor_msgs/lib:/home/aajaer/microros_ws/install/nav_msgs/lib:/home/aajaer/microros_ws/install/diagnostic_msgs/lib:/home/aajaer/microros_ws/install/geometry_msgs/lib:/home/aajaer/microros_ws/install/actionlib_msgs/lib:/home/aajaer/microros_ws/install/std_msgs/lib:/home/aajaer/microros_ws/install/statistics_msgs/lib:/home/aajaer/microros_ws/install/rosidl_typesupport_microxrcedds_test_msg/lib:/home/aajaer/microros_ws/install/rmw_microxrcedds/lib:/home/aajaer/microros_ws/install/rosidl_typesupport_microxrcedds_cpp/lib:/home/aajaer/microros_ws/install/rosidl_typesupport_microxrcedds_c/lib:/home/aajaer/microros_ws/install/rosgraph_msgs/lib:/home/aajaer/microros_ws/install/rclc_parameter/lib:/home/aajaer/microros_ws/install/rclc/lib:/home/aajaer/microros_ws/install/composition_interfaces/lib:/home/aajaer/microros_ws/install/rcl_interfaces/lib:/home/aajaer/microros_ws/install/micro_ros_utilities/lib:/home/aajaer/microros_ws/install/micro_ros_agent/lib:/home/aajaer/microros_ws/install/micro_ros_msgs/lib:/home/aajaer/microros_ws/install/lifecycle_msgs/lib:/home/aajaer/microros_ws/install/complex_msgs/lib:/opt/ros/humble/opt/rviz_ogre_vendor/lib:/opt/ros/humble/lib/aarch64-linux-gnu:/opt/ros/humble/lib /usr/bin/cmake --install /home/aajaer/microros_ws/build/complex_msgs
