[0.259s] Invoking command in '/home/aajaer/microros_ws/build/rosidl_typesupport_microxrcedds_c': CMAKE_PREFIX_PATH=/home/aajaer/microros_ws/install/microcdr:/home/aajaer/microros_ws/install/micro_ros_demos_rclc:/home/aajaer/microros_ws/install/common_interfaces:/home/aajaer/microros_ws/install/visualization_msgs:/home/aajaer/microros_ws/install/test_msgs:/home/aajaer/microros_ws/install/example_interfaces:/home/aajaer/microros_ws/install/action_msgs:/home/aajaer/microros_ws/install/unique_identifier_msgs:/home/aajaer/microros_ws/install/trajectory_msgs:/home/aajaer/microros_ws/install/stereo_msgs:/home/aajaer/microros_ws/install/sllidar_ros2:/home/aajaer/microros_ws/install/std_srvs:/home/aajaer/microros_ws/install/shape_msgs:/home/aajaer/microros_ws/install/sensor_msgs:/home/aajaer/microros_ws/install/nav_msgs:/home/aajaer/microros_ws/install/diagnostic_msgs:/home/aajaer/microros_ws/install/geometry_msgs:/home/aajaer/microros_ws/install/actionlib_msgs:/home/aajaer/microros_ws/install/std_msgs:/home/aajaer/microros_ws/install/statistics_msgs:/home/aajaer/microros_ws/install/rosidl_typesupport_microxrcedds_test_msg:/home/aajaer/microros_ws/install/rosidl_typesupport_microxrcedds_cpp_tests:/home/aajaer/microros_ws/install/rmw_microxrcedds:/home/aajaer/microros_ws/install/rosidl_typesupport_microxrcedds_cpp:/home/aajaer/microros_ws/install/rosidl_typesupport_microxrcedds_c_tests:/home/aajaer/microros_ws/install/rosidl_typesupport_microxrcedds_c:/home/aajaer/microros_ws/install/rosgraph_msgs:/home/aajaer/microros_ws/install/rclc_parameter:/home/aajaer/microros_ws/install/rclc:/home/aajaer/microros_ws/install/composition_interfaces:/home/aajaer/microros_ws/install/rcl_interfaces:/home/aajaer/microros_ws/install/microxrcedds_client:/home/aajaer/microros_ws/install/micro_ros_utilities:/home/aajaer/microros_ws/install/micro_ros_setup:/home/aajaer/microros_ws/install/micro_ros_agent:/home/aajaer/microros_ws/install/micro_ros_msgs:/home/aajaer/microros_ws/install/lifecycle_msgs:/home/aajaer/microros_ws/install/complex_msgs:/home/aajaer/microros_ws/install/builtin_interfaces:/opt/ros/humble:/opt/ros/humble:/home/aajaer/microros_ws/install/sensor_msgs_py:/home/aajaer/microros_ws/install/motor_control_pkg /usr/bin/cmake --build /home/aajaer/microros_ws/build/rosidl_typesupport_microxrcedds_c -- -j8 -l8
[0.613s] [100%] Built target rosidl_typesupport_microxrcedds_c
[0.631s] [100%] Built target ament_cmake_python_symlink_rosidl_typesupport_microxrcedds_c
[1.308s] running egg_info
[1.311s] writing rosidl_typesupport_microxrcedds_c.egg-info/PKG-INFO
[1.311s] writing dependency_links to rosidl_typesupport_microxrcedds_c.egg-info/dependency_links.txt
[1.311s] writing top-level names to rosidl_typesupport_microxrcedds_c.egg-info/top_level.txt
[1.318s] reading manifest file 'rosidl_typesupport_microxrcedds_c.egg-info/SOURCES.txt'
[1.318s] writing manifest file 'rosidl_typesupport_microxrcedds_c.egg-info/SOURCES.txt'
[1.400s] [100%] Built target ament_cmake_python_build_rosidl_typesupport_microxrcedds_c_egg
[1.460s] Invoked command in '/home/aajaer/microros_ws/build/rosidl_typesupport_microxrcedds_c' returned '0': CMAKE_PREFIX_PATH=/home/aajaer/microros_ws/install/microcdr:/home/aajaer/microros_ws/install/micro_ros_demos_rclc:/home/aajaer/microros_ws/install/common_interfaces:/home/aajaer/microros_ws/install/visualization_msgs:/home/aajaer/microros_ws/install/test_msgs:/home/aajaer/microros_ws/install/example_interfaces:/home/aajaer/microros_ws/install/action_msgs:/home/aajaer/microros_ws/install/unique_identifier_msgs:/home/aajaer/microros_ws/install/trajectory_msgs:/home/aajaer/microros_ws/install/stereo_msgs:/home/aajaer/microros_ws/install/sllidar_ros2:/home/aajaer/microros_ws/install/std_srvs:/home/aajaer/microros_ws/install/shape_msgs:/home/aajaer/microros_ws/install/sensor_msgs:/home/aajaer/microros_ws/install/nav_msgs:/home/aajaer/microros_ws/install/diagnostic_msgs:/home/aajaer/microros_ws/install/geometry_msgs:/home/aajaer/microros_ws/install/actionlib_msgs:/home/aajaer/microros_ws/install/std_msgs:/home/aajaer/microros_ws/install/statistics_msgs:/home/aajaer/microros_ws/install/rosidl_typesupport_microxrcedds_test_msg:/home/aajaer/microros_ws/install/rosidl_typesupport_microxrcedds_cpp_tests:/home/aajaer/microros_ws/install/rmw_microxrcedds:/home/aajaer/microros_ws/install/rosidl_typesupport_microxrcedds_cpp:/home/aajaer/microros_ws/install/rosidl_typesupport_microxrcedds_c_tests:/home/aajaer/microros_ws/install/rosidl_typesupport_microxrcedds_c:/home/aajaer/microros_ws/install/rosgraph_msgs:/home/aajaer/microros_ws/install/rclc_parameter:/home/aajaer/microros_ws/install/rclc:/home/aajaer/microros_ws/install/composition_interfaces:/home/aajaer/microros_ws/install/rcl_interfaces:/home/aajaer/microros_ws/install/microxrcedds_client:/home/aajaer/microros_ws/install/micro_ros_utilities:/home/aajaer/microros_ws/install/micro_ros_setup:/home/aajaer/microros_ws/install/micro_ros_agent:/home/aajaer/microros_ws/install/micro_ros_msgs:/home/aajaer/microros_ws/install/lifecycle_msgs:/home/aajaer/microros_ws/install/complex_msgs:/home/aajaer/microros_ws/install/builtin_interfaces:/opt/ros/humble:/opt/ros/humble:/home/aajaer/microros_ws/install/sensor_msgs_py:/home/aajaer/microros_ws/install/motor_control_pkg /usr/bin/cmake --build /home/aajaer/microros_ws/build/rosidl_typesupport_microxrcedds_c -- -j8 -l8
[1.463s] Invoking command in '/home/aajaer/microros_ws/build/rosidl_typesupport_microxrcedds_c': CMAKE_PREFIX_PATH=/home/aajaer/microros_ws/install/microcdr:/home/aajaer/microros_ws/install/micro_ros_demos_rclc:/home/aajaer/microros_ws/install/common_interfaces:/home/aajaer/microros_ws/install/visualization_msgs:/home/aajaer/microros_ws/install/test_msgs:/home/aajaer/microros_ws/install/example_interfaces:/home/aajaer/microros_ws/install/action_msgs:/home/aajaer/microros_ws/install/unique_identifier_msgs:/home/aajaer/microros_ws/install/trajectory_msgs:/home/aajaer/microros_ws/install/stereo_msgs:/home/aajaer/microros_ws/install/sllidar_ros2:/home/aajaer/microros_ws/install/std_srvs:/home/aajaer/microros_ws/install/shape_msgs:/home/aajaer/microros_ws/install/sensor_msgs:/home/aajaer/microros_ws/install/nav_msgs:/home/aajaer/microros_ws/install/diagnostic_msgs:/home/aajaer/microros_ws/install/geometry_msgs:/home/aajaer/microros_ws/install/actionlib_msgs:/home/aajaer/microros_ws/install/std_msgs:/home/aajaer/microros_ws/install/statistics_msgs:/home/aajaer/microros_ws/install/rosidl_typesupport_microxrcedds_test_msg:/home/aajaer/microros_ws/install/rosidl_typesupport_microxrcedds_cpp_tests:/home/aajaer/microros_ws/install/rmw_microxrcedds:/home/aajaer/microros_ws/install/rosidl_typesupport_microxrcedds_cpp:/home/aajaer/microros_ws/install/rosidl_typesupport_microxrcedds_c_tests:/home/aajaer/microros_ws/install/rosidl_typesupport_microxrcedds_c:/home/aajaer/microros_ws/install/rosgraph_msgs:/home/aajaer/microros_ws/install/rclc_parameter:/home/aajaer/microros_ws/install/rclc:/home/aajaer/microros_ws/install/composition_interfaces:/home/aajaer/microros_ws/install/rcl_interfaces:/home/aajaer/microros_ws/install/microxrcedds_client:/home/aajaer/microros_ws/install/micro_ros_utilities:/home/aajaer/microros_ws/install/micro_ros_setup:/home/aajaer/microros_ws/install/micro_ros_agent:/home/aajaer/microros_ws/install/micro_ros_msgs:/home/aajaer/microros_ws/install/lifecycle_msgs:/home/aajaer/microros_ws/install/complex_msgs:/home/aajaer/microros_ws/install/builtin_interfaces:/opt/ros/humble:/opt/ros/humble:/home/aajaer/microros_ws/install/sensor_msgs_py:/home/aajaer/microros_ws/install/motor_control_pkg /usr/bin/cmake --install /home/aajaer/microros_ws/build/rosidl_typesupport_microxrcedds_c
[1.513s] -- Install configuration: ""
[1.513s] -- Execute custom install script
[1.513s] -- Up-to-date symlink: /home/aajaer/microros_ws/install/rosidl_typesupport_microxrcedds_c/share/rosidl_typesupport_microxrcedds_c/environment/pythonpath.sh
[1.513s] -- Up-to-date symlink: /home/aajaer/microros_ws/install/rosidl_typesupport_microxrcedds_c/share/rosidl_typesupport_microxrcedds_c/environment/pythonpath.dsv
[1.514s] -- Up-to-date symlink: /home/aajaer/microros_ws/install/rosidl_typesupport_microxrcedds_c/local/lib/python3.10/dist-packages/rosidl_typesupport_microxrcedds_c-3.0.1-py3.10.egg-info/PKG-INFO
[1.514s] -- Up-to-date symlink: /home/aajaer/microros_ws/install/rosidl_typesupport_microxrcedds_c/local/lib/python3.10/dist-packages/rosidl_typesupport_microxrcedds_c-3.0.1-py3.10.egg-info/SOURCES.txt
[1.514s] -- Up-to-date symlink: /home/aajaer/microros_ws/install/rosidl_typesupport_microxrcedds_c/local/lib/python3.10/dist-packages/rosidl_typesupport_microxrcedds_c-3.0.1-py3.10.egg-info/dependency_links.txt
[1.514s] -- Up-to-date symlink: /home/aajaer/microros_ws/install/rosidl_typesupport_microxrcedds_c/local/lib/python3.10/dist-packages/rosidl_typesupport_microxrcedds_c-3.0.1-py3.10.egg-info/top_level.txt
[1.514s] -- Up-to-date symlink: /home/aajaer/microros_ws/install/rosidl_typesupport_microxrcedds_c/local/lib/python3.10/dist-packages/rosidl_typesupport_microxrcedds_c/__init__.py
[1.514s] -- Up-to-date symlink: /home/aajaer/microros_ws/install/rosidl_typesupport_microxrcedds_c/share/rosidl_typesupport_microxrcedds_c/environment/library_path.sh
[1.514s] -- Up-to-date symlink: /home/aajaer/microros_ws/install/rosidl_typesupport_microxrcedds_c/share/rosidl_typesupport_microxrcedds_c/environment/library_path.dsv
[1.515s] -- Up-to-date symlink: /home/aajaer/microros_ws/install/rosidl_typesupport_microxrcedds_c/share/ament_index/resource_index/rosidl_typesupport_c/rosidl_typesupport_microxrcedds_c
[1.515s] -- Up-to-date symlink: /home/aajaer/microros_ws/install/rosidl_typesupport_microxrcedds_c/share/ament_index/resource_index/package_run_dependencies/rosidl_typesupport_microxrcedds_c
[1.515s] -- Up-to-date symlink: /home/aajaer/microros_ws/install/rosidl_typesupport_microxrcedds_c/share/ament_index/resource_index/parent_prefix_path/rosidl_typesupport_microxrcedds_c
[1.515s] -- Up-to-date symlink: /home/aajaer/microros_ws/install/rosidl_typesupport_microxrcedds_c/share/rosidl_typesupport_microxrcedds_c/environment/ament_prefix_path.sh
[1.515s] -- Up-to-date symlink: /home/aajaer/microros_ws/install/rosidl_typesupport_microxrcedds_c/share/rosidl_typesupport_microxrcedds_c/environment/ament_prefix_path.dsv
[1.515s] -- Up-to-date symlink: /home/aajaer/microros_ws/install/rosidl_typesupport_microxrcedds_c/share/rosidl_typesupport_microxrcedds_c/environment/path.sh
[1.515s] -- Up-to-date symlink: /home/aajaer/microros_ws/install/rosidl_typesupport_microxrcedds_c/share/rosidl_typesupport_microxrcedds_c/environment/path.dsv
[1.516s] -- Up-to-date symlink: /home/aajaer/microros_ws/install/rosidl_typesupport_microxrcedds_c/share/rosidl_typesupport_microxrcedds_c/local_setup.bash
[1.516s] -- Up-to-date symlink: /home/aajaer/microros_ws/install/rosidl_typesupport_microxrcedds_c/share/rosidl_typesupport_microxrcedds_c/local_setup.sh
[1.516s] -- Up-to-date symlink: /home/aajaer/microros_ws/install/rosidl_typesupport_microxrcedds_c/share/rosidl_typesupport_microxrcedds_c/local_setup.zsh
[1.516s] -- Up-to-date symlink: /home/aajaer/microros_ws/install/rosidl_typesupport_microxrcedds_c/share/rosidl_typesupport_microxrcedds_c/local_setup.dsv
[1.516s] -- Symlinking: /home/aajaer/microros_ws/install/rosidl_typesupport_microxrcedds_c/share/rosidl_typesupport_microxrcedds_c/package.dsv
[1.524s] -- Up-to-date symlink: /home/aajaer/microros_ws/install/rosidl_typesupport_microxrcedds_c/share/ament_index/resource_index/packages/rosidl_typesupport_microxrcedds_c
[1.524s] -- Up-to-date symlink: /home/aajaer/microros_ws/install/rosidl_typesupport_microxrcedds_c/share/rosidl_typesupport_microxrcedds_c/cmake/rosidl_typesupport_microxrcedds_c-extras.cmake
[1.524s] -- Up-to-date symlink: /home/aajaer/microros_ws/install/rosidl_typesupport_microxrcedds_c/share/rosidl_typesupport_microxrcedds_c/cmake/ament_cmake_export_dependencies-extras.cmake
[1.524s] -- Up-to-date symlink: /home/aajaer/microros_ws/install/rosidl_typesupport_microxrcedds_c/share/rosidl_typesupport_microxrcedds_c/cmake/ament_cmake_export_include_directories-extras.cmake
[1.525s] -- Up-to-date symlink: /home/aajaer/microros_ws/install/rosidl_typesupport_microxrcedds_c/share/rosidl_typesupport_microxrcedds_c/cmake/ament_cmake_export_libraries-extras.cmake
[1.525s] -- Up-to-date symlink: /home/aajaer/microros_ws/install/rosidl_typesupport_microxrcedds_c/share/rosidl_typesupport_microxrcedds_c/cmake/ament_cmake_export_targets-extras.cmake
[1.525s] -- Up-to-date symlink: /home/aajaer/microros_ws/install/rosidl_typesupport_microxrcedds_c/share/rosidl_typesupport_microxrcedds_c/cmake/rosidl_typesupport_microxrcedds_cConfig.cmake
[1.525s] -- Up-to-date symlink: /home/aajaer/microros_ws/install/rosidl_typesupport_microxrcedds_c/share/rosidl_typesupport_microxrcedds_c/cmake/rosidl_typesupport_microxrcedds_cConfig-version.cmake
[1.525s] -- Up-to-date symlink: /home/aajaer/microros_ws/install/rosidl_typesupport_microxrcedds_c/share/rosidl_typesupport_microxrcedds_c/package.xml
[1.525s] -- Up-to-date symlink: /home/aajaer/microros_ws/install/rosidl_typesupport_microxrcedds_c/lib/rosidl_typesupport_microxrcedds_c/rosidl_typesupport_microxrcedds_c
[1.526s] -- Up-to-date symlink: /home/aajaer/microros_ws/install/rosidl_typesupport_microxrcedds_c/share/rosidl_typesupport_microxrcedds_c/cmake/rosidl_typesupport_microxrcedds_c_generate_interfaces.cmake
[1.526s] -- Up-to-date symlink: /home/aajaer/microros_ws/install/rosidl_typesupport_microxrcedds_c/share/rosidl_typesupport_microxrcedds_c/resource/idl__rosidl_typesupport_microxrcedds_c.h.em
[1.526s] -- Up-to-date symlink: /home/aajaer/microros_ws/install/rosidl_typesupport_microxrcedds_c/share/rosidl_typesupport_microxrcedds_c/resource/idl__type_support_c.c.em
[1.526s] -- Up-to-date symlink: /home/aajaer/microros_ws/install/rosidl_typesupport_microxrcedds_c/share/rosidl_typesupport_microxrcedds_c/resource/msg__rosidl_typesupport_microxrcedds_c.h.em
[1.526s] -- Up-to-date symlink: /home/aajaer/microros_ws/install/rosidl_typesupport_microxrcedds_c/share/rosidl_typesupport_microxrcedds_c/resource/msg__type_support_c.c.em
[1.526s] -- Up-to-date symlink: /home/aajaer/microros_ws/install/rosidl_typesupport_microxrcedds_c/share/rosidl_typesupport_microxrcedds_c/resource/rosidl_typesupport_microxrcedds_c__visibility_control.h.in
[1.526s] -- Up-to-date symlink: /home/aajaer/microros_ws/install/rosidl_typesupport_microxrcedds_c/share/rosidl_typesupport_microxrcedds_c/resource/srv__rosidl_typesupport_microxrcedds_c.h.em
[1.527s] -- Up-to-date symlink: /home/aajaer/microros_ws/install/rosidl_typesupport_microxrcedds_c/share/rosidl_typesupport_microxrcedds_c/resource/srv__type_support_c.c.em
[1.527s] -- Up-to-date symlink: /home/aajaer/microros_ws/install/rosidl_typesupport_microxrcedds_c/include/rosidl_typesupport_microxrcedds_c/identifier.h
[1.527s] -- Up-to-date symlink: /home/aajaer/microros_ws/install/rosidl_typesupport_microxrcedds_c/include/rosidl_typesupport_microxrcedds_c/message_type_support.h
[1.527s] -- Up-to-date symlink: /home/aajaer/microros_ws/install/rosidl_typesupport_microxrcedds_c/include/rosidl_typesupport_microxrcedds_c/service_type_support.h
[1.527s] -- Up-to-date symlink: /home/aajaer/microros_ws/install/rosidl_typesupport_microxrcedds_c/include/rosidl_typesupport_microxrcedds_c/visibility_control.h
[1.664s] Listing '/home/aajaer/microros_ws/install/rosidl_typesupport_microxrcedds_c/local/lib/python3.10/dist-packages/rosidl_typesupport_microxrcedds_c'...
[1.772s] -- Up-to-date: /home/aajaer/microros_ws/install/rosidl_typesupport_microxrcedds_c/share/rosidl_typesupport_microxrcedds_c/cmake/rosidl_typesupport_microxrcedds_cExport.cmake
[1.772s] -- Up-to-date: /home/aajaer/microros_ws/install/rosidl_typesupport_microxrcedds_c/share/rosidl_typesupport_microxrcedds_c/cmake/rosidl_typesupport_microxrcedds_cExport-noconfig.cmake
[1.772s] -- Up-to-date: /home/aajaer/microros_ws/install/rosidl_typesupport_microxrcedds_c/lib/librosidl_typesupport_microxrcedds_c.a
[1.793s] Invoked command in '/home/aajaer/microros_ws/build/rosidl_typesupport_microxrcedds_c' returned '0': CMAKE_PREFIX_PATH=/home/aajaer/microros_ws/install/microcdr:/home/aajaer/microros_ws/install/micro_ros_demos_rclc:/home/aajaer/microros_ws/install/common_interfaces:/home/aajaer/microros_ws/install/visualization_msgs:/home/aajaer/microros_ws/install/test_msgs:/home/aajaer/microros_ws/install/example_interfaces:/home/aajaer/microros_ws/install/action_msgs:/home/aajaer/microros_ws/install/unique_identifier_msgs:/home/aajaer/microros_ws/install/trajectory_msgs:/home/aajaer/microros_ws/install/stereo_msgs:/home/aajaer/microros_ws/install/sllidar_ros2:/home/aajaer/microros_ws/install/std_srvs:/home/aajaer/microros_ws/install/shape_msgs:/home/aajaer/microros_ws/install/sensor_msgs:/home/aajaer/microros_ws/install/nav_msgs:/home/aajaer/microros_ws/install/diagnostic_msgs:/home/aajaer/microros_ws/install/geometry_msgs:/home/aajaer/microros_ws/install/actionlib_msgs:/home/aajaer/microros_ws/install/std_msgs:/home/aajaer/microros_ws/install/statistics_msgs:/home/aajaer/microros_ws/install/rosidl_typesupport_microxrcedds_test_msg:/home/aajaer/microros_ws/install/rosidl_typesupport_microxrcedds_cpp_tests:/home/aajaer/microros_ws/install/rmw_microxrcedds:/home/aajaer/microros_ws/install/rosidl_typesupport_microxrcedds_cpp:/home/aajaer/microros_ws/install/rosidl_typesupport_microxrcedds_c_tests:/home/aajaer/microros_ws/install/rosidl_typesupport_microxrcedds_c:/home/aajaer/microros_ws/install/rosgraph_msgs:/home/aajaer/microros_ws/install/rclc_parameter:/home/aajaer/microros_ws/install/rclc:/home/aajaer/microros_ws/install/composition_interfaces:/home/aajaer/microros_ws/install/rcl_interfaces:/home/aajaer/microros_ws/install/microxrcedds_client:/home/aajaer/microros_ws/install/micro_ros_utilities:/home/aajaer/microros_ws/install/micro_ros_setup:/home/aajaer/microros_ws/install/micro_ros_agent:/home/aajaer/microros_ws/install/micro_ros_msgs:/home/aajaer/microros_ws/install/lifecycle_msgs:/home/aajaer/microros_ws/install/complex_msgs:/home/aajaer/microros_ws/install/builtin_interfaces:/opt/ros/humble:/opt/ros/humble:/home/aajaer/microros_ws/install/sensor_msgs_py:/home/aajaer/microros_ws/install/motor_control_pkg /usr/bin/cmake --install /home/aajaer/microros_ws/build/rosidl_typesupport_microxrcedds_c
