[0.028s] Invoking command in '/home/aajaer/microros_ws/build/composition_interfaces': AMENT_PREFIX_PATH=/home/aajaer/microros_ws/install/rcl_interfaces:/home/aajaer/microros_ws/install/builtin_interfaces:${AMENT_PREFIX_PATH} CMAKE_PREFIX_PATH=/home/aajaer/microros_ws/install/rcl_interfaces:/home/aajaer/microros_ws/install/builtin_interfaces:/opt/ros/humble:/opt/ros/humble LD_LIBRARY_PATH=/home/aajaer/microros_ws/install/rcl_interfaces/lib:/home/aajaer/microros_ws/install/builtin_interfaces/lib:/opt/ros/humble/opt/rviz_ogre_vendor/lib:/opt/ros/humble/lib/aarch64-linux-gnu:/opt/ros/humble/lib PYTHONPATH=/home/aajaer/microros_ws/install/rcl_interfaces/local/lib/python3.10/dist-packages:/home/aajaer/microros_ws/install/builtin_interfaces/local/lib/python3.10/dist-packages:${PYTHONPATH} /usr/bin/cmake /home/aajaer/microros_ws/src/ros2/rcl_interfaces/composition_interfaces -DCMAKE_INSTALL_PREFIX=/home/aajaer/microros_ws/install/composition_interfaces
[0.057s] -- Found ament_cmake: 1.3.11 (/opt/ros/humble/share/ament_cmake/cmake)
[0.426s] -- Override CMake install command with custom implementation using symlinks instead of copying resources
[0.443s] -- Found rosidl_default_generators: 1.2.0 (/opt/ros/humble/share/rosidl_default_generators/cmake)
[0.457s] -- Using all available rosidl_typesupport_c: rosidl_typesupport_fastrtps_c;rosidl_typesupport_introspection_c
[0.463s] -- Found rosidl_adapter: 3.1.6 (/opt/ros/humble/share/rosidl_adapter/cmake)
[0.529s] -- Using all available rosidl_typesupport_cpp: rosidl_typesupport_fastrtps_cpp;rosidl_typesupport_introspection_cpp
[0.582s] -- Found rcl_interfaces: 1.2.1 (/home/aajaer/microros_ws/install/rcl_interfaces/share/rcl_interfaces/cmake)
[1.242s] -- Found ament_cmake_cppcheck: 0.12.11 (/opt/ros/humble/share/ament_cmake_cppcheck/cmake)
[1.243s] -- Found ament_cmake_cpplint: 0.12.11 (/opt/ros/humble/share/ament_cmake_cpplint/cmake)
[1.244s] -- Found ament_cmake_uncrustify: 0.12.11 (/opt/ros/humble/share/ament_cmake_uncrustify/cmake)
[1.247s] -- Found ament_cmake_ros: 0.10.0 (/opt/ros/humble/share/ament_cmake_ros/cmake)
[1.715s] -- Using all available rosidl_typesupport_c: rosidl_typesupport_fastrtps_c;rosidl_typesupport_introspection_c
[2.324s] -- Using all available rosidl_typesupport_cpp: rosidl_typesupport_fastrtps_cpp;rosidl_typesupport_introspection_cpp
[2.376s] -- Found python_cmake_module: 0.10.0 (/opt/ros/humble/share/python_cmake_module/cmake)
[2.426s] -- Using PYTHON_EXECUTABLE: /usr/bin/python3
[2.427s] -- Using PYTHON_INCLUDE_DIRS: /usr/include/python3.10
[2.427s] -- Using PYTHON_LIBRARIES: /usr/lib/aarch64-linux-gnu/libpython3.10.so
[2.478s] -- Found ament_cmake_flake8: 0.12.11 (/opt/ros/humble/share/ament_cmake_flake8/cmake)
[2.479s] -- Found ament_cmake_pep257: 0.12.11 (/opt/ros/humble/share/ament_cmake_pep257/cmake)
[2.509s] -- Configuring done
[2.628s] -- Generating done
[2.655s] -- Build files have been written to: /home/aajaer/microros_ws/build/composition_interfaces
[2.680s] Invoked command in '/home/aajaer/microros_ws/build/composition_interfaces' returned '0': AMENT_PREFIX_PATH=/home/aajaer/microros_ws/install/rcl_interfaces:/home/aajaer/microros_ws/install/builtin_interfaces:${AMENT_PREFIX_PATH} CMAKE_PREFIX_PATH=/home/aajaer/microros_ws/install/rcl_interfaces:/home/aajaer/microros_ws/install/builtin_interfaces:/opt/ros/humble:/opt/ros/humble LD_LIBRARY_PATH=/home/aajaer/microros_ws/install/rcl_interfaces/lib:/home/aajaer/microros_ws/install/builtin_interfaces/lib:/opt/ros/humble/opt/rviz_ogre_vendor/lib:/opt/ros/humble/lib/aarch64-linux-gnu:/opt/ros/humble/lib PYTHONPATH=/home/aajaer/microros_ws/install/rcl_interfaces/local/lib/python3.10/dist-packages:/home/aajaer/microros_ws/install/builtin_interfaces/local/lib/python3.10/dist-packages:${PYTHONPATH} /usr/bin/cmake /home/aajaer/microros_ws/src/ros2/rcl_interfaces/composition_interfaces -DCMAKE_INSTALL_PREFIX=/home/aajaer/microros_ws/install/composition_interfaces
[2.681s] Invoking command in '/home/aajaer/microros_ws/build/composition_interfaces': AMENT_PREFIX_PATH=/home/aajaer/microros_ws/install/rcl_interfaces:/home/aajaer/microros_ws/install/builtin_interfaces:${AMENT_PREFIX_PATH} CMAKE_PREFIX_PATH=/home/aajaer/microros_ws/install/rcl_interfaces:/home/aajaer/microros_ws/install/builtin_interfaces:/opt/ros/humble:/opt/ros/humble LD_LIBRARY_PATH=/home/aajaer/microros_ws/install/rcl_interfaces/lib:/home/aajaer/microros_ws/install/builtin_interfaces/lib:/opt/ros/humble/opt/rviz_ogre_vendor/lib:/opt/ros/humble/lib/aarch64-linux-gnu:/opt/ros/humble/lib PYTHONPATH=/home/aajaer/microros_ws/install/rcl_interfaces/local/lib/python3.10/dist-packages:/home/aajaer/microros_ws/install/builtin_interfaces/local/lib/python3.10/dist-packages:${PYTHONPATH} /usr/bin/cmake --build /home/aajaer/microros_ws/build/composition_interfaces -- -j8 -l8
[2.796s] [35m[1mConsolidate compiler generated dependencies of target composition_interfaces__rosidl_generator_c[0m
[2.802s] [  2%] Built target composition_interfaces__cpp
[2.812s] [  2%] Built target ament_cmake_python_symlink_composition_interfaces
[2.828s] [ 12%] Built target composition_interfaces__rosidl_generator_c
[2.837s] [ 14%] [34m[1mGenerating C++ type support dispatch for ROS interfaces[0m
[2.852s] [35m[1mConsolidate compiler generated dependencies of target composition_interfaces__rosidl_typesupport_fastrtps_cpp[0m
[2.864s] [35m[1mConsolidate compiler generated dependencies of target composition_interfaces__rosidl_typesupport_fastrtps_c[0m
[2.874s] [35m[1mConsolidate compiler generated dependencies of target composition_interfaces__rosidl_typesupport_introspection_cpp[0m
[2.902s] [35m[1mConsolidate compiler generated dependencies of target composition_interfaces__rosidl_typesupport_introspection_c[0m
[2.918s] [ 17%] [34m[1mGenerating C type support dispatch for ROS interfaces[0m
[2.918s] [ 27%] Built target composition_interfaces__rosidl_typesupport_fastrtps_cpp
[2.949s] [ 38%] Built target composition_interfaces__rosidl_typesupport_introspection_cpp
[2.972s] [ 48%] Built target composition_interfaces__rosidl_typesupport_fastrtps_c
[2.981s] [ 59%] Built target composition_interfaces__rosidl_typesupport_introspection_c
[3.491s] running egg_info
[3.493s] writing composition_interfaces.egg-info/PKG-INFO
[3.494s] writing dependency_links to composition_interfaces.egg-info/dependency_links.txt
[3.495s] writing top-level names to composition_interfaces.egg-info/top_level.txt
[3.502s] reading manifest file 'composition_interfaces.egg-info/SOURCES.txt'
[3.505s] writing manifest file 'composition_interfaces.egg-info/SOURCES.txt'
[3.632s] [ 59%] Built target ament_cmake_python_build_composition_interfaces_egg
[3.900s] [35m[1mConsolidate compiler generated dependencies of target composition_interfaces__rosidl_typesupport_cpp[0m
[3.927s] [ 61%] [32mBuilding CXX object CMakeFiles/composition_interfaces__rosidl_typesupport_cpp.dir/rosidl_typesupport_cpp/composition_interfaces/srv/load_node__type_support.cpp.o[0m
[3.936s] [ 63%] [32mBuilding CXX object CMakeFiles/composition_interfaces__rosidl_typesupport_cpp.dir/rosidl_typesupport_cpp/composition_interfaces/srv/unload_node__type_support.cpp.o[0m
[3.946s] [ 65%] [32mBuilding CXX object CMakeFiles/composition_interfaces__rosidl_typesupport_cpp.dir/rosidl_typesupport_cpp/composition_interfaces/srv/list_nodes__type_support.cpp.o[0m
[4.014s] [35m[1mConsolidate compiler generated dependencies of target composition_interfaces__rosidl_typesupport_c[0m
[4.057s] [ 68%] [32mBuilding CXX object CMakeFiles/composition_interfaces__rosidl_typesupport_c.dir/rosidl_typesupport_c/composition_interfaces/srv/load_node__type_support.cpp.o[0m
[4.080s] [ 70%] [32mBuilding CXX object CMakeFiles/composition_interfaces__rosidl_typesupport_c.dir/rosidl_typesupport_c/composition_interfaces/srv/list_nodes__type_support.cpp.o[0m
[4.087s] [ 72%] [32mBuilding CXX object CMakeFiles/composition_interfaces__rosidl_typesupport_c.dir/rosidl_typesupport_c/composition_interfaces/srv/unload_node__type_support.cpp.o[0m
[4.261s] [ 74%] [32m[1mLinking CXX shared library libcomposition_interfaces__rosidl_typesupport_c.so[0m
[4.495s] [ 74%] Built target composition_interfaces__rosidl_typesupport_c
[4.865s] [ 76%] [32m[1mLinking CXX shared library libcomposition_interfaces__rosidl_typesupport_cpp.so[0m
[5.000s] [ 76%] Built target composition_interfaces__rosidl_typesupport_cpp
[5.068s] [ 76%] Built target composition_interfaces
[5.139s] [ 78%] Built target composition_interfaces__py
[5.208s] [35m[1mConsolidate compiler generated dependencies of target composition_interfaces__rosidl_generator_py[0m
[5.290s] [ 80%] [32m[1mLinking C shared library rosidl_generator_py/composition_interfaces/libcomposition_interfaces__rosidl_generator_py.so[0m
[5.468s] [ 87%] Built target composition_interfaces__rosidl_generator_py
[5.537s] [35m[1mConsolidate compiler generated dependencies of target composition_interfaces__rosidl_typesupport_fastrtps_c__pyext[0m
[5.607s] [35m[1mConsolidate compiler generated dependencies of target composition_interfaces__rosidl_typesupport_introspection_c__pyext[0m
[5.620s] [35m[1mConsolidate compiler generated dependencies of target composition_interfaces__rosidl_typesupport_c__pyext[0m
[5.641s] [ 89%] [32m[1mLinking C shared library rosidl_generator_py/composition_interfaces/composition_interfaces_s__rosidl_typesupport_fastrtps_c.cpython-310-aarch64-linux-gnu.so[0m
[5.703s] [ 91%] [32m[1mLinking C shared library rosidl_generator_py/composition_interfaces/composition_interfaces_s__rosidl_typesupport_introspection_c.cpython-310-aarch64-linux-gnu.so[0m
[5.733s] [ 93%] [32m[1mLinking C shared library rosidl_generator_py/composition_interfaces/composition_interfaces_s__rosidl_typesupport_c.cpython-310-aarch64-linux-gnu.so[0m
[5.894s] [ 95%] Built target composition_interfaces__rosidl_typesupport_fastrtps_c__pyext
[5.957s] [ 97%] Built target composition_interfaces__rosidl_typesupport_introspection_c__pyext
[6.034s] [100%] Built target composition_interfaces__rosidl_typesupport_c__pyext
[6.102s] Invoked command in '/home/aajaer/microros_ws/build/composition_interfaces' returned '0': AMENT_PREFIX_PATH=/home/aajaer/microros_ws/install/rcl_interfaces:/home/aajaer/microros_ws/install/builtin_interfaces:${AMENT_PREFIX_PATH} CMAKE_PREFIX_PATH=/home/aajaer/microros_ws/install/rcl_interfaces:/home/aajaer/microros_ws/install/builtin_interfaces:/opt/ros/humble:/opt/ros/humble LD_LIBRARY_PATH=/home/aajaer/microros_ws/install/rcl_interfaces/lib:/home/aajaer/microros_ws/install/builtin_interfaces/lib:/opt/ros/humble/opt/rviz_ogre_vendor/lib:/opt/ros/humble/lib/aarch64-linux-gnu:/opt/ros/humble/lib PYTHONPATH=/home/aajaer/microros_ws/install/rcl_interfaces/local/lib/python3.10/dist-packages:/home/aajaer/microros_ws/install/builtin_interfaces/local/lib/python3.10/dist-packages:${PYTHONPATH} /usr/bin/cmake --build /home/aajaer/microros_ws/build/composition_interfaces -- -j8 -l8
[6.103s] Invoking command in '/home/aajaer/microros_ws/build/composition_interfaces': AMENT_PREFIX_PATH=/home/aajaer/microros_ws/install/rcl_interfaces:/home/aajaer/microros_ws/install/builtin_interfaces:${AMENT_PREFIX_PATH} CMAKE_PREFIX_PATH=/home/aajaer/microros_ws/install/rcl_interfaces:/home/aajaer/microros_ws/install/builtin_interfaces:/opt/ros/humble:/opt/ros/humble LD_LIBRARY_PATH=/home/aajaer/microros_ws/install/rcl_interfaces/lib:/home/aajaer/microros_ws/install/builtin_interfaces/lib:/opt/ros/humble/opt/rviz_ogre_vendor/lib:/opt/ros/humble/lib/aarch64-linux-gnu:/opt/ros/humble/lib PYTHONPATH=/home/aajaer/microros_ws/install/rcl_interfaces/local/lib/python3.10/dist-packages:/home/aajaer/microros_ws/install/builtin_interfaces/local/lib/python3.10/dist-packages:${PYTHONPATH} /usr/bin/cmake --install /home/aajaer/microros_ws/build/composition_interfaces
[6.140s] -- Install configuration: ""
[6.142s] -- Execute custom install script
[6.151s] -- Up-to-date symlink: /home/aajaer/microros_ws/install/composition_interfaces/share/ament_index/resource_index/rosidl_interfaces/composition_interfaces
[6.162s] -- Up-to-date symlink: /home/aajaer/microros_ws/install/composition_interfaces/include/composition_interfaces/composition_interfaces/msg/rosidl_generator_c__visibility_control.h
[6.164s] -- Up-to-date symlink: /home/aajaer/microros_ws/install/composition_interfaces/include/composition_interfaces/composition_interfaces/srv/detail/list_nodes__functions.h
[6.165s] -- Up-to-date symlink: /home/aajaer/microros_ws/install/composition_interfaces/include/composition_interfaces/composition_interfaces/srv/detail/list_nodes__struct.h
[6.166s] -- Up-to-date symlink: /home/aajaer/microros_ws/install/composition_interfaces/include/composition_interfaces/composition_interfaces/srv/detail/list_nodes__type_support.h
[6.168s] -- Up-to-date symlink: /home/aajaer/microros_ws/install/composition_interfaces/include/composition_interfaces/composition_interfaces/srv/detail/load_node__functions.h
[6.169s] -- Up-to-date symlink: /home/aajaer/microros_ws/install/composition_interfaces/include/composition_interfaces/composition_interfaces/srv/detail/load_node__struct.h
[6.170s] -- Up-to-date symlink: /home/aajaer/microros_ws/install/composition_interfaces/include/composition_interfaces/composition_interfaces/srv/detail/load_node__type_support.h
[6.171s] -- Up-to-date symlink: /home/aajaer/microros_ws/install/composition_interfaces/include/composition_interfaces/composition_interfaces/srv/detail/unload_node__functions.h
[6.172s] -- Up-to-date symlink: /home/aajaer/microros_ws/install/composition_interfaces/include/composition_interfaces/composition_interfaces/srv/detail/unload_node__struct.h
[6.173s] -- Up-to-date symlink: /home/aajaer/microros_ws/install/composition_interfaces/include/composition_interfaces/composition_interfaces/srv/detail/unload_node__type_support.h
[6.174s] -- Up-to-date symlink: /home/aajaer/microros_ws/install/composition_interfaces/include/composition_interfaces/composition_interfaces/srv/list_nodes.h
[6.175s] -- Up-to-date symlink: /home/aajaer/microros_ws/install/composition_interfaces/include/composition_interfaces/composition_interfaces/srv/load_node.h
[6.175s] -- Up-to-date symlink: /home/aajaer/microros_ws/install/composition_interfaces/include/composition_interfaces/composition_interfaces/srv/unload_node.h
[6.177s] -- Up-to-date symlink: /home/aajaer/microros_ws/install/composition_interfaces/share/composition_interfaces/environment/library_path.sh
[6.177s] -- Up-to-date symlink: /home/aajaer/microros_ws/install/composition_interfaces/share/composition_interfaces/environment/library_path.dsv
[6.186s] -- Up-to-date symlink: /home/aajaer/microros_ws/install/composition_interfaces/include/composition_interfaces/composition_interfaces/msg/rosidl_typesupport_fastrtps_c__visibility_control.h
[6.187s] -- Up-to-date symlink: /home/aajaer/microros_ws/install/composition_interfaces/include/composition_interfaces/composition_interfaces/srv/detail/list_nodes__rosidl_typesupport_fastrtps_c.h
[6.187s] -- Up-to-date symlink: /home/aajaer/microros_ws/install/composition_interfaces/include/composition_interfaces/composition_interfaces/srv/detail/load_node__rosidl_typesupport_fastrtps_c.h
[6.188s] -- Up-to-date symlink: /home/aajaer/microros_ws/install/composition_interfaces/include/composition_interfaces/composition_interfaces/srv/detail/unload_node__rosidl_typesupport_fastrtps_c.h
[6.189s] -- Up-to-date symlink: /home/aajaer/microros_ws/install/composition_interfaces/include/composition_interfaces/composition_interfaces/msg/rosidl_typesupport_introspection_c__visibility_control.h
[6.190s] -- Up-to-date symlink: /home/aajaer/microros_ws/install/composition_interfaces/include/composition_interfaces/composition_interfaces/srv/detail/list_nodes__rosidl_typesupport_introspection_c.h
[6.191s] -- Up-to-date symlink: /home/aajaer/microros_ws/install/composition_interfaces/include/composition_interfaces/composition_interfaces/srv/detail/load_node__rosidl_typesupport_introspection_c.h
[6.192s] -- Up-to-date symlink: /home/aajaer/microros_ws/install/composition_interfaces/include/composition_interfaces/composition_interfaces/srv/detail/unload_node__rosidl_typesupport_introspection_c.h
[6.198s] -- Up-to-date symlink: /home/aajaer/microros_ws/install/composition_interfaces/include/composition_interfaces/composition_interfaces/msg/rosidl_generator_cpp__visibility_control.hpp
[6.199s] -- Up-to-date symlink: /home/aajaer/microros_ws/install/composition_interfaces/include/composition_interfaces/composition_interfaces/srv/detail/list_nodes__builder.hpp
[6.202s] -- Up-to-date symlink: /home/aajaer/microros_ws/install/composition_interfaces/include/composition_interfaces/composition_interfaces/srv/detail/list_nodes__struct.hpp
[6.206s] -- Up-to-date symlink: /home/aajaer/microros_ws/install/composition_interfaces/include/composition_interfaces/composition_interfaces/srv/detail/list_nodes__traits.hpp
[6.207s] -- Up-to-date symlink: /home/aajaer/microros_ws/install/composition_interfaces/include/composition_interfaces/composition_interfaces/srv/detail/list_nodes__type_support.hpp
[6.207s] -- Up-to-date symlink: /home/aajaer/microros_ws/install/composition_interfaces/include/composition_interfaces/composition_interfaces/srv/detail/load_node__builder.hpp
[6.208s] -- Up-to-date symlink: /home/aajaer/microros_ws/install/composition_interfaces/include/composition_interfaces/composition_interfaces/srv/detail/load_node__struct.hpp
[6.209s] -- Up-to-date symlink: /home/aajaer/microros_ws/install/composition_interfaces/include/composition_interfaces/composition_interfaces/srv/detail/load_node__traits.hpp
[6.211s] -- Up-to-date symlink: /home/aajaer/microros_ws/install/composition_interfaces/include/composition_interfaces/composition_interfaces/srv/detail/load_node__type_support.hpp
[6.212s] -- Up-to-date symlink: /home/aajaer/microros_ws/install/composition_interfaces/include/composition_interfaces/composition_interfaces/srv/detail/unload_node__builder.hpp
[6.213s] -- Up-to-date symlink: /home/aajaer/microros_ws/install/composition_interfaces/include/composition_interfaces/composition_interfaces/srv/detail/unload_node__struct.hpp
[6.214s] -- Up-to-date symlink: /home/aajaer/microros_ws/install/composition_interfaces/include/composition_interfaces/composition_interfaces/srv/detail/unload_node__traits.hpp
[6.215s] -- Up-to-date symlink: /home/aajaer/microros_ws/install/composition_interfaces/include/composition_interfaces/composition_interfaces/srv/detail/unload_node__type_support.hpp
[6.216s] -- Up-to-date symlink: /home/aajaer/microros_ws/install/composition_interfaces/include/composition_interfaces/composition_interfaces/srv/list_nodes.hpp
[6.216s] -- Up-to-date symlink: /home/aajaer/microros_ws/install/composition_interfaces/include/composition_interfaces/composition_interfaces/srv/load_node.hpp
[6.218s] -- Up-to-date symlink: /home/aajaer/microros_ws/install/composition_interfaces/include/composition_interfaces/composition_interfaces/srv/unload_node.hpp
[6.219s] -- Up-to-date symlink: /home/aajaer/microros_ws/install/composition_interfaces/include/composition_interfaces/composition_interfaces/msg/rosidl_typesupport_fastrtps_cpp__visibility_control.h
[6.220s] -- Up-to-date symlink: /home/aajaer/microros_ws/install/composition_interfaces/include/composition_interfaces/composition_interfaces/srv/detail/list_nodes__rosidl_typesupport_fastrtps_cpp.hpp
[6.220s] -- Up-to-date symlink: /home/aajaer/microros_ws/install/composition_interfaces/include/composition_interfaces/composition_interfaces/srv/detail/load_node__rosidl_typesupport_fastrtps_cpp.hpp
[6.221s] -- Up-to-date symlink: /home/aajaer/microros_ws/install/composition_interfaces/include/composition_interfaces/composition_interfaces/srv/detail/unload_node__rosidl_typesupport_fastrtps_cpp.hpp
[6.223s] -- Up-to-date symlink: /home/aajaer/microros_ws/install/composition_interfaces/include/composition_interfaces/composition_interfaces/srv/detail/list_nodes__rosidl_typesupport_introspection_cpp.hpp
[6.224s] -- Up-to-date symlink: /home/aajaer/microros_ws/install/composition_interfaces/include/composition_interfaces/composition_interfaces/srv/detail/load_node__rosidl_typesupport_introspection_cpp.hpp
[6.225s] -- Up-to-date symlink: /home/aajaer/microros_ws/install/composition_interfaces/include/composition_interfaces/composition_interfaces/srv/detail/unload_node__rosidl_typesupport_introspection_cpp.hpp
[6.226s] -- Up-to-date symlink: /home/aajaer/microros_ws/install/composition_interfaces/share/composition_interfaces/environment/pythonpath.sh
[6.226s] -- Up-to-date symlink: /home/aajaer/microros_ws/install/composition_interfaces/share/composition_interfaces/environment/pythonpath.dsv
[6.231s] -- Up-to-date symlink: /home/aajaer/microros_ws/install/composition_interfaces/local/lib/python3.10/dist-packages/composition_interfaces-1.2.1-py3.10.egg-info/PKG-INFO
[6.232s] -- Up-to-date symlink: /home/aajaer/microros_ws/install/composition_interfaces/local/lib/python3.10/dist-packages/composition_interfaces-1.2.1-py3.10.egg-info/SOURCES.txt
[6.232s] -- Up-to-date symlink: /home/aajaer/microros_ws/install/composition_interfaces/local/lib/python3.10/dist-packages/composition_interfaces-1.2.1-py3.10.egg-info/dependency_links.txt
[6.234s] -- Up-to-date symlink: /home/aajaer/microros_ws/install/composition_interfaces/local/lib/python3.10/dist-packages/composition_interfaces-1.2.1-py3.10.egg-info/top_level.txt
[6.235s] -- Up-to-date symlink: /home/aajaer/microros_ws/install/composition_interfaces/local/lib/python3.10/dist-packages/composition_interfaces/__init__.py
[6.238s] -- Up-to-date symlink: /home/aajaer/microros_ws/install/composition_interfaces/local/lib/python3.10/dist-packages/composition_interfaces/_composition_interfaces_s.ep.rosidl_typesupport_c.c
[6.239s] -- Up-to-date symlink: /home/aajaer/microros_ws/install/composition_interfaces/local/lib/python3.10/dist-packages/composition_interfaces/_composition_interfaces_s.ep.rosidl_typesupport_fastrtps_c.c
[6.246s] -- Up-to-date symlink: /home/aajaer/microros_ws/install/composition_interfaces/local/lib/python3.10/dist-packages/composition_interfaces/_composition_interfaces_s.ep.rosidl_typesupport_introspection_c.c
[6.248s] -- Up-to-date symlink: /home/aajaer/microros_ws/install/composition_interfaces/local/lib/python3.10/dist-packages/composition_interfaces/_composition_interfaces_s.ep.rosidl_typesupport_microxrcedds_c.c
[6.249s] -- Up-to-date symlink: /home/aajaer/microros_ws/install/composition_interfaces/local/lib/python3.10/dist-packages/composition_interfaces/composition_interfaces_s__rosidl_typesupport_c.cpython-310-aarch64-linux-gnu.so
[6.251s] -- Up-to-date symlink: /home/aajaer/microros_ws/install/composition_interfaces/local/lib/python3.10/dist-packages/composition_interfaces/composition_interfaces_s__rosidl_typesupport_fastrtps_c.cpython-310-aarch64-linux-gnu.so
[6.253s] -- Up-to-date symlink: /home/aajaer/microros_ws/install/composition_interfaces/local/lib/python3.10/dist-packages/composition_interfaces/composition_interfaces_s__rosidl_typesupport_introspection_c.cpython-310-aarch64-linux-gnu.so
[6.254s] -- Up-to-date symlink: /home/aajaer/microros_ws/install/composition_interfaces/local/lib/python3.10/dist-packages/composition_interfaces/composition_interfaces_s__rosidl_typesupport_microxrcedds_c.cpython-310-aarch64-linux-gnu.so
[6.255s] -- Up-to-date symlink: /home/aajaer/microros_ws/install/composition_interfaces/local/lib/python3.10/dist-packages/composition_interfaces/libcomposition_interfaces__rosidl_generator_py.so
[6.256s] -- Up-to-date symlink: /home/aajaer/microros_ws/install/composition_interfaces/local/lib/python3.10/dist-packages/composition_interfaces/srv/__init__.py
[6.256s] -- Up-to-date symlink: /home/aajaer/microros_ws/install/composition_interfaces/local/lib/python3.10/dist-packages/composition_interfaces/srv/_list_nodes.py
[6.257s] -- Up-to-date symlink: /home/aajaer/microros_ws/install/composition_interfaces/local/lib/python3.10/dist-packages/composition_interfaces/srv/_list_nodes_s.c
[6.258s] -- Up-to-date symlink: /home/aajaer/microros_ws/install/composition_interfaces/local/lib/python3.10/dist-packages/composition_interfaces/srv/_load_node.py
[6.259s] -- Up-to-date symlink: /home/aajaer/microros_ws/install/composition_interfaces/local/lib/python3.10/dist-packages/composition_interfaces/srv/_load_node_s.c
[6.260s] -- Up-to-date symlink: /home/aajaer/microros_ws/install/composition_interfaces/local/lib/python3.10/dist-packages/composition_interfaces/srv/_unload_node.py
[6.261s] -- Up-to-date symlink: /home/aajaer/microros_ws/install/composition_interfaces/local/lib/python3.10/dist-packages/composition_interfaces/srv/_unload_node_s.c
[6.262s] -- Up-to-date symlink: /home/aajaer/microros_ws/install/composition_interfaces/local/lib/python3.10/dist-packages/composition_interfaces/composition_interfaces_s__rosidl_typesupport_fastrtps_c.cpython-310-aarch64-linux-gnu.so
[6.263s] -- Up-to-date symlink: /home/aajaer/microros_ws/install/composition_interfaces/local/lib/python3.10/dist-packages/composition_interfaces/composition_interfaces_s__rosidl_typesupport_introspection_c.cpython-310-aarch64-linux-gnu.so
[6.264s] -- Up-to-date symlink: /home/aajaer/microros_ws/install/composition_interfaces/local/lib/python3.10/dist-packages/composition_interfaces/composition_interfaces_s__rosidl_typesupport_c.cpython-310-aarch64-linux-gnu.so
[6.270s] -- Up-to-date symlink: /home/aajaer/microros_ws/install/composition_interfaces/share/composition_interfaces/srv/LoadNode.idl
[6.271s] -- Up-to-date symlink: /home/aajaer/microros_ws/install/composition_interfaces/share/composition_interfaces/srv/ListNodes.idl
[6.272s] -- Up-to-date symlink: /home/aajaer/microros_ws/install/composition_interfaces/share/composition_interfaces/srv/UnloadNode.idl
[6.273s] -- Up-to-date symlink: /home/aajaer/microros_ws/install/composition_interfaces/share/composition_interfaces/srv/LoadNode.srv
[6.274s] -- Up-to-date symlink: /home/aajaer/microros_ws/install/composition_interfaces/share/composition_interfaces/srv/LoadNode_Request.msg
[6.275s] -- Up-to-date symlink: /home/aajaer/microros_ws/install/composition_interfaces/share/composition_interfaces/srv/LoadNode_Response.msg
[6.276s] -- Up-to-date symlink: /home/aajaer/microros_ws/install/composition_interfaces/share/composition_interfaces/srv/ListNodes.srv
[6.278s] -- Up-to-date symlink: /home/aajaer/microros_ws/install/composition_interfaces/share/composition_interfaces/srv/ListNodes_Request.msg
[6.282s] -- Up-to-date symlink: /home/aajaer/microros_ws/install/composition_interfaces/share/composition_interfaces/srv/ListNodes_Response.msg
[6.282s] -- Up-to-date symlink: /home/aajaer/microros_ws/install/composition_interfaces/share/composition_interfaces/srv/UnloadNode.srv
[6.283s] -- Up-to-date symlink: /home/aajaer/microros_ws/install/composition_interfaces/share/composition_interfaces/srv/UnloadNode_Request.msg
[6.288s] -- Up-to-date symlink: /home/aajaer/microros_ws/install/composition_interfaces/share/composition_interfaces/srv/UnloadNode_Response.msg
[6.291s] -- Up-to-date symlink: /home/aajaer/microros_ws/install/composition_interfaces/share/ament_index/resource_index/package_run_dependencies/composition_interfaces
[6.293s] -- Up-to-date symlink: /home/aajaer/microros_ws/install/composition_interfaces/share/ament_index/resource_index/parent_prefix_path/composition_interfaces
[6.294s] -- Up-to-date symlink: /home/aajaer/microros_ws/install/composition_interfaces/share/composition_interfaces/environment/ament_prefix_path.sh
[6.295s] -- Up-to-date symlink: /home/aajaer/microros_ws/install/composition_interfaces/share/composition_interfaces/environment/ament_prefix_path.dsv
[6.297s] -- Up-to-date symlink: /home/aajaer/microros_ws/install/composition_interfaces/share/composition_interfaces/environment/path.sh
[6.298s] -- Up-to-date symlink: /home/aajaer/microros_ws/install/composition_interfaces/share/composition_interfaces/environment/path.dsv
[6.300s] -- Up-to-date symlink: /home/aajaer/microros_ws/install/composition_interfaces/share/composition_interfaces/local_setup.bash
[6.302s] -- Up-to-date symlink: /home/aajaer/microros_ws/install/composition_interfaces/share/composition_interfaces/local_setup.sh
[6.306s] -- Up-to-date symlink: /home/aajaer/microros_ws/install/composition_interfaces/share/composition_interfaces/local_setup.zsh
[6.307s] -- Up-to-date symlink: /home/aajaer/microros_ws/install/composition_interfaces/share/composition_interfaces/local_setup.dsv
[6.308s] -- Symlinking: /home/aajaer/microros_ws/install/composition_interfaces/share/composition_interfaces/package.dsv
[6.349s] -- Up-to-date symlink: /home/aajaer/microros_ws/install/composition_interfaces/share/ament_index/resource_index/packages/composition_interfaces
[6.350s] -- Up-to-date symlink: /home/aajaer/microros_ws/install/composition_interfaces/share/composition_interfaces/cmake/rosidl_cmake-extras.cmake
[6.351s] -- Up-to-date symlink: /home/aajaer/microros_ws/install/composition_interfaces/share/composition_interfaces/cmake/ament_cmake_export_dependencies-extras.cmake
[6.352s] -- Up-to-date symlink: /home/aajaer/microros_ws/install/composition_interfaces/share/composition_interfaces/cmake/ament_cmake_export_include_directories-extras.cmake
[6.353s] -- Up-to-date symlink: /home/aajaer/microros_ws/install/composition_interfaces/share/composition_interfaces/cmake/ament_cmake_export_libraries-extras.cmake
[6.354s] -- Up-to-date symlink: /home/aajaer/microros_ws/install/composition_interfaces/share/composition_interfaces/cmake/ament_cmake_export_targets-extras.cmake
[6.355s] -- Up-to-date symlink: /home/aajaer/microros_ws/install/composition_interfaces/share/composition_interfaces/cmake/rosidl_cmake_export_typesupport_targets-extras.cmake
[6.356s] -- Up-to-date symlink: /home/aajaer/microros_ws/install/composition_interfaces/share/composition_interfaces/cmake/rosidl_cmake_export_typesupport_libraries-extras.cmake
[6.356s] -- Up-to-date symlink: /home/aajaer/microros_ws/install/composition_interfaces/share/composition_interfaces/cmake/composition_interfacesConfig.cmake
[6.357s] -- Up-to-date symlink: /home/aajaer/microros_ws/install/composition_interfaces/share/composition_interfaces/cmake/composition_interfacesConfig-version.cmake
[6.358s] -- Up-to-date symlink: /home/aajaer/microros_ws/install/composition_interfaces/share/composition_interfaces/package.xml
[6.360s] -- Up-to-date: /home/aajaer/microros_ws/install/composition_interfaces/lib/libcomposition_interfaces__rosidl_generator_c.so
[6.361s] -- Up-to-date: /home/aajaer/microros_ws/install/composition_interfaces/lib/libcomposition_interfaces__rosidl_typesupport_fastrtps_c.so
[6.363s] -- Up-to-date: /home/aajaer/microros_ws/install/composition_interfaces/lib/libcomposition_interfaces__rosidl_typesupport_introspection_c.so
[6.364s] -- Installing: /home/aajaer/microros_ws/install/composition_interfaces/lib/libcomposition_interfaces__rosidl_typesupport_c.so
[6.365s] -- Set runtime path of "/home/aajaer/microros_ws/install/composition_interfaces/lib/libcomposition_interfaces__rosidl_typesupport_c.so" to ""
[6.366s] -- Up-to-date: /home/aajaer/microros_ws/install/composition_interfaces/lib/libcomposition_interfaces__rosidl_typesupport_fastrtps_cpp.so
[6.368s] -- Up-to-date: /home/aajaer/microros_ws/install/composition_interfaces/lib/libcomposition_interfaces__rosidl_typesupport_introspection_cpp.so
[6.375s] -- Installing: /home/aajaer/microros_ws/install/composition_interfaces/lib/libcomposition_interfaces__rosidl_typesupport_cpp.so
[6.376s] -- Set runtime path of "/home/aajaer/microros_ws/install/composition_interfaces/lib/libcomposition_interfaces__rosidl_typesupport_cpp.so" to ""
[6.610s] Listing '/home/aajaer/microros_ws/install/composition_interfaces/local/lib/python3.10/dist-packages/composition_interfaces'...
[6.611s] Compiling '/home/aajaer/microros_ws/install/composition_interfaces/local/lib/python3.10/dist-packages/composition_interfaces/__init__.py'...
[6.611s] Listing '/home/aajaer/microros_ws/install/composition_interfaces/local/lib/python3.10/dist-packages/composition_interfaces/srv'...
[6.646s] -- Installing: /home/aajaer/microros_ws/install/composition_interfaces/lib/libcomposition_interfaces__rosidl_generator_py.so
[6.646s] -- Set runtime path of "/home/aajaer/microros_ws/install/composition_interfaces/lib/libcomposition_interfaces__rosidl_generator_py.so" to ""
[6.647s] -- Up-to-date: /home/aajaer/microros_ws/install/composition_interfaces/share/composition_interfaces/cmake/export_composition_interfaces__rosidl_generator_cExport.cmake
[6.647s] -- Up-to-date: /home/aajaer/microros_ws/install/composition_interfaces/share/composition_interfaces/cmake/export_composition_interfaces__rosidl_generator_cExport-noconfig.cmake
[6.648s] -- Up-to-date: /home/aajaer/microros_ws/install/composition_interfaces/share/composition_interfaces/cmake/export_composition_interfaces__rosidl_typesupport_fastrtps_cExport.cmake
[6.648s] -- Up-to-date: /home/aajaer/microros_ws/install/composition_interfaces/share/composition_interfaces/cmake/export_composition_interfaces__rosidl_typesupport_fastrtps_cExport-noconfig.cmake
[6.649s] -- Up-to-date: /home/aajaer/microros_ws/install/composition_interfaces/share/composition_interfaces/cmake/composition_interfaces__rosidl_typesupport_introspection_cExport.cmake
[6.650s] -- Up-to-date: /home/aajaer/microros_ws/install/composition_interfaces/share/composition_interfaces/cmake/composition_interfaces__rosidl_typesupport_introspection_cExport-noconfig.cmake
[6.650s] -- Up-to-date: /home/aajaer/microros_ws/install/composition_interfaces/share/composition_interfaces/cmake/composition_interfaces__rosidl_typesupport_cExport.cmake
[6.651s] -- Up-to-date: /home/aajaer/microros_ws/install/composition_interfaces/share/composition_interfaces/cmake/composition_interfaces__rosidl_typesupport_cExport-noconfig.cmake
[6.651s] -- Up-to-date: /home/aajaer/microros_ws/install/composition_interfaces/share/composition_interfaces/cmake/export_composition_interfaces__rosidl_generator_cppExport.cmake
[6.652s] -- Up-to-date: /home/aajaer/microros_ws/install/composition_interfaces/share/composition_interfaces/cmake/export_composition_interfaces__rosidl_typesupport_fastrtps_cppExport.cmake
[6.653s] -- Up-to-date: /home/aajaer/microros_ws/install/composition_interfaces/share/composition_interfaces/cmake/export_composition_interfaces__rosidl_typesupport_fastrtps_cppExport-noconfig.cmake
[6.653s] -- Up-to-date: /home/aajaer/microros_ws/install/composition_interfaces/share/composition_interfaces/cmake/composition_interfaces__rosidl_typesupport_introspection_cppExport.cmake
[6.654s] -- Up-to-date: /home/aajaer/microros_ws/install/composition_interfaces/share/composition_interfaces/cmake/composition_interfaces__rosidl_typesupport_introspection_cppExport-noconfig.cmake
[6.655s] -- Up-to-date: /home/aajaer/microros_ws/install/composition_interfaces/share/composition_interfaces/cmake/composition_interfaces__rosidl_typesupport_cppExport.cmake
[6.655s] -- Up-to-date: /home/aajaer/microros_ws/install/composition_interfaces/share/composition_interfaces/cmake/composition_interfaces__rosidl_typesupport_cppExport-noconfig.cmake
[6.656s] -- Up-to-date: /home/aajaer/microros_ws/install/composition_interfaces/share/composition_interfaces/cmake/export_composition_interfaces__rosidl_generator_pyExport.cmake
[6.657s] -- Up-to-date: /home/aajaer/microros_ws/install/composition_interfaces/share/composition_interfaces/cmake/export_composition_interfaces__rosidl_generator_pyExport-noconfig.cmake
[6.668s] Invoked command in '/home/aajaer/microros_ws/build/composition_interfaces' returned '0': AMENT_PREFIX_PATH=/home/aajaer/microros_ws/install/rcl_interfaces:/home/aajaer/microros_ws/install/builtin_interfaces:${AMENT_PREFIX_PATH} CMAKE_PREFIX_PATH=/home/aajaer/microros_ws/install/rcl_interfaces:/home/aajaer/microros_ws/install/builtin_interfaces:/opt/ros/humble:/opt/ros/humble LD_LIBRARY_PATH=/home/aajaer/microros_ws/install/rcl_interfaces/lib:/home/aajaer/microros_ws/install/builtin_interfaces/lib:/opt/ros/humble/opt/rviz_ogre_vendor/lib:/opt/ros/humble/lib/aarch64-linux-gnu:/opt/ros/humble/lib PYTHONPATH=/home/aajaer/microros_ws/install/rcl_interfaces/local/lib/python3.10/dist-packages:/home/aajaer/microros_ws/install/builtin_interfaces/local/lib/python3.10/dist-packages:${PYTHONPATH} /usr/bin/cmake --install /home/aajaer/microros_ws/build/composition_interfaces
