[0.063s] Invoking command in '/home/aajaer/microros_ws/build/unique_identifier_msgs': /usr/bin/cmake /home/aajaer/microros_ws/src/ros2/unique_identifier_msgs -DCMAKE_INSTALL_PREFIX=/home/aajaer/microros_ws/install/unique_identifier_msgs
[0.123s] -- Found ament_cmake: 1.3.11 (/opt/ros/humble/share/ament_cmake/cmake)
[0.416s] -- Override CMake install command with custom implementation using symlinks instead of copying resources
[0.441s] -- Found rosidl_default_generators: 1.2.0 (/opt/ros/humble/share/rosidl_default_generators/cmake)
[0.446s] -- Using all available rosidl_typesupport_c: rosidl_typesupport_fastrtps_c;rosidl_typesupport_introspection_c
[0.456s] -- Found rosidl_adapter: 3.1.6 (/opt/ros/humble/share/rosidl_adapter/cmake)
[0.526s] -- Using all available rosidl_typesupport_cpp: rosidl_typesupport_fastrtps_cpp;rosidl_typesupport_introspection_cpp
[1.169s] -- Found ament_cmake_ros: 0.10.0 (/opt/ros/humble/share/ament_cmake_ros/cmake)
[1.580s] -- Using all available rosidl_typesupport_c: rosidl_typesupport_fastrtps_c;rosidl_typesupport_introspection_c
[2.262s] -- Using all available rosidl_typesupport_cpp: rosidl_typesupport_fastrtps_cpp;rosidl_typesupport_introspection_cpp
[2.319s] -- Found python_cmake_module: 0.10.0 (/opt/ros/humble/share/python_cmake_module/cmake)
[2.387s] -- Using PYTHON_EXECUTABLE: /usr/bin/python3
[2.387s] -- Using PYTHON_INCLUDE_DIRS: /usr/include/python3.10
[2.388s] -- Using PYTHON_LIBRARIES: /usr/lib/aarch64-linux-gnu/libpython3.10.so
[2.430s] -- Found ament_lint_auto: 0.12.11 (/opt/ros/humble/share/ament_lint_auto/cmake)
[2.478s] -- Added test 'copyright' to check source files copyright and LICENSE
[2.500s] -- Added test 'lint_cmake' to check CMake code style
[2.507s] -- Added test 'xmllint' to check XML markup files
[2.519s] -- Configuring done
[2.630s] -- Generating done
[2.682s] -- Build files have been written to: /home/aajaer/microros_ws/build/unique_identifier_msgs
[2.711s] Invoked command in '/home/aajaer/microros_ws/build/unique_identifier_msgs' returned '0': /usr/bin/cmake /home/aajaer/microros_ws/src/ros2/unique_identifier_msgs -DCMAKE_INSTALL_PREFIX=/home/aajaer/microros_ws/install/unique_identifier_msgs
[2.714s] Invoking command in '/home/aajaer/microros_ws/build/unique_identifier_msgs': /usr/bin/cmake --build /home/aajaer/microros_ws/build/unique_identifier_msgs -- -j8 -l8
[2.922s] [35m[1mConsolidate compiler generated dependencies of target unique_identifier_msgs__rosidl_generator_c[0m
[2.957s] [  3%] Built target unique_identifier_msgs__cpp
[2.987s] [ 12%] Built target unique_identifier_msgs__rosidl_generator_c
[3.031s] [35m[1mConsolidate compiler generated dependencies of target unique_identifier_msgs__rosidl_typesupport_fastrtps_cpp[0m
[3.035s] [35m[1mConsolidate compiler generated dependencies of target unique_identifier_msgs__rosidl_typesupport_introspection_c[0m
[3.047s] [35m[1mConsolidate compiler generated dependencies of target unique_identifier_msgs__rosidl_typesupport_introspection_cpp[0m
[3.048s] [ 16%] [34m[1mGenerating C++ type support dispatch for ROS interfaces[0m
[3.048s] [ 16%] Built target ament_cmake_python_symlink_unique_identifier_msgs
[3.054s] [ 19%] [34m[1mGenerating C type support dispatch for ROS interfaces[0m
[3.078s] [35m[1mConsolidate compiler generated dependencies of target unique_identifier_msgs__rosidl_typesupport_fastrtps_c[0m
[3.127s] [ 29%] Built target unique_identifier_msgs__rosidl_typesupport_fastrtps_cpp
[3.166s] [ 38%] Built target unique_identifier_msgs__rosidl_typesupport_introspection_c
[3.178s] [ 58%] Built target unique_identifier_msgs__rosidl_typesupport_fastrtps_c
[3.186s] [ 48%] Built target unique_identifier_msgs__rosidl_typesupport_introspection_cpp
[3.859s] [35m[1mConsolidate compiler generated dependencies of target unique_identifier_msgs__rosidl_typesupport_cpp[0m
[3.941s] [ 61%] [32mBuilding CXX object CMakeFiles/unique_identifier_msgs__rosidl_typesupport_cpp.dir/rosidl_typesupport_cpp/unique_identifier_msgs/msg/uuid__type_support.cpp.o[0m
[4.118s] [35m[1mConsolidate compiler generated dependencies of target unique_identifier_msgs__rosidl_typesupport_c[0m
[4.199s] [ 64%] [32mBuilding CXX object CMakeFiles/unique_identifier_msgs__rosidl_typesupport_c.dir/rosidl_typesupport_c/unique_identifier_msgs/msg/uuid__type_support.cpp.o[0m
[4.350s] running egg_info
[4.356s] writing unique_identifier_msgs.egg-info/PKG-INFO
[4.360s] writing dependency_links to unique_identifier_msgs.egg-info/dependency_links.txt
[4.360s] writing top-level names to unique_identifier_msgs.egg-info/top_level.txt
[4.370s] reading manifest file 'unique_identifier_msgs.egg-info/SOURCES.txt'
[4.372s] writing manifest file 'unique_identifier_msgs.egg-info/SOURCES.txt'
[4.428s] [ 67%] [32m[1mLinking CXX shared library libunique_identifier_msgs__rosidl_typesupport_c.so[0m
[4.563s] [ 67%] Built target ament_cmake_python_build_unique_identifier_msgs_egg
[4.687s] [ 67%] Built target unique_identifier_msgs__rosidl_typesupport_c
[5.240s] [ 70%] [32m[1mLinking CXX shared library libunique_identifier_msgs__rosidl_typesupport_cpp.so[0m
[5.393s] [ 70%] Built target unique_identifier_msgs__rosidl_typesupport_cpp
[5.464s] [ 70%] Built target unique_identifier_msgs
[5.618s] [ 74%] Built target unique_identifier_msgs__py
[5.654s] [35m[1mConsolidate compiler generated dependencies of target unique_identifier_msgs__rosidl_generator_py[0m
[5.684s] [ 77%] [32m[1mLinking C shared library rosidl_generator_py/unique_identifier_msgs/libunique_identifier_msgs__rosidl_generator_py.so[0m
[5.767s] [ 80%] Built target unique_identifier_msgs__rosidl_generator_py
[5.790s] [35m[1mConsolidate compiler generated dependencies of target unique_identifier_msgs__rosidl_typesupport_fastrtps_c__pyext[0m
[5.791s] [35m[1mConsolidate compiler generated dependencies of target unique_identifier_msgs__rosidl_typesupport_introspection_c__pyext[0m
[5.813s] [ 83%] [32m[1mLinking C shared library rosidl_generator_py/unique_identifier_msgs/unique_identifier_msgs_s__rosidl_typesupport_fastrtps_c.cpython-310-aarch64-linux-gnu.so[0m
[5.813s] [ 87%] [32m[1mLinking C shared library rosidl_generator_py/unique_identifier_msgs/unique_identifier_msgs_s__rosidl_typesupport_introspection_c.cpython-310-aarch64-linux-gnu.so[0m
[5.816s] [35m[1mConsolidate compiler generated dependencies of target unique_identifier_msgs__rosidl_typesupport_c__pyext[0m
[5.850s] [ 90%] [32mBuilding C object CMakeFiles/unique_identifier_msgs__rosidl_typesupport_c__pyext.dir/rosidl_generator_py/unique_identifier_msgs/_unique_identifier_msgs_s.ep.rosidl_typesupport_c.c.o[0m
[5.911s] [ 96%] Built target unique_identifier_msgs__rosidl_typesupport_introspection_c__pyext
[5.912s] [ 96%] Built target unique_identifier_msgs__rosidl_typesupport_fastrtps_c__pyext
[6.186s] [100%] [32m[1mLinking C shared library rosidl_generator_py/unique_identifier_msgs/unique_identifier_msgs_s__rosidl_typesupport_c.cpython-310-aarch64-linux-gnu.so[0m
[6.281s] [100%] Built target unique_identifier_msgs__rosidl_typesupport_c__pyext
[6.319s] Invoked command in '/home/aajaer/microros_ws/build/unique_identifier_msgs' returned '0': /usr/bin/cmake --build /home/aajaer/microros_ws/build/unique_identifier_msgs -- -j8 -l8
[6.320s] Invoking command in '/home/aajaer/microros_ws/build/unique_identifier_msgs': /usr/bin/cmake --install /home/aajaer/microros_ws/build/unique_identifier_msgs
[6.338s] -- Install configuration: ""
[6.339s] -- Execute custom install script
[6.342s] -- Up-to-date symlink: /home/aajaer/microros_ws/install/unique_identifier_msgs/share/ament_index/resource_index/rosidl_interfaces/unique_identifier_msgs
[6.350s] -- Up-to-date symlink: /home/aajaer/microros_ws/install/unique_identifier_msgs/include/unique_identifier_msgs/unique_identifier_msgs/msg/detail/uuid__functions.h
[6.350s] -- Up-to-date symlink: /home/aajaer/microros_ws/install/unique_identifier_msgs/include/unique_identifier_msgs/unique_identifier_msgs/msg/detail/uuid__struct.h
[6.351s] -- Up-to-date symlink: /home/aajaer/microros_ws/install/unique_identifier_msgs/include/unique_identifier_msgs/unique_identifier_msgs/msg/detail/uuid__type_support.h
[6.351s] -- Up-to-date symlink: /home/aajaer/microros_ws/install/unique_identifier_msgs/include/unique_identifier_msgs/unique_identifier_msgs/msg/rosidl_generator_c__visibility_control.h
[6.351s] -- Up-to-date symlink: /home/aajaer/microros_ws/install/unique_identifier_msgs/include/unique_identifier_msgs/unique_identifier_msgs/msg/uuid.h
[6.352s] -- Up-to-date symlink: /home/aajaer/microros_ws/install/unique_identifier_msgs/share/unique_identifier_msgs/environment/library_path.sh
[6.352s] -- Up-to-date symlink: /home/aajaer/microros_ws/install/unique_identifier_msgs/share/unique_identifier_msgs/environment/library_path.dsv
[6.354s] -- Up-to-date symlink: /home/aajaer/microros_ws/install/unique_identifier_msgs/include/unique_identifier_msgs/unique_identifier_msgs/msg/detail/uuid__rosidl_typesupport_fastrtps_c.h
[6.354s] -- Up-to-date symlink: /home/aajaer/microros_ws/install/unique_identifier_msgs/include/unique_identifier_msgs/unique_identifier_msgs/msg/rosidl_typesupport_fastrtps_c__visibility_control.h
[6.355s] -- Up-to-date symlink: /home/aajaer/microros_ws/install/unique_identifier_msgs/include/unique_identifier_msgs/unique_identifier_msgs/msg/detail/uuid__rosidl_typesupport_introspection_c.h
[6.355s] -- Up-to-date symlink: /home/aajaer/microros_ws/install/unique_identifier_msgs/include/unique_identifier_msgs/unique_identifier_msgs/msg/rosidl_typesupport_introspection_c__visibility_control.h
[6.358s] -- Up-to-date symlink: /home/aajaer/microros_ws/install/unique_identifier_msgs/include/unique_identifier_msgs/unique_identifier_msgs/msg/detail/uuid__builder.hpp
[6.359s] -- Up-to-date symlink: /home/aajaer/microros_ws/install/unique_identifier_msgs/include/unique_identifier_msgs/unique_identifier_msgs/msg/detail/uuid__struct.hpp
[6.359s] -- Up-to-date symlink: /home/aajaer/microros_ws/install/unique_identifier_msgs/include/unique_identifier_msgs/unique_identifier_msgs/msg/detail/uuid__traits.hpp
[6.359s] -- Up-to-date symlink: /home/aajaer/microros_ws/install/unique_identifier_msgs/include/unique_identifier_msgs/unique_identifier_msgs/msg/detail/uuid__type_support.hpp
[6.361s] -- Up-to-date symlink: /home/aajaer/microros_ws/install/unique_identifier_msgs/include/unique_identifier_msgs/unique_identifier_msgs/msg/rosidl_generator_cpp__visibility_control.hpp
[6.362s] -- Up-to-date symlink: /home/aajaer/microros_ws/install/unique_identifier_msgs/include/unique_identifier_msgs/unique_identifier_msgs/msg/uuid.hpp
[6.374s] -- Up-to-date symlink: /home/aajaer/microros_ws/install/unique_identifier_msgs/include/unique_identifier_msgs/unique_identifier_msgs/msg/detail/uuid__rosidl_typesupport_fastrtps_cpp.hpp
[6.374s] -- Up-to-date symlink: /home/aajaer/microros_ws/install/unique_identifier_msgs/include/unique_identifier_msgs/unique_identifier_msgs/msg/rosidl_typesupport_fastrtps_cpp__visibility_control.h
[6.375s] -- Up-to-date symlink: /home/aajaer/microros_ws/install/unique_identifier_msgs/include/unique_identifier_msgs/unique_identifier_msgs/msg/detail/uuid__rosidl_typesupport_introspection_cpp.hpp
[6.376s] -- Up-to-date symlink: /home/aajaer/microros_ws/install/unique_identifier_msgs/share/unique_identifier_msgs/environment/pythonpath.sh
[6.376s] -- Up-to-date symlink: /home/aajaer/microros_ws/install/unique_identifier_msgs/share/unique_identifier_msgs/environment/pythonpath.dsv
[6.377s] -- Up-to-date symlink: /home/aajaer/microros_ws/install/unique_identifier_msgs/local/lib/python3.10/dist-packages/unique_identifier_msgs-2.2.1-py3.10.egg-info/PKG-INFO
[6.377s] -- Up-to-date symlink: /home/aajaer/microros_ws/install/unique_identifier_msgs/local/lib/python3.10/dist-packages/unique_identifier_msgs-2.2.1-py3.10.egg-info/SOURCES.txt
[6.378s] -- Up-to-date symlink: /home/aajaer/microros_ws/install/unique_identifier_msgs/local/lib/python3.10/dist-packages/unique_identifier_msgs-2.2.1-py3.10.egg-info/dependency_links.txt
[6.379s] -- Up-to-date symlink: /home/aajaer/microros_ws/install/unique_identifier_msgs/local/lib/python3.10/dist-packages/unique_identifier_msgs-2.2.1-py3.10.egg-info/top_level.txt
[6.380s] -- Up-to-date symlink: /home/aajaer/microros_ws/install/unique_identifier_msgs/local/lib/python3.10/dist-packages/unique_identifier_msgs/__init__.py
[6.384s] -- Up-to-date symlink: /home/aajaer/microros_ws/install/unique_identifier_msgs/local/lib/python3.10/dist-packages/unique_identifier_msgs/_unique_identifier_msgs_s.ep.rosidl_typesupport_c.c
[6.384s] -- Up-to-date symlink: /home/aajaer/microros_ws/install/unique_identifier_msgs/local/lib/python3.10/dist-packages/unique_identifier_msgs/_unique_identifier_msgs_s.ep.rosidl_typesupport_fastrtps_c.c
[6.384s] -- Up-to-date symlink: /home/aajaer/microros_ws/install/unique_identifier_msgs/local/lib/python3.10/dist-packages/unique_identifier_msgs/_unique_identifier_msgs_s.ep.rosidl_typesupport_introspection_c.c
[6.385s] -- Up-to-date symlink: /home/aajaer/microros_ws/install/unique_identifier_msgs/local/lib/python3.10/dist-packages/unique_identifier_msgs/_unique_identifier_msgs_s.ep.rosidl_typesupport_microxrcedds_c.c
[6.385s] -- Up-to-date symlink: /home/aajaer/microros_ws/install/unique_identifier_msgs/local/lib/python3.10/dist-packages/unique_identifier_msgs/libunique_identifier_msgs__rosidl_generator_py.so
[6.386s] -- Up-to-date symlink: /home/aajaer/microros_ws/install/unique_identifier_msgs/local/lib/python3.10/dist-packages/unique_identifier_msgs/msg/__init__.py
[6.386s] -- Up-to-date symlink: /home/aajaer/microros_ws/install/unique_identifier_msgs/local/lib/python3.10/dist-packages/unique_identifier_msgs/msg/_uuid.py
[6.386s] -- Up-to-date symlink: /home/aajaer/microros_ws/install/unique_identifier_msgs/local/lib/python3.10/dist-packages/unique_identifier_msgs/msg/_uuid_s.c
[6.387s] -- Up-to-date symlink: /home/aajaer/microros_ws/install/unique_identifier_msgs/local/lib/python3.10/dist-packages/unique_identifier_msgs/unique_identifier_msgs_s__rosidl_typesupport_c.cpython-310-aarch64-linux-gnu.so
[6.387s] -- Up-to-date symlink: /home/aajaer/microros_ws/install/unique_identifier_msgs/local/lib/python3.10/dist-packages/unique_identifier_msgs/unique_identifier_msgs_s__rosidl_typesupport_fastrtps_c.cpython-310-aarch64-linux-gnu.so
[6.388s] -- Up-to-date symlink: /home/aajaer/microros_ws/install/unique_identifier_msgs/local/lib/python3.10/dist-packages/unique_identifier_msgs/unique_identifier_msgs_s__rosidl_typesupport_introspection_c.cpython-310-aarch64-linux-gnu.so
[6.388s] -- Up-to-date symlink: /home/aajaer/microros_ws/install/unique_identifier_msgs/local/lib/python3.10/dist-packages/unique_identifier_msgs/unique_identifier_msgs_s__rosidl_typesupport_microxrcedds_c.cpython-310-aarch64-linux-gnu.so
[6.389s] -- Up-to-date symlink: /home/aajaer/microros_ws/install/unique_identifier_msgs/local/lib/python3.10/dist-packages/unique_identifier_msgs/unique_identifier_msgs_s__rosidl_typesupport_fastrtps_c.cpython-310-aarch64-linux-gnu.so
[6.392s] -- Up-to-date symlink: /home/aajaer/microros_ws/install/unique_identifier_msgs/local/lib/python3.10/dist-packages/unique_identifier_msgs/unique_identifier_msgs_s__rosidl_typesupport_introspection_c.cpython-310-aarch64-linux-gnu.so
[6.393s] -- Up-to-date symlink: /home/aajaer/microros_ws/install/unique_identifier_msgs/local/lib/python3.10/dist-packages/unique_identifier_msgs/unique_identifier_msgs_s__rosidl_typesupport_c.cpython-310-aarch64-linux-gnu.so
[6.401s] -- Up-to-date symlink: /home/aajaer/microros_ws/install/unique_identifier_msgs/share/unique_identifier_msgs/msg/UUID.idl
[6.402s] -- Up-to-date symlink: /home/aajaer/microros_ws/install/unique_identifier_msgs/share/unique_identifier_msgs/msg/UUID.msg
[6.403s] -- Up-to-date symlink: /home/aajaer/microros_ws/install/unique_identifier_msgs/share/ament_index/resource_index/package_run_dependencies/unique_identifier_msgs
[6.403s] -- Up-to-date symlink: /home/aajaer/microros_ws/install/unique_identifier_msgs/share/ament_index/resource_index/parent_prefix_path/unique_identifier_msgs
[6.404s] -- Up-to-date symlink: /home/aajaer/microros_ws/install/unique_identifier_msgs/share/unique_identifier_msgs/environment/ament_prefix_path.sh
[6.404s] -- Up-to-date symlink: /home/aajaer/microros_ws/install/unique_identifier_msgs/share/unique_identifier_msgs/environment/ament_prefix_path.dsv
[6.405s] -- Up-to-date symlink: /home/aajaer/microros_ws/install/unique_identifier_msgs/share/unique_identifier_msgs/environment/path.sh
[6.406s] -- Up-to-date symlink: /home/aajaer/microros_ws/install/unique_identifier_msgs/share/unique_identifier_msgs/environment/path.dsv
[6.406s] -- Up-to-date symlink: /home/aajaer/microros_ws/install/unique_identifier_msgs/share/unique_identifier_msgs/local_setup.bash
[6.406s] -- Up-to-date symlink: /home/aajaer/microros_ws/install/unique_identifier_msgs/share/unique_identifier_msgs/local_setup.sh
[6.406s] -- Up-to-date symlink: /home/aajaer/microros_ws/install/unique_identifier_msgs/share/unique_identifier_msgs/local_setup.zsh
[6.407s] -- Up-to-date symlink: /home/aajaer/microros_ws/install/unique_identifier_msgs/share/unique_identifier_msgs/local_setup.dsv
[6.407s] -- Symlinking: /home/aajaer/microros_ws/install/unique_identifier_msgs/share/unique_identifier_msgs/package.dsv
[6.440s] -- Up-to-date symlink: /home/aajaer/microros_ws/install/unique_identifier_msgs/share/ament_index/resource_index/packages/unique_identifier_msgs
[6.440s] -- Up-to-date symlink: /home/aajaer/microros_ws/install/unique_identifier_msgs/share/unique_identifier_msgs/cmake/rosidl_cmake-extras.cmake
[6.441s] -- Up-to-date symlink: /home/aajaer/microros_ws/install/unique_identifier_msgs/share/unique_identifier_msgs/cmake/ament_cmake_export_include_directories-extras.cmake
[6.441s] -- Up-to-date symlink: /home/aajaer/microros_ws/install/unique_identifier_msgs/share/unique_identifier_msgs/cmake/ament_cmake_export_libraries-extras.cmake
[6.442s] -- Up-to-date symlink: /home/aajaer/microros_ws/install/unique_identifier_msgs/share/unique_identifier_msgs/cmake/ament_cmake_export_targets-extras.cmake
[6.443s] -- Up-to-date symlink: /home/aajaer/microros_ws/install/unique_identifier_msgs/share/unique_identifier_msgs/cmake/rosidl_cmake_export_typesupport_targets-extras.cmake
[6.443s] -- Up-to-date symlink: /home/aajaer/microros_ws/install/unique_identifier_msgs/share/unique_identifier_msgs/cmake/ament_cmake_export_dependencies-extras.cmake
[6.444s] -- Up-to-date symlink: /home/aajaer/microros_ws/install/unique_identifier_msgs/share/unique_identifier_msgs/cmake/rosidl_cmake_export_typesupport_libraries-extras.cmake
[6.444s] -- Up-to-date symlink: /home/aajaer/microros_ws/install/unique_identifier_msgs/share/unique_identifier_msgs/cmake/unique_identifier_msgsConfig.cmake
[6.445s] -- Up-to-date symlink: /home/aajaer/microros_ws/install/unique_identifier_msgs/share/unique_identifier_msgs/cmake/unique_identifier_msgsConfig-version.cmake
[6.445s] -- Up-to-date symlink: /home/aajaer/microros_ws/install/unique_identifier_msgs/share/unique_identifier_msgs/package.xml
[6.445s] -- Up-to-date symlink: /home/aajaer/microros_ws/install/unique_identifier_msgs/share/unique_identifier_msgs/mapping_rules.yaml
[6.446s] -- Up-to-date: /home/aajaer/microros_ws/install/unique_identifier_msgs/lib/libunique_identifier_msgs__rosidl_generator_c.so
[6.447s] -- Up-to-date: /home/aajaer/microros_ws/install/unique_identifier_msgs/lib/libunique_identifier_msgs__rosidl_typesupport_fastrtps_c.so
[6.447s] -- Up-to-date: /home/aajaer/microros_ws/install/unique_identifier_msgs/lib/libunique_identifier_msgs__rosidl_typesupport_introspection_c.so
[6.448s] -- Installing: /home/aajaer/microros_ws/install/unique_identifier_msgs/lib/libunique_identifier_msgs__rosidl_typesupport_c.so
[6.449s] -- Set runtime path of "/home/aajaer/microros_ws/install/unique_identifier_msgs/lib/libunique_identifier_msgs__rosidl_typesupport_c.so" to ""
[6.449s] -- Up-to-date: /home/aajaer/microros_ws/install/unique_identifier_msgs/lib/libunique_identifier_msgs__rosidl_typesupport_fastrtps_cpp.so
[6.450s] -- Up-to-date: /home/aajaer/microros_ws/install/unique_identifier_msgs/lib/libunique_identifier_msgs__rosidl_typesupport_introspection_cpp.so
[6.454s] -- Installing: /home/aajaer/microros_ws/install/unique_identifier_msgs/lib/libunique_identifier_msgs__rosidl_typesupport_cpp.so
[6.455s] -- Set runtime path of "/home/aajaer/microros_ws/install/unique_identifier_msgs/lib/libunique_identifier_msgs__rosidl_typesupport_cpp.so" to ""
[6.658s] Listing '/home/aajaer/microros_ws/install/unique_identifier_msgs/local/lib/python3.10/dist-packages/unique_identifier_msgs'...
[6.658s] Compiling '/home/aajaer/microros_ws/install/unique_identifier_msgs/local/lib/python3.10/dist-packages/unique_identifier_msgs/__init__.py'...
[6.658s] Listing '/home/aajaer/microros_ws/install/unique_identifier_msgs/local/lib/python3.10/dist-packages/unique_identifier_msgs/msg'...
[6.706s] -- Installing: /home/aajaer/microros_ws/install/unique_identifier_msgs/lib/libunique_identifier_msgs__rosidl_generator_py.so
[6.706s] -- Set runtime path of "/home/aajaer/microros_ws/install/unique_identifier_msgs/lib/libunique_identifier_msgs__rosidl_generator_py.so" to ""
[6.706s] -- Up-to-date: /home/aajaer/microros_ws/install/unique_identifier_msgs/share/unique_identifier_msgs/cmake/export_unique_identifier_msgs__rosidl_generator_cExport.cmake
[6.706s] -- Up-to-date: /home/aajaer/microros_ws/install/unique_identifier_msgs/share/unique_identifier_msgs/cmake/export_unique_identifier_msgs__rosidl_generator_cExport-noconfig.cmake
[6.707s] -- Up-to-date: /home/aajaer/microros_ws/install/unique_identifier_msgs/share/unique_identifier_msgs/cmake/export_unique_identifier_msgs__rosidl_typesupport_fastrtps_cExport.cmake
[6.707s] -- Up-to-date: /home/aajaer/microros_ws/install/unique_identifier_msgs/share/unique_identifier_msgs/cmake/export_unique_identifier_msgs__rosidl_typesupport_fastrtps_cExport-noconfig.cmake
[6.707s] -- Up-to-date: /home/aajaer/microros_ws/install/unique_identifier_msgs/share/unique_identifier_msgs/cmake/unique_identifier_msgs__rosidl_typesupport_introspection_cExport.cmake
[6.707s] -- Up-to-date: /home/aajaer/microros_ws/install/unique_identifier_msgs/share/unique_identifier_msgs/cmake/unique_identifier_msgs__rosidl_typesupport_introspection_cExport-noconfig.cmake
[6.708s] -- Up-to-date: /home/aajaer/microros_ws/install/unique_identifier_msgs/share/unique_identifier_msgs/cmake/unique_identifier_msgs__rosidl_typesupport_cExport.cmake
[6.708s] -- Up-to-date: /home/aajaer/microros_ws/install/unique_identifier_msgs/share/unique_identifier_msgs/cmake/unique_identifier_msgs__rosidl_typesupport_cExport-noconfig.cmake
[6.709s] -- Up-to-date: /home/aajaer/microros_ws/install/unique_identifier_msgs/share/unique_identifier_msgs/cmake/export_unique_identifier_msgs__rosidl_generator_cppExport.cmake
[6.709s] -- Up-to-date: /home/aajaer/microros_ws/install/unique_identifier_msgs/share/unique_identifier_msgs/cmake/export_unique_identifier_msgs__rosidl_typesupport_fastrtps_cppExport.cmake
[6.709s] -- Up-to-date: /home/aajaer/microros_ws/install/unique_identifier_msgs/share/unique_identifier_msgs/cmake/export_unique_identifier_msgs__rosidl_typesupport_fastrtps_cppExport-noconfig.cmake
[6.709s] -- Up-to-date: /home/aajaer/microros_ws/install/unique_identifier_msgs/share/unique_identifier_msgs/cmake/unique_identifier_msgs__rosidl_typesupport_introspection_cppExport.cmake
[6.710s] -- Up-to-date: /home/aajaer/microros_ws/install/unique_identifier_msgs/share/unique_identifier_msgs/cmake/unique_identifier_msgs__rosidl_typesupport_introspection_cppExport-noconfig.cmake
[6.710s] -- Up-to-date: /home/aajaer/microros_ws/install/unique_identifier_msgs/share/unique_identifier_msgs/cmake/unique_identifier_msgs__rosidl_typesupport_cppExport.cmake
[6.710s] -- Up-to-date: /home/aajaer/microros_ws/install/unique_identifier_msgs/share/unique_identifier_msgs/cmake/unique_identifier_msgs__rosidl_typesupport_cppExport-noconfig.cmake
[6.711s] -- Up-to-date: /home/aajaer/microros_ws/install/unique_identifier_msgs/share/unique_identifier_msgs/cmake/export_unique_identifier_msgs__rosidl_generator_pyExport.cmake
[6.711s] -- Up-to-date: /home/aajaer/microros_ws/install/unique_identifier_msgs/share/unique_identifier_msgs/cmake/export_unique_identifier_msgs__rosidl_generator_pyExport-noconfig.cmake
[6.719s] Invoked command in '/home/aajaer/microros_ws/build/unique_identifier_msgs' returned '0': /usr/bin/cmake --install /home/aajaer/microros_ws/build/unique_identifier_msgs
