/home/aajaer/microros_ws/install/motor_control_pkg/lib/python3.10/site-packages/motor_control_pkg/scan_filter_node.py
/home/aajaer/microros_ws/install/motor_control_pkg/lib/python3.10/site-packages/motor_control_pkg/lidar_motor_control.py
/home/aajaer/microros_ws/install/motor_control_pkg/lib/python3.10/site-packages/motor_control_pkg/__init__.py
/home/aajaer/microros_ws/install/motor_control_pkg/lib/python3.10/site-packages/motor_control_pkg/__pycache__/scan_filter_node.cpython-310.pyc
/home/aajaer/microros_ws/install/motor_control_pkg/lib/python3.10/site-packages/motor_control_pkg/__pycache__/lidar_motor_control.cpython-310.pyc
/home/aajaer/microros_ws/install/motor_control_pkg/lib/python3.10/site-packages/motor_control_pkg/__pycache__/__init__.cpython-310.pyc
/home/aajaer/microros_ws/install/motor_control_pkg/share/ament_index/resource_index/packages/motor_control_pkg
/home/aajaer/microros_ws/install/motor_control_pkg/share/motor_control_pkg/package.xml
/home/aajaer/microros_ws/install/motor_control_pkg/share/motor_control_pkg/launch/motor_control_launch.py
/home/aajaer/microros_ws/install/motor_control_pkg/share/motor_control_pkg/launch/slam_launch.py
/home/aajaer/microros_ws/install/motor_control_pkg/share/motor_control_pkg/config/backpack_2d.lua
/home/aajaer/microros_ws/install/motor_control_pkg/lib/python3.10/site-packages/motor_control_pkg-0.0.0-py3.10.egg-info/requires.txt
/home/aajaer/microros_ws/install/motor_control_pkg/lib/python3.10/site-packages/motor_control_pkg-0.0.0-py3.10.egg-info/zip-safe
/home/aajaer/microros_ws/install/motor_control_pkg/lib/python3.10/site-packages/motor_control_pkg-0.0.0-py3.10.egg-info/dependency_links.txt
/home/aajaer/microros_ws/install/motor_control_pkg/lib/python3.10/site-packages/motor_control_pkg-0.0.0-py3.10.egg-info/PKG-INFO
/home/aajaer/microros_ws/install/motor_control_pkg/lib/python3.10/site-packages/motor_control_pkg-0.0.0-py3.10.egg-info/SOURCES.txt
/home/aajaer/microros_ws/install/motor_control_pkg/lib/python3.10/site-packages/motor_control_pkg-0.0.0-py3.10.egg-info/top_level.txt
/home/aajaer/microros_ws/install/motor_control_pkg/lib/python3.10/site-packages/motor_control_pkg-0.0.0-py3.10.egg-info/entry_points.txt
/home/aajaer/microros_ws/install/motor_control_pkg/lib/motor_control_pkg/lidar_motor_control
/home/aajaer/microros_ws/install/motor_control_pkg/lib/motor_control_pkg/scan_filter_node
