[0.049s] Invoking command in '/home/aajaer/microros_ws/build/micro_ros_utilities': /usr/bin/cmake /home/aajaer/microros_ws/src/uros/micro_ros_utilities -DAMENT_CMAKE_SYMLINK_INSTALL=1 -DCMAKE_INSTALL_PREFIX=/home/aajaer/microros_ws/install/micro_ros_utilities
[0.192s] -- The C compiler identification is GNU 11.4.0
[0.326s] -- The CXX compiler identification is GNU 11.4.0
[0.341s] -- Detecting C compiler ABI info
[0.506s] -- Detecting C compiler ABI info - done
[0.514s] -- Check for working C compiler: /usr/bin/cc - skipped
[0.516s] -- Detecting C compile features
[0.517s] -- Detecting C compile features - done
[0.528s] -- Detecting CXX compiler ABI info
[0.758s] -- Detecting CXX compiler ABI info - done
[0.766s] -- Check for working CXX compiler: /usr/bin/c++ - skipped
[0.767s] -- Detecting CXX compile features
[0.769s] -- Detecting CXX compile features - done
[0.782s] -- Found ament_cmake: 1.3.11 (/opt/ros/humble/share/ament_cmake/cmake)
[1.162s] -- Found Python3: /usr/bin/python3 (found version "3.10.12") found components: Interpreter 
[1.338s] -- Override CMake install command with custom implementation using symlinks instead of copying resources
[1.380s] -- Found rosidl_typesupport_introspection_c: 3.1.6 (/opt/ros/humble/share/rosidl_typesupport_introspection_c/cmake)
[1.390s] -- Found rosidl_adapter: 3.1.6 (/opt/ros/humble/share/rosidl_adapter/cmake)
[1.446s] -- Found ament_lint_auto: 0.12.11 (/opt/ros/humble/share/ament_lint_auto/cmake)
[1.449s] -- Found ament_cmake_gtest: 1.3.11 (/opt/ros/humble/share/ament_cmake_gtest/cmake)
[1.453s] -- Found std_msgs: 4.2.4 (/opt/ros/humble/share/std_msgs/cmake)
[1.499s] -- Found rosidl_generator_cpp: 3.1.6 (/opt/ros/humble/share/rosidl_generator_cpp/cmake)
[1.532s] -- Using all available rosidl_typesupport_c: rosidl_typesupport_fastrtps_c;rosidl_typesupport_introspection_c
[1.561s] -- Using all available rosidl_typesupport_cpp: rosidl_typesupport_fastrtps_cpp;rosidl_typesupport_introspection_cpp
[1.667s] -- Found trajectory_msgs: 4.2.4 (/opt/ros/humble/share/trajectory_msgs/cmake)
[1.927s] -- Found gtest sources under '/opt/ros/humble/src/gtest_vendor': C++ tests using 'Google Test' will be built
[1.934s] -- Looking for pthread.h
[2.178s] -- Looking for pthread.h - found
[2.178s] -- Performing Test CMAKE_HAVE_LIBC_PTHREAD
[2.368s] -- Performing Test CMAKE_HAVE_LIBC_PTHREAD - Success
[2.370s] -- Found Threads: TRUE  
[2.392s] -- Added test 'cppcheck' to perform static code analysis on C / C++ code
[2.393s] -- Configured cppcheck include dirs: $<BUILD_INTERFACE:/home/aajaer/microros_ws/src/uros/micro_ros_utilities/include>;$<BUILD_INTERFACE:/home/aajaer/microros_ws/src/uros/micro_ros_utilities/src>;/home/aajaer/microros_ws/src/uros/micro_ros_utilities/include;/home/aajaer/microros_ws/src/uros/micro_ros_utilities/src
[2.393s] -- Configured cppcheck exclude dirs and/or files: 
[2.401s] -- Added test 'cpplint' to check C / C++ code against the Google style
[2.401s] -- Configured cpplint exclude dirs and/or files: 
[2.405s] -- Added test 'lint_cmake' to check CMake code style
[2.416s] -- Added test 'uncrustify' to check C / C++ code style
[2.416s] -- Configured uncrustify additional arguments: 
[2.419s] -- Added test 'xmllint' to check XML markup files
[2.427s] -- Configuring done
[2.456s] -- Generating done
[2.465s] -- Build files have been written to: /home/aajaer/microros_ws/build/micro_ros_utilities
[2.506s] Invoked command in '/home/aajaer/microros_ws/build/micro_ros_utilities' returned '0': /usr/bin/cmake /home/aajaer/microros_ws/src/uros/micro_ros_utilities -DAMENT_CMAKE_SYMLINK_INSTALL=1 -DCMAKE_INSTALL_PREFIX=/home/aajaer/microros_ws/install/micro_ros_utilities
[2.507s] Invoking command in '/home/aajaer/microros_ws/build/micro_ros_utilities': /usr/bin/cmake --build /home/aajaer/microros_ws/build/micro_ros_utilities -- -j8 -l8
[3.389s] [ 10%] [32mBuilding C object CMakeFiles/micro_ros_utilities.dir/src/type_utilities.c.o[0m
[3.389s] [ 20%] [32mBuilding C object CMakeFiles/micro_ros_utilities.dir/src/string_utilities.c.o[0m
[3.389s] [ 30%] [32mBuilding CXX object gtest/CMakeFiles/gtest_main.dir/src/gtest_main.cc.o[0m
[3.390s] [ 40%] [32mBuilding CXX object gtest/CMakeFiles/gtest.dir/src/gtest-all.cc.o[0m
[3.390s] [ 50%] [32m[1mLinking C static library libmicro_ros_utilities.a[0m
[3.390s] [ 50%] Built target micro_ros_utilities
[5.684s] [ 60%] [32m[1mLinking CXX static library libgtest_main.a[0m
[6.046s] [ 60%] Built target gtest_main
[18.428s] [ 70%] [32m[1mLinking CXX static library libgtest.a[0m
[18.697s] [ 70%] Built target gtest
[18.739s] [ 80%] [32mBuilding CXX object CMakeFiles/micro_ros_utilities_test.dir/test/micro_ros_utilities/test_memory.cpp.o[0m
[22.053s] [ 90%] [32mBuilding CXX object CMakeFiles/micro_ros_utilities_test.dir/test/micro_ros_utilities/test_string.cpp.o[0m
[24.756s] [100%] [32m[1mLinking CXX executable micro_ros_utilities_test[0m
[25.142s] [100%] Built target micro_ros_utilities_test
[25.184s] Invoked command in '/home/aajaer/microros_ws/build/micro_ros_utilities' returned '0': /usr/bin/cmake --build /home/aajaer/microros_ws/build/micro_ros_utilities -- -j8 -l8
[25.186s] Invoking command in '/home/aajaer/microros_ws/build/micro_ros_utilities': /usr/bin/cmake --install /home/aajaer/microros_ws/build/micro_ros_utilities
[26.528s] -- Install configuration: ""
[26.528s] -- Execute custom install script
[26.528s] -- Symlinking: /home/aajaer/microros_ws/install/micro_ros_utilities/include/micro_ros_utilities/string_utilities.h
[26.529s] -- Symlinking: /home/aajaer/microros_ws/install/micro_ros_utilities/include/micro_ros_utilities/type_utilities.h
[26.529s] -- Symlinking: /home/aajaer/microros_ws/install/micro_ros_utilities/include/micro_ros_utilities/visibility_control.h
[26.529s] -- Symlinking: /home/aajaer/microros_ws/install/micro_ros_utilities/lib/libmicro_ros_utilities.a
[26.529s] -- Symlinking: /home/aajaer/microros_ws/install/micro_ros_utilities/share/micro_ros_utilities/environment/library_path.sh
[26.529s] -- Symlinking: /home/aajaer/microros_ws/install/micro_ros_utilities/share/micro_ros_utilities/environment/library_path.dsv
[26.529s] -- Symlinking: /home/aajaer/microros_ws/install/micro_ros_utilities/share/ament_index/resource_index/package_run_dependencies/micro_ros_utilities
[26.529s] -- Symlinking: /home/aajaer/microros_ws/install/micro_ros_utilities/share/ament_index/resource_index/parent_prefix_path/micro_ros_utilities
[26.529s] -- Symlinking: /home/aajaer/microros_ws/install/micro_ros_utilities/share/micro_ros_utilities/environment/ament_prefix_path.sh
[26.530s] -- Symlinking: /home/aajaer/microros_ws/install/micro_ros_utilities/share/micro_ros_utilities/environment/ament_prefix_path.dsv
[26.530s] -- Symlinking: /home/aajaer/microros_ws/install/micro_ros_utilities/share/micro_ros_utilities/environment/path.sh
[26.530s] -- Symlinking: /home/aajaer/microros_ws/install/micro_ros_utilities/share/micro_ros_utilities/environment/path.dsv
[26.530s] -- Symlinking: /home/aajaer/microros_ws/install/micro_ros_utilities/share/micro_ros_utilities/local_setup.bash
[26.530s] -- Symlinking: /home/aajaer/microros_ws/install/micro_ros_utilities/share/micro_ros_utilities/local_setup.sh
[26.530s] -- Symlinking: /home/aajaer/microros_ws/install/micro_ros_utilities/share/micro_ros_utilities/local_setup.zsh
[26.530s] -- Symlinking: /home/aajaer/microros_ws/install/micro_ros_utilities/share/micro_ros_utilities/local_setup.dsv
[26.530s] -- Symlinking: /home/aajaer/microros_ws/install/micro_ros_utilities/share/micro_ros_utilities/package.dsv
[26.530s] -- Symlinking: /home/aajaer/microros_ws/install/micro_ros_utilities/share/ament_index/resource_index/packages/micro_ros_utilities
[26.531s] -- Symlinking: /home/aajaer/microros_ws/install/micro_ros_utilities/share/micro_ros_utilities/cmake/ament_cmake_export_include_directories-extras.cmake
[26.531s] -- Symlinking: /home/aajaer/microros_ws/install/micro_ros_utilities/share/micro_ros_utilities/cmake/ament_cmake_export_libraries-extras.cmake
[26.531s] -- Symlinking: /home/aajaer/microros_ws/install/micro_ros_utilities/share/micro_ros_utilities/cmake/ament_cmake_export_dependencies-extras.cmake
[26.531s] -- Symlinking: /home/aajaer/microros_ws/install/micro_ros_utilities/share/micro_ros_utilities/cmake/micro_ros_utilitiesConfig.cmake
[26.531s] -- Symlinking: /home/aajaer/microros_ws/install/micro_ros_utilities/share/micro_ros_utilities/cmake/micro_ros_utilitiesConfig-version.cmake
[26.531s] -- Symlinking: /home/aajaer/microros_ws/install/micro_ros_utilities/share/micro_ros_utilities/package.xml
[26.559s] Invoked command in '/home/aajaer/microros_ws/build/micro_ros_utilities' returned '0': /usr/bin/cmake --install /home/aajaer/microros_ws/build/micro_ros_utilities
