[0.228s] Invoking command in '/home/aajaer/microros_ws/build/action_msgs': CMAKE_PREFIX_PATH=/home/aajaer/microros_ws/install/unique_identifier_msgs:/home/aajaer/microros_ws/install/builtin_interfaces:/home/aajaer/microros_ws/install/micro_ros_demos_rclc:/home/aajaer/microros_ws/install/common_interfaces:/home/aajaer/microros_ws/install/visualization_msgs:/home/aajaer/microros_ws/install/test_msgs:/home/aajaer/microros_ws/install/example_interfaces:/home/aajaer/microros_ws/install/action_msgs:/home/aajaer/microros_ws/install/trajectory_msgs:/home/aajaer/microros_ws/install/stereo_msgs:/home/aajaer/microros_ws/install/sllidar_ros2:/home/aajaer/microros_ws/install/std_srvs:/home/aajaer/microros_ws/install/shape_msgs:/home/aajaer/microros_ws/install/sensor_msgs:/home/aajaer/microros_ws/install/nav_msgs:/home/aajaer/microros_ws/install/diagnostic_msgs:/home/aajaer/microros_ws/install/geometry_msgs:/home/aajaer/microros_ws/install/actionlib_msgs:/home/aajaer/microros_ws/install/std_msgs:/home/aajaer/microros_ws/install/statistics_msgs:/home/aajaer/microros_ws/install/rosidl_typesupport_microxrcedds_test_msg:/home/aajaer/microros_ws/install/rosidl_typesupport_microxrcedds_cpp_tests:/home/aajaer/microros_ws/install/rmw_microxrcedds:/home/aajaer/microros_ws/install/rosidl_typesupport_microxrcedds_cpp:/home/aajaer/microros_ws/install/rosidl_typesupport_microxrcedds_c_tests:/home/aajaer/microros_ws/install/rosidl_typesupport_microxrcedds_c:/home/aajaer/microros_ws/install/rosgraph_msgs:/home/aajaer/microros_ws/install/rclc_parameter:/home/aajaer/microros_ws/install/rclc:/home/aajaer/microros_ws/install/composition_interfaces:/home/aajaer/microros_ws/install/rcl_interfaces:/home/aajaer/microros_ws/install/microxrcedds_client:/home/aajaer/microros_ws/install/microcdr:/home/aajaer/microros_ws/install/micro_ros_utilities:/home/aajaer/microros_ws/install/micro_ros_setup:/home/aajaer/microros_ws/install/micro_ros_agent:/home/aajaer/microros_ws/install/micro_ros_msgs:/home/aajaer/microros_ws/install/lifecycle_msgs:/home/aajaer/microros_ws/install/complex_msgs:/opt/ros/humble:/opt/ros/humble:/home/aajaer/microros_ws/install/sensor_msgs_py:/home/aajaer/microros_ws/install/motor_control_pkg LD_LIBRARY_PATH=/home/aajaer/microros_ws/install/unique_identifier_msgs/lib:/home/aajaer/microros_ws/install/builtin_interfaces/lib:/home/aajaer/microros_ws/install/visualization_msgs/lib:/home/aajaer/microros_ws/install/test_msgs/lib:/home/aajaer/microros_ws/install/example_interfaces/lib:/home/aajaer/microros_ws/install/action_msgs/lib:/home/aajaer/microros_ws/install/trajectory_msgs/lib:/home/aajaer/microros_ws/install/stereo_msgs/lib:/home/aajaer/microros_ws/install/std_srvs/lib:/home/aajaer/microros_ws/install/shape_msgs/lib:/home/aajaer/microros_ws/install/sensor_msgs/lib:/home/aajaer/microros_ws/install/nav_msgs/lib:/home/aajaer/microros_ws/install/diagnostic_msgs/lib:/home/aajaer/microros_ws/install/geometry_msgs/lib:/home/aajaer/microros_ws/install/actionlib_msgs/lib:/home/aajaer/microros_ws/install/std_msgs/lib:/home/aajaer/microros_ws/install/statistics_msgs/lib:/home/aajaer/microros_ws/install/rosidl_typesupport_microxrcedds_test_msg/lib:/home/aajaer/microros_ws/install/rmw_microxrcedds/lib:/home/aajaer/microros_ws/install/rosidl_typesupport_microxrcedds_cpp/lib:/home/aajaer/microros_ws/install/rosidl_typesupport_microxrcedds_c/lib:/home/aajaer/microros_ws/install/rosgraph_msgs/lib:/home/aajaer/microros_ws/install/rclc_parameter/lib:/home/aajaer/microros_ws/install/rclc/lib:/home/aajaer/microros_ws/install/composition_interfaces/lib:/home/aajaer/microros_ws/install/rcl_interfaces/lib:/home/aajaer/microros_ws/install/micro_ros_utilities/lib:/home/aajaer/microros_ws/install/micro_ros_agent/lib:/home/aajaer/microros_ws/install/micro_ros_msgs/lib:/home/aajaer/microros_ws/install/lifecycle_msgs/lib:/home/aajaer/microros_ws/install/complex_msgs/lib:/opt/ros/humble/opt/rviz_ogre_vendor/lib:/opt/ros/humble/lib/aarch64-linux-gnu:/opt/ros/humble/lib /usr/bin/cmake --build /home/aajaer/microros_ws/build/action_msgs -- -j8 -l8
[0.399s] [  1%] Built target action_msgs__cpp
[0.435s] [ 10%] Built target action_msgs__rosidl_generator_c
[0.545s] [ 10%] Built target ament_cmake_python_symlink_action_msgs
[0.569s] [ 18%] Built target action_msgs__rosidl_typesupport_introspection_cpp
[0.608s] [ 27%] Built target action_msgs__rosidl_typesupport_cpp
[0.662s] [ 36%] Built target action_msgs__rosidl_typesupport_microxrcedds_cpp
[0.662s] [ 44%] Built target action_msgs__rosidl_typesupport_fastrtps_cpp
[0.685s] [ 53%] Built target action_msgs__rosidl_typesupport_fastrtps_c
[0.777s] [ 62%] Built target action_msgs__rosidl_typesupport_microxrcedds_c
[0.804s] [ 71%] Built target action_msgs__rosidl_typesupport_introspection_c
[0.922s] [ 79%] Built target action_msgs__rosidl_typesupport_c
[1.065s] [ 79%] Built target action_msgs
[1.157s] [ 81%] Built target action_msgs__py
[1.321s] [ 88%] Built target action_msgs__rosidl_generator_py
[1.482s] [ 91%] Built target action_msgs__rosidl_typesupport_microxrcedds_c__pyext
[1.489s] [ 94%] Built target action_msgs__rosidl_typesupport_fastrtps_c__pyext
[1.523s] [ 97%] Built target action_msgs__rosidl_typesupport_introspection_c__pyext
[1.529s] [100%] Built target action_msgs__rosidl_typesupport_c__pyext
[1.909s] running egg_info
[1.918s] writing action_msgs.egg-info/PKG-INFO
[1.920s] writing dependency_links to action_msgs.egg-info/dependency_links.txt
[1.921s] writing top-level names to action_msgs.egg-info/top_level.txt
[1.934s] reading manifest file 'action_msgs.egg-info/SOURCES.txt'
[1.938s] writing manifest file 'action_msgs.egg-info/SOURCES.txt'
[2.066s] [100%] Built target ament_cmake_python_build_action_msgs_egg
[2.114s] Invoked command in '/home/aajaer/microros_ws/build/action_msgs' returned '0': CMAKE_PREFIX_PATH=/home/aajaer/microros_ws/install/unique_identifier_msgs:/home/aajaer/microros_ws/install/builtin_interfaces:/home/aajaer/microros_ws/install/micro_ros_demos_rclc:/home/aajaer/microros_ws/install/common_interfaces:/home/aajaer/microros_ws/install/visualization_msgs:/home/aajaer/microros_ws/install/test_msgs:/home/aajaer/microros_ws/install/example_interfaces:/home/aajaer/microros_ws/install/action_msgs:/home/aajaer/microros_ws/install/trajectory_msgs:/home/aajaer/microros_ws/install/stereo_msgs:/home/aajaer/microros_ws/install/sllidar_ros2:/home/aajaer/microros_ws/install/std_srvs:/home/aajaer/microros_ws/install/shape_msgs:/home/aajaer/microros_ws/install/sensor_msgs:/home/aajaer/microros_ws/install/nav_msgs:/home/aajaer/microros_ws/install/diagnostic_msgs:/home/aajaer/microros_ws/install/geometry_msgs:/home/aajaer/microros_ws/install/actionlib_msgs:/home/aajaer/microros_ws/install/std_msgs:/home/aajaer/microros_ws/install/statistics_msgs:/home/aajaer/microros_ws/install/rosidl_typesupport_microxrcedds_test_msg:/home/aajaer/microros_ws/install/rosidl_typesupport_microxrcedds_cpp_tests:/home/aajaer/microros_ws/install/rmw_microxrcedds:/home/aajaer/microros_ws/install/rosidl_typesupport_microxrcedds_cpp:/home/aajaer/microros_ws/install/rosidl_typesupport_microxrcedds_c_tests:/home/aajaer/microros_ws/install/rosidl_typesupport_microxrcedds_c:/home/aajaer/microros_ws/install/rosgraph_msgs:/home/aajaer/microros_ws/install/rclc_parameter:/home/aajaer/microros_ws/install/rclc:/home/aajaer/microros_ws/install/composition_interfaces:/home/aajaer/microros_ws/install/rcl_interfaces:/home/aajaer/microros_ws/install/microxrcedds_client:/home/aajaer/microros_ws/install/microcdr:/home/aajaer/microros_ws/install/micro_ros_utilities:/home/aajaer/microros_ws/install/micro_ros_setup:/home/aajaer/microros_ws/install/micro_ros_agent:/home/aajaer/microros_ws/install/micro_ros_msgs:/home/aajaer/microros_ws/install/lifecycle_msgs:/home/aajaer/microros_ws/install/complex_msgs:/opt/ros/humble:/opt/ros/humble:/home/aajaer/microros_ws/install/sensor_msgs_py:/home/aajaer/microros_ws/install/motor_control_pkg LD_LIBRARY_PATH=/home/aajaer/microros_ws/install/unique_identifier_msgs/lib:/home/aajaer/microros_ws/install/builtin_interfaces/lib:/home/aajaer/microros_ws/install/visualization_msgs/lib:/home/aajaer/microros_ws/install/test_msgs/lib:/home/aajaer/microros_ws/install/example_interfaces/lib:/home/aajaer/microros_ws/install/action_msgs/lib:/home/aajaer/microros_ws/install/trajectory_msgs/lib:/home/aajaer/microros_ws/install/stereo_msgs/lib:/home/aajaer/microros_ws/install/std_srvs/lib:/home/aajaer/microros_ws/install/shape_msgs/lib:/home/aajaer/microros_ws/install/sensor_msgs/lib:/home/aajaer/microros_ws/install/nav_msgs/lib:/home/aajaer/microros_ws/install/diagnostic_msgs/lib:/home/aajaer/microros_ws/install/geometry_msgs/lib:/home/aajaer/microros_ws/install/actionlib_msgs/lib:/home/aajaer/microros_ws/install/std_msgs/lib:/home/aajaer/microros_ws/install/statistics_msgs/lib:/home/aajaer/microros_ws/install/rosidl_typesupport_microxrcedds_test_msg/lib:/home/aajaer/microros_ws/install/rmw_microxrcedds/lib:/home/aajaer/microros_ws/install/rosidl_typesupport_microxrcedds_cpp/lib:/home/aajaer/microros_ws/install/rosidl_typesupport_microxrcedds_c/lib:/home/aajaer/microros_ws/install/rosgraph_msgs/lib:/home/aajaer/microros_ws/install/rclc_parameter/lib:/home/aajaer/microros_ws/install/rclc/lib:/home/aajaer/microros_ws/install/composition_interfaces/lib:/home/aajaer/microros_ws/install/rcl_interfaces/lib:/home/aajaer/microros_ws/install/micro_ros_utilities/lib:/home/aajaer/microros_ws/install/micro_ros_agent/lib:/home/aajaer/microros_ws/install/micro_ros_msgs/lib:/home/aajaer/microros_ws/install/lifecycle_msgs/lib:/home/aajaer/microros_ws/install/complex_msgs/lib:/opt/ros/humble/opt/rviz_ogre_vendor/lib:/opt/ros/humble/lib/aarch64-linux-gnu:/opt/ros/humble/lib /usr/bin/cmake --build /home/aajaer/microros_ws/build/action_msgs -- -j8 -l8
[2.129s] Invoking command in '/home/aajaer/microros_ws/build/action_msgs': CMAKE_PREFIX_PATH=/home/aajaer/microros_ws/install/unique_identifier_msgs:/home/aajaer/microros_ws/install/builtin_interfaces:/home/aajaer/microros_ws/install/micro_ros_demos_rclc:/home/aajaer/microros_ws/install/common_interfaces:/home/aajaer/microros_ws/install/visualization_msgs:/home/aajaer/microros_ws/install/test_msgs:/home/aajaer/microros_ws/install/example_interfaces:/home/aajaer/microros_ws/install/action_msgs:/home/aajaer/microros_ws/install/trajectory_msgs:/home/aajaer/microros_ws/install/stereo_msgs:/home/aajaer/microros_ws/install/sllidar_ros2:/home/aajaer/microros_ws/install/std_srvs:/home/aajaer/microros_ws/install/shape_msgs:/home/aajaer/microros_ws/install/sensor_msgs:/home/aajaer/microros_ws/install/nav_msgs:/home/aajaer/microros_ws/install/diagnostic_msgs:/home/aajaer/microros_ws/install/geometry_msgs:/home/aajaer/microros_ws/install/actionlib_msgs:/home/aajaer/microros_ws/install/std_msgs:/home/aajaer/microros_ws/install/statistics_msgs:/home/aajaer/microros_ws/install/rosidl_typesupport_microxrcedds_test_msg:/home/aajaer/microros_ws/install/rosidl_typesupport_microxrcedds_cpp_tests:/home/aajaer/microros_ws/install/rmw_microxrcedds:/home/aajaer/microros_ws/install/rosidl_typesupport_microxrcedds_cpp:/home/aajaer/microros_ws/install/rosidl_typesupport_microxrcedds_c_tests:/home/aajaer/microros_ws/install/rosidl_typesupport_microxrcedds_c:/home/aajaer/microros_ws/install/rosgraph_msgs:/home/aajaer/microros_ws/install/rclc_parameter:/home/aajaer/microros_ws/install/rclc:/home/aajaer/microros_ws/install/composition_interfaces:/home/aajaer/microros_ws/install/rcl_interfaces:/home/aajaer/microros_ws/install/microxrcedds_client:/home/aajaer/microros_ws/install/microcdr:/home/aajaer/microros_ws/install/micro_ros_utilities:/home/aajaer/microros_ws/install/micro_ros_setup:/home/aajaer/microros_ws/install/micro_ros_agent:/home/aajaer/microros_ws/install/micro_ros_msgs:/home/aajaer/microros_ws/install/lifecycle_msgs:/home/aajaer/microros_ws/install/complex_msgs:/opt/ros/humble:/opt/ros/humble:/home/aajaer/microros_ws/install/sensor_msgs_py:/home/aajaer/microros_ws/install/motor_control_pkg LD_LIBRARY_PATH=/home/aajaer/microros_ws/install/unique_identifier_msgs/lib:/home/aajaer/microros_ws/install/builtin_interfaces/lib:/home/aajaer/microros_ws/install/visualization_msgs/lib:/home/aajaer/microros_ws/install/test_msgs/lib:/home/aajaer/microros_ws/install/example_interfaces/lib:/home/aajaer/microros_ws/install/action_msgs/lib:/home/aajaer/microros_ws/install/trajectory_msgs/lib:/home/aajaer/microros_ws/install/stereo_msgs/lib:/home/aajaer/microros_ws/install/std_srvs/lib:/home/aajaer/microros_ws/install/shape_msgs/lib:/home/aajaer/microros_ws/install/sensor_msgs/lib:/home/aajaer/microros_ws/install/nav_msgs/lib:/home/aajaer/microros_ws/install/diagnostic_msgs/lib:/home/aajaer/microros_ws/install/geometry_msgs/lib:/home/aajaer/microros_ws/install/actionlib_msgs/lib:/home/aajaer/microros_ws/install/std_msgs/lib:/home/aajaer/microros_ws/install/statistics_msgs/lib:/home/aajaer/microros_ws/install/rosidl_typesupport_microxrcedds_test_msg/lib:/home/aajaer/microros_ws/install/rmw_microxrcedds/lib:/home/aajaer/microros_ws/install/rosidl_typesupport_microxrcedds_cpp/lib:/home/aajaer/microros_ws/install/rosidl_typesupport_microxrcedds_c/lib:/home/aajaer/microros_ws/install/rosgraph_msgs/lib:/home/aajaer/microros_ws/install/rclc_parameter/lib:/home/aajaer/microros_ws/install/rclc/lib:/home/aajaer/microros_ws/install/composition_interfaces/lib:/home/aajaer/microros_ws/install/rcl_interfaces/lib:/home/aajaer/microros_ws/install/micro_ros_utilities/lib:/home/aajaer/microros_ws/install/micro_ros_agent/lib:/home/aajaer/microros_ws/install/micro_ros_msgs/lib:/home/aajaer/microros_ws/install/lifecycle_msgs/lib:/home/aajaer/microros_ws/install/complex_msgs/lib:/opt/ros/humble/opt/rviz_ogre_vendor/lib:/opt/ros/humble/lib/aarch64-linux-gnu:/opt/ros/humble/lib /usr/bin/cmake --install /home/aajaer/microros_ws/build/action_msgs
[2.142s] -- Install configuration: ""
[2.143s] -- Execute custom install script
[2.143s] -- Up-to-date symlink: /home/aajaer/microros_ws/install/action_msgs/share/ament_index/resource_index/rosidl_interfaces/action_msgs
[2.145s] -- Up-to-date symlink: /home/aajaer/microros_ws/install/action_msgs/include/action_msgs/action_msgs/msg/detail/goal_info__functions.h
[2.145s] -- Up-to-date symlink: /home/aajaer/microros_ws/install/action_msgs/include/action_msgs/action_msgs/msg/detail/goal_info__struct.h
[2.145s] -- Up-to-date symlink: /home/aajaer/microros_ws/install/action_msgs/include/action_msgs/action_msgs/msg/detail/goal_info__type_support.h
[2.146s] -- Up-to-date symlink: /home/aajaer/microros_ws/install/action_msgs/include/action_msgs/action_msgs/msg/detail/goal_status__functions.h
[2.146s] -- Up-to-date symlink: /home/aajaer/microros_ws/install/action_msgs/include/action_msgs/action_msgs/msg/detail/goal_status__struct.h
[2.146s] -- Up-to-date symlink: /home/aajaer/microros_ws/install/action_msgs/include/action_msgs/action_msgs/msg/detail/goal_status__type_support.h
[2.146s] -- Up-to-date symlink: /home/aajaer/microros_ws/install/action_msgs/include/action_msgs/action_msgs/msg/detail/goal_status_array__functions.h
[2.146s] -- Up-to-date symlink: /home/aajaer/microros_ws/install/action_msgs/include/action_msgs/action_msgs/msg/detail/goal_status_array__struct.h
[2.147s] -- Up-to-date symlink: /home/aajaer/microros_ws/install/action_msgs/include/action_msgs/action_msgs/msg/detail/goal_status_array__type_support.h
[2.147s] -- Up-to-date symlink: /home/aajaer/microros_ws/install/action_msgs/include/action_msgs/action_msgs/msg/goal_info.h
[2.147s] -- Up-to-date symlink: /home/aajaer/microros_ws/install/action_msgs/include/action_msgs/action_msgs/msg/goal_status.h
[2.147s] -- Up-to-date symlink: /home/aajaer/microros_ws/install/action_msgs/include/action_msgs/action_msgs/msg/goal_status_array.h
[2.147s] -- Up-to-date symlink: /home/aajaer/microros_ws/install/action_msgs/include/action_msgs/action_msgs/msg/rosidl_generator_c__visibility_control.h
[2.148s] -- Up-to-date symlink: /home/aajaer/microros_ws/install/action_msgs/include/action_msgs/action_msgs/srv/cancel_goal.h
[2.148s] -- Up-to-date symlink: /home/aajaer/microros_ws/install/action_msgs/include/action_msgs/action_msgs/srv/detail/cancel_goal__functions.h
[2.150s] -- Up-to-date symlink: /home/aajaer/microros_ws/install/action_msgs/include/action_msgs/action_msgs/srv/detail/cancel_goal__struct.h
[2.151s] -- Up-to-date symlink: /home/aajaer/microros_ws/install/action_msgs/include/action_msgs/action_msgs/srv/detail/cancel_goal__type_support.h
[2.151s] -- Up-to-date symlink: /home/aajaer/microros_ws/install/action_msgs/share/action_msgs/environment/library_path.sh
[2.151s] -- Up-to-date symlink: /home/aajaer/microros_ws/install/action_msgs/share/action_msgs/environment/library_path.dsv
[2.152s] -- Up-to-date symlink: /home/aajaer/microros_ws/install/action_msgs/include/action_msgs/action_msgs/msg/detail/goal_info__rosidl_typesupport_fastrtps_c.h
[2.153s] -- Up-to-date symlink: /home/aajaer/microros_ws/install/action_msgs/include/action_msgs/action_msgs/msg/detail/goal_status__rosidl_typesupport_fastrtps_c.h
[2.153s] -- Up-to-date symlink: /home/aajaer/microros_ws/install/action_msgs/include/action_msgs/action_msgs/msg/detail/goal_status_array__rosidl_typesupport_fastrtps_c.h
[2.154s] -- Up-to-date symlink: /home/aajaer/microros_ws/install/action_msgs/include/action_msgs/action_msgs/msg/rosidl_typesupport_fastrtps_c__visibility_control.h
[2.155s] -- Up-to-date symlink: /home/aajaer/microros_ws/install/action_msgs/include/action_msgs/action_msgs/srv/detail/cancel_goal__rosidl_typesupport_fastrtps_c.h
[2.156s] -- Up-to-date symlink: /home/aajaer/microros_ws/install/action_msgs/include/action_msgs/action_msgs/msg/detail/goal_info__builder.hpp
[2.156s] -- Up-to-date symlink: /home/aajaer/microros_ws/install/action_msgs/include/action_msgs/action_msgs/msg/detail/goal_info__struct.hpp
[2.156s] -- Up-to-date symlink: /home/aajaer/microros_ws/install/action_msgs/include/action_msgs/action_msgs/msg/detail/goal_info__traits.hpp
[2.157s] -- Up-to-date symlink: /home/aajaer/microros_ws/install/action_msgs/include/action_msgs/action_msgs/msg/detail/goal_info__type_support.hpp
[2.157s] -- Up-to-date symlink: /home/aajaer/microros_ws/install/action_msgs/include/action_msgs/action_msgs/msg/detail/goal_status__builder.hpp
[2.157s] -- Up-to-date symlink: /home/aajaer/microros_ws/install/action_msgs/include/action_msgs/action_msgs/msg/detail/goal_status__struct.hpp
[2.159s] -- Up-to-date symlink: /home/aajaer/microros_ws/install/action_msgs/include/action_msgs/action_msgs/msg/detail/goal_status__traits.hpp
[2.159s] -- Up-to-date symlink: /home/aajaer/microros_ws/install/action_msgs/include/action_msgs/action_msgs/msg/detail/goal_status__type_support.hpp
[2.159s] -- Up-to-date symlink: /home/aajaer/microros_ws/install/action_msgs/include/action_msgs/action_msgs/msg/detail/goal_status_array__builder.hpp
[2.159s] -- Up-to-date symlink: /home/aajaer/microros_ws/install/action_msgs/include/action_msgs/action_msgs/msg/detail/goal_status_array__struct.hpp
[2.159s] -- Up-to-date symlink: /home/aajaer/microros_ws/install/action_msgs/include/action_msgs/action_msgs/msg/detail/goal_status_array__traits.hpp
[2.161s] -- Up-to-date symlink: /home/aajaer/microros_ws/install/action_msgs/include/action_msgs/action_msgs/msg/detail/goal_status_array__type_support.hpp
[2.161s] -- Up-to-date symlink: /home/aajaer/microros_ws/install/action_msgs/include/action_msgs/action_msgs/msg/goal_info.hpp
[2.162s] -- Up-to-date symlink: /home/aajaer/microros_ws/install/action_msgs/include/action_msgs/action_msgs/msg/goal_status.hpp
[2.163s] -- Up-to-date symlink: /home/aajaer/microros_ws/install/action_msgs/include/action_msgs/action_msgs/msg/goal_status_array.hpp
[2.164s] -- Up-to-date symlink: /home/aajaer/microros_ws/install/action_msgs/include/action_msgs/action_msgs/msg/rosidl_generator_cpp__visibility_control.hpp
[2.165s] -- Up-to-date symlink: /home/aajaer/microros_ws/install/action_msgs/include/action_msgs/action_msgs/srv/cancel_goal.hpp
[2.165s] -- Up-to-date symlink: /home/aajaer/microros_ws/install/action_msgs/include/action_msgs/action_msgs/srv/detail/cancel_goal__builder.hpp
[2.166s] -- Up-to-date symlink: /home/aajaer/microros_ws/install/action_msgs/include/action_msgs/action_msgs/srv/detail/cancel_goal__struct.hpp
[2.166s] -- Up-to-date symlink: /home/aajaer/microros_ws/install/action_msgs/include/action_msgs/action_msgs/srv/detail/cancel_goal__traits.hpp
[2.167s] -- Up-to-date symlink: /home/aajaer/microros_ws/install/action_msgs/include/action_msgs/action_msgs/srv/detail/cancel_goal__type_support.hpp
[2.167s] -- Up-to-date symlink: /home/aajaer/microros_ws/install/action_msgs/include/action_msgs/action_msgs/msg/detail/goal_info__rosidl_typesupport_fastrtps_cpp.hpp
[2.168s] -- Up-to-date symlink: /home/aajaer/microros_ws/install/action_msgs/include/action_msgs/action_msgs/msg/detail/goal_status__rosidl_typesupport_fastrtps_cpp.hpp
[2.168s] -- Up-to-date symlink: /home/aajaer/microros_ws/install/action_msgs/include/action_msgs/action_msgs/msg/detail/goal_status_array__rosidl_typesupport_fastrtps_cpp.hpp
[2.168s] -- Up-to-date symlink: /home/aajaer/microros_ws/install/action_msgs/include/action_msgs/action_msgs/msg/rosidl_typesupport_fastrtps_cpp__visibility_control.h
[2.169s] -- Up-to-date symlink: /home/aajaer/microros_ws/install/action_msgs/include/action_msgs/action_msgs/srv/detail/cancel_goal__rosidl_typesupport_fastrtps_cpp.hpp
[2.169s] -- Up-to-date symlink: /home/aajaer/microros_ws/install/action_msgs/include/action_msgs/msg/detail/goal_info__rosidl_typesupport_microxrcedds_c.h
[2.171s] -- Up-to-date symlink: /home/aajaer/microros_ws/install/action_msgs/include/action_msgs/msg/detail/goal_status__rosidl_typesupport_microxrcedds_c.h
[2.171s] -- Up-to-date symlink: /home/aajaer/microros_ws/install/action_msgs/include/action_msgs/msg/detail/goal_status_array__rosidl_typesupport_microxrcedds_c.h
[2.172s] -- Up-to-date symlink: /home/aajaer/microros_ws/install/action_msgs/include/action_msgs/msg/rosidl_typesupport_microxrcedds_c__visibility_control.h
[2.172s] -- Up-to-date symlink: /home/aajaer/microros_ws/install/action_msgs/include/action_msgs/srv/detail/cancel_goal__rosidl_typesupport_microxrcedds_c.h
[2.173s] -- Up-to-date symlink: /home/aajaer/microros_ws/install/action_msgs/lib/libaction_msgs__rosidl_typesupport_microxrcedds_c.a
[2.176s] -- Up-to-date symlink: /home/aajaer/microros_ws/install/action_msgs/include/action_msgs/action_msgs/msg/detail/goal_info__rosidl_typesupport_introspection_c.h
[2.177s] -- Up-to-date symlink: /home/aajaer/microros_ws/install/action_msgs/include/action_msgs/action_msgs/msg/detail/goal_status__rosidl_typesupport_introspection_c.h
[2.177s] -- Up-to-date symlink: /home/aajaer/microros_ws/install/action_msgs/include/action_msgs/action_msgs/msg/detail/goal_status_array__rosidl_typesupport_introspection_c.h
[2.179s] -- Up-to-date symlink: /home/aajaer/microros_ws/install/action_msgs/include/action_msgs/action_msgs/msg/rosidl_typesupport_introspection_c__visibility_control.h
[2.179s] -- Up-to-date symlink: /home/aajaer/microros_ws/install/action_msgs/include/action_msgs/action_msgs/srv/detail/cancel_goal__rosidl_typesupport_introspection_c.h
[2.180s] -- Up-to-date symlink: /home/aajaer/microros_ws/install/action_msgs/include/action_msgs/msg/detail/goal_info__rosidl_typesupport_microxrcedds_cpp.hpp
[2.180s] -- Up-to-date symlink: /home/aajaer/microros_ws/install/action_msgs/include/action_msgs/msg/detail/goal_status__rosidl_typesupport_microxrcedds_cpp.hpp
[2.181s] -- Up-to-date symlink: /home/aajaer/microros_ws/install/action_msgs/include/action_msgs/msg/detail/goal_status_array__rosidl_typesupport_microxrcedds_cpp.hpp
[2.181s] -- Up-to-date symlink: /home/aajaer/microros_ws/install/action_msgs/include/action_msgs/msg/detail/microxrcedds/goal_info__type_support_cpp.cpp
[2.181s] -- Up-to-date symlink: /home/aajaer/microros_ws/install/action_msgs/include/action_msgs/msg/detail/microxrcedds/goal_status__type_support_cpp.cpp
[2.182s] -- Up-to-date symlink: /home/aajaer/microros_ws/install/action_msgs/include/action_msgs/msg/detail/microxrcedds/goal_status_array__type_support_cpp.cpp
[2.182s] -- Up-to-date symlink: /home/aajaer/microros_ws/install/action_msgs/include/action_msgs/msg/rosidl_typesupport_microxrcedds_cpp__visibility_control.h
[2.182s] -- Up-to-date symlink: /home/aajaer/microros_ws/install/action_msgs/include/action_msgs/srv/detail/cancel_goal__rosidl_typesupport_microxrcedds_cpp.hpp
[2.183s] -- Up-to-date symlink: /home/aajaer/microros_ws/install/action_msgs/include/action_msgs/srv/detail/microxrcedds/cancel_goal__type_support_cpp.cpp
[2.183s] -- Up-to-date symlink: /home/aajaer/microros_ws/install/action_msgs/lib/libaction_msgs__rosidl_typesupport_microxrcedds_cpp.a
[2.183s] -- Up-to-date symlink: /home/aajaer/microros_ws/install/action_msgs/include/action_msgs/action_msgs/msg/detail/goal_info__rosidl_typesupport_introspection_cpp.hpp
[2.184s] -- Up-to-date symlink: /home/aajaer/microros_ws/install/action_msgs/include/action_msgs/action_msgs/msg/detail/goal_status__rosidl_typesupport_introspection_cpp.hpp
[2.184s] -- Up-to-date symlink: /home/aajaer/microros_ws/install/action_msgs/include/action_msgs/action_msgs/msg/detail/goal_status_array__rosidl_typesupport_introspection_cpp.hpp
[2.184s] -- Up-to-date symlink: /home/aajaer/microros_ws/install/action_msgs/include/action_msgs/action_msgs/srv/detail/cancel_goal__rosidl_typesupport_introspection_cpp.hpp
[2.184s] -- Up-to-date symlink: /home/aajaer/microros_ws/install/action_msgs/share/action_msgs/environment/pythonpath.sh
[2.184s] -- Up-to-date symlink: /home/aajaer/microros_ws/install/action_msgs/share/action_msgs/environment/pythonpath.dsv
[2.185s] -- Up-to-date symlink: /home/aajaer/microros_ws/install/action_msgs/local/lib/python3.10/dist-packages/action_msgs-1.2.1-py3.10.egg-info/PKG-INFO
[2.185s] -- Up-to-date symlink: /home/aajaer/microros_ws/install/action_msgs/local/lib/python3.10/dist-packages/action_msgs-1.2.1-py3.10.egg-info/SOURCES.txt
[2.185s] -- Up-to-date symlink: /home/aajaer/microros_ws/install/action_msgs/local/lib/python3.10/dist-packages/action_msgs-1.2.1-py3.10.egg-info/dependency_links.txt
[2.185s] -- Up-to-date symlink: /home/aajaer/microros_ws/install/action_msgs/local/lib/python3.10/dist-packages/action_msgs-1.2.1-py3.10.egg-info/top_level.txt
[2.185s] -- Up-to-date symlink: /home/aajaer/microros_ws/install/action_msgs/local/lib/python3.10/dist-packages/action_msgs/__init__.py
[2.185s] -- Up-to-date symlink: /home/aajaer/microros_ws/install/action_msgs/local/lib/python3.10/dist-packages/action_msgs/_action_msgs_s.ep.rosidl_typesupport_c.c
[2.186s] -- Up-to-date symlink: /home/aajaer/microros_ws/install/action_msgs/local/lib/python3.10/dist-packages/action_msgs/_action_msgs_s.ep.rosidl_typesupport_fastrtps_c.c
[2.186s] -- Up-to-date symlink: /home/aajaer/microros_ws/install/action_msgs/local/lib/python3.10/dist-packages/action_msgs/_action_msgs_s.ep.rosidl_typesupport_introspection_c.c
[2.186s] -- Up-to-date symlink: /home/aajaer/microros_ws/install/action_msgs/local/lib/python3.10/dist-packages/action_msgs/_action_msgs_s.ep.rosidl_typesupport_microxrcedds_c.c
[2.186s] -- Up-to-date symlink: /home/aajaer/microros_ws/install/action_msgs/local/lib/python3.10/dist-packages/action_msgs/action_msgs_s__rosidl_typesupport_c.cpython-310-aarch64-linux-gnu.so
[2.186s] -- Up-to-date symlink: /home/aajaer/microros_ws/install/action_msgs/local/lib/python3.10/dist-packages/action_msgs/action_msgs_s__rosidl_typesupport_fastrtps_c.cpython-310-aarch64-linux-gnu.so
[2.186s] -- Up-to-date symlink: /home/aajaer/microros_ws/install/action_msgs/local/lib/python3.10/dist-packages/action_msgs/action_msgs_s__rosidl_typesupport_introspection_c.cpython-310-aarch64-linux-gnu.so
[2.187s] -- Up-to-date symlink: /home/aajaer/microros_ws/install/action_msgs/local/lib/python3.10/dist-packages/action_msgs/action_msgs_s__rosidl_typesupport_microxrcedds_c.cpython-310-aarch64-linux-gnu.so
[2.187s] -- Up-to-date symlink: /home/aajaer/microros_ws/install/action_msgs/local/lib/python3.10/dist-packages/action_msgs/libaction_msgs__rosidl_generator_py.so
[2.187s] -- Up-to-date symlink: /home/aajaer/microros_ws/install/action_msgs/local/lib/python3.10/dist-packages/action_msgs/msg/__init__.py
[2.187s] -- Up-to-date symlink: /home/aajaer/microros_ws/install/action_msgs/local/lib/python3.10/dist-packages/action_msgs/msg/_goal_info.py
[2.187s] -- Up-to-date symlink: /home/aajaer/microros_ws/install/action_msgs/local/lib/python3.10/dist-packages/action_msgs/msg/_goal_info_s.c
[2.187s] -- Up-to-date symlink: /home/aajaer/microros_ws/install/action_msgs/local/lib/python3.10/dist-packages/action_msgs/msg/_goal_status.py
[2.188s] -- Up-to-date symlink: /home/aajaer/microros_ws/install/action_msgs/local/lib/python3.10/dist-packages/action_msgs/msg/_goal_status_array.py
[2.188s] -- Up-to-date symlink: /home/aajaer/microros_ws/install/action_msgs/local/lib/python3.10/dist-packages/action_msgs/msg/_goal_status_array_s.c
[2.188s] -- Up-to-date symlink: /home/aajaer/microros_ws/install/action_msgs/local/lib/python3.10/dist-packages/action_msgs/msg/_goal_status_s.c
[2.188s] -- Up-to-date symlink: /home/aajaer/microros_ws/install/action_msgs/local/lib/python3.10/dist-packages/action_msgs/srv/__init__.py
[2.188s] -- Up-to-date symlink: /home/aajaer/microros_ws/install/action_msgs/local/lib/python3.10/dist-packages/action_msgs/srv/_cancel_goal.py
[2.188s] -- Up-to-date symlink: /home/aajaer/microros_ws/install/action_msgs/local/lib/python3.10/dist-packages/action_msgs/srv/_cancel_goal_s.c
[2.189s] -- Up-to-date symlink: /home/aajaer/microros_ws/install/action_msgs/local/lib/python3.10/dist-packages/action_msgs/action_msgs_s__rosidl_typesupport_microxrcedds_c.cpython-310-aarch64-linux-gnu.so
[2.189s] -- Up-to-date symlink: /home/aajaer/microros_ws/install/action_msgs/local/lib/python3.10/dist-packages/action_msgs/action_msgs_s__rosidl_typesupport_fastrtps_c.cpython-310-aarch64-linux-gnu.so
[2.189s] -- Up-to-date symlink: /home/aajaer/microros_ws/install/action_msgs/local/lib/python3.10/dist-packages/action_msgs/action_msgs_s__rosidl_typesupport_introspection_c.cpython-310-aarch64-linux-gnu.so
[2.189s] -- Up-to-date symlink: /home/aajaer/microros_ws/install/action_msgs/local/lib/python3.10/dist-packages/action_msgs/action_msgs_s__rosidl_typesupport_c.cpython-310-aarch64-linux-gnu.so
[2.189s] -- Up-to-date symlink: /home/aajaer/microros_ws/install/action_msgs/share/action_msgs/msg/GoalInfo.idl
[2.190s] -- Up-to-date symlink: /home/aajaer/microros_ws/install/action_msgs/share/action_msgs/msg/GoalStatus.idl
[2.190s] -- Up-to-date symlink: /home/aajaer/microros_ws/install/action_msgs/share/action_msgs/msg/GoalStatusArray.idl
[2.190s] -- Up-to-date symlink: /home/aajaer/microros_ws/install/action_msgs/share/action_msgs/srv/CancelGoal.idl
[2.190s] -- Up-to-date symlink: /home/aajaer/microros_ws/install/action_msgs/share/action_msgs/msg/GoalInfo.msg
[2.190s] -- Up-to-date symlink: /home/aajaer/microros_ws/install/action_msgs/share/action_msgs/msg/GoalStatus.msg
[2.190s] -- Up-to-date symlink: /home/aajaer/microros_ws/install/action_msgs/share/action_msgs/msg/GoalStatusArray.msg
[2.191s] -- Up-to-date symlink: /home/aajaer/microros_ws/install/action_msgs/share/action_msgs/srv/CancelGoal.srv
[2.191s] -- Up-to-date symlink: /home/aajaer/microros_ws/install/action_msgs/share/action_msgs/srv/CancelGoal_Request.msg
[2.191s] -- Up-to-date symlink: /home/aajaer/microros_ws/install/action_msgs/share/action_msgs/srv/CancelGoal_Response.msg
[2.191s] -- Up-to-date symlink: /home/aajaer/microros_ws/install/action_msgs/share/ament_index/resource_index/package_run_dependencies/action_msgs
[2.191s] -- Up-to-date symlink: /home/aajaer/microros_ws/install/action_msgs/share/ament_index/resource_index/parent_prefix_path/action_msgs
[2.191s] -- Up-to-date symlink: /home/aajaer/microros_ws/install/action_msgs/share/action_msgs/environment/ament_prefix_path.sh
[2.192s] -- Up-to-date symlink: /home/aajaer/microros_ws/install/action_msgs/share/action_msgs/environment/ament_prefix_path.dsv
[2.193s] -- Up-to-date symlink: /home/aajaer/microros_ws/install/action_msgs/share/action_msgs/environment/path.sh
[2.193s] -- Up-to-date symlink: /home/aajaer/microros_ws/install/action_msgs/share/action_msgs/environment/path.dsv
[2.194s] -- Up-to-date symlink: /home/aajaer/microros_ws/install/action_msgs/share/action_msgs/local_setup.bash
[2.194s] -- Up-to-date symlink: /home/aajaer/microros_ws/install/action_msgs/share/action_msgs/local_setup.sh
[2.194s] -- Up-to-date symlink: /home/aajaer/microros_ws/install/action_msgs/share/action_msgs/local_setup.zsh
[2.194s] -- Up-to-date symlink: /home/aajaer/microros_ws/install/action_msgs/share/action_msgs/local_setup.dsv
[2.195s] -- Symlinking: /home/aajaer/microros_ws/install/action_msgs/share/action_msgs/package.dsv
[2.208s] -- Up-to-date symlink: /home/aajaer/microros_ws/install/action_msgs/share/ament_index/resource_index/packages/action_msgs
[2.208s] -- Up-to-date symlink: /home/aajaer/microros_ws/install/action_msgs/share/action_msgs/cmake/rosidl_cmake-extras.cmake
[2.209s] -- Up-to-date symlink: /home/aajaer/microros_ws/install/action_msgs/share/action_msgs/cmake/ament_cmake_export_dependencies-extras.cmake
[2.209s] -- Up-to-date symlink: /home/aajaer/microros_ws/install/action_msgs/share/action_msgs/cmake/ament_cmake_export_include_directories-extras.cmake
[2.210s] -- Up-to-date symlink: /home/aajaer/microros_ws/install/action_msgs/share/action_msgs/cmake/ament_cmake_export_libraries-extras.cmake
[2.210s] -- Up-to-date symlink: /home/aajaer/microros_ws/install/action_msgs/share/action_msgs/cmake/ament_cmake_export_targets-extras.cmake
[2.210s] -- Up-to-date symlink: /home/aajaer/microros_ws/install/action_msgs/share/action_msgs/cmake/rosidl_cmake_export_typesupport_targets-extras.cmake
[2.211s] -- Up-to-date symlink: /home/aajaer/microros_ws/install/action_msgs/share/action_msgs/cmake/rosidl_cmake_export_typesupport_libraries-extras.cmake
[2.211s] -- Up-to-date symlink: /home/aajaer/microros_ws/install/action_msgs/share/action_msgs/cmake/action_msgsConfig.cmake
[2.212s] -- Up-to-date symlink: /home/aajaer/microros_ws/install/action_msgs/share/action_msgs/cmake/action_msgsConfig-version.cmake
[2.212s] -- Up-to-date symlink: /home/aajaer/microros_ws/install/action_msgs/share/action_msgs/package.xml
[2.213s] -- Up-to-date: /home/aajaer/microros_ws/install/action_msgs/lib/libaction_msgs__rosidl_generator_c.so
[2.213s] -- Up-to-date: /home/aajaer/microros_ws/install/action_msgs/lib/libaction_msgs__rosidl_typesupport_fastrtps_c.so
[2.213s] -- Up-to-date: /home/aajaer/microros_ws/install/action_msgs/lib/libaction_msgs__rosidl_typesupport_fastrtps_cpp.so
[2.213s] -- Up-to-date: /home/aajaer/microros_ws/install/action_msgs/lib/libaction_msgs__rosidl_typesupport_introspection_c.so
[2.214s] -- Up-to-date: /home/aajaer/microros_ws/install/action_msgs/lib/libaction_msgs__rosidl_typesupport_c.so
[2.214s] -- Up-to-date: /home/aajaer/microros_ws/install/action_msgs/lib/libaction_msgs__rosidl_typesupport_introspection_cpp.so
[2.214s] -- Up-to-date: /home/aajaer/microros_ws/install/action_msgs/lib/libaction_msgs__rosidl_typesupport_cpp.so
[2.590s] Listing '/home/aajaer/microros_ws/install/action_msgs/local/lib/python3.10/dist-packages/action_msgs'...
[2.592s] Listing '/home/aajaer/microros_ws/install/action_msgs/local/lib/python3.10/dist-packages/action_msgs/msg'...
[2.593s] Listing '/home/aajaer/microros_ws/install/action_msgs/local/lib/python3.10/dist-packages/action_msgs/srv'...
[2.618s] -- Up-to-date: /home/aajaer/microros_ws/install/action_msgs/lib/libaction_msgs__rosidl_generator_py.so
[2.619s] -- Up-to-date: /home/aajaer/microros_ws/install/action_msgs/share/action_msgs/cmake/export_action_msgs__rosidl_generator_cExport.cmake
[2.619s] -- Up-to-date: /home/aajaer/microros_ws/install/action_msgs/share/action_msgs/cmake/export_action_msgs__rosidl_generator_cExport-noconfig.cmake
[2.620s] -- Up-to-date: /home/aajaer/microros_ws/install/action_msgs/share/action_msgs/cmake/export_action_msgs__rosidl_typesupport_fastrtps_cExport.cmake
[2.622s] -- Up-to-date: /home/aajaer/microros_ws/install/action_msgs/share/action_msgs/cmake/export_action_msgs__rosidl_typesupport_fastrtps_cExport-noconfig.cmake
[2.622s] -- Up-to-date: /home/aajaer/microros_ws/install/action_msgs/share/action_msgs/cmake/export_action_msgs__rosidl_generator_cppExport.cmake
[2.623s] -- Up-to-date: /home/aajaer/microros_ws/install/action_msgs/share/action_msgs/cmake/export_action_msgs__rosidl_typesupport_fastrtps_cppExport.cmake
[2.623s] -- Up-to-date: /home/aajaer/microros_ws/install/action_msgs/share/action_msgs/cmake/export_action_msgs__rosidl_typesupport_fastrtps_cppExport-noconfig.cmake
[2.623s] -- Up-to-date: /home/aajaer/microros_ws/install/action_msgs/share/action_msgs/cmake/action_msgs__rosidl_typesupport_introspection_cExport.cmake
[2.623s] -- Up-to-date: /home/aajaer/microros_ws/install/action_msgs/share/action_msgs/cmake/action_msgs__rosidl_typesupport_introspection_cExport-noconfig.cmake
[2.624s] -- Up-to-date: /home/aajaer/microros_ws/install/action_msgs/share/action_msgs/cmake/action_msgs__rosidl_typesupport_cExport.cmake
[2.624s] -- Up-to-date: /home/aajaer/microros_ws/install/action_msgs/share/action_msgs/cmake/action_msgs__rosidl_typesupport_cExport-noconfig.cmake
[2.625s] -- Up-to-date: /home/aajaer/microros_ws/install/action_msgs/share/action_msgs/cmake/action_msgs__rosidl_typesupport_introspection_cppExport.cmake
[2.625s] -- Up-to-date: /home/aajaer/microros_ws/install/action_msgs/share/action_msgs/cmake/action_msgs__rosidl_typesupport_introspection_cppExport-noconfig.cmake
[2.626s] -- Up-to-date: /home/aajaer/microros_ws/install/action_msgs/share/action_msgs/cmake/action_msgs__rosidl_typesupport_cppExport.cmake
[2.626s] -- Up-to-date: /home/aajaer/microros_ws/install/action_msgs/share/action_msgs/cmake/action_msgs__rosidl_typesupport_cppExport-noconfig.cmake
[2.626s] -- Up-to-date: /home/aajaer/microros_ws/install/action_msgs/share/action_msgs/cmake/export_action_msgs__rosidl_generator_pyExport.cmake
[2.627s] -- Up-to-date: /home/aajaer/microros_ws/install/action_msgs/share/action_msgs/cmake/export_action_msgs__rosidl_generator_pyExport-noconfig.cmake
[2.643s] Invoked command in '/home/aajaer/microros_ws/build/action_msgs' returned '0': CMAKE_PREFIX_PATH=/home/aajaer/microros_ws/install/unique_identifier_msgs:/home/aajaer/microros_ws/install/builtin_interfaces:/home/aajaer/microros_ws/install/micro_ros_demos_rclc:/home/aajaer/microros_ws/install/common_interfaces:/home/aajaer/microros_ws/install/visualization_msgs:/home/aajaer/microros_ws/install/test_msgs:/home/aajaer/microros_ws/install/example_interfaces:/home/aajaer/microros_ws/install/action_msgs:/home/aajaer/microros_ws/install/trajectory_msgs:/home/aajaer/microros_ws/install/stereo_msgs:/home/aajaer/microros_ws/install/sllidar_ros2:/home/aajaer/microros_ws/install/std_srvs:/home/aajaer/microros_ws/install/shape_msgs:/home/aajaer/microros_ws/install/sensor_msgs:/home/aajaer/microros_ws/install/nav_msgs:/home/aajaer/microros_ws/install/diagnostic_msgs:/home/aajaer/microros_ws/install/geometry_msgs:/home/aajaer/microros_ws/install/actionlib_msgs:/home/aajaer/microros_ws/install/std_msgs:/home/aajaer/microros_ws/install/statistics_msgs:/home/aajaer/microros_ws/install/rosidl_typesupport_microxrcedds_test_msg:/home/aajaer/microros_ws/install/rosidl_typesupport_microxrcedds_cpp_tests:/home/aajaer/microros_ws/install/rmw_microxrcedds:/home/aajaer/microros_ws/install/rosidl_typesupport_microxrcedds_cpp:/home/aajaer/microros_ws/install/rosidl_typesupport_microxrcedds_c_tests:/home/aajaer/microros_ws/install/rosidl_typesupport_microxrcedds_c:/home/aajaer/microros_ws/install/rosgraph_msgs:/home/aajaer/microros_ws/install/rclc_parameter:/home/aajaer/microros_ws/install/rclc:/home/aajaer/microros_ws/install/composition_interfaces:/home/aajaer/microros_ws/install/rcl_interfaces:/home/aajaer/microros_ws/install/microxrcedds_client:/home/aajaer/microros_ws/install/microcdr:/home/aajaer/microros_ws/install/micro_ros_utilities:/home/aajaer/microros_ws/install/micro_ros_setup:/home/aajaer/microros_ws/install/micro_ros_agent:/home/aajaer/microros_ws/install/micro_ros_msgs:/home/aajaer/microros_ws/install/lifecycle_msgs:/home/aajaer/microros_ws/install/complex_msgs:/opt/ros/humble:/opt/ros/humble:/home/aajaer/microros_ws/install/sensor_msgs_py:/home/aajaer/microros_ws/install/motor_control_pkg LD_LIBRARY_PATH=/home/aajaer/microros_ws/install/unique_identifier_msgs/lib:/home/aajaer/microros_ws/install/builtin_interfaces/lib:/home/aajaer/microros_ws/install/visualization_msgs/lib:/home/aajaer/microros_ws/install/test_msgs/lib:/home/aajaer/microros_ws/install/example_interfaces/lib:/home/aajaer/microros_ws/install/action_msgs/lib:/home/aajaer/microros_ws/install/trajectory_msgs/lib:/home/aajaer/microros_ws/install/stereo_msgs/lib:/home/aajaer/microros_ws/install/std_srvs/lib:/home/aajaer/microros_ws/install/shape_msgs/lib:/home/aajaer/microros_ws/install/sensor_msgs/lib:/home/aajaer/microros_ws/install/nav_msgs/lib:/home/aajaer/microros_ws/install/diagnostic_msgs/lib:/home/aajaer/microros_ws/install/geometry_msgs/lib:/home/aajaer/microros_ws/install/actionlib_msgs/lib:/home/aajaer/microros_ws/install/std_msgs/lib:/home/aajaer/microros_ws/install/statistics_msgs/lib:/home/aajaer/microros_ws/install/rosidl_typesupport_microxrcedds_test_msg/lib:/home/aajaer/microros_ws/install/rmw_microxrcedds/lib:/home/aajaer/microros_ws/install/rosidl_typesupport_microxrcedds_cpp/lib:/home/aajaer/microros_ws/install/rosidl_typesupport_microxrcedds_c/lib:/home/aajaer/microros_ws/install/rosgraph_msgs/lib:/home/aajaer/microros_ws/install/rclc_parameter/lib:/home/aajaer/microros_ws/install/rclc/lib:/home/aajaer/microros_ws/install/composition_interfaces/lib:/home/aajaer/microros_ws/install/rcl_interfaces/lib:/home/aajaer/microros_ws/install/micro_ros_utilities/lib:/home/aajaer/microros_ws/install/micro_ros_agent/lib:/home/aajaer/microros_ws/install/micro_ros_msgs/lib:/home/aajaer/microros_ws/install/lifecycle_msgs/lib:/home/aajaer/microros_ws/install/complex_msgs/lib:/opt/ros/humble/opt/rviz_ogre_vendor/lib:/opt/ros/humble/lib/aarch64-linux-gnu:/opt/ros/humble/lib /usr/bin/cmake --install /home/aajaer/microros_ws/build/action_msgs
