[0.084s] Invoking command in '/home/aajaer/microros_ws/build/diagnostic_msgs': CMAKE_PREFIX_PATH=/home/aajaer/microros_ws/install/geometry_msgs:/home/aajaer/microros_ws/install/std_msgs:/home/aajaer/microros_ws/install/builtin_interfaces:/home/aajaer/microros_ws/install/micro_ros_demos_rclc:/home/aajaer/microros_ws/install/common_interfaces:/home/aajaer/microros_ws/install/visualization_msgs:/home/aajaer/microros_ws/install/test_msgs:/home/aajaer/microros_ws/install/example_interfaces:/home/aajaer/microros_ws/install/action_msgs:/home/aajaer/microros_ws/install/unique_identifier_msgs:/home/aajaer/microros_ws/install/trajectory_msgs:/home/aajaer/microros_ws/install/stereo_msgs:/home/aajaer/microros_ws/install/sllidar_ros2:/home/aajaer/microros_ws/install/std_srvs:/home/aajaer/microros_ws/install/shape_msgs:/home/aajaer/microros_ws/install/sensor_msgs:/home/aajaer/microros_ws/install/nav_msgs:/home/aajaer/microros_ws/install/diagnostic_msgs:/home/aajaer/microros_ws/install/actionlib_msgs:/home/aajaer/microros_ws/install/statistics_msgs:/home/aajaer/microros_ws/install/rosidl_typesupport_microxrcedds_test_msg:/home/aajaer/microros_ws/install/rosidl_typesupport_microxrcedds_cpp_tests:/home/aajaer/microros_ws/install/rmw_microxrcedds:/home/aajaer/microros_ws/install/rosidl_typesupport_microxrcedds_cpp:/home/aajaer/microros_ws/install/rosidl_typesupport_microxrcedds_c_tests:/home/aajaer/microros_ws/install/rosidl_typesupport_microxrcedds_c:/home/aajaer/microros_ws/install/rosgraph_msgs:/home/aajaer/microros_ws/install/rclc_parameter:/home/aajaer/microros_ws/install/rclc:/home/aajaer/microros_ws/install/composition_interfaces:/home/aajaer/microros_ws/install/rcl_interfaces:/home/aajaer/microros_ws/install/microxrcedds_client:/home/aajaer/microros_ws/install/microcdr:/home/aajaer/microros_ws/install/micro_ros_utilities:/home/aajaer/microros_ws/install/micro_ros_setup:/home/aajaer/microros_ws/install/micro_ros_agent:/home/aajaer/microros_ws/install/micro_ros_msgs:/home/aajaer/microros_ws/install/lifecycle_msgs:/home/aajaer/microros_ws/install/complex_msgs:/opt/ros/humble:/opt/ros/humble:/home/aajaer/microros_ws/install/sensor_msgs_py:/home/aajaer/microros_ws/install/motor_control_pkg LD_LIBRARY_PATH=/home/aajaer/microros_ws/install/geometry_msgs/lib:/home/aajaer/microros_ws/install/std_msgs/lib:/home/aajaer/microros_ws/install/builtin_interfaces/lib:/home/aajaer/microros_ws/install/visualization_msgs/lib:/home/aajaer/microros_ws/install/test_msgs/lib:/home/aajaer/microros_ws/install/example_interfaces/lib:/home/aajaer/microros_ws/install/action_msgs/lib:/home/aajaer/microros_ws/install/unique_identifier_msgs/lib:/home/aajaer/microros_ws/install/trajectory_msgs/lib:/home/aajaer/microros_ws/install/stereo_msgs/lib:/home/aajaer/microros_ws/install/std_srvs/lib:/home/aajaer/microros_ws/install/shape_msgs/lib:/home/aajaer/microros_ws/install/sensor_msgs/lib:/home/aajaer/microros_ws/install/nav_msgs/lib:/home/aajaer/microros_ws/install/diagnostic_msgs/lib:/home/aajaer/microros_ws/install/actionlib_msgs/lib:/home/aajaer/microros_ws/install/statistics_msgs/lib:/home/aajaer/microros_ws/install/rosidl_typesupport_microxrcedds_test_msg/lib:/home/aajaer/microros_ws/install/rmw_microxrcedds/lib:/home/aajaer/microros_ws/install/rosidl_typesupport_microxrcedds_cpp/lib:/home/aajaer/microros_ws/install/rosidl_typesupport_microxrcedds_c/lib:/home/aajaer/microros_ws/install/rosgraph_msgs/lib:/home/aajaer/microros_ws/install/rclc_parameter/lib:/home/aajaer/microros_ws/install/rclc/lib:/home/aajaer/microros_ws/install/composition_interfaces/lib:/home/aajaer/microros_ws/install/rcl_interfaces/lib:/home/aajaer/microros_ws/install/micro_ros_utilities/lib:/home/aajaer/microros_ws/install/micro_ros_agent/lib:/home/aajaer/microros_ws/install/micro_ros_msgs/lib:/home/aajaer/microros_ws/install/lifecycle_msgs/lib:/home/aajaer/microros_ws/install/complex_msgs/lib:/opt/ros/humble/opt/rviz_ogre_vendor/lib:/opt/ros/humble/lib/aarch64-linux-gnu:/opt/ros/humble/lib /usr/bin/cmake --build /home/aajaer/microros_ws/build/diagnostic_msgs -- -j8 -l8
[0.339s] [  1%] Built target diagnostic_msgs__cpp
[0.357s] [ 10%] Built target diagnostic_msgs__rosidl_generator_c
[0.412s] [ 10%] Built target ament_cmake_python_symlink_diagnostic_msgs
[0.556s] [ 18%] Built target diagnostic_msgs__rosidl_typesupport_cpp
[0.594s] [ 27%] Built target diagnostic_msgs__rosidl_typesupport_microxrcedds_c
[0.684s] [ 36%] Built target diagnostic_msgs__rosidl_typesupport_c
[0.694s] [ 45%] Built target diagnostic_msgs__rosidl_typesupport_fastrtps_c
[0.713s] [ 54%] Built target diagnostic_msgs__rosidl_typesupport_fastrtps_cpp
[0.730s] [ 63%] Built target diagnostic_msgs__rosidl_typesupport_introspection_c
[0.750s] [ 72%] Built target diagnostic_msgs__rosidl_typesupport_introspection_cpp
[0.762s] [ 81%] Built target diagnostic_msgs__rosidl_typesupport_microxrcedds_cpp
[0.918s] [ 81%] Built target diagnostic_msgs
[1.056s] [ 82%] Built target diagnostic_msgs__py
[1.230s] [ 89%] Built target diagnostic_msgs__rosidl_generator_py
[1.376s] [ 92%] Built target diagnostic_msgs__rosidl_typesupport_introspection_c__pyext
[1.394s] [ 94%] Built target diagnostic_msgs__rosidl_typesupport_microxrcedds_c__pyext
[1.511s] [ 97%] Built target diagnostic_msgs__rosidl_typesupport_c__pyext
[1.511s] [100%] Built target diagnostic_msgs__rosidl_typesupport_fastrtps_c__pyext
[1.737s] running egg_info
[1.740s] writing diagnostic_msgs.egg-info/PKG-INFO
[1.740s] writing dependency_links to diagnostic_msgs.egg-info/dependency_links.txt
[1.741s] writing top-level names to diagnostic_msgs.egg-info/top_level.txt
[1.748s] reading manifest file 'diagnostic_msgs.egg-info/SOURCES.txt'
[1.753s] writing manifest file 'diagnostic_msgs.egg-info/SOURCES.txt'
[1.955s] [100%] Built target ament_cmake_python_build_diagnostic_msgs_egg
[2.209s] Invoked command in '/home/aajaer/microros_ws/build/diagnostic_msgs' returned '0': CMAKE_PREFIX_PATH=/home/aajaer/microros_ws/install/geometry_msgs:/home/aajaer/microros_ws/install/std_msgs:/home/aajaer/microros_ws/install/builtin_interfaces:/home/aajaer/microros_ws/install/micro_ros_demos_rclc:/home/aajaer/microros_ws/install/common_interfaces:/home/aajaer/microros_ws/install/visualization_msgs:/home/aajaer/microros_ws/install/test_msgs:/home/aajaer/microros_ws/install/example_interfaces:/home/aajaer/microros_ws/install/action_msgs:/home/aajaer/microros_ws/install/unique_identifier_msgs:/home/aajaer/microros_ws/install/trajectory_msgs:/home/aajaer/microros_ws/install/stereo_msgs:/home/aajaer/microros_ws/install/sllidar_ros2:/home/aajaer/microros_ws/install/std_srvs:/home/aajaer/microros_ws/install/shape_msgs:/home/aajaer/microros_ws/install/sensor_msgs:/home/aajaer/microros_ws/install/nav_msgs:/home/aajaer/microros_ws/install/diagnostic_msgs:/home/aajaer/microros_ws/install/actionlib_msgs:/home/aajaer/microros_ws/install/statistics_msgs:/home/aajaer/microros_ws/install/rosidl_typesupport_microxrcedds_test_msg:/home/aajaer/microros_ws/install/rosidl_typesupport_microxrcedds_cpp_tests:/home/aajaer/microros_ws/install/rmw_microxrcedds:/home/aajaer/microros_ws/install/rosidl_typesupport_microxrcedds_cpp:/home/aajaer/microros_ws/install/rosidl_typesupport_microxrcedds_c_tests:/home/aajaer/microros_ws/install/rosidl_typesupport_microxrcedds_c:/home/aajaer/microros_ws/install/rosgraph_msgs:/home/aajaer/microros_ws/install/rclc_parameter:/home/aajaer/microros_ws/install/rclc:/home/aajaer/microros_ws/install/composition_interfaces:/home/aajaer/microros_ws/install/rcl_interfaces:/home/aajaer/microros_ws/install/microxrcedds_client:/home/aajaer/microros_ws/install/microcdr:/home/aajaer/microros_ws/install/micro_ros_utilities:/home/aajaer/microros_ws/install/micro_ros_setup:/home/aajaer/microros_ws/install/micro_ros_agent:/home/aajaer/microros_ws/install/micro_ros_msgs:/home/aajaer/microros_ws/install/lifecycle_msgs:/home/aajaer/microros_ws/install/complex_msgs:/opt/ros/humble:/opt/ros/humble:/home/aajaer/microros_ws/install/sensor_msgs_py:/home/aajaer/microros_ws/install/motor_control_pkg LD_LIBRARY_PATH=/home/aajaer/microros_ws/install/geometry_msgs/lib:/home/aajaer/microros_ws/install/std_msgs/lib:/home/aajaer/microros_ws/install/builtin_interfaces/lib:/home/aajaer/microros_ws/install/visualization_msgs/lib:/home/aajaer/microros_ws/install/test_msgs/lib:/home/aajaer/microros_ws/install/example_interfaces/lib:/home/aajaer/microros_ws/install/action_msgs/lib:/home/aajaer/microros_ws/install/unique_identifier_msgs/lib:/home/aajaer/microros_ws/install/trajectory_msgs/lib:/home/aajaer/microros_ws/install/stereo_msgs/lib:/home/aajaer/microros_ws/install/std_srvs/lib:/home/aajaer/microros_ws/install/shape_msgs/lib:/home/aajaer/microros_ws/install/sensor_msgs/lib:/home/aajaer/microros_ws/install/nav_msgs/lib:/home/aajaer/microros_ws/install/diagnostic_msgs/lib:/home/aajaer/microros_ws/install/actionlib_msgs/lib:/home/aajaer/microros_ws/install/statistics_msgs/lib:/home/aajaer/microros_ws/install/rosidl_typesupport_microxrcedds_test_msg/lib:/home/aajaer/microros_ws/install/rmw_microxrcedds/lib:/home/aajaer/microros_ws/install/rosidl_typesupport_microxrcedds_cpp/lib:/home/aajaer/microros_ws/install/rosidl_typesupport_microxrcedds_c/lib:/home/aajaer/microros_ws/install/rosgraph_msgs/lib:/home/aajaer/microros_ws/install/rclc_parameter/lib:/home/aajaer/microros_ws/install/rclc/lib:/home/aajaer/microros_ws/install/composition_interfaces/lib:/home/aajaer/microros_ws/install/rcl_interfaces/lib:/home/aajaer/microros_ws/install/micro_ros_utilities/lib:/home/aajaer/microros_ws/install/micro_ros_agent/lib:/home/aajaer/microros_ws/install/micro_ros_msgs/lib:/home/aajaer/microros_ws/install/lifecycle_msgs/lib:/home/aajaer/microros_ws/install/complex_msgs/lib:/opt/ros/humble/opt/rviz_ogre_vendor/lib:/opt/ros/humble/lib/aarch64-linux-gnu:/opt/ros/humble/lib /usr/bin/cmake --build /home/aajaer/microros_ws/build/diagnostic_msgs -- -j8 -l8
[2.210s] Invoking command in '/home/aajaer/microros_ws/build/diagnostic_msgs': CMAKE_PREFIX_PATH=/home/aajaer/microros_ws/install/geometry_msgs:/home/aajaer/microros_ws/install/std_msgs:/home/aajaer/microros_ws/install/builtin_interfaces:/home/aajaer/microros_ws/install/micro_ros_demos_rclc:/home/aajaer/microros_ws/install/common_interfaces:/home/aajaer/microros_ws/install/visualization_msgs:/home/aajaer/microros_ws/install/test_msgs:/home/aajaer/microros_ws/install/example_interfaces:/home/aajaer/microros_ws/install/action_msgs:/home/aajaer/microros_ws/install/unique_identifier_msgs:/home/aajaer/microros_ws/install/trajectory_msgs:/home/aajaer/microros_ws/install/stereo_msgs:/home/aajaer/microros_ws/install/sllidar_ros2:/home/aajaer/microros_ws/install/std_srvs:/home/aajaer/microros_ws/install/shape_msgs:/home/aajaer/microros_ws/install/sensor_msgs:/home/aajaer/microros_ws/install/nav_msgs:/home/aajaer/microros_ws/install/diagnostic_msgs:/home/aajaer/microros_ws/install/actionlib_msgs:/home/aajaer/microros_ws/install/statistics_msgs:/home/aajaer/microros_ws/install/rosidl_typesupport_microxrcedds_test_msg:/home/aajaer/microros_ws/install/rosidl_typesupport_microxrcedds_cpp_tests:/home/aajaer/microros_ws/install/rmw_microxrcedds:/home/aajaer/microros_ws/install/rosidl_typesupport_microxrcedds_cpp:/home/aajaer/microros_ws/install/rosidl_typesupport_microxrcedds_c_tests:/home/aajaer/microros_ws/install/rosidl_typesupport_microxrcedds_c:/home/aajaer/microros_ws/install/rosgraph_msgs:/home/aajaer/microros_ws/install/rclc_parameter:/home/aajaer/microros_ws/install/rclc:/home/aajaer/microros_ws/install/composition_interfaces:/home/aajaer/microros_ws/install/rcl_interfaces:/home/aajaer/microros_ws/install/microxrcedds_client:/home/aajaer/microros_ws/install/microcdr:/home/aajaer/microros_ws/install/micro_ros_utilities:/home/aajaer/microros_ws/install/micro_ros_setup:/home/aajaer/microros_ws/install/micro_ros_agent:/home/aajaer/microros_ws/install/micro_ros_msgs:/home/aajaer/microros_ws/install/lifecycle_msgs:/home/aajaer/microros_ws/install/complex_msgs:/opt/ros/humble:/opt/ros/humble:/home/aajaer/microros_ws/install/sensor_msgs_py:/home/aajaer/microros_ws/install/motor_control_pkg LD_LIBRARY_PATH=/home/aajaer/microros_ws/install/geometry_msgs/lib:/home/aajaer/microros_ws/install/std_msgs/lib:/home/aajaer/microros_ws/install/builtin_interfaces/lib:/home/aajaer/microros_ws/install/visualization_msgs/lib:/home/aajaer/microros_ws/install/test_msgs/lib:/home/aajaer/microros_ws/install/example_interfaces/lib:/home/aajaer/microros_ws/install/action_msgs/lib:/home/aajaer/microros_ws/install/unique_identifier_msgs/lib:/home/aajaer/microros_ws/install/trajectory_msgs/lib:/home/aajaer/microros_ws/install/stereo_msgs/lib:/home/aajaer/microros_ws/install/std_srvs/lib:/home/aajaer/microros_ws/install/shape_msgs/lib:/home/aajaer/microros_ws/install/sensor_msgs/lib:/home/aajaer/microros_ws/install/nav_msgs/lib:/home/aajaer/microros_ws/install/diagnostic_msgs/lib:/home/aajaer/microros_ws/install/actionlib_msgs/lib:/home/aajaer/microros_ws/install/statistics_msgs/lib:/home/aajaer/microros_ws/install/rosidl_typesupport_microxrcedds_test_msg/lib:/home/aajaer/microros_ws/install/rmw_microxrcedds/lib:/home/aajaer/microros_ws/install/rosidl_typesupport_microxrcedds_cpp/lib:/home/aajaer/microros_ws/install/rosidl_typesupport_microxrcedds_c/lib:/home/aajaer/microros_ws/install/rosgraph_msgs/lib:/home/aajaer/microros_ws/install/rclc_parameter/lib:/home/aajaer/microros_ws/install/rclc/lib:/home/aajaer/microros_ws/install/composition_interfaces/lib:/home/aajaer/microros_ws/install/rcl_interfaces/lib:/home/aajaer/microros_ws/install/micro_ros_utilities/lib:/home/aajaer/microros_ws/install/micro_ros_agent/lib:/home/aajaer/microros_ws/install/micro_ros_msgs/lib:/home/aajaer/microros_ws/install/lifecycle_msgs/lib:/home/aajaer/microros_ws/install/complex_msgs/lib:/opt/ros/humble/opt/rviz_ogre_vendor/lib:/opt/ros/humble/lib/aarch64-linux-gnu:/opt/ros/humble/lib /usr/bin/cmake --install /home/aajaer/microros_ws/build/diagnostic_msgs
[2.385s] -- Install configuration: ""
[2.386s] -- Execute custom install script
[2.387s] -- Up-to-date symlink: /home/aajaer/microros_ws/install/diagnostic_msgs/share/ament_index/resource_index/rosidl_interfaces/diagnostic_msgs
[2.388s] -- Up-to-date symlink: /home/aajaer/microros_ws/install/diagnostic_msgs/include/diagnostic_msgs/diagnostic_msgs/msg/detail/diagnostic_array__functions.h
[2.388s] -- Up-to-date symlink: /home/aajaer/microros_ws/install/diagnostic_msgs/include/diagnostic_msgs/diagnostic_msgs/msg/detail/diagnostic_array__struct.h
[2.388s] -- Up-to-date symlink: /home/aajaer/microros_ws/install/diagnostic_msgs/include/diagnostic_msgs/diagnostic_msgs/msg/detail/diagnostic_array__type_support.h
[2.389s] -- Up-to-date symlink: /home/aajaer/microros_ws/install/diagnostic_msgs/include/diagnostic_msgs/diagnostic_msgs/msg/detail/diagnostic_status__functions.h
[2.389s] -- Up-to-date symlink: /home/aajaer/microros_ws/install/diagnostic_msgs/include/diagnostic_msgs/diagnostic_msgs/msg/detail/diagnostic_status__struct.h
[2.390s] -- Up-to-date symlink: /home/aajaer/microros_ws/install/diagnostic_msgs/include/diagnostic_msgs/diagnostic_msgs/msg/detail/diagnostic_status__type_support.h
[2.390s] -- Up-to-date symlink: /home/aajaer/microros_ws/install/diagnostic_msgs/include/diagnostic_msgs/diagnostic_msgs/msg/detail/key_value__functions.h
[2.391s] -- Up-to-date symlink: /home/aajaer/microros_ws/install/diagnostic_msgs/include/diagnostic_msgs/diagnostic_msgs/msg/detail/key_value__struct.h
[2.391s] -- Up-to-date symlink: /home/aajaer/microros_ws/install/diagnostic_msgs/include/diagnostic_msgs/diagnostic_msgs/msg/detail/key_value__type_support.h
[2.392s] -- Up-to-date symlink: /home/aajaer/microros_ws/install/diagnostic_msgs/include/diagnostic_msgs/diagnostic_msgs/msg/diagnostic_array.h
[2.392s] -- Up-to-date symlink: /home/aajaer/microros_ws/install/diagnostic_msgs/include/diagnostic_msgs/diagnostic_msgs/msg/diagnostic_status.h
[2.393s] -- Up-to-date symlink: /home/aajaer/microros_ws/install/diagnostic_msgs/include/diagnostic_msgs/diagnostic_msgs/msg/key_value.h
[2.393s] -- Up-to-date symlink: /home/aajaer/microros_ws/install/diagnostic_msgs/include/diagnostic_msgs/diagnostic_msgs/msg/rosidl_generator_c__visibility_control.h
[2.393s] -- Up-to-date symlink: /home/aajaer/microros_ws/install/diagnostic_msgs/include/diagnostic_msgs/diagnostic_msgs/srv/add_diagnostics.h
[2.394s] -- Up-to-date symlink: /home/aajaer/microros_ws/install/diagnostic_msgs/include/diagnostic_msgs/diagnostic_msgs/srv/detail/add_diagnostics__functions.h
[2.394s] -- Up-to-date symlink: /home/aajaer/microros_ws/install/diagnostic_msgs/include/diagnostic_msgs/diagnostic_msgs/srv/detail/add_diagnostics__struct.h
[2.395s] -- Up-to-date symlink: /home/aajaer/microros_ws/install/diagnostic_msgs/include/diagnostic_msgs/diagnostic_msgs/srv/detail/add_diagnostics__type_support.h
[2.395s] -- Up-to-date symlink: /home/aajaer/microros_ws/install/diagnostic_msgs/include/diagnostic_msgs/diagnostic_msgs/srv/detail/self_test__functions.h
[2.396s] -- Up-to-date symlink: /home/aajaer/microros_ws/install/diagnostic_msgs/include/diagnostic_msgs/diagnostic_msgs/srv/detail/self_test__struct.h
[2.396s] -- Up-to-date symlink: /home/aajaer/microros_ws/install/diagnostic_msgs/include/diagnostic_msgs/diagnostic_msgs/srv/detail/self_test__type_support.h
[2.396s] -- Up-to-date symlink: /home/aajaer/microros_ws/install/diagnostic_msgs/include/diagnostic_msgs/diagnostic_msgs/srv/self_test.h
[2.396s] -- Up-to-date symlink: /home/aajaer/microros_ws/install/diagnostic_msgs/share/diagnostic_msgs/environment/library_path.sh
[2.397s] -- Up-to-date symlink: /home/aajaer/microros_ws/install/diagnostic_msgs/share/diagnostic_msgs/environment/library_path.dsv
[2.397s] -- Up-to-date symlink: /home/aajaer/microros_ws/install/diagnostic_msgs/include/diagnostic_msgs/msg/detail/diagnostic_array__rosidl_typesupport_microxrcedds_c.h
[2.398s] -- Up-to-date symlink: /home/aajaer/microros_ws/install/diagnostic_msgs/include/diagnostic_msgs/msg/detail/diagnostic_status__rosidl_typesupport_microxrcedds_c.h
[2.399s] -- Up-to-date symlink: /home/aajaer/microros_ws/install/diagnostic_msgs/include/diagnostic_msgs/msg/detail/key_value__rosidl_typesupport_microxrcedds_c.h
[2.399s] -- Up-to-date symlink: /home/aajaer/microros_ws/install/diagnostic_msgs/include/diagnostic_msgs/msg/rosidl_typesupport_microxrcedds_c__visibility_control.h
[2.399s] -- Up-to-date symlink: /home/aajaer/microros_ws/install/diagnostic_msgs/include/diagnostic_msgs/srv/detail/add_diagnostics__rosidl_typesupport_microxrcedds_c.h
[2.399s] -- Up-to-date symlink: /home/aajaer/microros_ws/install/diagnostic_msgs/include/diagnostic_msgs/srv/detail/self_test__rosidl_typesupport_microxrcedds_c.h
[2.400s] -- Up-to-date symlink: /home/aajaer/microros_ws/install/diagnostic_msgs/lib/libdiagnostic_msgs__rosidl_typesupport_microxrcedds_c.a
[2.400s] -- Up-to-date symlink: /home/aajaer/microros_ws/install/diagnostic_msgs/include/diagnostic_msgs/diagnostic_msgs/msg/detail/diagnostic_array__rosidl_typesupport_fastrtps_c.h
[2.400s] -- Up-to-date symlink: /home/aajaer/microros_ws/install/diagnostic_msgs/include/diagnostic_msgs/diagnostic_msgs/msg/detail/diagnostic_status__rosidl_typesupport_fastrtps_c.h
[2.401s] -- Up-to-date symlink: /home/aajaer/microros_ws/install/diagnostic_msgs/include/diagnostic_msgs/diagnostic_msgs/msg/detail/key_value__rosidl_typesupport_fastrtps_c.h
[2.401s] -- Up-to-date symlink: /home/aajaer/microros_ws/install/diagnostic_msgs/include/diagnostic_msgs/diagnostic_msgs/msg/rosidl_typesupport_fastrtps_c__visibility_control.h
[2.401s] -- Up-to-date symlink: /home/aajaer/microros_ws/install/diagnostic_msgs/include/diagnostic_msgs/diagnostic_msgs/srv/detail/add_diagnostics__rosidl_typesupport_fastrtps_c.h
[2.402s] -- Up-to-date symlink: /home/aajaer/microros_ws/install/diagnostic_msgs/include/diagnostic_msgs/diagnostic_msgs/srv/detail/self_test__rosidl_typesupport_fastrtps_c.h
[2.402s] -- Up-to-date symlink: /home/aajaer/microros_ws/install/diagnostic_msgs/include/diagnostic_msgs/diagnostic_msgs/msg/detail/diagnostic_array__rosidl_typesupport_introspection_c.h
[2.402s] -- Up-to-date symlink: /home/aajaer/microros_ws/install/diagnostic_msgs/include/diagnostic_msgs/diagnostic_msgs/msg/detail/diagnostic_status__rosidl_typesupport_introspection_c.h
[2.402s] -- Up-to-date symlink: /home/aajaer/microros_ws/install/diagnostic_msgs/include/diagnostic_msgs/diagnostic_msgs/msg/detail/key_value__rosidl_typesupport_introspection_c.h
[2.403s] -- Up-to-date symlink: /home/aajaer/microros_ws/install/diagnostic_msgs/include/diagnostic_msgs/diagnostic_msgs/msg/rosidl_typesupport_introspection_c__visibility_control.h
[2.403s] -- Up-to-date symlink: /home/aajaer/microros_ws/install/diagnostic_msgs/include/diagnostic_msgs/diagnostic_msgs/srv/detail/add_diagnostics__rosidl_typesupport_introspection_c.h
[2.403s] -- Up-to-date symlink: /home/aajaer/microros_ws/install/diagnostic_msgs/include/diagnostic_msgs/diagnostic_msgs/srv/detail/self_test__rosidl_typesupport_introspection_c.h
[2.404s] -- Up-to-date symlink: /home/aajaer/microros_ws/install/diagnostic_msgs/include/diagnostic_msgs/diagnostic_msgs/msg/detail/diagnostic_array__builder.hpp
[2.404s] -- Up-to-date symlink: /home/aajaer/microros_ws/install/diagnostic_msgs/include/diagnostic_msgs/diagnostic_msgs/msg/detail/diagnostic_array__struct.hpp
[2.404s] -- Up-to-date symlink: /home/aajaer/microros_ws/install/diagnostic_msgs/include/diagnostic_msgs/diagnostic_msgs/msg/detail/diagnostic_array__traits.hpp
[2.404s] -- Up-to-date symlink: /home/aajaer/microros_ws/install/diagnostic_msgs/include/diagnostic_msgs/diagnostic_msgs/msg/detail/diagnostic_array__type_support.hpp
[2.405s] -- Up-to-date symlink: /home/aajaer/microros_ws/install/diagnostic_msgs/include/diagnostic_msgs/diagnostic_msgs/msg/detail/diagnostic_status__builder.hpp
[2.405s] -- Up-to-date symlink: /home/aajaer/microros_ws/install/diagnostic_msgs/include/diagnostic_msgs/diagnostic_msgs/msg/detail/diagnostic_status__struct.hpp
[2.405s] -- Up-to-date symlink: /home/aajaer/microros_ws/install/diagnostic_msgs/include/diagnostic_msgs/diagnostic_msgs/msg/detail/diagnostic_status__traits.hpp
[2.406s] -- Up-to-date symlink: /home/aajaer/microros_ws/install/diagnostic_msgs/include/diagnostic_msgs/diagnostic_msgs/msg/detail/diagnostic_status__type_support.hpp
[2.406s] -- Up-to-date symlink: /home/aajaer/microros_ws/install/diagnostic_msgs/include/diagnostic_msgs/diagnostic_msgs/msg/detail/key_value__builder.hpp
[2.414s] -- Up-to-date symlink: /home/aajaer/microros_ws/install/diagnostic_msgs/include/diagnostic_msgs/diagnostic_msgs/msg/detail/key_value__struct.hpp
[2.414s] -- Up-to-date symlink: /home/aajaer/microros_ws/install/diagnostic_msgs/include/diagnostic_msgs/diagnostic_msgs/msg/detail/key_value__traits.hpp
[2.415s] -- Up-to-date symlink: /home/aajaer/microros_ws/install/diagnostic_msgs/include/diagnostic_msgs/diagnostic_msgs/msg/detail/key_value__type_support.hpp
[2.415s] -- Up-to-date symlink: /home/aajaer/microros_ws/install/diagnostic_msgs/include/diagnostic_msgs/diagnostic_msgs/msg/diagnostic_array.hpp
[2.415s] -- Up-to-date symlink: /home/aajaer/microros_ws/install/diagnostic_msgs/include/diagnostic_msgs/diagnostic_msgs/msg/diagnostic_status.hpp
[2.416s] -- Up-to-date symlink: /home/aajaer/microros_ws/install/diagnostic_msgs/include/diagnostic_msgs/diagnostic_msgs/msg/key_value.hpp
[2.416s] -- Up-to-date symlink: /home/aajaer/microros_ws/install/diagnostic_msgs/include/diagnostic_msgs/diagnostic_msgs/msg/rosidl_generator_cpp__visibility_control.hpp
[2.417s] -- Up-to-date symlink: /home/aajaer/microros_ws/install/diagnostic_msgs/include/diagnostic_msgs/diagnostic_msgs/srv/add_diagnostics.hpp
[2.417s] -- Up-to-date symlink: /home/aajaer/microros_ws/install/diagnostic_msgs/include/diagnostic_msgs/diagnostic_msgs/srv/detail/add_diagnostics__builder.hpp
[2.418s] -- Up-to-date symlink: /home/aajaer/microros_ws/install/diagnostic_msgs/include/diagnostic_msgs/diagnostic_msgs/srv/detail/add_diagnostics__struct.hpp
[2.418s] -- Up-to-date symlink: /home/aajaer/microros_ws/install/diagnostic_msgs/include/diagnostic_msgs/diagnostic_msgs/srv/detail/add_diagnostics__traits.hpp
[2.419s] -- Up-to-date symlink: /home/aajaer/microros_ws/install/diagnostic_msgs/include/diagnostic_msgs/diagnostic_msgs/srv/detail/add_diagnostics__type_support.hpp
[2.420s] -- Up-to-date symlink: /home/aajaer/microros_ws/install/diagnostic_msgs/include/diagnostic_msgs/diagnostic_msgs/srv/detail/self_test__builder.hpp
[2.420s] -- Up-to-date symlink: /home/aajaer/microros_ws/install/diagnostic_msgs/include/diagnostic_msgs/diagnostic_msgs/srv/detail/self_test__struct.hpp
[2.421s] -- Up-to-date symlink: /home/aajaer/microros_ws/install/diagnostic_msgs/include/diagnostic_msgs/diagnostic_msgs/srv/detail/self_test__traits.hpp
[2.421s] -- Up-to-date symlink: /home/aajaer/microros_ws/install/diagnostic_msgs/include/diagnostic_msgs/diagnostic_msgs/srv/detail/self_test__type_support.hpp
[2.421s] -- Up-to-date symlink: /home/aajaer/microros_ws/install/diagnostic_msgs/include/diagnostic_msgs/diagnostic_msgs/srv/self_test.hpp
[2.422s] -- Up-to-date symlink: /home/aajaer/microros_ws/install/diagnostic_msgs/include/diagnostic_msgs/msg/detail/diagnostic_array__rosidl_typesupport_microxrcedds_cpp.hpp
[2.422s] -- Up-to-date symlink: /home/aajaer/microros_ws/install/diagnostic_msgs/include/diagnostic_msgs/msg/detail/diagnostic_status__rosidl_typesupport_microxrcedds_cpp.hpp
[2.423s] -- Up-to-date symlink: /home/aajaer/microros_ws/install/diagnostic_msgs/include/diagnostic_msgs/msg/detail/key_value__rosidl_typesupport_microxrcedds_cpp.hpp
[2.423s] -- Up-to-date symlink: /home/aajaer/microros_ws/install/diagnostic_msgs/include/diagnostic_msgs/msg/detail/microxrcedds/diagnostic_array__type_support_cpp.cpp
[2.423s] -- Up-to-date symlink: /home/aajaer/microros_ws/install/diagnostic_msgs/include/diagnostic_msgs/msg/detail/microxrcedds/diagnostic_status__type_support_cpp.cpp
[2.424s] -- Up-to-date symlink: /home/aajaer/microros_ws/install/diagnostic_msgs/include/diagnostic_msgs/msg/detail/microxrcedds/key_value__type_support_cpp.cpp
[2.425s] -- Up-to-date symlink: /home/aajaer/microros_ws/install/diagnostic_msgs/include/diagnostic_msgs/msg/rosidl_typesupport_microxrcedds_cpp__visibility_control.h
[2.426s] -- Up-to-date symlink: /home/aajaer/microros_ws/install/diagnostic_msgs/include/diagnostic_msgs/srv/detail/add_diagnostics__rosidl_typesupport_microxrcedds_cpp.hpp
[2.428s] -- Up-to-date symlink: /home/aajaer/microros_ws/install/diagnostic_msgs/include/diagnostic_msgs/srv/detail/microxrcedds/add_diagnostics__type_support_cpp.cpp
[2.428s] -- Up-to-date symlink: /home/aajaer/microros_ws/install/diagnostic_msgs/include/diagnostic_msgs/srv/detail/microxrcedds/self_test__type_support_cpp.cpp
[2.430s] -- Up-to-date symlink: /home/aajaer/microros_ws/install/diagnostic_msgs/include/diagnostic_msgs/srv/detail/self_test__rosidl_typesupport_microxrcedds_cpp.hpp
[2.430s] -- Up-to-date symlink: /home/aajaer/microros_ws/install/diagnostic_msgs/lib/libdiagnostic_msgs__rosidl_typesupport_microxrcedds_cpp.a
[2.430s] -- Up-to-date symlink: /home/aajaer/microros_ws/install/diagnostic_msgs/include/diagnostic_msgs/diagnostic_msgs/msg/detail/diagnostic_array__rosidl_typesupport_fastrtps_cpp.hpp
[2.431s] -- Up-to-date symlink: /home/aajaer/microros_ws/install/diagnostic_msgs/include/diagnostic_msgs/diagnostic_msgs/msg/detail/diagnostic_status__rosidl_typesupport_fastrtps_cpp.hpp
[2.431s] -- Up-to-date symlink: /home/aajaer/microros_ws/install/diagnostic_msgs/include/diagnostic_msgs/diagnostic_msgs/msg/detail/key_value__rosidl_typesupport_fastrtps_cpp.hpp
[2.431s] -- Up-to-date symlink: /home/aajaer/microros_ws/install/diagnostic_msgs/include/diagnostic_msgs/diagnostic_msgs/msg/rosidl_typesupport_fastrtps_cpp__visibility_control.h
[2.432s] -- Up-to-date symlink: /home/aajaer/microros_ws/install/diagnostic_msgs/include/diagnostic_msgs/diagnostic_msgs/srv/detail/add_diagnostics__rosidl_typesupport_fastrtps_cpp.hpp
[2.432s] -- Up-to-date symlink: /home/aajaer/microros_ws/install/diagnostic_msgs/include/diagnostic_msgs/diagnostic_msgs/srv/detail/self_test__rosidl_typesupport_fastrtps_cpp.hpp
[2.433s] -- Up-to-date symlink: /home/aajaer/microros_ws/install/diagnostic_msgs/include/diagnostic_msgs/diagnostic_msgs/msg/detail/diagnostic_array__rosidl_typesupport_introspection_cpp.hpp
[2.433s] -- Up-to-date symlink: /home/aajaer/microros_ws/install/diagnostic_msgs/include/diagnostic_msgs/diagnostic_msgs/msg/detail/diagnostic_status__rosidl_typesupport_introspection_cpp.hpp
[2.433s] -- Up-to-date symlink: /home/aajaer/microros_ws/install/diagnostic_msgs/include/diagnostic_msgs/diagnostic_msgs/msg/detail/key_value__rosidl_typesupport_introspection_cpp.hpp
[2.434s] -- Up-to-date symlink: /home/aajaer/microros_ws/install/diagnostic_msgs/include/diagnostic_msgs/diagnostic_msgs/srv/detail/add_diagnostics__rosidl_typesupport_introspection_cpp.hpp
[2.435s] -- Up-to-date symlink: /home/aajaer/microros_ws/install/diagnostic_msgs/include/diagnostic_msgs/diagnostic_msgs/srv/detail/self_test__rosidl_typesupport_introspection_cpp.hpp
[2.435s] -- Up-to-date symlink: /home/aajaer/microros_ws/install/diagnostic_msgs/share/diagnostic_msgs/environment/pythonpath.sh
[2.435s] -- Up-to-date symlink: /home/aajaer/microros_ws/install/diagnostic_msgs/share/diagnostic_msgs/environment/pythonpath.dsv
[2.435s] -- Up-to-date symlink: /home/aajaer/microros_ws/install/diagnostic_msgs/local/lib/python3.10/dist-packages/diagnostic_msgs-4.2.4-py3.10.egg-info/PKG-INFO
[2.436s] -- Up-to-date symlink: /home/aajaer/microros_ws/install/diagnostic_msgs/local/lib/python3.10/dist-packages/diagnostic_msgs-4.2.4-py3.10.egg-info/SOURCES.txt
[2.436s] -- Up-to-date symlink: /home/aajaer/microros_ws/install/diagnostic_msgs/local/lib/python3.10/dist-packages/diagnostic_msgs-4.2.4-py3.10.egg-info/dependency_links.txt
[2.436s] -- Up-to-date symlink: /home/aajaer/microros_ws/install/diagnostic_msgs/local/lib/python3.10/dist-packages/diagnostic_msgs-4.2.4-py3.10.egg-info/top_level.txt
[2.437s] -- Up-to-date symlink: /home/aajaer/microros_ws/install/diagnostic_msgs/local/lib/python3.10/dist-packages/diagnostic_msgs/__init__.py
[2.438s] -- Up-to-date symlink: /home/aajaer/microros_ws/install/diagnostic_msgs/local/lib/python3.10/dist-packages/diagnostic_msgs/_diagnostic_msgs_s.ep.rosidl_typesupport_c.c
[2.440s] -- Up-to-date symlink: /home/aajaer/microros_ws/install/diagnostic_msgs/local/lib/python3.10/dist-packages/diagnostic_msgs/_diagnostic_msgs_s.ep.rosidl_typesupport_fastrtps_c.c
[2.440s] -- Up-to-date symlink: /home/aajaer/microros_ws/install/diagnostic_msgs/local/lib/python3.10/dist-packages/diagnostic_msgs/_diagnostic_msgs_s.ep.rosidl_typesupport_introspection_c.c
[2.440s] -- Up-to-date symlink: /home/aajaer/microros_ws/install/diagnostic_msgs/local/lib/python3.10/dist-packages/diagnostic_msgs/_diagnostic_msgs_s.ep.rosidl_typesupport_microxrcedds_c.c
[2.440s] -- Up-to-date symlink: /home/aajaer/microros_ws/install/diagnostic_msgs/local/lib/python3.10/dist-packages/diagnostic_msgs/diagnostic_msgs_s__rosidl_typesupport_c.cpython-310-aarch64-linux-gnu.so
[2.441s] -- Up-to-date symlink: /home/aajaer/microros_ws/install/diagnostic_msgs/local/lib/python3.10/dist-packages/diagnostic_msgs/diagnostic_msgs_s__rosidl_typesupport_fastrtps_c.cpython-310-aarch64-linux-gnu.so
[2.441s] -- Up-to-date symlink: /home/aajaer/microros_ws/install/diagnostic_msgs/local/lib/python3.10/dist-packages/diagnostic_msgs/diagnostic_msgs_s__rosidl_typesupport_introspection_c.cpython-310-aarch64-linux-gnu.so
[2.441s] -- Up-to-date symlink: /home/aajaer/microros_ws/install/diagnostic_msgs/local/lib/python3.10/dist-packages/diagnostic_msgs/diagnostic_msgs_s__rosidl_typesupport_microxrcedds_c.cpython-310-aarch64-linux-gnu.so
[2.442s] -- Up-to-date symlink: /home/aajaer/microros_ws/install/diagnostic_msgs/local/lib/python3.10/dist-packages/diagnostic_msgs/libdiagnostic_msgs__rosidl_generator_py.so
[2.442s] -- Up-to-date symlink: /home/aajaer/microros_ws/install/diagnostic_msgs/local/lib/python3.10/dist-packages/diagnostic_msgs/msg/__init__.py
[2.442s] -- Up-to-date symlink: /home/aajaer/microros_ws/install/diagnostic_msgs/local/lib/python3.10/dist-packages/diagnostic_msgs/msg/_diagnostic_array.py
[2.443s] -- Up-to-date symlink: /home/aajaer/microros_ws/install/diagnostic_msgs/local/lib/python3.10/dist-packages/diagnostic_msgs/msg/_diagnostic_array_s.c
[2.443s] -- Up-to-date symlink: /home/aajaer/microros_ws/install/diagnostic_msgs/local/lib/python3.10/dist-packages/diagnostic_msgs/msg/_diagnostic_status.py
[2.443s] -- Up-to-date symlink: /home/aajaer/microros_ws/install/diagnostic_msgs/local/lib/python3.10/dist-packages/diagnostic_msgs/msg/_diagnostic_status_s.c
[2.444s] -- Up-to-date symlink: /home/aajaer/microros_ws/install/diagnostic_msgs/local/lib/python3.10/dist-packages/diagnostic_msgs/msg/_key_value.py
[2.444s] -- Up-to-date symlink: /home/aajaer/microros_ws/install/diagnostic_msgs/local/lib/python3.10/dist-packages/diagnostic_msgs/msg/_key_value_s.c
[2.444s] -- Up-to-date symlink: /home/aajaer/microros_ws/install/diagnostic_msgs/local/lib/python3.10/dist-packages/diagnostic_msgs/srv/__init__.py
[2.445s] -- Up-to-date symlink: /home/aajaer/microros_ws/install/diagnostic_msgs/local/lib/python3.10/dist-packages/diagnostic_msgs/srv/_add_diagnostics.py
[2.445s] -- Up-to-date symlink: /home/aajaer/microros_ws/install/diagnostic_msgs/local/lib/python3.10/dist-packages/diagnostic_msgs/srv/_add_diagnostics_s.c
[2.445s] -- Up-to-date symlink: /home/aajaer/microros_ws/install/diagnostic_msgs/local/lib/python3.10/dist-packages/diagnostic_msgs/srv/_self_test.py
[2.445s] -- Up-to-date symlink: /home/aajaer/microros_ws/install/diagnostic_msgs/local/lib/python3.10/dist-packages/diagnostic_msgs/srv/_self_test_s.c
[2.446s] -- Up-to-date symlink: /home/aajaer/microros_ws/install/diagnostic_msgs/local/lib/python3.10/dist-packages/diagnostic_msgs/diagnostic_msgs_s__rosidl_typesupport_microxrcedds_c.cpython-310-aarch64-linux-gnu.so
[2.446s] -- Up-to-date symlink: /home/aajaer/microros_ws/install/diagnostic_msgs/local/lib/python3.10/dist-packages/diagnostic_msgs/diagnostic_msgs_s__rosidl_typesupport_fastrtps_c.cpython-310-aarch64-linux-gnu.so
[2.446s] -- Up-to-date symlink: /home/aajaer/microros_ws/install/diagnostic_msgs/local/lib/python3.10/dist-packages/diagnostic_msgs/diagnostic_msgs_s__rosidl_typesupport_introspection_c.cpython-310-aarch64-linux-gnu.so
[2.446s] -- Up-to-date symlink: /home/aajaer/microros_ws/install/diagnostic_msgs/local/lib/python3.10/dist-packages/diagnostic_msgs/diagnostic_msgs_s__rosidl_typesupport_c.cpython-310-aarch64-linux-gnu.so
[2.447s] -- Up-to-date symlink: /home/aajaer/microros_ws/install/diagnostic_msgs/share/diagnostic_msgs/msg/DiagnosticArray.idl
[2.447s] -- Up-to-date symlink: /home/aajaer/microros_ws/install/diagnostic_msgs/share/diagnostic_msgs/msg/DiagnosticStatus.idl
[2.447s] -- Up-to-date symlink: /home/aajaer/microros_ws/install/diagnostic_msgs/share/diagnostic_msgs/msg/KeyValue.idl
[2.448s] -- Up-to-date symlink: /home/aajaer/microros_ws/install/diagnostic_msgs/share/diagnostic_msgs/srv/AddDiagnostics.idl
[2.448s] -- Up-to-date symlink: /home/aajaer/microros_ws/install/diagnostic_msgs/share/diagnostic_msgs/srv/SelfTest.idl
[2.448s] -- Up-to-date symlink: /home/aajaer/microros_ws/install/diagnostic_msgs/share/diagnostic_msgs/msg/DiagnosticArray.msg
[2.448s] -- Up-to-date symlink: /home/aajaer/microros_ws/install/diagnostic_msgs/share/diagnostic_msgs/msg/DiagnosticStatus.msg
[2.448s] -- Up-to-date symlink: /home/aajaer/microros_ws/install/diagnostic_msgs/share/diagnostic_msgs/msg/KeyValue.msg
[2.449s] -- Up-to-date symlink: /home/aajaer/microros_ws/install/diagnostic_msgs/share/diagnostic_msgs/srv/AddDiagnostics.srv
[2.450s] -- Up-to-date symlink: /home/aajaer/microros_ws/install/diagnostic_msgs/share/diagnostic_msgs/srv/AddDiagnostics_Request.msg
[2.450s] -- Up-to-date symlink: /home/aajaer/microros_ws/install/diagnostic_msgs/share/diagnostic_msgs/srv/AddDiagnostics_Response.msg
[2.450s] -- Up-to-date symlink: /home/aajaer/microros_ws/install/diagnostic_msgs/share/diagnostic_msgs/srv/SelfTest.srv
[2.451s] -- Up-to-date symlink: /home/aajaer/microros_ws/install/diagnostic_msgs/share/diagnostic_msgs/srv/SelfTest_Request.msg
[2.451s] -- Up-to-date symlink: /home/aajaer/microros_ws/install/diagnostic_msgs/share/diagnostic_msgs/srv/SelfTest_Response.msg
[2.451s] -- Up-to-date symlink: /home/aajaer/microros_ws/install/diagnostic_msgs/share/ament_index/resource_index/package_run_dependencies/diagnostic_msgs
[2.452s] -- Up-to-date symlink: /home/aajaer/microros_ws/install/diagnostic_msgs/share/ament_index/resource_index/parent_prefix_path/diagnostic_msgs
[2.452s] -- Up-to-date symlink: /home/aajaer/microros_ws/install/diagnostic_msgs/share/diagnostic_msgs/environment/ament_prefix_path.sh
[2.452s] -- Up-to-date symlink: /home/aajaer/microros_ws/install/diagnostic_msgs/share/diagnostic_msgs/environment/ament_prefix_path.dsv
[2.452s] -- Up-to-date symlink: /home/aajaer/microros_ws/install/diagnostic_msgs/share/diagnostic_msgs/environment/path.sh
[2.453s] -- Up-to-date symlink: /home/aajaer/microros_ws/install/diagnostic_msgs/share/diagnostic_msgs/environment/path.dsv
[2.454s] -- Up-to-date symlink: /home/aajaer/microros_ws/install/diagnostic_msgs/share/diagnostic_msgs/local_setup.bash
[2.454s] -- Up-to-date symlink: /home/aajaer/microros_ws/install/diagnostic_msgs/share/diagnostic_msgs/local_setup.sh
[2.454s] -- Up-to-date symlink: /home/aajaer/microros_ws/install/diagnostic_msgs/share/diagnostic_msgs/local_setup.zsh
[2.455s] -- Up-to-date symlink: /home/aajaer/microros_ws/install/diagnostic_msgs/share/diagnostic_msgs/local_setup.dsv
[2.455s] -- Symlinking: /home/aajaer/microros_ws/install/diagnostic_msgs/share/diagnostic_msgs/package.dsv
[2.522s] -- Up-to-date symlink: /home/aajaer/microros_ws/install/diagnostic_msgs/share/ament_index/resource_index/packages/diagnostic_msgs
[2.522s] -- Up-to-date symlink: /home/aajaer/microros_ws/install/diagnostic_msgs/share/diagnostic_msgs/cmake/rosidl_cmake-extras.cmake
[2.522s] -- Up-to-date symlink: /home/aajaer/microros_ws/install/diagnostic_msgs/share/diagnostic_msgs/cmake/ament_cmake_export_dependencies-extras.cmake
[2.524s] -- Up-to-date symlink: /home/aajaer/microros_ws/install/diagnostic_msgs/share/diagnostic_msgs/cmake/ament_cmake_export_include_directories-extras.cmake
[2.525s] -- Up-to-date symlink: /home/aajaer/microros_ws/install/diagnostic_msgs/share/diagnostic_msgs/cmake/ament_cmake_export_libraries-extras.cmake
[2.525s] -- Up-to-date symlink: /home/aajaer/microros_ws/install/diagnostic_msgs/share/diagnostic_msgs/cmake/ament_cmake_export_targets-extras.cmake
[2.528s] -- Up-to-date symlink: /home/aajaer/microros_ws/install/diagnostic_msgs/share/diagnostic_msgs/cmake/rosidl_cmake_export_typesupport_targets-extras.cmake
[2.528s] -- Up-to-date symlink: /home/aajaer/microros_ws/install/diagnostic_msgs/share/diagnostic_msgs/cmake/rosidl_cmake_export_typesupport_libraries-extras.cmake
[2.528s] -- Up-to-date symlink: /home/aajaer/microros_ws/install/diagnostic_msgs/share/diagnostic_msgs/cmake/diagnostic_msgsConfig.cmake
[2.529s] -- Up-to-date symlink: /home/aajaer/microros_ws/install/diagnostic_msgs/share/diagnostic_msgs/cmake/diagnostic_msgsConfig-version.cmake
[2.529s] -- Up-to-date symlink: /home/aajaer/microros_ws/install/diagnostic_msgs/share/diagnostic_msgs/package.xml
[2.530s] -- Up-to-date: /home/aajaer/microros_ws/install/diagnostic_msgs/lib/libdiagnostic_msgs__rosidl_generator_c.so
[2.537s] -- Up-to-date: /home/aajaer/microros_ws/install/diagnostic_msgs/lib/libdiagnostic_msgs__rosidl_typesupport_fastrtps_c.so
[2.538s] -- Up-to-date: /home/aajaer/microros_ws/install/diagnostic_msgs/lib/libdiagnostic_msgs__rosidl_typesupport_introspection_c.so
[2.539s] -- Up-to-date: /home/aajaer/microros_ws/install/diagnostic_msgs/lib/libdiagnostic_msgs__rosidl_typesupport_c.so
[2.540s] -- Up-to-date: /home/aajaer/microros_ws/install/diagnostic_msgs/lib/libdiagnostic_msgs__rosidl_typesupport_fastrtps_cpp.so
[2.542s] -- Up-to-date: /home/aajaer/microros_ws/install/diagnostic_msgs/lib/libdiagnostic_msgs__rosidl_typesupport_introspection_cpp.so
[2.543s] -- Up-to-date: /home/aajaer/microros_ws/install/diagnostic_msgs/lib/libdiagnostic_msgs__rosidl_typesupport_cpp.so
[2.575s] Listing '/home/aajaer/microros_ws/install/diagnostic_msgs/local/lib/python3.10/dist-packages/diagnostic_msgs'...
[2.576s] Listing '/home/aajaer/microros_ws/install/diagnostic_msgs/local/lib/python3.10/dist-packages/diagnostic_msgs/msg'...
[2.576s] Listing '/home/aajaer/microros_ws/install/diagnostic_msgs/local/lib/python3.10/dist-packages/diagnostic_msgs/srv'...
[2.577s] -- Up-to-date: /home/aajaer/microros_ws/install/diagnostic_msgs/lib/libdiagnostic_msgs__rosidl_generator_py.so
[2.577s] -- Up-to-date: /home/aajaer/microros_ws/install/diagnostic_msgs/share/diagnostic_msgs/cmake/export_diagnostic_msgs__rosidl_generator_cExport.cmake
[2.578s] -- Up-to-date: /home/aajaer/microros_ws/install/diagnostic_msgs/share/diagnostic_msgs/cmake/export_diagnostic_msgs__rosidl_generator_cExport-noconfig.cmake
[2.578s] -- Up-to-date: /home/aajaer/microros_ws/install/diagnostic_msgs/share/diagnostic_msgs/cmake/export_diagnostic_msgs__rosidl_typesupport_fastrtps_cExport.cmake
[2.578s] -- Up-to-date: /home/aajaer/microros_ws/install/diagnostic_msgs/share/diagnostic_msgs/cmake/export_diagnostic_msgs__rosidl_typesupport_fastrtps_cExport-noconfig.cmake
[2.578s] -- Up-to-date: /home/aajaer/microros_ws/install/diagnostic_msgs/share/diagnostic_msgs/cmake/diagnostic_msgs__rosidl_typesupport_introspection_cExport.cmake
[2.579s] -- Up-to-date: /home/aajaer/microros_ws/install/diagnostic_msgs/share/diagnostic_msgs/cmake/diagnostic_msgs__rosidl_typesupport_introspection_cExport-noconfig.cmake
[2.579s] -- Up-to-date: /home/aajaer/microros_ws/install/diagnostic_msgs/share/diagnostic_msgs/cmake/diagnostic_msgs__rosidl_typesupport_cExport.cmake
[2.579s] -- Up-to-date: /home/aajaer/microros_ws/install/diagnostic_msgs/share/diagnostic_msgs/cmake/diagnostic_msgs__rosidl_typesupport_cExport-noconfig.cmake
[2.579s] -- Up-to-date: /home/aajaer/microros_ws/install/diagnostic_msgs/share/diagnostic_msgs/cmake/export_diagnostic_msgs__rosidl_generator_cppExport.cmake
[2.581s] -- Up-to-date: /home/aajaer/microros_ws/install/diagnostic_msgs/share/diagnostic_msgs/cmake/export_diagnostic_msgs__rosidl_typesupport_fastrtps_cppExport.cmake
[2.581s] -- Up-to-date: /home/aajaer/microros_ws/install/diagnostic_msgs/share/diagnostic_msgs/cmake/export_diagnostic_msgs__rosidl_typesupport_fastrtps_cppExport-noconfig.cmake
[2.581s] -- Up-to-date: /home/aajaer/microros_ws/install/diagnostic_msgs/share/diagnostic_msgs/cmake/diagnostic_msgs__rosidl_typesupport_introspection_cppExport.cmake
[2.586s] -- Up-to-date: /home/aajaer/microros_ws/install/diagnostic_msgs/share/diagnostic_msgs/cmake/diagnostic_msgs__rosidl_typesupport_introspection_cppExport-noconfig.cmake
[2.586s] -- Up-to-date: /home/aajaer/microros_ws/install/diagnostic_msgs/share/diagnostic_msgs/cmake/diagnostic_msgs__rosidl_typesupport_cppExport.cmake
[2.587s] -- Up-to-date: /home/aajaer/microros_ws/install/diagnostic_msgs/share/diagnostic_msgs/cmake/diagnostic_msgs__rosidl_typesupport_cppExport-noconfig.cmake
[2.587s] -- Up-to-date: /home/aajaer/microros_ws/install/diagnostic_msgs/share/diagnostic_msgs/cmake/export_diagnostic_msgs__rosidl_generator_pyExport.cmake
[2.588s] -- Up-to-date: /home/aajaer/microros_ws/install/diagnostic_msgs/share/diagnostic_msgs/cmake/export_diagnostic_msgs__rosidl_generator_pyExport-noconfig.cmake
[2.607s] Invoked command in '/home/aajaer/microros_ws/build/diagnostic_msgs' returned '0': CMAKE_PREFIX_PATH=/home/aajaer/microros_ws/install/geometry_msgs:/home/aajaer/microros_ws/install/std_msgs:/home/aajaer/microros_ws/install/builtin_interfaces:/home/aajaer/microros_ws/install/micro_ros_demos_rclc:/home/aajaer/microros_ws/install/common_interfaces:/home/aajaer/microros_ws/install/visualization_msgs:/home/aajaer/microros_ws/install/test_msgs:/home/aajaer/microros_ws/install/example_interfaces:/home/aajaer/microros_ws/install/action_msgs:/home/aajaer/microros_ws/install/unique_identifier_msgs:/home/aajaer/microros_ws/install/trajectory_msgs:/home/aajaer/microros_ws/install/stereo_msgs:/home/aajaer/microros_ws/install/sllidar_ros2:/home/aajaer/microros_ws/install/std_srvs:/home/aajaer/microros_ws/install/shape_msgs:/home/aajaer/microros_ws/install/sensor_msgs:/home/aajaer/microros_ws/install/nav_msgs:/home/aajaer/microros_ws/install/diagnostic_msgs:/home/aajaer/microros_ws/install/actionlib_msgs:/home/aajaer/microros_ws/install/statistics_msgs:/home/aajaer/microros_ws/install/rosidl_typesupport_microxrcedds_test_msg:/home/aajaer/microros_ws/install/rosidl_typesupport_microxrcedds_cpp_tests:/home/aajaer/microros_ws/install/rmw_microxrcedds:/home/aajaer/microros_ws/install/rosidl_typesupport_microxrcedds_cpp:/home/aajaer/microros_ws/install/rosidl_typesupport_microxrcedds_c_tests:/home/aajaer/microros_ws/install/rosidl_typesupport_microxrcedds_c:/home/aajaer/microros_ws/install/rosgraph_msgs:/home/aajaer/microros_ws/install/rclc_parameter:/home/aajaer/microros_ws/install/rclc:/home/aajaer/microros_ws/install/composition_interfaces:/home/aajaer/microros_ws/install/rcl_interfaces:/home/aajaer/microros_ws/install/microxrcedds_client:/home/aajaer/microros_ws/install/microcdr:/home/aajaer/microros_ws/install/micro_ros_utilities:/home/aajaer/microros_ws/install/micro_ros_setup:/home/aajaer/microros_ws/install/micro_ros_agent:/home/aajaer/microros_ws/install/micro_ros_msgs:/home/aajaer/microros_ws/install/lifecycle_msgs:/home/aajaer/microros_ws/install/complex_msgs:/opt/ros/humble:/opt/ros/humble:/home/aajaer/microros_ws/install/sensor_msgs_py:/home/aajaer/microros_ws/install/motor_control_pkg LD_LIBRARY_PATH=/home/aajaer/microros_ws/install/geometry_msgs/lib:/home/aajaer/microros_ws/install/std_msgs/lib:/home/aajaer/microros_ws/install/builtin_interfaces/lib:/home/aajaer/microros_ws/install/visualization_msgs/lib:/home/aajaer/microros_ws/install/test_msgs/lib:/home/aajaer/microros_ws/install/example_interfaces/lib:/home/aajaer/microros_ws/install/action_msgs/lib:/home/aajaer/microros_ws/install/unique_identifier_msgs/lib:/home/aajaer/microros_ws/install/trajectory_msgs/lib:/home/aajaer/microros_ws/install/stereo_msgs/lib:/home/aajaer/microros_ws/install/std_srvs/lib:/home/aajaer/microros_ws/install/shape_msgs/lib:/home/aajaer/microros_ws/install/sensor_msgs/lib:/home/aajaer/microros_ws/install/nav_msgs/lib:/home/aajaer/microros_ws/install/diagnostic_msgs/lib:/home/aajaer/microros_ws/install/actionlib_msgs/lib:/home/aajaer/microros_ws/install/statistics_msgs/lib:/home/aajaer/microros_ws/install/rosidl_typesupport_microxrcedds_test_msg/lib:/home/aajaer/microros_ws/install/rmw_microxrcedds/lib:/home/aajaer/microros_ws/install/rosidl_typesupport_microxrcedds_cpp/lib:/home/aajaer/microros_ws/install/rosidl_typesupport_microxrcedds_c/lib:/home/aajaer/microros_ws/install/rosgraph_msgs/lib:/home/aajaer/microros_ws/install/rclc_parameter/lib:/home/aajaer/microros_ws/install/rclc/lib:/home/aajaer/microros_ws/install/composition_interfaces/lib:/home/aajaer/microros_ws/install/rcl_interfaces/lib:/home/aajaer/microros_ws/install/micro_ros_utilities/lib:/home/aajaer/microros_ws/install/micro_ros_agent/lib:/home/aajaer/microros_ws/install/micro_ros_msgs/lib:/home/aajaer/microros_ws/install/lifecycle_msgs/lib:/home/aajaer/microros_ws/install/complex_msgs/lib:/opt/ros/humble/opt/rviz_ogre_vendor/lib:/opt/ros/humble/lib/aarch64-linux-gnu:/opt/ros/humble/lib /usr/bin/cmake --install /home/aajaer/microros_ws/build/diagnostic_msgs
