[0.075s] Invoking command in '/home/aajaer/microros_ws/build/actionlib_msgs': CMAKE_PREFIX_PATH=/home/aajaer/microros_ws/install/std_msgs:/home/aajaer/microros_ws/install/builtin_interfaces:/home/aajaer/microros_ws/install/micro_ros_demos_rclc:/home/aajaer/microros_ws/install/common_interfaces:/home/aajaer/microros_ws/install/visualization_msgs:/home/aajaer/microros_ws/install/test_msgs:/home/aajaer/microros_ws/install/example_interfaces:/home/aajaer/microros_ws/install/action_msgs:/home/aajaer/microros_ws/install/unique_identifier_msgs:/home/aajaer/microros_ws/install/trajectory_msgs:/home/aajaer/microros_ws/install/stereo_msgs:/home/aajaer/microros_ws/install/sllidar_ros2:/home/aajaer/microros_ws/install/std_srvs:/home/aajaer/microros_ws/install/shape_msgs:/home/aajaer/microros_ws/install/sensor_msgs:/home/aajaer/microros_ws/install/nav_msgs:/home/aajaer/microros_ws/install/diagnostic_msgs:/home/aajaer/microros_ws/install/geometry_msgs:/home/aajaer/microros_ws/install/actionlib_msgs:/home/aajaer/microros_ws/install/statistics_msgs:/home/aajaer/microros_ws/install/rosidl_typesupport_microxrcedds_test_msg:/home/aajaer/microros_ws/install/rosidl_typesupport_microxrcedds_cpp_tests:/home/aajaer/microros_ws/install/rmw_microxrcedds:/home/aajaer/microros_ws/install/rosidl_typesupport_microxrcedds_cpp:/home/aajaer/microros_ws/install/rosidl_typesupport_microxrcedds_c_tests:/home/aajaer/microros_ws/install/rosidl_typesupport_microxrcedds_c:/home/aajaer/microros_ws/install/rosgraph_msgs:/home/aajaer/microros_ws/install/rclc_parameter:/home/aajaer/microros_ws/install/rclc:/home/aajaer/microros_ws/install/composition_interfaces:/home/aajaer/microros_ws/install/rcl_interfaces:/home/aajaer/microros_ws/install/microxrcedds_client:/home/aajaer/microros_ws/install/microcdr:/home/aajaer/microros_ws/install/micro_ros_utilities:/home/aajaer/microros_ws/install/micro_ros_setup:/home/aajaer/microros_ws/install/micro_ros_agent:/home/aajaer/microros_ws/install/micro_ros_msgs:/home/aajaer/microros_ws/install/lifecycle_msgs:/home/aajaer/microros_ws/install/complex_msgs:/opt/ros/humble:/opt/ros/humble:/home/aajaer/microros_ws/install/sensor_msgs_py:/home/aajaer/microros_ws/install/motor_control_pkg LD_LIBRARY_PATH=/home/aajaer/microros_ws/install/std_msgs/lib:/home/aajaer/microros_ws/install/builtin_interfaces/lib:/home/aajaer/microros_ws/install/visualization_msgs/lib:/home/aajaer/microros_ws/install/test_msgs/lib:/home/aajaer/microros_ws/install/example_interfaces/lib:/home/aajaer/microros_ws/install/action_msgs/lib:/home/aajaer/microros_ws/install/unique_identifier_msgs/lib:/home/aajaer/microros_ws/install/trajectory_msgs/lib:/home/aajaer/microros_ws/install/stereo_msgs/lib:/home/aajaer/microros_ws/install/std_srvs/lib:/home/aajaer/microros_ws/install/shape_msgs/lib:/home/aajaer/microros_ws/install/sensor_msgs/lib:/home/aajaer/microros_ws/install/nav_msgs/lib:/home/aajaer/microros_ws/install/diagnostic_msgs/lib:/home/aajaer/microros_ws/install/geometry_msgs/lib:/home/aajaer/microros_ws/install/actionlib_msgs/lib:/home/aajaer/microros_ws/install/statistics_msgs/lib:/home/aajaer/microros_ws/install/rosidl_typesupport_microxrcedds_test_msg/lib:/home/aajaer/microros_ws/install/rmw_microxrcedds/lib:/home/aajaer/microros_ws/install/rosidl_typesupport_microxrcedds_cpp/lib:/home/aajaer/microros_ws/install/rosidl_typesupport_microxrcedds_c/lib:/home/aajaer/microros_ws/install/rosgraph_msgs/lib:/home/aajaer/microros_ws/install/rclc_parameter/lib:/home/aajaer/microros_ws/install/rclc/lib:/home/aajaer/microros_ws/install/composition_interfaces/lib:/home/aajaer/microros_ws/install/rcl_interfaces/lib:/home/aajaer/microros_ws/install/micro_ros_utilities/lib:/home/aajaer/microros_ws/install/micro_ros_agent/lib:/home/aajaer/microros_ws/install/micro_ros_msgs/lib:/home/aajaer/microros_ws/install/lifecycle_msgs/lib:/home/aajaer/microros_ws/install/complex_msgs/lib:/opt/ros/humble/opt/rviz_ogre_vendor/lib:/opt/ros/humble/lib/aarch64-linux-gnu:/opt/ros/humble/lib /usr/bin/cmake /home/aajaer/microros_ws/src/ros2/common_interfaces/actionlib_msgs -DCMAKE_INSTALL_PREFIX=/home/aajaer/microros_ws/install/actionlib_msgs
[0.118s] -- Found ament_cmake: 1.3.11 (/opt/ros/humble/share/ament_cmake/cmake)
[0.594s] -- Override CMake install command with custom implementation using symlinks instead of copying resources
[0.609s] -- Found builtin_interfaces: 1.2.1 (/home/aajaer/microros_ws/install/builtin_interfaces/share/builtin_interfaces/cmake)
[0.685s] -- Found rosidl_generator_c: 3.1.6 (/opt/ros/humble/share/rosidl_generator_c/cmake)
[0.691s] -- Found rosidl_adapter: 3.1.6 (/opt/ros/humble/share/rosidl_adapter/cmake)
[0.703s] -- Found rosidl_generator_cpp: 3.1.6 (/opt/ros/humble/share/rosidl_generator_cpp/cmake)
[0.730s] -- Using all available rosidl_typesupport_c: rosidl_typesupport_microxrcedds_c;rosidl_typesupport_fastrtps_c;rosidl_typesupport_introspection_c
[0.794s] -- Using all available rosidl_typesupport_cpp: rosidl_typesupport_microxrcedds_cpp;rosidl_typesupport_fastrtps_cpp;rosidl_typesupport_introspection_cpp
[0.837s] -- Found rosidl_default_generators: 1.2.0 (/opt/ros/humble/share/rosidl_default_generators/cmake)
[0.861s] -- Found std_msgs: 4.2.4 (/home/aajaer/microros_ws/install/std_msgs/share/std_msgs/cmake)
[1.782s] -- Found ament_cmake_cppcheck: 0.12.11 (/opt/ros/humble/share/ament_cmake_cppcheck/cmake)
[1.783s] -- Found ament_cmake_cpplint: 0.12.11 (/opt/ros/humble/share/ament_cmake_cpplint/cmake)
[1.785s] -- Found ament_cmake_uncrustify: 0.12.11 (/opt/ros/humble/share/ament_cmake_uncrustify/cmake)
[1.787s] -- Found ament_cmake_ros: 0.10.0 (/opt/ros/humble/share/ament_cmake_ros/cmake)
[3.236s] -- Using all available rosidl_typesupport_c: rosidl_typesupport_microxrcedds_c;rosidl_typesupport_fastrtps_c;rosidl_typesupport_introspection_c
[3.860s] -- Using all available rosidl_typesupport_cpp: rosidl_typesupport_microxrcedds_cpp;rosidl_typesupport_fastrtps_cpp;rosidl_typesupport_introspection_cpp
[3.935s] -- Found python_cmake_module: 0.10.0 (/opt/ros/humble/share/python_cmake_module/cmake)
[4.004s] -- Using PYTHON_EXECUTABLE: /usr/bin/python3
[4.005s] -- Using PYTHON_INCLUDE_DIRS: /usr/include/python3.10
[4.005s] -- Using PYTHON_LIBRARIES: /usr/lib/aarch64-linux-gnu/libpython3.10.so
[4.128s] -- Found ament_cmake_flake8: 0.12.11 (/opt/ros/humble/share/ament_cmake_flake8/cmake)
[4.129s] -- Found ament_cmake_pep257: 0.12.11 (/opt/ros/humble/share/ament_cmake_pep257/cmake)
[4.151s] -- Configuring done
[4.270s] -- Generating done
[4.300s] -- Build files have been written to: /home/aajaer/microros_ws/build/actionlib_msgs
[4.333s] Invoked command in '/home/aajaer/microros_ws/build/actionlib_msgs' returned '0': CMAKE_PREFIX_PATH=/home/aajaer/microros_ws/install/std_msgs:/home/aajaer/microros_ws/install/builtin_interfaces:/home/aajaer/microros_ws/install/micro_ros_demos_rclc:/home/aajaer/microros_ws/install/common_interfaces:/home/aajaer/microros_ws/install/visualization_msgs:/home/aajaer/microros_ws/install/test_msgs:/home/aajaer/microros_ws/install/example_interfaces:/home/aajaer/microros_ws/install/action_msgs:/home/aajaer/microros_ws/install/unique_identifier_msgs:/home/aajaer/microros_ws/install/trajectory_msgs:/home/aajaer/microros_ws/install/stereo_msgs:/home/aajaer/microros_ws/install/sllidar_ros2:/home/aajaer/microros_ws/install/std_srvs:/home/aajaer/microros_ws/install/shape_msgs:/home/aajaer/microros_ws/install/sensor_msgs:/home/aajaer/microros_ws/install/nav_msgs:/home/aajaer/microros_ws/install/diagnostic_msgs:/home/aajaer/microros_ws/install/geometry_msgs:/home/aajaer/microros_ws/install/actionlib_msgs:/home/aajaer/microros_ws/install/statistics_msgs:/home/aajaer/microros_ws/install/rosidl_typesupport_microxrcedds_test_msg:/home/aajaer/microros_ws/install/rosidl_typesupport_microxrcedds_cpp_tests:/home/aajaer/microros_ws/install/rmw_microxrcedds:/home/aajaer/microros_ws/install/rosidl_typesupport_microxrcedds_cpp:/home/aajaer/microros_ws/install/rosidl_typesupport_microxrcedds_c_tests:/home/aajaer/microros_ws/install/rosidl_typesupport_microxrcedds_c:/home/aajaer/microros_ws/install/rosgraph_msgs:/home/aajaer/microros_ws/install/rclc_parameter:/home/aajaer/microros_ws/install/rclc:/home/aajaer/microros_ws/install/composition_interfaces:/home/aajaer/microros_ws/install/rcl_interfaces:/home/aajaer/microros_ws/install/microxrcedds_client:/home/aajaer/microros_ws/install/microcdr:/home/aajaer/microros_ws/install/micro_ros_utilities:/home/aajaer/microros_ws/install/micro_ros_setup:/home/aajaer/microros_ws/install/micro_ros_agent:/home/aajaer/microros_ws/install/micro_ros_msgs:/home/aajaer/microros_ws/install/lifecycle_msgs:/home/aajaer/microros_ws/install/complex_msgs:/opt/ros/humble:/opt/ros/humble:/home/aajaer/microros_ws/install/sensor_msgs_py:/home/aajaer/microros_ws/install/motor_control_pkg LD_LIBRARY_PATH=/home/aajaer/microros_ws/install/std_msgs/lib:/home/aajaer/microros_ws/install/builtin_interfaces/lib:/home/aajaer/microros_ws/install/visualization_msgs/lib:/home/aajaer/microros_ws/install/test_msgs/lib:/home/aajaer/microros_ws/install/example_interfaces/lib:/home/aajaer/microros_ws/install/action_msgs/lib:/home/aajaer/microros_ws/install/unique_identifier_msgs/lib:/home/aajaer/microros_ws/install/trajectory_msgs/lib:/home/aajaer/microros_ws/install/stereo_msgs/lib:/home/aajaer/microros_ws/install/std_srvs/lib:/home/aajaer/microros_ws/install/shape_msgs/lib:/home/aajaer/microros_ws/install/sensor_msgs/lib:/home/aajaer/microros_ws/install/nav_msgs/lib:/home/aajaer/microros_ws/install/diagnostic_msgs/lib:/home/aajaer/microros_ws/install/geometry_msgs/lib:/home/aajaer/microros_ws/install/actionlib_msgs/lib:/home/aajaer/microros_ws/install/statistics_msgs/lib:/home/aajaer/microros_ws/install/rosidl_typesupport_microxrcedds_test_msg/lib:/home/aajaer/microros_ws/install/rmw_microxrcedds/lib:/home/aajaer/microros_ws/install/rosidl_typesupport_microxrcedds_cpp/lib:/home/aajaer/microros_ws/install/rosidl_typesupport_microxrcedds_c/lib:/home/aajaer/microros_ws/install/rosgraph_msgs/lib:/home/aajaer/microros_ws/install/rclc_parameter/lib:/home/aajaer/microros_ws/install/rclc/lib:/home/aajaer/microros_ws/install/composition_interfaces/lib:/home/aajaer/microros_ws/install/rcl_interfaces/lib:/home/aajaer/microros_ws/install/micro_ros_utilities/lib:/home/aajaer/microros_ws/install/micro_ros_agent/lib:/home/aajaer/microros_ws/install/micro_ros_msgs/lib:/home/aajaer/microros_ws/install/lifecycle_msgs/lib:/home/aajaer/microros_ws/install/complex_msgs/lib:/opt/ros/humble/opt/rviz_ogre_vendor/lib:/opt/ros/humble/lib/aarch64-linux-gnu:/opt/ros/humble/lib /usr/bin/cmake /home/aajaer/microros_ws/src/ros2/common_interfaces/actionlib_msgs -DCMAKE_INSTALL_PREFIX=/home/aajaer/microros_ws/install/actionlib_msgs
[4.334s] Invoking command in '/home/aajaer/microros_ws/build/actionlib_msgs': CMAKE_PREFIX_PATH=/home/aajaer/microros_ws/install/std_msgs:/home/aajaer/microros_ws/install/builtin_interfaces:/home/aajaer/microros_ws/install/micro_ros_demos_rclc:/home/aajaer/microros_ws/install/common_interfaces:/home/aajaer/microros_ws/install/visualization_msgs:/home/aajaer/microros_ws/install/test_msgs:/home/aajaer/microros_ws/install/example_interfaces:/home/aajaer/microros_ws/install/action_msgs:/home/aajaer/microros_ws/install/unique_identifier_msgs:/home/aajaer/microros_ws/install/trajectory_msgs:/home/aajaer/microros_ws/install/stereo_msgs:/home/aajaer/microros_ws/install/sllidar_ros2:/home/aajaer/microros_ws/install/std_srvs:/home/aajaer/microros_ws/install/shape_msgs:/home/aajaer/microros_ws/install/sensor_msgs:/home/aajaer/microros_ws/install/nav_msgs:/home/aajaer/microros_ws/install/diagnostic_msgs:/home/aajaer/microros_ws/install/geometry_msgs:/home/aajaer/microros_ws/install/actionlib_msgs:/home/aajaer/microros_ws/install/statistics_msgs:/home/aajaer/microros_ws/install/rosidl_typesupport_microxrcedds_test_msg:/home/aajaer/microros_ws/install/rosidl_typesupport_microxrcedds_cpp_tests:/home/aajaer/microros_ws/install/rmw_microxrcedds:/home/aajaer/microros_ws/install/rosidl_typesupport_microxrcedds_cpp:/home/aajaer/microros_ws/install/rosidl_typesupport_microxrcedds_c_tests:/home/aajaer/microros_ws/install/rosidl_typesupport_microxrcedds_c:/home/aajaer/microros_ws/install/rosgraph_msgs:/home/aajaer/microros_ws/install/rclc_parameter:/home/aajaer/microros_ws/install/rclc:/home/aajaer/microros_ws/install/composition_interfaces:/home/aajaer/microros_ws/install/rcl_interfaces:/home/aajaer/microros_ws/install/microxrcedds_client:/home/aajaer/microros_ws/install/microcdr:/home/aajaer/microros_ws/install/micro_ros_utilities:/home/aajaer/microros_ws/install/micro_ros_setup:/home/aajaer/microros_ws/install/micro_ros_agent:/home/aajaer/microros_ws/install/micro_ros_msgs:/home/aajaer/microros_ws/install/lifecycle_msgs:/home/aajaer/microros_ws/install/complex_msgs:/opt/ros/humble:/opt/ros/humble:/home/aajaer/microros_ws/install/sensor_msgs_py:/home/aajaer/microros_ws/install/motor_control_pkg LD_LIBRARY_PATH=/home/aajaer/microros_ws/install/std_msgs/lib:/home/aajaer/microros_ws/install/builtin_interfaces/lib:/home/aajaer/microros_ws/install/visualization_msgs/lib:/home/aajaer/microros_ws/install/test_msgs/lib:/home/aajaer/microros_ws/install/example_interfaces/lib:/home/aajaer/microros_ws/install/action_msgs/lib:/home/aajaer/microros_ws/install/unique_identifier_msgs/lib:/home/aajaer/microros_ws/install/trajectory_msgs/lib:/home/aajaer/microros_ws/install/stereo_msgs/lib:/home/aajaer/microros_ws/install/std_srvs/lib:/home/aajaer/microros_ws/install/shape_msgs/lib:/home/aajaer/microros_ws/install/sensor_msgs/lib:/home/aajaer/microros_ws/install/nav_msgs/lib:/home/aajaer/microros_ws/install/diagnostic_msgs/lib:/home/aajaer/microros_ws/install/geometry_msgs/lib:/home/aajaer/microros_ws/install/actionlib_msgs/lib:/home/aajaer/microros_ws/install/statistics_msgs/lib:/home/aajaer/microros_ws/install/rosidl_typesupport_microxrcedds_test_msg/lib:/home/aajaer/microros_ws/install/rmw_microxrcedds/lib:/home/aajaer/microros_ws/install/rosidl_typesupport_microxrcedds_cpp/lib:/home/aajaer/microros_ws/install/rosidl_typesupport_microxrcedds_c/lib:/home/aajaer/microros_ws/install/rosgraph_msgs/lib:/home/aajaer/microros_ws/install/rclc_parameter/lib:/home/aajaer/microros_ws/install/rclc/lib:/home/aajaer/microros_ws/install/composition_interfaces/lib:/home/aajaer/microros_ws/install/rcl_interfaces/lib:/home/aajaer/microros_ws/install/micro_ros_utilities/lib:/home/aajaer/microros_ws/install/micro_ros_agent/lib:/home/aajaer/microros_ws/install/micro_ros_msgs/lib:/home/aajaer/microros_ws/install/lifecycle_msgs/lib:/home/aajaer/microros_ws/install/complex_msgs/lib:/opt/ros/humble/opt/rviz_ogre_vendor/lib:/opt/ros/humble/lib/aarch64-linux-gnu:/opt/ros/humble/lib /usr/bin/cmake --build /home/aajaer/microros_ws/build/actionlib_msgs -- -j8 -l8
[4.469s] [  1%] Built target actionlib_msgs__cpp
[4.547s] [  1%] Built target ament_cmake_python_symlink_actionlib_msgs
[4.578s] [35m[1mConsolidate compiler generated dependencies of target actionlib_msgs__rosidl_typesupport_introspection_cpp[0m
[4.618s] [ 10%] Built target actionlib_msgs__rosidl_typesupport_introspection_cpp
[5.285s] running egg_info
[5.287s] writing actionlib_msgs.egg-info/PKG-INFO
[5.288s] writing dependency_links to actionlib_msgs.egg-info/dependency_links.txt
[5.288s] writing top-level names to actionlib_msgs.egg-info/top_level.txt
[5.294s] reading manifest file 'actionlib_msgs.egg-info/SOURCES.txt'
[5.296s] writing manifest file 'actionlib_msgs.egg-info/SOURCES.txt'
[5.399s] [ 10%] Built target ament_cmake_python_build_actionlib_msgs_egg
[5.430s] [ 11%] [34m[1mGenerating C++ type support for eProsima Micro XRCE-DDS[0m
[6.623s] [ 13%] [32mBuilding CXX object CMakeFiles/actionlib_msgs__rosidl_typesupport_microxrcedds_cpp.dir/rosidl_typesupport_microxrcedds_cpp/actionlib_msgs/msg/detail/microxrcedds/goal_id__type_support_cpp.cpp.o[0m
[7.340s] [ 15%] [32mBuilding CXX object CMakeFiles/actionlib_msgs__rosidl_typesupport_microxrcedds_cpp.dir/rosidl_typesupport_microxrcedds_cpp/actionlib_msgs/msg/detail/microxrcedds/goal_status_array__type_support_cpp.cpp.o[0m
[8.128s] [ 16%] [32mBuilding CXX object CMakeFiles/actionlib_msgs__rosidl_typesupport_microxrcedds_cpp.dir/rosidl_typesupport_microxrcedds_cpp/actionlib_msgs/msg/detail/microxrcedds/goal_status__type_support_cpp.cpp.o[0m
[8.802s] [ 18%] [32m[1mLinking CXX static library libactionlib_msgs__rosidl_typesupport_microxrcedds_cpp.a[0m
[8.965s] [ 18%] Built target actionlib_msgs__rosidl_typesupport_microxrcedds_cpp
[8.996s] [35m[1mConsolidate compiler generated dependencies of target actionlib_msgs__rosidl_typesupport_fastrtps_cpp[0m
[9.038s] [ 27%] Built target actionlib_msgs__rosidl_typesupport_fastrtps_cpp
[9.068s] [ 28%] [34m[1mGenerating C++ type support dispatch for ROS interfaces[0m
[10.037s] [35m[1mConsolidate compiler generated dependencies of target actionlib_msgs__rosidl_typesupport_cpp[0m
[10.075s] [ 30%] [32mBuilding CXX object CMakeFiles/actionlib_msgs__rosidl_typesupport_cpp.dir/rosidl_typesupport_cpp/actionlib_msgs/msg/goal_id__type_support.cpp.o[0m
[10.687s] [ 32%] [32mBuilding CXX object CMakeFiles/actionlib_msgs__rosidl_typesupport_cpp.dir/rosidl_typesupport_cpp/actionlib_msgs/msg/goal_status_array__type_support.cpp.o[0m
[11.293s] [ 33%] [32mBuilding CXX object CMakeFiles/actionlib_msgs__rosidl_typesupport_cpp.dir/rosidl_typesupport_cpp/actionlib_msgs/msg/goal_status__type_support.cpp.o[0m
[11.890s] [ 35%] [32m[1mLinking CXX shared library libactionlib_msgs__rosidl_typesupport_cpp.so[0m
[11.983s] [ 35%] Built target actionlib_msgs__rosidl_typesupport_cpp
[12.013s] [35m[1mConsolidate compiler generated dependencies of target actionlib_msgs__rosidl_generator_c[0m
[12.048s] [ 44%] Built target actionlib_msgs__rosidl_generator_c
[12.078s] [35m[1mConsolidate compiler generated dependencies of target actionlib_msgs__rosidl_typesupport_fastrtps_c[0m
[12.119s] [ 52%] Built target actionlib_msgs__rosidl_typesupport_fastrtps_c
[12.148s] [ 54%] [34m[1mGenerating C type support dispatch for ROS interfaces[0m
[13.078s] [35m[1mConsolidate compiler generated dependencies of target actionlib_msgs__rosidl_typesupport_c[0m
[13.111s] [ 59%] [32mBuilding CXX object CMakeFiles/actionlib_msgs__rosidl_typesupport_c.dir/rosidl_typesupport_c/actionlib_msgs/msg/goal_status__type_support.cpp.o[0m
[13.112s] [ 59%] [32mBuilding CXX object CMakeFiles/actionlib_msgs__rosidl_typesupport_c.dir/rosidl_typesupport_c/actionlib_msgs/msg/goal_status_array__type_support.cpp.o[0m
[13.112s] [ 59%] [32mBuilding CXX object CMakeFiles/actionlib_msgs__rosidl_typesupport_c.dir/rosidl_typesupport_c/actionlib_msgs/msg/goal_id__type_support.cpp.o[0m
[13.193s] [ 61%] [32m[1mLinking CXX shared library libactionlib_msgs__rosidl_typesupport_c.so[0m
[13.293s] [ 61%] Built target actionlib_msgs__rosidl_typesupport_c
[13.325s] [ 62%] [34m[1mGenerating C type support for eProsima Micro XRCE-DDS[0m
[13.325s] [35m[1mConsolidate compiler generated dependencies of target actionlib_msgs__rosidl_typesupport_introspection_c[0m
[13.363s] [ 71%] Built target actionlib_msgs__rosidl_typesupport_introspection_c
[14.462s] [ 72%] [32mBuilding C object CMakeFiles/actionlib_msgs__rosidl_typesupport_microxrcedds_c.dir/rosidl_typesupport_microxrcedds_c/actionlib_msgs/msg/detail/microxrcedds/goal_status_array__type_support_c.c.o[0m
[14.488s] [ 74%] [32mBuilding C object CMakeFiles/actionlib_msgs__rosidl_typesupport_microxrcedds_c.dir/rosidl_typesupport_microxrcedds_c/actionlib_msgs/msg/detail/microxrcedds/goal_id__type_support_c.c.o[0m
[14.494s] [ 76%] [32mBuilding C object CMakeFiles/actionlib_msgs__rosidl_typesupport_microxrcedds_c.dir/rosidl_typesupport_microxrcedds_c/actionlib_msgs/msg/detail/microxrcedds/goal_status__type_support_c.c.o[0m
[14.701s] [ 77%] [32m[1mLinking C static library libactionlib_msgs__rosidl_typesupport_microxrcedds_c.a[0m
[14.891s] [ 77%] Built target actionlib_msgs__rosidl_typesupport_microxrcedds_c
[14.958s] [ 77%] Built target actionlib_msgs
[15.026s] [ 79%] [34m[1mGenerating Python code for ROS interfaces[0m
[17.186s] [ 79%] Built target actionlib_msgs__py
[17.218s] [35m[1mConsolidate compiler generated dependencies of target actionlib_msgs__rosidl_generator_py[0m
[17.265s] [ 83%] [32mBuilding C object CMakeFiles/actionlib_msgs__rosidl_generator_py.dir/rosidl_generator_py/actionlib_msgs/msg/_goal_status_s.c.o[0m
[17.266s] [ 83%] [32mBuilding C object CMakeFiles/actionlib_msgs__rosidl_generator_py.dir/rosidl_generator_py/actionlib_msgs/msg/_goal_status_array_s.c.o[0m
[17.303s] [ 84%] [32mBuilding C object CMakeFiles/actionlib_msgs__rosidl_generator_py.dir/rosidl_generator_py/actionlib_msgs/msg/_goal_id_s.c.o[0m
[17.605s] [ 86%] [32m[1mLinking C shared library rosidl_generator_py/actionlib_msgs/libactionlib_msgs__rosidl_generator_py.so[0m
[17.706s] [ 86%] Built target actionlib_msgs__rosidl_generator_py
[17.768s] [ 88%] [32mBuilding C object CMakeFiles/actionlib_msgs__rosidl_typesupport_microxrcedds_c__pyext.dir/rosidl_generator_py/actionlib_msgs/_actionlib_msgs_s.ep.rosidl_typesupport_microxrcedds_c.c.o[0m
[18.014s] [ 89%] [32m[1mLinking C shared library rosidl_generator_py/actionlib_msgs/actionlib_msgs_s__rosidl_typesupport_microxrcedds_c.cpython-310-aarch64-linux-gnu.so[0m
[18.118s] [ 89%] Built target actionlib_msgs__rosidl_typesupport_microxrcedds_c__pyext
[18.149s] [35m[1mConsolidate compiler generated dependencies of target actionlib_msgs__rosidl_typesupport_c__pyext[0m
[18.185s] [ 91%] [32mBuilding C object CMakeFiles/actionlib_msgs__rosidl_typesupport_c__pyext.dir/rosidl_generator_py/actionlib_msgs/_actionlib_msgs_s.ep.rosidl_typesupport_c.c.o[0m
[18.412s] [ 93%] [32m[1mLinking C shared library rosidl_generator_py/actionlib_msgs/actionlib_msgs_s__rosidl_typesupport_c.cpython-310-aarch64-linux-gnu.so[0m
[18.505s] [ 93%] Built target actionlib_msgs__rosidl_typesupport_c__pyext
[18.535s] [35m[1mConsolidate compiler generated dependencies of target actionlib_msgs__rosidl_typesupport_introspection_c__pyext[0m
[18.571s] [ 94%] [32mBuilding C object CMakeFiles/actionlib_msgs__rosidl_typesupport_introspection_c__pyext.dir/rosidl_generator_py/actionlib_msgs/_actionlib_msgs_s.ep.rosidl_typesupport_introspection_c.c.o[0m
[18.799s] [ 96%] [32m[1mLinking C shared library rosidl_generator_py/actionlib_msgs/actionlib_msgs_s__rosidl_typesupport_introspection_c.cpython-310-aarch64-linux-gnu.so[0m
[18.888s] [ 96%] Built target actionlib_msgs__rosidl_typesupport_introspection_c__pyext
[18.917s] [35m[1mConsolidate compiler generated dependencies of target actionlib_msgs__rosidl_typesupport_fastrtps_c__pyext[0m
[18.951s] [ 98%] [32mBuilding C object CMakeFiles/actionlib_msgs__rosidl_typesupport_fastrtps_c__pyext.dir/rosidl_generator_py/actionlib_msgs/_actionlib_msgs_s.ep.rosidl_typesupport_fastrtps_c.c.o[0m
[19.180s] [100%] [32m[1mLinking C shared library rosidl_generator_py/actionlib_msgs/actionlib_msgs_s__rosidl_typesupport_fastrtps_c.cpython-310-aarch64-linux-gnu.so[0m
[19.273s] [100%] Built target actionlib_msgs__rosidl_typesupport_fastrtps_c__pyext
[19.306s] Invoked command in '/home/aajaer/microros_ws/build/actionlib_msgs' returned '0': CMAKE_PREFIX_PATH=/home/aajaer/microros_ws/install/std_msgs:/home/aajaer/microros_ws/install/builtin_interfaces:/home/aajaer/microros_ws/install/micro_ros_demos_rclc:/home/aajaer/microros_ws/install/common_interfaces:/home/aajaer/microros_ws/install/visualization_msgs:/home/aajaer/microros_ws/install/test_msgs:/home/aajaer/microros_ws/install/example_interfaces:/home/aajaer/microros_ws/install/action_msgs:/home/aajaer/microros_ws/install/unique_identifier_msgs:/home/aajaer/microros_ws/install/trajectory_msgs:/home/aajaer/microros_ws/install/stereo_msgs:/home/aajaer/microros_ws/install/sllidar_ros2:/home/aajaer/microros_ws/install/std_srvs:/home/aajaer/microros_ws/install/shape_msgs:/home/aajaer/microros_ws/install/sensor_msgs:/home/aajaer/microros_ws/install/nav_msgs:/home/aajaer/microros_ws/install/diagnostic_msgs:/home/aajaer/microros_ws/install/geometry_msgs:/home/aajaer/microros_ws/install/actionlib_msgs:/home/aajaer/microros_ws/install/statistics_msgs:/home/aajaer/microros_ws/install/rosidl_typesupport_microxrcedds_test_msg:/home/aajaer/microros_ws/install/rosidl_typesupport_microxrcedds_cpp_tests:/home/aajaer/microros_ws/install/rmw_microxrcedds:/home/aajaer/microros_ws/install/rosidl_typesupport_microxrcedds_cpp:/home/aajaer/microros_ws/install/rosidl_typesupport_microxrcedds_c_tests:/home/aajaer/microros_ws/install/rosidl_typesupport_microxrcedds_c:/home/aajaer/microros_ws/install/rosgraph_msgs:/home/aajaer/microros_ws/install/rclc_parameter:/home/aajaer/microros_ws/install/rclc:/home/aajaer/microros_ws/install/composition_interfaces:/home/aajaer/microros_ws/install/rcl_interfaces:/home/aajaer/microros_ws/install/microxrcedds_client:/home/aajaer/microros_ws/install/microcdr:/home/aajaer/microros_ws/install/micro_ros_utilities:/home/aajaer/microros_ws/install/micro_ros_setup:/home/aajaer/microros_ws/install/micro_ros_agent:/home/aajaer/microros_ws/install/micro_ros_msgs:/home/aajaer/microros_ws/install/lifecycle_msgs:/home/aajaer/microros_ws/install/complex_msgs:/opt/ros/humble:/opt/ros/humble:/home/aajaer/microros_ws/install/sensor_msgs_py:/home/aajaer/microros_ws/install/motor_control_pkg LD_LIBRARY_PATH=/home/aajaer/microros_ws/install/std_msgs/lib:/home/aajaer/microros_ws/install/builtin_interfaces/lib:/home/aajaer/microros_ws/install/visualization_msgs/lib:/home/aajaer/microros_ws/install/test_msgs/lib:/home/aajaer/microros_ws/install/example_interfaces/lib:/home/aajaer/microros_ws/install/action_msgs/lib:/home/aajaer/microros_ws/install/unique_identifier_msgs/lib:/home/aajaer/microros_ws/install/trajectory_msgs/lib:/home/aajaer/microros_ws/install/stereo_msgs/lib:/home/aajaer/microros_ws/install/std_srvs/lib:/home/aajaer/microros_ws/install/shape_msgs/lib:/home/aajaer/microros_ws/install/sensor_msgs/lib:/home/aajaer/microros_ws/install/nav_msgs/lib:/home/aajaer/microros_ws/install/diagnostic_msgs/lib:/home/aajaer/microros_ws/install/geometry_msgs/lib:/home/aajaer/microros_ws/install/actionlib_msgs/lib:/home/aajaer/microros_ws/install/statistics_msgs/lib:/home/aajaer/microros_ws/install/rosidl_typesupport_microxrcedds_test_msg/lib:/home/aajaer/microros_ws/install/rmw_microxrcedds/lib:/home/aajaer/microros_ws/install/rosidl_typesupport_microxrcedds_cpp/lib:/home/aajaer/microros_ws/install/rosidl_typesupport_microxrcedds_c/lib:/home/aajaer/microros_ws/install/rosgraph_msgs/lib:/home/aajaer/microros_ws/install/rclc_parameter/lib:/home/aajaer/microros_ws/install/rclc/lib:/home/aajaer/microros_ws/install/composition_interfaces/lib:/home/aajaer/microros_ws/install/rcl_interfaces/lib:/home/aajaer/microros_ws/install/micro_ros_utilities/lib:/home/aajaer/microros_ws/install/micro_ros_agent/lib:/home/aajaer/microros_ws/install/micro_ros_msgs/lib:/home/aajaer/microros_ws/install/lifecycle_msgs/lib:/home/aajaer/microros_ws/install/complex_msgs/lib:/opt/ros/humble/opt/rviz_ogre_vendor/lib:/opt/ros/humble/lib/aarch64-linux-gnu:/opt/ros/humble/lib /usr/bin/cmake --build /home/aajaer/microros_ws/build/actionlib_msgs -- -j8 -l8
[19.310s] Invoking command in '/home/aajaer/microros_ws/build/actionlib_msgs': CMAKE_PREFIX_PATH=/home/aajaer/microros_ws/install/std_msgs:/home/aajaer/microros_ws/install/builtin_interfaces:/home/aajaer/microros_ws/install/micro_ros_demos_rclc:/home/aajaer/microros_ws/install/common_interfaces:/home/aajaer/microros_ws/install/visualization_msgs:/home/aajaer/microros_ws/install/test_msgs:/home/aajaer/microros_ws/install/example_interfaces:/home/aajaer/microros_ws/install/action_msgs:/home/aajaer/microros_ws/install/unique_identifier_msgs:/home/aajaer/microros_ws/install/trajectory_msgs:/home/aajaer/microros_ws/install/stereo_msgs:/home/aajaer/microros_ws/install/sllidar_ros2:/home/aajaer/microros_ws/install/std_srvs:/home/aajaer/microros_ws/install/shape_msgs:/home/aajaer/microros_ws/install/sensor_msgs:/home/aajaer/microros_ws/install/nav_msgs:/home/aajaer/microros_ws/install/diagnostic_msgs:/home/aajaer/microros_ws/install/geometry_msgs:/home/aajaer/microros_ws/install/actionlib_msgs:/home/aajaer/microros_ws/install/statistics_msgs:/home/aajaer/microros_ws/install/rosidl_typesupport_microxrcedds_test_msg:/home/aajaer/microros_ws/install/rosidl_typesupport_microxrcedds_cpp_tests:/home/aajaer/microros_ws/install/rmw_microxrcedds:/home/aajaer/microros_ws/install/rosidl_typesupport_microxrcedds_cpp:/home/aajaer/microros_ws/install/rosidl_typesupport_microxrcedds_c_tests:/home/aajaer/microros_ws/install/rosidl_typesupport_microxrcedds_c:/home/aajaer/microros_ws/install/rosgraph_msgs:/home/aajaer/microros_ws/install/rclc_parameter:/home/aajaer/microros_ws/install/rclc:/home/aajaer/microros_ws/install/composition_interfaces:/home/aajaer/microros_ws/install/rcl_interfaces:/home/aajaer/microros_ws/install/microxrcedds_client:/home/aajaer/microros_ws/install/microcdr:/home/aajaer/microros_ws/install/micro_ros_utilities:/home/aajaer/microros_ws/install/micro_ros_setup:/home/aajaer/microros_ws/install/micro_ros_agent:/home/aajaer/microros_ws/install/micro_ros_msgs:/home/aajaer/microros_ws/install/lifecycle_msgs:/home/aajaer/microros_ws/install/complex_msgs:/opt/ros/humble:/opt/ros/humble:/home/aajaer/microros_ws/install/sensor_msgs_py:/home/aajaer/microros_ws/install/motor_control_pkg LD_LIBRARY_PATH=/home/aajaer/microros_ws/install/std_msgs/lib:/home/aajaer/microros_ws/install/builtin_interfaces/lib:/home/aajaer/microros_ws/install/visualization_msgs/lib:/home/aajaer/microros_ws/install/test_msgs/lib:/home/aajaer/microros_ws/install/example_interfaces/lib:/home/aajaer/microros_ws/install/action_msgs/lib:/home/aajaer/microros_ws/install/unique_identifier_msgs/lib:/home/aajaer/microros_ws/install/trajectory_msgs/lib:/home/aajaer/microros_ws/install/stereo_msgs/lib:/home/aajaer/microros_ws/install/std_srvs/lib:/home/aajaer/microros_ws/install/shape_msgs/lib:/home/aajaer/microros_ws/install/sensor_msgs/lib:/home/aajaer/microros_ws/install/nav_msgs/lib:/home/aajaer/microros_ws/install/diagnostic_msgs/lib:/home/aajaer/microros_ws/install/geometry_msgs/lib:/home/aajaer/microros_ws/install/actionlib_msgs/lib:/home/aajaer/microros_ws/install/statistics_msgs/lib:/home/aajaer/microros_ws/install/rosidl_typesupport_microxrcedds_test_msg/lib:/home/aajaer/microros_ws/install/rmw_microxrcedds/lib:/home/aajaer/microros_ws/install/rosidl_typesupport_microxrcedds_cpp/lib:/home/aajaer/microros_ws/install/rosidl_typesupport_microxrcedds_c/lib:/home/aajaer/microros_ws/install/rosgraph_msgs/lib:/home/aajaer/microros_ws/install/rclc_parameter/lib:/home/aajaer/microros_ws/install/rclc/lib:/home/aajaer/microros_ws/install/composition_interfaces/lib:/home/aajaer/microros_ws/install/rcl_interfaces/lib:/home/aajaer/microros_ws/install/micro_ros_utilities/lib:/home/aajaer/microros_ws/install/micro_ros_agent/lib:/home/aajaer/microros_ws/install/micro_ros_msgs/lib:/home/aajaer/microros_ws/install/lifecycle_msgs/lib:/home/aajaer/microros_ws/install/complex_msgs/lib:/opt/ros/humble/opt/rviz_ogre_vendor/lib:/opt/ros/humble/lib/aarch64-linux-gnu:/opt/ros/humble/lib /usr/bin/cmake --install /home/aajaer/microros_ws/build/actionlib_msgs
[19.332s] -- Install configuration: ""
[19.333s] -- Execute custom install script
[19.334s] -- Up-to-date symlink: /home/aajaer/microros_ws/install/actionlib_msgs/share/ament_index/resource_index/rosidl_interfaces/actionlib_msgs
[19.335s] -- Up-to-date symlink: /home/aajaer/microros_ws/install/actionlib_msgs/include/actionlib_msgs/actionlib_msgs/msg/detail/goal_id__functions.h
[19.335s] -- Up-to-date symlink: /home/aajaer/microros_ws/install/actionlib_msgs/include/actionlib_msgs/actionlib_msgs/msg/detail/goal_id__struct.h
[19.335s] -- Up-to-date symlink: /home/aajaer/microros_ws/install/actionlib_msgs/include/actionlib_msgs/actionlib_msgs/msg/detail/goal_id__type_support.h
[19.336s] -- Up-to-date symlink: /home/aajaer/microros_ws/install/actionlib_msgs/include/actionlib_msgs/actionlib_msgs/msg/detail/goal_status__functions.h
[19.336s] -- Up-to-date symlink: /home/aajaer/microros_ws/install/actionlib_msgs/include/actionlib_msgs/actionlib_msgs/msg/detail/goal_status__struct.h
[19.336s] -- Up-to-date symlink: /home/aajaer/microros_ws/install/actionlib_msgs/include/actionlib_msgs/actionlib_msgs/msg/detail/goal_status__type_support.h
[19.336s] -- Up-to-date symlink: /home/aajaer/microros_ws/install/actionlib_msgs/include/actionlib_msgs/actionlib_msgs/msg/detail/goal_status_array__functions.h
[19.336s] -- Up-to-date symlink: /home/aajaer/microros_ws/install/actionlib_msgs/include/actionlib_msgs/actionlib_msgs/msg/detail/goal_status_array__struct.h
[19.337s] -- Up-to-date symlink: /home/aajaer/microros_ws/install/actionlib_msgs/include/actionlib_msgs/actionlib_msgs/msg/detail/goal_status_array__type_support.h
[19.337s] -- Up-to-date symlink: /home/aajaer/microros_ws/install/actionlib_msgs/include/actionlib_msgs/actionlib_msgs/msg/goal_id.h
[19.337s] -- Up-to-date symlink: /home/aajaer/microros_ws/install/actionlib_msgs/include/actionlib_msgs/actionlib_msgs/msg/goal_status.h
[19.338s] -- Up-to-date symlink: /home/aajaer/microros_ws/install/actionlib_msgs/include/actionlib_msgs/actionlib_msgs/msg/goal_status_array.h
[19.338s] -- Up-to-date symlink: /home/aajaer/microros_ws/install/actionlib_msgs/include/actionlib_msgs/actionlib_msgs/msg/rosidl_generator_c__visibility_control.h
[19.338s] -- Up-to-date symlink: /home/aajaer/microros_ws/install/actionlib_msgs/share/actionlib_msgs/environment/library_path.sh
[19.339s] -- Up-to-date symlink: /home/aajaer/microros_ws/install/actionlib_msgs/share/actionlib_msgs/environment/library_path.dsv
[19.339s] -- Up-to-date symlink: /home/aajaer/microros_ws/install/actionlib_msgs/include/actionlib_msgs/actionlib_msgs/msg/detail/goal_id__rosidl_typesupport_fastrtps_c.h
[19.340s] -- Up-to-date symlink: /home/aajaer/microros_ws/install/actionlib_msgs/include/actionlib_msgs/actionlib_msgs/msg/detail/goal_status__rosidl_typesupport_fastrtps_c.h
[19.340s] -- Up-to-date symlink: /home/aajaer/microros_ws/install/actionlib_msgs/include/actionlib_msgs/actionlib_msgs/msg/detail/goal_status_array__rosidl_typesupport_fastrtps_c.h
[19.340s] -- Up-to-date symlink: /home/aajaer/microros_ws/install/actionlib_msgs/include/actionlib_msgs/actionlib_msgs/msg/rosidl_typesupport_fastrtps_c__visibility_control.h
[19.341s] -- Up-to-date symlink: /home/aajaer/microros_ws/install/actionlib_msgs/include/actionlib_msgs/actionlib_msgs/msg/detail/goal_id__builder.hpp
[19.341s] -- Up-to-date symlink: /home/aajaer/microros_ws/install/actionlib_msgs/include/actionlib_msgs/actionlib_msgs/msg/detail/goal_id__struct.hpp
[19.341s] -- Up-to-date symlink: /home/aajaer/microros_ws/install/actionlib_msgs/include/actionlib_msgs/actionlib_msgs/msg/detail/goal_id__traits.hpp
[19.342s] -- Up-to-date symlink: /home/aajaer/microros_ws/install/actionlib_msgs/include/actionlib_msgs/actionlib_msgs/msg/detail/goal_id__type_support.hpp
[19.342s] -- Up-to-date symlink: /home/aajaer/microros_ws/install/actionlib_msgs/include/actionlib_msgs/actionlib_msgs/msg/detail/goal_status__builder.hpp
[19.342s] -- Up-to-date symlink: /home/aajaer/microros_ws/install/actionlib_msgs/include/actionlib_msgs/actionlib_msgs/msg/detail/goal_status__struct.hpp
[19.342s] -- Up-to-date symlink: /home/aajaer/microros_ws/install/actionlib_msgs/include/actionlib_msgs/actionlib_msgs/msg/detail/goal_status__traits.hpp
[19.343s] -- Up-to-date symlink: /home/aajaer/microros_ws/install/actionlib_msgs/include/actionlib_msgs/actionlib_msgs/msg/detail/goal_status__type_support.hpp
[19.343s] -- Up-to-date symlink: /home/aajaer/microros_ws/install/actionlib_msgs/include/actionlib_msgs/actionlib_msgs/msg/detail/goal_status_array__builder.hpp
[19.343s] -- Up-to-date symlink: /home/aajaer/microros_ws/install/actionlib_msgs/include/actionlib_msgs/actionlib_msgs/msg/detail/goal_status_array__struct.hpp
[19.343s] -- Up-to-date symlink: /home/aajaer/microros_ws/install/actionlib_msgs/include/actionlib_msgs/actionlib_msgs/msg/detail/goal_status_array__traits.hpp
[19.343s] -- Up-to-date symlink: /home/aajaer/microros_ws/install/actionlib_msgs/include/actionlib_msgs/actionlib_msgs/msg/detail/goal_status_array__type_support.hpp
[19.344s] -- Up-to-date symlink: /home/aajaer/microros_ws/install/actionlib_msgs/include/actionlib_msgs/actionlib_msgs/msg/goal_id.hpp
[19.344s] -- Up-to-date symlink: /home/aajaer/microros_ws/install/actionlib_msgs/include/actionlib_msgs/actionlib_msgs/msg/goal_status.hpp
[19.344s] -- Up-to-date symlink: /home/aajaer/microros_ws/install/actionlib_msgs/include/actionlib_msgs/actionlib_msgs/msg/goal_status_array.hpp
[19.344s] -- Up-to-date symlink: /home/aajaer/microros_ws/install/actionlib_msgs/include/actionlib_msgs/actionlib_msgs/msg/rosidl_generator_cpp__visibility_control.hpp
[19.345s] -- Up-to-date symlink: /home/aajaer/microros_ws/install/actionlib_msgs/include/actionlib_msgs/actionlib_msgs/msg/detail/goal_id__rosidl_typesupport_fastrtps_cpp.hpp
[19.346s] -- Up-to-date symlink: /home/aajaer/microros_ws/install/actionlib_msgs/include/actionlib_msgs/actionlib_msgs/msg/detail/goal_status__rosidl_typesupport_fastrtps_cpp.hpp
[19.346s] -- Up-to-date symlink: /home/aajaer/microros_ws/install/actionlib_msgs/include/actionlib_msgs/actionlib_msgs/msg/detail/goal_status_array__rosidl_typesupport_fastrtps_cpp.hpp
[19.346s] -- Up-to-date symlink: /home/aajaer/microros_ws/install/actionlib_msgs/include/actionlib_msgs/actionlib_msgs/msg/rosidl_typesupport_fastrtps_cpp__visibility_control.h
[19.347s] -- Symlinking: /home/aajaer/microros_ws/install/actionlib_msgs/include/actionlib_msgs/msg/detail/goal_id__rosidl_typesupport_microxrcedds_c.h
[19.371s] -- Symlinking: /home/aajaer/microros_ws/install/actionlib_msgs/include/actionlib_msgs/msg/detail/goal_status__rosidl_typesupport_microxrcedds_c.h
[19.396s] -- Symlinking: /home/aajaer/microros_ws/install/actionlib_msgs/include/actionlib_msgs/msg/detail/goal_status_array__rosidl_typesupport_microxrcedds_c.h
[19.420s] -- Symlinking: /home/aajaer/microros_ws/install/actionlib_msgs/include/actionlib_msgs/msg/rosidl_typesupport_microxrcedds_c__visibility_control.h
[19.445s] -- Symlinking: /home/aajaer/microros_ws/install/actionlib_msgs/lib/libactionlib_msgs__rosidl_typesupport_microxrcedds_c.a
[19.470s] -- Up-to-date symlink: /home/aajaer/microros_ws/install/actionlib_msgs/include/actionlib_msgs/actionlib_msgs/msg/detail/goal_id__rosidl_typesupport_introspection_c.h
[19.471s] -- Up-to-date symlink: /home/aajaer/microros_ws/install/actionlib_msgs/include/actionlib_msgs/actionlib_msgs/msg/detail/goal_status__rosidl_typesupport_introspection_c.h
[19.471s] -- Up-to-date symlink: /home/aajaer/microros_ws/install/actionlib_msgs/include/actionlib_msgs/actionlib_msgs/msg/detail/goal_status_array__rosidl_typesupport_introspection_c.h
[19.471s] -- Up-to-date symlink: /home/aajaer/microros_ws/install/actionlib_msgs/include/actionlib_msgs/actionlib_msgs/msg/rosidl_typesupport_introspection_c__visibility_control.h
[19.472s] -- Symlinking: /home/aajaer/microros_ws/install/actionlib_msgs/include/actionlib_msgs/msg/detail/goal_id__rosidl_typesupport_microxrcedds_cpp.hpp
[19.499s] -- Symlinking: /home/aajaer/microros_ws/install/actionlib_msgs/include/actionlib_msgs/msg/detail/goal_status__rosidl_typesupport_microxrcedds_cpp.hpp
[19.523s] -- Symlinking: /home/aajaer/microros_ws/install/actionlib_msgs/include/actionlib_msgs/msg/detail/goal_status_array__rosidl_typesupport_microxrcedds_cpp.hpp
[19.549s] -- Symlinking: /home/aajaer/microros_ws/install/actionlib_msgs/include/actionlib_msgs/msg/detail/microxrcedds/goal_id__type_support_cpp.cpp
[19.572s] -- Symlinking: /home/aajaer/microros_ws/install/actionlib_msgs/include/actionlib_msgs/msg/detail/microxrcedds/goal_status__type_support_cpp.cpp
[19.596s] -- Symlinking: /home/aajaer/microros_ws/install/actionlib_msgs/include/actionlib_msgs/msg/detail/microxrcedds/goal_status_array__type_support_cpp.cpp
[19.621s] -- Symlinking: /home/aajaer/microros_ws/install/actionlib_msgs/include/actionlib_msgs/msg/rosidl_typesupport_microxrcedds_cpp__visibility_control.h
[19.648s] -- Symlinking: /home/aajaer/microros_ws/install/actionlib_msgs/lib/libactionlib_msgs__rosidl_typesupport_microxrcedds_cpp.a
[19.675s] -- Up-to-date symlink: /home/aajaer/microros_ws/install/actionlib_msgs/include/actionlib_msgs/actionlib_msgs/msg/detail/goal_id__rosidl_typesupport_introspection_cpp.hpp
[19.675s] -- Up-to-date symlink: /home/aajaer/microros_ws/install/actionlib_msgs/include/actionlib_msgs/actionlib_msgs/msg/detail/goal_status__rosidl_typesupport_introspection_cpp.hpp
[19.675s] -- Up-to-date symlink: /home/aajaer/microros_ws/install/actionlib_msgs/include/actionlib_msgs/actionlib_msgs/msg/detail/goal_status_array__rosidl_typesupport_introspection_cpp.hpp
[19.676s] -- Up-to-date symlink: /home/aajaer/microros_ws/install/actionlib_msgs/share/actionlib_msgs/environment/pythonpath.sh
[19.676s] -- Up-to-date symlink: /home/aajaer/microros_ws/install/actionlib_msgs/share/actionlib_msgs/environment/pythonpath.dsv
[19.676s] -- Up-to-date symlink: /home/aajaer/microros_ws/install/actionlib_msgs/local/lib/python3.10/dist-packages/actionlib_msgs-4.2.4-py3.10.egg-info/PKG-INFO
[19.677s] -- Up-to-date symlink: /home/aajaer/microros_ws/install/actionlib_msgs/local/lib/python3.10/dist-packages/actionlib_msgs-4.2.4-py3.10.egg-info/SOURCES.txt
[19.677s] -- Up-to-date symlink: /home/aajaer/microros_ws/install/actionlib_msgs/local/lib/python3.10/dist-packages/actionlib_msgs-4.2.4-py3.10.egg-info/dependency_links.txt
[19.677s] -- Up-to-date symlink: /home/aajaer/microros_ws/install/actionlib_msgs/local/lib/python3.10/dist-packages/actionlib_msgs-4.2.4-py3.10.egg-info/top_level.txt
[19.678s] -- Up-to-date symlink: /home/aajaer/microros_ws/install/actionlib_msgs/local/lib/python3.10/dist-packages/actionlib_msgs/__init__.py
[19.679s] -- Up-to-date symlink: /home/aajaer/microros_ws/install/actionlib_msgs/local/lib/python3.10/dist-packages/actionlib_msgs/_actionlib_msgs_s.ep.rosidl_typesupport_c.c
[19.679s] -- Up-to-date symlink: /home/aajaer/microros_ws/install/actionlib_msgs/local/lib/python3.10/dist-packages/actionlib_msgs/_actionlib_msgs_s.ep.rosidl_typesupport_fastrtps_c.c
[19.679s] -- Up-to-date symlink: /home/aajaer/microros_ws/install/actionlib_msgs/local/lib/python3.10/dist-packages/actionlib_msgs/_actionlib_msgs_s.ep.rosidl_typesupport_introspection_c.c
[19.679s] -- Symlinking: /home/aajaer/microros_ws/install/actionlib_msgs/local/lib/python3.10/dist-packages/actionlib_msgs/_actionlib_msgs_s.ep.rosidl_typesupport_microxrcedds_c.c
[19.701s] -- Up-to-date symlink: /home/aajaer/microros_ws/install/actionlib_msgs/local/lib/python3.10/dist-packages/actionlib_msgs/actionlib_msgs_s__rosidl_typesupport_c.cpython-310-aarch64-linux-gnu.so
[19.702s] -- Up-to-date symlink: /home/aajaer/microros_ws/install/actionlib_msgs/local/lib/python3.10/dist-packages/actionlib_msgs/actionlib_msgs_s__rosidl_typesupport_fastrtps_c.cpython-310-aarch64-linux-gnu.so
[19.702s] -- Up-to-date symlink: /home/aajaer/microros_ws/install/actionlib_msgs/local/lib/python3.10/dist-packages/actionlib_msgs/actionlib_msgs_s__rosidl_typesupport_introspection_c.cpython-310-aarch64-linux-gnu.so
[19.702s] -- Symlinking: /home/aajaer/microros_ws/install/actionlib_msgs/local/lib/python3.10/dist-packages/actionlib_msgs/actionlib_msgs_s__rosidl_typesupport_microxrcedds_c.cpython-310-aarch64-linux-gnu.so
[19.728s] -- Up-to-date symlink: /home/aajaer/microros_ws/install/actionlib_msgs/local/lib/python3.10/dist-packages/actionlib_msgs/libactionlib_msgs__rosidl_generator_py.so
[19.728s] -- Up-to-date symlink: /home/aajaer/microros_ws/install/actionlib_msgs/local/lib/python3.10/dist-packages/actionlib_msgs/msg/__init__.py
[19.728s] -- Up-to-date symlink: /home/aajaer/microros_ws/install/actionlib_msgs/local/lib/python3.10/dist-packages/actionlib_msgs/msg/_goal_id.py
[19.729s] -- Up-to-date symlink: /home/aajaer/microros_ws/install/actionlib_msgs/local/lib/python3.10/dist-packages/actionlib_msgs/msg/_goal_id_s.c
[19.730s] -- Up-to-date symlink: /home/aajaer/microros_ws/install/actionlib_msgs/local/lib/python3.10/dist-packages/actionlib_msgs/msg/_goal_status.py
[19.731s] -- Up-to-date symlink: /home/aajaer/microros_ws/install/actionlib_msgs/local/lib/python3.10/dist-packages/actionlib_msgs/msg/_goal_status_array.py
[19.731s] -- Up-to-date symlink: /home/aajaer/microros_ws/install/actionlib_msgs/local/lib/python3.10/dist-packages/actionlib_msgs/msg/_goal_status_array_s.c
[19.731s] -- Up-to-date symlink: /home/aajaer/microros_ws/install/actionlib_msgs/local/lib/python3.10/dist-packages/actionlib_msgs/msg/_goal_status_s.c
[19.732s] -- Up-to-date symlink: /home/aajaer/microros_ws/install/actionlib_msgs/local/lib/python3.10/dist-packages/actionlib_msgs/actionlib_msgs_s__rosidl_typesupport_microxrcedds_c.cpython-310-aarch64-linux-gnu.so
[19.733s] -- Up-to-date symlink: /home/aajaer/microros_ws/install/actionlib_msgs/local/lib/python3.10/dist-packages/actionlib_msgs/actionlib_msgs_s__rosidl_typesupport_fastrtps_c.cpython-310-aarch64-linux-gnu.so
[19.733s] -- Up-to-date symlink: /home/aajaer/microros_ws/install/actionlib_msgs/local/lib/python3.10/dist-packages/actionlib_msgs/actionlib_msgs_s__rosidl_typesupport_introspection_c.cpython-310-aarch64-linux-gnu.so
[19.734s] -- Up-to-date symlink: /home/aajaer/microros_ws/install/actionlib_msgs/local/lib/python3.10/dist-packages/actionlib_msgs/actionlib_msgs_s__rosidl_typesupport_c.cpython-310-aarch64-linux-gnu.so
[19.734s] -- Up-to-date symlink: /home/aajaer/microros_ws/install/actionlib_msgs/share/actionlib_msgs/msg/GoalID.idl
[19.735s] -- Up-to-date symlink: /home/aajaer/microros_ws/install/actionlib_msgs/share/actionlib_msgs/msg/GoalStatus.idl
[19.735s] -- Up-to-date symlink: /home/aajaer/microros_ws/install/actionlib_msgs/share/actionlib_msgs/msg/GoalStatusArray.idl
[19.735s] -- Up-to-date symlink: /home/aajaer/microros_ws/install/actionlib_msgs/share/actionlib_msgs/msg/GoalID.msg
[19.736s] -- Up-to-date symlink: /home/aajaer/microros_ws/install/actionlib_msgs/share/actionlib_msgs/msg/GoalStatus.msg
[19.736s] -- Up-to-date symlink: /home/aajaer/microros_ws/install/actionlib_msgs/share/actionlib_msgs/msg/GoalStatusArray.msg
[19.737s] -- Up-to-date symlink: /home/aajaer/microros_ws/install/actionlib_msgs/share/ament_index/resource_index/package_run_dependencies/actionlib_msgs
[19.739s] -- Up-to-date symlink: /home/aajaer/microros_ws/install/actionlib_msgs/share/ament_index/resource_index/parent_prefix_path/actionlib_msgs
[19.742s] -- Up-to-date symlink: /home/aajaer/microros_ws/install/actionlib_msgs/share/actionlib_msgs/environment/ament_prefix_path.sh
[19.743s] -- Up-to-date symlink: /home/aajaer/microros_ws/install/actionlib_msgs/share/actionlib_msgs/environment/ament_prefix_path.dsv
[19.743s] -- Up-to-date symlink: /home/aajaer/microros_ws/install/actionlib_msgs/share/actionlib_msgs/environment/path.sh
[19.743s] -- Up-to-date symlink: /home/aajaer/microros_ws/install/actionlib_msgs/share/actionlib_msgs/environment/path.dsv
[19.743s] -- Up-to-date symlink: /home/aajaer/microros_ws/install/actionlib_msgs/share/actionlib_msgs/local_setup.bash
[19.743s] -- Up-to-date symlink: /home/aajaer/microros_ws/install/actionlib_msgs/share/actionlib_msgs/local_setup.sh
[19.743s] -- Up-to-date symlink: /home/aajaer/microros_ws/install/actionlib_msgs/share/actionlib_msgs/local_setup.zsh
[19.744s] -- Up-to-date symlink: /home/aajaer/microros_ws/install/actionlib_msgs/share/actionlib_msgs/local_setup.dsv
[19.744s] -- Symlinking: /home/aajaer/microros_ws/install/actionlib_msgs/share/actionlib_msgs/package.dsv
[19.766s] -- Up-to-date symlink: /home/aajaer/microros_ws/install/actionlib_msgs/share/ament_index/resource_index/packages/actionlib_msgs
[19.767s] -- Up-to-date symlink: /home/aajaer/microros_ws/install/actionlib_msgs/share/actionlib_msgs/cmake/rosidl_cmake-extras.cmake
[19.767s] -- Up-to-date symlink: /home/aajaer/microros_ws/install/actionlib_msgs/share/actionlib_msgs/cmake/ament_cmake_export_dependencies-extras.cmake
[19.768s] -- Up-to-date symlink: /home/aajaer/microros_ws/install/actionlib_msgs/share/actionlib_msgs/cmake/ament_cmake_export_include_directories-extras.cmake
[19.768s] -- Up-to-date symlink: /home/aajaer/microros_ws/install/actionlib_msgs/share/actionlib_msgs/cmake/ament_cmake_export_libraries-extras.cmake
[19.769s] -- Up-to-date symlink: /home/aajaer/microros_ws/install/actionlib_msgs/share/actionlib_msgs/cmake/ament_cmake_export_targets-extras.cmake
[19.770s] -- Up-to-date symlink: /home/aajaer/microros_ws/install/actionlib_msgs/share/actionlib_msgs/cmake/rosidl_cmake_export_typesupport_targets-extras.cmake
[19.770s] -- Up-to-date symlink: /home/aajaer/microros_ws/install/actionlib_msgs/share/actionlib_msgs/cmake/rosidl_cmake_export_typesupport_libraries-extras.cmake
[19.771s] -- Up-to-date symlink: /home/aajaer/microros_ws/install/actionlib_msgs/share/actionlib_msgs/cmake/actionlib_msgsConfig.cmake
[19.771s] -- Up-to-date symlink: /home/aajaer/microros_ws/install/actionlib_msgs/share/actionlib_msgs/cmake/actionlib_msgsConfig-version.cmake
[19.771s] -- Up-to-date symlink: /home/aajaer/microros_ws/install/actionlib_msgs/share/actionlib_msgs/package.xml
[19.772s] -- Up-to-date: /home/aajaer/microros_ws/install/actionlib_msgs/lib/libactionlib_msgs__rosidl_generator_c.so
[19.773s] -- Up-to-date: /home/aajaer/microros_ws/install/actionlib_msgs/lib/libactionlib_msgs__rosidl_typesupport_fastrtps_c.so
[19.774s] -- Up-to-date: /home/aajaer/microros_ws/install/actionlib_msgs/lib/libactionlib_msgs__rosidl_typesupport_fastrtps_cpp.so
[19.775s] -- Up-to-date: /home/aajaer/microros_ws/install/actionlib_msgs/lib/libactionlib_msgs__rosidl_typesupport_introspection_c.so
[19.775s] -- Installing: /home/aajaer/microros_ws/install/actionlib_msgs/lib/libactionlib_msgs__rosidl_typesupport_c.so
[19.777s] -- Set runtime path of "/home/aajaer/microros_ws/install/actionlib_msgs/lib/libactionlib_msgs__rosidl_typesupport_c.so" to ""
[19.777s] -- Up-to-date: /home/aajaer/microros_ws/install/actionlib_msgs/lib/libactionlib_msgs__rosidl_typesupport_introspection_cpp.so
[19.778s] -- Installing: /home/aajaer/microros_ws/install/actionlib_msgs/lib/libactionlib_msgs__rosidl_typesupport_cpp.so
[19.779s] -- Set runtime path of "/home/aajaer/microros_ws/install/actionlib_msgs/lib/libactionlib_msgs__rosidl_typesupport_cpp.so" to ""
[19.902s] Listing '/home/aajaer/microros_ws/install/actionlib_msgs/local/lib/python3.10/dist-packages/actionlib_msgs'...
[19.902s] Compiling '/home/aajaer/microros_ws/install/actionlib_msgs/local/lib/python3.10/dist-packages/actionlib_msgs/__init__.py'...
[19.903s] Listing '/home/aajaer/microros_ws/install/actionlib_msgs/local/lib/python3.10/dist-packages/actionlib_msgs/msg'...
[19.903s] Compiling '/home/aajaer/microros_ws/install/actionlib_msgs/local/lib/python3.10/dist-packages/actionlib_msgs/msg/__init__.py'...
[19.903s] Compiling '/home/aajaer/microros_ws/install/actionlib_msgs/local/lib/python3.10/dist-packages/actionlib_msgs/msg/_goal_id.py'...
[19.903s] Compiling '/home/aajaer/microros_ws/install/actionlib_msgs/local/lib/python3.10/dist-packages/actionlib_msgs/msg/_goal_status.py'...
[19.904s] Compiling '/home/aajaer/microros_ws/install/actionlib_msgs/local/lib/python3.10/dist-packages/actionlib_msgs/msg/_goal_status_array.py'...
[19.917s] -- Installing: /home/aajaer/microros_ws/install/actionlib_msgs/lib/libactionlib_msgs__rosidl_generator_py.so
[19.918s] -- Set runtime path of "/home/aajaer/microros_ws/install/actionlib_msgs/lib/libactionlib_msgs__rosidl_generator_py.so" to ""
[19.918s] -- Up-to-date: /home/aajaer/microros_ws/install/actionlib_msgs/share/actionlib_msgs/cmake/export_actionlib_msgs__rosidl_generator_cExport.cmake
[19.918s] -- Up-to-date: /home/aajaer/microros_ws/install/actionlib_msgs/share/actionlib_msgs/cmake/export_actionlib_msgs__rosidl_generator_cExport-noconfig.cmake
[19.918s] -- Up-to-date: /home/aajaer/microros_ws/install/actionlib_msgs/share/actionlib_msgs/cmake/export_actionlib_msgs__rosidl_typesupport_fastrtps_cExport.cmake
[19.918s] -- Up-to-date: /home/aajaer/microros_ws/install/actionlib_msgs/share/actionlib_msgs/cmake/export_actionlib_msgs__rosidl_typesupport_fastrtps_cExport-noconfig.cmake
[19.919s] -- Up-to-date: /home/aajaer/microros_ws/install/actionlib_msgs/share/actionlib_msgs/cmake/export_actionlib_msgs__rosidl_generator_cppExport.cmake
[19.919s] -- Up-to-date: /home/aajaer/microros_ws/install/actionlib_msgs/share/actionlib_msgs/cmake/export_actionlib_msgs__rosidl_typesupport_fastrtps_cppExport.cmake
[19.919s] -- Up-to-date: /home/aajaer/microros_ws/install/actionlib_msgs/share/actionlib_msgs/cmake/export_actionlib_msgs__rosidl_typesupport_fastrtps_cppExport-noconfig.cmake
[19.919s] -- Up-to-date: /home/aajaer/microros_ws/install/actionlib_msgs/share/actionlib_msgs/cmake/actionlib_msgs__rosidl_typesupport_introspection_cExport.cmake
[19.919s] -- Up-to-date: /home/aajaer/microros_ws/install/actionlib_msgs/share/actionlib_msgs/cmake/actionlib_msgs__rosidl_typesupport_introspection_cExport-noconfig.cmake
[19.920s] -- Up-to-date: /home/aajaer/microros_ws/install/actionlib_msgs/share/actionlib_msgs/cmake/actionlib_msgs__rosidl_typesupport_cExport.cmake
[19.920s] -- Up-to-date: /home/aajaer/microros_ws/install/actionlib_msgs/share/actionlib_msgs/cmake/actionlib_msgs__rosidl_typesupport_cExport-noconfig.cmake
[19.920s] -- Up-to-date: /home/aajaer/microros_ws/install/actionlib_msgs/share/actionlib_msgs/cmake/actionlib_msgs__rosidl_typesupport_introspection_cppExport.cmake
[19.920s] -- Up-to-date: /home/aajaer/microros_ws/install/actionlib_msgs/share/actionlib_msgs/cmake/actionlib_msgs__rosidl_typesupport_introspection_cppExport-noconfig.cmake
[19.920s] -- Up-to-date: /home/aajaer/microros_ws/install/actionlib_msgs/share/actionlib_msgs/cmake/actionlib_msgs__rosidl_typesupport_cppExport.cmake
[19.920s] -- Up-to-date: /home/aajaer/microros_ws/install/actionlib_msgs/share/actionlib_msgs/cmake/actionlib_msgs__rosidl_typesupport_cppExport-noconfig.cmake
[19.920s] -- Up-to-date: /home/aajaer/microros_ws/install/actionlib_msgs/share/actionlib_msgs/cmake/export_actionlib_msgs__rosidl_generator_pyExport.cmake
[19.921s] -- Up-to-date: /home/aajaer/microros_ws/install/actionlib_msgs/share/actionlib_msgs/cmake/export_actionlib_msgs__rosidl_generator_pyExport-noconfig.cmake
[19.927s] Invoked command in '/home/aajaer/microros_ws/build/actionlib_msgs' returned '0': CMAKE_PREFIX_PATH=/home/aajaer/microros_ws/install/std_msgs:/home/aajaer/microros_ws/install/builtin_interfaces:/home/aajaer/microros_ws/install/micro_ros_demos_rclc:/home/aajaer/microros_ws/install/common_interfaces:/home/aajaer/microros_ws/install/visualization_msgs:/home/aajaer/microros_ws/install/test_msgs:/home/aajaer/microros_ws/install/example_interfaces:/home/aajaer/microros_ws/install/action_msgs:/home/aajaer/microros_ws/install/unique_identifier_msgs:/home/aajaer/microros_ws/install/trajectory_msgs:/home/aajaer/microros_ws/install/stereo_msgs:/home/aajaer/microros_ws/install/sllidar_ros2:/home/aajaer/microros_ws/install/std_srvs:/home/aajaer/microros_ws/install/shape_msgs:/home/aajaer/microros_ws/install/sensor_msgs:/home/aajaer/microros_ws/install/nav_msgs:/home/aajaer/microros_ws/install/diagnostic_msgs:/home/aajaer/microros_ws/install/geometry_msgs:/home/aajaer/microros_ws/install/actionlib_msgs:/home/aajaer/microros_ws/install/statistics_msgs:/home/aajaer/microros_ws/install/rosidl_typesupport_microxrcedds_test_msg:/home/aajaer/microros_ws/install/rosidl_typesupport_microxrcedds_cpp_tests:/home/aajaer/microros_ws/install/rmw_microxrcedds:/home/aajaer/microros_ws/install/rosidl_typesupport_microxrcedds_cpp:/home/aajaer/microros_ws/install/rosidl_typesupport_microxrcedds_c_tests:/home/aajaer/microros_ws/install/rosidl_typesupport_microxrcedds_c:/home/aajaer/microros_ws/install/rosgraph_msgs:/home/aajaer/microros_ws/install/rclc_parameter:/home/aajaer/microros_ws/install/rclc:/home/aajaer/microros_ws/install/composition_interfaces:/home/aajaer/microros_ws/install/rcl_interfaces:/home/aajaer/microros_ws/install/microxrcedds_client:/home/aajaer/microros_ws/install/microcdr:/home/aajaer/microros_ws/install/micro_ros_utilities:/home/aajaer/microros_ws/install/micro_ros_setup:/home/aajaer/microros_ws/install/micro_ros_agent:/home/aajaer/microros_ws/install/micro_ros_msgs:/home/aajaer/microros_ws/install/lifecycle_msgs:/home/aajaer/microros_ws/install/complex_msgs:/opt/ros/humble:/opt/ros/humble:/home/aajaer/microros_ws/install/sensor_msgs_py:/home/aajaer/microros_ws/install/motor_control_pkg LD_LIBRARY_PATH=/home/aajaer/microros_ws/install/std_msgs/lib:/home/aajaer/microros_ws/install/builtin_interfaces/lib:/home/aajaer/microros_ws/install/visualization_msgs/lib:/home/aajaer/microros_ws/install/test_msgs/lib:/home/aajaer/microros_ws/install/example_interfaces/lib:/home/aajaer/microros_ws/install/action_msgs/lib:/home/aajaer/microros_ws/install/unique_identifier_msgs/lib:/home/aajaer/microros_ws/install/trajectory_msgs/lib:/home/aajaer/microros_ws/install/stereo_msgs/lib:/home/aajaer/microros_ws/install/std_srvs/lib:/home/aajaer/microros_ws/install/shape_msgs/lib:/home/aajaer/microros_ws/install/sensor_msgs/lib:/home/aajaer/microros_ws/install/nav_msgs/lib:/home/aajaer/microros_ws/install/diagnostic_msgs/lib:/home/aajaer/microros_ws/install/geometry_msgs/lib:/home/aajaer/microros_ws/install/actionlib_msgs/lib:/home/aajaer/microros_ws/install/statistics_msgs/lib:/home/aajaer/microros_ws/install/rosidl_typesupport_microxrcedds_test_msg/lib:/home/aajaer/microros_ws/install/rmw_microxrcedds/lib:/home/aajaer/microros_ws/install/rosidl_typesupport_microxrcedds_cpp/lib:/home/aajaer/microros_ws/install/rosidl_typesupport_microxrcedds_c/lib:/home/aajaer/microros_ws/install/rosgraph_msgs/lib:/home/aajaer/microros_ws/install/rclc_parameter/lib:/home/aajaer/microros_ws/install/rclc/lib:/home/aajaer/microros_ws/install/composition_interfaces/lib:/home/aajaer/microros_ws/install/rcl_interfaces/lib:/home/aajaer/microros_ws/install/micro_ros_utilities/lib:/home/aajaer/microros_ws/install/micro_ros_agent/lib:/home/aajaer/microros_ws/install/micro_ros_msgs/lib:/home/aajaer/microros_ws/install/lifecycle_msgs/lib:/home/aajaer/microros_ws/install/complex_msgs/lib:/opt/ros/humble/opt/rviz_ogre_vendor/lib:/opt/ros/humble/lib/aarch64-linux-gnu:/opt/ros/humble/lib /usr/bin/cmake --install /home/aajaer/microros_ws/build/actionlib_msgs
