[0.213s] Invoking command in '/home/aajaer/microros_ws/build/complex_msgs': AMENT_PREFIX_PATH=/home/aajaer/microros_ws/install/builtin_interfaces:${AMENT_PREFIX_PATH} CMAKE_PREFIX_PATH=/home/aajaer/microros_ws/install/builtin_interfaces:/opt/ros/humble:/opt/ros/humble LD_LIBRARY_PATH=/home/aajaer/microros_ws/install/builtin_interfaces/lib:/opt/ros/humble/opt/rviz_ogre_vendor/lib:/opt/ros/humble/lib/aarch64-linux-gnu:/opt/ros/humble/lib PYTHONPATH=/home/aajaer/microros_ws/install/builtin_interfaces/local/lib/python3.10/dist-packages:${PYTHONPATH} /usr/bin/cmake /home/aajaer/microros_ws/src/uros/micro-ROS-demos/messages/complex_msg -DCMAKE_INSTALL_PREFIX=/home/aajaer/microros_ws/install/complex_msgs
[0.261s] -- Found ament_cmake: 1.3.11 (/opt/ros/humble/share/ament_cmake/cmake)
[0.551s] -- Override CMake install command with custom implementation using symlinks instead of copying resources
[0.567s] -- Found builtin_interfaces: 1.2.1 (/home/aajaer/microros_ws/install/builtin_interfaces/share/builtin_interfaces/cmake)
[0.619s] -- Found rosidl_generator_c: 3.1.6 (/opt/ros/humble/share/rosidl_generator_c/cmake)
[0.623s] -- Found rosidl_adapter: 3.1.6 (/opt/ros/humble/share/rosidl_adapter/cmake)
[0.635s] -- Found rosidl_generator_cpp: 3.1.6 (/opt/ros/humble/share/rosidl_generator_cpp/cmake)
[0.655s] -- Using all available rosidl_typesupport_c: rosidl_typesupport_fastrtps_c;rosidl_typesupport_introspection_c
[0.680s] -- Using all available rosidl_typesupport_cpp: rosidl_typesupport_fastrtps_cpp;rosidl_typesupport_introspection_cpp
[0.702s] -- Found rosidl_default_generators: 1.2.0 (/opt/ros/humble/share/rosidl_default_generators/cmake)
[1.379s] -- Found ament_cmake_cppcheck: 0.12.11 (/opt/ros/humble/share/ament_cmake_cppcheck/cmake)
[1.379s] -- Found ament_cmake_cpplint: 0.12.11 (/opt/ros/humble/share/ament_cmake_cpplint/cmake)
[1.379s] -- Found ament_cmake_uncrustify: 0.12.11 (/opt/ros/humble/share/ament_cmake_uncrustify/cmake)
[1.379s] -- Found ament_cmake_ros: 0.10.0 (/opt/ros/humble/share/ament_cmake_ros/cmake)
[2.176s] -- Using all available rosidl_typesupport_c: rosidl_typesupport_fastrtps_c;rosidl_typesupport_introspection_c
[2.465s] -- Using all available rosidl_typesupport_cpp: rosidl_typesupport_fastrtps_cpp;rosidl_typesupport_introspection_cpp
[2.523s] -- Found python_cmake_module: 0.10.0 (/opt/ros/humble/share/python_cmake_module/cmake)
[2.576s] -- Using PYTHON_EXECUTABLE: /usr/bin/python3
[2.577s] -- Using PYTHON_INCLUDE_DIRS: /usr/include/python3.10
[2.577s] -- Using PYTHON_LIBRARIES: /usr/lib/aarch64-linux-gnu/libpython3.10.so
[2.613s] -- Found ament_cmake_flake8: 0.12.11 (/opt/ros/humble/share/ament_cmake_flake8/cmake)
[2.615s] -- Found ament_cmake_pep257: 0.12.11 (/opt/ros/humble/share/ament_cmake_pep257/cmake)
[2.647s] -- Configuring done
[2.761s] -- Generating done
[2.791s] -- Build files have been written to: /home/aajaer/microros_ws/build/complex_msgs
[2.957s] Invoked command in '/home/aajaer/microros_ws/build/complex_msgs' returned '0': AMENT_PREFIX_PATH=/home/aajaer/microros_ws/install/builtin_interfaces:${AMENT_PREFIX_PATH} CMAKE_PREFIX_PATH=/home/aajaer/microros_ws/install/builtin_interfaces:/opt/ros/humble:/opt/ros/humble LD_LIBRARY_PATH=/home/aajaer/microros_ws/install/builtin_interfaces/lib:/opt/ros/humble/opt/rviz_ogre_vendor/lib:/opt/ros/humble/lib/aarch64-linux-gnu:/opt/ros/humble/lib PYTHONPATH=/home/aajaer/microros_ws/install/builtin_interfaces/local/lib/python3.10/dist-packages:${PYTHONPATH} /usr/bin/cmake /home/aajaer/microros_ws/src/uros/micro-ROS-demos/messages/complex_msg -DCMAKE_INSTALL_PREFIX=/home/aajaer/microros_ws/install/complex_msgs
[2.958s] Invoking command in '/home/aajaer/microros_ws/build/complex_msgs': AMENT_PREFIX_PATH=/home/aajaer/microros_ws/install/builtin_interfaces:${AMENT_PREFIX_PATH} CMAKE_PREFIX_PATH=/home/aajaer/microros_ws/install/builtin_interfaces:/opt/ros/humble:/opt/ros/humble LD_LIBRARY_PATH=/home/aajaer/microros_ws/install/builtin_interfaces/lib:/opt/ros/humble/opt/rviz_ogre_vendor/lib:/opt/ros/humble/lib/aarch64-linux-gnu:/opt/ros/humble/lib PYTHONPATH=/home/aajaer/microros_ws/install/builtin_interfaces/local/lib/python3.10/dist-packages:${PYTHONPATH} /usr/bin/cmake --build /home/aajaer/microros_ws/build/complex_msgs -- -j8 -l8
[3.084s] [  2%] Built target complex_msgs__cpp
[3.118s] [35m[1mConsolidate compiler generated dependencies of target complex_msgs__rosidl_typesupport_introspection_cpp[0m
[3.127s] [35m[1mConsolidate compiler generated dependencies of target complex_msgs__rosidl_generator_c[0m
[3.127s] [  5%] [34m[1mGenerating C++ type support dispatch for ROS interfaces[0m
[3.129s] [35m[1mConsolidate compiler generated dependencies of target complex_msgs__rosidl_typesupport_fastrtps_cpp[0m
[3.160s] [  5%] Built target ament_cmake_python_symlink_complex_msgs
[3.201s] [ 15%] Built target complex_msgs__rosidl_generator_c
[3.212s] [ 25%] Built target complex_msgs__rosidl_typesupport_fastrtps_cpp
[3.237s] [ 35%] Built target complex_msgs__rosidl_typesupport_introspection_cpp
[3.258s] [ 38%] [34m[1mGenerating C type support dispatch for ROS interfaces[0m
[3.276s] [35m[1mConsolidate compiler generated dependencies of target complex_msgs__rosidl_typesupport_introspection_c[0m
[3.299s] [35m[1mConsolidate compiler generated dependencies of target complex_msgs__rosidl_typesupport_fastrtps_c[0m
[3.389s] [ 48%] Built target complex_msgs__rosidl_typesupport_introspection_c
[3.407s] [ 58%] Built target complex_msgs__rosidl_typesupport_fastrtps_c
[4.141s] [35m[1mConsolidate compiler generated dependencies of target complex_msgs__rosidl_typesupport_cpp[0m
[4.215s] [ 61%] [32mBuilding CXX object CMakeFiles/complex_msgs__rosidl_typesupport_cpp.dir/rosidl_typesupport_cpp/complex_msgs/msg/multi_string_test__type_support.cpp.o[0m
[4.248s] [ 64%] [32mBuilding CXX object CMakeFiles/complex_msgs__rosidl_typesupport_cpp.dir/rosidl_typesupport_cpp/complex_msgs/msg/nested_msg_test__type_support.cpp.o[0m
[4.341s] [35m[1mConsolidate compiler generated dependencies of target complex_msgs__rosidl_typesupport_c[0m
[4.429s] [ 66%] [32mBuilding CXX object CMakeFiles/complex_msgs__rosidl_typesupport_c.dir/rosidl_typesupport_c/complex_msgs/msg/multi_string_test__type_support.cpp.o[0m
[4.437s] running egg_info
[4.440s] writing complex_msgs.egg-info/PKG-INFO
[4.441s] writing dependency_links to complex_msgs.egg-info/dependency_links.txt
[4.441s] writing top-level names to complex_msgs.egg-info/top_level.txt
[4.448s] [ 69%] [32mBuilding CXX object CMakeFiles/complex_msgs__rosidl_typesupport_c.dir/rosidl_typesupport_c/complex_msgs/msg/nested_msg_test__type_support.cpp.o[0m
[4.455s] reading manifest file 'complex_msgs.egg-info/SOURCES.txt'
[4.460s] writing manifest file 'complex_msgs.egg-info/SOURCES.txt'
[4.604s] [ 71%] [32m[1mLinking CXX shared library libcomplex_msgs__rosidl_typesupport_c.so[0m
[4.668s] [ 71%] Built target ament_cmake_python_build_complex_msgs_egg
[4.868s] [ 71%] Built target complex_msgs__rosidl_typesupport_c
[5.408s] [ 74%] [32m[1mLinking CXX shared library libcomplex_msgs__rosidl_typesupport_cpp.so[0m
[5.651s] [ 74%] Built target complex_msgs__rosidl_typesupport_cpp
[5.784s] [ 74%] Built target complex_msgs
[5.962s] [ 76%] Built target complex_msgs__py
[6.044s] [35m[1mConsolidate compiler generated dependencies of target complex_msgs__rosidl_generator_py[0m
[6.125s] [ 79%] [32m[1mLinking C shared library rosidl_generator_py/complex_msgs/libcomplex_msgs__rosidl_generator_py.so[0m
[6.366s] [ 84%] Built target complex_msgs__rosidl_generator_py
[6.457s] [35m[1mConsolidate compiler generated dependencies of target complex_msgs__rosidl_typesupport_introspection_c__pyext[0m
[6.478s] [35m[1mConsolidate compiler generated dependencies of target complex_msgs__rosidl_typesupport_c__pyext[0m
[6.494s] [35m[1mConsolidate compiler generated dependencies of target complex_msgs__rosidl_typesupport_fastrtps_c__pyext[0m
[6.503s] [ 87%] [32m[1mLinking C shared library rosidl_generator_py/complex_msgs/complex_msgs_s__rosidl_typesupport_introspection_c.cpython-310-aarch64-linux-gnu.so[0m
[6.541s] [ 89%] [32m[1mLinking C shared library rosidl_generator_py/complex_msgs/complex_msgs_s__rosidl_typesupport_c.cpython-310-aarch64-linux-gnu.so[0m
[6.573s] [ 92%] [32m[1mLinking C shared library rosidl_generator_py/complex_msgs/complex_msgs_s__rosidl_typesupport_fastrtps_c.cpython-310-aarch64-linux-gnu.so[0m
[6.632s] [ 94%] Built target complex_msgs__rosidl_typesupport_introspection_c__pyext
[6.764s] [ 97%] Built target complex_msgs__rosidl_typesupport_c__pyext
[6.777s] [100%] Built target complex_msgs__rosidl_typesupport_fastrtps_c__pyext
[6.821s] Invoked command in '/home/aajaer/microros_ws/build/complex_msgs' returned '0': AMENT_PREFIX_PATH=/home/aajaer/microros_ws/install/builtin_interfaces:${AMENT_PREFIX_PATH} CMAKE_PREFIX_PATH=/home/aajaer/microros_ws/install/builtin_interfaces:/opt/ros/humble:/opt/ros/humble LD_LIBRARY_PATH=/home/aajaer/microros_ws/install/builtin_interfaces/lib:/opt/ros/humble/opt/rviz_ogre_vendor/lib:/opt/ros/humble/lib/aarch64-linux-gnu:/opt/ros/humble/lib PYTHONPATH=/home/aajaer/microros_ws/install/builtin_interfaces/local/lib/python3.10/dist-packages:${PYTHONPATH} /usr/bin/cmake --build /home/aajaer/microros_ws/build/complex_msgs -- -j8 -l8
[6.853s] Invoking command in '/home/aajaer/microros_ws/build/complex_msgs': AMENT_PREFIX_PATH=/home/aajaer/microros_ws/install/builtin_interfaces:${AMENT_PREFIX_PATH} CMAKE_PREFIX_PATH=/home/aajaer/microros_ws/install/builtin_interfaces:/opt/ros/humble:/opt/ros/humble LD_LIBRARY_PATH=/home/aajaer/microros_ws/install/builtin_interfaces/lib:/opt/ros/humble/opt/rviz_ogre_vendor/lib:/opt/ros/humble/lib/aarch64-linux-gnu:/opt/ros/humble/lib PYTHONPATH=/home/aajaer/microros_ws/install/builtin_interfaces/local/lib/python3.10/dist-packages:${PYTHONPATH} /usr/bin/cmake --install /home/aajaer/microros_ws/build/complex_msgs
[6.865s] -- Install configuration: ""
[6.865s] -- Execute custom install script
[6.866s] -- Up-to-date symlink: /home/aajaer/microros_ws/install/complex_msgs/share/ament_index/resource_index/rosidl_interfaces/complex_msgs
[6.875s] -- Up-to-date symlink: /home/aajaer/microros_ws/install/complex_msgs/include/complex_msgs/complex_msgs/msg/detail/multi_string_test__functions.h
[6.876s] -- Up-to-date symlink: /home/aajaer/microros_ws/install/complex_msgs/include/complex_msgs/complex_msgs/msg/detail/multi_string_test__struct.h
[6.876s] -- Up-to-date symlink: /home/aajaer/microros_ws/install/complex_msgs/include/complex_msgs/complex_msgs/msg/detail/multi_string_test__type_support.h
[6.877s] -- Up-to-date symlink: /home/aajaer/microros_ws/install/complex_msgs/include/complex_msgs/complex_msgs/msg/detail/nested_msg_test__functions.h
[6.877s] -- Up-to-date symlink: /home/aajaer/microros_ws/install/complex_msgs/include/complex_msgs/complex_msgs/msg/detail/nested_msg_test__struct.h
[6.878s] -- Up-to-date symlink: /home/aajaer/microros_ws/install/complex_msgs/include/complex_msgs/complex_msgs/msg/detail/nested_msg_test__type_support.h
[6.878s] -- Up-to-date symlink: /home/aajaer/microros_ws/install/complex_msgs/include/complex_msgs/complex_msgs/msg/multi_string_test.h
[6.879s] -- Up-to-date symlink: /home/aajaer/microros_ws/install/complex_msgs/include/complex_msgs/complex_msgs/msg/nested_msg_test.h
[6.879s] -- Up-to-date symlink: /home/aajaer/microros_ws/install/complex_msgs/include/complex_msgs/complex_msgs/msg/rosidl_generator_c__visibility_control.h
[6.887s] -- Up-to-date symlink: /home/aajaer/microros_ws/install/complex_msgs/share/complex_msgs/environment/library_path.sh
[6.888s] -- Up-to-date symlink: /home/aajaer/microros_ws/install/complex_msgs/share/complex_msgs/environment/library_path.dsv
[6.889s] -- Up-to-date symlink: /home/aajaer/microros_ws/install/complex_msgs/include/complex_msgs/complex_msgs/msg/detail/multi_string_test__rosidl_typesupport_fastrtps_c.h
[6.889s] -- Up-to-date symlink: /home/aajaer/microros_ws/install/complex_msgs/include/complex_msgs/complex_msgs/msg/detail/nested_msg_test__rosidl_typesupport_fastrtps_c.h
[6.890s] -- Up-to-date symlink: /home/aajaer/microros_ws/install/complex_msgs/include/complex_msgs/complex_msgs/msg/rosidl_typesupport_fastrtps_c__visibility_control.h
[6.891s] -- Up-to-date symlink: /home/aajaer/microros_ws/install/complex_msgs/include/complex_msgs/complex_msgs/msg/detail/multi_string_test__builder.hpp
[6.891s] -- Up-to-date symlink: /home/aajaer/microros_ws/install/complex_msgs/include/complex_msgs/complex_msgs/msg/detail/multi_string_test__struct.hpp
[6.892s] -- Up-to-date symlink: /home/aajaer/microros_ws/install/complex_msgs/include/complex_msgs/complex_msgs/msg/detail/multi_string_test__traits.hpp
[6.892s] -- Up-to-date symlink: /home/aajaer/microros_ws/install/complex_msgs/include/complex_msgs/complex_msgs/msg/detail/multi_string_test__type_support.hpp
[6.893s] -- Up-to-date symlink: /home/aajaer/microros_ws/install/complex_msgs/include/complex_msgs/complex_msgs/msg/detail/nested_msg_test__builder.hpp
[6.893s] -- Up-to-date symlink: /home/aajaer/microros_ws/install/complex_msgs/include/complex_msgs/complex_msgs/msg/detail/nested_msg_test__struct.hpp
[6.893s] -- Up-to-date symlink: /home/aajaer/microros_ws/install/complex_msgs/include/complex_msgs/complex_msgs/msg/detail/nested_msg_test__traits.hpp
[6.894s] -- Up-to-date symlink: /home/aajaer/microros_ws/install/complex_msgs/include/complex_msgs/complex_msgs/msg/detail/nested_msg_test__type_support.hpp
[6.895s] -- Up-to-date symlink: /home/aajaer/microros_ws/install/complex_msgs/include/complex_msgs/complex_msgs/msg/multi_string_test.hpp
[6.895s] -- Up-to-date symlink: /home/aajaer/microros_ws/install/complex_msgs/include/complex_msgs/complex_msgs/msg/nested_msg_test.hpp
[6.895s] -- Up-to-date symlink: /home/aajaer/microros_ws/install/complex_msgs/include/complex_msgs/complex_msgs/msg/rosidl_generator_cpp__visibility_control.hpp
[6.896s] -- Up-to-date symlink: /home/aajaer/microros_ws/install/complex_msgs/include/complex_msgs/complex_msgs/msg/detail/multi_string_test__rosidl_typesupport_fastrtps_cpp.hpp
[6.897s] -- Up-to-date symlink: /home/aajaer/microros_ws/install/complex_msgs/include/complex_msgs/complex_msgs/msg/detail/nested_msg_test__rosidl_typesupport_fastrtps_cpp.hpp
[6.897s] -- Up-to-date symlink: /home/aajaer/microros_ws/install/complex_msgs/include/complex_msgs/complex_msgs/msg/rosidl_typesupport_fastrtps_cpp__visibility_control.h
[6.898s] -- Up-to-date symlink: /home/aajaer/microros_ws/install/complex_msgs/include/complex_msgs/complex_msgs/msg/detail/multi_string_test__rosidl_typesupport_introspection_c.h
[6.904s] -- Up-to-date symlink: /home/aajaer/microros_ws/install/complex_msgs/include/complex_msgs/complex_msgs/msg/detail/nested_msg_test__rosidl_typesupport_introspection_c.h
[6.904s] -- Up-to-date symlink: /home/aajaer/microros_ws/install/complex_msgs/include/complex_msgs/complex_msgs/msg/rosidl_typesupport_introspection_c__visibility_control.h
[6.905s] -- Up-to-date symlink: /home/aajaer/microros_ws/install/complex_msgs/include/complex_msgs/complex_msgs/msg/detail/multi_string_test__rosidl_typesupport_introspection_cpp.hpp
[6.906s] -- Up-to-date symlink: /home/aajaer/microros_ws/install/complex_msgs/include/complex_msgs/complex_msgs/msg/detail/nested_msg_test__rosidl_typesupport_introspection_cpp.hpp
[6.906s] -- Up-to-date symlink: /home/aajaer/microros_ws/install/complex_msgs/share/complex_msgs/environment/pythonpath.sh
[6.906s] -- Up-to-date symlink: /home/aajaer/microros_ws/install/complex_msgs/share/complex_msgs/environment/pythonpath.dsv
[6.907s] -- Up-to-date symlink: /home/aajaer/microros_ws/install/complex_msgs/local/lib/python3.10/dist-packages/complex_msgs-3.0.2-py3.10.egg-info/PKG-INFO
[6.908s] -- Up-to-date symlink: /home/aajaer/microros_ws/install/complex_msgs/local/lib/python3.10/dist-packages/complex_msgs-3.0.2-py3.10.egg-info/SOURCES.txt
[6.908s] -- Up-to-date symlink: /home/aajaer/microros_ws/install/complex_msgs/local/lib/python3.10/dist-packages/complex_msgs-3.0.2-py3.10.egg-info/dependency_links.txt
[6.908s] -- Up-to-date symlink: /home/aajaer/microros_ws/install/complex_msgs/local/lib/python3.10/dist-packages/complex_msgs-3.0.2-py3.10.egg-info/top_level.txt
[6.914s] -- Up-to-date symlink: /home/aajaer/microros_ws/install/complex_msgs/local/lib/python3.10/dist-packages/complex_msgs/__init__.py
[6.915s] -- Up-to-date symlink: /home/aajaer/microros_ws/install/complex_msgs/local/lib/python3.10/dist-packages/complex_msgs/_complex_msgs_s.ep.rosidl_typesupport_c.c
[6.915s] -- Up-to-date symlink: /home/aajaer/microros_ws/install/complex_msgs/local/lib/python3.10/dist-packages/complex_msgs/_complex_msgs_s.ep.rosidl_typesupport_fastrtps_c.c
[6.915s] -- Up-to-date symlink: /home/aajaer/microros_ws/install/complex_msgs/local/lib/python3.10/dist-packages/complex_msgs/_complex_msgs_s.ep.rosidl_typesupport_introspection_c.c
[6.916s] -- Up-to-date symlink: /home/aajaer/microros_ws/install/complex_msgs/local/lib/python3.10/dist-packages/complex_msgs/_complex_msgs_s.ep.rosidl_typesupport_microxrcedds_c.c
[6.916s] -- Up-to-date symlink: /home/aajaer/microros_ws/install/complex_msgs/local/lib/python3.10/dist-packages/complex_msgs/complex_msgs_s__rosidl_typesupport_c.cpython-310-aarch64-linux-gnu.so
[6.917s] -- Up-to-date symlink: /home/aajaer/microros_ws/install/complex_msgs/local/lib/python3.10/dist-packages/complex_msgs/complex_msgs_s__rosidl_typesupport_fastrtps_c.cpython-310-aarch64-linux-gnu.so
[6.917s] -- Up-to-date symlink: /home/aajaer/microros_ws/install/complex_msgs/local/lib/python3.10/dist-packages/complex_msgs/complex_msgs_s__rosidl_typesupport_introspection_c.cpython-310-aarch64-linux-gnu.so
[6.918s] -- Up-to-date symlink: /home/aajaer/microros_ws/install/complex_msgs/local/lib/python3.10/dist-packages/complex_msgs/complex_msgs_s__rosidl_typesupport_microxrcedds_c.cpython-310-aarch64-linux-gnu.so
[6.918s] -- Up-to-date symlink: /home/aajaer/microros_ws/install/complex_msgs/local/lib/python3.10/dist-packages/complex_msgs/libcomplex_msgs__rosidl_generator_py.so
[6.919s] -- Up-to-date symlink: /home/aajaer/microros_ws/install/complex_msgs/local/lib/python3.10/dist-packages/complex_msgs/msg/__init__.py
[6.919s] -- Up-to-date symlink: /home/aajaer/microros_ws/install/complex_msgs/local/lib/python3.10/dist-packages/complex_msgs/msg/_multi_string_test.py
[6.920s] -- Up-to-date symlink: /home/aajaer/microros_ws/install/complex_msgs/local/lib/python3.10/dist-packages/complex_msgs/msg/_multi_string_test_s.c
[6.921s] -- Up-to-date symlink: /home/aajaer/microros_ws/install/complex_msgs/local/lib/python3.10/dist-packages/complex_msgs/msg/_nested_msg_test.py
[6.921s] -- Up-to-date symlink: /home/aajaer/microros_ws/install/complex_msgs/local/lib/python3.10/dist-packages/complex_msgs/msg/_nested_msg_test_s.c
[6.921s] -- Up-to-date symlink: /home/aajaer/microros_ws/install/complex_msgs/local/lib/python3.10/dist-packages/complex_msgs/complex_msgs_s__rosidl_typesupport_fastrtps_c.cpython-310-aarch64-linux-gnu.so
[6.922s] -- Up-to-date symlink: /home/aajaer/microros_ws/install/complex_msgs/local/lib/python3.10/dist-packages/complex_msgs/complex_msgs_s__rosidl_typesupport_introspection_c.cpython-310-aarch64-linux-gnu.so
[6.922s] -- Up-to-date symlink: /home/aajaer/microros_ws/install/complex_msgs/local/lib/python3.10/dist-packages/complex_msgs/complex_msgs_s__rosidl_typesupport_c.cpython-310-aarch64-linux-gnu.so
[6.931s] -- Up-to-date symlink: /home/aajaer/microros_ws/install/complex_msgs/share/complex_msgs/msg/MultiStringTest.idl
[6.932s] -- Up-to-date symlink: /home/aajaer/microros_ws/install/complex_msgs/share/complex_msgs/msg/NestedMsgTest.idl
[6.934s] -- Up-to-date symlink: /home/aajaer/microros_ws/install/complex_msgs/share/complex_msgs/msg/MultiStringTest.msg
[6.934s] -- Up-to-date symlink: /home/aajaer/microros_ws/install/complex_msgs/share/complex_msgs/msg/NestedMsgTest.msg
[6.936s] -- Up-to-date symlink: /home/aajaer/microros_ws/install/complex_msgs/share/ament_index/resource_index/package_run_dependencies/complex_msgs
[6.937s] -- Up-to-date symlink: /home/aajaer/microros_ws/install/complex_msgs/share/ament_index/resource_index/parent_prefix_path/complex_msgs
[6.942s] -- Up-to-date symlink: /home/aajaer/microros_ws/install/complex_msgs/share/complex_msgs/environment/ament_prefix_path.sh
[6.943s] -- Up-to-date symlink: /home/aajaer/microros_ws/install/complex_msgs/share/complex_msgs/environment/ament_prefix_path.dsv
[6.954s] -- Up-to-date symlink: /home/aajaer/microros_ws/install/complex_msgs/share/complex_msgs/environment/path.sh
[6.954s] -- Up-to-date symlink: /home/aajaer/microros_ws/install/complex_msgs/share/complex_msgs/environment/path.dsv
[6.955s] -- Up-to-date symlink: /home/aajaer/microros_ws/install/complex_msgs/share/complex_msgs/local_setup.bash
[6.955s] -- Up-to-date symlink: /home/aajaer/microros_ws/install/complex_msgs/share/complex_msgs/local_setup.sh
[6.956s] -- Up-to-date symlink: /home/aajaer/microros_ws/install/complex_msgs/share/complex_msgs/local_setup.zsh
[6.956s] -- Up-to-date symlink: /home/aajaer/microros_ws/install/complex_msgs/share/complex_msgs/local_setup.dsv
[6.956s] -- Symlinking: /home/aajaer/microros_ws/install/complex_msgs/share/complex_msgs/package.dsv
[6.979s] -- Up-to-date symlink: /home/aajaer/microros_ws/install/complex_msgs/share/ament_index/resource_index/packages/complex_msgs
[6.979s] -- Up-to-date symlink: /home/aajaer/microros_ws/install/complex_msgs/share/complex_msgs/cmake/rosidl_cmake-extras.cmake
[6.980s] -- Up-to-date symlink: /home/aajaer/microros_ws/install/complex_msgs/share/complex_msgs/cmake/ament_cmake_export_dependencies-extras.cmake
[6.980s] -- Up-to-date symlink: /home/aajaer/microros_ws/install/complex_msgs/share/complex_msgs/cmake/ament_cmake_export_include_directories-extras.cmake
[6.981s] -- Up-to-date symlink: /home/aajaer/microros_ws/install/complex_msgs/share/complex_msgs/cmake/ament_cmake_export_libraries-extras.cmake
[6.982s] -- Up-to-date symlink: /home/aajaer/microros_ws/install/complex_msgs/share/complex_msgs/cmake/ament_cmake_export_targets-extras.cmake
[6.982s] -- Up-to-date symlink: /home/aajaer/microros_ws/install/complex_msgs/share/complex_msgs/cmake/rosidl_cmake_export_typesupport_targets-extras.cmake
[6.983s] -- Up-to-date symlink: /home/aajaer/microros_ws/install/complex_msgs/share/complex_msgs/cmake/rosidl_cmake_export_typesupport_libraries-extras.cmake
[6.983s] -- Up-to-date symlink: /home/aajaer/microros_ws/install/complex_msgs/share/complex_msgs/cmake/complex_msgsConfig.cmake
[6.983s] -- Up-to-date symlink: /home/aajaer/microros_ws/install/complex_msgs/share/complex_msgs/cmake/complex_msgsConfig-version.cmake
[6.984s] -- Up-to-date symlink: /home/aajaer/microros_ws/install/complex_msgs/share/complex_msgs/package.xml
[6.985s] -- Up-to-date: /home/aajaer/microros_ws/install/complex_msgs/lib/libcomplex_msgs__rosidl_generator_c.so
[6.986s] -- Up-to-date: /home/aajaer/microros_ws/install/complex_msgs/lib/libcomplex_msgs__rosidl_typesupport_fastrtps_c.so
[6.987s] -- Up-to-date: /home/aajaer/microros_ws/install/complex_msgs/lib/libcomplex_msgs__rosidl_typesupport_fastrtps_cpp.so
[6.988s] -- Up-to-date: /home/aajaer/microros_ws/install/complex_msgs/lib/libcomplex_msgs__rosidl_typesupport_introspection_c.so
[6.989s] -- Installing: /home/aajaer/microros_ws/install/complex_msgs/lib/libcomplex_msgs__rosidl_typesupport_c.so
[6.990s] -- Set runtime path of "/home/aajaer/microros_ws/install/complex_msgs/lib/libcomplex_msgs__rosidl_typesupport_c.so" to ""
[6.991s] -- Up-to-date: /home/aajaer/microros_ws/install/complex_msgs/lib/libcomplex_msgs__rosidl_typesupport_introspection_cpp.so
[6.992s] -- Installing: /home/aajaer/microros_ws/install/complex_msgs/lib/libcomplex_msgs__rosidl_typesupport_cpp.so
[6.992s] -- Set runtime path of "/home/aajaer/microros_ws/install/complex_msgs/lib/libcomplex_msgs__rosidl_typesupport_cpp.so" to ""
[7.091s] Listing '/home/aajaer/microros_ws/install/complex_msgs/local/lib/python3.10/dist-packages/complex_msgs'...
[7.091s] Compiling '/home/aajaer/microros_ws/install/complex_msgs/local/lib/python3.10/dist-packages/complex_msgs/__init__.py'...
[7.091s] Listing '/home/aajaer/microros_ws/install/complex_msgs/local/lib/python3.10/dist-packages/complex_msgs/msg'...
[7.106s] -- Installing: /home/aajaer/microros_ws/install/complex_msgs/lib/libcomplex_msgs__rosidl_generator_py.so
[7.106s] -- Set runtime path of "/home/aajaer/microros_ws/install/complex_msgs/lib/libcomplex_msgs__rosidl_generator_py.so" to ""
[7.107s] -- Up-to-date: /home/aajaer/microros_ws/install/complex_msgs/share/complex_msgs/cmake/export_complex_msgs__rosidl_generator_cExport.cmake
[7.107s] -- Up-to-date: /home/aajaer/microros_ws/install/complex_msgs/share/complex_msgs/cmake/export_complex_msgs__rosidl_generator_cExport-noconfig.cmake
[7.107s] -- Up-to-date: /home/aajaer/microros_ws/install/complex_msgs/share/complex_msgs/cmake/export_complex_msgs__rosidl_typesupport_fastrtps_cExport.cmake
[7.107s] -- Up-to-date: /home/aajaer/microros_ws/install/complex_msgs/share/complex_msgs/cmake/export_complex_msgs__rosidl_typesupport_fastrtps_cExport-noconfig.cmake
[7.108s] -- Up-to-date: /home/aajaer/microros_ws/install/complex_msgs/share/complex_msgs/cmake/export_complex_msgs__rosidl_generator_cppExport.cmake
[7.109s] -- Up-to-date: /home/aajaer/microros_ws/install/complex_msgs/share/complex_msgs/cmake/export_complex_msgs__rosidl_typesupport_fastrtps_cppExport.cmake
[7.109s] -- Up-to-date: /home/aajaer/microros_ws/install/complex_msgs/share/complex_msgs/cmake/export_complex_msgs__rosidl_typesupport_fastrtps_cppExport-noconfig.cmake
[7.109s] -- Up-to-date: /home/aajaer/microros_ws/install/complex_msgs/share/complex_msgs/cmake/complex_msgs__rosidl_typesupport_introspection_cExport.cmake
[7.110s] -- Up-to-date: /home/aajaer/microros_ws/install/complex_msgs/share/complex_msgs/cmake/complex_msgs__rosidl_typesupport_introspection_cExport-noconfig.cmake
[7.110s] -- Up-to-date: /home/aajaer/microros_ws/install/complex_msgs/share/complex_msgs/cmake/complex_msgs__rosidl_typesupport_cExport.cmake
[7.110s] -- Up-to-date: /home/aajaer/microros_ws/install/complex_msgs/share/complex_msgs/cmake/complex_msgs__rosidl_typesupport_cExport-noconfig.cmake
[7.110s] -- Up-to-date: /home/aajaer/microros_ws/install/complex_msgs/share/complex_msgs/cmake/complex_msgs__rosidl_typesupport_introspection_cppExport.cmake
[7.111s] -- Up-to-date: /home/aajaer/microros_ws/install/complex_msgs/share/complex_msgs/cmake/complex_msgs__rosidl_typesupport_introspection_cppExport-noconfig.cmake
[7.111s] -- Up-to-date: /home/aajaer/microros_ws/install/complex_msgs/share/complex_msgs/cmake/complex_msgs__rosidl_typesupport_cppExport.cmake
[7.111s] -- Up-to-date: /home/aajaer/microros_ws/install/complex_msgs/share/complex_msgs/cmake/complex_msgs__rosidl_typesupport_cppExport-noconfig.cmake
[7.111s] -- Up-to-date: /home/aajaer/microros_ws/install/complex_msgs/share/complex_msgs/cmake/export_complex_msgs__rosidl_generator_pyExport.cmake
[7.111s] -- Up-to-date: /home/aajaer/microros_ws/install/complex_msgs/share/complex_msgs/cmake/export_complex_msgs__rosidl_generator_pyExport-noconfig.cmake
[7.122s] Invoked command in '/home/aajaer/microros_ws/build/complex_msgs' returned '0': AMENT_PREFIX_PATH=/home/aajaer/microros_ws/install/builtin_interfaces:${AMENT_PREFIX_PATH} CMAKE_PREFIX_PATH=/home/aajaer/microros_ws/install/builtin_interfaces:/opt/ros/humble:/opt/ros/humble LD_LIBRARY_PATH=/home/aajaer/microros_ws/install/builtin_interfaces/lib:/opt/ros/humble/opt/rviz_ogre_vendor/lib:/opt/ros/humble/lib/aarch64-linux-gnu:/opt/ros/humble/lib PYTHONPATH=/home/aajaer/microros_ws/install/builtin_interfaces/local/lib/python3.10/dist-packages:${PYTHONPATH} /usr/bin/cmake --install /home/aajaer/microros_ws/build/complex_msgs
