[0.077s] Invoking command in '/home/aajaer/microros_ws/build/lifecycle_msgs': CMAKE_PREFIX_PATH=${CMAKE_PREFIX_PATH}:/home/aajaer/microros_ws/install/sensor_msgs_py:/home/aajaer/microros_ws/install/motor_control_pkg /usr/bin/cmake --build /home/aajaer/microros_ws/build/lifecycle_msgs -- -j8 -l8
[0.370s] [ 10%] Built target lifecycle_msgs__rosidl_generator_c
[0.383s] [ 10%] Built target ament_cmake_python_symlink_lifecycle_msgs
[0.388s] [ 10%] Built target lifecycle_msgs__cpp
[0.601s] [ 19%] Built target lifecycle_msgs__rosidl_typesupport_c
[0.611s] [ 35%] Built target lifecycle_msgs__rosidl_typesupport_microxrcedds_cpp
[0.614s] [ 38%] Built target lifecycle_msgs__rosidl_typesupport_microxrcedds_c
[0.649s] [ 47%] Built target lifecycle_msgs__rosidl_typesupport_fastrtps_c
[0.660s] [ 56%] Built target lifecycle_msgs__rosidl_typesupport_introspection_c
[0.708s] [ 65%] Built target lifecycle_msgs__rosidl_typesupport_fastrtps_cpp
[0.747s] [ 74%] Built target lifecycle_msgs__rosidl_typesupport_introspection_cpp
[0.814s] [ 83%] Built target lifecycle_msgs__rosidl_typesupport_cpp
[0.954s] [ 83%] Built target lifecycle_msgs
[1.090s] [ 84%] Built target lifecycle_msgs__py
[1.287s] [ 92%] Built target lifecycle_msgs__rosidl_generator_py
[1.418s] [ 94%] Built target lifecycle_msgs__rosidl_typesupport_microxrcedds_c__pyext
[1.481s] [ 96%] Built target lifecycle_msgs__rosidl_typesupport_fastrtps_c__pyext
[1.504s] [ 98%] Built target lifecycle_msgs__rosidl_typesupport_c__pyext
[1.517s] [100%] Built target lifecycle_msgs__rosidl_typesupport_introspection_c__pyext
[1.630s] running egg_info
[1.633s] writing lifecycle_msgs.egg-info/PKG-INFO
[1.633s] writing dependency_links to lifecycle_msgs.egg-info/dependency_links.txt
[1.634s] writing top-level names to lifecycle_msgs.egg-info/top_level.txt
[1.640s] reading manifest file 'lifecycle_msgs.egg-info/SOURCES.txt'
[1.642s] writing manifest file 'lifecycle_msgs.egg-info/SOURCES.txt'
[1.784s] [100%] Built target ament_cmake_python_build_lifecycle_msgs_egg
[1.852s] Invoked command in '/home/aajaer/microros_ws/build/lifecycle_msgs' returned '0': CMAKE_PREFIX_PATH=${CMAKE_PREFIX_PATH}:/home/aajaer/microros_ws/install/sensor_msgs_py:/home/aajaer/microros_ws/install/motor_control_pkg /usr/bin/cmake --build /home/aajaer/microros_ws/build/lifecycle_msgs -- -j8 -l8
[1.854s] Invoking command in '/home/aajaer/microros_ws/build/lifecycle_msgs': CMAKE_PREFIX_PATH=${CMAKE_PREFIX_PATH}:/home/aajaer/microros_ws/install/sensor_msgs_py:/home/aajaer/microros_ws/install/motor_control_pkg /usr/bin/cmake --install /home/aajaer/microros_ws/build/lifecycle_msgs
[1.864s] -- Install configuration: ""
[1.864s] -- Execute custom install script
[1.864s] -- Up-to-date symlink: /home/aajaer/microros_ws/install/lifecycle_msgs/share/ament_index/resource_index/rosidl_interfaces/lifecycle_msgs
[1.864s] -- Up-to-date symlink: /home/aajaer/microros_ws/install/lifecycle_msgs/include/lifecycle_msgs/lifecycle_msgs/msg/detail/state__functions.h
[1.864s] -- Up-to-date symlink: /home/aajaer/microros_ws/install/lifecycle_msgs/include/lifecycle_msgs/lifecycle_msgs/msg/detail/state__struct.h
[1.865s] -- Up-to-date symlink: /home/aajaer/microros_ws/install/lifecycle_msgs/include/lifecycle_msgs/lifecycle_msgs/msg/detail/state__type_support.h
[1.865s] -- Up-to-date symlink: /home/aajaer/microros_ws/install/lifecycle_msgs/include/lifecycle_msgs/lifecycle_msgs/msg/detail/transition__functions.h
[1.865s] -- Up-to-date symlink: /home/aajaer/microros_ws/install/lifecycle_msgs/include/lifecycle_msgs/lifecycle_msgs/msg/detail/transition__struct.h
[1.865s] -- Up-to-date symlink: /home/aajaer/microros_ws/install/lifecycle_msgs/include/lifecycle_msgs/lifecycle_msgs/msg/detail/transition__type_support.h
[1.865s] -- Up-to-date symlink: /home/aajaer/microros_ws/install/lifecycle_msgs/include/lifecycle_msgs/lifecycle_msgs/msg/detail/transition_description__functions.h
[1.866s] -- Up-to-date symlink: /home/aajaer/microros_ws/install/lifecycle_msgs/include/lifecycle_msgs/lifecycle_msgs/msg/detail/transition_description__struct.h
[1.866s] -- Up-to-date symlink: /home/aajaer/microros_ws/install/lifecycle_msgs/include/lifecycle_msgs/lifecycle_msgs/msg/detail/transition_description__type_support.h
[1.866s] -- Up-to-date symlink: /home/aajaer/microros_ws/install/lifecycle_msgs/include/lifecycle_msgs/lifecycle_msgs/msg/detail/transition_event__functions.h
[1.866s] -- Up-to-date symlink: /home/aajaer/microros_ws/install/lifecycle_msgs/include/lifecycle_msgs/lifecycle_msgs/msg/detail/transition_event__struct.h
[1.866s] -- Up-to-date symlink: /home/aajaer/microros_ws/install/lifecycle_msgs/include/lifecycle_msgs/lifecycle_msgs/msg/detail/transition_event__type_support.h
[1.866s] -- Up-to-date symlink: /home/aajaer/microros_ws/install/lifecycle_msgs/include/lifecycle_msgs/lifecycle_msgs/msg/rosidl_generator_c__visibility_control.h
[1.866s] -- Up-to-date symlink: /home/aajaer/microros_ws/install/lifecycle_msgs/include/lifecycle_msgs/lifecycle_msgs/msg/state.h
[1.867s] -- Up-to-date symlink: /home/aajaer/microros_ws/install/lifecycle_msgs/include/lifecycle_msgs/lifecycle_msgs/msg/transition.h
[1.868s] -- Up-to-date symlink: /home/aajaer/microros_ws/install/lifecycle_msgs/include/lifecycle_msgs/lifecycle_msgs/msg/transition_description.h
[1.868s] -- Up-to-date symlink: /home/aajaer/microros_ws/install/lifecycle_msgs/include/lifecycle_msgs/lifecycle_msgs/msg/transition_event.h
[1.868s] -- Up-to-date symlink: /home/aajaer/microros_ws/install/lifecycle_msgs/include/lifecycle_msgs/lifecycle_msgs/srv/change_state.h
[1.868s] -- Up-to-date symlink: /home/aajaer/microros_ws/install/lifecycle_msgs/include/lifecycle_msgs/lifecycle_msgs/srv/detail/change_state__functions.h
[1.869s] -- Up-to-date symlink: /home/aajaer/microros_ws/install/lifecycle_msgs/include/lifecycle_msgs/lifecycle_msgs/srv/detail/change_state__struct.h
[1.869s] -- Up-to-date symlink: /home/aajaer/microros_ws/install/lifecycle_msgs/include/lifecycle_msgs/lifecycle_msgs/srv/detail/change_state__type_support.h
[1.869s] -- Up-to-date symlink: /home/aajaer/microros_ws/install/lifecycle_msgs/include/lifecycle_msgs/lifecycle_msgs/srv/detail/get_available_states__functions.h
[1.869s] -- Up-to-date symlink: /home/aajaer/microros_ws/install/lifecycle_msgs/include/lifecycle_msgs/lifecycle_msgs/srv/detail/get_available_states__struct.h
[1.869s] -- Up-to-date symlink: /home/aajaer/microros_ws/install/lifecycle_msgs/include/lifecycle_msgs/lifecycle_msgs/srv/detail/get_available_states__type_support.h
[1.869s] -- Up-to-date symlink: /home/aajaer/microros_ws/install/lifecycle_msgs/include/lifecycle_msgs/lifecycle_msgs/srv/detail/get_available_transitions__functions.h
[1.870s] -- Up-to-date symlink: /home/aajaer/microros_ws/install/lifecycle_msgs/include/lifecycle_msgs/lifecycle_msgs/srv/detail/get_available_transitions__struct.h
[1.870s] -- Up-to-date symlink: /home/aajaer/microros_ws/install/lifecycle_msgs/include/lifecycle_msgs/lifecycle_msgs/srv/detail/get_available_transitions__type_support.h
[1.870s] -- Up-to-date symlink: /home/aajaer/microros_ws/install/lifecycle_msgs/include/lifecycle_msgs/lifecycle_msgs/srv/detail/get_state__functions.h
[1.870s] -- Up-to-date symlink: /home/aajaer/microros_ws/install/lifecycle_msgs/include/lifecycle_msgs/lifecycle_msgs/srv/detail/get_state__struct.h
[1.870s] -- Up-to-date symlink: /home/aajaer/microros_ws/install/lifecycle_msgs/include/lifecycle_msgs/lifecycle_msgs/srv/detail/get_state__type_support.h
[1.870s] -- Up-to-date symlink: /home/aajaer/microros_ws/install/lifecycle_msgs/include/lifecycle_msgs/lifecycle_msgs/srv/get_available_states.h
[1.871s] -- Up-to-date symlink: /home/aajaer/microros_ws/install/lifecycle_msgs/include/lifecycle_msgs/lifecycle_msgs/srv/get_available_transitions.h
[1.871s] -- Up-to-date symlink: /home/aajaer/microros_ws/install/lifecycle_msgs/include/lifecycle_msgs/lifecycle_msgs/srv/get_state.h
[1.871s] -- Up-to-date symlink: /home/aajaer/microros_ws/install/lifecycle_msgs/share/lifecycle_msgs/environment/library_path.sh
[1.871s] -- Up-to-date symlink: /home/aajaer/microros_ws/install/lifecycle_msgs/share/lifecycle_msgs/environment/library_path.dsv
[1.871s] -- Up-to-date symlink: /home/aajaer/microros_ws/install/lifecycle_msgs/include/lifecycle_msgs/msg/detail/state__rosidl_typesupport_microxrcedds_c.h
[1.871s] -- Up-to-date symlink: /home/aajaer/microros_ws/install/lifecycle_msgs/include/lifecycle_msgs/msg/detail/transition__rosidl_typesupport_microxrcedds_c.h
[1.872s] -- Up-to-date symlink: /home/aajaer/microros_ws/install/lifecycle_msgs/include/lifecycle_msgs/msg/detail/transition_description__rosidl_typesupport_microxrcedds_c.h
[1.872s] -- Up-to-date symlink: /home/aajaer/microros_ws/install/lifecycle_msgs/include/lifecycle_msgs/msg/detail/transition_event__rosidl_typesupport_microxrcedds_c.h
[1.872s] -- Up-to-date symlink: /home/aajaer/microros_ws/install/lifecycle_msgs/include/lifecycle_msgs/msg/rosidl_typesupport_microxrcedds_c__visibility_control.h
[1.872s] -- Up-to-date symlink: /home/aajaer/microros_ws/install/lifecycle_msgs/include/lifecycle_msgs/srv/detail/change_state__rosidl_typesupport_microxrcedds_c.h
[1.872s] -- Up-to-date symlink: /home/aajaer/microros_ws/install/lifecycle_msgs/include/lifecycle_msgs/srv/detail/get_available_states__rosidl_typesupport_microxrcedds_c.h
[1.872s] -- Up-to-date symlink: /home/aajaer/microros_ws/install/lifecycle_msgs/include/lifecycle_msgs/srv/detail/get_available_transitions__rosidl_typesupport_microxrcedds_c.h
[1.873s] -- Up-to-date symlink: /home/aajaer/microros_ws/install/lifecycle_msgs/include/lifecycle_msgs/srv/detail/get_state__rosidl_typesupport_microxrcedds_c.h
[1.873s] -- Up-to-date symlink: /home/aajaer/microros_ws/install/lifecycle_msgs/lib/liblifecycle_msgs__rosidl_typesupport_microxrcedds_c.a
[1.873s] -- Up-to-date symlink: /home/aajaer/microros_ws/install/lifecycle_msgs/include/lifecycle_msgs/lifecycle_msgs/msg/detail/state__rosidl_typesupport_fastrtps_c.h
[1.873s] -- Up-to-date symlink: /home/aajaer/microros_ws/install/lifecycle_msgs/include/lifecycle_msgs/lifecycle_msgs/msg/detail/transition__rosidl_typesupport_fastrtps_c.h
[1.874s] -- Up-to-date symlink: /home/aajaer/microros_ws/install/lifecycle_msgs/include/lifecycle_msgs/lifecycle_msgs/msg/detail/transition_description__rosidl_typesupport_fastrtps_c.h
[1.874s] -- Up-to-date symlink: /home/aajaer/microros_ws/install/lifecycle_msgs/include/lifecycle_msgs/lifecycle_msgs/msg/detail/transition_event__rosidl_typesupport_fastrtps_c.h
[1.875s] -- Up-to-date symlink: /home/aajaer/microros_ws/install/lifecycle_msgs/include/lifecycle_msgs/lifecycle_msgs/msg/rosidl_typesupport_fastrtps_c__visibility_control.h
[1.875s] -- Up-to-date symlink: /home/aajaer/microros_ws/install/lifecycle_msgs/include/lifecycle_msgs/lifecycle_msgs/srv/detail/change_state__rosidl_typesupport_fastrtps_c.h
[1.875s] -- Up-to-date symlink: /home/aajaer/microros_ws/install/lifecycle_msgs/include/lifecycle_msgs/lifecycle_msgs/srv/detail/get_available_states__rosidl_typesupport_fastrtps_c.h
[1.875s] -- Up-to-date symlink: /home/aajaer/microros_ws/install/lifecycle_msgs/include/lifecycle_msgs/lifecycle_msgs/srv/detail/get_available_transitions__rosidl_typesupport_fastrtps_c.h
[1.875s] -- Up-to-date symlink: /home/aajaer/microros_ws/install/lifecycle_msgs/include/lifecycle_msgs/lifecycle_msgs/srv/detail/get_state__rosidl_typesupport_fastrtps_c.h
[1.876s] -- Up-to-date symlink: /home/aajaer/microros_ws/install/lifecycle_msgs/include/lifecycle_msgs/lifecycle_msgs/msg/detail/state__rosidl_typesupport_introspection_c.h
[1.876s] -- Up-to-date symlink: /home/aajaer/microros_ws/install/lifecycle_msgs/include/lifecycle_msgs/lifecycle_msgs/msg/detail/transition__rosidl_typesupport_introspection_c.h
[1.876s] -- Up-to-date symlink: /home/aajaer/microros_ws/install/lifecycle_msgs/include/lifecycle_msgs/lifecycle_msgs/msg/detail/transition_description__rosidl_typesupport_introspection_c.h
[1.877s] -- Up-to-date symlink: /home/aajaer/microros_ws/install/lifecycle_msgs/include/lifecycle_msgs/lifecycle_msgs/msg/detail/transition_event__rosidl_typesupport_introspection_c.h
[1.877s] -- Up-to-date symlink: /home/aajaer/microros_ws/install/lifecycle_msgs/include/lifecycle_msgs/lifecycle_msgs/msg/rosidl_typesupport_introspection_c__visibility_control.h
[1.878s] -- Up-to-date symlink: /home/aajaer/microros_ws/install/lifecycle_msgs/include/lifecycle_msgs/lifecycle_msgs/srv/detail/change_state__rosidl_typesupport_introspection_c.h
[1.878s] -- Up-to-date symlink: /home/aajaer/microros_ws/install/lifecycle_msgs/include/lifecycle_msgs/lifecycle_msgs/srv/detail/get_available_states__rosidl_typesupport_introspection_c.h
[1.878s] -- Up-to-date symlink: /home/aajaer/microros_ws/install/lifecycle_msgs/include/lifecycle_msgs/lifecycle_msgs/srv/detail/get_available_transitions__rosidl_typesupport_introspection_c.h
[1.878s] -- Up-to-date symlink: /home/aajaer/microros_ws/install/lifecycle_msgs/include/lifecycle_msgs/lifecycle_msgs/srv/detail/get_state__rosidl_typesupport_introspection_c.h
[1.878s] -- Up-to-date symlink: /home/aajaer/microros_ws/install/lifecycle_msgs/include/lifecycle_msgs/lifecycle_msgs/msg/detail/state__builder.hpp
[1.879s] -- Up-to-date symlink: /home/aajaer/microros_ws/install/lifecycle_msgs/include/lifecycle_msgs/lifecycle_msgs/msg/detail/state__struct.hpp
[1.879s] -- Up-to-date symlink: /home/aajaer/microros_ws/install/lifecycle_msgs/include/lifecycle_msgs/lifecycle_msgs/msg/detail/state__traits.hpp
[1.879s] -- Up-to-date symlink: /home/aajaer/microros_ws/install/lifecycle_msgs/include/lifecycle_msgs/lifecycle_msgs/msg/detail/state__type_support.hpp
[1.879s] -- Up-to-date symlink: /home/aajaer/microros_ws/install/lifecycle_msgs/include/lifecycle_msgs/lifecycle_msgs/msg/detail/transition__builder.hpp
[1.879s] -- Up-to-date symlink: /home/aajaer/microros_ws/install/lifecycle_msgs/include/lifecycle_msgs/lifecycle_msgs/msg/detail/transition__struct.hpp
[1.880s] -- Up-to-date symlink: /home/aajaer/microros_ws/install/lifecycle_msgs/include/lifecycle_msgs/lifecycle_msgs/msg/detail/transition__traits.hpp
[1.880s] -- Up-to-date symlink: /home/aajaer/microros_ws/install/lifecycle_msgs/include/lifecycle_msgs/lifecycle_msgs/msg/detail/transition__type_support.hpp
[1.880s] -- Up-to-date symlink: /home/aajaer/microros_ws/install/lifecycle_msgs/include/lifecycle_msgs/lifecycle_msgs/msg/detail/transition_description__builder.hpp
[1.880s] -- Up-to-date symlink: /home/aajaer/microros_ws/install/lifecycle_msgs/include/lifecycle_msgs/lifecycle_msgs/msg/detail/transition_description__struct.hpp
[1.880s] -- Up-to-date symlink: /home/aajaer/microros_ws/install/lifecycle_msgs/include/lifecycle_msgs/lifecycle_msgs/msg/detail/transition_description__traits.hpp
[1.881s] -- Up-to-date symlink: /home/aajaer/microros_ws/install/lifecycle_msgs/include/lifecycle_msgs/lifecycle_msgs/msg/detail/transition_description__type_support.hpp
[1.881s] -- Up-to-date symlink: /home/aajaer/microros_ws/install/lifecycle_msgs/include/lifecycle_msgs/lifecycle_msgs/msg/detail/transition_event__builder.hpp
[1.881s] -- Up-to-date symlink: /home/aajaer/microros_ws/install/lifecycle_msgs/include/lifecycle_msgs/lifecycle_msgs/msg/detail/transition_event__struct.hpp
[1.881s] -- Up-to-date symlink: /home/aajaer/microros_ws/install/lifecycle_msgs/include/lifecycle_msgs/lifecycle_msgs/msg/detail/transition_event__traits.hpp
[1.881s] -- Up-to-date symlink: /home/aajaer/microros_ws/install/lifecycle_msgs/include/lifecycle_msgs/lifecycle_msgs/msg/detail/transition_event__type_support.hpp
[1.881s] -- Up-to-date symlink: /home/aajaer/microros_ws/install/lifecycle_msgs/include/lifecycle_msgs/lifecycle_msgs/msg/rosidl_generator_cpp__visibility_control.hpp
[1.882s] -- Up-to-date symlink: /home/aajaer/microros_ws/install/lifecycle_msgs/include/lifecycle_msgs/lifecycle_msgs/msg/state.hpp
[1.882s] -- Up-to-date symlink: /home/aajaer/microros_ws/install/lifecycle_msgs/include/lifecycle_msgs/lifecycle_msgs/msg/transition.hpp
[1.882s] -- Up-to-date symlink: /home/aajaer/microros_ws/install/lifecycle_msgs/include/lifecycle_msgs/lifecycle_msgs/msg/transition_description.hpp
[1.882s] -- Up-to-date symlink: /home/aajaer/microros_ws/install/lifecycle_msgs/include/lifecycle_msgs/lifecycle_msgs/msg/transition_event.hpp
[1.882s] -- Up-to-date symlink: /home/aajaer/microros_ws/install/lifecycle_msgs/include/lifecycle_msgs/lifecycle_msgs/srv/change_state.hpp
[1.883s] -- Up-to-date symlink: /home/aajaer/microros_ws/install/lifecycle_msgs/include/lifecycle_msgs/lifecycle_msgs/srv/detail/change_state__builder.hpp
[1.883s] -- Up-to-date symlink: /home/aajaer/microros_ws/install/lifecycle_msgs/include/lifecycle_msgs/lifecycle_msgs/srv/detail/change_state__struct.hpp
[1.883s] -- Up-to-date symlink: /home/aajaer/microros_ws/install/lifecycle_msgs/include/lifecycle_msgs/lifecycle_msgs/srv/detail/change_state__traits.hpp
[1.883s] -- Up-to-date symlink: /home/aajaer/microros_ws/install/lifecycle_msgs/include/lifecycle_msgs/lifecycle_msgs/srv/detail/change_state__type_support.hpp
[1.883s] -- Up-to-date symlink: /home/aajaer/microros_ws/install/lifecycle_msgs/include/lifecycle_msgs/lifecycle_msgs/srv/detail/get_available_states__builder.hpp
[1.883s] -- Up-to-date symlink: /home/aajaer/microros_ws/install/lifecycle_msgs/include/lifecycle_msgs/lifecycle_msgs/srv/detail/get_available_states__struct.hpp
[1.884s] -- Up-to-date symlink: /home/aajaer/microros_ws/install/lifecycle_msgs/include/lifecycle_msgs/lifecycle_msgs/srv/detail/get_available_states__traits.hpp
[1.884s] -- Up-to-date symlink: /home/aajaer/microros_ws/install/lifecycle_msgs/include/lifecycle_msgs/lifecycle_msgs/srv/detail/get_available_states__type_support.hpp
[1.884s] -- Up-to-date symlink: /home/aajaer/microros_ws/install/lifecycle_msgs/include/lifecycle_msgs/lifecycle_msgs/srv/detail/get_available_transitions__builder.hpp
[1.884s] -- Up-to-date symlink: /home/aajaer/microros_ws/install/lifecycle_msgs/include/lifecycle_msgs/lifecycle_msgs/srv/detail/get_available_transitions__struct.hpp
[1.884s] -- Up-to-date symlink: /home/aajaer/microros_ws/install/lifecycle_msgs/include/lifecycle_msgs/lifecycle_msgs/srv/detail/get_available_transitions__traits.hpp
[1.884s] -- Up-to-date symlink: /home/aajaer/microros_ws/install/lifecycle_msgs/include/lifecycle_msgs/lifecycle_msgs/srv/detail/get_available_transitions__type_support.hpp
[1.885s] -- Up-to-date symlink: /home/aajaer/microros_ws/install/lifecycle_msgs/include/lifecycle_msgs/lifecycle_msgs/srv/detail/get_state__builder.hpp
[1.885s] -- Up-to-date symlink: /home/aajaer/microros_ws/install/lifecycle_msgs/include/lifecycle_msgs/lifecycle_msgs/srv/detail/get_state__struct.hpp
[1.885s] -- Up-to-date symlink: /home/aajaer/microros_ws/install/lifecycle_msgs/include/lifecycle_msgs/lifecycle_msgs/srv/detail/get_state__traits.hpp
[1.885s] -- Up-to-date symlink: /home/aajaer/microros_ws/install/lifecycle_msgs/include/lifecycle_msgs/lifecycle_msgs/srv/detail/get_state__type_support.hpp
[1.886s] -- Up-to-date symlink: /home/aajaer/microros_ws/install/lifecycle_msgs/include/lifecycle_msgs/lifecycle_msgs/srv/get_available_states.hpp
[1.886s] -- Up-to-date symlink: /home/aajaer/microros_ws/install/lifecycle_msgs/include/lifecycle_msgs/lifecycle_msgs/srv/get_available_transitions.hpp
[1.886s] -- Up-to-date symlink: /home/aajaer/microros_ws/install/lifecycle_msgs/include/lifecycle_msgs/lifecycle_msgs/srv/get_state.hpp
[1.888s] -- Up-to-date symlink: /home/aajaer/microros_ws/install/lifecycle_msgs/include/lifecycle_msgs/msg/detail/microxrcedds/state__type_support_cpp.cpp
[1.889s] -- Up-to-date symlink: /home/aajaer/microros_ws/install/lifecycle_msgs/include/lifecycle_msgs/msg/detail/microxrcedds/transition__type_support_cpp.cpp
[1.889s] -- Up-to-date symlink: /home/aajaer/microros_ws/install/lifecycle_msgs/include/lifecycle_msgs/msg/detail/microxrcedds/transition_description__type_support_cpp.cpp
[1.890s] -- Up-to-date symlink: /home/aajaer/microros_ws/install/lifecycle_msgs/include/lifecycle_msgs/msg/detail/microxrcedds/transition_event__type_support_cpp.cpp
[1.891s] -- Up-to-date symlink: /home/aajaer/microros_ws/install/lifecycle_msgs/include/lifecycle_msgs/msg/detail/state__rosidl_typesupport_microxrcedds_cpp.hpp
[1.891s] -- Up-to-date symlink: /home/aajaer/microros_ws/install/lifecycle_msgs/include/lifecycle_msgs/msg/detail/transition__rosidl_typesupport_microxrcedds_cpp.hpp
[1.892s] -- Up-to-date symlink: /home/aajaer/microros_ws/install/lifecycle_msgs/include/lifecycle_msgs/msg/detail/transition_description__rosidl_typesupport_microxrcedds_cpp.hpp
[1.892s] -- Up-to-date symlink: /home/aajaer/microros_ws/install/lifecycle_msgs/include/lifecycle_msgs/msg/detail/transition_event__rosidl_typesupport_microxrcedds_cpp.hpp
[1.892s] -- Up-to-date symlink: /home/aajaer/microros_ws/install/lifecycle_msgs/include/lifecycle_msgs/msg/rosidl_typesupport_microxrcedds_cpp__visibility_control.h
[1.893s] -- Up-to-date symlink: /home/aajaer/microros_ws/install/lifecycle_msgs/include/lifecycle_msgs/srv/detail/change_state__rosidl_typesupport_microxrcedds_cpp.hpp
[1.893s] -- Up-to-date symlink: /home/aajaer/microros_ws/install/lifecycle_msgs/include/lifecycle_msgs/srv/detail/get_available_states__rosidl_typesupport_microxrcedds_cpp.hpp
[1.893s] -- Up-to-date symlink: /home/aajaer/microros_ws/install/lifecycle_msgs/include/lifecycle_msgs/srv/detail/get_available_transitions__rosidl_typesupport_microxrcedds_cpp.hpp
[1.893s] -- Up-to-date symlink: /home/aajaer/microros_ws/install/lifecycle_msgs/include/lifecycle_msgs/srv/detail/get_state__rosidl_typesupport_microxrcedds_cpp.hpp
[1.894s] -- Up-to-date symlink: /home/aajaer/microros_ws/install/lifecycle_msgs/include/lifecycle_msgs/srv/detail/microxrcedds/change_state__type_support_cpp.cpp
[1.894s] -- Up-to-date symlink: /home/aajaer/microros_ws/install/lifecycle_msgs/include/lifecycle_msgs/srv/detail/microxrcedds/get_available_states__type_support_cpp.cpp
[1.894s] -- Up-to-date symlink: /home/aajaer/microros_ws/install/lifecycle_msgs/include/lifecycle_msgs/srv/detail/microxrcedds/get_available_transitions__type_support_cpp.cpp
[1.894s] -- Up-to-date symlink: /home/aajaer/microros_ws/install/lifecycle_msgs/include/lifecycle_msgs/srv/detail/microxrcedds/get_state__type_support_cpp.cpp
[1.895s] -- Up-to-date symlink: /home/aajaer/microros_ws/install/lifecycle_msgs/lib/liblifecycle_msgs__rosidl_typesupport_microxrcedds_cpp.a
[1.895s] -- Up-to-date symlink: /home/aajaer/microros_ws/install/lifecycle_msgs/include/lifecycle_msgs/lifecycle_msgs/msg/detail/state__rosidl_typesupport_fastrtps_cpp.hpp
[1.895s] -- Up-to-date symlink: /home/aajaer/microros_ws/install/lifecycle_msgs/include/lifecycle_msgs/lifecycle_msgs/msg/detail/transition__rosidl_typesupport_fastrtps_cpp.hpp
[1.896s] -- Up-to-date symlink: /home/aajaer/microros_ws/install/lifecycle_msgs/include/lifecycle_msgs/lifecycle_msgs/msg/detail/transition_description__rosidl_typesupport_fastrtps_cpp.hpp
[1.896s] -- Up-to-date symlink: /home/aajaer/microros_ws/install/lifecycle_msgs/include/lifecycle_msgs/lifecycle_msgs/msg/detail/transition_event__rosidl_typesupport_fastrtps_cpp.hpp
[1.896s] -- Up-to-date symlink: /home/aajaer/microros_ws/install/lifecycle_msgs/include/lifecycle_msgs/lifecycle_msgs/msg/rosidl_typesupport_fastrtps_cpp__visibility_control.h
[1.896s] -- Up-to-date symlink: /home/aajaer/microros_ws/install/lifecycle_msgs/include/lifecycle_msgs/lifecycle_msgs/srv/detail/change_state__rosidl_typesupport_fastrtps_cpp.hpp
[1.897s] -- Up-to-date symlink: /home/aajaer/microros_ws/install/lifecycle_msgs/include/lifecycle_msgs/lifecycle_msgs/srv/detail/get_available_states__rosidl_typesupport_fastrtps_cpp.hpp
[1.897s] -- Up-to-date symlink: /home/aajaer/microros_ws/install/lifecycle_msgs/include/lifecycle_msgs/lifecycle_msgs/srv/detail/get_available_transitions__rosidl_typesupport_fastrtps_cpp.hpp
[1.897s] -- Up-to-date symlink: /home/aajaer/microros_ws/install/lifecycle_msgs/include/lifecycle_msgs/lifecycle_msgs/srv/detail/get_state__rosidl_typesupport_fastrtps_cpp.hpp
[1.898s] -- Up-to-date symlink: /home/aajaer/microros_ws/install/lifecycle_msgs/include/lifecycle_msgs/lifecycle_msgs/msg/detail/state__rosidl_typesupport_introspection_cpp.hpp
[1.898s] -- Up-to-date symlink: /home/aajaer/microros_ws/install/lifecycle_msgs/include/lifecycle_msgs/lifecycle_msgs/msg/detail/transition__rosidl_typesupport_introspection_cpp.hpp
[1.898s] -- Up-to-date symlink: /home/aajaer/microros_ws/install/lifecycle_msgs/include/lifecycle_msgs/lifecycle_msgs/msg/detail/transition_description__rosidl_typesupport_introspection_cpp.hpp
[1.898s] -- Up-to-date symlink: /home/aajaer/microros_ws/install/lifecycle_msgs/include/lifecycle_msgs/lifecycle_msgs/msg/detail/transition_event__rosidl_typesupport_introspection_cpp.hpp
[1.899s] -- Up-to-date symlink: /home/aajaer/microros_ws/install/lifecycle_msgs/include/lifecycle_msgs/lifecycle_msgs/srv/detail/change_state__rosidl_typesupport_introspection_cpp.hpp
[1.899s] -- Up-to-date symlink: /home/aajaer/microros_ws/install/lifecycle_msgs/include/lifecycle_msgs/lifecycle_msgs/srv/detail/get_available_states__rosidl_typesupport_introspection_cpp.hpp
[1.899s] -- Up-to-date symlink: /home/aajaer/microros_ws/install/lifecycle_msgs/include/lifecycle_msgs/lifecycle_msgs/srv/detail/get_available_transitions__rosidl_typesupport_introspection_cpp.hpp
[1.899s] -- Up-to-date symlink: /home/aajaer/microros_ws/install/lifecycle_msgs/include/lifecycle_msgs/lifecycle_msgs/srv/detail/get_state__rosidl_typesupport_introspection_cpp.hpp
[1.900s] -- Up-to-date symlink: /home/aajaer/microros_ws/install/lifecycle_msgs/share/lifecycle_msgs/environment/pythonpath.sh
[1.900s] -- Up-to-date symlink: /home/aajaer/microros_ws/install/lifecycle_msgs/share/lifecycle_msgs/environment/pythonpath.dsv
[1.900s] -- Up-to-date symlink: /home/aajaer/microros_ws/install/lifecycle_msgs/local/lib/python3.10/dist-packages/lifecycle_msgs-1.2.1-py3.10.egg-info/PKG-INFO
[1.900s] -- Up-to-date symlink: /home/aajaer/microros_ws/install/lifecycle_msgs/local/lib/python3.10/dist-packages/lifecycle_msgs-1.2.1-py3.10.egg-info/SOURCES.txt
[1.900s] -- Up-to-date symlink: /home/aajaer/microros_ws/install/lifecycle_msgs/local/lib/python3.10/dist-packages/lifecycle_msgs-1.2.1-py3.10.egg-info/dependency_links.txt
[1.901s] -- Up-to-date symlink: /home/aajaer/microros_ws/install/lifecycle_msgs/local/lib/python3.10/dist-packages/lifecycle_msgs-1.2.1-py3.10.egg-info/top_level.txt
[1.902s] -- Up-to-date symlink: /home/aajaer/microros_ws/install/lifecycle_msgs/local/lib/python3.10/dist-packages/lifecycle_msgs/__init__.py
[1.902s] -- Up-to-date symlink: /home/aajaer/microros_ws/install/lifecycle_msgs/local/lib/python3.10/dist-packages/lifecycle_msgs/_lifecycle_msgs_s.ep.rosidl_typesupport_c.c
[1.903s] -- Up-to-date symlink: /home/aajaer/microros_ws/install/lifecycle_msgs/local/lib/python3.10/dist-packages/lifecycle_msgs/_lifecycle_msgs_s.ep.rosidl_typesupport_fastrtps_c.c
[1.903s] -- Up-to-date symlink: /home/aajaer/microros_ws/install/lifecycle_msgs/local/lib/python3.10/dist-packages/lifecycle_msgs/_lifecycle_msgs_s.ep.rosidl_typesupport_introspection_c.c
[1.904s] -- Up-to-date symlink: /home/aajaer/microros_ws/install/lifecycle_msgs/local/lib/python3.10/dist-packages/lifecycle_msgs/_lifecycle_msgs_s.ep.rosidl_typesupport_microxrcedds_c.c
[1.904s] -- Up-to-date symlink: /home/aajaer/microros_ws/install/lifecycle_msgs/local/lib/python3.10/dist-packages/lifecycle_msgs/liblifecycle_msgs__rosidl_generator_py.so
[1.904s] -- Up-to-date symlink: /home/aajaer/microros_ws/install/lifecycle_msgs/local/lib/python3.10/dist-packages/lifecycle_msgs/lifecycle_msgs_s__rosidl_typesupport_c.cpython-310-aarch64-linux-gnu.so
[1.905s] -- Up-to-date symlink: /home/aajaer/microros_ws/install/lifecycle_msgs/local/lib/python3.10/dist-packages/lifecycle_msgs/lifecycle_msgs_s__rosidl_typesupport_fastrtps_c.cpython-310-aarch64-linux-gnu.so
[1.905s] -- Up-to-date symlink: /home/aajaer/microros_ws/install/lifecycle_msgs/local/lib/python3.10/dist-packages/lifecycle_msgs/lifecycle_msgs_s__rosidl_typesupport_introspection_c.cpython-310-aarch64-linux-gnu.so
[1.905s] -- Up-to-date symlink: /home/aajaer/microros_ws/install/lifecycle_msgs/local/lib/python3.10/dist-packages/lifecycle_msgs/lifecycle_msgs_s__rosidl_typesupport_microxrcedds_c.cpython-310-aarch64-linux-gnu.so
[1.906s] -- Up-to-date symlink: /home/aajaer/microros_ws/install/lifecycle_msgs/local/lib/python3.10/dist-packages/lifecycle_msgs/msg/__init__.py
[1.906s] -- Up-to-date symlink: /home/aajaer/microros_ws/install/lifecycle_msgs/local/lib/python3.10/dist-packages/lifecycle_msgs/msg/_state.py
[1.906s] -- Up-to-date symlink: /home/aajaer/microros_ws/install/lifecycle_msgs/local/lib/python3.10/dist-packages/lifecycle_msgs/msg/_state_s.c
[1.907s] -- Up-to-date symlink: /home/aajaer/microros_ws/install/lifecycle_msgs/local/lib/python3.10/dist-packages/lifecycle_msgs/msg/_transition.py
[1.907s] -- Up-to-date symlink: /home/aajaer/microros_ws/install/lifecycle_msgs/local/lib/python3.10/dist-packages/lifecycle_msgs/msg/_transition_description.py
[1.908s] -- Up-to-date symlink: /home/aajaer/microros_ws/install/lifecycle_msgs/local/lib/python3.10/dist-packages/lifecycle_msgs/msg/_transition_description_s.c
[1.908s] -- Up-to-date symlink: /home/aajaer/microros_ws/install/lifecycle_msgs/local/lib/python3.10/dist-packages/lifecycle_msgs/msg/_transition_event.py
[1.908s] -- Up-to-date symlink: /home/aajaer/microros_ws/install/lifecycle_msgs/local/lib/python3.10/dist-packages/lifecycle_msgs/msg/_transition_event_s.c
[1.908s] -- Up-to-date symlink: /home/aajaer/microros_ws/install/lifecycle_msgs/local/lib/python3.10/dist-packages/lifecycle_msgs/msg/_transition_s.c
[1.909s] -- Up-to-date symlink: /home/aajaer/microros_ws/install/lifecycle_msgs/local/lib/python3.10/dist-packages/lifecycle_msgs/srv/__init__.py
[1.909s] -- Up-to-date symlink: /home/aajaer/microros_ws/install/lifecycle_msgs/local/lib/python3.10/dist-packages/lifecycle_msgs/srv/_change_state.py
[1.909s] -- Up-to-date symlink: /home/aajaer/microros_ws/install/lifecycle_msgs/local/lib/python3.10/dist-packages/lifecycle_msgs/srv/_change_state_s.c
[1.910s] -- Up-to-date symlink: /home/aajaer/microros_ws/install/lifecycle_msgs/local/lib/python3.10/dist-packages/lifecycle_msgs/srv/_get_available_states.py
[1.910s] -- Up-to-date symlink: /home/aajaer/microros_ws/install/lifecycle_msgs/local/lib/python3.10/dist-packages/lifecycle_msgs/srv/_get_available_states_s.c
[1.911s] -- Up-to-date symlink: /home/aajaer/microros_ws/install/lifecycle_msgs/local/lib/python3.10/dist-packages/lifecycle_msgs/srv/_get_available_transitions.py
[1.911s] -- Up-to-date symlink: /home/aajaer/microros_ws/install/lifecycle_msgs/local/lib/python3.10/dist-packages/lifecycle_msgs/srv/_get_available_transitions_s.c
[1.911s] -- Up-to-date symlink: /home/aajaer/microros_ws/install/lifecycle_msgs/local/lib/python3.10/dist-packages/lifecycle_msgs/srv/_get_state.py
[1.912s] -- Up-to-date symlink: /home/aajaer/microros_ws/install/lifecycle_msgs/local/lib/python3.10/dist-packages/lifecycle_msgs/srv/_get_state_s.c
[1.912s] -- Up-to-date symlink: /home/aajaer/microros_ws/install/lifecycle_msgs/local/lib/python3.10/dist-packages/lifecycle_msgs/lifecycle_msgs_s__rosidl_typesupport_microxrcedds_c.cpython-310-aarch64-linux-gnu.so
[1.913s] -- Up-to-date symlink: /home/aajaer/microros_ws/install/lifecycle_msgs/local/lib/python3.10/dist-packages/lifecycle_msgs/lifecycle_msgs_s__rosidl_typesupport_fastrtps_c.cpython-310-aarch64-linux-gnu.so
[1.913s] -- Up-to-date symlink: /home/aajaer/microros_ws/install/lifecycle_msgs/local/lib/python3.10/dist-packages/lifecycle_msgs/lifecycle_msgs_s__rosidl_typesupport_introspection_c.cpython-310-aarch64-linux-gnu.so
[1.914s] -- Up-to-date symlink: /home/aajaer/microros_ws/install/lifecycle_msgs/local/lib/python3.10/dist-packages/lifecycle_msgs/lifecycle_msgs_s__rosidl_typesupport_c.cpython-310-aarch64-linux-gnu.so
[1.914s] -- Up-to-date symlink: /home/aajaer/microros_ws/install/lifecycle_msgs/share/lifecycle_msgs/msg/State.idl
[1.914s] -- Up-to-date symlink: /home/aajaer/microros_ws/install/lifecycle_msgs/share/lifecycle_msgs/msg/Transition.idl
[1.915s] -- Up-to-date symlink: /home/aajaer/microros_ws/install/lifecycle_msgs/share/lifecycle_msgs/msg/TransitionDescription.idl
[1.915s] -- Up-to-date symlink: /home/aajaer/microros_ws/install/lifecycle_msgs/share/lifecycle_msgs/msg/TransitionEvent.idl
[1.916s] -- Up-to-date symlink: /home/aajaer/microros_ws/install/lifecycle_msgs/share/lifecycle_msgs/srv/ChangeState.idl
[1.916s] -- Up-to-date symlink: /home/aajaer/microros_ws/install/lifecycle_msgs/share/lifecycle_msgs/srv/GetAvailableStates.idl
[1.917s] -- Up-to-date symlink: /home/aajaer/microros_ws/install/lifecycle_msgs/share/lifecycle_msgs/srv/GetAvailableTransitions.idl
[1.917s] -- Up-to-date symlink: /home/aajaer/microros_ws/install/lifecycle_msgs/share/lifecycle_msgs/srv/GetState.idl
[1.917s] -- Up-to-date symlink: /home/aajaer/microros_ws/install/lifecycle_msgs/share/lifecycle_msgs/msg/State.msg
[1.918s] -- Up-to-date symlink: /home/aajaer/microros_ws/install/lifecycle_msgs/share/lifecycle_msgs/msg/Transition.msg
[1.918s] -- Up-to-date symlink: /home/aajaer/microros_ws/install/lifecycle_msgs/share/lifecycle_msgs/msg/TransitionDescription.msg
[1.919s] -- Up-to-date symlink: /home/aajaer/microros_ws/install/lifecycle_msgs/share/lifecycle_msgs/msg/TransitionEvent.msg
[1.919s] -- Up-to-date symlink: /home/aajaer/microros_ws/install/lifecycle_msgs/share/lifecycle_msgs/srv/ChangeState.srv
[1.919s] -- Up-to-date symlink: /home/aajaer/microros_ws/install/lifecycle_msgs/share/lifecycle_msgs/srv/ChangeState_Request.msg
[1.920s] -- Up-to-date symlink: /home/aajaer/microros_ws/install/lifecycle_msgs/share/lifecycle_msgs/srv/ChangeState_Response.msg
[1.920s] -- Up-to-date symlink: /home/aajaer/microros_ws/install/lifecycle_msgs/share/lifecycle_msgs/srv/GetAvailableStates.srv
[1.921s] -- Up-to-date symlink: /home/aajaer/microros_ws/install/lifecycle_msgs/share/lifecycle_msgs/srv/GetAvailableStates_Request.msg
[1.921s] -- Up-to-date symlink: /home/aajaer/microros_ws/install/lifecycle_msgs/share/lifecycle_msgs/srv/GetAvailableStates_Response.msg
[1.922s] -- Up-to-date symlink: /home/aajaer/microros_ws/install/lifecycle_msgs/share/lifecycle_msgs/srv/GetAvailableTransitions.srv
[1.922s] -- Up-to-date symlink: /home/aajaer/microros_ws/install/lifecycle_msgs/share/lifecycle_msgs/srv/GetAvailableTransitions_Request.msg
[1.922s] -- Up-to-date symlink: /home/aajaer/microros_ws/install/lifecycle_msgs/share/lifecycle_msgs/srv/GetAvailableTransitions_Response.msg
[1.922s] -- Up-to-date symlink: /home/aajaer/microros_ws/install/lifecycle_msgs/share/lifecycle_msgs/srv/GetState.srv
[1.923s] -- Up-to-date symlink: /home/aajaer/microros_ws/install/lifecycle_msgs/share/lifecycle_msgs/srv/GetState_Request.msg
[1.923s] -- Up-to-date symlink: /home/aajaer/microros_ws/install/lifecycle_msgs/share/lifecycle_msgs/srv/GetState_Response.msg
[1.923s] -- Up-to-date symlink: /home/aajaer/microros_ws/install/lifecycle_msgs/share/ament_index/resource_index/package_run_dependencies/lifecycle_msgs
[1.924s] -- Up-to-date symlink: /home/aajaer/microros_ws/install/lifecycle_msgs/share/ament_index/resource_index/parent_prefix_path/lifecycle_msgs
[1.924s] -- Up-to-date symlink: /home/aajaer/microros_ws/install/lifecycle_msgs/share/lifecycle_msgs/environment/ament_prefix_path.sh
[1.924s] -- Up-to-date symlink: /home/aajaer/microros_ws/install/lifecycle_msgs/share/lifecycle_msgs/environment/ament_prefix_path.dsv
[1.925s] -- Up-to-date symlink: /home/aajaer/microros_ws/install/lifecycle_msgs/share/lifecycle_msgs/environment/path.sh
[1.925s] -- Up-to-date symlink: /home/aajaer/microros_ws/install/lifecycle_msgs/share/lifecycle_msgs/environment/path.dsv
[1.925s] -- Up-to-date symlink: /home/aajaer/microros_ws/install/lifecycle_msgs/share/lifecycle_msgs/local_setup.bash
[1.925s] -- Up-to-date symlink: /home/aajaer/microros_ws/install/lifecycle_msgs/share/lifecycle_msgs/local_setup.sh
[1.926s] -- Up-to-date symlink: /home/aajaer/microros_ws/install/lifecycle_msgs/share/lifecycle_msgs/local_setup.zsh
[1.926s] -- Up-to-date symlink: /home/aajaer/microros_ws/install/lifecycle_msgs/share/lifecycle_msgs/local_setup.dsv
[1.926s] -- Symlinking: /home/aajaer/microros_ws/install/lifecycle_msgs/share/lifecycle_msgs/package.dsv
[1.964s] -- Up-to-date symlink: /home/aajaer/microros_ws/install/lifecycle_msgs/share/ament_index/resource_index/packages/lifecycle_msgs
[1.964s] -- Up-to-date symlink: /home/aajaer/microros_ws/install/lifecycle_msgs/share/lifecycle_msgs/cmake/rosidl_cmake-extras.cmake
[1.964s] -- Up-to-date symlink: /home/aajaer/microros_ws/install/lifecycle_msgs/share/lifecycle_msgs/cmake/ament_cmake_export_include_directories-extras.cmake
[1.965s] -- Up-to-date symlink: /home/aajaer/microros_ws/install/lifecycle_msgs/share/lifecycle_msgs/cmake/ament_cmake_export_libraries-extras.cmake
[1.965s] -- Up-to-date symlink: /home/aajaer/microros_ws/install/lifecycle_msgs/share/lifecycle_msgs/cmake/ament_cmake_export_targets-extras.cmake
[1.966s] -- Up-to-date symlink: /home/aajaer/microros_ws/install/lifecycle_msgs/share/lifecycle_msgs/cmake/rosidl_cmake_export_typesupport_targets-extras.cmake
[1.966s] -- Up-to-date symlink: /home/aajaer/microros_ws/install/lifecycle_msgs/share/lifecycle_msgs/cmake/ament_cmake_export_dependencies-extras.cmake
[1.966s] -- Up-to-date symlink: /home/aajaer/microros_ws/install/lifecycle_msgs/share/lifecycle_msgs/cmake/rosidl_cmake_export_typesupport_libraries-extras.cmake
[1.966s] -- Up-to-date symlink: /home/aajaer/microros_ws/install/lifecycle_msgs/share/lifecycle_msgs/cmake/lifecycle_msgsConfig.cmake
[1.967s] -- Up-to-date symlink: /home/aajaer/microros_ws/install/lifecycle_msgs/share/lifecycle_msgs/cmake/lifecycle_msgsConfig-version.cmake
[1.967s] -- Up-to-date symlink: /home/aajaer/microros_ws/install/lifecycle_msgs/share/lifecycle_msgs/package.xml
[1.968s] -- Up-to-date: /home/aajaer/microros_ws/install/lifecycle_msgs/lib/liblifecycle_msgs__rosidl_generator_c.so
[1.968s] -- Up-to-date: /home/aajaer/microros_ws/install/lifecycle_msgs/lib/liblifecycle_msgs__rosidl_typesupport_fastrtps_c.so
[1.969s] -- Up-to-date: /home/aajaer/microros_ws/install/lifecycle_msgs/lib/liblifecycle_msgs__rosidl_typesupport_introspection_c.so
[1.970s] -- Up-to-date: /home/aajaer/microros_ws/install/lifecycle_msgs/lib/liblifecycle_msgs__rosidl_typesupport_c.so
[1.972s] -- Up-to-date: /home/aajaer/microros_ws/install/lifecycle_msgs/lib/liblifecycle_msgs__rosidl_typesupport_fastrtps_cpp.so
[1.972s] -- Up-to-date: /home/aajaer/microros_ws/install/lifecycle_msgs/lib/liblifecycle_msgs__rosidl_typesupport_introspection_cpp.so
[1.972s] -- Up-to-date: /home/aajaer/microros_ws/install/lifecycle_msgs/lib/liblifecycle_msgs__rosidl_typesupport_cpp.so
[2.071s] Listing '/home/aajaer/microros_ws/install/lifecycle_msgs/local/lib/python3.10/dist-packages/lifecycle_msgs'...
[2.071s] Listing '/home/aajaer/microros_ws/install/lifecycle_msgs/local/lib/python3.10/dist-packages/lifecycle_msgs/msg'...
[2.072s] Listing '/home/aajaer/microros_ws/install/lifecycle_msgs/local/lib/python3.10/dist-packages/lifecycle_msgs/srv'...
[2.083s] -- Up-to-date: /home/aajaer/microros_ws/install/lifecycle_msgs/lib/liblifecycle_msgs__rosidl_generator_py.so
[2.083s] -- Up-to-date: /home/aajaer/microros_ws/install/lifecycle_msgs/share/lifecycle_msgs/cmake/export_lifecycle_msgs__rosidl_generator_cExport.cmake
[2.084s] -- Up-to-date: /home/aajaer/microros_ws/install/lifecycle_msgs/share/lifecycle_msgs/cmake/export_lifecycle_msgs__rosidl_generator_cExport-noconfig.cmake
[2.084s] -- Up-to-date: /home/aajaer/microros_ws/install/lifecycle_msgs/share/lifecycle_msgs/cmake/export_lifecycle_msgs__rosidl_typesupport_fastrtps_cExport.cmake
[2.084s] -- Up-to-date: /home/aajaer/microros_ws/install/lifecycle_msgs/share/lifecycle_msgs/cmake/export_lifecycle_msgs__rosidl_typesupport_fastrtps_cExport-noconfig.cmake
[2.084s] -- Up-to-date: /home/aajaer/microros_ws/install/lifecycle_msgs/share/lifecycle_msgs/cmake/lifecycle_msgs__rosidl_typesupport_introspection_cExport.cmake
[2.085s] -- Up-to-date: /home/aajaer/microros_ws/install/lifecycle_msgs/share/lifecycle_msgs/cmake/lifecycle_msgs__rosidl_typesupport_introspection_cExport-noconfig.cmake
[2.085s] -- Up-to-date: /home/aajaer/microros_ws/install/lifecycle_msgs/share/lifecycle_msgs/cmake/lifecycle_msgs__rosidl_typesupport_cExport.cmake
[2.085s] -- Up-to-date: /home/aajaer/microros_ws/install/lifecycle_msgs/share/lifecycle_msgs/cmake/lifecycle_msgs__rosidl_typesupport_cExport-noconfig.cmake
[2.085s] -- Up-to-date: /home/aajaer/microros_ws/install/lifecycle_msgs/share/lifecycle_msgs/cmake/export_lifecycle_msgs__rosidl_generator_cppExport.cmake
[2.085s] -- Up-to-date: /home/aajaer/microros_ws/install/lifecycle_msgs/share/lifecycle_msgs/cmake/export_lifecycle_msgs__rosidl_typesupport_fastrtps_cppExport.cmake
[2.087s] -- Up-to-date: /home/aajaer/microros_ws/install/lifecycle_msgs/share/lifecycle_msgs/cmake/export_lifecycle_msgs__rosidl_typesupport_fastrtps_cppExport-noconfig.cmake
[2.088s] -- Up-to-date: /home/aajaer/microros_ws/install/lifecycle_msgs/share/lifecycle_msgs/cmake/lifecycle_msgs__rosidl_typesupport_introspection_cppExport.cmake
[2.088s] -- Up-to-date: /home/aajaer/microros_ws/install/lifecycle_msgs/share/lifecycle_msgs/cmake/lifecycle_msgs__rosidl_typesupport_introspection_cppExport-noconfig.cmake
[2.088s] -- Up-to-date: /home/aajaer/microros_ws/install/lifecycle_msgs/share/lifecycle_msgs/cmake/lifecycle_msgs__rosidl_typesupport_cppExport.cmake
[2.088s] -- Up-to-date: /home/aajaer/microros_ws/install/lifecycle_msgs/share/lifecycle_msgs/cmake/lifecycle_msgs__rosidl_typesupport_cppExport-noconfig.cmake
[2.089s] -- Up-to-date: /home/aajaer/microros_ws/install/lifecycle_msgs/share/lifecycle_msgs/cmake/export_lifecycle_msgs__rosidl_generator_pyExport.cmake
[2.090s] -- Up-to-date: /home/aajaer/microros_ws/install/lifecycle_msgs/share/lifecycle_msgs/cmake/export_lifecycle_msgs__rosidl_generator_pyExport-noconfig.cmake
[2.199s] Invoked command in '/home/aajaer/microros_ws/build/lifecycle_msgs' returned '0': CMAKE_PREFIX_PATH=${CMAKE_PREFIX_PATH}:/home/aajaer/microros_ws/install/sensor_msgs_py:/home/aajaer/microros_ws/install/motor_control_pkg /usr/bin/cmake --install /home/aajaer/microros_ws/build/lifecycle_msgs
