[0.053s] Invoking command in '/home/aajaer/microros_ws/build/microcdr': /usr/bin/cmake /home/aajaer/microros_ws/src/eProsima/Micro-CDR -DUCDR_ISOLATED_INSTALL=OFF -DCMAKE_INSTALL_PREFIX=/home/aajaer/microros_ws/install/microcdr
[0.117s] -- Setting build type to 'Release' as none was specified.
[0.178s] -- The C compiler identification is GNU 11.4.0
[0.196s] -- Detecting C compiler ABI info
[0.373s] -- Detecting C compiler ABI info - done
[0.381s] -- Check for working C compiler: /usr/bin/cc - skipped
[0.382s] -- Detecting C compile features
[0.382s] -- Detecting C compile features - done
[0.501s] -- The CXX compiler identification is GNU 11.4.0
[0.527s] -- Detecting CXX compiler ABI info
[0.780s] -- Detecting CXX compiler ABI info - done
[0.786s] -- Check for working CXX compiler: /usr/bin/c++ - skipped
[0.787s] -- Detecting CXX compile features
[0.788s] -- Detecting CXX compile features - done
[0.808s] -- Configuring done
[0.813s] -- Generating done
[0.816s] -- Build files have been written to: /home/aajaer/microros_ws/build/microcdr
[0.835s] Invoked command in '/home/aajaer/microros_ws/build/microcdr' returned '0': /usr/bin/cmake /home/aajaer/microros_ws/src/eProsima/Micro-CDR -DUCDR_ISOLATED_INSTALL=OFF -DCMAKE_INSTALL_PREFIX=/home/aajaer/microros_ws/install/microcdr
[0.836s] Invoking command in '/home/aajaer/microros_ws/build/microcdr': /usr/bin/cmake --build /home/aajaer/microros_ws/build/microcdr -- -j8 -l8
[2.521s] [ 12%] [34m[1mCreating directories for 'ucdr'[0m
[2.521s] [ 25%] [34m[1mNo download step for 'ucdr'[0m
[2.521s] [ 37%] [34m[1mNo update step for 'ucdr'[0m
[2.521s] [ 50%] [34m[1mNo patch step for 'ucdr'[0m
[2.521s] [ 62%] [34m[1mPerforming configure step for 'ucdr'[0m
[2.521s] loading initial cache file /home/aajaer/microros_ws/build/microcdr/ucdr-prefix/tmp/ucdr-cache-Release.cmake
[2.521s] -- Configuring done
[2.522s] -- Generating done
[2.522s] -- Build files have been written to: /home/aajaer/microros_ws/build/microcdr
[2.522s] [ 75%] [34m[1mPerforming build step for 'ucdr'[0m
[2.522s] [ 16%] [32mBuilding C object CMakeFiles/microcdr.dir/src/c/types/basic.c.o[0m
[2.522s] [ 33%] [32mBuilding C object CMakeFiles/microcdr.dir/src/c/common.c.o[0m
[2.522s] [ 50%] [32mBuilding C object CMakeFiles/microcdr.dir/src/c/types/string.c.o[0m
[2.522s] [ 66%] [32mBuilding C object CMakeFiles/microcdr.dir/src/c/types/array.c.o[0m
[2.522s] [ 83%] [32mBuilding C object CMakeFiles/microcdr.dir/src/c/types/sequence.c.o[0m
[3.023s] [100%] [32m[1mLinking C static library libmicrocdr.a[0m
[3.173s] [100%] Built target microcdr
[3.238s] [34m[1mNo install step for 'ucdr'[0m
[3.294s] [34m[1mCompleted 'ucdr'[0m
[3.382s] Built target ucdr
[3.469s] Invoked command in '/home/aajaer/microros_ws/build/microcdr' returned '0': /usr/bin/cmake --build /home/aajaer/microros_ws/build/microcdr -- -j8 -l8
[3.470s] Invoking command in '/home/aajaer/microros_ws/build/microcdr': /usr/bin/cmake --install /home/aajaer/microros_ws/build/microcdr
[3.924s] -- Install configuration: "Release"
[3.925s] -- Installing: /home/aajaer/microros_ws/install/microcdr/lib/libmicrocdr.a
[3.925s] -- Installing: /home/aajaer/microros_ws/install/microcdr/include/ucdr
[3.925s] -- Installing: /home/aajaer/microros_ws/install/microcdr/include/ucdr/microcdr.h
[3.925s] -- Installing: /home/aajaer/microros_ws/install/microcdr/include/ucdr/visibility.h
[3.925s] -- Installing: /home/aajaer/microros_ws/install/microcdr/include/ucdr/config.h
[3.926s] -- Installing: /home/aajaer/microros_ws/install/microcdr/share/microcdr/cmake/microcdrTargets.cmake
[3.926s] -- Installing: /home/aajaer/microros_ws/install/microcdr/share/microcdr/cmake/microcdrTargets-release.cmake
[3.926s] -- Installing: /home/aajaer/microros_ws/install/microcdr/share/microcdr/cmake/microcdrConfig.cmake
[3.926s] -- Installing: /home/aajaer/microros_ws/install/microcdr/share/microcdr/cmake/microcdrConfigVersion.cmake
[3.929s] Invoked command in '/home/aajaer/microros_ws/build/microcdr' returned '0': /usr/bin/cmake --install /home/aajaer/microros_ws/build/microcdr
