[0.055s] Invoking command in '/home/aajaer/microros_ws/build/rclc': CMAKE_PREFIX_PATH=/home/aajaer/microros_ws/install/test_msgs:/home/aajaer/microros_ws/install/example_interfaces:/home/aajaer/microros_ws/install/std_msgs:/home/aajaer/microros_ws/install/action_msgs:/home/aajaer/microros_ws/install/unique_identifier_msgs:/home/aajaer/microros_ws/install/builtin_interfaces:/home/aajaer/microros_ws/install/micro_ros_demos_rclc:/home/aajaer/microros_ws/install/common_interfaces:/home/aajaer/microros_ws/install/visualization_msgs:/home/aajaer/microros_ws/install/trajectory_msgs:/home/aajaer/microros_ws/install/stereo_msgs:/home/aajaer/microros_ws/install/sllidar_ros2:/home/aajaer/microros_ws/install/std_srvs:/home/aajaer/microros_ws/install/shape_msgs:/home/aajaer/microros_ws/install/sensor_msgs:/home/aajaer/microros_ws/install/nav_msgs:/home/aajaer/microros_ws/install/diagnostic_msgs:/home/aajaer/microros_ws/install/geometry_msgs:/home/aajaer/microros_ws/install/actionlib_msgs:/home/aajaer/microros_ws/install/statistics_msgs:/home/aajaer/microros_ws/install/rosidl_typesupport_microxrcedds_test_msg:/home/aajaer/microros_ws/install/rosidl_typesupport_microxrcedds_cpp_tests:/home/aajaer/microros_ws/install/rmw_microxrcedds:/home/aajaer/microros_ws/install/rosidl_typesupport_microxrcedds_cpp:/home/aajaer/microros_ws/install/rosidl_typesupport_microxrcedds_c_tests:/home/aajaer/microros_ws/install/rosidl_typesupport_microxrcedds_c:/home/aajaer/microros_ws/install/rosgraph_msgs:/home/aajaer/microros_ws/install/rclc_parameter:/home/aajaer/microros_ws/install/rclc:/home/aajaer/microros_ws/install/composition_interfaces:/home/aajaer/microros_ws/install/rcl_interfaces:/home/aajaer/microros_ws/install/microxrcedds_client:/home/aajaer/microros_ws/install/microcdr:/home/aajaer/microros_ws/install/micro_ros_utilities:/home/aajaer/microros_ws/install/micro_ros_setup:/home/aajaer/microros_ws/install/micro_ros_agent:/home/aajaer/microros_ws/install/micro_ros_msgs:/home/aajaer/microros_ws/install/lifecycle_msgs:/home/aajaer/microros_ws/install/complex_msgs:/opt/ros/humble:/opt/ros/humble:/home/aajaer/microros_ws/install/sensor_msgs_py:/home/aajaer/microros_ws/install/motor_control_pkg LD_LIBRARY_PATH=/home/aajaer/microros_ws/install/test_msgs/lib:/home/aajaer/microros_ws/install/example_interfaces/lib:/home/aajaer/microros_ws/install/std_msgs/lib:/home/aajaer/microros_ws/install/action_msgs/lib:/home/aajaer/microros_ws/install/unique_identifier_msgs/lib:/home/aajaer/microros_ws/install/builtin_interfaces/lib:/home/aajaer/microros_ws/install/visualization_msgs/lib:/home/aajaer/microros_ws/install/trajectory_msgs/lib:/home/aajaer/microros_ws/install/stereo_msgs/lib:/home/aajaer/microros_ws/install/std_srvs/lib:/home/aajaer/microros_ws/install/shape_msgs/lib:/home/aajaer/microros_ws/install/sensor_msgs/lib:/home/aajaer/microros_ws/install/nav_msgs/lib:/home/aajaer/microros_ws/install/diagnostic_msgs/lib:/home/aajaer/microros_ws/install/geometry_msgs/lib:/home/aajaer/microros_ws/install/actionlib_msgs/lib:/home/aajaer/microros_ws/install/statistics_msgs/lib:/home/aajaer/microros_ws/install/rosidl_typesupport_microxrcedds_test_msg/lib:/home/aajaer/microros_ws/install/rmw_microxrcedds/lib:/home/aajaer/microros_ws/install/rosidl_typesupport_microxrcedds_cpp/lib:/home/aajaer/microros_ws/install/rosidl_typesupport_microxrcedds_c/lib:/home/aajaer/microros_ws/install/rosgraph_msgs/lib:/home/aajaer/microros_ws/install/rclc_parameter/lib:/home/aajaer/microros_ws/install/rclc/lib:/home/aajaer/microros_ws/install/composition_interfaces/lib:/home/aajaer/microros_ws/install/rcl_interfaces/lib:/home/aajaer/microros_ws/install/micro_ros_utilities/lib:/home/aajaer/microros_ws/install/micro_ros_agent/lib:/home/aajaer/microros_ws/install/micro_ros_msgs/lib:/home/aajaer/microros_ws/install/lifecycle_msgs/lib:/home/aajaer/microros_ws/install/complex_msgs/lib:/opt/ros/humble/opt/rviz_ogre_vendor/lib:/opt/ros/humble/lib/aarch64-linux-gnu:/opt/ros/humble/lib /usr/bin/cmake --build /home/aajaer/microros_ws/build/rclc -- -j8 -l8
[0.081s] /usr/bin/cmake -S/home/aajaer/microros_ws/src/uros/rclc/rclc -B/home/aajaer/microros_ws/build/rclc --check-build-system CMakeFiles/Makefile.cmake 0
[0.122s] /usr/bin/cmake -E cmake_progress_start /home/aajaer/microros_ws/build/rclc/CMakeFiles /home/aajaer/microros_ws/build/rclc//CMakeFiles/progress.marks
[0.140s] /usr/bin/gmake  -f CMakeFiles/Makefile2 all
[0.145s] gmake[1]: Entering directory '/home/aajaer/microros_ws/build/rclc'
[0.145s] /usr/bin/gmake  -f CMakeFiles/rclc.dir/build.make CMakeFiles/rclc.dir/depend
[0.158s] /usr/bin/gmake  -f gtest/CMakeFiles/gtest_main.dir/build.make gtest/CMakeFiles/gtest_main.dir/depend
[0.158s] /usr/bin/gmake  -f gtest/CMakeFiles/gtest.dir/build.make gtest/CMakeFiles/gtest.dir/depend
[0.162s] gmake[2]: Entering directory '/home/aajaer/microros_ws/build/rclc'
[0.162s] cd /home/aajaer/microros_ws/build/rclc && /usr/bin/cmake -E cmake_depends "Unix Makefiles" /home/aajaer/microros_ws/src/uros/rclc/rclc /opt/ros/humble/src/gtest_vendor /home/aajaer/microros_ws/build/rclc /home/aajaer/microros_ws/build/rclc/gtest /home/aajaer/microros_ws/build/rclc/gtest/CMakeFiles/gtest_main.dir/DependInfo.cmake --color=
[0.164s] gmake[2]: Entering directory '/home/aajaer/microros_ws/build/rclc'
[0.164s] cd /home/aajaer/microros_ws/build/rclc && /usr/bin/cmake -E cmake_depends "Unix Makefiles" /home/aajaer/microros_ws/src/uros/rclc/rclc /home/aajaer/microros_ws/src/uros/rclc/rclc /home/aajaer/microros_ws/build/rclc /home/aajaer/microros_ws/build/rclc /home/aajaer/microros_ws/build/rclc/CMakeFiles/rclc.dir/DependInfo.cmake --color=
[0.165s] gmake[2]: Entering directory '/home/aajaer/microros_ws/build/rclc'
[0.166s] cd /home/aajaer/microros_ws/build/rclc && /usr/bin/cmake -E cmake_depends "Unix Makefiles" /home/aajaer/microros_ws/src/uros/rclc/rclc /opt/ros/humble/src/gtest_vendor /home/aajaer/microros_ws/build/rclc /home/aajaer/microros_ws/build/rclc/gtest /home/aajaer/microros_ws/build/rclc/gtest/CMakeFiles/gtest.dir/DependInfo.cmake --color=
[0.191s] gmake[2]: Leaving directory '/home/aajaer/microros_ws/build/rclc'
[0.191s] /usr/bin/gmake  -f gtest/CMakeFiles/gtest_main.dir/build.make gtest/CMakeFiles/gtest_main.dir/build
[0.203s] gmake[2]: Entering directory '/home/aajaer/microros_ws/build/rclc'
[0.203s] gmake[2]: Nothing to be done for 'gtest/CMakeFiles/gtest_main.dir/build'.
[0.203s] gmake[2]: Leaving directory '/home/aajaer/microros_ws/build/rclc'
[0.206s] gmake[2]: Leaving directory '/home/aajaer/microros_ws/build/rclc'
[0.215s] gmake[2]: Leaving directory '/home/aajaer/microros_ws/build/rclc'
[0.215s] /usr/bin/gmake  -f CMakeFiles/rclc.dir/build.make CMakeFiles/rclc.dir/build
[0.226s] /usr/bin/gmake  -f gtest/CMakeFiles/gtest.dir/build.make gtest/CMakeFiles/gtest.dir/build
[0.234s] gmake[2]: Entering directory '/home/aajaer/microros_ws/build/rclc'
[0.234s] gmake[2]: Nothing to be done for 'gtest/CMakeFiles/gtest.dir/build'.
[0.234s] gmake[2]: Leaving directory '/home/aajaer/microros_ws/build/rclc'
[0.251s] gmake[2]: Entering directory '/home/aajaer/microros_ws/build/rclc'
[0.252s] gmake[2]: Nothing to be done for 'CMakeFiles/rclc.dir/build'.
[0.252s] gmake[2]: Leaving directory '/home/aajaer/microros_ws/build/rclc'
[0.257s] [  6%] Built target gtest_main
[0.258s] [ 13%] Built target gtest
[0.315s] [ 60%] Built target rclc
[0.318s] /usr/bin/gmake  -f CMakeFiles/rclc_test.dir/build.make CMakeFiles/rclc_test.dir/depend
[0.366s] gmake[2]: Entering directory '/home/aajaer/microros_ws/build/rclc'
[0.366s] cd /home/aajaer/microros_ws/build/rclc && /usr/bin/cmake -E cmake_depends "Unix Makefiles" /home/aajaer/microros_ws/src/uros/rclc/rclc /home/aajaer/microros_ws/src/uros/rclc/rclc /home/aajaer/microros_ws/build/rclc /home/aajaer/microros_ws/build/rclc /home/aajaer/microros_ws/build/rclc/CMakeFiles/rclc_test.dir/DependInfo.cmake --color=
[0.482s] gmake[2]: Leaving directory '/home/aajaer/microros_ws/build/rclc'
[0.482s] /usr/bin/gmake  -f CMakeFiles/rclc_test.dir/build.make CMakeFiles/rclc_test.dir/build
[0.552s] gmake[2]: Entering directory '/home/aajaer/microros_ws/build/rclc'
[0.552s] gmake[2]: Nothing to be done for 'CMakeFiles/rclc_test.dir/build'.
[0.552s] gmake[2]: Leaving directory '/home/aajaer/microros_ws/build/rclc'
[0.658s] [100%] Built target rclc_test
[0.665s] gmake[1]: Leaving directory '/home/aajaer/microros_ws/build/rclc'
[0.665s] /usr/bin/cmake -E cmake_progress_start /home/aajaer/microros_ws/build/rclc/CMakeFiles 0
[0.743s] Invoked command in '/home/aajaer/microros_ws/build/rclc' returned '0': CMAKE_PREFIX_PATH=/home/aajaer/microros_ws/install/test_msgs:/home/aajaer/microros_ws/install/example_interfaces:/home/aajaer/microros_ws/install/std_msgs:/home/aajaer/microros_ws/install/action_msgs:/home/aajaer/microros_ws/install/unique_identifier_msgs:/home/aajaer/microros_ws/install/builtin_interfaces:/home/aajaer/microros_ws/install/micro_ros_demos_rclc:/home/aajaer/microros_ws/install/common_interfaces:/home/aajaer/microros_ws/install/visualization_msgs:/home/aajaer/microros_ws/install/trajectory_msgs:/home/aajaer/microros_ws/install/stereo_msgs:/home/aajaer/microros_ws/install/sllidar_ros2:/home/aajaer/microros_ws/install/std_srvs:/home/aajaer/microros_ws/install/shape_msgs:/home/aajaer/microros_ws/install/sensor_msgs:/home/aajaer/microros_ws/install/nav_msgs:/home/aajaer/microros_ws/install/diagnostic_msgs:/home/aajaer/microros_ws/install/geometry_msgs:/home/aajaer/microros_ws/install/actionlib_msgs:/home/aajaer/microros_ws/install/statistics_msgs:/home/aajaer/microros_ws/install/rosidl_typesupport_microxrcedds_test_msg:/home/aajaer/microros_ws/install/rosidl_typesupport_microxrcedds_cpp_tests:/home/aajaer/microros_ws/install/rmw_microxrcedds:/home/aajaer/microros_ws/install/rosidl_typesupport_microxrcedds_cpp:/home/aajaer/microros_ws/install/rosidl_typesupport_microxrcedds_c_tests:/home/aajaer/microros_ws/install/rosidl_typesupport_microxrcedds_c:/home/aajaer/microros_ws/install/rosgraph_msgs:/home/aajaer/microros_ws/install/rclc_parameter:/home/aajaer/microros_ws/install/rclc:/home/aajaer/microros_ws/install/composition_interfaces:/home/aajaer/microros_ws/install/rcl_interfaces:/home/aajaer/microros_ws/install/microxrcedds_client:/home/aajaer/microros_ws/install/microcdr:/home/aajaer/microros_ws/install/micro_ros_utilities:/home/aajaer/microros_ws/install/micro_ros_setup:/home/aajaer/microros_ws/install/micro_ros_agent:/home/aajaer/microros_ws/install/micro_ros_msgs:/home/aajaer/microros_ws/install/lifecycle_msgs:/home/aajaer/microros_ws/install/complex_msgs:/opt/ros/humble:/opt/ros/humble:/home/aajaer/microros_ws/install/sensor_msgs_py:/home/aajaer/microros_ws/install/motor_control_pkg LD_LIBRARY_PATH=/home/aajaer/microros_ws/install/test_msgs/lib:/home/aajaer/microros_ws/install/example_interfaces/lib:/home/aajaer/microros_ws/install/std_msgs/lib:/home/aajaer/microros_ws/install/action_msgs/lib:/home/aajaer/microros_ws/install/unique_identifier_msgs/lib:/home/aajaer/microros_ws/install/builtin_interfaces/lib:/home/aajaer/microros_ws/install/visualization_msgs/lib:/home/aajaer/microros_ws/install/trajectory_msgs/lib:/home/aajaer/microros_ws/install/stereo_msgs/lib:/home/aajaer/microros_ws/install/std_srvs/lib:/home/aajaer/microros_ws/install/shape_msgs/lib:/home/aajaer/microros_ws/install/sensor_msgs/lib:/home/aajaer/microros_ws/install/nav_msgs/lib:/home/aajaer/microros_ws/install/diagnostic_msgs/lib:/home/aajaer/microros_ws/install/geometry_msgs/lib:/home/aajaer/microros_ws/install/actionlib_msgs/lib:/home/aajaer/microros_ws/install/statistics_msgs/lib:/home/aajaer/microros_ws/install/rosidl_typesupport_microxrcedds_test_msg/lib:/home/aajaer/microros_ws/install/rmw_microxrcedds/lib:/home/aajaer/microros_ws/install/rosidl_typesupport_microxrcedds_cpp/lib:/home/aajaer/microros_ws/install/rosidl_typesupport_microxrcedds_c/lib:/home/aajaer/microros_ws/install/rosgraph_msgs/lib:/home/aajaer/microros_ws/install/rclc_parameter/lib:/home/aajaer/microros_ws/install/rclc/lib:/home/aajaer/microros_ws/install/composition_interfaces/lib:/home/aajaer/microros_ws/install/rcl_interfaces/lib:/home/aajaer/microros_ws/install/micro_ros_utilities/lib:/home/aajaer/microros_ws/install/micro_ros_agent/lib:/home/aajaer/microros_ws/install/micro_ros_msgs/lib:/home/aajaer/microros_ws/install/lifecycle_msgs/lib:/home/aajaer/microros_ws/install/complex_msgs/lib:/opt/ros/humble/opt/rviz_ogre_vendor/lib:/opt/ros/humble/lib/aarch64-linux-gnu:/opt/ros/humble/lib /usr/bin/cmake --build /home/aajaer/microros_ws/build/rclc -- -j8 -l8
[0.744s] Invoking command in '/home/aajaer/microros_ws/build/rclc': CMAKE_PREFIX_PATH=/home/aajaer/microros_ws/install/test_msgs:/home/aajaer/microros_ws/install/example_interfaces:/home/aajaer/microros_ws/install/std_msgs:/home/aajaer/microros_ws/install/action_msgs:/home/aajaer/microros_ws/install/unique_identifier_msgs:/home/aajaer/microros_ws/install/builtin_interfaces:/home/aajaer/microros_ws/install/micro_ros_demos_rclc:/home/aajaer/microros_ws/install/common_interfaces:/home/aajaer/microros_ws/install/visualization_msgs:/home/aajaer/microros_ws/install/trajectory_msgs:/home/aajaer/microros_ws/install/stereo_msgs:/home/aajaer/microros_ws/install/sllidar_ros2:/home/aajaer/microros_ws/install/std_srvs:/home/aajaer/microros_ws/install/shape_msgs:/home/aajaer/microros_ws/install/sensor_msgs:/home/aajaer/microros_ws/install/nav_msgs:/home/aajaer/microros_ws/install/diagnostic_msgs:/home/aajaer/microros_ws/install/geometry_msgs:/home/aajaer/microros_ws/install/actionlib_msgs:/home/aajaer/microros_ws/install/statistics_msgs:/home/aajaer/microros_ws/install/rosidl_typesupport_microxrcedds_test_msg:/home/aajaer/microros_ws/install/rosidl_typesupport_microxrcedds_cpp_tests:/home/aajaer/microros_ws/install/rmw_microxrcedds:/home/aajaer/microros_ws/install/rosidl_typesupport_microxrcedds_cpp:/home/aajaer/microros_ws/install/rosidl_typesupport_microxrcedds_c_tests:/home/aajaer/microros_ws/install/rosidl_typesupport_microxrcedds_c:/home/aajaer/microros_ws/install/rosgraph_msgs:/home/aajaer/microros_ws/install/rclc_parameter:/home/aajaer/microros_ws/install/rclc:/home/aajaer/microros_ws/install/composition_interfaces:/home/aajaer/microros_ws/install/rcl_interfaces:/home/aajaer/microros_ws/install/microxrcedds_client:/home/aajaer/microros_ws/install/microcdr:/home/aajaer/microros_ws/install/micro_ros_utilities:/home/aajaer/microros_ws/install/micro_ros_setup:/home/aajaer/microros_ws/install/micro_ros_agent:/home/aajaer/microros_ws/install/micro_ros_msgs:/home/aajaer/microros_ws/install/lifecycle_msgs:/home/aajaer/microros_ws/install/complex_msgs:/opt/ros/humble:/opt/ros/humble:/home/aajaer/microros_ws/install/sensor_msgs_py:/home/aajaer/microros_ws/install/motor_control_pkg LD_LIBRARY_PATH=/home/aajaer/microros_ws/install/test_msgs/lib:/home/aajaer/microros_ws/install/example_interfaces/lib:/home/aajaer/microros_ws/install/std_msgs/lib:/home/aajaer/microros_ws/install/action_msgs/lib:/home/aajaer/microros_ws/install/unique_identifier_msgs/lib:/home/aajaer/microros_ws/install/builtin_interfaces/lib:/home/aajaer/microros_ws/install/visualization_msgs/lib:/home/aajaer/microros_ws/install/trajectory_msgs/lib:/home/aajaer/microros_ws/install/stereo_msgs/lib:/home/aajaer/microros_ws/install/std_srvs/lib:/home/aajaer/microros_ws/install/shape_msgs/lib:/home/aajaer/microros_ws/install/sensor_msgs/lib:/home/aajaer/microros_ws/install/nav_msgs/lib:/home/aajaer/microros_ws/install/diagnostic_msgs/lib:/home/aajaer/microros_ws/install/geometry_msgs/lib:/home/aajaer/microros_ws/install/actionlib_msgs/lib:/home/aajaer/microros_ws/install/statistics_msgs/lib:/home/aajaer/microros_ws/install/rosidl_typesupport_microxrcedds_test_msg/lib:/home/aajaer/microros_ws/install/rmw_microxrcedds/lib:/home/aajaer/microros_ws/install/rosidl_typesupport_microxrcedds_cpp/lib:/home/aajaer/microros_ws/install/rosidl_typesupport_microxrcedds_c/lib:/home/aajaer/microros_ws/install/rosgraph_msgs/lib:/home/aajaer/microros_ws/install/rclc_parameter/lib:/home/aajaer/microros_ws/install/rclc/lib:/home/aajaer/microros_ws/install/composition_interfaces/lib:/home/aajaer/microros_ws/install/rcl_interfaces/lib:/home/aajaer/microros_ws/install/micro_ros_utilities/lib:/home/aajaer/microros_ws/install/micro_ros_agent/lib:/home/aajaer/microros_ws/install/micro_ros_msgs/lib:/home/aajaer/microros_ws/install/lifecycle_msgs/lib:/home/aajaer/microros_ws/install/complex_msgs/lib:/opt/ros/humble/opt/rviz_ogre_vendor/lib:/opt/ros/humble/lib/aarch64-linux-gnu:/opt/ros/humble/lib /usr/bin/cmake --install /home/aajaer/microros_ws/build/rclc
[1.064s] -- Install configuration: ""
[1.064s] -- Execute custom install script
[1.064s] -- Up-to-date symlink: /home/aajaer/microros_ws/install/rclc/include/rclc/action_client.h
[1.064s] -- Up-to-date symlink: /home/aajaer/microros_ws/install/rclc/include/rclc/action_goal_handle.h
[1.064s] -- Up-to-date symlink: /home/aajaer/microros_ws/install/rclc/include/rclc/action_server.h
[1.065s] -- Up-to-date symlink: /home/aajaer/microros_ws/install/rclc/include/rclc/client.h
[1.065s] -- Up-to-date symlink: /home/aajaer/microros_ws/install/rclc/include/rclc/executor.h
[1.065s] -- Up-to-date symlink: /home/aajaer/microros_ws/install/rclc/include/rclc/executor_handle.h
[1.065s] -- Up-to-date symlink: /home/aajaer/microros_ws/install/rclc/include/rclc/init.h
[1.065s] -- Up-to-date symlink: /home/aajaer/microros_ws/install/rclc/include/rclc/node.h
[1.065s] -- Up-to-date symlink: /home/aajaer/microros_ws/install/rclc/include/rclc/publisher.h
[1.065s] -- Up-to-date symlink: /home/aajaer/microros_ws/install/rclc/include/rclc/rclc.h
[1.065s] -- Up-to-date symlink: /home/aajaer/microros_ws/install/rclc/include/rclc/service.h
[1.066s] -- Up-to-date symlink: /home/aajaer/microros_ws/install/rclc/include/rclc/sleep.h
[1.066s] -- Up-to-date symlink: /home/aajaer/microros_ws/install/rclc/include/rclc/subscription.h
[1.066s] -- Up-to-date symlink: /home/aajaer/microros_ws/install/rclc/include/rclc/timer.h
[1.066s] -- Up-to-date symlink: /home/aajaer/microros_ws/install/rclc/include/rclc/types.h
[1.066s] -- Up-to-date symlink: /home/aajaer/microros_ws/install/rclc/include/rclc/visibility_control.h
[1.066s] -- Up-to-date symlink: /home/aajaer/microros_ws/install/rclc/share/rclc/environment/library_path.sh
[1.066s] -- Up-to-date symlink: /home/aajaer/microros_ws/install/rclc/share/rclc/environment/library_path.dsv
[1.066s] -- Up-to-date symlink: /home/aajaer/microros_ws/install/rclc/share/ament_index/resource_index/package_run_dependencies/rclc
[1.067s] -- Up-to-date symlink: /home/aajaer/microros_ws/install/rclc/share/ament_index/resource_index/parent_prefix_path/rclc
[1.067s] -- Up-to-date symlink: /home/aajaer/microros_ws/install/rclc/share/rclc/environment/ament_prefix_path.sh
[1.067s] -- Up-to-date symlink: /home/aajaer/microros_ws/install/rclc/share/rclc/environment/ament_prefix_path.dsv
[1.067s] -- Up-to-date symlink: /home/aajaer/microros_ws/install/rclc/share/rclc/environment/path.sh
[1.067s] -- Up-to-date symlink: /home/aajaer/microros_ws/install/rclc/share/rclc/environment/path.dsv
[1.067s] -- Up-to-date symlink: /home/aajaer/microros_ws/install/rclc/share/rclc/local_setup.bash
[1.067s] -- Up-to-date symlink: /home/aajaer/microros_ws/install/rclc/share/rclc/local_setup.sh
[1.067s] -- Up-to-date symlink: /home/aajaer/microros_ws/install/rclc/share/rclc/local_setup.zsh
[1.068s] -- Up-to-date symlink: /home/aajaer/microros_ws/install/rclc/share/rclc/local_setup.dsv
[1.068s] -- Symlinking: /home/aajaer/microros_ws/install/rclc/share/rclc/package.dsv
[1.070s] -- Up-to-date symlink: /home/aajaer/microros_ws/install/rclc/share/ament_index/resource_index/packages/rclc
[1.070s] -- Up-to-date symlink: /home/aajaer/microros_ws/install/rclc/share/rclc/cmake/ament_cmake_export_include_directories-extras.cmake
[1.071s] -- Up-to-date symlink: /home/aajaer/microros_ws/install/rclc/share/rclc/cmake/ament_cmake_export_libraries-extras.cmake
[1.071s] -- Up-to-date symlink: /home/aajaer/microros_ws/install/rclc/share/rclc/cmake/ament_cmake_export_targets-extras.cmake
[1.071s] -- Up-to-date symlink: /home/aajaer/microros_ws/install/rclc/share/rclc/cmake/ament_cmake_export_dependencies-extras.cmake
[1.071s] -- Up-to-date symlink: /home/aajaer/microros_ws/install/rclc/share/rclc/cmake/rclcConfig.cmake
[1.071s] -- Up-to-date symlink: /home/aajaer/microros_ws/install/rclc/share/rclc/cmake/rclcConfig-version.cmake
[1.071s] -- Up-to-date symlink: /home/aajaer/microros_ws/install/rclc/share/rclc/package.xml
[1.072s] -- Up-to-date: /home/aajaer/microros_ws/install/rclc/lib/librclc.so
[1.072s] -- Up-to-date: /home/aajaer/microros_ws/install/rclc/share/rclc/cmake/rclcExport.cmake
[1.072s] -- Up-to-date: /home/aajaer/microros_ws/install/rclc/share/rclc/cmake/rclcExport-noconfig.cmake
[1.243s] Invoked command in '/home/aajaer/microros_ws/build/rclc' returned '0': CMAKE_PREFIX_PATH=/home/aajaer/microros_ws/install/test_msgs:/home/aajaer/microros_ws/install/example_interfaces:/home/aajaer/microros_ws/install/std_msgs:/home/aajaer/microros_ws/install/action_msgs:/home/aajaer/microros_ws/install/unique_identifier_msgs:/home/aajaer/microros_ws/install/builtin_interfaces:/home/aajaer/microros_ws/install/micro_ros_demos_rclc:/home/aajaer/microros_ws/install/common_interfaces:/home/aajaer/microros_ws/install/visualization_msgs:/home/aajaer/microros_ws/install/trajectory_msgs:/home/aajaer/microros_ws/install/stereo_msgs:/home/aajaer/microros_ws/install/sllidar_ros2:/home/aajaer/microros_ws/install/std_srvs:/home/aajaer/microros_ws/install/shape_msgs:/home/aajaer/microros_ws/install/sensor_msgs:/home/aajaer/microros_ws/install/nav_msgs:/home/aajaer/microros_ws/install/diagnostic_msgs:/home/aajaer/microros_ws/install/geometry_msgs:/home/aajaer/microros_ws/install/actionlib_msgs:/home/aajaer/microros_ws/install/statistics_msgs:/home/aajaer/microros_ws/install/rosidl_typesupport_microxrcedds_test_msg:/home/aajaer/microros_ws/install/rosidl_typesupport_microxrcedds_cpp_tests:/home/aajaer/microros_ws/install/rmw_microxrcedds:/home/aajaer/microros_ws/install/rosidl_typesupport_microxrcedds_cpp:/home/aajaer/microros_ws/install/rosidl_typesupport_microxrcedds_c_tests:/home/aajaer/microros_ws/install/rosidl_typesupport_microxrcedds_c:/home/aajaer/microros_ws/install/rosgraph_msgs:/home/aajaer/microros_ws/install/rclc_parameter:/home/aajaer/microros_ws/install/rclc:/home/aajaer/microros_ws/install/composition_interfaces:/home/aajaer/microros_ws/install/rcl_interfaces:/home/aajaer/microros_ws/install/microxrcedds_client:/home/aajaer/microros_ws/install/microcdr:/home/aajaer/microros_ws/install/micro_ros_utilities:/home/aajaer/microros_ws/install/micro_ros_setup:/home/aajaer/microros_ws/install/micro_ros_agent:/home/aajaer/microros_ws/install/micro_ros_msgs:/home/aajaer/microros_ws/install/lifecycle_msgs:/home/aajaer/microros_ws/install/complex_msgs:/opt/ros/humble:/opt/ros/humble:/home/aajaer/microros_ws/install/sensor_msgs_py:/home/aajaer/microros_ws/install/motor_control_pkg LD_LIBRARY_PATH=/home/aajaer/microros_ws/install/test_msgs/lib:/home/aajaer/microros_ws/install/example_interfaces/lib:/home/aajaer/microros_ws/install/std_msgs/lib:/home/aajaer/microros_ws/install/action_msgs/lib:/home/aajaer/microros_ws/install/unique_identifier_msgs/lib:/home/aajaer/microros_ws/install/builtin_interfaces/lib:/home/aajaer/microros_ws/install/visualization_msgs/lib:/home/aajaer/microros_ws/install/trajectory_msgs/lib:/home/aajaer/microros_ws/install/stereo_msgs/lib:/home/aajaer/microros_ws/install/std_srvs/lib:/home/aajaer/microros_ws/install/shape_msgs/lib:/home/aajaer/microros_ws/install/sensor_msgs/lib:/home/aajaer/microros_ws/install/nav_msgs/lib:/home/aajaer/microros_ws/install/diagnostic_msgs/lib:/home/aajaer/microros_ws/install/geometry_msgs/lib:/home/aajaer/microros_ws/install/actionlib_msgs/lib:/home/aajaer/microros_ws/install/statistics_msgs/lib:/home/aajaer/microros_ws/install/rosidl_typesupport_microxrcedds_test_msg/lib:/home/aajaer/microros_ws/install/rmw_microxrcedds/lib:/home/aajaer/microros_ws/install/rosidl_typesupport_microxrcedds_cpp/lib:/home/aajaer/microros_ws/install/rosidl_typesupport_microxrcedds_c/lib:/home/aajaer/microros_ws/install/rosgraph_msgs/lib:/home/aajaer/microros_ws/install/rclc_parameter/lib:/home/aajaer/microros_ws/install/rclc/lib:/home/aajaer/microros_ws/install/composition_interfaces/lib:/home/aajaer/microros_ws/install/rcl_interfaces/lib:/home/aajaer/microros_ws/install/micro_ros_utilities/lib:/home/aajaer/microros_ws/install/micro_ros_agent/lib:/home/aajaer/microros_ws/install/micro_ros_msgs/lib:/home/aajaer/microros_ws/install/lifecycle_msgs/lib:/home/aajaer/microros_ws/install/complex_msgs/lib:/opt/ros/humble/opt/rviz_ogre_vendor/lib:/opt/ros/humble/lib/aarch64-linux-gnu:/opt/ros/humble/lib /usr/bin/cmake --install /home/aajaer/microros_ws/build/rclc
