[0.093s] Invoking command in '/home/aajaer/microros_ws/build/unique_identifier_msgs': CMAKE_PREFIX_PATH=${CMAKE_PREFIX_PATH}:/home/aajaer/microros_ws/install/sensor_msgs_py:/home/aajaer/microros_ws/install/motor_control_pkg /usr/bin/cmake --build /home/aajaer/microros_ws/build/unique_identifier_msgs -- -j8 -l8
[0.331s] [  2%] Built target unique_identifier_msgs__cpp
[0.370s] [ 10%] Built target unique_identifier_msgs__rosidl_generator_c
[0.379s] [ 10%] Built target ament_cmake_python_symlink_unique_identifier_msgs
[0.561s] [ 17%] Built target unique_identifier_msgs__rosidl_typesupport_fastrtps_cpp
[0.615s] [ 25%] Built target unique_identifier_msgs__rosidl_typesupport_microxrcedds_cpp
[0.635s] [ 33%] Built target unique_identifier_msgs__rosidl_typesupport_cpp
[0.650s] [ 41%] Built target unique_identifier_msgs__rosidl_typesupport_introspection_cpp
[0.779s] [ 48%] Built target unique_identifier_msgs__rosidl_typesupport_introspection_c
[0.807s] [ 56%] Built target unique_identifier_msgs__rosidl_typesupport_microxrcedds_c
[0.808s] [ 64%] Built target unique_identifier_msgs__rosidl_typesupport_fastrtps_c
[0.834s] [ 71%] Built target unique_identifier_msgs__rosidl_typesupport_c
[0.942s] [ 71%] Built target unique_identifier_msgs
[1.080s] [ 74%] Built target unique_identifier_msgs__py
[1.285s] [ 79%] Built target unique_identifier_msgs__rosidl_generator_py
[1.409s] [ 84%] Built target unique_identifier_msgs__rosidl_typesupport_microxrcedds_c__pyext
[1.461s] [ 94%] Built target unique_identifier_msgs__rosidl_typesupport_fastrtps_c__pyext
[1.462s] [ 94%] Built target unique_identifier_msgs__rosidl_typesupport_introspection_c__pyext
[1.473s] [100%] Built target unique_identifier_msgs__rosidl_typesupport_c__pyext
[1.583s] running egg_info
[1.585s] writing unique_identifier_msgs.egg-info/PKG-INFO
[1.586s] writing dependency_links to unique_identifier_msgs.egg-info/dependency_links.txt
[1.587s] writing top-level names to unique_identifier_msgs.egg-info/top_level.txt
[1.593s] reading manifest file 'unique_identifier_msgs.egg-info/SOURCES.txt'
[1.595s] writing manifest file 'unique_identifier_msgs.egg-info/SOURCES.txt'
[1.702s] [100%] Built target ament_cmake_python_build_unique_identifier_msgs_egg
[1.740s] Invoked command in '/home/aajaer/microros_ws/build/unique_identifier_msgs' returned '0': CMAKE_PREFIX_PATH=${CMAKE_PREFIX_PATH}:/home/aajaer/microros_ws/install/sensor_msgs_py:/home/aajaer/microros_ws/install/motor_control_pkg /usr/bin/cmake --build /home/aajaer/microros_ws/build/unique_identifier_msgs -- -j8 -l8
[1.744s] Invoking command in '/home/aajaer/microros_ws/build/unique_identifier_msgs': CMAKE_PREFIX_PATH=${CMAKE_PREFIX_PATH}:/home/aajaer/microros_ws/install/sensor_msgs_py:/home/aajaer/microros_ws/install/motor_control_pkg /usr/bin/cmake --install /home/aajaer/microros_ws/build/unique_identifier_msgs
[1.820s] -- Install configuration: ""
[1.820s] -- Execute custom install script
[1.823s] -- Up-to-date symlink: /home/aajaer/microros_ws/install/unique_identifier_msgs/share/ament_index/resource_index/rosidl_interfaces/unique_identifier_msgs
[1.824s] -- Up-to-date symlink: /home/aajaer/microros_ws/install/unique_identifier_msgs/include/unique_identifier_msgs/unique_identifier_msgs/msg/detail/uuid__functions.h
[1.824s] -- Up-to-date symlink: /home/aajaer/microros_ws/install/unique_identifier_msgs/include/unique_identifier_msgs/unique_identifier_msgs/msg/detail/uuid__struct.h
[1.825s] -- Up-to-date symlink: /home/aajaer/microros_ws/install/unique_identifier_msgs/include/unique_identifier_msgs/unique_identifier_msgs/msg/detail/uuid__type_support.h
[1.825s] -- Up-to-date symlink: /home/aajaer/microros_ws/install/unique_identifier_msgs/include/unique_identifier_msgs/unique_identifier_msgs/msg/rosidl_generator_c__visibility_control.h
[1.825s] -- Up-to-date symlink: /home/aajaer/microros_ws/install/unique_identifier_msgs/include/unique_identifier_msgs/unique_identifier_msgs/msg/uuid.h
[1.825s] -- Up-to-date symlink: /home/aajaer/microros_ws/install/unique_identifier_msgs/share/unique_identifier_msgs/environment/library_path.sh
[1.825s] -- Up-to-date symlink: /home/aajaer/microros_ws/install/unique_identifier_msgs/share/unique_identifier_msgs/environment/library_path.dsv
[1.826s] -- Up-to-date symlink: /home/aajaer/microros_ws/install/unique_identifier_msgs/include/unique_identifier_msgs/msg/detail/uuid__rosidl_typesupport_microxrcedds_c.h
[1.826s] -- Up-to-date symlink: /home/aajaer/microros_ws/install/unique_identifier_msgs/include/unique_identifier_msgs/msg/rosidl_typesupport_microxrcedds_c__visibility_control.h
[1.826s] -- Up-to-date symlink: /home/aajaer/microros_ws/install/unique_identifier_msgs/lib/libunique_identifier_msgs__rosidl_typesupport_microxrcedds_c.a
[1.826s] -- Up-to-date symlink: /home/aajaer/microros_ws/install/unique_identifier_msgs/include/unique_identifier_msgs/unique_identifier_msgs/msg/detail/uuid__rosidl_typesupport_fastrtps_c.h
[1.826s] -- Up-to-date symlink: /home/aajaer/microros_ws/install/unique_identifier_msgs/include/unique_identifier_msgs/unique_identifier_msgs/msg/rosidl_typesupport_fastrtps_c__visibility_control.h
[1.826s] -- Up-to-date symlink: /home/aajaer/microros_ws/install/unique_identifier_msgs/include/unique_identifier_msgs/unique_identifier_msgs/msg/detail/uuid__rosidl_typesupport_introspection_c.h
[1.827s] -- Up-to-date symlink: /home/aajaer/microros_ws/install/unique_identifier_msgs/include/unique_identifier_msgs/unique_identifier_msgs/msg/rosidl_typesupport_introspection_c__visibility_control.h
[1.827s] -- Up-to-date symlink: /home/aajaer/microros_ws/install/unique_identifier_msgs/include/unique_identifier_msgs/unique_identifier_msgs/msg/detail/uuid__builder.hpp
[1.827s] -- Up-to-date symlink: /home/aajaer/microros_ws/install/unique_identifier_msgs/include/unique_identifier_msgs/unique_identifier_msgs/msg/detail/uuid__struct.hpp
[1.827s] -- Up-to-date symlink: /home/aajaer/microros_ws/install/unique_identifier_msgs/include/unique_identifier_msgs/unique_identifier_msgs/msg/detail/uuid__traits.hpp
[1.827s] -- Up-to-date symlink: /home/aajaer/microros_ws/install/unique_identifier_msgs/include/unique_identifier_msgs/unique_identifier_msgs/msg/detail/uuid__type_support.hpp
[1.828s] -- Up-to-date symlink: /home/aajaer/microros_ws/install/unique_identifier_msgs/include/unique_identifier_msgs/unique_identifier_msgs/msg/rosidl_generator_cpp__visibility_control.hpp
[1.828s] -- Up-to-date symlink: /home/aajaer/microros_ws/install/unique_identifier_msgs/include/unique_identifier_msgs/unique_identifier_msgs/msg/uuid.hpp
[1.828s] -- Up-to-date symlink: /home/aajaer/microros_ws/install/unique_identifier_msgs/include/unique_identifier_msgs/msg/detail/microxrcedds/uuid__type_support_cpp.cpp
[1.835s] -- Up-to-date symlink: /home/aajaer/microros_ws/install/unique_identifier_msgs/include/unique_identifier_msgs/msg/detail/uuid__rosidl_typesupport_microxrcedds_cpp.hpp
[1.835s] -- Up-to-date symlink: /home/aajaer/microros_ws/install/unique_identifier_msgs/include/unique_identifier_msgs/msg/rosidl_typesupport_microxrcedds_cpp__visibility_control.h
[1.835s] -- Up-to-date symlink: /home/aajaer/microros_ws/install/unique_identifier_msgs/lib/libunique_identifier_msgs__rosidl_typesupport_microxrcedds_cpp.a
[1.836s] -- Up-to-date symlink: /home/aajaer/microros_ws/install/unique_identifier_msgs/include/unique_identifier_msgs/unique_identifier_msgs/msg/detail/uuid__rosidl_typesupport_fastrtps_cpp.hpp
[1.836s] -- Up-to-date symlink: /home/aajaer/microros_ws/install/unique_identifier_msgs/include/unique_identifier_msgs/unique_identifier_msgs/msg/rosidl_typesupport_fastrtps_cpp__visibility_control.h
[1.837s] -- Up-to-date symlink: /home/aajaer/microros_ws/install/unique_identifier_msgs/include/unique_identifier_msgs/unique_identifier_msgs/msg/detail/uuid__rosidl_typesupport_introspection_cpp.hpp
[1.837s] -- Up-to-date symlink: /home/aajaer/microros_ws/install/unique_identifier_msgs/share/unique_identifier_msgs/environment/pythonpath.sh
[1.838s] -- Up-to-date symlink: /home/aajaer/microros_ws/install/unique_identifier_msgs/share/unique_identifier_msgs/environment/pythonpath.dsv
[1.838s] -- Up-to-date symlink: /home/aajaer/microros_ws/install/unique_identifier_msgs/local/lib/python3.10/dist-packages/unique_identifier_msgs-2.2.1-py3.10.egg-info/PKG-INFO
[1.838s] -- Up-to-date symlink: /home/aajaer/microros_ws/install/unique_identifier_msgs/local/lib/python3.10/dist-packages/unique_identifier_msgs-2.2.1-py3.10.egg-info/SOURCES.txt
[1.838s] -- Up-to-date symlink: /home/aajaer/microros_ws/install/unique_identifier_msgs/local/lib/python3.10/dist-packages/unique_identifier_msgs-2.2.1-py3.10.egg-info/dependency_links.txt
[1.839s] -- Up-to-date symlink: /home/aajaer/microros_ws/install/unique_identifier_msgs/local/lib/python3.10/dist-packages/unique_identifier_msgs-2.2.1-py3.10.egg-info/top_level.txt
[1.839s] -- Up-to-date symlink: /home/aajaer/microros_ws/install/unique_identifier_msgs/local/lib/python3.10/dist-packages/unique_identifier_msgs/__init__.py
[1.840s] -- Up-to-date symlink: /home/aajaer/microros_ws/install/unique_identifier_msgs/local/lib/python3.10/dist-packages/unique_identifier_msgs/_unique_identifier_msgs_s.ep.rosidl_typesupport_c.c
[1.840s] -- Up-to-date symlink: /home/aajaer/microros_ws/install/unique_identifier_msgs/local/lib/python3.10/dist-packages/unique_identifier_msgs/_unique_identifier_msgs_s.ep.rosidl_typesupport_fastrtps_c.c
[1.840s] -- Up-to-date symlink: /home/aajaer/microros_ws/install/unique_identifier_msgs/local/lib/python3.10/dist-packages/unique_identifier_msgs/_unique_identifier_msgs_s.ep.rosidl_typesupport_introspection_c.c
[1.841s] -- Up-to-date symlink: /home/aajaer/microros_ws/install/unique_identifier_msgs/local/lib/python3.10/dist-packages/unique_identifier_msgs/_unique_identifier_msgs_s.ep.rosidl_typesupport_microxrcedds_c.c
[1.843s] -- Up-to-date symlink: /home/aajaer/microros_ws/install/unique_identifier_msgs/local/lib/python3.10/dist-packages/unique_identifier_msgs/libunique_identifier_msgs__rosidl_generator_py.so
[1.844s] -- Up-to-date symlink: /home/aajaer/microros_ws/install/unique_identifier_msgs/local/lib/python3.10/dist-packages/unique_identifier_msgs/msg/__init__.py
[1.844s] -- Up-to-date symlink: /home/aajaer/microros_ws/install/unique_identifier_msgs/local/lib/python3.10/dist-packages/unique_identifier_msgs/msg/_uuid.py
[1.844s] -- Up-to-date symlink: /home/aajaer/microros_ws/install/unique_identifier_msgs/local/lib/python3.10/dist-packages/unique_identifier_msgs/msg/_uuid_s.c
[1.844s] -- Up-to-date symlink: /home/aajaer/microros_ws/install/unique_identifier_msgs/local/lib/python3.10/dist-packages/unique_identifier_msgs/unique_identifier_msgs_s__rosidl_typesupport_c.cpython-310-aarch64-linux-gnu.so
[1.844s] -- Up-to-date symlink: /home/aajaer/microros_ws/install/unique_identifier_msgs/local/lib/python3.10/dist-packages/unique_identifier_msgs/unique_identifier_msgs_s__rosidl_typesupport_fastrtps_c.cpython-310-aarch64-linux-gnu.so
[1.844s] -- Up-to-date symlink: /home/aajaer/microros_ws/install/unique_identifier_msgs/local/lib/python3.10/dist-packages/unique_identifier_msgs/unique_identifier_msgs_s__rosidl_typesupport_introspection_c.cpython-310-aarch64-linux-gnu.so
[1.844s] -- Up-to-date symlink: /home/aajaer/microros_ws/install/unique_identifier_msgs/local/lib/python3.10/dist-packages/unique_identifier_msgs/unique_identifier_msgs_s__rosidl_typesupport_microxrcedds_c.cpython-310-aarch64-linux-gnu.so
[1.845s] -- Up-to-date symlink: /home/aajaer/microros_ws/install/unique_identifier_msgs/local/lib/python3.10/dist-packages/unique_identifier_msgs/unique_identifier_msgs_s__rosidl_typesupport_microxrcedds_c.cpython-310-aarch64-linux-gnu.so
[1.845s] -- Up-to-date symlink: /home/aajaer/microros_ws/install/unique_identifier_msgs/local/lib/python3.10/dist-packages/unique_identifier_msgs/unique_identifier_msgs_s__rosidl_typesupport_fastrtps_c.cpython-310-aarch64-linux-gnu.so
[1.845s] -- Up-to-date symlink: /home/aajaer/microros_ws/install/unique_identifier_msgs/local/lib/python3.10/dist-packages/unique_identifier_msgs/unique_identifier_msgs_s__rosidl_typesupport_introspection_c.cpython-310-aarch64-linux-gnu.so
[1.845s] -- Up-to-date symlink: /home/aajaer/microros_ws/install/unique_identifier_msgs/local/lib/python3.10/dist-packages/unique_identifier_msgs/unique_identifier_msgs_s__rosidl_typesupport_c.cpython-310-aarch64-linux-gnu.so
[1.845s] -- Up-to-date symlink: /home/aajaer/microros_ws/install/unique_identifier_msgs/share/unique_identifier_msgs/msg/UUID.idl
[1.845s] -- Up-to-date symlink: /home/aajaer/microros_ws/install/unique_identifier_msgs/share/unique_identifier_msgs/msg/UUID.msg
[1.846s] -- Up-to-date symlink: /home/aajaer/microros_ws/install/unique_identifier_msgs/share/ament_index/resource_index/package_run_dependencies/unique_identifier_msgs
[1.851s] -- Up-to-date symlink: /home/aajaer/microros_ws/install/unique_identifier_msgs/share/ament_index/resource_index/parent_prefix_path/unique_identifier_msgs
[1.852s] -- Up-to-date symlink: /home/aajaer/microros_ws/install/unique_identifier_msgs/share/unique_identifier_msgs/environment/ament_prefix_path.sh
[1.852s] -- Up-to-date symlink: /home/aajaer/microros_ws/install/unique_identifier_msgs/share/unique_identifier_msgs/environment/ament_prefix_path.dsv
[1.852s] -- Up-to-date symlink: /home/aajaer/microros_ws/install/unique_identifier_msgs/share/unique_identifier_msgs/environment/path.sh
[1.852s] -- Up-to-date symlink: /home/aajaer/microros_ws/install/unique_identifier_msgs/share/unique_identifier_msgs/environment/path.dsv
[1.853s] -- Up-to-date symlink: /home/aajaer/microros_ws/install/unique_identifier_msgs/share/unique_identifier_msgs/local_setup.bash
[1.853s] -- Up-to-date symlink: /home/aajaer/microros_ws/install/unique_identifier_msgs/share/unique_identifier_msgs/local_setup.sh
[1.853s] -- Up-to-date symlink: /home/aajaer/microros_ws/install/unique_identifier_msgs/share/unique_identifier_msgs/local_setup.zsh
[1.854s] -- Up-to-date symlink: /home/aajaer/microros_ws/install/unique_identifier_msgs/share/unique_identifier_msgs/local_setup.dsv
[1.854s] -- Symlinking: /home/aajaer/microros_ws/install/unique_identifier_msgs/share/unique_identifier_msgs/package.dsv
[1.862s] -- Up-to-date symlink: /home/aajaer/microros_ws/install/unique_identifier_msgs/share/ament_index/resource_index/packages/unique_identifier_msgs
[1.862s] -- Up-to-date symlink: /home/aajaer/microros_ws/install/unique_identifier_msgs/share/unique_identifier_msgs/cmake/rosidl_cmake-extras.cmake
[1.862s] -- Up-to-date symlink: /home/aajaer/microros_ws/install/unique_identifier_msgs/share/unique_identifier_msgs/cmake/ament_cmake_export_include_directories-extras.cmake
[1.862s] -- Up-to-date symlink: /home/aajaer/microros_ws/install/unique_identifier_msgs/share/unique_identifier_msgs/cmake/ament_cmake_export_libraries-extras.cmake
[1.863s] -- Up-to-date symlink: /home/aajaer/microros_ws/install/unique_identifier_msgs/share/unique_identifier_msgs/cmake/ament_cmake_export_targets-extras.cmake
[1.863s] -- Up-to-date symlink: /home/aajaer/microros_ws/install/unique_identifier_msgs/share/unique_identifier_msgs/cmake/rosidl_cmake_export_typesupport_targets-extras.cmake
[1.863s] -- Up-to-date symlink: /home/aajaer/microros_ws/install/unique_identifier_msgs/share/unique_identifier_msgs/cmake/ament_cmake_export_dependencies-extras.cmake
[1.865s] -- Up-to-date symlink: /home/aajaer/microros_ws/install/unique_identifier_msgs/share/unique_identifier_msgs/cmake/rosidl_cmake_export_typesupport_libraries-extras.cmake
[1.865s] -- Up-to-date symlink: /home/aajaer/microros_ws/install/unique_identifier_msgs/share/unique_identifier_msgs/cmake/unique_identifier_msgsConfig.cmake
[1.865s] -- Up-to-date symlink: /home/aajaer/microros_ws/install/unique_identifier_msgs/share/unique_identifier_msgs/cmake/unique_identifier_msgsConfig-version.cmake
[1.866s] -- Up-to-date symlink: /home/aajaer/microros_ws/install/unique_identifier_msgs/share/unique_identifier_msgs/package.xml
[1.866s] -- Up-to-date symlink: /home/aajaer/microros_ws/install/unique_identifier_msgs/share/unique_identifier_msgs/mapping_rules.yaml
[1.867s] -- Up-to-date: /home/aajaer/microros_ws/install/unique_identifier_msgs/lib/libunique_identifier_msgs__rosidl_generator_c.so
[1.868s] -- Up-to-date: /home/aajaer/microros_ws/install/unique_identifier_msgs/lib/libunique_identifier_msgs__rosidl_typesupport_fastrtps_c.so
[1.868s] -- Up-to-date: /home/aajaer/microros_ws/install/unique_identifier_msgs/lib/libunique_identifier_msgs__rosidl_typesupport_introspection_c.so
[1.868s] -- Up-to-date: /home/aajaer/microros_ws/install/unique_identifier_msgs/lib/libunique_identifier_msgs__rosidl_typesupport_c.so
[1.868s] -- Up-to-date: /home/aajaer/microros_ws/install/unique_identifier_msgs/lib/libunique_identifier_msgs__rosidl_typesupport_fastrtps_cpp.so
[1.869s] -- Up-to-date: /home/aajaer/microros_ws/install/unique_identifier_msgs/lib/libunique_identifier_msgs__rosidl_typesupport_introspection_cpp.so
[1.869s] -- Up-to-date: /home/aajaer/microros_ws/install/unique_identifier_msgs/lib/libunique_identifier_msgs__rosidl_typesupport_cpp.so
[1.934s] Listing '/home/aajaer/microros_ws/install/unique_identifier_msgs/local/lib/python3.10/dist-packages/unique_identifier_msgs'...
[1.935s] Listing '/home/aajaer/microros_ws/install/unique_identifier_msgs/local/lib/python3.10/dist-packages/unique_identifier_msgs/msg'...
[1.948s] -- Up-to-date: /home/aajaer/microros_ws/install/unique_identifier_msgs/lib/libunique_identifier_msgs__rosidl_generator_py.so
[1.948s] -- Up-to-date: /home/aajaer/microros_ws/install/unique_identifier_msgs/share/unique_identifier_msgs/cmake/export_unique_identifier_msgs__rosidl_generator_cExport.cmake
[1.948s] -- Up-to-date: /home/aajaer/microros_ws/install/unique_identifier_msgs/share/unique_identifier_msgs/cmake/export_unique_identifier_msgs__rosidl_generator_cExport-noconfig.cmake
[1.948s] -- Up-to-date: /home/aajaer/microros_ws/install/unique_identifier_msgs/share/unique_identifier_msgs/cmake/export_unique_identifier_msgs__rosidl_typesupport_fastrtps_cExport.cmake
[1.948s] -- Up-to-date: /home/aajaer/microros_ws/install/unique_identifier_msgs/share/unique_identifier_msgs/cmake/export_unique_identifier_msgs__rosidl_typesupport_fastrtps_cExport-noconfig.cmake
[1.949s] -- Up-to-date: /home/aajaer/microros_ws/install/unique_identifier_msgs/share/unique_identifier_msgs/cmake/unique_identifier_msgs__rosidl_typesupport_introspection_cExport.cmake
[1.949s] -- Up-to-date: /home/aajaer/microros_ws/install/unique_identifier_msgs/share/unique_identifier_msgs/cmake/unique_identifier_msgs__rosidl_typesupport_introspection_cExport-noconfig.cmake
[1.949s] -- Up-to-date: /home/aajaer/microros_ws/install/unique_identifier_msgs/share/unique_identifier_msgs/cmake/unique_identifier_msgs__rosidl_typesupport_cExport.cmake
[1.949s] -- Up-to-date: /home/aajaer/microros_ws/install/unique_identifier_msgs/share/unique_identifier_msgs/cmake/unique_identifier_msgs__rosidl_typesupport_cExport-noconfig.cmake
[1.949s] -- Up-to-date: /home/aajaer/microros_ws/install/unique_identifier_msgs/share/unique_identifier_msgs/cmake/export_unique_identifier_msgs__rosidl_generator_cppExport.cmake
[1.950s] -- Up-to-date: /home/aajaer/microros_ws/install/unique_identifier_msgs/share/unique_identifier_msgs/cmake/export_unique_identifier_msgs__rosidl_typesupport_fastrtps_cppExport.cmake
[1.950s] -- Up-to-date: /home/aajaer/microros_ws/install/unique_identifier_msgs/share/unique_identifier_msgs/cmake/export_unique_identifier_msgs__rosidl_typesupport_fastrtps_cppExport-noconfig.cmake
[1.950s] -- Up-to-date: /home/aajaer/microros_ws/install/unique_identifier_msgs/share/unique_identifier_msgs/cmake/unique_identifier_msgs__rosidl_typesupport_introspection_cppExport.cmake
[1.950s] -- Up-to-date: /home/aajaer/microros_ws/install/unique_identifier_msgs/share/unique_identifier_msgs/cmake/unique_identifier_msgs__rosidl_typesupport_introspection_cppExport-noconfig.cmake
[1.950s] -- Up-to-date: /home/aajaer/microros_ws/install/unique_identifier_msgs/share/unique_identifier_msgs/cmake/unique_identifier_msgs__rosidl_typesupport_cppExport.cmake
[1.950s] -- Up-to-date: /home/aajaer/microros_ws/install/unique_identifier_msgs/share/unique_identifier_msgs/cmake/unique_identifier_msgs__rosidl_typesupport_cppExport-noconfig.cmake
[1.951s] -- Up-to-date: /home/aajaer/microros_ws/install/unique_identifier_msgs/share/unique_identifier_msgs/cmake/export_unique_identifier_msgs__rosidl_generator_pyExport.cmake
[1.951s] -- Up-to-date: /home/aajaer/microros_ws/install/unique_identifier_msgs/share/unique_identifier_msgs/cmake/export_unique_identifier_msgs__rosidl_generator_pyExport-noconfig.cmake
[1.958s] Invoked command in '/home/aajaer/microros_ws/build/unique_identifier_msgs' returned '0': CMAKE_PREFIX_PATH=${CMAKE_PREFIX_PATH}:/home/aajaer/microros_ws/install/sensor_msgs_py:/home/aajaer/microros_ws/install/motor_control_pkg /usr/bin/cmake --install /home/aajaer/microros_ws/build/unique_identifier_msgs
