[0.070s] Invoking command in '/home/aajaer/microros_ws/build/microxrcedds_client': CMAKE_PREFIX_PATH=/home/aajaer/microros_ws/install/microcdr:/home/aajaer/microros_ws/install/micro_ros_demos_rclc:/home/aajaer/microros_ws/install/common_interfaces:/home/aajaer/microros_ws/install/visualization_msgs:/home/aajaer/microros_ws/install/test_msgs:/home/aajaer/microros_ws/install/example_interfaces:/home/aajaer/microros_ws/install/action_msgs:/home/aajaer/microros_ws/install/unique_identifier_msgs:/home/aajaer/microros_ws/install/trajectory_msgs:/home/aajaer/microros_ws/install/stereo_msgs:/home/aajaer/microros_ws/install/sllidar_ros2:/home/aajaer/microros_ws/install/std_srvs:/home/aajaer/microros_ws/install/shape_msgs:/home/aajaer/microros_ws/install/sensor_msgs:/home/aajaer/microros_ws/install/nav_msgs:/home/aajaer/microros_ws/install/diagnostic_msgs:/home/aajaer/microros_ws/install/geometry_msgs:/home/aajaer/microros_ws/install/actionlib_msgs:/home/aajaer/microros_ws/install/std_msgs:/home/aajaer/microros_ws/install/statistics_msgs:/home/aajaer/microros_ws/install/rosidl_typesupport_microxrcedds_test_msg:/home/aajaer/microros_ws/install/rosidl_typesupport_microxrcedds_cpp_tests:/home/aajaer/microros_ws/install/rmw_microxrcedds:/home/aajaer/microros_ws/install/rosidl_typesupport_microxrcedds_cpp:/home/aajaer/microros_ws/install/rosidl_typesupport_microxrcedds_c_tests:/home/aajaer/microros_ws/install/rosidl_typesupport_microxrcedds_c:/home/aajaer/microros_ws/install/rosgraph_msgs:/home/aajaer/microros_ws/install/rclc_parameter:/home/aajaer/microros_ws/install/rclc:/home/aajaer/microros_ws/install/composition_interfaces:/home/aajaer/microros_ws/install/rcl_interfaces:/home/aajaer/microros_ws/install/microxrcedds_client:/home/aajaer/microros_ws/install/micro_ros_utilities:/home/aajaer/microros_ws/install/micro_ros_setup:/home/aajaer/microros_ws/install/micro_ros_agent:/home/aajaer/microros_ws/install/micro_ros_msgs:/home/aajaer/microros_ws/install/lifecycle_msgs:/home/aajaer/microros_ws/install/complex_msgs:/home/aajaer/microros_ws/install/builtin_interfaces:/opt/ros/humble:/opt/ros/humble /usr/bin/cmake --build /home/aajaer/microros_ws/build/microxrcedds_client -- -j8 -l8
[0.698s] [100%] Built target microxrcedds_client
[0.711s] Invoked command in '/home/aajaer/microros_ws/build/microxrcedds_client' returned '0': CMAKE_PREFIX_PATH=/home/aajaer/microros_ws/install/microcdr:/home/aajaer/microros_ws/install/micro_ros_demos_rclc:/home/aajaer/microros_ws/install/common_interfaces:/home/aajaer/microros_ws/install/visualization_msgs:/home/aajaer/microros_ws/install/test_msgs:/home/aajaer/microros_ws/install/example_interfaces:/home/aajaer/microros_ws/install/action_msgs:/home/aajaer/microros_ws/install/unique_identifier_msgs:/home/aajaer/microros_ws/install/trajectory_msgs:/home/aajaer/microros_ws/install/stereo_msgs:/home/aajaer/microros_ws/install/sllidar_ros2:/home/aajaer/microros_ws/install/std_srvs:/home/aajaer/microros_ws/install/shape_msgs:/home/aajaer/microros_ws/install/sensor_msgs:/home/aajaer/microros_ws/install/nav_msgs:/home/aajaer/microros_ws/install/diagnostic_msgs:/home/aajaer/microros_ws/install/geometry_msgs:/home/aajaer/microros_ws/install/actionlib_msgs:/home/aajaer/microros_ws/install/std_msgs:/home/aajaer/microros_ws/install/statistics_msgs:/home/aajaer/microros_ws/install/rosidl_typesupport_microxrcedds_test_msg:/home/aajaer/microros_ws/install/rosidl_typesupport_microxrcedds_cpp_tests:/home/aajaer/microros_ws/install/rmw_microxrcedds:/home/aajaer/microros_ws/install/rosidl_typesupport_microxrcedds_cpp:/home/aajaer/microros_ws/install/rosidl_typesupport_microxrcedds_c_tests:/home/aajaer/microros_ws/install/rosidl_typesupport_microxrcedds_c:/home/aajaer/microros_ws/install/rosgraph_msgs:/home/aajaer/microros_ws/install/rclc_parameter:/home/aajaer/microros_ws/install/rclc:/home/aajaer/microros_ws/install/composition_interfaces:/home/aajaer/microros_ws/install/rcl_interfaces:/home/aajaer/microros_ws/install/microxrcedds_client:/home/aajaer/microros_ws/install/micro_ros_utilities:/home/aajaer/microros_ws/install/micro_ros_setup:/home/aajaer/microros_ws/install/micro_ros_agent:/home/aajaer/microros_ws/install/micro_ros_msgs:/home/aajaer/microros_ws/install/lifecycle_msgs:/home/aajaer/microros_ws/install/complex_msgs:/home/aajaer/microros_ws/install/builtin_interfaces:/opt/ros/humble:/opt/ros/humble /usr/bin/cmake --build /home/aajaer/microros_ws/build/microxrcedds_client -- -j8 -l8
[0.715s] Invoking command in '/home/aajaer/microros_ws/build/microxrcedds_client': CMAKE_PREFIX_PATH=/home/aajaer/microros_ws/install/microcdr:/home/aajaer/microros_ws/install/micro_ros_demos_rclc:/home/aajaer/microros_ws/install/common_interfaces:/home/aajaer/microros_ws/install/visualization_msgs:/home/aajaer/microros_ws/install/test_msgs:/home/aajaer/microros_ws/install/example_interfaces:/home/aajaer/microros_ws/install/action_msgs:/home/aajaer/microros_ws/install/unique_identifier_msgs:/home/aajaer/microros_ws/install/trajectory_msgs:/home/aajaer/microros_ws/install/stereo_msgs:/home/aajaer/microros_ws/install/sllidar_ros2:/home/aajaer/microros_ws/install/std_srvs:/home/aajaer/microros_ws/install/shape_msgs:/home/aajaer/microros_ws/install/sensor_msgs:/home/aajaer/microros_ws/install/nav_msgs:/home/aajaer/microros_ws/install/diagnostic_msgs:/home/aajaer/microros_ws/install/geometry_msgs:/home/aajaer/microros_ws/install/actionlib_msgs:/home/aajaer/microros_ws/install/std_msgs:/home/aajaer/microros_ws/install/statistics_msgs:/home/aajaer/microros_ws/install/rosidl_typesupport_microxrcedds_test_msg:/home/aajaer/microros_ws/install/rosidl_typesupport_microxrcedds_cpp_tests:/home/aajaer/microros_ws/install/rmw_microxrcedds:/home/aajaer/microros_ws/install/rosidl_typesupport_microxrcedds_cpp:/home/aajaer/microros_ws/install/rosidl_typesupport_microxrcedds_c_tests:/home/aajaer/microros_ws/install/rosidl_typesupport_microxrcedds_c:/home/aajaer/microros_ws/install/rosgraph_msgs:/home/aajaer/microros_ws/install/rclc_parameter:/home/aajaer/microros_ws/install/rclc:/home/aajaer/microros_ws/install/composition_interfaces:/home/aajaer/microros_ws/install/rcl_interfaces:/home/aajaer/microros_ws/install/microxrcedds_client:/home/aajaer/microros_ws/install/micro_ros_utilities:/home/aajaer/microros_ws/install/micro_ros_setup:/home/aajaer/microros_ws/install/micro_ros_agent:/home/aajaer/microros_ws/install/micro_ros_msgs:/home/aajaer/microros_ws/install/lifecycle_msgs:/home/aajaer/microros_ws/install/complex_msgs:/home/aajaer/microros_ws/install/builtin_interfaces:/opt/ros/humble:/opt/ros/humble /usr/bin/cmake --install /home/aajaer/microros_ws/build/microxrcedds_client
[0.777s] -- Install configuration: "Release"
[0.778s] -- Up-to-date: /home/aajaer/microros_ws/install/microxrcedds_client/lib/libmicroxrcedds_client.a
[0.779s] -- Up-to-date: /home/aajaer/microros_ws/install/microxrcedds_client/include/uxr/client
[0.779s] -- Up-to-date: /home/aajaer/microros_ws/install/microxrcedds_client/include/uxr/client/profile
[0.780s] -- Up-to-date: /home/aajaer/microros_ws/install/microxrcedds_client/include/uxr/client/profile/multithread
[0.781s] -- Up-to-date: /home/aajaer/microros_ws/install/microxrcedds_client/include/uxr/client/profile/multithread/multithread.h
[0.781s] -- Up-to-date: /home/aajaer/microros_ws/install/microxrcedds_client/include/uxr/client/profile/transport
[0.782s] -- Up-to-date: /home/aajaer/microros_ws/install/microxrcedds_client/include/uxr/client/profile/transport/serial
[0.783s] -- Up-to-date: /home/aajaer/microros_ws/install/microxrcedds_client/include/uxr/client/profile/transport/serial/serial_transport_rtems_bsd_net.h
[0.783s] -- Up-to-date: /home/aajaer/microros_ws/install/microxrcedds_client/include/uxr/client/profile/transport/serial/serial_transport.h
[0.784s] -- Up-to-date: /home/aajaer/microros_ws/install/microxrcedds_client/include/uxr/client/profile/transport/serial/serial_transport_posix.h
[0.785s] -- Up-to-date: /home/aajaer/microros_ws/install/microxrcedds_client/include/uxr/client/profile/transport/serial/serial_transport_platform.h
[0.787s] -- Up-to-date: /home/aajaer/microros_ws/install/microxrcedds_client/include/uxr/client/profile/transport/stream_framing
[0.804s] -- Up-to-date: /home/aajaer/microros_ws/install/microxrcedds_client/include/uxr/client/profile/transport/stream_framing/stream_framing_protocol.h
[0.806s] -- Up-to-date: /home/aajaer/microros_ws/install/microxrcedds_client/include/uxr/client/profile/transport/can
[0.808s] -- Up-to-date: /home/aajaer/microros_ws/install/microxrcedds_client/include/uxr/client/profile/transport/can/can_transport_posix.h
[0.810s] -- Up-to-date: /home/aajaer/microros_ws/install/microxrcedds_client/include/uxr/client/profile/transport/can/can_transport.h
[0.813s] -- Up-to-date: /home/aajaer/microros_ws/install/microxrcedds_client/include/uxr/client/profile/transport/ip
[0.814s] -- Up-to-date: /home/aajaer/microros_ws/install/microxrcedds_client/include/uxr/client/profile/transport/ip/udp
[0.814s] -- Up-to-date: /home/aajaer/microros_ws/install/microxrcedds_client/include/uxr/client/profile/transport/ip/udp/udp_transport_freertos_plus_tcp.h
[0.815s] -- Up-to-date: /home/aajaer/microros_ws/install/microxrcedds_client/include/uxr/client/profile/transport/ip/udp/udp_transport_windows.h
[0.815s] -- Up-to-date: /home/aajaer/microros_ws/install/microxrcedds_client/include/uxr/client/profile/transport/ip/udp/udp_transport_posix_nopoll.h
[0.816s] -- Up-to-date: /home/aajaer/microros_ws/install/microxrcedds_client/include/uxr/client/profile/transport/ip/udp/udp_transport_rtems_bsd_net.h
[0.817s] -- Up-to-date: /home/aajaer/microros_ws/install/microxrcedds_client/include/uxr/client/profile/transport/ip/udp/udp_transport_posix.h
[0.819s] -- Up-to-date: /home/aajaer/microros_ws/install/microxrcedds_client/include/uxr/client/profile/transport/ip/udp/udp_transport.h
[0.820s] -- Up-to-date: /home/aajaer/microros_ws/install/microxrcedds_client/include/uxr/client/profile/transport/ip/tcp
[0.826s] -- Up-to-date: /home/aajaer/microros_ws/install/microxrcedds_client/include/uxr/client/profile/transport/ip/tcp/tcp_transport_rtems_bsd_net.h
[0.827s] -- Up-to-date: /home/aajaer/microros_ws/install/microxrcedds_client/include/uxr/client/profile/transport/ip/tcp/tcp_transport.h
[0.827s] -- Up-to-date: /home/aajaer/microros_ws/install/microxrcedds_client/include/uxr/client/profile/transport/ip/tcp/tcp_transport_freertos_plus_tcp.h
[0.827s] -- Up-to-date: /home/aajaer/microros_ws/install/microxrcedds_client/include/uxr/client/profile/transport/ip/tcp/tcp_transport_posix_nopoll.h
[0.827s] -- Up-to-date: /home/aajaer/microros_ws/install/microxrcedds_client/include/uxr/client/profile/transport/ip/tcp/tcp_transport_windows.h
[0.828s] -- Up-to-date: /home/aajaer/microros_ws/install/microxrcedds_client/include/uxr/client/profile/transport/ip/tcp/tcp_transport_posix.h
[0.828s] -- Up-to-date: /home/aajaer/microros_ws/install/microxrcedds_client/include/uxr/client/profile/transport/ip/ip.h
[0.828s] -- Up-to-date: /home/aajaer/microros_ws/install/microxrcedds_client/include/uxr/client/profile/transport/custom
[0.828s] -- Up-to-date: /home/aajaer/microros_ws/install/microxrcedds_client/include/uxr/client/profile/transport/custom/custom_transport.h
[0.828s] -- Up-to-date: /home/aajaer/microros_ws/install/microxrcedds_client/include/uxr/client/profile/discovery
[0.829s] -- Up-to-date: /home/aajaer/microros_ws/install/microxrcedds_client/include/uxr/client/profile/discovery/discovery.h
[0.829s] -- Up-to-date: /home/aajaer/microros_ws/install/microxrcedds_client/include/uxr/client/defines.h
[0.829s] -- Up-to-date: /home/aajaer/microros_ws/install/microxrcedds_client/include/uxr/client/core
[0.829s] -- Up-to-date: /home/aajaer/microros_ws/install/microxrcedds_client/include/uxr/client/core/type
[0.829s] -- Up-to-date: /home/aajaer/microros_ws/install/microxrcedds_client/include/uxr/client/core/type/xrce_types.h
[0.830s] -- Up-to-date: /home/aajaer/microros_ws/install/microxrcedds_client/include/uxr/client/core/communication
[0.830s] -- Up-to-date: /home/aajaer/microros_ws/install/microxrcedds_client/include/uxr/client/core/communication/communication.h
[0.830s] -- Up-to-date: /home/aajaer/microros_ws/install/microxrcedds_client/include/uxr/client/core/session
[0.830s] -- Up-to-date: /home/aajaer/microros_ws/install/microxrcedds_client/include/uxr/client/core/session/write_access.h
[0.830s] -- Up-to-date: /home/aajaer/microros_ws/install/microxrcedds_client/include/uxr/client/core/session/create_entities_ref.h
[0.831s] -- Up-to-date: /home/aajaer/microros_ws/install/microxrcedds_client/include/uxr/client/core/session/create_entities_bin.h
[0.831s] -- Up-to-date: /home/aajaer/microros_ws/install/microxrcedds_client/include/uxr/client/core/session/read_access.h
[0.831s] -- Up-to-date: /home/aajaer/microros_ws/install/microxrcedds_client/include/uxr/client/core/session/session_info.h
[0.831s] -- Up-to-date: /home/aajaer/microros_ws/install/microxrcedds_client/include/uxr/client/core/session/common_create_entities.h
[0.832s] -- Up-to-date: /home/aajaer/microros_ws/install/microxrcedds_client/include/uxr/client/core/session/stream
[0.832s] -- Up-to-date: /home/aajaer/microros_ws/install/microxrcedds_client/include/uxr/client/core/session/stream/reliable_stream.h
[0.832s] -- Up-to-date: /home/aajaer/microros_ws/install/microxrcedds_client/include/uxr/client/core/session/stream/stream_id.h
[0.832s] -- Up-to-date: /home/aajaer/microros_ws/install/microxrcedds_client/include/uxr/client/core/session/stream/seq_num.h
[0.832s] -- Up-to-date: /home/aajaer/microros_ws/install/microxrcedds_client/include/uxr/client/core/session/stream/output_reliable_stream.h
[0.832s] -- Up-to-date: /home/aajaer/microros_ws/install/microxrcedds_client/include/uxr/client/core/session/stream/input_reliable_stream.h
[0.832s] -- Up-to-date: /home/aajaer/microros_ws/install/microxrcedds_client/include/uxr/client/core/session/stream/output_best_effort_stream.h
[0.833s] -- Up-to-date: /home/aajaer/microros_ws/install/microxrcedds_client/include/uxr/client/core/session/stream/input_best_effort_stream.h
[0.833s] -- Up-to-date: /home/aajaer/microros_ws/install/microxrcedds_client/include/uxr/client/core/session/stream/stream_storage.h
[0.833s] -- Up-to-date: /home/aajaer/microros_ws/install/microxrcedds_client/include/uxr/client/core/session/session.h
[0.833s] -- Up-to-date: /home/aajaer/microros_ws/install/microxrcedds_client/include/uxr/client/core/session/create_entities_xml.h
[0.835s] -- Up-to-date: /home/aajaer/microros_ws/install/microxrcedds_client/include/uxr/client/core/session/time_sync.h
[0.835s] -- Up-to-date: /home/aajaer/microros_ws/install/microxrcedds_client/include/uxr/client/core/session/object_id.h
[0.835s] -- Up-to-date: /home/aajaer/microros_ws/install/microxrcedds_client/include/uxr/client/client.h
[0.835s] -- Up-to-date: /home/aajaer/microros_ws/install/microxrcedds_client/include/uxr/client/util
[0.835s] -- Up-to-date: /home/aajaer/microros_ws/install/microxrcedds_client/include/uxr/client/util/time.h
[0.836s] -- Up-to-date: /home/aajaer/microros_ws/install/microxrcedds_client/include/uxr/client/util/ping.h
[0.840s] -- Up-to-date: /home/aajaer/microros_ws/install/microxrcedds_client/include/uxr/client/visibility.h
[0.841s] -- Up-to-date: /home/aajaer/microros_ws/install/microxrcedds_client/include/uxr/client/transport.h
[0.841s] -- Up-to-date: /home/aajaer/microros_ws/install/microxrcedds_client/include/uxr/client/config.h
[0.841s] -- Up-to-date: /home/aajaer/microros_ws/install/microxrcedds_client/share/microxrcedds_client/cmake/microxrcedds_clientTargets.cmake
[0.841s] -- Up-to-date: /home/aajaer/microros_ws/install/microxrcedds_client/share/microxrcedds_client/cmake/microxrcedds_clientTargets-release.cmake
[0.841s] -- Up-to-date: /home/aajaer/microros_ws/install/microxrcedds_client/share/microxrcedds_client/cmake/microxrcedds_clientConfig.cmake
[0.842s] -- Up-to-date: /home/aajaer/microros_ws/install/microxrcedds_client/share/microxrcedds_client/cmake/microxrcedds_clientConfigVersion.cmake
[0.848s] Invoked command in '/home/aajaer/microros_ws/build/microxrcedds_client' returned '0': CMAKE_PREFIX_PATH=/home/aajaer/microros_ws/install/microcdr:/home/aajaer/microros_ws/install/micro_ros_demos_rclc:/home/aajaer/microros_ws/install/common_interfaces:/home/aajaer/microros_ws/install/visualization_msgs:/home/aajaer/microros_ws/install/test_msgs:/home/aajaer/microros_ws/install/example_interfaces:/home/aajaer/microros_ws/install/action_msgs:/home/aajaer/microros_ws/install/unique_identifier_msgs:/home/aajaer/microros_ws/install/trajectory_msgs:/home/aajaer/microros_ws/install/stereo_msgs:/home/aajaer/microros_ws/install/sllidar_ros2:/home/aajaer/microros_ws/install/std_srvs:/home/aajaer/microros_ws/install/shape_msgs:/home/aajaer/microros_ws/install/sensor_msgs:/home/aajaer/microros_ws/install/nav_msgs:/home/aajaer/microros_ws/install/diagnostic_msgs:/home/aajaer/microros_ws/install/geometry_msgs:/home/aajaer/microros_ws/install/actionlib_msgs:/home/aajaer/microros_ws/install/std_msgs:/home/aajaer/microros_ws/install/statistics_msgs:/home/aajaer/microros_ws/install/rosidl_typesupport_microxrcedds_test_msg:/home/aajaer/microros_ws/install/rosidl_typesupport_microxrcedds_cpp_tests:/home/aajaer/microros_ws/install/rmw_microxrcedds:/home/aajaer/microros_ws/install/rosidl_typesupport_microxrcedds_cpp:/home/aajaer/microros_ws/install/rosidl_typesupport_microxrcedds_c_tests:/home/aajaer/microros_ws/install/rosidl_typesupport_microxrcedds_c:/home/aajaer/microros_ws/install/rosgraph_msgs:/home/aajaer/microros_ws/install/rclc_parameter:/home/aajaer/microros_ws/install/rclc:/home/aajaer/microros_ws/install/composition_interfaces:/home/aajaer/microros_ws/install/rcl_interfaces:/home/aajaer/microros_ws/install/microxrcedds_client:/home/aajaer/microros_ws/install/micro_ros_utilities:/home/aajaer/microros_ws/install/micro_ros_setup:/home/aajaer/microros_ws/install/micro_ros_agent:/home/aajaer/microros_ws/install/micro_ros_msgs:/home/aajaer/microros_ws/install/lifecycle_msgs:/home/aajaer/microros_ws/install/complex_msgs:/home/aajaer/microros_ws/install/builtin_interfaces:/opt/ros/humble:/opt/ros/humble /usr/bin/cmake --install /home/aajaer/microros_ws/build/microxrcedds_client
