[0.048s] Invoking command in '/home/aajaer/microros_ws/build/microxrcedds_client': CMAKE_PREFIX_PATH=/home/aajaer/microros_ws/install/microcdr:/opt/ros/humble:/opt/ros/humble /usr/bin/cmake /home/aajaer/microros_ws/src/eProsima/Micro-XRCE-DDS-Client -DUCLIENT_ISOLATED_INSTALL=OFF -DUCLIENT_SUPERBUILD=OFF -DCMAKE_INSTALL_PREFIX=/home/aajaer/microros_ws/install/microxrcedds_client
[12.247s] -- The C compiler identification is GNU 11.4.0
[12.247s] -- Detecting C compiler ABI info
[12.247s] -- Detecting C compiler ABI info - done
[12.247s] -- Check for working C compiler: /usr/bin/cc - skipped
[12.248s] -- Detecting C compile features
[12.248s] -- Detecting C compile features - done
[12.248s] -- Setting build type to 'Release' as none was specified.
[12.248s] -- Looking for pthread.h
[12.248s] -- Looking for pthread.h - found
[12.248s] -- Performing Test CMAKE_HAVE_LIBC_PTHREAD
[12.248s] -- Performing Test CMAKE_HAVE_LIBC_PTHREAD - Success
[12.248s] -- Found Threads: TRUE  
[12.248s] -- Configuring done
[12.249s] -- Generating done
[12.249s] -- Build files have been written to: /home/aajaer/microros_ws/build/microxrcedds_client
[12.257s] Invoked command in '/home/aajaer/microros_ws/build/microxrcedds_client' returned '0': CMAKE_PREFIX_PATH=/home/aajaer/microros_ws/install/microcdr:/opt/ros/humble:/opt/ros/humble /usr/bin/cmake /home/aajaer/microros_ws/src/eProsima/Micro-XRCE-DDS-Client -DUCLIENT_ISOLATED_INSTALL=OFF -DUCLIENT_SUPERBUILD=OFF -DCMAKE_INSTALL_PREFIX=/home/aajaer/microros_ws/install/microxrcedds_client
[12.258s] Invoking command in '/home/aajaer/microros_ws/build/microxrcedds_client': CMAKE_PREFIX_PATH=/home/aajaer/microros_ws/install/microcdr:/opt/ros/humble:/opt/ros/humble /usr/bin/cmake --build /home/aajaer/microros_ws/build/microxrcedds_client -- -j8 -l8
[13.841s] [  2%] [32mBuilding C object CMakeFiles/microxrcedds_client.dir/src/c/core/session/stream/input_best_effort_stream.c.o[0m
[13.841s] [  5%] [32mBuilding C object CMakeFiles/microxrcedds_client.dir/src/c/core/session/session.c.o[0m
[13.841s] [  8%] [32mBuilding C object CMakeFiles/microxrcedds_client.dir/src/c/core/session/session_info.c.o[0m
[13.841s] [ 11%] [32mBuilding C object CMakeFiles/microxrcedds_client.dir/src/c/core/session/submessage.c.o[0m
[13.841s] [ 14%] [32mBuilding C object CMakeFiles/microxrcedds_client.dir/src/c/core/session/object_id.c.o[0m
[13.842s] [ 17%] [32mBuilding C object CMakeFiles/microxrcedds_client.dir/src/c/core/serialization/xrce_types.c.o[0m
[14.920s] [ 20%] [32mBuilding C object CMakeFiles/microxrcedds_client.dir/src/c/core/serialization/xrce_header.c.o[0m
[14.998s] [ 23%] [32mBuilding C object CMakeFiles/microxrcedds_client.dir/src/c/core/serialization/xrce_subheader.c.o[0m
[15.135s] [ 26%] [32mBuilding C object CMakeFiles/microxrcedds_client.dir/src/c/util/time.c.o[0m
[15.236s] [ 29%] [32mBuilding C object CMakeFiles/microxrcedds_client.dir/src/c/util/ping.c.o[0m
[15.390s] [ 32%] [32mBuilding C object CMakeFiles/microxrcedds_client.dir/src/c/core/session/common_create_entities.c.o[0m
[15.493s] [ 35%] [32mBuilding C object CMakeFiles/microxrcedds_client.dir/src/c/core/session/create_entities_ref.c.o[0m
[15.639s] [ 38%] [32mBuilding C object CMakeFiles/microxrcedds_client.dir/src/c/core/session/create_entities_xml.c.o[0m
[15.792s] [ 41%] [32mBuilding C object CMakeFiles/microxrcedds_client.dir/src/c/core/session/create_entities_bin.c.o[0m
[16.022s] [ 44%] [32mBuilding C object CMakeFiles/microxrcedds_client.dir/src/c/core/session/read_access.c.o[0m
[16.196s] [ 47%] [32mBuilding C object CMakeFiles/microxrcedds_client.dir/src/c/core/session/write_access.c.o[0m
[16.428s] [ 50%] [32mBuilding C object CMakeFiles/microxrcedds_client.dir/src/c/profile/transport/stream_framing/stream_framing_protocol.c.o[0m
[16.677s] [ 52%] [32mBuilding C object CMakeFiles/microxrcedds_client.dir/src/c/profile/transport/ip/udp/udp_transport.c.o[0m
[16.813s] [ 55%] [32mBuilding C object CMakeFiles/microxrcedds_client.dir/src/c/profile/transport/ip/udp/udp_transport_posix.c.o[0m
[16.963s] [ 58%] [32mBuilding C object CMakeFiles/microxrcedds_client.dir/src/c/profile/transport/ip/tcp/tcp_transport.c.o[0m
[17.120s] [ 61%] [32mBuilding C object CMakeFiles/microxrcedds_client.dir/src/c/profile/transport/ip/tcp/tcp_transport_posix.c.o[0m
[17.287s] [ 64%] [32mBuilding C object CMakeFiles/microxrcedds_client.dir/src/c/profile/transport/serial/serial_transport.c.o[0m
[17.438s] [ 67%] [32mBuilding C object CMakeFiles/microxrcedds_client.dir/src/c/profile/transport/serial/serial_transport_posix.c.o[0m
[17.567s] [ 70%] [32mBuilding C object CMakeFiles/microxrcedds_client.dir/src/c/profile/transport/ip/ip_posix.c.o[0m
[17.689s] [ 73%] [32mBuilding C object CMakeFiles/microxrcedds_client.dir/src/c/profile/discovery/discovery.c.o[0m
[17.875s] [ 76%] [32mBuilding C object CMakeFiles/microxrcedds_client.dir/src/c/profile/discovery/transport/udp_transport_datagram_posix.c.o[0m
[18.014s] [ 79%] [32mBuilding C object CMakeFiles/microxrcedds_client.dir/src/c/profile/transport/custom/custom_transport.c.o[0m
[18.123s] [ 82%] [32mBuilding C object CMakeFiles/microxrcedds_client.dir/src/c/core/session/stream/seq_num.c.o[0m
[18.194s] [ 85%] [32mBuilding C object CMakeFiles/microxrcedds_client.dir/src/c/core/session/stream/stream_id.c.o[0m
[18.269s] [ 88%] [32mBuilding C object CMakeFiles/microxrcedds_client.dir/src/c/core/session/stream/stream_storage.c.o[0m
[18.441s] [ 91%] [32mBuilding C object CMakeFiles/microxrcedds_client.dir/src/c/core/session/stream/output_reliable_stream.c.o[0m
[18.746s] [ 94%] [32mBuilding C object CMakeFiles/microxrcedds_client.dir/src/c/core/session/stream/output_best_effort_stream.c.o[0m
[18.854s] [ 97%] [32mBuilding C object CMakeFiles/microxrcedds_client.dir/src/c/core/session/stream/input_reliable_stream.c.o[0m
[19.057s] [100%] [32m[1mLinking C static library libmicroxrcedds_client.a[0m
[19.283s] [100%] Built target microxrcedds_client
[19.319s] Invoked command in '/home/aajaer/microros_ws/build/microxrcedds_client' returned '0': CMAKE_PREFIX_PATH=/home/aajaer/microros_ws/install/microcdr:/opt/ros/humble:/opt/ros/humble /usr/bin/cmake --build /home/aajaer/microros_ws/build/microxrcedds_client -- -j8 -l8
[19.320s] Invoking command in '/home/aajaer/microros_ws/build/microxrcedds_client': CMAKE_PREFIX_PATH=/home/aajaer/microros_ws/install/microcdr:/opt/ros/humble:/opt/ros/humble /usr/bin/cmake --install /home/aajaer/microros_ws/build/microxrcedds_client
[19.976s] -- Install configuration: "Release"
[19.976s] -- Installing: /home/aajaer/microros_ws/install/microxrcedds_client/lib/libmicroxrcedds_client.a
[19.977s] -- Installing: /home/aajaer/microros_ws/install/microxrcedds_client/include/uxr/client
[19.977s] -- Installing: /home/aajaer/microros_ws/install/microxrcedds_client/include/uxr/client/profile
[19.977s] -- Installing: /home/aajaer/microros_ws/install/microxrcedds_client/include/uxr/client/profile/multithread
[19.977s] -- Installing: /home/aajaer/microros_ws/install/microxrcedds_client/include/uxr/client/profile/multithread/multithread.h
[19.977s] -- Installing: /home/aajaer/microros_ws/install/microxrcedds_client/include/uxr/client/profile/transport
[19.977s] -- Installing: /home/aajaer/microros_ws/install/microxrcedds_client/include/uxr/client/profile/transport/serial
[19.977s] -- Installing: /home/aajaer/microros_ws/install/microxrcedds_client/include/uxr/client/profile/transport/serial/serial_transport_rtems_bsd_net.h
[19.978s] -- Installing: /home/aajaer/microros_ws/install/microxrcedds_client/include/uxr/client/profile/transport/serial/serial_transport.h
[19.978s] -- Installing: /home/aajaer/microros_ws/install/microxrcedds_client/include/uxr/client/profile/transport/serial/serial_transport_posix.h
[19.978s] -- Installing: /home/aajaer/microros_ws/install/microxrcedds_client/include/uxr/client/profile/transport/serial/serial_transport_platform.h
[19.978s] -- Installing: /home/aajaer/microros_ws/install/microxrcedds_client/include/uxr/client/profile/transport/stream_framing
[19.978s] -- Installing: /home/aajaer/microros_ws/install/microxrcedds_client/include/uxr/client/profile/transport/stream_framing/stream_framing_protocol.h
[19.978s] -- Installing: /home/aajaer/microros_ws/install/microxrcedds_client/include/uxr/client/profile/transport/can
[19.978s] -- Installing: /home/aajaer/microros_ws/install/microxrcedds_client/include/uxr/client/profile/transport/can/can_transport_posix.h
[19.978s] -- Installing: /home/aajaer/microros_ws/install/microxrcedds_client/include/uxr/client/profile/transport/can/can_transport.h
[19.979s] -- Installing: /home/aajaer/microros_ws/install/microxrcedds_client/include/uxr/client/profile/transport/ip
[19.979s] -- Installing: /home/aajaer/microros_ws/install/microxrcedds_client/include/uxr/client/profile/transport/ip/udp
[19.979s] -- Installing: /home/aajaer/microros_ws/install/microxrcedds_client/include/uxr/client/profile/transport/ip/udp/udp_transport_freertos_plus_tcp.h
[19.979s] -- Installing: /home/aajaer/microros_ws/install/microxrcedds_client/include/uxr/client/profile/transport/ip/udp/udp_transport_windows.h
[19.979s] -- Installing: /home/aajaer/microros_ws/install/microxrcedds_client/include/uxr/client/profile/transport/ip/udp/udp_transport_posix_nopoll.h
[19.979s] -- Installing: /home/aajaer/microros_ws/install/microxrcedds_client/include/uxr/client/profile/transport/ip/udp/udp_transport_rtems_bsd_net.h
[19.979s] -- Installing: /home/aajaer/microros_ws/install/microxrcedds_client/include/uxr/client/profile/transport/ip/udp/udp_transport_posix.h
[19.979s] -- Installing: /home/aajaer/microros_ws/install/microxrcedds_client/include/uxr/client/profile/transport/ip/udp/udp_transport.h
[19.979s] -- Installing: /home/aajaer/microros_ws/install/microxrcedds_client/include/uxr/client/profile/transport/ip/tcp
[19.980s] -- Installing: /home/aajaer/microros_ws/install/microxrcedds_client/include/uxr/client/profile/transport/ip/tcp/tcp_transport_rtems_bsd_net.h
[19.980s] -- Installing: /home/aajaer/microros_ws/install/microxrcedds_client/include/uxr/client/profile/transport/ip/tcp/tcp_transport.h
[19.980s] -- Installing: /home/aajaer/microros_ws/install/microxrcedds_client/include/uxr/client/profile/transport/ip/tcp/tcp_transport_freertos_plus_tcp.h
[19.980s] -- Installing: /home/aajaer/microros_ws/install/microxrcedds_client/include/uxr/client/profile/transport/ip/tcp/tcp_transport_posix_nopoll.h
[19.980s] -- Installing: /home/aajaer/microros_ws/install/microxrcedds_client/include/uxr/client/profile/transport/ip/tcp/tcp_transport_windows.h
[19.980s] -- Installing: /home/aajaer/microros_ws/install/microxrcedds_client/include/uxr/client/profile/transport/ip/tcp/tcp_transport_posix.h
[19.980s] -- Installing: /home/aajaer/microros_ws/install/microxrcedds_client/include/uxr/client/profile/transport/ip/ip.h
[19.981s] -- Installing: /home/aajaer/microros_ws/install/microxrcedds_client/include/uxr/client/profile/transport/custom
[19.981s] -- Installing: /home/aajaer/microros_ws/install/microxrcedds_client/include/uxr/client/profile/transport/custom/custom_transport.h
[19.981s] -- Installing: /home/aajaer/microros_ws/install/microxrcedds_client/include/uxr/client/profile/discovery
[19.982s] -- Installing: /home/aajaer/microros_ws/install/microxrcedds_client/include/uxr/client/profile/discovery/discovery.h
[19.982s] -- Installing: /home/aajaer/microros_ws/install/microxrcedds_client/include/uxr/client/defines.h
[19.982s] -- Installing: /home/aajaer/microros_ws/install/microxrcedds_client/include/uxr/client/core
[19.982s] -- Installing: /home/aajaer/microros_ws/install/microxrcedds_client/include/uxr/client/core/type
[19.982s] -- Installing: /home/aajaer/microros_ws/install/microxrcedds_client/include/uxr/client/core/type/xrce_types.h
[19.991s] -- Installing: /home/aajaer/microros_ws/install/microxrcedds_client/include/uxr/client/core/communication
[19.991s] -- Installing: /home/aajaer/microros_ws/install/microxrcedds_client/include/uxr/client/core/communication/communication.h
[19.991s] -- Installing: /home/aajaer/microros_ws/install/microxrcedds_client/include/uxr/client/core/session
[19.991s] -- Installing: /home/aajaer/microros_ws/install/microxrcedds_client/include/uxr/client/core/session/write_access.h
[19.991s] -- Installing: /home/aajaer/microros_ws/install/microxrcedds_client/include/uxr/client/core/session/create_entities_ref.h
[19.991s] -- Installing: /home/aajaer/microros_ws/install/microxrcedds_client/include/uxr/client/core/session/create_entities_bin.h
[19.991s] -- Installing: /home/aajaer/microros_ws/install/microxrcedds_client/include/uxr/client/core/session/read_access.h
[19.991s] -- Installing: /home/aajaer/microros_ws/install/microxrcedds_client/include/uxr/client/core/session/session_info.h
[19.992s] -- Installing: /home/aajaer/microros_ws/install/microxrcedds_client/include/uxr/client/core/session/common_create_entities.h
[19.992s] -- Installing: /home/aajaer/microros_ws/install/microxrcedds_client/include/uxr/client/core/session/stream
[19.992s] -- Installing: /home/aajaer/microros_ws/install/microxrcedds_client/include/uxr/client/core/session/stream/reliable_stream.h
[19.992s] -- Installing: /home/aajaer/microros_ws/install/microxrcedds_client/include/uxr/client/core/session/stream/stream_id.h
[19.992s] -- Installing: /home/aajaer/microros_ws/install/microxrcedds_client/include/uxr/client/core/session/stream/seq_num.h
[19.992s] -- Installing: /home/aajaer/microros_ws/install/microxrcedds_client/include/uxr/client/core/session/stream/output_reliable_stream.h
[19.992s] -- Installing: /home/aajaer/microros_ws/install/microxrcedds_client/include/uxr/client/core/session/stream/input_reliable_stream.h
[19.992s] -- Installing: /home/aajaer/microros_ws/install/microxrcedds_client/include/uxr/client/core/session/stream/output_best_effort_stream.h
[19.993s] -- Installing: /home/aajaer/microros_ws/install/microxrcedds_client/include/uxr/client/core/session/stream/input_best_effort_stream.h
[19.993s] -- Installing: /home/aajaer/microros_ws/install/microxrcedds_client/include/uxr/client/core/session/stream/stream_storage.h
[19.993s] -- Installing: /home/aajaer/microros_ws/install/microxrcedds_client/include/uxr/client/core/session/session.h
[19.993s] -- Installing: /home/aajaer/microros_ws/install/microxrcedds_client/include/uxr/client/core/session/create_entities_xml.h
[19.993s] -- Installing: /home/aajaer/microros_ws/install/microxrcedds_client/include/uxr/client/core/session/time_sync.h
[19.993s] -- Installing: /home/aajaer/microros_ws/install/microxrcedds_client/include/uxr/client/core/session/object_id.h
[19.993s] -- Installing: /home/aajaer/microros_ws/install/microxrcedds_client/include/uxr/client/client.h
[19.993s] -- Installing: /home/aajaer/microros_ws/install/microxrcedds_client/include/uxr/client/util
[19.993s] -- Installing: /home/aajaer/microros_ws/install/microxrcedds_client/include/uxr/client/util/time.h
[19.994s] -- Installing: /home/aajaer/microros_ws/install/microxrcedds_client/include/uxr/client/util/ping.h
[19.994s] -- Installing: /home/aajaer/microros_ws/install/microxrcedds_client/include/uxr/client/visibility.h
[19.994s] -- Installing: /home/aajaer/microros_ws/install/microxrcedds_client/include/uxr/client/transport.h
[19.994s] -- Installing: /home/aajaer/microros_ws/install/microxrcedds_client/include/uxr/client/config.h
[19.994s] -- Installing: /home/aajaer/microros_ws/install/microxrcedds_client/share/microxrcedds_client/cmake/microxrcedds_clientTargets.cmake
[19.994s] -- Installing: /home/aajaer/microros_ws/install/microxrcedds_client/share/microxrcedds_client/cmake/microxrcedds_clientTargets-release.cmake
[19.995s] -- Installing: /home/aajaer/microros_ws/install/microxrcedds_client/share/microxrcedds_client/cmake/microxrcedds_clientConfig.cmake
[19.995s] -- Installing: /home/aajaer/microros_ws/install/microxrcedds_client/share/microxrcedds_client/cmake/microxrcedds_clientConfigVersion.cmake
[19.997s] Invoked command in '/home/aajaer/microros_ws/build/microxrcedds_client' returned '0': CMAKE_PREFIX_PATH=/home/aajaer/microros_ws/install/microcdr:/opt/ros/humble:/opt/ros/humble /usr/bin/cmake --install /home/aajaer/microros_ws/build/microxrcedds_client
