[0.026s] Invoking command in '/home/aajaer/microros_ws/build/actionlib_msgs': AMENT_PREFIX_PATH=/home/aajaer/microros_ws/install/std_msgs:/home/aajaer/microros_ws/install/builtin_interfaces:${AMENT_PREFIX_PATH} CMAKE_PREFIX_PATH=/home/aajaer/microros_ws/install/std_msgs:/home/aajaer/microros_ws/install/builtin_interfaces:/opt/ros/humble:/opt/ros/humble LD_LIBRARY_PATH=/home/aajaer/microros_ws/install/std_msgs/lib:/home/aajaer/microros_ws/install/builtin_interfaces/lib:/opt/ros/humble/opt/rviz_ogre_vendor/lib:/opt/ros/humble/lib/aarch64-linux-gnu:/opt/ros/humble/lib PYTHONPATH=/home/aajaer/microros_ws/install/std_msgs/local/lib/python3.10/dist-packages:/home/aajaer/microros_ws/install/builtin_interfaces/local/lib/python3.10/dist-packages:${PYTHONPATH} /usr/bin/cmake /home/aajaer/microros_ws/src/ros2/common_interfaces/actionlib_msgs -DCMAKE_INSTALL_PREFIX=/home/aajaer/microros_ws/install/actionlib_msgs
[0.053s] -- Found ament_cmake: 1.3.11 (/opt/ros/humble/share/ament_cmake/cmake)
[0.322s] -- Override CMake install command with custom implementation using symlinks instead of copying resources
[0.336s] -- Found builtin_interfaces: 1.2.1 (/home/aajaer/microros_ws/install/builtin_interfaces/share/builtin_interfaces/cmake)
[0.382s] -- Found rosidl_generator_c: 3.1.6 (/opt/ros/humble/share/rosidl_generator_c/cmake)
[0.387s] -- Found rosidl_adapter: 3.1.6 (/opt/ros/humble/share/rosidl_adapter/cmake)
[0.398s] -- Found rosidl_generator_cpp: 3.1.6 (/opt/ros/humble/share/rosidl_generator_cpp/cmake)
[0.420s] -- Using all available rosidl_typesupport_c: rosidl_typesupport_fastrtps_c;rosidl_typesupport_introspection_c
[0.446s] -- Using all available rosidl_typesupport_cpp: rosidl_typesupport_fastrtps_cpp;rosidl_typesupport_introspection_cpp
[0.470s] -- Found rosidl_default_generators: 1.2.0 (/opt/ros/humble/share/rosidl_default_generators/cmake)
[0.485s] -- Found std_msgs: 4.2.4 (/home/aajaer/microros_ws/install/std_msgs/share/std_msgs/cmake)
[1.140s] -- Found ament_cmake_cppcheck: 0.12.11 (/opt/ros/humble/share/ament_cmake_cppcheck/cmake)
[1.142s] -- Found ament_cmake_cpplint: 0.12.11 (/opt/ros/humble/share/ament_cmake_cpplint/cmake)
[1.144s] -- Found ament_cmake_uncrustify: 0.12.11 (/opt/ros/humble/share/ament_cmake_uncrustify/cmake)
[1.146s] -- Found ament_cmake_ros: 0.10.0 (/opt/ros/humble/share/ament_cmake_ros/cmake)
[2.380s] -- Using all available rosidl_typesupport_c: rosidl_typesupport_fastrtps_c;rosidl_typesupport_introspection_c
[2.919s] -- Using all available rosidl_typesupport_cpp: rosidl_typesupport_fastrtps_cpp;rosidl_typesupport_introspection_cpp
[3.004s] -- Found python_cmake_module: 0.10.0 (/opt/ros/humble/share/python_cmake_module/cmake)
[3.119s] -- Using PYTHON_EXECUTABLE: /usr/bin/python3
[3.119s] -- Using PYTHON_INCLUDE_DIRS: /usr/include/python3.10
[3.120s] -- Using PYTHON_LIBRARIES: /usr/lib/aarch64-linux-gnu/libpython3.10.so
[3.244s] -- Found ament_cmake_flake8: 0.12.11 (/opt/ros/humble/share/ament_cmake_flake8/cmake)
[3.246s] -- Found ament_cmake_pep257: 0.12.11 (/opt/ros/humble/share/ament_cmake_pep257/cmake)
[3.311s] -- Configuring done
[3.596s] -- Generating done
[3.652s] -- Build files have been written to: /home/aajaer/microros_ws/build/actionlib_msgs
[3.719s] Invoked command in '/home/aajaer/microros_ws/build/actionlib_msgs' returned '0': AMENT_PREFIX_PATH=/home/aajaer/microros_ws/install/std_msgs:/home/aajaer/microros_ws/install/builtin_interfaces:${AMENT_PREFIX_PATH} CMAKE_PREFIX_PATH=/home/aajaer/microros_ws/install/std_msgs:/home/aajaer/microros_ws/install/builtin_interfaces:/opt/ros/humble:/opt/ros/humble LD_LIBRARY_PATH=/home/aajaer/microros_ws/install/std_msgs/lib:/home/aajaer/microros_ws/install/builtin_interfaces/lib:/opt/ros/humble/opt/rviz_ogre_vendor/lib:/opt/ros/humble/lib/aarch64-linux-gnu:/opt/ros/humble/lib PYTHONPATH=/home/aajaer/microros_ws/install/std_msgs/local/lib/python3.10/dist-packages:/home/aajaer/microros_ws/install/builtin_interfaces/local/lib/python3.10/dist-packages:${PYTHONPATH} /usr/bin/cmake /home/aajaer/microros_ws/src/ros2/common_interfaces/actionlib_msgs -DCMAKE_INSTALL_PREFIX=/home/aajaer/microros_ws/install/actionlib_msgs
[3.720s] Invoking command in '/home/aajaer/microros_ws/build/actionlib_msgs': AMENT_PREFIX_PATH=/home/aajaer/microros_ws/install/std_msgs:/home/aajaer/microros_ws/install/builtin_interfaces:${AMENT_PREFIX_PATH} CMAKE_PREFIX_PATH=/home/aajaer/microros_ws/install/std_msgs:/home/aajaer/microros_ws/install/builtin_interfaces:/opt/ros/humble:/opt/ros/humble LD_LIBRARY_PATH=/home/aajaer/microros_ws/install/std_msgs/lib:/home/aajaer/microros_ws/install/builtin_interfaces/lib:/opt/ros/humble/opt/rviz_ogre_vendor/lib:/opt/ros/humble/lib/aarch64-linux-gnu:/opt/ros/humble/lib PYTHONPATH=/home/aajaer/microros_ws/install/std_msgs/local/lib/python3.10/dist-packages:/home/aajaer/microros_ws/install/builtin_interfaces/local/lib/python3.10/dist-packages:${PYTHONPATH} /usr/bin/cmake --build /home/aajaer/microros_ws/build/actionlib_msgs -- -j8 -l8
[3.869s] [35m[1mConsolidate compiler generated dependencies of target actionlib_msgs__rosidl_generator_c[0m
[3.875s] [  2%] Built target actionlib_msgs__cpp
[3.936s] [ 12%] Built target actionlib_msgs__rosidl_generator_c
[3.960s] [35m[1mConsolidate compiler generated dependencies of target actionlib_msgs__rosidl_typesupport_introspection_cpp[0m
[3.964s] [35m[1mConsolidate compiler generated dependencies of target actionlib_msgs__rosidl_typesupport_fastrtps_cpp[0m
[3.974s] [ 14%] [34m[1mGenerating C++ type support dispatch for ROS interfaces[0m
[3.983s] [ 14%] Built target ament_cmake_python_symlink_actionlib_msgs
[4.016s] [ 17%] [34m[1mGenerating C type support dispatch for ROS interfaces[0m
[4.028s] [35m[1mConsolidate compiler generated dependencies of target actionlib_msgs__rosidl_typesupport_fastrtps_c[0m
[4.045s] [35m[1mConsolidate compiler generated dependencies of target actionlib_msgs__rosidl_typesupport_introspection_c[0m
[4.070s] [ 27%] Built target actionlib_msgs__rosidl_typesupport_fastrtps_cpp
[4.081s] [ 38%] Built target actionlib_msgs__rosidl_typesupport_introspection_cpp
[4.109s] [ 48%] Built target actionlib_msgs__rosidl_typesupport_fastrtps_c
[4.142s] [ 59%] Built target actionlib_msgs__rosidl_typesupport_introspection_c
[5.822s] running egg_info
[5.846s] writing actionlib_msgs.egg-info/PKG-INFO
[5.848s] writing dependency_links to actionlib_msgs.egg-info/dependency_links.txt
[5.848s] writing top-level names to actionlib_msgs.egg-info/top_level.txt
[5.855s] reading manifest file 'actionlib_msgs.egg-info/SOURCES.txt'
[5.866s] writing manifest file 'actionlib_msgs.egg-info/SOURCES.txt'
[6.134s] [35m[1mConsolidate compiler generated dependencies of target actionlib_msgs__rosidl_typesupport_c[0m
[6.173s] [ 59%] Built target ament_cmake_python_build_actionlib_msgs_egg
[6.230s] [ 61%] [32mBuilding CXX object CMakeFiles/actionlib_msgs__rosidl_typesupport_c.dir/rosidl_typesupport_c/actionlib_msgs/msg/goal_id__type_support.cpp.o[0m
[6.260s] [ 63%] [32mBuilding CXX object CMakeFiles/actionlib_msgs__rosidl_typesupport_c.dir/rosidl_typesupport_c/actionlib_msgs/msg/goal_status__type_support.cpp.o[0m
[6.285s] [ 65%] [32mBuilding CXX object CMakeFiles/actionlib_msgs__rosidl_typesupport_c.dir/rosidl_typesupport_c/actionlib_msgs/msg/goal_status_array__type_support.cpp.o[0m
[6.532s] [ 68%] [32m[1mLinking CXX shared library libactionlib_msgs__rosidl_typesupport_c.so[0m
[6.813s] [ 68%] Built target actionlib_msgs__rosidl_typesupport_c
[6.919s] [35m[1mConsolidate compiler generated dependencies of target actionlib_msgs__rosidl_typesupport_cpp[0m
[7.002s] [ 70%] [32mBuilding CXX object CMakeFiles/actionlib_msgs__rosidl_typesupport_cpp.dir/rosidl_typesupport_cpp/actionlib_msgs/msg/goal_id__type_support.cpp.o[0m
[7.026s] [ 72%] [32mBuilding CXX object CMakeFiles/actionlib_msgs__rosidl_typesupport_cpp.dir/rosidl_typesupport_cpp/actionlib_msgs/msg/goal_status_array__type_support.cpp.o[0m
[7.046s] [ 74%] [32mBuilding CXX object CMakeFiles/actionlib_msgs__rosidl_typesupport_cpp.dir/rosidl_typesupport_cpp/actionlib_msgs/msg/goal_status__type_support.cpp.o[0m
[8.728s] [ 76%] [32m[1mLinking CXX shared library libactionlib_msgs__rosidl_typesupport_cpp.so[0m
[8.937s] [ 76%] Built target actionlib_msgs__rosidl_typesupport_cpp
[9.086s] [ 76%] Built target actionlib_msgs
[9.202s] [ 78%] Built target actionlib_msgs__py
[9.234s] [35m[1mConsolidate compiler generated dependencies of target actionlib_msgs__rosidl_generator_py[0m
[9.328s] [ 80%] [32m[1mLinking C shared library rosidl_generator_py/actionlib_msgs/libactionlib_msgs__rosidl_generator_py.so[0m
[9.531s] [ 87%] Built target actionlib_msgs__rosidl_generator_py
[9.636s] [35m[1mConsolidate compiler generated dependencies of target actionlib_msgs__rosidl_typesupport_fastrtps_c__pyext[0m
[9.649s] [35m[1mConsolidate compiler generated dependencies of target actionlib_msgs__rosidl_typesupport_introspection_c__pyext[0m
[9.657s] [35m[1mConsolidate compiler generated dependencies of target actionlib_msgs__rosidl_typesupport_c__pyext[0m
[9.673s] [ 89%] [32m[1mLinking C shared library rosidl_generator_py/actionlib_msgs/actionlib_msgs_s__rosidl_typesupport_fastrtps_c.cpython-310-aarch64-linux-gnu.so[0m
[9.728s] [ 91%] [32m[1mLinking C shared library rosidl_generator_py/actionlib_msgs/actionlib_msgs_s__rosidl_typesupport_introspection_c.cpython-310-aarch64-linux-gnu.so[0m
[9.739s] [ 93%] [32m[1mLinking C shared library rosidl_generator_py/actionlib_msgs/actionlib_msgs_s__rosidl_typesupport_c.cpython-310-aarch64-linux-gnu.so[0m
[9.826s] [ 95%] Built target actionlib_msgs__rosidl_typesupport_fastrtps_c__pyext
[9.849s] [ 97%] Built target actionlib_msgs__rosidl_typesupport_c__pyext
[9.873s] [100%] Built target actionlib_msgs__rosidl_typesupport_introspection_c__pyext
[9.901s] Invoked command in '/home/aajaer/microros_ws/build/actionlib_msgs' returned '0': AMENT_PREFIX_PATH=/home/aajaer/microros_ws/install/std_msgs:/home/aajaer/microros_ws/install/builtin_interfaces:${AMENT_PREFIX_PATH} CMAKE_PREFIX_PATH=/home/aajaer/microros_ws/install/std_msgs:/home/aajaer/microros_ws/install/builtin_interfaces:/opt/ros/humble:/opt/ros/humble LD_LIBRARY_PATH=/home/aajaer/microros_ws/install/std_msgs/lib:/home/aajaer/microros_ws/install/builtin_interfaces/lib:/opt/ros/humble/opt/rviz_ogre_vendor/lib:/opt/ros/humble/lib/aarch64-linux-gnu:/opt/ros/humble/lib PYTHONPATH=/home/aajaer/microros_ws/install/std_msgs/local/lib/python3.10/dist-packages:/home/aajaer/microros_ws/install/builtin_interfaces/local/lib/python3.10/dist-packages:${PYTHONPATH} /usr/bin/cmake --build /home/aajaer/microros_ws/build/actionlib_msgs -- -j8 -l8
[9.902s] Invoking command in '/home/aajaer/microros_ws/build/actionlib_msgs': AMENT_PREFIX_PATH=/home/aajaer/microros_ws/install/std_msgs:/home/aajaer/microros_ws/install/builtin_interfaces:${AMENT_PREFIX_PATH} CMAKE_PREFIX_PATH=/home/aajaer/microros_ws/install/std_msgs:/home/aajaer/microros_ws/install/builtin_interfaces:/opt/ros/humble:/opt/ros/humble LD_LIBRARY_PATH=/home/aajaer/microros_ws/install/std_msgs/lib:/home/aajaer/microros_ws/install/builtin_interfaces/lib:/opt/ros/humble/opt/rviz_ogre_vendor/lib:/opt/ros/humble/lib/aarch64-linux-gnu:/opt/ros/humble/lib PYTHONPATH=/home/aajaer/microros_ws/install/std_msgs/local/lib/python3.10/dist-packages:/home/aajaer/microros_ws/install/builtin_interfaces/local/lib/python3.10/dist-packages:${PYTHONPATH} /usr/bin/cmake --install /home/aajaer/microros_ws/build/actionlib_msgs
[9.916s] -- Install configuration: ""
[9.917s] -- Execute custom install script
[9.918s] -- Up-to-date symlink: /home/aajaer/microros_ws/install/actionlib_msgs/share/ament_index/resource_index/rosidl_interfaces/actionlib_msgs
[9.921s] -- Up-to-date symlink: /home/aajaer/microros_ws/install/actionlib_msgs/include/actionlib_msgs/actionlib_msgs/msg/detail/goal_id__functions.h
[9.923s] -- Up-to-date symlink: /home/aajaer/microros_ws/install/actionlib_msgs/include/actionlib_msgs/actionlib_msgs/msg/detail/goal_id__struct.h
[9.923s] -- Up-to-date symlink: /home/aajaer/microros_ws/install/actionlib_msgs/include/actionlib_msgs/actionlib_msgs/msg/detail/goal_id__type_support.h
[9.925s] -- Up-to-date symlink: /home/aajaer/microros_ws/install/actionlib_msgs/include/actionlib_msgs/actionlib_msgs/msg/detail/goal_status__functions.h
[9.926s] -- Up-to-date symlink: /home/aajaer/microros_ws/install/actionlib_msgs/include/actionlib_msgs/actionlib_msgs/msg/detail/goal_status__struct.h
[9.926s] -- Up-to-date symlink: /home/aajaer/microros_ws/install/actionlib_msgs/include/actionlib_msgs/actionlib_msgs/msg/detail/goal_status__type_support.h
[9.926s] -- Up-to-date symlink: /home/aajaer/microros_ws/install/actionlib_msgs/include/actionlib_msgs/actionlib_msgs/msg/detail/goal_status_array__functions.h
[9.928s] -- Up-to-date symlink: /home/aajaer/microros_ws/install/actionlib_msgs/include/actionlib_msgs/actionlib_msgs/msg/detail/goal_status_array__struct.h
[9.930s] -- Up-to-date symlink: /home/aajaer/microros_ws/install/actionlib_msgs/include/actionlib_msgs/actionlib_msgs/msg/detail/goal_status_array__type_support.h
[9.930s] -- Up-to-date symlink: /home/aajaer/microros_ws/install/actionlib_msgs/include/actionlib_msgs/actionlib_msgs/msg/goal_id.h
[9.931s] -- Up-to-date symlink: /home/aajaer/microros_ws/install/actionlib_msgs/include/actionlib_msgs/actionlib_msgs/msg/goal_status.h
[9.932s] -- Up-to-date symlink: /home/aajaer/microros_ws/install/actionlib_msgs/include/actionlib_msgs/actionlib_msgs/msg/goal_status_array.h
[9.932s] -- Up-to-date symlink: /home/aajaer/microros_ws/install/actionlib_msgs/include/actionlib_msgs/actionlib_msgs/msg/rosidl_generator_c__visibility_control.h
[9.934s] -- Up-to-date symlink: /home/aajaer/microros_ws/install/actionlib_msgs/share/actionlib_msgs/environment/library_path.sh
[9.934s] -- Up-to-date symlink: /home/aajaer/microros_ws/install/actionlib_msgs/share/actionlib_msgs/environment/library_path.dsv
[9.936s] -- Up-to-date symlink: /home/aajaer/microros_ws/install/actionlib_msgs/include/actionlib_msgs/actionlib_msgs/msg/detail/goal_id__rosidl_typesupport_fastrtps_c.h
[9.936s] -- Up-to-date symlink: /home/aajaer/microros_ws/install/actionlib_msgs/include/actionlib_msgs/actionlib_msgs/msg/detail/goal_status__rosidl_typesupport_fastrtps_c.h
[9.937s] -- Up-to-date symlink: /home/aajaer/microros_ws/install/actionlib_msgs/include/actionlib_msgs/actionlib_msgs/msg/detail/goal_status_array__rosidl_typesupport_fastrtps_c.h
[9.937s] -- Up-to-date symlink: /home/aajaer/microros_ws/install/actionlib_msgs/include/actionlib_msgs/actionlib_msgs/msg/rosidl_typesupport_fastrtps_c__visibility_control.h
[9.938s] -- Up-to-date symlink: /home/aajaer/microros_ws/install/actionlib_msgs/include/actionlib_msgs/actionlib_msgs/msg/detail/goal_id__builder.hpp
[9.939s] -- Up-to-date symlink: /home/aajaer/microros_ws/install/actionlib_msgs/include/actionlib_msgs/actionlib_msgs/msg/detail/goal_id__struct.hpp
[9.939s] -- Up-to-date symlink: /home/aajaer/microros_ws/install/actionlib_msgs/include/actionlib_msgs/actionlib_msgs/msg/detail/goal_id__traits.hpp
[9.939s] -- Up-to-date symlink: /home/aajaer/microros_ws/install/actionlib_msgs/include/actionlib_msgs/actionlib_msgs/msg/detail/goal_id__type_support.hpp
[9.940s] -- Up-to-date symlink: /home/aajaer/microros_ws/install/actionlib_msgs/include/actionlib_msgs/actionlib_msgs/msg/detail/goal_status__builder.hpp
[9.940s] -- Up-to-date symlink: /home/aajaer/microros_ws/install/actionlib_msgs/include/actionlib_msgs/actionlib_msgs/msg/detail/goal_status__struct.hpp
[9.940s] -- Up-to-date symlink: /home/aajaer/microros_ws/install/actionlib_msgs/include/actionlib_msgs/actionlib_msgs/msg/detail/goal_status__traits.hpp
[9.941s] -- Up-to-date symlink: /home/aajaer/microros_ws/install/actionlib_msgs/include/actionlib_msgs/actionlib_msgs/msg/detail/goal_status__type_support.hpp
[9.941s] -- Up-to-date symlink: /home/aajaer/microros_ws/install/actionlib_msgs/include/actionlib_msgs/actionlib_msgs/msg/detail/goal_status_array__builder.hpp
[9.942s] -- Up-to-date symlink: /home/aajaer/microros_ws/install/actionlib_msgs/include/actionlib_msgs/actionlib_msgs/msg/detail/goal_status_array__struct.hpp
[9.942s] -- Up-to-date symlink: /home/aajaer/microros_ws/install/actionlib_msgs/include/actionlib_msgs/actionlib_msgs/msg/detail/goal_status_array__traits.hpp
[9.942s] -- Up-to-date symlink: /home/aajaer/microros_ws/install/actionlib_msgs/include/actionlib_msgs/actionlib_msgs/msg/detail/goal_status_array__type_support.hpp
[9.943s] -- Up-to-date symlink: /home/aajaer/microros_ws/install/actionlib_msgs/include/actionlib_msgs/actionlib_msgs/msg/goal_id.hpp
[9.943s] -- Up-to-date symlink: /home/aajaer/microros_ws/install/actionlib_msgs/include/actionlib_msgs/actionlib_msgs/msg/goal_status.hpp
[9.943s] -- Up-to-date symlink: /home/aajaer/microros_ws/install/actionlib_msgs/include/actionlib_msgs/actionlib_msgs/msg/goal_status_array.hpp
[9.944s] -- Up-to-date symlink: /home/aajaer/microros_ws/install/actionlib_msgs/include/actionlib_msgs/actionlib_msgs/msg/rosidl_generator_cpp__visibility_control.hpp
[9.945s] -- Up-to-date symlink: /home/aajaer/microros_ws/install/actionlib_msgs/include/actionlib_msgs/actionlib_msgs/msg/detail/goal_id__rosidl_typesupport_fastrtps_cpp.hpp
[9.945s] -- Up-to-date symlink: /home/aajaer/microros_ws/install/actionlib_msgs/include/actionlib_msgs/actionlib_msgs/msg/detail/goal_status__rosidl_typesupport_fastrtps_cpp.hpp
[9.946s] -- Up-to-date symlink: /home/aajaer/microros_ws/install/actionlib_msgs/include/actionlib_msgs/actionlib_msgs/msg/detail/goal_status_array__rosidl_typesupport_fastrtps_cpp.hpp
[9.946s] -- Up-to-date symlink: /home/aajaer/microros_ws/install/actionlib_msgs/include/actionlib_msgs/actionlib_msgs/msg/rosidl_typesupport_fastrtps_cpp__visibility_control.h
[9.947s] -- Up-to-date symlink: /home/aajaer/microros_ws/install/actionlib_msgs/include/actionlib_msgs/actionlib_msgs/msg/detail/goal_id__rosidl_typesupport_introspection_c.h
[9.948s] -- Up-to-date symlink: /home/aajaer/microros_ws/install/actionlib_msgs/include/actionlib_msgs/actionlib_msgs/msg/detail/goal_status__rosidl_typesupport_introspection_c.h
[9.948s] -- Up-to-date symlink: /home/aajaer/microros_ws/install/actionlib_msgs/include/actionlib_msgs/actionlib_msgs/msg/detail/goal_status_array__rosidl_typesupport_introspection_c.h
[9.948s] -- Up-to-date symlink: /home/aajaer/microros_ws/install/actionlib_msgs/include/actionlib_msgs/actionlib_msgs/msg/rosidl_typesupport_introspection_c__visibility_control.h
[9.949s] -- Up-to-date symlink: /home/aajaer/microros_ws/install/actionlib_msgs/include/actionlib_msgs/actionlib_msgs/msg/detail/goal_id__rosidl_typesupport_introspection_cpp.hpp
[9.949s] -- Up-to-date symlink: /home/aajaer/microros_ws/install/actionlib_msgs/include/actionlib_msgs/actionlib_msgs/msg/detail/goal_status__rosidl_typesupport_introspection_cpp.hpp
[9.950s] -- Up-to-date symlink: /home/aajaer/microros_ws/install/actionlib_msgs/include/actionlib_msgs/actionlib_msgs/msg/detail/goal_status_array__rosidl_typesupport_introspection_cpp.hpp
[9.950s] -- Up-to-date symlink: /home/aajaer/microros_ws/install/actionlib_msgs/share/actionlib_msgs/environment/pythonpath.sh
[9.951s] -- Up-to-date symlink: /home/aajaer/microros_ws/install/actionlib_msgs/share/actionlib_msgs/environment/pythonpath.dsv
[9.952s] -- Up-to-date symlink: /home/aajaer/microros_ws/install/actionlib_msgs/local/lib/python3.10/dist-packages/actionlib_msgs-4.2.4-py3.10.egg-info/PKG-INFO
[9.952s] -- Up-to-date symlink: /home/aajaer/microros_ws/install/actionlib_msgs/local/lib/python3.10/dist-packages/actionlib_msgs-4.2.4-py3.10.egg-info/SOURCES.txt
[9.952s] -- Up-to-date symlink: /home/aajaer/microros_ws/install/actionlib_msgs/local/lib/python3.10/dist-packages/actionlib_msgs-4.2.4-py3.10.egg-info/dependency_links.txt
[9.953s] -- Up-to-date symlink: /home/aajaer/microros_ws/install/actionlib_msgs/local/lib/python3.10/dist-packages/actionlib_msgs-4.2.4-py3.10.egg-info/top_level.txt
[9.954s] -- Up-to-date symlink: /home/aajaer/microros_ws/install/actionlib_msgs/local/lib/python3.10/dist-packages/actionlib_msgs/__init__.py
[9.955s] -- Up-to-date symlink: /home/aajaer/microros_ws/install/actionlib_msgs/local/lib/python3.10/dist-packages/actionlib_msgs/_actionlib_msgs_s.ep.rosidl_typesupport_c.c
[9.955s] -- Up-to-date symlink: /home/aajaer/microros_ws/install/actionlib_msgs/local/lib/python3.10/dist-packages/actionlib_msgs/_actionlib_msgs_s.ep.rosidl_typesupport_fastrtps_c.c
[9.955s] -- Up-to-date symlink: /home/aajaer/microros_ws/install/actionlib_msgs/local/lib/python3.10/dist-packages/actionlib_msgs/_actionlib_msgs_s.ep.rosidl_typesupport_introspection_c.c
[9.956s] -- Up-to-date symlink: /home/aajaer/microros_ws/install/actionlib_msgs/local/lib/python3.10/dist-packages/actionlib_msgs/_actionlib_msgs_s.ep.rosidl_typesupport_microxrcedds_c.c
[9.956s] -- Up-to-date symlink: /home/aajaer/microros_ws/install/actionlib_msgs/local/lib/python3.10/dist-packages/actionlib_msgs/actionlib_msgs_s__rosidl_typesupport_c.cpython-310-aarch64-linux-gnu.so
[9.956s] -- Up-to-date symlink: /home/aajaer/microros_ws/install/actionlib_msgs/local/lib/python3.10/dist-packages/actionlib_msgs/actionlib_msgs_s__rosidl_typesupport_fastrtps_c.cpython-310-aarch64-linux-gnu.so
[9.957s] -- Up-to-date symlink: /home/aajaer/microros_ws/install/actionlib_msgs/local/lib/python3.10/dist-packages/actionlib_msgs/actionlib_msgs_s__rosidl_typesupport_introspection_c.cpython-310-aarch64-linux-gnu.so
[9.957s] -- Up-to-date symlink: /home/aajaer/microros_ws/install/actionlib_msgs/local/lib/python3.10/dist-packages/actionlib_msgs/actionlib_msgs_s__rosidl_typesupport_microxrcedds_c.cpython-310-aarch64-linux-gnu.so
[9.957s] -- Up-to-date symlink: /home/aajaer/microros_ws/install/actionlib_msgs/local/lib/python3.10/dist-packages/actionlib_msgs/libactionlib_msgs__rosidl_generator_py.so
[9.958s] -- Up-to-date symlink: /home/aajaer/microros_ws/install/actionlib_msgs/local/lib/python3.10/dist-packages/actionlib_msgs/msg/__init__.py
[9.958s] -- Up-to-date symlink: /home/aajaer/microros_ws/install/actionlib_msgs/local/lib/python3.10/dist-packages/actionlib_msgs/msg/_goal_id.py
[9.959s] -- Up-to-date symlink: /home/aajaer/microros_ws/install/actionlib_msgs/local/lib/python3.10/dist-packages/actionlib_msgs/msg/_goal_id_s.c
[9.959s] -- Up-to-date symlink: /home/aajaer/microros_ws/install/actionlib_msgs/local/lib/python3.10/dist-packages/actionlib_msgs/msg/_goal_status.py
[9.959s] -- Up-to-date symlink: /home/aajaer/microros_ws/install/actionlib_msgs/local/lib/python3.10/dist-packages/actionlib_msgs/msg/_goal_status_array.py
[9.960s] -- Up-to-date symlink: /home/aajaer/microros_ws/install/actionlib_msgs/local/lib/python3.10/dist-packages/actionlib_msgs/msg/_goal_status_array_s.c
[9.960s] -- Up-to-date symlink: /home/aajaer/microros_ws/install/actionlib_msgs/local/lib/python3.10/dist-packages/actionlib_msgs/msg/_goal_status_s.c
[9.961s] -- Up-to-date symlink: /home/aajaer/microros_ws/install/actionlib_msgs/local/lib/python3.10/dist-packages/actionlib_msgs/actionlib_msgs_s__rosidl_typesupport_fastrtps_c.cpython-310-aarch64-linux-gnu.so
[9.961s] -- Up-to-date symlink: /home/aajaer/microros_ws/install/actionlib_msgs/local/lib/python3.10/dist-packages/actionlib_msgs/actionlib_msgs_s__rosidl_typesupport_introspection_c.cpython-310-aarch64-linux-gnu.so
[9.962s] -- Up-to-date symlink: /home/aajaer/microros_ws/install/actionlib_msgs/local/lib/python3.10/dist-packages/actionlib_msgs/actionlib_msgs_s__rosidl_typesupport_c.cpython-310-aarch64-linux-gnu.so
[9.962s] -- Up-to-date symlink: /home/aajaer/microros_ws/install/actionlib_msgs/share/actionlib_msgs/msg/GoalID.idl
[9.963s] -- Up-to-date symlink: /home/aajaer/microros_ws/install/actionlib_msgs/share/actionlib_msgs/msg/GoalStatus.idl
[9.963s] -- Up-to-date symlink: /home/aajaer/microros_ws/install/actionlib_msgs/share/actionlib_msgs/msg/GoalStatusArray.idl
[9.964s] -- Up-to-date symlink: /home/aajaer/microros_ws/install/actionlib_msgs/share/actionlib_msgs/msg/GoalID.msg
[9.964s] -- Up-to-date symlink: /home/aajaer/microros_ws/install/actionlib_msgs/share/actionlib_msgs/msg/GoalStatus.msg
[9.965s] -- Up-to-date symlink: /home/aajaer/microros_ws/install/actionlib_msgs/share/actionlib_msgs/msg/GoalStatusArray.msg
[9.966s] -- Up-to-date symlink: /home/aajaer/microros_ws/install/actionlib_msgs/share/ament_index/resource_index/package_run_dependencies/actionlib_msgs
[9.967s] -- Up-to-date symlink: /home/aajaer/microros_ws/install/actionlib_msgs/share/ament_index/resource_index/parent_prefix_path/actionlib_msgs
[9.967s] -- Up-to-date symlink: /home/aajaer/microros_ws/install/actionlib_msgs/share/actionlib_msgs/environment/ament_prefix_path.sh
[9.968s] -- Up-to-date symlink: /home/aajaer/microros_ws/install/actionlib_msgs/share/actionlib_msgs/environment/ament_prefix_path.dsv
[9.968s] -- Up-to-date symlink: /home/aajaer/microros_ws/install/actionlib_msgs/share/actionlib_msgs/environment/path.sh
[9.968s] -- Up-to-date symlink: /home/aajaer/microros_ws/install/actionlib_msgs/share/actionlib_msgs/environment/path.dsv
[9.969s] -- Up-to-date symlink: /home/aajaer/microros_ws/install/actionlib_msgs/share/actionlib_msgs/local_setup.bash
[9.969s] -- Up-to-date symlink: /home/aajaer/microros_ws/install/actionlib_msgs/share/actionlib_msgs/local_setup.sh
[9.969s] -- Up-to-date symlink: /home/aajaer/microros_ws/install/actionlib_msgs/share/actionlib_msgs/local_setup.zsh
[9.970s] -- Up-to-date symlink: /home/aajaer/microros_ws/install/actionlib_msgs/share/actionlib_msgs/local_setup.dsv
[9.970s] -- Symlinking: /home/aajaer/microros_ws/install/actionlib_msgs/share/actionlib_msgs/package.dsv
[9.989s] -- Up-to-date symlink: /home/aajaer/microros_ws/install/actionlib_msgs/share/ament_index/resource_index/packages/actionlib_msgs
[9.989s] -- Up-to-date symlink: /home/aajaer/microros_ws/install/actionlib_msgs/share/actionlib_msgs/cmake/rosidl_cmake-extras.cmake
[9.989s] -- Up-to-date symlink: /home/aajaer/microros_ws/install/actionlib_msgs/share/actionlib_msgs/cmake/ament_cmake_export_dependencies-extras.cmake
[9.990s] -- Up-to-date symlink: /home/aajaer/microros_ws/install/actionlib_msgs/share/actionlib_msgs/cmake/ament_cmake_export_include_directories-extras.cmake
[9.990s] -- Up-to-date symlink: /home/aajaer/microros_ws/install/actionlib_msgs/share/actionlib_msgs/cmake/ament_cmake_export_libraries-extras.cmake
[9.990s] -- Up-to-date symlink: /home/aajaer/microros_ws/install/actionlib_msgs/share/actionlib_msgs/cmake/ament_cmake_export_targets-extras.cmake
[9.991s] -- Up-to-date symlink: /home/aajaer/microros_ws/install/actionlib_msgs/share/actionlib_msgs/cmake/rosidl_cmake_export_typesupport_targets-extras.cmake
[9.991s] -- Up-to-date symlink: /home/aajaer/microros_ws/install/actionlib_msgs/share/actionlib_msgs/cmake/rosidl_cmake_export_typesupport_libraries-extras.cmake
[9.992s] -- Up-to-date symlink: /home/aajaer/microros_ws/install/actionlib_msgs/share/actionlib_msgs/cmake/actionlib_msgsConfig.cmake
[9.992s] -- Up-to-date symlink: /home/aajaer/microros_ws/install/actionlib_msgs/share/actionlib_msgs/cmake/actionlib_msgsConfig-version.cmake
[9.992s] -- Up-to-date symlink: /home/aajaer/microros_ws/install/actionlib_msgs/share/actionlib_msgs/package.xml
[9.993s] -- Up-to-date: /home/aajaer/microros_ws/install/actionlib_msgs/lib/libactionlib_msgs__rosidl_generator_c.so
[9.994s] -- Up-to-date: /home/aajaer/microros_ws/install/actionlib_msgs/lib/libactionlib_msgs__rosidl_typesupport_fastrtps_c.so
[9.995s] -- Up-to-date: /home/aajaer/microros_ws/install/actionlib_msgs/lib/libactionlib_msgs__rosidl_typesupport_fastrtps_cpp.so
[9.996s] -- Up-to-date: /home/aajaer/microros_ws/install/actionlib_msgs/lib/libactionlib_msgs__rosidl_typesupport_introspection_c.so
[9.997s] -- Installing: /home/aajaer/microros_ws/install/actionlib_msgs/lib/libactionlib_msgs__rosidl_typesupport_c.so
[9.998s] -- Set runtime path of "/home/aajaer/microros_ws/install/actionlib_msgs/lib/libactionlib_msgs__rosidl_typesupport_c.so" to ""
[9.998s] -- Up-to-date: /home/aajaer/microros_ws/install/actionlib_msgs/lib/libactionlib_msgs__rosidl_typesupport_introspection_cpp.so
[9.999s] -- Installing: /home/aajaer/microros_ws/install/actionlib_msgs/lib/libactionlib_msgs__rosidl_typesupport_cpp.so
[10.000s] -- Set runtime path of "/home/aajaer/microros_ws/install/actionlib_msgs/lib/libactionlib_msgs__rosidl_typesupport_cpp.so" to ""
[10.076s] Listing '/home/aajaer/microros_ws/install/actionlib_msgs/local/lib/python3.10/dist-packages/actionlib_msgs'...
[10.076s] Compiling '/home/aajaer/microros_ws/install/actionlib_msgs/local/lib/python3.10/dist-packages/actionlib_msgs/__init__.py'...
[10.076s] Listing '/home/aajaer/microros_ws/install/actionlib_msgs/local/lib/python3.10/dist-packages/actionlib_msgs/msg'...
[10.091s] -- Installing: /home/aajaer/microros_ws/install/actionlib_msgs/lib/libactionlib_msgs__rosidl_generator_py.so
[10.093s] -- Set runtime path of "/home/aajaer/microros_ws/install/actionlib_msgs/lib/libactionlib_msgs__rosidl_generator_py.so" to ""
[10.093s] -- Up-to-date: /home/aajaer/microros_ws/install/actionlib_msgs/share/actionlib_msgs/cmake/export_actionlib_msgs__rosidl_generator_cExport.cmake
[10.094s] -- Up-to-date: /home/aajaer/microros_ws/install/actionlib_msgs/share/actionlib_msgs/cmake/export_actionlib_msgs__rosidl_generator_cExport-noconfig.cmake
[10.095s] -- Up-to-date: /home/aajaer/microros_ws/install/actionlib_msgs/share/actionlib_msgs/cmake/export_actionlib_msgs__rosidl_typesupport_fastrtps_cExport.cmake
[10.095s] -- Up-to-date: /home/aajaer/microros_ws/install/actionlib_msgs/share/actionlib_msgs/cmake/export_actionlib_msgs__rosidl_typesupport_fastrtps_cExport-noconfig.cmake
[10.096s] -- Up-to-date: /home/aajaer/microros_ws/install/actionlib_msgs/share/actionlib_msgs/cmake/export_actionlib_msgs__rosidl_generator_cppExport.cmake
[10.096s] -- Up-to-date: /home/aajaer/microros_ws/install/actionlib_msgs/share/actionlib_msgs/cmake/export_actionlib_msgs__rosidl_typesupport_fastrtps_cppExport.cmake
[10.097s] -- Up-to-date: /home/aajaer/microros_ws/install/actionlib_msgs/share/actionlib_msgs/cmake/export_actionlib_msgs__rosidl_typesupport_fastrtps_cppExport-noconfig.cmake
[10.098s] -- Up-to-date: /home/aajaer/microros_ws/install/actionlib_msgs/share/actionlib_msgs/cmake/actionlib_msgs__rosidl_typesupport_introspection_cExport.cmake
[10.098s] -- Up-to-date: /home/aajaer/microros_ws/install/actionlib_msgs/share/actionlib_msgs/cmake/actionlib_msgs__rosidl_typesupport_introspection_cExport-noconfig.cmake
[10.099s] -- Up-to-date: /home/aajaer/microros_ws/install/actionlib_msgs/share/actionlib_msgs/cmake/actionlib_msgs__rosidl_typesupport_cExport.cmake
[10.099s] -- Up-to-date: /home/aajaer/microros_ws/install/actionlib_msgs/share/actionlib_msgs/cmake/actionlib_msgs__rosidl_typesupport_cExport-noconfig.cmake
[10.100s] -- Up-to-date: /home/aajaer/microros_ws/install/actionlib_msgs/share/actionlib_msgs/cmake/actionlib_msgs__rosidl_typesupport_introspection_cppExport.cmake
[10.100s] -- Up-to-date: /home/aajaer/microros_ws/install/actionlib_msgs/share/actionlib_msgs/cmake/actionlib_msgs__rosidl_typesupport_introspection_cppExport-noconfig.cmake
[10.101s] -- Up-to-date: /home/aajaer/microros_ws/install/actionlib_msgs/share/actionlib_msgs/cmake/actionlib_msgs__rosidl_typesupport_cppExport.cmake
[10.101s] -- Up-to-date: /home/aajaer/microros_ws/install/actionlib_msgs/share/actionlib_msgs/cmake/actionlib_msgs__rosidl_typesupport_cppExport-noconfig.cmake
[10.102s] -- Up-to-date: /home/aajaer/microros_ws/install/actionlib_msgs/share/actionlib_msgs/cmake/export_actionlib_msgs__rosidl_generator_pyExport.cmake
[10.102s] -- Up-to-date: /home/aajaer/microros_ws/install/actionlib_msgs/share/actionlib_msgs/cmake/export_actionlib_msgs__rosidl_generator_pyExport-noconfig.cmake
[10.110s] Invoked command in '/home/aajaer/microros_ws/build/actionlib_msgs' returned '0': AMENT_PREFIX_PATH=/home/aajaer/microros_ws/install/std_msgs:/home/aajaer/microros_ws/install/builtin_interfaces:${AMENT_PREFIX_PATH} CMAKE_PREFIX_PATH=/home/aajaer/microros_ws/install/std_msgs:/home/aajaer/microros_ws/install/builtin_interfaces:/opt/ros/humble:/opt/ros/humble LD_LIBRARY_PATH=/home/aajaer/microros_ws/install/std_msgs/lib:/home/aajaer/microros_ws/install/builtin_interfaces/lib:/opt/ros/humble/opt/rviz_ogre_vendor/lib:/opt/ros/humble/lib/aarch64-linux-gnu:/opt/ros/humble/lib PYTHONPATH=/home/aajaer/microros_ws/install/std_msgs/local/lib/python3.10/dist-packages:/home/aajaer/microros_ws/install/builtin_interfaces/local/lib/python3.10/dist-packages:${PYTHONPATH} /usr/bin/cmake --install /home/aajaer/microros_ws/build/actionlib_msgs
