[0.140s] Invoking command in '/home/aajaer/microros_ws/build/micro_ros_demos_rclc': CMAKE_PREFIX_PATH=/home/aajaer/microros_ws/install/visualization_msgs:/home/aajaer/microros_ws/install/rclc_parameter:/home/aajaer/microros_ws/install/sensor_msgs:/home/aajaer/microros_ws/install/rmw_microxrcedds:/home/aajaer/microros_ws/install/rclc:/home/aajaer/microros_ws/install/test_msgs:/home/aajaer/microros_ws/install/rosidl_typesupport_microxrcedds_cpp:/home/aajaer/microros_ws/install/geometry_msgs:/home/aajaer/microros_ws/install/example_interfaces:/home/aajaer/microros_ws/install/std_msgs:/home/aajaer/microros_ws/install/rosidl_typesupport_microxrcedds_c:/home/aajaer/microros_ws/install/rcl_interfaces:/home/aajaer/microros_ws/install/microxrcedds_client:/home/aajaer/microros_ws/install/complex_msgs:/home/aajaer/microros_ws/install/action_msgs:/home/aajaer/microros_ws/install/unique_identifier_msgs:/home/aajaer/microros_ws/install/microcdr:/home/aajaer/microros_ws/install/micro_ros_utilities:/home/aajaer/microros_ws/install/micro_ros_msgs:/home/aajaer/microros_ws/install/builtin_interfaces:/home/aajaer/microros_ws/install/micro_ros_demos_rclc:/home/aajaer/microros_ws/install/common_interfaces:/home/aajaer/microros_ws/install/trajectory_msgs:/home/aajaer/microros_ws/install/stereo_msgs:/home/aajaer/microros_ws/install/sllidar_ros2:/home/aajaer/microros_ws/install/std_srvs:/home/aajaer/microros_ws/install/shape_msgs:/home/aajaer/microros_ws/install/nav_msgs:/home/aajaer/microros_ws/install/diagnostic_msgs:/home/aajaer/microros_ws/install/actionlib_msgs:/home/aajaer/microros_ws/install/statistics_msgs:/home/aajaer/microros_ws/install/rosidl_typesupport_microxrcedds_test_msg:/home/aajaer/microros_ws/install/rosidl_typesupport_microxrcedds_cpp_tests:/home/aajaer/microros_ws/install/rosidl_typesupport_microxrcedds_c_tests:/home/aajaer/microros_ws/install/rosgraph_msgs:/home/aajaer/microros_ws/install/composition_interfaces:/home/aajaer/microros_ws/install/micro_ros_setup:/home/aajaer/microros_ws/install/micro_ros_agent:/home/aajaer/microros_ws/install/lifecycle_msgs:/opt/ros/humble:/opt/ros/humble:/home/aajaer/microros_ws/install/sensor_msgs_py:/home/aajaer/microros_ws/install/motor_control_pkg LD_LIBRARY_PATH=/home/aajaer/microros_ws/install/visualization_msgs/lib:/home/aajaer/microros_ws/install/sensor_msgs/lib:/home/aajaer/microros_ws/install/rmw_microxrcedds/lib:/home/aajaer/microros_ws/install/rclc/lib:/home/aajaer/microros_ws/install/test_msgs/lib:/home/aajaer/microros_ws/install/geometry_msgs/lib:/home/aajaer/microros_ws/install/example_interfaces/lib:/home/aajaer/microros_ws/install/std_msgs/lib:/home/aajaer/microros_ws/install/rcl_interfaces/lib:/home/aajaer/microros_ws/install/complex_msgs/lib:/home/aajaer/microros_ws/install/action_msgs/lib:/home/aajaer/microros_ws/install/unique_identifier_msgs/lib:/home/aajaer/microros_ws/install/micro_ros_msgs/lib:/home/aajaer/microros_ws/install/builtin_interfaces/lib:/home/aajaer/microros_ws/install/trajectory_msgs/lib:/home/aajaer/microros_ws/install/stereo_msgs/lib:/home/aajaer/microros_ws/install/std_srvs/lib:/home/aajaer/microros_ws/install/shape_msgs/lib:/home/aajaer/microros_ws/install/nav_msgs/lib:/home/aajaer/microros_ws/install/diagnostic_msgs/lib:/home/aajaer/microros_ws/install/actionlib_msgs/lib:/home/aajaer/microros_ws/install/statistics_msgs/lib:/home/aajaer/microros_ws/install/rosidl_typesupport_microxrcedds_test_msg/lib:/home/aajaer/microros_ws/install/rosidl_typesupport_microxrcedds_cpp/lib:/home/aajaer/microros_ws/install/rosidl_typesupport_microxrcedds_c/lib:/home/aajaer/microros_ws/install/rosgraph_msgs/lib:/home/aajaer/microros_ws/install/rclc_parameter/lib:/home/aajaer/microros_ws/install/composition_interfaces/lib:/home/aajaer/microros_ws/install/micro_ros_utilities/lib:/home/aajaer/microros_ws/install/micro_ros_agent/lib:/home/aajaer/microros_ws/install/lifecycle_msgs/lib:/opt/ros/humble/opt/rviz_ogre_vendor/lib:/opt/ros/humble/lib/aarch64-linux-gnu:/opt/ros/humble/lib /usr/bin/cmake --build /home/aajaer/microros_ws/build/micro_ros_demos_rclc -- -j8 -l8
[0.275s] [  0%] [34m[1mPerforming build step for 'subscription_count'[0m
[0.287s] [  1%] [34m[1mPerforming build step for 'graph_visualizer'[0m
[0.291s] [  1%] [34m[1mPerforming build step for 'int32_publisher'[0m
[0.301s] [  2%] [34m[1mPerforming build step for 'configured_subscriber'[0m
[0.307s] [  2%] [34m[1mPerforming build step for 'publisher_count'[0m
[0.311s] [  2%] [34m[1mPerforming build step for 'addtwoints_server'[0m
[0.336s] [  3%] [34m[1mPerforming build step for 'configured_publisher'[0m
[0.341s] [  4%] [34m[1mPerforming build step for 'int32_subscriber'[0m
[0.446s] [100%] Built target subscription_count
[0.465s] [100%] Built target graph_visualizer
[0.471s] [100%] Built target addtwoints_server
[0.472s] [100%] Built target publisher_count
[0.477s] [100%] Built target int32_publisher
[0.494s] [100%] Built target configured_subscriber
[0.504s] [100%] Built target configured_publisher
[0.535s] [  4%] [34m[1mPerforming install step for 'subscription_count'[0m
[0.535s] [  4%] [34m[1mPerforming install step for 'graph_visualizer'[0m
[0.550s] [  5%] [34m[1mPerforming install step for 'publisher_count'[0m
[0.550s] [100%] Built target int32_subscriber
[0.558s] [  6%] [34m[1mPerforming install step for 'addtwoints_server'[0m
[0.561s] [  7%] [34m[1mPerforming install step for 'int32_publisher'[0m
[0.563s] [  7%] [34m[1mPerforming install step for 'configured_publisher'[0m
[0.594s] [  7%] [34m[1mPerforming install step for 'configured_subscriber'[0m
[0.622s] [  7%] [34m[1mPerforming install step for 'int32_subscriber'[0m
[0.700s] [100%] Built target publisher_count
[0.714s] [100%] Built target addtwoints_server
[0.733s] [100%] Built target int32_publisher
[0.742s] [100%] Built target subscription_count
[0.755s] [36mInstall the project...[0m
[0.764s] [100%] Built target configured_publisher
[0.778s] -- Install configuration: ""
[0.778s] -- Up-to-date: /home/aajaer/microros_ws/build/micro_ros_demos_rclc/temp_install/publisher_count/publisher_count
[0.781s] [100%] Built target graph_visualizer
[0.792s] [100%] Built target configured_subscriber
[0.793s] [36mInstall the project...[0m
[0.793s] [36mInstall the project...[0m
[0.810s] [100%] Built target int32_subscriber
[0.837s] -- Install configuration: ""
[0.837s] -- Up-to-date: /home/aajaer/microros_ws/build/micro_ros_demos_rclc/temp_install/addtwoints_server/addtwoints_server
[0.837s] [36mInstall the project...[0m
[0.842s] -- Install configuration: ""
[0.843s] -- Up-to-date: /home/aajaer/microros_ws/build/micro_ros_demos_rclc/temp_install/int32_publisher/int32_publisher
[0.843s] [36mInstall the project...[0m
[0.850s] [36mInstall the project...[0m
[0.863s] [  8%] [34m[1mCompleted 'publisher_count'[0m
[0.868s] [36mInstall the project...[0m
[0.872s] [36mInstall the project...[0m
[0.874s] -- Install configuration: ""
[0.875s] -- Up-to-date: /home/aajaer/microros_ws/build/micro_ros_demos_rclc/temp_install/graph_visualizer/graph_visualizer
[0.879s] -- Install configuration: ""
[0.879s] -- Up-to-date: /home/aajaer/microros_ws/build/micro_ros_demos_rclc/temp_install/configured_publisher/configured_publisher
[0.887s] -- Install configuration: ""
[0.889s] -- Up-to-date: /home/aajaer/microros_ws/build/micro_ros_demos_rclc/temp_install/subscription_count/subscription_count
[0.891s] -- Install configuration: ""
[0.891s] -- Up-to-date: /home/aajaer/microros_ws/build/micro_ros_demos_rclc/temp_install/int32_subscriber/int32_subscriber
[0.895s] -- Install configuration: ""
[0.898s] -- Up-to-date: /home/aajaer/microros_ws/build/micro_ros_demos_rclc/temp_install/configured_subscriber/configured_subscriber
[0.915s] [  9%] [34m[1mCompleted 'addtwoints_server'[0m
[0.940s] [  9%] [34m[1mCompleted 'int32_subscriber'[0m
[0.943s] [ 10%] [34m[1mCompleted 'int32_publisher'[0m
[0.946s] [ 10%] [34m[1mCompleted 'configured_publisher'[0m
[0.964s] [ 11%] [34m[1mCompleted 'subscription_count'[0m
[0.965s] [ 11%] [34m[1mCompleted 'graph_visualizer'[0m
[0.996s] [ 11%] [34m[1mCompleted 'configured_subscriber'[0m
[1.012s] [ 13%] Built target publisher_count
[1.021s] [ 15%] Built target addtwoints_server
[1.044s] [ 17%] Built target int32_subscriber
[1.053s] [ 20%] Built target configured_publisher
[1.066s] [ 23%] Built target graph_visualizer
[1.085s] [ 25%] Built target int32_publisher
[1.089s] [ 26%] [34m[1mPerforming build step for 'fibonacci_action_server'[0m
[1.116s] [ 26%] [34m[1mPerforming build step for 'addtwoints_client'[0m
[1.117s] [ 26%] [34m[1mPerforming build step for 'fibonacci_action_client'[0m
[1.129s] [ 29%] Built target subscription_count
[1.136s] [ 32%] [34m[1mPerforming build step for 'int32_multinode'[0m
[1.137s] [ 32%] Built target configured_subscriber
[1.151s] [ 32%] [34m[1mPerforming build step for 'int32_publisher_subscriber'[0m
[1.188s] [ 33%] [34m[1mPerforming build step for 'ping_pong'[0m
[1.206s] [ 34%] [34m[1mPerforming build step for 'ping_uros_agent'[0m
[1.230s] [ 34%] [34m[1mPerforming build step for 'fragmented_publication'[0m
[1.276s] [100%] Built target fibonacci_action_server
[1.278s] [100%] Built target fibonacci_action_client
[1.293s] [100%] Built target addtwoints_client
[1.314s] [100%] Built target int32_publisher_subscriber
[1.322s] [100%] Built target int32_multinode
[1.337s] [ 34%] [34m[1mPerforming install step for 'fibonacci_action_server'[0m
[1.356s] [100%] Built target ping_uros_agent
[1.362s] [ 35%] [34m[1mPerforming install step for 'addtwoints_client'[0m
[1.367s] [100%] Built target ping_pong
[1.386s] [ 35%] [34m[1mPerforming install step for 'fibonacci_action_client'[0m
[1.386s] [ 35%] [34m[1mPerforming install step for 'int32_publisher_subscriber'[0m
[1.413s] [ 35%] [34m[1mPerforming install step for 'int32_multinode'[0m
[1.432s] [ 36%] [34m[1mPerforming install step for 'ping_uros_agent'[0m
[1.444s] [100%] Built target fragmented_publication
[1.445s] [ 36%] [34m[1mPerforming install step for 'ping_pong'[0m
[1.505s] [ 37%] [34m[1mPerforming install step for 'fragmented_publication'[0m
[1.535s] [100%] Built target fibonacci_action_server
[1.559s] [100%] Built target fibonacci_action_client
[1.568s] [100%] Built target addtwoints_client
[1.570s] [100%] Built target int32_publisher_subscriber
[1.590s] [100%] Built target ping_uros_agent
[1.597s] [100%] Built target int32_multinode
[1.614s] [36mInstall the project...[0m
[1.617s] [36mInstall the project...[0m
[1.618s] [100%] Built target ping_pong
[1.621s] [36mInstall the project...[0m
[1.644s] -- Install configuration: ""
[1.645s] -- Up-to-date: /home/aajaer/microros_ws/build/micro_ros_demos_rclc/temp_install/addtwoints_client/addtwoints_client
[1.647s] -- Install configuration: ""
[1.647s] -- Up-to-date: /home/aajaer/microros_ws/build/micro_ros_demos_rclc/temp_install/fibonacci_action_client/fibonacci_action_client
[1.657s] [36mInstall the project...[0m
[1.658s] -- Install configuration: ""
[1.658s] -- Up-to-date: /home/aajaer/microros_ws/build/micro_ros_demos_rclc/temp_install/fibonacci_action_server/fibonacci_action_server
[1.674s] [36mInstall the project...[0m
[1.681s] -- Install configuration: ""
[1.681s] -- Up-to-date: /home/aajaer/microros_ws/build/micro_ros_demos_rclc/temp_install/int32_publisher_subscriber/int32_publisher_subscriber
[1.685s] [100%] Built target fragmented_publication
[1.689s] [36mInstall the project...[0m
[1.704s] [36mInstall the project...[0m
[1.709s] [ 38%] [34m[1mCompleted 'fibonacci_action_client'[0m
[1.712s] -- Install configuration: ""
[1.713s] -- Up-to-date: /home/aajaer/microros_ws/build/micro_ros_demos_rclc/temp_install/ping_uros_agent/ping_uros_agent
[1.734s] [ 38%] [34m[1mCompleted 'addtwoints_client'[0m
[1.738s] -- Install configuration: ""
[1.739s] -- Up-to-date: /home/aajaer/microros_ws/build/micro_ros_demos_rclc/temp_install/int32_multinode/int32_multinode
[1.747s] -- Install configuration: ""
[1.747s] -- Up-to-date: /home/aajaer/microros_ws/build/micro_ros_demos_rclc/temp_install/ping_pong/ping_pong
[1.757s] [36mInstall the project...[0m
[1.767s] [ 38%] [34m[1mCompleted 'fibonacci_action_server'[0m
[1.768s] [ 39%] [34m[1mCompleted 'int32_publisher_subscriber'[0m
[1.771s] [ 39%] [34m[1mCompleted 'ping_uros_agent'[0m
[1.802s] -- Install configuration: ""
[1.805s] -- Up-to-date: /home/aajaer/microros_ws/build/micro_ros_demos_rclc/temp_install/fragmented_publication/fragmented_publication
[1.838s] [ 39%] [34m[1mCompleted 'int32_multinode'[0m
[1.839s] [ 39%] [34m[1mCompleted 'ping_pong'[0m
[1.841s] [ 42%] Built target fibonacci_action_client
[1.862s] [ 42%] [34m[1mCompleted 'fragmented_publication'[0m
[1.882s] [ 44%] Built target addtwoints_client
[1.890s] [ 47%] Built target fibonacci_action_server
[1.915s] [ 50%] Built target int32_publisher_subscriber
[1.929s] [ 51%] Built target ping_uros_agent
[1.939s] [ 53%] Built target int32_multinode
[1.953s] [ 54%] [34m[1mPerforming build step for 'complex_msg_publisher'[0m
[1.953s] [ 54%] [34m[1mPerforming build step for 'fragmented_subscription'[0m
[1.972s] [ 57%] Built target ping_pong
[1.975s] [ 57%] [34m[1mPerforming build step for 'complex_msg_subscriber'[0m
[1.991s] [ 58%] [34m[1mPerforming build step for 'timer'[0m
[1.996s] [ 59%] [34m[1mPerforming build step for 'string_subscriber'[0m
[1.996s] [ 59%] [34m[1mPerforming build step for 'string_publisher'[0m
[2.008s] [ 61%] Built target fragmented_publication
[2.057s] [ 62%] [34m[1mPerforming build step for 'autodiscover_agent'[0m
[2.076s] [ 63%] [34m[1mPerforming build step for 'static_type_handling'[0m
[2.107s] [100%] Built target complex_msg_publisher
[2.108s] [100%] Built target fragmented_subscription
[2.117s] [100%] Built target string_subscriber
[2.121s] [100%] Built target complex_msg_subscriber
[2.130s] [100%] Built target string_publisher
[2.130s] [100%] Built target timer
[2.168s] [ 65%] [34m[1mPerforming install step for 'string_subscriber'[0m
[2.169s] [ 65%] [34m[1mPerforming install step for 'complex_msg_publisher'[0m
[2.173s] [ 67%] [34m[1mPerforming install step for 'fragmented_subscription'[0m
[2.173s] [ 67%] [34m[1mPerforming install step for 'complex_msg_subscriber'[0m
[2.176s] [ 67%] [34m[1mPerforming install step for 'string_publisher'[0m
[2.185s] [100%] Built target autodiscover_agent
[2.193s] [ 67%] [34m[1mPerforming install step for 'timer'[0m
[2.244s] [100%] Built target static_type_handling
[2.246s] [ 67%] [34m[1mPerforming install step for 'autodiscover_agent'[0m
[2.292s] [ 67%] [34m[1mPerforming install step for 'static_type_handling'[0m
[2.294s] [100%] Built target fragmented_subscription
[2.301s] [100%] Built target string_publisher
[2.302s] [100%] Built target complex_msg_subscriber
[2.305s] [100%] Built target complex_msg_publisher
[2.313s] [100%] Built target string_subscriber
[2.328s] [100%] Built target timer
[2.351s] [36mInstall the project...[0m
[2.352s] [36mInstall the project...[0m
[2.360s] [36mInstall the project...[0m
[2.367s] [36mInstall the project...[0m
[2.374s] [36mInstall the project...[0m
[2.380s] [36mInstall the project...[0m
[2.384s] -- Install configuration: ""
[2.388s] -- Install configuration: ""
[2.389s] -- Up-to-date: /home/aajaer/microros_ws/build/micro_ros_demos_rclc/temp_install/complex_msg_subscriber/complex_msg_subscriber
[2.393s] -- Install configuration: ""
[2.394s] [100%] Built target autodiscover_agent
[2.394s] -- Up-to-date: /home/aajaer/microros_ws/build/micro_ros_demos_rclc/temp_install/string_subscriber/string_subscriber
[2.394s] -- Up-to-date: /home/aajaer/microros_ws/build/micro_ros_demos_rclc/temp_install/complex_msg_publisher/complex_msg_publisher
[2.398s] -- Install configuration: ""
[2.398s] -- Install configuration: ""
[2.398s] -- Up-to-date: /home/aajaer/microros_ws/build/micro_ros_demos_rclc/temp_install/fragmented_subscription/fragmented_subscription
[2.398s] -- Up-to-date: /home/aajaer/microros_ws/build/micro_ros_demos_rclc/temp_install/string_publisher/string_publisher
[2.404s] -- Install configuration: ""
[2.404s] -- Up-to-date: /home/aajaer/microros_ws/build/micro_ros_demos_rclc/temp_install/timer/timer
[2.433s] [100%] Built target static_type_handling
[2.440s] [ 68%] [34m[1mCompleted 'string_subscriber'[0m
[2.446s] [36mInstall the project...[0m
[2.447s] [ 68%] [34m[1mCompleted 'string_publisher'[0m
[2.447s] [ 69%] [34m[1mCompleted 'fragmented_subscription'[0m
[2.449s] [ 69%] [34m[1mCompleted 'complex_msg_publisher'[0m
[2.452s] [ 70%] [34m[1mCompleted 'complex_msg_subscriber'[0m
[2.471s] -- Install configuration: ""
[2.471s] -- Up-to-date: /home/aajaer/microros_ws/build/micro_ros_demos_rclc/temp_install/autodiscover_agent/autodiscover_agent
[2.486s] [36mInstall the project...[0m
[2.493s] [ 70%] [34m[1mCompleted 'timer'[0m
[2.510s] -- Install configuration: ""
[2.514s] -- Up-to-date: /home/aajaer/microros_ws/build/micro_ros_demos_rclc/temp_install/static_type_handling/static_type_handling
[2.522s] [ 70%] [34m[1mCompleted 'autodiscover_agent'[0m
[2.539s] [ 72%] Built target string_publisher
[2.539s] [ 75%] Built target string_subscriber
[2.540s] [ 76%] Built target fragmented_subscription
[2.540s] [ 77%] Built target complex_msg_publisher
[2.561s] [ 79%] Built target complex_msg_subscriber
[2.571s] [ 79%] [34m[1mCompleted 'static_type_handling'[0m
[2.583s] [ 82%] Built target timer
[2.591s] [ 82%] [34m[1mPerforming build step for 'multithread_publisher_subscriber'[0m
[2.592s] [ 82%] [34m[1mPerforming build step for 'parameter_server'[0m
[2.592s] [ 82%] [34m[1mPerforming build step for 'epoch_synchronization'[0m
[2.613s] [ 85%] Built target autodiscover_agent
[2.658s] [ 88%] Built target static_type_handling
[2.709s] [100%] Built target multithread_publisher_subscriber
[2.709s] [100%] Built target epoch_synchronization
[2.710s] [100%] Built target parameter_server
[2.759s] [ 90%] [34m[1mPerforming install step for 'multithread_publisher_subscriber'[0m
[2.759s] [ 90%] [34m[1mPerforming install step for 'epoch_synchronization'[0m
[2.759s] [ 90%] [34m[1mPerforming install step for 'parameter_server'[0m
[2.879s] [100%] Built target parameter_server
[2.879s] [100%] Built target epoch_synchronization
[2.879s] [100%] Built target multithread_publisher_subscriber
[2.929s] [36mInstall the project...[0m
[2.930s] [36mInstall the project...[0m
[2.930s] [36mInstall the project...[0m
[2.952s] -- Install configuration: ""
[2.953s] -- Install configuration: ""
[2.953s] -- Up-to-date: /home/aajaer/microros_ws/build/micro_ros_demos_rclc/temp_install/parameter_server/parameter_server
[2.953s] -- Up-to-date: /home/aajaer/microros_ws/build/micro_ros_demos_rclc/temp_install/multithread_publisher_subscriber/multithread_publisher_subscriber
[2.953s] -- Install configuration: ""
[2.953s] -- Up-to-date: /home/aajaer/microros_ws/build/micro_ros_demos_rclc/temp_install/epoch_synchronization/epoch_synchronization
[3.004s] [ 92%] [34m[1mCompleted 'epoch_synchronization'[0m
[3.005s] [ 92%] [34m[1mCompleted 'multithread_publisher_subscriber'[0m
[3.005s] [ 93%] [34m[1mCompleted 'parameter_server'[0m
[3.096s] [ 98%] Built target multithread_publisher_subscriber
[3.096s] [ 98%] Built target epoch_synchronization
[3.096s] [100%] Built target parameter_server
[3.136s] Invoked command in '/home/aajaer/microros_ws/build/micro_ros_demos_rclc' returned '0': CMAKE_PREFIX_PATH=/home/aajaer/microros_ws/install/visualization_msgs:/home/aajaer/microros_ws/install/rclc_parameter:/home/aajaer/microros_ws/install/sensor_msgs:/home/aajaer/microros_ws/install/rmw_microxrcedds:/home/aajaer/microros_ws/install/rclc:/home/aajaer/microros_ws/install/test_msgs:/home/aajaer/microros_ws/install/rosidl_typesupport_microxrcedds_cpp:/home/aajaer/microros_ws/install/geometry_msgs:/home/aajaer/microros_ws/install/example_interfaces:/home/aajaer/microros_ws/install/std_msgs:/home/aajaer/microros_ws/install/rosidl_typesupport_microxrcedds_c:/home/aajaer/microros_ws/install/rcl_interfaces:/home/aajaer/microros_ws/install/microxrcedds_client:/home/aajaer/microros_ws/install/complex_msgs:/home/aajaer/microros_ws/install/action_msgs:/home/aajaer/microros_ws/install/unique_identifier_msgs:/home/aajaer/microros_ws/install/microcdr:/home/aajaer/microros_ws/install/micro_ros_utilities:/home/aajaer/microros_ws/install/micro_ros_msgs:/home/aajaer/microros_ws/install/builtin_interfaces:/home/aajaer/microros_ws/install/micro_ros_demos_rclc:/home/aajaer/microros_ws/install/common_interfaces:/home/aajaer/microros_ws/install/trajectory_msgs:/home/aajaer/microros_ws/install/stereo_msgs:/home/aajaer/microros_ws/install/sllidar_ros2:/home/aajaer/microros_ws/install/std_srvs:/home/aajaer/microros_ws/install/shape_msgs:/home/aajaer/microros_ws/install/nav_msgs:/home/aajaer/microros_ws/install/diagnostic_msgs:/home/aajaer/microros_ws/install/actionlib_msgs:/home/aajaer/microros_ws/install/statistics_msgs:/home/aajaer/microros_ws/install/rosidl_typesupport_microxrcedds_test_msg:/home/aajaer/microros_ws/install/rosidl_typesupport_microxrcedds_cpp_tests:/home/aajaer/microros_ws/install/rosidl_typesupport_microxrcedds_c_tests:/home/aajaer/microros_ws/install/rosgraph_msgs:/home/aajaer/microros_ws/install/composition_interfaces:/home/aajaer/microros_ws/install/micro_ros_setup:/home/aajaer/microros_ws/install/micro_ros_agent:/home/aajaer/microros_ws/install/lifecycle_msgs:/opt/ros/humble:/opt/ros/humble:/home/aajaer/microros_ws/install/sensor_msgs_py:/home/aajaer/microros_ws/install/motor_control_pkg LD_LIBRARY_PATH=/home/aajaer/microros_ws/install/visualization_msgs/lib:/home/aajaer/microros_ws/install/sensor_msgs/lib:/home/aajaer/microros_ws/install/rmw_microxrcedds/lib:/home/aajaer/microros_ws/install/rclc/lib:/home/aajaer/microros_ws/install/test_msgs/lib:/home/aajaer/microros_ws/install/geometry_msgs/lib:/home/aajaer/microros_ws/install/example_interfaces/lib:/home/aajaer/microros_ws/install/std_msgs/lib:/home/aajaer/microros_ws/install/rcl_interfaces/lib:/home/aajaer/microros_ws/install/complex_msgs/lib:/home/aajaer/microros_ws/install/action_msgs/lib:/home/aajaer/microros_ws/install/unique_identifier_msgs/lib:/home/aajaer/microros_ws/install/micro_ros_msgs/lib:/home/aajaer/microros_ws/install/builtin_interfaces/lib:/home/aajaer/microros_ws/install/trajectory_msgs/lib:/home/aajaer/microros_ws/install/stereo_msgs/lib:/home/aajaer/microros_ws/install/std_srvs/lib:/home/aajaer/microros_ws/install/shape_msgs/lib:/home/aajaer/microros_ws/install/nav_msgs/lib:/home/aajaer/microros_ws/install/diagnostic_msgs/lib:/home/aajaer/microros_ws/install/actionlib_msgs/lib:/home/aajaer/microros_ws/install/statistics_msgs/lib:/home/aajaer/microros_ws/install/rosidl_typesupport_microxrcedds_test_msg/lib:/home/aajaer/microros_ws/install/rosidl_typesupport_microxrcedds_cpp/lib:/home/aajaer/microros_ws/install/rosidl_typesupport_microxrcedds_c/lib:/home/aajaer/microros_ws/install/rosgraph_msgs/lib:/home/aajaer/microros_ws/install/rclc_parameter/lib:/home/aajaer/microros_ws/install/composition_interfaces/lib:/home/aajaer/microros_ws/install/micro_ros_utilities/lib:/home/aajaer/microros_ws/install/micro_ros_agent/lib:/home/aajaer/microros_ws/install/lifecycle_msgs/lib:/opt/ros/humble/opt/rviz_ogre_vendor/lib:/opt/ros/humble/lib/aarch64-linux-gnu:/opt/ros/humble/lib /usr/bin/cmake --build /home/aajaer/microros_ws/build/micro_ros_demos_rclc -- -j8 -l8
[3.140s] Invoking command in '/home/aajaer/microros_ws/build/micro_ros_demos_rclc': CMAKE_PREFIX_PATH=/home/aajaer/microros_ws/install/visualization_msgs:/home/aajaer/microros_ws/install/rclc_parameter:/home/aajaer/microros_ws/install/sensor_msgs:/home/aajaer/microros_ws/install/rmw_microxrcedds:/home/aajaer/microros_ws/install/rclc:/home/aajaer/microros_ws/install/test_msgs:/home/aajaer/microros_ws/install/rosidl_typesupport_microxrcedds_cpp:/home/aajaer/microros_ws/install/geometry_msgs:/home/aajaer/microros_ws/install/example_interfaces:/home/aajaer/microros_ws/install/std_msgs:/home/aajaer/microros_ws/install/rosidl_typesupport_microxrcedds_c:/home/aajaer/microros_ws/install/rcl_interfaces:/home/aajaer/microros_ws/install/microxrcedds_client:/home/aajaer/microros_ws/install/complex_msgs:/home/aajaer/microros_ws/install/action_msgs:/home/aajaer/microros_ws/install/unique_identifier_msgs:/home/aajaer/microros_ws/install/microcdr:/home/aajaer/microros_ws/install/micro_ros_utilities:/home/aajaer/microros_ws/install/micro_ros_msgs:/home/aajaer/microros_ws/install/builtin_interfaces:/home/aajaer/microros_ws/install/micro_ros_demos_rclc:/home/aajaer/microros_ws/install/common_interfaces:/home/aajaer/microros_ws/install/trajectory_msgs:/home/aajaer/microros_ws/install/stereo_msgs:/home/aajaer/microros_ws/install/sllidar_ros2:/home/aajaer/microros_ws/install/std_srvs:/home/aajaer/microros_ws/install/shape_msgs:/home/aajaer/microros_ws/install/nav_msgs:/home/aajaer/microros_ws/install/diagnostic_msgs:/home/aajaer/microros_ws/install/actionlib_msgs:/home/aajaer/microros_ws/install/statistics_msgs:/home/aajaer/microros_ws/install/rosidl_typesupport_microxrcedds_test_msg:/home/aajaer/microros_ws/install/rosidl_typesupport_microxrcedds_cpp_tests:/home/aajaer/microros_ws/install/rosidl_typesupport_microxrcedds_c_tests:/home/aajaer/microros_ws/install/rosgraph_msgs:/home/aajaer/microros_ws/install/composition_interfaces:/home/aajaer/microros_ws/install/micro_ros_setup:/home/aajaer/microros_ws/install/micro_ros_agent:/home/aajaer/microros_ws/install/lifecycle_msgs:/opt/ros/humble:/opt/ros/humble:/home/aajaer/microros_ws/install/sensor_msgs_py:/home/aajaer/microros_ws/install/motor_control_pkg LD_LIBRARY_PATH=/home/aajaer/microros_ws/install/visualization_msgs/lib:/home/aajaer/microros_ws/install/sensor_msgs/lib:/home/aajaer/microros_ws/install/rmw_microxrcedds/lib:/home/aajaer/microros_ws/install/rclc/lib:/home/aajaer/microros_ws/install/test_msgs/lib:/home/aajaer/microros_ws/install/geometry_msgs/lib:/home/aajaer/microros_ws/install/example_interfaces/lib:/home/aajaer/microros_ws/install/std_msgs/lib:/home/aajaer/microros_ws/install/rcl_interfaces/lib:/home/aajaer/microros_ws/install/complex_msgs/lib:/home/aajaer/microros_ws/install/action_msgs/lib:/home/aajaer/microros_ws/install/unique_identifier_msgs/lib:/home/aajaer/microros_ws/install/micro_ros_msgs/lib:/home/aajaer/microros_ws/install/builtin_interfaces/lib:/home/aajaer/microros_ws/install/trajectory_msgs/lib:/home/aajaer/microros_ws/install/stereo_msgs/lib:/home/aajaer/microros_ws/install/std_srvs/lib:/home/aajaer/microros_ws/install/shape_msgs/lib:/home/aajaer/microros_ws/install/nav_msgs/lib:/home/aajaer/microros_ws/install/diagnostic_msgs/lib:/home/aajaer/microros_ws/install/actionlib_msgs/lib:/home/aajaer/microros_ws/install/statistics_msgs/lib:/home/aajaer/microros_ws/install/rosidl_typesupport_microxrcedds_test_msg/lib:/home/aajaer/microros_ws/install/rosidl_typesupport_microxrcedds_cpp/lib:/home/aajaer/microros_ws/install/rosidl_typesupport_microxrcedds_c/lib:/home/aajaer/microros_ws/install/rosgraph_msgs/lib:/home/aajaer/microros_ws/install/rclc_parameter/lib:/home/aajaer/microros_ws/install/composition_interfaces/lib:/home/aajaer/microros_ws/install/micro_ros_utilities/lib:/home/aajaer/microros_ws/install/micro_ros_agent/lib:/home/aajaer/microros_ws/install/lifecycle_msgs/lib:/opt/ros/humble/opt/rviz_ogre_vendor/lib:/opt/ros/humble/lib/aarch64-linux-gnu:/opt/ros/humble/lib /usr/bin/cmake --install /home/aajaer/microros_ws/build/micro_ros_demos_rclc
[3.161s] -- Install configuration: ""
[3.162s] -- Execute custom install script
[3.162s] -- Up-to-date symlink: /home/aajaer/microros_ws/install/micro_ros_demos_rclc/share/ament_index/resource_index/package_run_dependencies/micro_ros_demos_rclc
[3.163s] -- Up-to-date symlink: /home/aajaer/microros_ws/install/micro_ros_demos_rclc/share/ament_index/resource_index/parent_prefix_path/micro_ros_demos_rclc
[3.163s] -- Up-to-date symlink: /home/aajaer/microros_ws/install/micro_ros_demos_rclc/share/micro_ros_demos_rclc/environment/ament_prefix_path.sh
[3.163s] -- Up-to-date symlink: /home/aajaer/microros_ws/install/micro_ros_demos_rclc/share/micro_ros_demos_rclc/environment/ament_prefix_path.dsv
[3.164s] -- Up-to-date symlink: /home/aajaer/microros_ws/install/micro_ros_demos_rclc/share/micro_ros_demos_rclc/environment/path.sh
[3.164s] -- Up-to-date symlink: /home/aajaer/microros_ws/install/micro_ros_demos_rclc/share/micro_ros_demos_rclc/environment/path.dsv
[3.164s] -- Up-to-date symlink: /home/aajaer/microros_ws/install/micro_ros_demos_rclc/share/micro_ros_demos_rclc/local_setup.bash
[3.165s] -- Up-to-date symlink: /home/aajaer/microros_ws/install/micro_ros_demos_rclc/share/micro_ros_demos_rclc/local_setup.sh
[3.165s] -- Up-to-date symlink: /home/aajaer/microros_ws/install/micro_ros_demos_rclc/share/micro_ros_demos_rclc/local_setup.zsh
[3.165s] -- Up-to-date symlink: /home/aajaer/microros_ws/install/micro_ros_demos_rclc/share/micro_ros_demos_rclc/local_setup.dsv
[3.166s] -- Symlinking: /home/aajaer/microros_ws/install/micro_ros_demos_rclc/share/micro_ros_demos_rclc/package.dsv
[3.188s] -- Up-to-date symlink: /home/aajaer/microros_ws/install/micro_ros_demos_rclc/share/ament_index/resource_index/packages/micro_ros_demos_rclc
[3.189s] -- Up-to-date symlink: /home/aajaer/microros_ws/install/micro_ros_demos_rclc/share/micro_ros_demos_rclc/cmake/micro_ros_demos_rclcConfig.cmake
[3.189s] -- Up-to-date symlink: /home/aajaer/microros_ws/install/micro_ros_demos_rclc/share/micro_ros_demos_rclc/cmake/micro_ros_demos_rclcConfig-version.cmake
[3.190s] -- Up-to-date symlink: /home/aajaer/microros_ws/install/micro_ros_demos_rclc/share/micro_ros_demos_rclc/package.xml
[3.191s] -- Up-to-date: /home/aajaer/microros_ws/install/micro_ros_demos_rclc/lib/micro_ros_demos_rclc
[3.191s] -- Up-to-date: /home/aajaer/microros_ws/install/micro_ros_demos_rclc/lib/micro_ros_demos_rclc/string_publisher
[3.191s] -- Up-to-date: /home/aajaer/microros_ws/install/micro_ros_demos_rclc/lib/micro_ros_demos_rclc/string_publisher/string_publisher
[3.192s] -- Up-to-date: /home/aajaer/microros_ws/install/micro_ros_demos_rclc/lib/micro_ros_demos_rclc/fibonacci_action_client
[3.192s] -- Up-to-date: /home/aajaer/microros_ws/install/micro_ros_demos_rclc/lib/micro_ros_demos_rclc/fibonacci_action_client/fibonacci_action_client
[3.192s] -- Up-to-date: /home/aajaer/microros_ws/install/micro_ros_demos_rclc/lib/micro_ros_demos_rclc/addtwoints_client
[3.193s] -- Up-to-date: /home/aajaer/microros_ws/install/micro_ros_demos_rclc/lib/micro_ros_demos_rclc/addtwoints_client/addtwoints_client
[3.193s] -- Up-to-date: /home/aajaer/microros_ws/install/micro_ros_demos_rclc/lib/micro_ros_demos_rclc/int32_publisher_subscriber
[3.193s] -- Up-to-date: /home/aajaer/microros_ws/install/micro_ros_demos_rclc/lib/micro_ros_demos_rclc/int32_publisher_subscriber/int32_publisher_subscriber
[3.193s] -- Up-to-date: /home/aajaer/microros_ws/install/micro_ros_demos_rclc/lib/micro_ros_demos_rclc/subscription_count
[3.193s] -- Up-to-date: /home/aajaer/microros_ws/install/micro_ros_demos_rclc/lib/micro_ros_demos_rclc/subscription_count/subscription_count
[3.194s] -- Up-to-date: /home/aajaer/microros_ws/install/micro_ros_demos_rclc/lib/micro_ros_demos_rclc/configured_publisher
[3.194s] -- Up-to-date: /home/aajaer/microros_ws/install/micro_ros_demos_rclc/lib/micro_ros_demos_rclc/configured_publisher/configured_publisher
[3.194s] -- Up-to-date: /home/aajaer/microros_ws/install/micro_ros_demos_rclc/lib/micro_ros_demos_rclc/multithread_publisher_subscriber
[3.194s] -- Up-to-date: /home/aajaer/microros_ws/install/micro_ros_demos_rclc/lib/micro_ros_demos_rclc/multithread_publisher_subscriber/multithread_publisher_subscriber
[3.195s] -- Up-to-date: /home/aajaer/microros_ws/install/micro_ros_demos_rclc/lib/micro_ros_demos_rclc/complex_msg_subscriber
[3.195s] -- Up-to-date: /home/aajaer/microros_ws/install/micro_ros_demos_rclc/lib/micro_ros_demos_rclc/complex_msg_subscriber/complex_msg_subscriber
[3.196s] -- Up-to-date: /home/aajaer/microros_ws/install/micro_ros_demos_rclc/lib/micro_ros_demos_rclc/fragmented_subscription
[3.198s] -- Up-to-date: /home/aajaer/microros_ws/install/micro_ros_demos_rclc/lib/micro_ros_demos_rclc/fragmented_subscription/fragmented_subscription
[3.199s] -- Up-to-date: /home/aajaer/microros_ws/install/micro_ros_demos_rclc/lib/micro_ros_demos_rclc/autodiscover_agent
[3.199s] -- Up-to-date: /home/aajaer/microros_ws/install/micro_ros_demos_rclc/lib/micro_ros_demos_rclc/autodiscover_agent/autodiscover_agent
[3.201s] -- Up-to-date: /home/aajaer/microros_ws/install/micro_ros_demos_rclc/lib/micro_ros_demos_rclc/addtwoints_server
[3.201s] -- Up-to-date: /home/aajaer/microros_ws/install/micro_ros_demos_rclc/lib/micro_ros_demos_rclc/addtwoints_server/addtwoints_server
[3.202s] -- Up-to-date: /home/aajaer/microros_ws/install/micro_ros_demos_rclc/lib/micro_ros_demos_rclc/fibonacci_action_server
[3.202s] -- Up-to-date: /home/aajaer/microros_ws/install/micro_ros_demos_rclc/lib/micro_ros_demos_rclc/fibonacci_action_server/fibonacci_action_server
[3.203s] -- Up-to-date: /home/aajaer/microros_ws/install/micro_ros_demos_rclc/lib/micro_ros_demos_rclc/configured_subscriber
[3.203s] -- Up-to-date: /home/aajaer/microros_ws/install/micro_ros_demos_rclc/lib/micro_ros_demos_rclc/configured_subscriber/configured_subscriber
[3.203s] -- Up-to-date: /home/aajaer/microros_ws/install/micro_ros_demos_rclc/lib/micro_ros_demos_rclc/int32_publisher
[3.204s] -- Up-to-date: /home/aajaer/microros_ws/install/micro_ros_demos_rclc/lib/micro_ros_demos_rclc/int32_publisher/int32_publisher
[3.204s] -- Up-to-date: /home/aajaer/microros_ws/install/micro_ros_demos_rclc/lib/micro_ros_demos_rclc/fragmented_publication
[3.205s] -- Up-to-date: /home/aajaer/microros_ws/install/micro_ros_demos_rclc/lib/micro_ros_demos_rclc/fragmented_publication/fragmented_publication
[3.205s] -- Up-to-date: /home/aajaer/microros_ws/install/micro_ros_demos_rclc/lib/micro_ros_demos_rclc/publisher_count
[3.206s] -- Up-to-date: /home/aajaer/microros_ws/install/micro_ros_demos_rclc/lib/micro_ros_demos_rclc/publisher_count/publisher_count
[3.206s] -- Up-to-date: /home/aajaer/microros_ws/install/micro_ros_demos_rclc/lib/micro_ros_demos_rclc/timer
[3.207s] -- Up-to-date: /home/aajaer/microros_ws/install/micro_ros_demos_rclc/lib/micro_ros_demos_rclc/timer/timer
[3.207s] -- Up-to-date: /home/aajaer/microros_ws/install/micro_ros_demos_rclc/lib/micro_ros_demos_rclc/graph_visualizer
[3.207s] -- Up-to-date: /home/aajaer/microros_ws/install/micro_ros_demos_rclc/lib/micro_ros_demos_rclc/graph_visualizer/graph_visualizer
[3.208s] -- Up-to-date: /home/aajaer/microros_ws/install/micro_ros_demos_rclc/lib/micro_ros_demos_rclc/epoch_synchronization
[3.208s] -- Up-to-date: /home/aajaer/microros_ws/install/micro_ros_demos_rclc/lib/micro_ros_demos_rclc/epoch_synchronization/epoch_synchronization
[3.208s] -- Up-to-date: /home/aajaer/microros_ws/install/micro_ros_demos_rclc/lib/micro_ros_demos_rclc/int32_multinode
[3.208s] -- Up-to-date: /home/aajaer/microros_ws/install/micro_ros_demos_rclc/lib/micro_ros_demos_rclc/int32_multinode/int32_multinode
[3.209s] -- Up-to-date: /home/aajaer/microros_ws/install/micro_ros_demos_rclc/lib/micro_ros_demos_rclc/int32_subscriber
[3.209s] -- Up-to-date: /home/aajaer/microros_ws/install/micro_ros_demos_rclc/lib/micro_ros_demos_rclc/int32_subscriber/int32_subscriber
[3.209s] -- Up-to-date: /home/aajaer/microros_ws/install/micro_ros_demos_rclc/lib/micro_ros_demos_rclc/complex_msg_publisher
[3.210s] -- Up-to-date: /home/aajaer/microros_ws/install/micro_ros_demos_rclc/lib/micro_ros_demos_rclc/complex_msg_publisher/complex_msg_publisher
[3.210s] -- Up-to-date: /home/aajaer/microros_ws/install/micro_ros_demos_rclc/lib/micro_ros_demos_rclc/parameter_server
[3.210s] -- Up-to-date: /home/aajaer/microros_ws/install/micro_ros_demos_rclc/lib/micro_ros_demos_rclc/parameter_server/parameter_server
[3.211s] -- Up-to-date: /home/aajaer/microros_ws/install/micro_ros_demos_rclc/lib/micro_ros_demos_rclc/static_type_handling
[3.211s] -- Up-to-date: /home/aajaer/microros_ws/install/micro_ros_demos_rclc/lib/micro_ros_demos_rclc/static_type_handling/static_type_handling
[3.211s] -- Up-to-date: /home/aajaer/microros_ws/install/micro_ros_demos_rclc/lib/micro_ros_demos_rclc/string_subscriber
[3.212s] -- Up-to-date: /home/aajaer/microros_ws/install/micro_ros_demos_rclc/lib/micro_ros_demos_rclc/string_subscriber/string_subscriber
[3.212s] -- Up-to-date: /home/aajaer/microros_ws/install/micro_ros_demos_rclc/lib/micro_ros_demos_rclc/ping_pong
[3.212s] -- Up-to-date: /home/aajaer/microros_ws/install/micro_ros_demos_rclc/lib/micro_ros_demos_rclc/ping_pong/ping_pong
[3.213s] -- Up-to-date: /home/aajaer/microros_ws/install/micro_ros_demos_rclc/lib/micro_ros_demos_rclc/ping_uros_agent
[3.213s] -- Up-to-date: /home/aajaer/microros_ws/install/micro_ros_demos_rclc/lib/micro_ros_demos_rclc/ping_uros_agent/ping_uros_agent
[3.214s] Invoked command in '/home/aajaer/microros_ws/build/micro_ros_demos_rclc' returned '0': CMAKE_PREFIX_PATH=/home/aajaer/microros_ws/install/visualization_msgs:/home/aajaer/microros_ws/install/rclc_parameter:/home/aajaer/microros_ws/install/sensor_msgs:/home/aajaer/microros_ws/install/rmw_microxrcedds:/home/aajaer/microros_ws/install/rclc:/home/aajaer/microros_ws/install/test_msgs:/home/aajaer/microros_ws/install/rosidl_typesupport_microxrcedds_cpp:/home/aajaer/microros_ws/install/geometry_msgs:/home/aajaer/microros_ws/install/example_interfaces:/home/aajaer/microros_ws/install/std_msgs:/home/aajaer/microros_ws/install/rosidl_typesupport_microxrcedds_c:/home/aajaer/microros_ws/install/rcl_interfaces:/home/aajaer/microros_ws/install/microxrcedds_client:/home/aajaer/microros_ws/install/complex_msgs:/home/aajaer/microros_ws/install/action_msgs:/home/aajaer/microros_ws/install/unique_identifier_msgs:/home/aajaer/microros_ws/install/microcdr:/home/aajaer/microros_ws/install/micro_ros_utilities:/home/aajaer/microros_ws/install/micro_ros_msgs:/home/aajaer/microros_ws/install/builtin_interfaces:/home/aajaer/microros_ws/install/micro_ros_demos_rclc:/home/aajaer/microros_ws/install/common_interfaces:/home/aajaer/microros_ws/install/trajectory_msgs:/home/aajaer/microros_ws/install/stereo_msgs:/home/aajaer/microros_ws/install/sllidar_ros2:/home/aajaer/microros_ws/install/std_srvs:/home/aajaer/microros_ws/install/shape_msgs:/home/aajaer/microros_ws/install/nav_msgs:/home/aajaer/microros_ws/install/diagnostic_msgs:/home/aajaer/microros_ws/install/actionlib_msgs:/home/aajaer/microros_ws/install/statistics_msgs:/home/aajaer/microros_ws/install/rosidl_typesupport_microxrcedds_test_msg:/home/aajaer/microros_ws/install/rosidl_typesupport_microxrcedds_cpp_tests:/home/aajaer/microros_ws/install/rosidl_typesupport_microxrcedds_c_tests:/home/aajaer/microros_ws/install/rosgraph_msgs:/home/aajaer/microros_ws/install/composition_interfaces:/home/aajaer/microros_ws/install/micro_ros_setup:/home/aajaer/microros_ws/install/micro_ros_agent:/home/aajaer/microros_ws/install/lifecycle_msgs:/opt/ros/humble:/opt/ros/humble:/home/aajaer/microros_ws/install/sensor_msgs_py:/home/aajaer/microros_ws/install/motor_control_pkg LD_LIBRARY_PATH=/home/aajaer/microros_ws/install/visualization_msgs/lib:/home/aajaer/microros_ws/install/sensor_msgs/lib:/home/aajaer/microros_ws/install/rmw_microxrcedds/lib:/home/aajaer/microros_ws/install/rclc/lib:/home/aajaer/microros_ws/install/test_msgs/lib:/home/aajaer/microros_ws/install/geometry_msgs/lib:/home/aajaer/microros_ws/install/example_interfaces/lib:/home/aajaer/microros_ws/install/std_msgs/lib:/home/aajaer/microros_ws/install/rcl_interfaces/lib:/home/aajaer/microros_ws/install/complex_msgs/lib:/home/aajaer/microros_ws/install/action_msgs/lib:/home/aajaer/microros_ws/install/unique_identifier_msgs/lib:/home/aajaer/microros_ws/install/micro_ros_msgs/lib:/home/aajaer/microros_ws/install/builtin_interfaces/lib:/home/aajaer/microros_ws/install/trajectory_msgs/lib:/home/aajaer/microros_ws/install/stereo_msgs/lib:/home/aajaer/microros_ws/install/std_srvs/lib:/home/aajaer/microros_ws/install/shape_msgs/lib:/home/aajaer/microros_ws/install/nav_msgs/lib:/home/aajaer/microros_ws/install/diagnostic_msgs/lib:/home/aajaer/microros_ws/install/actionlib_msgs/lib:/home/aajaer/microros_ws/install/statistics_msgs/lib:/home/aajaer/microros_ws/install/rosidl_typesupport_microxrcedds_test_msg/lib:/home/aajaer/microros_ws/install/rosidl_typesupport_microxrcedds_cpp/lib:/home/aajaer/microros_ws/install/rosidl_typesupport_microxrcedds_c/lib:/home/aajaer/microros_ws/install/rosgraph_msgs/lib:/home/aajaer/microros_ws/install/rclc_parameter/lib:/home/aajaer/microros_ws/install/composition_interfaces/lib:/home/aajaer/microros_ws/install/micro_ros_utilities/lib:/home/aajaer/microros_ws/install/micro_ros_agent/lib:/home/aajaer/microros_ws/install/lifecycle_msgs/lib:/opt/ros/humble/opt/rviz_ogre_vendor/lib:/opt/ros/humble/lib/aarch64-linux-gnu:/opt/ros/humble/lib /usr/bin/cmake --install /home/aajaer/microros_ws/build/micro_ros_demos_rclc
