-- Found ament_cmake: 1.3.11 (/opt/ros/humble/share/ament_cmake/cmake)
-- Override CMake install command with custom implementation using symlinks instead of copying resources
-- Found ament_lint_auto: 0.12.11 (/opt/ros/humble/share/ament_lint_auto/cmake)
-- Added test 'copyright' to check source files copyright and LICENSE
-- Added test 'lint_cmake' to check CMake code style
-- Added test 'xmllint' to check XML markup files
-- Configuring done
-- Generating done
-- Build files have been written to: /home/aajaer/microros_ws/build/common_interfaces
-- Install configuration: ""
-- Execute custom install script
-- Up-to-date symlink: /home/aajaer/microros_ws/install/common_interfaces/share/ament_index/resource_index/package_run_dependencies/common_interfaces
-- Up-to-date symlink: /home/aajaer/microros_ws/install/common_interfaces/share/ament_index/resource_index/parent_prefix_path/common_interfaces
-- Up-to-date symlink: /home/aajaer/microros_ws/install/common_interfaces/share/common_interfaces/environment/ament_prefix_path.sh
-- Up-to-date symlink: /home/aajaer/microros_ws/install/common_interfaces/share/common_interfaces/environment/ament_prefix_path.dsv
-- Up-to-date symlink: /home/aajaer/microros_ws/install/common_interfaces/share/common_interfaces/environment/path.sh
-- Up-to-date symlink: /home/aajaer/microros_ws/install/common_interfaces/share/common_interfaces/environment/path.dsv
-- Up-to-date symlink: /home/aajaer/microros_ws/install/common_interfaces/share/common_interfaces/local_setup.bash
-- Up-to-date symlink: /home/aajaer/microros_ws/install/common_interfaces/share/common_interfaces/local_setup.sh
-- Up-to-date symlink: /home/aajaer/microros_ws/install/common_interfaces/share/common_interfaces/local_setup.zsh
-- Up-to-date symlink: /home/aajaer/microros_ws/install/common_interfaces/share/common_interfaces/local_setup.dsv
-- Symlinking: /home/aajaer/microros_ws/install/common_interfaces/share/common_interfaces/package.dsv
-- Up-to-date symlink: /home/aajaer/microros_ws/install/common_interfaces/share/ament_index/resource_index/packages/common_interfaces
-- Up-to-date symlink: /home/aajaer/microros_ws/install/common_interfaces/share/common_interfaces/cmake/common_interfacesConfig.cmake
-- Up-to-date symlink: /home/aajaer/microros_ws/install/common_interfaces/share/common_interfaces/cmake/common_interfacesConfig-version.cmake
-- Up-to-date symlink: /home/aajaer/microros_ws/install/common_interfaces/share/common_interfaces/package.xml
