[0.065s] Invoking command in '/home/aajaer/microros_ws/build/stereo_msgs': AMENT_PREFIX_PATH=/home/aajaer/microros_ws/install/sensor_msgs:/home/aajaer/microros_ws/install/geometry_msgs:/home/aajaer/microros_ws/install/std_msgs:/home/aajaer/microros_ws/install/builtin_interfaces:${AMENT_PREFIX_PATH} CMAKE_PREFIX_PATH=/home/aajaer/microros_ws/install/sensor_msgs:/home/aajaer/microros_ws/install/geometry_msgs:/home/aajaer/microros_ws/install/std_msgs:/home/aajaer/microros_ws/install/builtin_interfaces:/opt/ros/humble:/opt/ros/humble LD_LIBRARY_PATH=/home/aajaer/microros_ws/install/sensor_msgs/lib:/home/aajaer/microros_ws/install/geometry_msgs/lib:/home/aajaer/microros_ws/install/std_msgs/lib:/home/aajaer/microros_ws/install/builtin_interfaces/lib:/opt/ros/humble/opt/rviz_ogre_vendor/lib:/opt/ros/humble/lib/aarch64-linux-gnu:/opt/ros/humble/lib PYTHONPATH=/home/aajaer/microros_ws/install/sensor_msgs/local/lib/python3.10/dist-packages:/home/aajaer/microros_ws/install/geometry_msgs/local/lib/python3.10/dist-packages:/home/aajaer/microros_ws/install/std_msgs/local/lib/python3.10/dist-packages:/home/aajaer/microros_ws/install/builtin_interfaces/local/lib/python3.10/dist-packages:${PYTHONPATH} /usr/bin/cmake /home/aajaer/microros_ws/src/ros2/common_interfaces/stereo_msgs -DCMAKE_INSTALL_PREFIX=/home/aajaer/microros_ws/install/stereo_msgs
[1.262s] -- Found ament_cmake: 1.3.11 (/opt/ros/humble/share/ament_cmake/cmake)
[1.262s] -- Override CMake install command with custom implementation using symlinks instead of copying resources
[1.263s] -- Found rosidl_default_generators: 1.2.0 (/opt/ros/humble/share/rosidl_default_generators/cmake)
[1.263s] -- Using all available rosidl_typesupport_c: rosidl_typesupport_fastrtps_c;rosidl_typesupport_introspection_c
[1.263s] -- Found rosidl_adapter: 3.1.6 (/opt/ros/humble/share/rosidl_adapter/cmake)
[1.263s] -- Using all available rosidl_typesupport_cpp: rosidl_typesupport_fastrtps_cpp;rosidl_typesupport_introspection_cpp
[1.263s] -- Found sensor_msgs: 4.2.4 (/home/aajaer/microros_ws/install/sensor_msgs/share/sensor_msgs/cmake)
[1.294s] -- Found ament_cmake_cppcheck: 0.12.11 (/opt/ros/humble/share/ament_cmake_cppcheck/cmake)
[1.295s] -- Found ament_cmake_cpplint: 0.12.11 (/opt/ros/humble/share/ament_cmake_cpplint/cmake)
[1.296s] -- Found ament_cmake_uncrustify: 0.12.11 (/opt/ros/humble/share/ament_cmake_uncrustify/cmake)
[1.298s] -- Found ament_cmake_ros: 0.10.0 (/opt/ros/humble/share/ament_cmake_ros/cmake)
[1.919s] -- Using all available rosidl_typesupport_c: rosidl_typesupport_fastrtps_c;rosidl_typesupport_introspection_c
[2.785s] -- Using all available rosidl_typesupport_cpp: rosidl_typesupport_fastrtps_cpp;rosidl_typesupport_introspection_cpp
[2.839s] -- Found python_cmake_module: 0.10.0 (/opt/ros/humble/share/python_cmake_module/cmake)
[2.892s] -- Using PYTHON_EXECUTABLE: /usr/bin/python3
[2.892s] -- Using PYTHON_INCLUDE_DIRS: /usr/include/python3.10
[2.892s] -- Using PYTHON_LIBRARIES: /usr/lib/aarch64-linux-gnu/libpython3.10.so
[3.011s] -- Found ament_cmake_flake8: 0.12.11 (/opt/ros/humble/share/ament_cmake_flake8/cmake)
[3.013s] -- Found ament_cmake_pep257: 0.12.11 (/opt/ros/humble/share/ament_cmake_pep257/cmake)
[3.040s] -- Configuring done
[3.177s] -- Generating done
[3.209s] -- Build files have been written to: /home/aajaer/microros_ws/build/stereo_msgs
[3.254s] Invoked command in '/home/aajaer/microros_ws/build/stereo_msgs' returned '0': AMENT_PREFIX_PATH=/home/aajaer/microros_ws/install/sensor_msgs:/home/aajaer/microros_ws/install/geometry_msgs:/home/aajaer/microros_ws/install/std_msgs:/home/aajaer/microros_ws/install/builtin_interfaces:${AMENT_PREFIX_PATH} CMAKE_PREFIX_PATH=/home/aajaer/microros_ws/install/sensor_msgs:/home/aajaer/microros_ws/install/geometry_msgs:/home/aajaer/microros_ws/install/std_msgs:/home/aajaer/microros_ws/install/builtin_interfaces:/opt/ros/humble:/opt/ros/humble LD_LIBRARY_PATH=/home/aajaer/microros_ws/install/sensor_msgs/lib:/home/aajaer/microros_ws/install/geometry_msgs/lib:/home/aajaer/microros_ws/install/std_msgs/lib:/home/aajaer/microros_ws/install/builtin_interfaces/lib:/opt/ros/humble/opt/rviz_ogre_vendor/lib:/opt/ros/humble/lib/aarch64-linux-gnu:/opt/ros/humble/lib PYTHONPATH=/home/aajaer/microros_ws/install/sensor_msgs/local/lib/python3.10/dist-packages:/home/aajaer/microros_ws/install/geometry_msgs/local/lib/python3.10/dist-packages:/home/aajaer/microros_ws/install/std_msgs/local/lib/python3.10/dist-packages:/home/aajaer/microros_ws/install/builtin_interfaces/local/lib/python3.10/dist-packages:${PYTHONPATH} /usr/bin/cmake /home/aajaer/microros_ws/src/ros2/common_interfaces/stereo_msgs -DCMAKE_INSTALL_PREFIX=/home/aajaer/microros_ws/install/stereo_msgs
[3.255s] Invoking command in '/home/aajaer/microros_ws/build/stereo_msgs': AMENT_PREFIX_PATH=/home/aajaer/microros_ws/install/sensor_msgs:/home/aajaer/microros_ws/install/geometry_msgs:/home/aajaer/microros_ws/install/std_msgs:/home/aajaer/microros_ws/install/builtin_interfaces:${AMENT_PREFIX_PATH} CMAKE_PREFIX_PATH=/home/aajaer/microros_ws/install/sensor_msgs:/home/aajaer/microros_ws/install/geometry_msgs:/home/aajaer/microros_ws/install/std_msgs:/home/aajaer/microros_ws/install/builtin_interfaces:/opt/ros/humble:/opt/ros/humble LD_LIBRARY_PATH=/home/aajaer/microros_ws/install/sensor_msgs/lib:/home/aajaer/microros_ws/install/geometry_msgs/lib:/home/aajaer/microros_ws/install/std_msgs/lib:/home/aajaer/microros_ws/install/builtin_interfaces/lib:/opt/ros/humble/opt/rviz_ogre_vendor/lib:/opt/ros/humble/lib/aarch64-linux-gnu:/opt/ros/humble/lib PYTHONPATH=/home/aajaer/microros_ws/install/sensor_msgs/local/lib/python3.10/dist-packages:/home/aajaer/microros_ws/install/geometry_msgs/local/lib/python3.10/dist-packages:/home/aajaer/microros_ws/install/std_msgs/local/lib/python3.10/dist-packages:/home/aajaer/microros_ws/install/builtin_interfaces/local/lib/python3.10/dist-packages:${PYTHONPATH} /usr/bin/cmake --build /home/aajaer/microros_ws/build/stereo_msgs -- -j8 -l8
[3.539s] [35m[1mConsolidate compiler generated dependencies of target stereo_msgs__rosidl_generator_c[0m
[3.581s] [  9%] Built target stereo_msgs__rosidl_generator_c
[3.599s] [ 12%] Built target stereo_msgs__cpp
[3.640s] [ 12%] Built target ament_cmake_python_symlink_stereo_msgs
[3.692s] [35m[1mConsolidate compiler generated dependencies of target stereo_msgs__rosidl_typesupport_fastrtps_c[0m
[3.714s] [35m[1mConsolidate compiler generated dependencies of target stereo_msgs__rosidl_typesupport_introspection_cpp[0m
[3.724s] [ 16%] [34m[1mGenerating C type support dispatch for ROS interfaces[0m
[3.725s] [35m[1mConsolidate compiler generated dependencies of target stereo_msgs__rosidl_typesupport_introspection_c[0m
[3.735s] [35m[1mConsolidate compiler generated dependencies of target stereo_msgs__rosidl_typesupport_fastrtps_cpp[0m
[3.747s] [ 19%] [34m[1mGenerating C++ type support dispatch for ROS interfaces[0m
[3.771s] [ 29%] Built target stereo_msgs__rosidl_typesupport_fastrtps_c
[3.836s] [ 38%] Built target stereo_msgs__rosidl_typesupport_introspection_cpp
[3.869s] [ 48%] Built target stereo_msgs__rosidl_typesupport_introspection_c
[3.879s] [ 58%] Built target stereo_msgs__rosidl_typesupport_fastrtps_cpp
[5.205s] running egg_info
[5.214s] writing stereo_msgs.egg-info/PKG-INFO
[5.218s] writing dependency_links to stereo_msgs.egg-info/dependency_links.txt
[5.219s] writing top-level names to stereo_msgs.egg-info/top_level.txt
[5.226s] reading manifest file 'stereo_msgs.egg-info/SOURCES.txt'
[5.243s] writing manifest file 'stereo_msgs.egg-info/SOURCES.txt'
[5.266s] [35m[1mConsolidate compiler generated dependencies of target stereo_msgs__rosidl_typesupport_c[0m
[5.272s] [35m[1mConsolidate compiler generated dependencies of target stereo_msgs__rosidl_typesupport_cpp[0m
[5.357s] [ 61%] [32mBuilding CXX object CMakeFiles/stereo_msgs__rosidl_typesupport_cpp.dir/rosidl_typesupport_cpp/stereo_msgs/msg/disparity_image__type_support.cpp.o[0m
[5.360s] [ 64%] [32mBuilding CXX object CMakeFiles/stereo_msgs__rosidl_typesupport_c.dir/rosidl_typesupport_c/stereo_msgs/msg/disparity_image__type_support.cpp.o[0m
[5.404s] [ 64%] Built target ament_cmake_python_build_stereo_msgs_egg
[5.549s] [ 67%] [32m[1mLinking CXX shared library libstereo_msgs__rosidl_typesupport_c.so[0m
[5.788s] [ 67%] Built target stereo_msgs__rosidl_typesupport_c
[6.692s] [ 70%] [32m[1mLinking CXX shared library libstereo_msgs__rosidl_typesupport_cpp.so[0m
[6.912s] [ 70%] Built target stereo_msgs__rosidl_typesupport_cpp
[7.091s] [ 70%] Built target stereo_msgs
[7.416s] [ 74%] Built target stereo_msgs__py
[7.507s] [35m[1mConsolidate compiler generated dependencies of target stereo_msgs__rosidl_generator_py[0m
[7.605s] [ 77%] [32mBuilding C object CMakeFiles/stereo_msgs__rosidl_generator_py.dir/rosidl_generator_py/stereo_msgs/msg/_disparity_image_s.c.o[0m
[8.133s] [ 80%] [32m[1mLinking C shared library rosidl_generator_py/stereo_msgs/libstereo_msgs__rosidl_generator_py.so[0m
[8.403s] [ 80%] Built target stereo_msgs__rosidl_generator_py
[8.495s] [35m[1mConsolidate compiler generated dependencies of target stereo_msgs__rosidl_typesupport_fastrtps_c__pyext[0m
[8.496s] [35m[1mConsolidate compiler generated dependencies of target stereo_msgs__rosidl_typesupport_introspection_c__pyext[0m
[8.564s] [ 83%] [32m[1mLinking C shared library rosidl_generator_py/stereo_msgs/stereo_msgs_s__rosidl_typesupport_fastrtps_c.cpython-310-aarch64-linux-gnu.so[0m
[8.595s] [ 87%] [32mBuilding C object CMakeFiles/stereo_msgs__rosidl_typesupport_introspection_c__pyext.dir/rosidl_generator_py/stereo_msgs/_stereo_msgs_s.ep.rosidl_typesupport_introspection_c.c.o[0m
[8.798s] [ 90%] Built target stereo_msgs__rosidl_typesupport_fastrtps_c__pyext
[8.882s] [35m[1mConsolidate compiler generated dependencies of target stereo_msgs__rosidl_typesupport_c__pyext[0m
[8.969s] [ 93%] [32mBuilding C object CMakeFiles/stereo_msgs__rosidl_typesupport_c__pyext.dir/rosidl_generator_py/stereo_msgs/_stereo_msgs_s.ep.rosidl_typesupport_c.c.o[0m
[8.993s] [ 96%] [32m[1mLinking C shared library rosidl_generator_py/stereo_msgs/stereo_msgs_s__rosidl_typesupport_introspection_c.cpython-310-aarch64-linux-gnu.so[0m
[9.149s] [ 96%] Built target stereo_msgs__rosidl_typesupport_introspection_c__pyext
[9.268s] [100%] [32m[1mLinking C shared library rosidl_generator_py/stereo_msgs/stereo_msgs_s__rosidl_typesupport_c.cpython-310-aarch64-linux-gnu.so[0m
[9.361s] [100%] Built target stereo_msgs__rosidl_typesupport_c__pyext
[9.386s] Invoked command in '/home/aajaer/microros_ws/build/stereo_msgs' returned '0': AMENT_PREFIX_PATH=/home/aajaer/microros_ws/install/sensor_msgs:/home/aajaer/microros_ws/install/geometry_msgs:/home/aajaer/microros_ws/install/std_msgs:/home/aajaer/microros_ws/install/builtin_interfaces:${AMENT_PREFIX_PATH} CMAKE_PREFIX_PATH=/home/aajaer/microros_ws/install/sensor_msgs:/home/aajaer/microros_ws/install/geometry_msgs:/home/aajaer/microros_ws/install/std_msgs:/home/aajaer/microros_ws/install/builtin_interfaces:/opt/ros/humble:/opt/ros/humble LD_LIBRARY_PATH=/home/aajaer/microros_ws/install/sensor_msgs/lib:/home/aajaer/microros_ws/install/geometry_msgs/lib:/home/aajaer/microros_ws/install/std_msgs/lib:/home/aajaer/microros_ws/install/builtin_interfaces/lib:/opt/ros/humble/opt/rviz_ogre_vendor/lib:/opt/ros/humble/lib/aarch64-linux-gnu:/opt/ros/humble/lib PYTHONPATH=/home/aajaer/microros_ws/install/sensor_msgs/local/lib/python3.10/dist-packages:/home/aajaer/microros_ws/install/geometry_msgs/local/lib/python3.10/dist-packages:/home/aajaer/microros_ws/install/std_msgs/local/lib/python3.10/dist-packages:/home/aajaer/microros_ws/install/builtin_interfaces/local/lib/python3.10/dist-packages:${PYTHONPATH} /usr/bin/cmake --build /home/aajaer/microros_ws/build/stereo_msgs -- -j8 -l8
[9.388s] Invoking command in '/home/aajaer/microros_ws/build/stereo_msgs': AMENT_PREFIX_PATH=/home/aajaer/microros_ws/install/sensor_msgs:/home/aajaer/microros_ws/install/geometry_msgs:/home/aajaer/microros_ws/install/std_msgs:/home/aajaer/microros_ws/install/builtin_interfaces:${AMENT_PREFIX_PATH} CMAKE_PREFIX_PATH=/home/aajaer/microros_ws/install/sensor_msgs:/home/aajaer/microros_ws/install/geometry_msgs:/home/aajaer/microros_ws/install/std_msgs:/home/aajaer/microros_ws/install/builtin_interfaces:/opt/ros/humble:/opt/ros/humble LD_LIBRARY_PATH=/home/aajaer/microros_ws/install/sensor_msgs/lib:/home/aajaer/microros_ws/install/geometry_msgs/lib:/home/aajaer/microros_ws/install/std_msgs/lib:/home/aajaer/microros_ws/install/builtin_interfaces/lib:/opt/ros/humble/opt/rviz_ogre_vendor/lib:/opt/ros/humble/lib/aarch64-linux-gnu:/opt/ros/humble/lib PYTHONPATH=/home/aajaer/microros_ws/install/sensor_msgs/local/lib/python3.10/dist-packages:/home/aajaer/microros_ws/install/geometry_msgs/local/lib/python3.10/dist-packages:/home/aajaer/microros_ws/install/std_msgs/local/lib/python3.10/dist-packages:/home/aajaer/microros_ws/install/builtin_interfaces/local/lib/python3.10/dist-packages:${PYTHONPATH} /usr/bin/cmake --install /home/aajaer/microros_ws/build/stereo_msgs
[9.407s] -- Install configuration: ""
[9.409s] -- Execute custom install script
[9.410s] -- Up-to-date symlink: /home/aajaer/microros_ws/install/stereo_msgs/share/ament_index/resource_index/rosidl_interfaces/stereo_msgs
[9.411s] -- Up-to-date symlink: /home/aajaer/microros_ws/install/stereo_msgs/include/stereo_msgs/stereo_msgs/msg/detail/disparity_image__functions.h
[9.412s] -- Up-to-date symlink: /home/aajaer/microros_ws/install/stereo_msgs/include/stereo_msgs/stereo_msgs/msg/detail/disparity_image__struct.h
[9.413s] -- Up-to-date symlink: /home/aajaer/microros_ws/install/stereo_msgs/include/stereo_msgs/stereo_msgs/msg/detail/disparity_image__type_support.h
[9.413s] -- Up-to-date symlink: /home/aajaer/microros_ws/install/stereo_msgs/include/stereo_msgs/stereo_msgs/msg/disparity_image.h
[9.413s] -- Up-to-date symlink: /home/aajaer/microros_ws/install/stereo_msgs/include/stereo_msgs/stereo_msgs/msg/rosidl_generator_c__visibility_control.h
[9.414s] -- Up-to-date symlink: /home/aajaer/microros_ws/install/stereo_msgs/share/stereo_msgs/environment/library_path.sh
[9.414s] -- Up-to-date symlink: /home/aajaer/microros_ws/install/stereo_msgs/share/stereo_msgs/environment/library_path.dsv
[9.415s] -- Up-to-date symlink: /home/aajaer/microros_ws/install/stereo_msgs/include/stereo_msgs/stereo_msgs/msg/detail/disparity_image__rosidl_typesupport_fastrtps_c.h
[9.415s] -- Up-to-date symlink: /home/aajaer/microros_ws/install/stereo_msgs/include/stereo_msgs/stereo_msgs/msg/rosidl_typesupport_fastrtps_c__visibility_control.h
[9.416s] -- Up-to-date symlink: /home/aajaer/microros_ws/install/stereo_msgs/include/stereo_msgs/stereo_msgs/msg/detail/disparity_image__rosidl_typesupport_introspection_c.h
[9.417s] -- Up-to-date symlink: /home/aajaer/microros_ws/install/stereo_msgs/include/stereo_msgs/stereo_msgs/msg/rosidl_typesupport_introspection_c__visibility_control.h
[9.418s] -- Up-to-date symlink: /home/aajaer/microros_ws/install/stereo_msgs/include/stereo_msgs/stereo_msgs/msg/detail/disparity_image__builder.hpp
[9.418s] -- Up-to-date symlink: /home/aajaer/microros_ws/install/stereo_msgs/include/stereo_msgs/stereo_msgs/msg/detail/disparity_image__struct.hpp
[9.418s] -- Up-to-date symlink: /home/aajaer/microros_ws/install/stereo_msgs/include/stereo_msgs/stereo_msgs/msg/detail/disparity_image__traits.hpp
[9.419s] -- Up-to-date symlink: /home/aajaer/microros_ws/install/stereo_msgs/include/stereo_msgs/stereo_msgs/msg/detail/disparity_image__type_support.hpp
[9.419s] -- Up-to-date symlink: /home/aajaer/microros_ws/install/stereo_msgs/include/stereo_msgs/stereo_msgs/msg/disparity_image.hpp
[9.419s] -- Up-to-date symlink: /home/aajaer/microros_ws/install/stereo_msgs/include/stereo_msgs/stereo_msgs/msg/rosidl_generator_cpp__visibility_control.hpp
[9.421s] -- Up-to-date symlink: /home/aajaer/microros_ws/install/stereo_msgs/include/stereo_msgs/stereo_msgs/msg/detail/disparity_image__rosidl_typesupport_fastrtps_cpp.hpp
[9.421s] -- Up-to-date symlink: /home/aajaer/microros_ws/install/stereo_msgs/include/stereo_msgs/stereo_msgs/msg/rosidl_typesupport_fastrtps_cpp__visibility_control.h
[9.422s] -- Up-to-date symlink: /home/aajaer/microros_ws/install/stereo_msgs/include/stereo_msgs/stereo_msgs/msg/detail/disparity_image__rosidl_typesupport_introspection_cpp.hpp
[9.422s] -- Up-to-date symlink: /home/aajaer/microros_ws/install/stereo_msgs/share/stereo_msgs/environment/pythonpath.sh
[9.423s] -- Up-to-date symlink: /home/aajaer/microros_ws/install/stereo_msgs/share/stereo_msgs/environment/pythonpath.dsv
[9.423s] -- Up-to-date symlink: /home/aajaer/microros_ws/install/stereo_msgs/local/lib/python3.10/dist-packages/stereo_msgs-4.2.4-py3.10.egg-info/PKG-INFO
[9.424s] -- Up-to-date symlink: /home/aajaer/microros_ws/install/stereo_msgs/local/lib/python3.10/dist-packages/stereo_msgs-4.2.4-py3.10.egg-info/SOURCES.txt
[9.424s] -- Up-to-date symlink: /home/aajaer/microros_ws/install/stereo_msgs/local/lib/python3.10/dist-packages/stereo_msgs-4.2.4-py3.10.egg-info/dependency_links.txt
[9.425s] -- Up-to-date symlink: /home/aajaer/microros_ws/install/stereo_msgs/local/lib/python3.10/dist-packages/stereo_msgs-4.2.4-py3.10.egg-info/top_level.txt
[9.426s] -- Up-to-date symlink: /home/aajaer/microros_ws/install/stereo_msgs/local/lib/python3.10/dist-packages/stereo_msgs/__init__.py
[9.426s] -- Up-to-date symlink: /home/aajaer/microros_ws/install/stereo_msgs/local/lib/python3.10/dist-packages/stereo_msgs/_stereo_msgs_s.ep.rosidl_typesupport_c.c
[9.427s] -- Up-to-date symlink: /home/aajaer/microros_ws/install/stereo_msgs/local/lib/python3.10/dist-packages/stereo_msgs/_stereo_msgs_s.ep.rosidl_typesupport_fastrtps_c.c
[9.427s] -- Up-to-date symlink: /home/aajaer/microros_ws/install/stereo_msgs/local/lib/python3.10/dist-packages/stereo_msgs/_stereo_msgs_s.ep.rosidl_typesupport_introspection_c.c
[9.427s] -- Up-to-date symlink: /home/aajaer/microros_ws/install/stereo_msgs/local/lib/python3.10/dist-packages/stereo_msgs/_stereo_msgs_s.ep.rosidl_typesupport_microxrcedds_c.c
[9.428s] -- Up-to-date symlink: /home/aajaer/microros_ws/install/stereo_msgs/local/lib/python3.10/dist-packages/stereo_msgs/libstereo_msgs__rosidl_generator_py.so
[9.429s] -- Up-to-date symlink: /home/aajaer/microros_ws/install/stereo_msgs/local/lib/python3.10/dist-packages/stereo_msgs/msg/__init__.py
[9.429s] -- Up-to-date symlink: /home/aajaer/microros_ws/install/stereo_msgs/local/lib/python3.10/dist-packages/stereo_msgs/msg/_disparity_image.py
[9.429s] -- Up-to-date symlink: /home/aajaer/microros_ws/install/stereo_msgs/local/lib/python3.10/dist-packages/stereo_msgs/msg/_disparity_image_s.c
[9.430s] -- Up-to-date symlink: /home/aajaer/microros_ws/install/stereo_msgs/local/lib/python3.10/dist-packages/stereo_msgs/stereo_msgs_s__rosidl_typesupport_c.cpython-310-aarch64-linux-gnu.so
[9.430s] -- Up-to-date symlink: /home/aajaer/microros_ws/install/stereo_msgs/local/lib/python3.10/dist-packages/stereo_msgs/stereo_msgs_s__rosidl_typesupport_fastrtps_c.cpython-310-aarch64-linux-gnu.so
[9.430s] -- Up-to-date symlink: /home/aajaer/microros_ws/install/stereo_msgs/local/lib/python3.10/dist-packages/stereo_msgs/stereo_msgs_s__rosidl_typesupport_introspection_c.cpython-310-aarch64-linux-gnu.so
[9.431s] -- Up-to-date symlink: /home/aajaer/microros_ws/install/stereo_msgs/local/lib/python3.10/dist-packages/stereo_msgs/stereo_msgs_s__rosidl_typesupport_microxrcedds_c.cpython-310-aarch64-linux-gnu.so
[9.431s] -- Up-to-date symlink: /home/aajaer/microros_ws/install/stereo_msgs/local/lib/python3.10/dist-packages/stereo_msgs/stereo_msgs_s__rosidl_typesupport_fastrtps_c.cpython-310-aarch64-linux-gnu.so
[9.432s] -- Up-to-date symlink: /home/aajaer/microros_ws/install/stereo_msgs/local/lib/python3.10/dist-packages/stereo_msgs/stereo_msgs_s__rosidl_typesupport_introspection_c.cpython-310-aarch64-linux-gnu.so
[9.432s] -- Up-to-date symlink: /home/aajaer/microros_ws/install/stereo_msgs/local/lib/python3.10/dist-packages/stereo_msgs/stereo_msgs_s__rosidl_typesupport_c.cpython-310-aarch64-linux-gnu.so
[9.433s] -- Up-to-date symlink: /home/aajaer/microros_ws/install/stereo_msgs/share/stereo_msgs/msg/DisparityImage.idl
[9.433s] -- Up-to-date symlink: /home/aajaer/microros_ws/install/stereo_msgs/share/stereo_msgs/msg/DisparityImage.msg
[9.434s] -- Up-to-date symlink: /home/aajaer/microros_ws/install/stereo_msgs/share/ament_index/resource_index/package_run_dependencies/stereo_msgs
[9.435s] -- Up-to-date symlink: /home/aajaer/microros_ws/install/stereo_msgs/share/ament_index/resource_index/parent_prefix_path/stereo_msgs
[9.435s] -- Up-to-date symlink: /home/aajaer/microros_ws/install/stereo_msgs/share/stereo_msgs/environment/ament_prefix_path.sh
[9.435s] -- Up-to-date symlink: /home/aajaer/microros_ws/install/stereo_msgs/share/stereo_msgs/environment/ament_prefix_path.dsv
[9.436s] -- Up-to-date symlink: /home/aajaer/microros_ws/install/stereo_msgs/share/stereo_msgs/environment/path.sh
[9.436s] -- Up-to-date symlink: /home/aajaer/microros_ws/install/stereo_msgs/share/stereo_msgs/environment/path.dsv
[9.437s] -- Up-to-date symlink: /home/aajaer/microros_ws/install/stereo_msgs/share/stereo_msgs/local_setup.bash
[9.437s] -- Up-to-date symlink: /home/aajaer/microros_ws/install/stereo_msgs/share/stereo_msgs/local_setup.sh
[9.437s] -- Up-to-date symlink: /home/aajaer/microros_ws/install/stereo_msgs/share/stereo_msgs/local_setup.zsh
[9.438s] -- Up-to-date symlink: /home/aajaer/microros_ws/install/stereo_msgs/share/stereo_msgs/local_setup.dsv
[9.438s] -- Symlinking: /home/aajaer/microros_ws/install/stereo_msgs/share/stereo_msgs/package.dsv
[9.458s] -- Up-to-date symlink: /home/aajaer/microros_ws/install/stereo_msgs/share/ament_index/resource_index/packages/stereo_msgs
[9.458s] -- Up-to-date symlink: /home/aajaer/microros_ws/install/stereo_msgs/share/stereo_msgs/cmake/rosidl_cmake-extras.cmake
[9.459s] -- Up-to-date symlink: /home/aajaer/microros_ws/install/stereo_msgs/share/stereo_msgs/cmake/ament_cmake_export_dependencies-extras.cmake
[9.459s] -- Up-to-date symlink: /home/aajaer/microros_ws/install/stereo_msgs/share/stereo_msgs/cmake/ament_cmake_export_include_directories-extras.cmake
[9.460s] -- Up-to-date symlink: /home/aajaer/microros_ws/install/stereo_msgs/share/stereo_msgs/cmake/ament_cmake_export_libraries-extras.cmake
[9.460s] -- Up-to-date symlink: /home/aajaer/microros_ws/install/stereo_msgs/share/stereo_msgs/cmake/ament_cmake_export_targets-extras.cmake
[9.461s] -- Up-to-date symlink: /home/aajaer/microros_ws/install/stereo_msgs/share/stereo_msgs/cmake/rosidl_cmake_export_typesupport_targets-extras.cmake
[9.461s] -- Up-to-date symlink: /home/aajaer/microros_ws/install/stereo_msgs/share/stereo_msgs/cmake/rosidl_cmake_export_typesupport_libraries-extras.cmake
[9.461s] -- Up-to-date symlink: /home/aajaer/microros_ws/install/stereo_msgs/share/stereo_msgs/cmake/stereo_msgsConfig.cmake
[9.462s] -- Up-to-date symlink: /home/aajaer/microros_ws/install/stereo_msgs/share/stereo_msgs/cmake/stereo_msgsConfig-version.cmake
[9.462s] -- Up-to-date symlink: /home/aajaer/microros_ws/install/stereo_msgs/share/stereo_msgs/package.xml
[9.463s] -- Up-to-date: /home/aajaer/microros_ws/install/stereo_msgs/lib/libstereo_msgs__rosidl_generator_c.so
[9.464s] -- Up-to-date: /home/aajaer/microros_ws/install/stereo_msgs/lib/libstereo_msgs__rosidl_typesupport_fastrtps_c.so
[9.465s] -- Up-to-date: /home/aajaer/microros_ws/install/stereo_msgs/lib/libstereo_msgs__rosidl_typesupport_introspection_c.so
[9.465s] -- Installing: /home/aajaer/microros_ws/install/stereo_msgs/lib/libstereo_msgs__rosidl_typesupport_c.so
[9.466s] -- Set runtime path of "/home/aajaer/microros_ws/install/stereo_msgs/lib/libstereo_msgs__rosidl_typesupport_c.so" to ""
[9.467s] -- Up-to-date: /home/aajaer/microros_ws/install/stereo_msgs/lib/libstereo_msgs__rosidl_typesupport_fastrtps_cpp.so
[9.468s] -- Up-to-date: /home/aajaer/microros_ws/install/stereo_msgs/lib/libstereo_msgs__rosidl_typesupport_introspection_cpp.so
[9.468s] -- Installing: /home/aajaer/microros_ws/install/stereo_msgs/lib/libstereo_msgs__rosidl_typesupport_cpp.so
[9.469s] -- Set runtime path of "/home/aajaer/microros_ws/install/stereo_msgs/lib/libstereo_msgs__rosidl_typesupport_cpp.so" to ""
[9.550s] Listing '/home/aajaer/microros_ws/install/stereo_msgs/local/lib/python3.10/dist-packages/stereo_msgs'...
[9.551s] Compiling '/home/aajaer/microros_ws/install/stereo_msgs/local/lib/python3.10/dist-packages/stereo_msgs/__init__.py'...
[9.551s] Listing '/home/aajaer/microros_ws/install/stereo_msgs/local/lib/python3.10/dist-packages/stereo_msgs/msg'...
[9.551s] Compiling '/home/aajaer/microros_ws/install/stereo_msgs/local/lib/python3.10/dist-packages/stereo_msgs/msg/__init__.py'...
[9.551s] Compiling '/home/aajaer/microros_ws/install/stereo_msgs/local/lib/python3.10/dist-packages/stereo_msgs/msg/_disparity_image.py'...
[9.569s] -- Installing: /home/aajaer/microros_ws/install/stereo_msgs/lib/libstereo_msgs__rosidl_generator_py.so
[9.569s] -- Set runtime path of "/home/aajaer/microros_ws/install/stereo_msgs/lib/libstereo_msgs__rosidl_generator_py.so" to ""
[9.569s] -- Up-to-date: /home/aajaer/microros_ws/install/stereo_msgs/share/stereo_msgs/cmake/export_stereo_msgs__rosidl_generator_cExport.cmake
[9.569s] -- Up-to-date: /home/aajaer/microros_ws/install/stereo_msgs/share/stereo_msgs/cmake/export_stereo_msgs__rosidl_generator_cExport-noconfig.cmake
[9.570s] -- Up-to-date: /home/aajaer/microros_ws/install/stereo_msgs/share/stereo_msgs/cmake/export_stereo_msgs__rosidl_typesupport_fastrtps_cExport.cmake
[9.570s] -- Up-to-date: /home/aajaer/microros_ws/install/stereo_msgs/share/stereo_msgs/cmake/export_stereo_msgs__rosidl_typesupport_fastrtps_cExport-noconfig.cmake
[9.570s] -- Up-to-date: /home/aajaer/microros_ws/install/stereo_msgs/share/stereo_msgs/cmake/stereo_msgs__rosidl_typesupport_introspection_cExport.cmake
[9.570s] -- Up-to-date: /home/aajaer/microros_ws/install/stereo_msgs/share/stereo_msgs/cmake/stereo_msgs__rosidl_typesupport_introspection_cExport-noconfig.cmake
[9.571s] -- Up-to-date: /home/aajaer/microros_ws/install/stereo_msgs/share/stereo_msgs/cmake/stereo_msgs__rosidl_typesupport_cExport.cmake
[9.571s] -- Up-to-date: /home/aajaer/microros_ws/install/stereo_msgs/share/stereo_msgs/cmake/stereo_msgs__rosidl_typesupport_cExport-noconfig.cmake
[9.571s] -- Up-to-date: /home/aajaer/microros_ws/install/stereo_msgs/share/stereo_msgs/cmake/export_stereo_msgs__rosidl_generator_cppExport.cmake
[9.572s] -- Up-to-date: /home/aajaer/microros_ws/install/stereo_msgs/share/stereo_msgs/cmake/export_stereo_msgs__rosidl_typesupport_fastrtps_cppExport.cmake
[9.572s] -- Up-to-date: /home/aajaer/microros_ws/install/stereo_msgs/share/stereo_msgs/cmake/export_stereo_msgs__rosidl_typesupport_fastrtps_cppExport-noconfig.cmake
[9.572s] -- Up-to-date: /home/aajaer/microros_ws/install/stereo_msgs/share/stereo_msgs/cmake/stereo_msgs__rosidl_typesupport_introspection_cppExport.cmake
[9.572s] -- Up-to-date: /home/aajaer/microros_ws/install/stereo_msgs/share/stereo_msgs/cmake/stereo_msgs__rosidl_typesupport_introspection_cppExport-noconfig.cmake
[9.573s] -- Up-to-date: /home/aajaer/microros_ws/install/stereo_msgs/share/stereo_msgs/cmake/stereo_msgs__rosidl_typesupport_cppExport.cmake
[9.573s] -- Up-to-date: /home/aajaer/microros_ws/install/stereo_msgs/share/stereo_msgs/cmake/stereo_msgs__rosidl_typesupport_cppExport-noconfig.cmake
[9.573s] -- Up-to-date: /home/aajaer/microros_ws/install/stereo_msgs/share/stereo_msgs/cmake/export_stereo_msgs__rosidl_generator_pyExport.cmake
[9.573s] -- Up-to-date: /home/aajaer/microros_ws/install/stereo_msgs/share/stereo_msgs/cmake/export_stereo_msgs__rosidl_generator_pyExport-noconfig.cmake
[9.582s] Invoked command in '/home/aajaer/microros_ws/build/stereo_msgs' returned '0': AMENT_PREFIX_PATH=/home/aajaer/microros_ws/install/sensor_msgs:/home/aajaer/microros_ws/install/geometry_msgs:/home/aajaer/microros_ws/install/std_msgs:/home/aajaer/microros_ws/install/builtin_interfaces:${AMENT_PREFIX_PATH} CMAKE_PREFIX_PATH=/home/aajaer/microros_ws/install/sensor_msgs:/home/aajaer/microros_ws/install/geometry_msgs:/home/aajaer/microros_ws/install/std_msgs:/home/aajaer/microros_ws/install/builtin_interfaces:/opt/ros/humble:/opt/ros/humble LD_LIBRARY_PATH=/home/aajaer/microros_ws/install/sensor_msgs/lib:/home/aajaer/microros_ws/install/geometry_msgs/lib:/home/aajaer/microros_ws/install/std_msgs/lib:/home/aajaer/microros_ws/install/builtin_interfaces/lib:/opt/ros/humble/opt/rviz_ogre_vendor/lib:/opt/ros/humble/lib/aarch64-linux-gnu:/opt/ros/humble/lib PYTHONPATH=/home/aajaer/microros_ws/install/sensor_msgs/local/lib/python3.10/dist-packages:/home/aajaer/microros_ws/install/geometry_msgs/local/lib/python3.10/dist-packages:/home/aajaer/microros_ws/install/std_msgs/local/lib/python3.10/dist-packages:/home/aajaer/microros_ws/install/builtin_interfaces/local/lib/python3.10/dist-packages:${PYTHONPATH} /usr/bin/cmake --install /home/aajaer/microros_ws/build/stereo_msgs
