[0.026s] Invoking command in '/home/aajaer/microros_ws/build/rmw_microxrcedds': AMENT_PREFIX_PATH=/home/aajaer/microros_ws/install/rosidl_typesupport_microxrcedds_cpp:/home/aajaer/microros_ws/install/rosidl_typesupport_microxrcedds_c:/home/aajaer/microros_ws/install/micro_ros_msgs:${AMENT_PREFIX_PATH} CMAKE_PREFIX_PATH=/home/aajaer/microros_ws/install/rosidl_typesupport_microxrcedds_cpp:/home/aajaer/microros_ws/install/rosidl_typesupport_microxrcedds_c:/home/aajaer/microros_ws/install/microxrcedds_client:/home/aajaer/microros_ws/install/microcdr:/home/aajaer/microros_ws/install/micro_ros_msgs:/opt/ros/humble:/opt/ros/humble LD_LIBRARY_PATH=/home/aajaer/microros_ws/install/rosidl_typesupport_microxrcedds_cpp/lib:/home/aajaer/microros_ws/install/rosidl_typesupport_microxrcedds_c/lib:/home/aajaer/microros_ws/install/micro_ros_msgs/lib:/opt/ros/humble/opt/rviz_ogre_vendor/lib:/opt/ros/humble/lib/aarch64-linux-gnu:/opt/ros/humble/lib PYTHONPATH=/home/aajaer/microros_ws/install/rosidl_typesupport_microxrcedds_cpp/local/lib/python3.10/dist-packages:/home/aajaer/microros_ws/install/rosidl_typesupport_microxrcedds_c/local/lib/python3.10/dist-packages:/home/aajaer/microros_ws/install/micro_ros_msgs/local/lib/python3.10/dist-packages:${PYTHONPATH} /usr/bin/cmake --build /home/aajaer/microros_ws/build/rmw_microxrcedds -- -j8 -l8
[0.192s] [  2%] Built target gtest_main
[0.240s] [  4%] Built target gtest
[0.268s] [ 60%] Built target rmw_microxrcedds
[0.526s] [ 64%] Built target test-publisher
[0.587s] [ 67%] Built target test-node
[0.595s] [ 71%] Built target test-service
[0.596s] [ 75%] Built target test-client
[0.619s] [ 78%] Built target test-reqres
[0.627s] [ 82%] Built target test-subscriber
[0.643s] [ 85%] Built target test-pubsub
[0.749s] [ 89%] Built target test-guardcond
[0.758s] [ 92%] Built target test-topic
[0.764s] [ 96%] Built target test-rmw
[0.799s] [100%] Built target test-sizes
[0.844s] Invoked command in '/home/aajaer/microros_ws/build/rmw_microxrcedds' returned '0': AMENT_PREFIX_PATH=/home/aajaer/microros_ws/install/rosidl_typesupport_microxrcedds_cpp:/home/aajaer/microros_ws/install/rosidl_typesupport_microxrcedds_c:/home/aajaer/microros_ws/install/micro_ros_msgs:${AMENT_PREFIX_PATH} CMAKE_PREFIX_PATH=/home/aajaer/microros_ws/install/rosidl_typesupport_microxrcedds_cpp:/home/aajaer/microros_ws/install/rosidl_typesupport_microxrcedds_c:/home/aajaer/microros_ws/install/microxrcedds_client:/home/aajaer/microros_ws/install/microcdr:/home/aajaer/microros_ws/install/micro_ros_msgs:/opt/ros/humble:/opt/ros/humble LD_LIBRARY_PATH=/home/aajaer/microros_ws/install/rosidl_typesupport_microxrcedds_cpp/lib:/home/aajaer/microros_ws/install/rosidl_typesupport_microxrcedds_c/lib:/home/aajaer/microros_ws/install/micro_ros_msgs/lib:/opt/ros/humble/opt/rviz_ogre_vendor/lib:/opt/ros/humble/lib/aarch64-linux-gnu:/opt/ros/humble/lib PYTHONPATH=/home/aajaer/microros_ws/install/rosidl_typesupport_microxrcedds_cpp/local/lib/python3.10/dist-packages:/home/aajaer/microros_ws/install/rosidl_typesupport_microxrcedds_c/local/lib/python3.10/dist-packages:/home/aajaer/microros_ws/install/micro_ros_msgs/local/lib/python3.10/dist-packages:${PYTHONPATH} /usr/bin/cmake --build /home/aajaer/microros_ws/build/rmw_microxrcedds -- -j8 -l8
[0.845s] Invoking command in '/home/aajaer/microros_ws/build/rmw_microxrcedds': AMENT_PREFIX_PATH=/home/aajaer/microros_ws/install/rosidl_typesupport_microxrcedds_cpp:/home/aajaer/microros_ws/install/rosidl_typesupport_microxrcedds_c:/home/aajaer/microros_ws/install/micro_ros_msgs:${AMENT_PREFIX_PATH} CMAKE_PREFIX_PATH=/home/aajaer/microros_ws/install/rosidl_typesupport_microxrcedds_cpp:/home/aajaer/microros_ws/install/rosidl_typesupport_microxrcedds_c:/home/aajaer/microros_ws/install/microxrcedds_client:/home/aajaer/microros_ws/install/microcdr:/home/aajaer/microros_ws/install/micro_ros_msgs:/opt/ros/humble:/opt/ros/humble LD_LIBRARY_PATH=/home/aajaer/microros_ws/install/rosidl_typesupport_microxrcedds_cpp/lib:/home/aajaer/microros_ws/install/rosidl_typesupport_microxrcedds_c/lib:/home/aajaer/microros_ws/install/micro_ros_msgs/lib:/opt/ros/humble/opt/rviz_ogre_vendor/lib:/opt/ros/humble/lib/aarch64-linux-gnu:/opt/ros/humble/lib PYTHONPATH=/home/aajaer/microros_ws/install/rosidl_typesupport_microxrcedds_cpp/local/lib/python3.10/dist-packages:/home/aajaer/microros_ws/install/rosidl_typesupport_microxrcedds_c/local/lib/python3.10/dist-packages:/home/aajaer/microros_ws/install/micro_ros_msgs/local/lib/python3.10/dist-packages:${PYTHONPATH} /usr/bin/cmake --install /home/aajaer/microros_ws/build/rmw_microxrcedds
[0.874s] -- Install configuration: ""
[0.879s] -- Execute custom install script
[0.880s] -- Up-to-date symlink: /home/aajaer/microros_ws/install/rmw_microxrcedds/share/rmw_microxrcedds/environment/library_path.sh
[0.881s] -- Up-to-date symlink: /home/aajaer/microros_ws/install/rmw_microxrcedds/share/rmw_microxrcedds/environment/library_path.dsv
[0.881s] -- Up-to-date symlink: /home/aajaer/microros_ws/install/rmw_microxrcedds/share/ament_index/resource_index/rmw_typesupport_c/rmw_microxrcedds
[0.882s] -- Up-to-date symlink: /home/aajaer/microros_ws/install/rmw_microxrcedds/share/ament_index/resource_index/rmw_typesupport/rmw_microxrcedds
[0.883s] -- Up-to-date symlink: /home/aajaer/microros_ws/install/rmw_microxrcedds/share/ament_index/resource_index/package_run_dependencies/rmw_microxrcedds
[0.884s] -- Up-to-date symlink: /home/aajaer/microros_ws/install/rmw_microxrcedds/share/ament_index/resource_index/parent_prefix_path/rmw_microxrcedds
[0.885s] -- Up-to-date symlink: /home/aajaer/microros_ws/install/rmw_microxrcedds/share/rmw_microxrcedds/environment/ament_prefix_path.sh
[0.886s] -- Up-to-date symlink: /home/aajaer/microros_ws/install/rmw_microxrcedds/share/rmw_microxrcedds/environment/ament_prefix_path.dsv
[0.887s] -- Up-to-date symlink: /home/aajaer/microros_ws/install/rmw_microxrcedds/share/rmw_microxrcedds/environment/path.sh
[0.888s] -- Up-to-date symlink: /home/aajaer/microros_ws/install/rmw_microxrcedds/share/rmw_microxrcedds/environment/path.dsv
[0.889s] -- Up-to-date symlink: /home/aajaer/microros_ws/install/rmw_microxrcedds/share/rmw_microxrcedds/local_setup.bash
[0.889s] -- Up-to-date symlink: /home/aajaer/microros_ws/install/rmw_microxrcedds/share/rmw_microxrcedds/local_setup.sh
[0.890s] -- Up-to-date symlink: /home/aajaer/microros_ws/install/rmw_microxrcedds/share/rmw_microxrcedds/local_setup.zsh
[0.891s] -- Up-to-date symlink: /home/aajaer/microros_ws/install/rmw_microxrcedds/share/rmw_microxrcedds/local_setup.dsv
[0.891s] -- Symlinking: /home/aajaer/microros_ws/install/rmw_microxrcedds/share/rmw_microxrcedds/package.dsv
[0.927s] -- Up-to-date symlink: /home/aajaer/microros_ws/install/rmw_microxrcedds/share/ament_index/resource_index/packages/rmw_microxrcedds
[0.927s] -- Up-to-date symlink: /home/aajaer/microros_ws/install/rmw_microxrcedds/share/rmw_microxrcedds/cmake/ament_cmake_export_include_directories-extras.cmake
[0.927s] -- Up-to-date symlink: /home/aajaer/microros_ws/install/rmw_microxrcedds/share/rmw_microxrcedds/cmake/ament_cmake_export_libraries-extras.cmake
[0.927s] -- Up-to-date symlink: /home/aajaer/microros_ws/install/rmw_microxrcedds/share/rmw_microxrcedds/cmake/ament_cmake_export_dependencies-extras.cmake
[0.928s] -- Up-to-date symlink: /home/aajaer/microros_ws/install/rmw_microxrcedds/share/rmw_microxrcedds/cmake/rmw_microxrceddsConfig.cmake
[0.928s] -- Up-to-date symlink: /home/aajaer/microros_ws/install/rmw_microxrcedds/share/rmw_microxrcedds/cmake/rmw_microxrceddsConfig-version.cmake
[0.928s] -- Up-to-date symlink: /home/aajaer/microros_ws/install/rmw_microxrcedds/share/rmw_microxrcedds/package.xml
[0.929s] -- Up-to-date symlink: /home/aajaer/microros_ws/install/rmw_microxrcedds/include/rmw_microros/continous_serialization.h
[0.930s] -- Up-to-date symlink: /home/aajaer/microros_ws/install/rmw_microxrcedds/include/rmw_microros/custom_transport.h
[0.930s] -- Up-to-date symlink: /home/aajaer/microros_ws/install/rmw_microxrcedds/include/rmw_microros/discovery.h
[0.930s] -- Up-to-date symlink: /home/aajaer/microros_ws/install/rmw_microxrcedds/include/rmw_microros/error_handling.h
[0.931s] -- Up-to-date symlink: /home/aajaer/microros_ws/install/rmw_microxrcedds/include/rmw_microros/init_options.h
[0.931s] -- Up-to-date symlink: /home/aajaer/microros_ws/install/rmw_microxrcedds/include/rmw_microros/ping.h
[0.931s] -- Up-to-date symlink: /home/aajaer/microros_ws/install/rmw_microxrcedds/include/rmw_microros/rmw_microros.h
[0.932s] -- Up-to-date symlink: /home/aajaer/microros_ws/install/rmw_microxrcedds/include/rmw_microros/time_sync.h
[0.932s] -- Up-to-date symlink: /home/aajaer/microros_ws/install/rmw_microxrcedds/include/rmw_microros/timing.h
[0.932s] -- Up-to-date symlink: /home/aajaer/microros_ws/install/rmw_microxrcedds/include/rmw_microxrcedds_c/rmw_c_macros.h
[0.932s] -- Up-to-date symlink: /home/aajaer/microros_ws/install/rmw_microxrcedds/include/rmw_microxrcedds_c/config.h
[0.933s] -- Up-to-date symlink: /home/aajaer/microros_ws/install/rmw_microxrcedds/lib/librmw_microxrcedds.so
[0.948s] Invoked command in '/home/aajaer/microros_ws/build/rmw_microxrcedds' returned '0': AMENT_PREFIX_PATH=/home/aajaer/microros_ws/install/rosidl_typesupport_microxrcedds_cpp:/home/aajaer/microros_ws/install/rosidl_typesupport_microxrcedds_c:/home/aajaer/microros_ws/install/micro_ros_msgs:${AMENT_PREFIX_PATH} CMAKE_PREFIX_PATH=/home/aajaer/microros_ws/install/rosidl_typesupport_microxrcedds_cpp:/home/aajaer/microros_ws/install/rosidl_typesupport_microxrcedds_c:/home/aajaer/microros_ws/install/microxrcedds_client:/home/aajaer/microros_ws/install/microcdr:/home/aajaer/microros_ws/install/micro_ros_msgs:/opt/ros/humble:/opt/ros/humble LD_LIBRARY_PATH=/home/aajaer/microros_ws/install/rosidl_typesupport_microxrcedds_cpp/lib:/home/aajaer/microros_ws/install/rosidl_typesupport_microxrcedds_c/lib:/home/aajaer/microros_ws/install/micro_ros_msgs/lib:/opt/ros/humble/opt/rviz_ogre_vendor/lib:/opt/ros/humble/lib/aarch64-linux-gnu:/opt/ros/humble/lib PYTHONPATH=/home/aajaer/microros_ws/install/rosidl_typesupport_microxrcedds_cpp/local/lib/python3.10/dist-packages:/home/aajaer/microros_ws/install/rosidl_typesupport_microxrcedds_c/local/lib/python3.10/dist-packages:/home/aajaer/microros_ws/install/micro_ros_msgs/local/lib/python3.10/dist-packages:${PYTHONPATH} /usr/bin/cmake --install /home/aajaer/microros_ws/build/rmw_microxrcedds
