[0.049s] Invoking command in '/home/aajaer/microros_ws/build/microxrcedds_client': CMAKE_PREFIX_PATH=/home/aajaer/microros_ws/install/microcdr:/opt/ros/humble:/opt/ros/humble /usr/bin/cmake --build /home/aajaer/microros_ws/build/microxrcedds_client -- -j8 -l8
[0.574s] [100%] Built target microxrcedds_client
[0.583s] Invoked command in '/home/aajaer/microros_ws/build/microxrcedds_client' returned '0': CMAKE_PREFIX_PATH=/home/aajaer/microros_ws/install/microcdr:/opt/ros/humble:/opt/ros/humble /usr/bin/cmake --build /home/aajaer/microros_ws/build/microxrcedds_client -- -j8 -l8
[0.584s] Invoking command in '/home/aajaer/microros_ws/build/microxrcedds_client': CMAKE_PREFIX_PATH=/home/aajaer/microros_ws/install/microcdr:/opt/ros/humble:/opt/ros/humble /usr/bin/cmake --install /home/aajaer/microros_ws/build/microxrcedds_client
[0.609s] -- Install configuration: "Release"
[0.610s] -- Up-to-date: /home/aajaer/microros_ws/install/microxrcedds_client/lib/libmicroxrcedds_client.a
[0.612s] -- Up-to-date: /home/aajaer/microros_ws/install/microxrcedds_client/include/uxr/client
[0.613s] -- Up-to-date: /home/aajaer/microros_ws/install/microxrcedds_client/include/uxr/client/profile
[0.613s] -- Up-to-date: /home/aajaer/microros_ws/install/microxrcedds_client/include/uxr/client/profile/multithread
[0.614s] -- Up-to-date: /home/aajaer/microros_ws/install/microxrcedds_client/include/uxr/client/profile/multithread/multithread.h
[0.614s] -- Up-to-date: /home/aajaer/microros_ws/install/microxrcedds_client/include/uxr/client/profile/transport
[0.615s] -- Up-to-date: /home/aajaer/microros_ws/install/microxrcedds_client/include/uxr/client/profile/transport/serial
[0.615s] -- Up-to-date: /home/aajaer/microros_ws/install/microxrcedds_client/include/uxr/client/profile/transport/serial/serial_transport_rtems_bsd_net.h
[0.616s] -- Up-to-date: /home/aajaer/microros_ws/install/microxrcedds_client/include/uxr/client/profile/transport/serial/serial_transport.h
[0.616s] -- Up-to-date: /home/aajaer/microros_ws/install/microxrcedds_client/include/uxr/client/profile/transport/serial/serial_transport_posix.h
[0.616s] -- Up-to-date: /home/aajaer/microros_ws/install/microxrcedds_client/include/uxr/client/profile/transport/serial/serial_transport_platform.h
[0.617s] -- Up-to-date: /home/aajaer/microros_ws/install/microxrcedds_client/include/uxr/client/profile/transport/stream_framing
[0.617s] -- Up-to-date: /home/aajaer/microros_ws/install/microxrcedds_client/include/uxr/client/profile/transport/stream_framing/stream_framing_protocol.h
[0.617s] -- Up-to-date: /home/aajaer/microros_ws/install/microxrcedds_client/include/uxr/client/profile/transport/can
[0.618s] -- Up-to-date: /home/aajaer/microros_ws/install/microxrcedds_client/include/uxr/client/profile/transport/can/can_transport_posix.h
[0.618s] -- Up-to-date: /home/aajaer/microros_ws/install/microxrcedds_client/include/uxr/client/profile/transport/can/can_transport.h
[0.618s] -- Up-to-date: /home/aajaer/microros_ws/install/microxrcedds_client/include/uxr/client/profile/transport/ip
[0.619s] -- Up-to-date: /home/aajaer/microros_ws/install/microxrcedds_client/include/uxr/client/profile/transport/ip/udp
[0.619s] -- Up-to-date: /home/aajaer/microros_ws/install/microxrcedds_client/include/uxr/client/profile/transport/ip/udp/udp_transport_freertos_plus_tcp.h
[0.620s] -- Up-to-date: /home/aajaer/microros_ws/install/microxrcedds_client/include/uxr/client/profile/transport/ip/udp/udp_transport_windows.h
[0.620s] -- Up-to-date: /home/aajaer/microros_ws/install/microxrcedds_client/include/uxr/client/profile/transport/ip/udp/udp_transport_posix_nopoll.h
[0.620s] -- Up-to-date: /home/aajaer/microros_ws/install/microxrcedds_client/include/uxr/client/profile/transport/ip/udp/udp_transport_rtems_bsd_net.h
[0.621s] -- Up-to-date: /home/aajaer/microros_ws/install/microxrcedds_client/include/uxr/client/profile/transport/ip/udp/udp_transport_posix.h
[0.621s] -- Up-to-date: /home/aajaer/microros_ws/install/microxrcedds_client/include/uxr/client/profile/transport/ip/udp/udp_transport.h
[0.621s] -- Up-to-date: /home/aajaer/microros_ws/install/microxrcedds_client/include/uxr/client/profile/transport/ip/tcp
[0.621s] -- Up-to-date: /home/aajaer/microros_ws/install/microxrcedds_client/include/uxr/client/profile/transport/ip/tcp/tcp_transport_rtems_bsd_net.h
[0.622s] -- Up-to-date: /home/aajaer/microros_ws/install/microxrcedds_client/include/uxr/client/profile/transport/ip/tcp/tcp_transport.h
[0.622s] -- Up-to-date: /home/aajaer/microros_ws/install/microxrcedds_client/include/uxr/client/profile/transport/ip/tcp/tcp_transport_freertos_plus_tcp.h
[0.622s] -- Up-to-date: /home/aajaer/microros_ws/install/microxrcedds_client/include/uxr/client/profile/transport/ip/tcp/tcp_transport_posix_nopoll.h
[0.623s] -- Up-to-date: /home/aajaer/microros_ws/install/microxrcedds_client/include/uxr/client/profile/transport/ip/tcp/tcp_transport_windows.h
[0.623s] -- Up-to-date: /home/aajaer/microros_ws/install/microxrcedds_client/include/uxr/client/profile/transport/ip/tcp/tcp_transport_posix.h
[0.632s] -- Up-to-date: /home/aajaer/microros_ws/install/microxrcedds_client/include/uxr/client/profile/transport/ip/ip.h
[0.633s] -- Up-to-date: /home/aajaer/microros_ws/install/microxrcedds_client/include/uxr/client/profile/transport/custom
[0.634s] -- Up-to-date: /home/aajaer/microros_ws/install/microxrcedds_client/include/uxr/client/profile/transport/custom/custom_transport.h
[0.635s] -- Up-to-date: /home/aajaer/microros_ws/install/microxrcedds_client/include/uxr/client/profile/discovery
[0.635s] -- Up-to-date: /home/aajaer/microros_ws/install/microxrcedds_client/include/uxr/client/profile/discovery/discovery.h
[0.635s] -- Up-to-date: /home/aajaer/microros_ws/install/microxrcedds_client/include/uxr/client/defines.h
[0.636s] -- Up-to-date: /home/aajaer/microros_ws/install/microxrcedds_client/include/uxr/client/core
[0.636s] -- Up-to-date: /home/aajaer/microros_ws/install/microxrcedds_client/include/uxr/client/core/type
[0.638s] -- Up-to-date: /home/aajaer/microros_ws/install/microxrcedds_client/include/uxr/client/core/type/xrce_types.h
[0.638s] -- Up-to-date: /home/aajaer/microros_ws/install/microxrcedds_client/include/uxr/client/core/communication
[0.638s] -- Up-to-date: /home/aajaer/microros_ws/install/microxrcedds_client/include/uxr/client/core/communication/communication.h
[0.638s] -- Up-to-date: /home/aajaer/microros_ws/install/microxrcedds_client/include/uxr/client/core/session
[0.638s] -- Up-to-date: /home/aajaer/microros_ws/install/microxrcedds_client/include/uxr/client/core/session/write_access.h
[0.639s] -- Up-to-date: /home/aajaer/microros_ws/install/microxrcedds_client/include/uxr/client/core/session/create_entities_ref.h
[0.639s] -- Up-to-date: /home/aajaer/microros_ws/install/microxrcedds_client/include/uxr/client/core/session/create_entities_bin.h
[0.639s] -- Up-to-date: /home/aajaer/microros_ws/install/microxrcedds_client/include/uxr/client/core/session/read_access.h
[0.639s] -- Up-to-date: /home/aajaer/microros_ws/install/microxrcedds_client/include/uxr/client/core/session/session_info.h
[0.640s] -- Up-to-date: /home/aajaer/microros_ws/install/microxrcedds_client/include/uxr/client/core/session/common_create_entities.h
[0.641s] -- Up-to-date: /home/aajaer/microros_ws/install/microxrcedds_client/include/uxr/client/core/session/stream
[0.641s] -- Up-to-date: /home/aajaer/microros_ws/install/microxrcedds_client/include/uxr/client/core/session/stream/reliable_stream.h
[0.641s] -- Up-to-date: /home/aajaer/microros_ws/install/microxrcedds_client/include/uxr/client/core/session/stream/stream_id.h
[0.642s] -- Up-to-date: /home/aajaer/microros_ws/install/microxrcedds_client/include/uxr/client/core/session/stream/seq_num.h
[0.642s] -- Up-to-date: /home/aajaer/microros_ws/install/microxrcedds_client/include/uxr/client/core/session/stream/output_reliable_stream.h
[0.642s] -- Up-to-date: /home/aajaer/microros_ws/install/microxrcedds_client/include/uxr/client/core/session/stream/input_reliable_stream.h
[0.642s] -- Up-to-date: /home/aajaer/microros_ws/install/microxrcedds_client/include/uxr/client/core/session/stream/output_best_effort_stream.h
[0.642s] -- Up-to-date: /home/aajaer/microros_ws/install/microxrcedds_client/include/uxr/client/core/session/stream/input_best_effort_stream.h
[0.642s] -- Up-to-date: /home/aajaer/microros_ws/install/microxrcedds_client/include/uxr/client/core/session/stream/stream_storage.h
[0.643s] -- Up-to-date: /home/aajaer/microros_ws/install/microxrcedds_client/include/uxr/client/core/session/session.h
[0.643s] -- Up-to-date: /home/aajaer/microros_ws/install/microxrcedds_client/include/uxr/client/core/session/create_entities_xml.h
[0.643s] -- Up-to-date: /home/aajaer/microros_ws/install/microxrcedds_client/include/uxr/client/core/session/time_sync.h
[0.643s] -- Up-to-date: /home/aajaer/microros_ws/install/microxrcedds_client/include/uxr/client/core/session/object_id.h
[0.643s] -- Up-to-date: /home/aajaer/microros_ws/install/microxrcedds_client/include/uxr/client/client.h
[0.643s] -- Up-to-date: /home/aajaer/microros_ws/install/microxrcedds_client/include/uxr/client/util
[0.643s] -- Up-to-date: /home/aajaer/microros_ws/install/microxrcedds_client/include/uxr/client/util/time.h
[0.643s] -- Up-to-date: /home/aajaer/microros_ws/install/microxrcedds_client/include/uxr/client/util/ping.h
[0.644s] -- Up-to-date: /home/aajaer/microros_ws/install/microxrcedds_client/include/uxr/client/visibility.h
[0.644s] -- Up-to-date: /home/aajaer/microros_ws/install/microxrcedds_client/include/uxr/client/transport.h
[0.644s] -- Up-to-date: /home/aajaer/microros_ws/install/microxrcedds_client/include/uxr/client/config.h
[0.644s] -- Up-to-date: /home/aajaer/microros_ws/install/microxrcedds_client/share/microxrcedds_client/cmake/microxrcedds_clientTargets.cmake
[0.644s] -- Up-to-date: /home/aajaer/microros_ws/install/microxrcedds_client/share/microxrcedds_client/cmake/microxrcedds_clientTargets-release.cmake
[0.644s] -- Up-to-date: /home/aajaer/microros_ws/install/microxrcedds_client/share/microxrcedds_client/cmake/microxrcedds_clientConfig.cmake
[0.644s] -- Up-to-date: /home/aajaer/microros_ws/install/microxrcedds_client/share/microxrcedds_client/cmake/microxrcedds_clientConfigVersion.cmake
[0.645s] Invoked command in '/home/aajaer/microros_ws/build/microxrcedds_client' returned '0': CMAKE_PREFIX_PATH=/home/aajaer/microros_ws/install/microcdr:/opt/ros/humble:/opt/ros/humble /usr/bin/cmake --install /home/aajaer/microros_ws/build/microxrcedds_client
