[0.085s] Invoking command in '/home/aajaer/microros_ws/build/micro_ros_utilities': CMAKE_PREFIX_PATH=${CMAKE_PREFIX_PATH}:/home/aajaer/microros_ws/install/sensor_msgs_py:/home/aajaer/microros_ws/install/motor_control_pkg /usr/bin/cmake /home/aajaer/microros_ws/src/uros/micro_ros_utilities -DAMENT_CMAKE_SYMLINK_INSTALL=1 -DCMAKE_INSTALL_PREFIX=/home/aajaer/microros_ws/install/micro_ros_utilities
[0.115s] -- Found ament_cmake: 1.3.11 (/opt/ros/humble/share/ament_cmake/cmake)
[0.518s] -- Override CMake install command with custom implementation using symlinks instead of copying resources
[0.542s] -- Found rosidl_typesupport_introspection_c: 3.1.6 (/opt/ros/humble/share/rosidl_typesupport_introspection_c/cmake)
[0.557s] -- Found rosidl_adapter: 3.1.6 (/opt/ros/humble/share/rosidl_adapter/cmake)
[0.621s] -- Found ament_lint_auto: 0.12.11 (/opt/ros/humble/share/ament_lint_auto/cmake)
[0.623s] -- Found ament_cmake_gtest: 1.3.11 (/opt/ros/humble/share/ament_cmake_gtest/cmake)
[0.626s] -- Found std_msgs: 4.2.4 (/opt/ros/humble/share/std_msgs/cmake)
[0.671s] -- Found rosidl_generator_cpp: 3.1.6 (/opt/ros/humble/share/rosidl_generator_cpp/cmake)
[0.695s] -- Using all available rosidl_typesupport_c: rosidl_typesupport_microxrcedds_c;rosidl_typesupport_fastrtps_c;rosidl_typesupport_introspection_c
[0.724s] -- Using all available rosidl_typesupport_cpp: rosidl_typesupport_microxrcedds_cpp;rosidl_typesupport_fastrtps_cpp;rosidl_typesupport_introspection_cpp
[0.793s] -- Found trajectory_msgs: 4.2.4 (/opt/ros/humble/share/trajectory_msgs/cmake)
[1.059s] -- Found gtest sources under '/opt/ros/humble/src/gtest_vendor': C++ tests using 'Google Test' will be built
[1.101s] -- Added test 'cppcheck' to perform static code analysis on C / C++ code
[1.102s] -- Configured cppcheck include dirs: $<BUILD_INTERFACE:/home/aajaer/microros_ws/src/uros/micro_ros_utilities/include>;$<BUILD_INTERFACE:/home/aajaer/microros_ws/src/uros/micro_ros_utilities/src>;/home/aajaer/microros_ws/src/uros/micro_ros_utilities/include;/home/aajaer/microros_ws/src/uros/micro_ros_utilities/src
[1.102s] -- Configured cppcheck exclude dirs and/or files: 
[1.109s] -- Added test 'cpplint' to check C / C++ code against the Google style
[1.109s] -- Configured cpplint exclude dirs and/or files: 
[1.112s] -- Added test 'lint_cmake' to check CMake code style
[1.120s] -- Added test 'uncrustify' to check C / C++ code style
[1.120s] -- Configured uncrustify additional arguments: 
[1.122s] -- Added test 'xmllint' to check XML markup files
[1.128s] -- Configuring done
[1.163s] -- Generating done
[1.172s] -- Build files have been written to: /home/aajaer/microros_ws/build/micro_ros_utilities
[1.194s] Invoked command in '/home/aajaer/microros_ws/build/micro_ros_utilities' returned '0': CMAKE_PREFIX_PATH=${CMAKE_PREFIX_PATH}:/home/aajaer/microros_ws/install/sensor_msgs_py:/home/aajaer/microros_ws/install/motor_control_pkg /usr/bin/cmake /home/aajaer/microros_ws/src/uros/micro_ros_utilities -DAMENT_CMAKE_SYMLINK_INSTALL=1 -DCMAKE_INSTALL_PREFIX=/home/aajaer/microros_ws/install/micro_ros_utilities
[1.201s] Invoking command in '/home/aajaer/microros_ws/build/micro_ros_utilities': CMAKE_PREFIX_PATH=${CMAKE_PREFIX_PATH}:/home/aajaer/microros_ws/install/sensor_msgs_py:/home/aajaer/microros_ws/install/motor_control_pkg /usr/bin/cmake --build /home/aajaer/microros_ws/build/micro_ros_utilities -- -j8 -l8
[1.363s] [35m[1mConsolidate compiler generated dependencies of target micro_ros_utilities[0m
[1.373s] [35m[1mConsolidate compiler generated dependencies of target gtest_main[0m
[1.385s] [35m[1mConsolidate compiler generated dependencies of target gtest[0m
[1.416s] [ 30%] Built target micro_ros_utilities
[1.430s] [ 50%] Built target gtest_main
[1.432s] [ 70%] Built target gtest
[1.466s] [35m[1mConsolidate compiler generated dependencies of target micro_ros_utilities_test[0m
[1.514s] [100%] Built target micro_ros_utilities_test
[1.556s] Invoked command in '/home/aajaer/microros_ws/build/micro_ros_utilities' returned '0': CMAKE_PREFIX_PATH=${CMAKE_PREFIX_PATH}:/home/aajaer/microros_ws/install/sensor_msgs_py:/home/aajaer/microros_ws/install/motor_control_pkg /usr/bin/cmake --build /home/aajaer/microros_ws/build/micro_ros_utilities -- -j8 -l8
[1.560s] Invoking command in '/home/aajaer/microros_ws/build/micro_ros_utilities': CMAKE_PREFIX_PATH=${CMAKE_PREFIX_PATH}:/home/aajaer/microros_ws/install/sensor_msgs_py:/home/aajaer/microros_ws/install/motor_control_pkg /usr/bin/cmake --install /home/aajaer/microros_ws/build/micro_ros_utilities
[2.375s] -- Install configuration: ""
[2.375s] -- Execute custom install script
[2.376s] -- Up-to-date symlink: /home/aajaer/microros_ws/install/micro_ros_utilities/include/micro_ros_utilities/string_utilities.h
[2.376s] -- Up-to-date symlink: /home/aajaer/microros_ws/install/micro_ros_utilities/include/micro_ros_utilities/type_utilities.h
[2.376s] -- Up-to-date symlink: /home/aajaer/microros_ws/install/micro_ros_utilities/include/micro_ros_utilities/visibility_control.h
[2.376s] -- Up-to-date symlink: /home/aajaer/microros_ws/install/micro_ros_utilities/lib/libmicro_ros_utilities.a
[2.376s] -- Up-to-date symlink: /home/aajaer/microros_ws/install/micro_ros_utilities/share/micro_ros_utilities/environment/library_path.sh
[2.376s] -- Up-to-date symlink: /home/aajaer/microros_ws/install/micro_ros_utilities/share/micro_ros_utilities/environment/library_path.dsv
[2.376s] -- Up-to-date symlink: /home/aajaer/microros_ws/install/micro_ros_utilities/share/ament_index/resource_index/package_run_dependencies/micro_ros_utilities
[2.377s] -- Up-to-date symlink: /home/aajaer/microros_ws/install/micro_ros_utilities/share/ament_index/resource_index/parent_prefix_path/micro_ros_utilities
[2.377s] -- Up-to-date symlink: /home/aajaer/microros_ws/install/micro_ros_utilities/share/micro_ros_utilities/environment/ament_prefix_path.sh
[2.377s] -- Up-to-date symlink: /home/aajaer/microros_ws/install/micro_ros_utilities/share/micro_ros_utilities/environment/ament_prefix_path.dsv
[2.377s] -- Up-to-date symlink: /home/aajaer/microros_ws/install/micro_ros_utilities/share/micro_ros_utilities/environment/path.sh
[2.377s] -- Up-to-date symlink: /home/aajaer/microros_ws/install/micro_ros_utilities/share/micro_ros_utilities/environment/path.dsv
[2.377s] -- Up-to-date symlink: /home/aajaer/microros_ws/install/micro_ros_utilities/share/micro_ros_utilities/local_setup.bash
[2.377s] -- Up-to-date symlink: /home/aajaer/microros_ws/install/micro_ros_utilities/share/micro_ros_utilities/local_setup.sh
[2.378s] -- Up-to-date symlink: /home/aajaer/microros_ws/install/micro_ros_utilities/share/micro_ros_utilities/local_setup.zsh
[2.378s] -- Up-to-date symlink: /home/aajaer/microros_ws/install/micro_ros_utilities/share/micro_ros_utilities/local_setup.dsv
[2.378s] -- Symlinking: /home/aajaer/microros_ws/install/micro_ros_utilities/share/micro_ros_utilities/package.dsv
[2.378s] -- Up-to-date symlink: /home/aajaer/microros_ws/install/micro_ros_utilities/share/ament_index/resource_index/packages/micro_ros_utilities
[2.378s] -- Up-to-date symlink: /home/aajaer/microros_ws/install/micro_ros_utilities/share/micro_ros_utilities/cmake/ament_cmake_export_include_directories-extras.cmake
[2.378s] -- Up-to-date symlink: /home/aajaer/microros_ws/install/micro_ros_utilities/share/micro_ros_utilities/cmake/ament_cmake_export_libraries-extras.cmake
[2.378s] -- Up-to-date symlink: /home/aajaer/microros_ws/install/micro_ros_utilities/share/micro_ros_utilities/cmake/ament_cmake_export_dependencies-extras.cmake
[2.379s] -- Up-to-date symlink: /home/aajaer/microros_ws/install/micro_ros_utilities/share/micro_ros_utilities/cmake/micro_ros_utilitiesConfig.cmake
[2.379s] -- Up-to-date symlink: /home/aajaer/microros_ws/install/micro_ros_utilities/share/micro_ros_utilities/cmake/micro_ros_utilitiesConfig-version.cmake
[2.379s] -- Up-to-date symlink: /home/aajaer/microros_ws/install/micro_ros_utilities/share/micro_ros_utilities/package.xml
[2.379s] Invoked command in '/home/aajaer/microros_ws/build/micro_ros_utilities' returned '0': CMAKE_PREFIX_PATH=${CMAKE_PREFIX_PATH}:/home/aajaer/microros_ws/install/sensor_msgs_py:/home/aajaer/microros_ws/install/motor_control_pkg /usr/bin/cmake --install /home/aajaer/microros_ws/build/micro_ros_utilities
